1.000000e-10 2.435789e-02 7.957864e-02 2.343123e-01 8.832319e-01 1.692762e+00 4.842578e+00 6.998945e+00 
1.061823e-10 2.435789e-02 7.957864e-02 2.343123e-01 8.832319e-01 1.692762e+00 4.842578e+00 6.998945e+00 
1.127468e-10 2.435789e-02 7.957864e-02 2.343123e-01 8.832319e-01 1.692762e+00 4.842578e+00 6.998945e+00 
1.197171e-10 2.435789e-02 7.957864e-02 2.343123e-01 8.832319e-01 1.692762e+00 4.842578e+00 6.998945e+00 
1.271184e-10 2.435789e-02 7.957864e-02 2.343123e-01 8.832319e-01 1.692762e+00 4.842578e+00 6.998945e+00 
1.349772e-10 2.435789e-02 7.957864e-02 2.343123e-01 8.832319e-01 1.692762e+00 4.842578e+00 6.998945e+00 
1.433219e-10 2.435789e-02 7.957864e-02 2.343123e-01 8.832319e-01 1.692762e+00 4.842578e+00 6.998945e+00 
1.521825e-10 2.435789e-02 7.957864e-02 2.343123e-01 8.832319e-01 1.692762e+00 4.842578e+00 6.998945e+00 
1.615909e-10 2.435789e-02 7.957864e-02 2.343123e-01 8.832319e-01 1.692762e+00 4.842578e+00 6.998945e+00 
1.715809e-10 2.435789e-02 7.957864e-02 2.343123e-01 8.832319e-01 1.692762e+00 4.842578e+00 6.998945e+00 
1.821885e-10 2.435789e-02 7.957864e-02 2.343123e-01 8.832319e-01 1.692762e+00 4.842578e+00 6.998945e+00 
1.934520e-10 2.435789e-02 7.957864e-02 2.343123e-01 8.832319e-01 1.692762e+00 4.842578e+00 6.998945e+00 
2.054117e-10 2.435789e-02 7.957864e-02 2.343123e-01 8.832318e-01 1.692762e+00 4.842578e+00 6.998945e+00 
2.181109e-10 2.435789e-02 7.957864e-02 2.343123e-01 8.832318e-01 1.692762e+00 4.842578e+00 6.998945e+00 
2.315951e-10 2.435789e-02 7.957864e-02 2.343123e-01 8.832318e-01 1.692762e+00 4.842578e+00 6.998945e+00 
2.459130e-10 2.435789e-02 7.957864e-02 2.343123e-01 8.832318e-01 1.692762e+00 4.842578e+00 6.998945e+00 
2.611161e-10 2.435789e-02 7.957864e-02 2.343123e-01 8.832318e-01 1.692762e+00 4.842578e+00 6.998945e+00 
2.772591e-10 2.435789e-02 7.957864e-02 2.343123e-01 8.832318e-01 1.692762e+00 4.842578e+00 6.998945e+00 
2.944000e-10 2.435789e-02 7.957864e-02 2.343123e-01 8.832318e-01 1.692762e+00 4.842578e+00 6.998945e+00 
3.126007e-10 2.435789e-02 7.957864e-02 2.343123e-01 8.832318e-01 1.692762e+00 4.842578e+00 6.998945e+00 
3.319266e-10 2.435789e-02 7.957864e-02 2.343123e-01 8.832318e-01 1.692762e+00 4.842578e+00 6.998945e+00 
3.524473e-10 2.435789e-02 7.957864e-02 2.343123e-01 8.832318e-01 1.692762e+00 4.842578e+00 6.998945e+00 
3.742366e-10 2.435789e-02 7.957864e-02 2.343123e-01 8.832318e-01 1.692762e+00 4.842578e+00 6.998945e+00 
3.973730e-10 2.435789e-02 7.957864e-02 2.343123e-01 8.832318e-01 1.692762e+00 4.842578e+00 6.998945e+00 
4.219398e-10 2.435789e-02 7.957864e-02 2.343123e-01 8.832318e-01 1.692762e+00 4.842578e+00 6.998945e+00 
4.480254e-10 2.435789e-02 7.957864e-02 2.343123e-01 8.832318e-01 1.692762e+00 4.842578e+00 6.998945e+00 
4.757236e-10 2.435789e-02 7.957864e-02 2.343123e-01 8.832318e-01 1.692762e+00 4.842578e+00 6.998945e+00 
5.051342e-10 2.435789e-02 7.957864e-02 2.343123e-01 8.832318e-01 1.692762e+00 4.842578e+00 6.998945e+00 
5.363631e-10 2.435789e-02 7.957864e-02 2.343123e-01 8.832318e-01 1.692762e+00 4.842578e+00 6.998945e+00 
5.695227e-10 2.435789e-02 7.957864e-02 2.343123e-01 8.832318e-01 1.692762e+00 4.842578e+00 6.998945e+00 
6.047322e-10 2.435789e-02 7.957864e-02 2.343123e-01 8.832318e-01 1.692762e+00 4.842578e+00 6.998945e+00 
6.421186e-10 2.435789e-02 7.957864e-02 2.343123e-01 8.832318e-01 1.692762e+00 4.842578e+00 6.998945e+00 
6.818162e-10 2.435789e-02 7.957864e-02 2.343123e-01 8.832318e-01 1.692762e+00 4.842578e+00 6.998945e+00 
7.239681e-10 2.435789e-02 7.957864e-02 2.343123e-01 8.832318e-01 1.692762e+00 4.842578e+00 6.998945e+00 
7.687260e-10 2.435789e-02 7.957864e-02 2.343123e-01 8.832318e-01 1.692762e+00 4.842578e+00 6.998945e+00 
8.162509e-10 2.435789e-02 7.957864e-02 2.343123e-01 8.832318e-01 1.692762e+00 4.842578e+00 6.998945e+00 
8.667139e-10 2.435789e-02 7.957864e-02 2.343123e-01 8.832318e-01 1.692762e+00 4.842578e+00 6.998945e+00 
9.202967e-10 2.435789e-02 7.957864e-02 2.343123e-01 8.832318e-01 1.692762e+00 4.842578e+00 6.998945e+00 
9.771921e-10 2.435789e-02 7.957864e-02 2.343123e-01 8.832318e-01 1.692762e+00 4.842578e+00 6.998945e+00 
1.037605e-09 2.435789e-02 7.957864e-02 2.343123e-01 8.832318e-01 1.692762e+00 4.842578e+00 6.998945e+00 
1.101753e-09 2.435789e-02 7.957863e-02 2.343123e-01 8.832318e-01 1.692762e+00 4.842578e+00 6.998945e+00 
1.169866e-09 2.435788e-02 7.957863e-02 2.343123e-01 8.832318e-01 1.692762e+00 4.842578e+00 6.998945e+00 
1.242191e-09 2.435788e-02 7.957863e-02 2.343123e-01 8.832318e-01 1.692762e+00 4.842578e+00 6.998945e+00 
1.318987e-09 2.435788e-02 7.957863e-02 2.343123e-01 8.832318e-01 1.692762e+00 4.842578e+00 6.998945e+00 
1.400531e-09 2.435788e-02 7.957863e-02 2.343123e-01 8.832318e-01 1.692762e+00 4.842578e+00 6.998945e+00 
1.487115e-09 2.435788e-02 7.957863e-02 2.343123e-01 8.832317e-01 1.692762e+00 4.842578e+00 6.998945e+00 
1.579053e-09 2.435788e-02 7.957863e-02 2.343123e-01 8.832317e-01 1.692762e+00 4.842578e+00 6.998945e+00 
1.676675e-09 2.435788e-02 7.957863e-02 2.343123e-01 8.832317e-01 1.692762e+00 4.842578e+00 6.998945e+00 
1.780332e-09 2.435788e-02 7.957863e-02 2.343123e-01 8.832317e-01 1.692762e+00 4.842578e+00 6.998945e+00 
1.890397e-09 2.435788e-02 7.957863e-02 2.343123e-01 8.832317e-01 1.692762e+00 4.842578e+00 6.998945e+00 
2.007267e-09 2.435788e-02 7.957863e-02 2.343123e-01 8.832317e-01 1.692762e+00 4.842578e+00 6.998945e+00 
2.131362e-09 2.435788e-02 7.957862e-02 2.343123e-01 8.832317e-01 1.692762e+00 4.842578e+00 6.998945e+00 
2.263130e-09 2.435788e-02 7.957862e-02 2.343123e-01 8.832317e-01 1.692762e+00 4.842578e+00 6.998945e+00 
2.403043e-09 2.435788e-02 7.957862e-02 2.343123e-01 8.832317e-01 1.692762e+00 4.842578e+00 6.998945e+00 
2.551606e-09 2.435788e-02 7.957862e-02 2.343123e-01 8.832317e-01 1.692762e+00 4.842578e+00 6.998945e+00 
2.709354e-09 2.435788e-02 7.957862e-02 2.343122e-01 8.832316e-01 1.692762e+00 4.842578e+00 6.998945e+00 
2.876854e-09 2.435788e-02 7.957862e-02 2.343122e-01 8.832316e-01 1.692762e+00 4.842578e+00 6.998945e+00 
3.054710e-09 2.435788e-02 7.957861e-02 2.343122e-01 8.832316e-01 1.692762e+00 4.842578e+00 6.998945e+00 
3.243561e-09 2.435788e-02 7.957861e-02 2.343122e-01 8.832316e-01 1.692762e+00 4.842578e+00 6.998945e+00 
3.444087e-09 2.435788e-02 7.957861e-02 2.343122e-01 8.832316e-01 1.692762e+00 4.842578e+00 6.998945e+00 
3.657011e-09 2.435788e-02 7.957861e-02 2.343122e-01 8.832316e-01 1.692762e+00 4.842578e+00 6.998945e+00 
3.883098e-09 2.435788e-02 7.957861e-02 2.343122e-01 8.832315e-01 1.692762e+00 4.842578e+00 6.998945e+00 
4.123163e-09 2.435788e-02 7.957860e-02 2.343122e-01 8.832315e-01 1.692762e+00 4.842578e+00 6.998945e+00 
4.378069e-09 2.435787e-02 7.957860e-02 2.343122e-01 8.832315e-01 1.692762e+00 4.842578e+00 6.998945e+00 
4.648734e-09 2.435787e-02 7.957860e-02 2.343122e-01 8.832315e-01 1.692762e+00 4.842578e+00 6.998945e+00 
4.936132e-09 2.435787e-02 7.957859e-02 2.343122e-01 8.832315e-01 1.692762e+00 4.842578e+00 6.998945e+00 
5.241298e-09 2.435787e-02 7.957859e-02 2.343122e-01 8.832314e-01 1.692762e+00 4.842578e+00 6.998945e+00 
5.565331e-09 2.435787e-02 7.957859e-02 2.343122e-01 8.832314e-01 1.692762e+00 4.842578e+00 6.998945e+00 
5.909396e-09 2.435787e-02 7.957858e-02 2.343122e-01 8.832314e-01 1.692762e+00 4.842578e+00 6.998945e+00 
6.274732e-09 2.435787e-02 7.957858e-02 2.343121e-01 8.832313e-01 1.692762e+00 4.842578e+00 6.998945e+00 
6.662655e-09 2.435787e-02 7.957858e-02 2.343121e-01 8.832313e-01 1.692762e+00 4.842578e+00 6.998945e+00 
7.074559e-09 2.435787e-02 7.957857e-02 2.343121e-01 8.832313e-01 1.692762e+00 4.842578e+00 6.998945e+00 
7.511929e-09 2.435786e-02 7.957857e-02 2.343121e-01 8.832312e-01 1.692761e+00 4.842578e+00 6.998945e+00 
7.976339e-09 2.435786e-02 7.957856e-02 2.343121e-01 8.832312e-01 1.692761e+00 4.842578e+00 6.998945e+00 
8.469460e-09 2.435786e-02 7.957856e-02 2.343121e-01 8.832312e-01 1.692761e+00 4.842578e+00 6.998945e+00 
8.993067e-09 2.435786e-02 7.957855e-02 2.343121e-01 8.832311e-01 1.692761e+00 4.842578e+00 6.998945e+00 
9.549045e-09 2.435786e-02 7.957855e-02 2.343121e-01 8.832311e-01 1.692761e+00 4.842578e+00 6.998945e+00 
1.013939e-08 2.435786e-02 7.957854e-02 2.343120e-01 8.832310e-01 1.692761e+00 4.842578e+00 6.998945e+00 
1.076624e-08 2.435785e-02 7.957854e-02 2.343120e-01 8.832310e-01 1.692761e+00 4.842578e+00 6.998945e+00 
1.143184e-08 2.435785e-02 7.957853e-02 2.343120e-01 8.832309e-01 1.692761e+00 4.842578e+00 6.998945e+00 
1.213859e-08 2.435785e-02 7.957852e-02 2.343120e-01 8.832309e-01 1.692761e+00 4.842578e+00 6.998945e+00 
1.288904e-08 2.435785e-02 7.957851e-02 2.343120e-01 8.832308e-01 1.692761e+00 4.842578e+00 6.998945e+00 
1.368587e-08 2.435784e-02 7.957851e-02 2.343119e-01 8.832307e-01 1.692761e+00 4.842578e+00 6.998945e+00 
1.453198e-08 2.435784e-02 7.957850e-02 2.343119e-01 8.832307e-01 1.692761e+00 4.842578e+00 6.998945e+00 
1.543038e-08 2.435784e-02 7.957849e-02 2.343119e-01 8.832306e-01 1.692761e+00 4.842577e+00 6.998945e+00 
1.638434e-08 2.435784e-02 7.957848e-02 2.343119e-01 8.832305e-01 1.692760e+00 4.842577e+00 6.998945e+00 
1.739726e-08 2.435783e-02 7.957847e-02 2.343118e-01 8.832304e-01 1.692760e+00 4.842577e+00 6.998945e+00 
1.847281e-08 2.435783e-02 7.957846e-02 2.343118e-01 8.832303e-01 1.692760e+00 4.842577e+00 6.998945e+00 
1.961486e-08 2.435783e-02 7.957844e-02 2.343118e-01 8.832302e-01 1.692760e+00 4.842577e+00 6.998945e+00 
2.082751e-08 2.435782e-02 7.957843e-02 2.343117e-01 8.832301e-01 1.692760e+00 4.842577e+00 6.998945e+00 
2.211512e-08 2.435782e-02 7.957842e-02 2.343117e-01 8.832300e-01 1.692760e+00 4.842577e+00 6.998945e+00 
2.348235e-08 2.435781e-02 7.957840e-02 2.343117e-01 8.832299e-01 1.692760e+00 4.842577e+00 6.998945e+00 
2.493409e-08 2.435781e-02 7.957839e-02 2.343116e-01 8.832298e-01 1.692760e+00 4.842577e+00 6.998945e+00 
2.647559e-08 2.435780e-02 7.957837e-02 2.343116e-01 8.832297e-01 1.692759e+00 4.842577e+00 6.998945e+00 
2.811239e-08 2.435780e-02 7.957836e-02 2.343115e-01 8.832295e-01 1.692759e+00 4.842577e+00 6.998945e+00 
2.985038e-08 2.435779e-02 7.957834e-02 2.343115e-01 8.832294e-01 1.692759e+00 4.842577e+00 6.998945e+00 
3.169582e-08 2.435779e-02 7.957832e-02 2.343114e-01 8.832292e-01 1.692759e+00 4.842577e+00 6.998945e+00 
3.365535e-08 2.435778e-02 7.957830e-02 2.343114e-01 8.832291e-01 1.692759e+00 4.842577e+00 6.998945e+00 
3.573602e-08 2.435777e-02 7.957828e-02 2.343113e-01 8.832289e-01 1.692758e+00 4.842577e+00 6.998945e+00 
3.794533e-08 2.435777e-02 7.957826e-02 2.343112e-01 8.832287e-01 1.692758e+00 4.842577e+00 6.998945e+00 
4.029122e-08 2.435776e-02 7.957823e-02 2.343112e-01 8.832285e-01 1.692758e+00 4.842577e+00 6.998945e+00 
4.278214e-08 2.435775e-02 7.957821e-02 2.343111e-01 8.832283e-01 1.692758e+00 4.842577e+00 6.998945e+00 
4.542706e-08 2.435774e-02 7.957818e-02 2.343110e-01 8.832281e-01 1.692757e+00 4.842576e+00 6.998945e+00 
4.823549e-08 2.435773e-02 7.957815e-02 2.343109e-01 8.832279e-01 1.692757e+00 4.842576e+00 6.998945e+00 
5.121755e-08 2.435772e-02 7.957812e-02 2.343109e-01 8.832276e-01 1.692757e+00 4.842576e+00 6.998945e+00 
5.438397e-08 2.435771e-02 7.957809e-02 2.343108e-01 8.832273e-01 1.692756e+00 4.842576e+00 6.998945e+00 
5.774615e-08 2.435770e-02 7.957805e-02 2.343107e-01 8.832271e-01 1.692756e+00 4.842576e+00 6.998945e+00 
6.131619e-08 2.435769e-02 7.957802e-02 2.343106e-01 8.832268e-01 1.692756e+00 4.842576e+00 6.998945e+00 
6.510694e-08 2.435768e-02 7.957798e-02 2.343105e-01 8.832264e-01 1.692755e+00 4.842576e+00 6.998945e+00 
6.913204e-08 2.435767e-02 7.957794e-02 2.343103e-01 8.832261e-01 1.692755e+00 4.842576e+00 6.998945e+00 
7.340598e-08 2.435765e-02 7.957789e-02 2.343102e-01 8.832258e-01 1.692754e+00 4.842575e+00 6.998945e+00 
7.794416e-08 2.435764e-02 7.957784e-02 2.343101e-01 8.832254e-01 1.692754e+00 4.842575e+00 6.998945e+00 
8.276289e-08 2.435762e-02 7.957780e-02 2.343100e-01 8.832250e-01 1.692753e+00 4.842575e+00 6.998945e+00 
8.787954e-08 2.435761e-02 7.957774e-02 2.343098e-01 8.832246e-01 1.692753e+00 4.842575e+00 6.998945e+00 
9.331251e-08 2.435759e-02 7.957769e-02 2.343097e-01 8.832241e-01 1.692752e+00 4.842575e+00 6.998945e+00 
9.908137e-08 2.435757e-02 7.957763e-02 2.343095e-01 8.832236e-01 1.692751e+00 4.842574e+00 6.998945e+00 
1.052069e-07 2.435755e-02 7.957756e-02 2.343093e-01 8.832231e-01 1.692751e+00 4.842574e+00 6.998945e+00 
1.117111e-07 2.435753e-02 7.957750e-02 2.343091e-01 8.832226e-01 1.692750e+00 4.842574e+00 6.998945e+00 
1.186174e-07 2.435751e-02 7.957743e-02 2.343089e-01 8.832220e-01 1.692749e+00 4.842574e+00 6.998945e+00 
1.259506e-07 2.435748e-02 7.957735e-02 2.343087e-01 8.832214e-01 1.692748e+00 4.842573e+00 6.998945e+00 
1.337373e-07 2.435746e-02 7.957727e-02 2.343085e-01 8.832207e-01 1.692748e+00 4.842573e+00 6.998945e+00 
1.420053e-07 2.435743e-02 7.957719e-02 2.343083e-01 8.832200e-01 1.692747e+00 4.842573e+00 6.998945e+00 
1.507845e-07 2.435741e-02 7.957710e-02 2.343080e-01 8.832193e-01 1.692746e+00 4.842573e+00 6.998945e+00 
1.601064e-07 2.435738e-02 7.957700e-02 2.343077e-01 8.832185e-01 1.692745e+00 4.842572e+00 6.998945e+00 
1.700047e-07 2.435734e-02 7.957690e-02 2.343075e-01 8.832177e-01 1.692744e+00 4.842572e+00 6.998945e+00 
1.805149e-07 2.435731e-02 7.957679e-02 2.343072e-01 8.832168e-01 1.692743e+00 4.842571e+00 6.998945e+00 
1.916748e-07 2.435727e-02 7.957668e-02 2.343068e-01 8.832159e-01 1.692741e+00 4.842571e+00 6.998945e+00 
2.035248e-07 2.435724e-02 7.957655e-02 2.343065e-01 8.832149e-01 1.692740e+00 4.842571e+00 6.998945e+00 
2.161073e-07 2.435720e-02 7.957642e-02 2.343061e-01 8.832139e-01 1.692739e+00 4.842570e+00 6.998945e+00 
2.294676e-07 2.435715e-02 7.957629e-02 2.343058e-01 8.832128e-01 1.692737e+00 4.842570e+00 6.998945e+00 
2.436540e-07 2.435711e-02 7.957614e-02 2.343054e-01 8.832116e-01 1.692736e+00 4.842569e+00 6.998945e+00 
2.587174e-07 2.435706e-02 7.957599e-02 2.343049e-01 8.832103e-01 1.692734e+00 4.842569e+00 6.998945e+00 
2.747121e-07 2.435701e-02 7.957582e-02 2.343045e-01 8.832090e-01 1.692732e+00 4.842568e+00 6.998944e+00 
2.916956e-07 2.435695e-02 7.957565e-02 2.343040e-01 8.832076e-01 1.692730e+00 4.842567e+00 6.998944e+00 
3.097291e-07 2.435690e-02 7.957546e-02 2.343035e-01 8.832061e-01 1.692728e+00 4.842567e+00 6.998944e+00 
3.288774e-07 2.435683e-02 7.957527e-02 2.343029e-01 8.832045e-01 1.692726e+00 4.842566e+00 6.998944e+00 
3.492096e-07 2.435677e-02 7.957506e-02 2.343023e-01 8.832028e-01 1.692724e+00 4.842565e+00 6.998944e+00 
3.707988e-07 2.435670e-02 7.957484e-02 2.343017e-01 8.832010e-01 1.692722e+00 4.842565e+00 6.998944e+00 
3.937226e-07 2.435663e-02 7.957460e-02 2.343011e-01 8.831991e-01 1.692719e+00 4.842564e+00 6.998944e+00 
4.180637e-07 2.435655e-02 7.957435e-02 2.343004e-01 8.831971e-01 1.692717e+00 4.842563e+00 6.998944e+00 
4.439097e-07 2.435646e-02 7.957408e-02 2.342996e-01 8.831949e-01 1.692714e+00 4.842562e+00 6.998944e+00 
4.713535e-07 2.435638e-02 7.957380e-02 2.342988e-01 8.831926e-01 1.692711e+00 4.842561e+00 6.998944e+00 
5.004939e-07 2.435628e-02 7.957350e-02 2.342980e-01 8.831902e-01 1.692707e+00 4.842560e+00 6.998944e+00 
5.314359e-07 2.435618e-02 7.957318e-02 2.342971e-01 8.831876e-01 1.692704e+00 4.842559e+00 6.998944e+00 
5.642908e-07 2.435608e-02 7.957285e-02 2.342962e-01 8.831849e-01 1.692700e+00 4.842558e+00 6.998944e+00 
5.991770e-07 2.435597e-02 7.957249e-02 2.342952e-01 8.831820e-01 1.692697e+00 4.842556e+00 6.998944e+00 
6.362198e-07 2.435585e-02 7.957211e-02 2.342941e-01 8.831789e-01 1.692693e+00 4.842555e+00 6.998943e+00 
6.755528e-07 2.435572e-02 7.957170e-02 2.342930e-01 8.831757e-01 1.692688e+00 4.842554e+00 6.998943e+00 
7.173175e-07 2.435559e-02 7.957127e-02 2.342918e-01 8.831722e-01 1.692684e+00 4.842552e+00 6.998943e+00 
7.616642e-07 2.435545e-02 7.957082e-02 2.342905e-01 8.831685e-01 1.692679e+00 4.842550e+00 6.998943e+00 
8.087525e-07 2.435529e-02 7.957034e-02 2.342892e-01 8.831646e-01 1.692674e+00 4.842549e+00 6.998943e+00 
8.587519e-07 2.435513e-02 7.956982e-02 2.342878e-01 8.831604e-01 1.692668e+00 4.842547e+00 6.998943e+00 
9.118425e-07 2.435496e-02 7.956928e-02 2.342863e-01 8.831560e-01 1.692662e+00 4.842545e+00 6.998943e+00 
9.682153e-07 2.435478e-02 7.956870e-02 2.342846e-01 8.831513e-01 1.692656e+00 4.842543e+00 6.998942e+00 
1.028073e-06 2.435459e-02 7.956808e-02 2.342829e-01 8.831463e-01 1.692650e+00 4.842541e+00 6.998942e+00 
1.091632e-06 2.435439e-02 7.956743e-02 2.342811e-01 8.831410e-01 1.692643e+00 4.842538e+00 6.998942e+00 
1.159120e-06 2.435417e-02 7.956674e-02 2.342792e-01 8.831354e-01 1.692635e+00 4.842536e+00 6.998942e+00 
1.230780e-06 2.435394e-02 7.956600e-02 2.342771e-01 8.831295e-01 1.692628e+00 4.842533e+00 6.998942e+00 
1.306870e-06 2.435370e-02 7.956522e-02 2.342750e-01 8.831231e-01 1.692619e+00 4.842531e+00 6.998941e+00 
1.387665e-06 2.435344e-02 7.956439e-02 2.342726e-01 8.831164e-01 1.692610e+00 4.842528e+00 6.998941e+00 
1.473454e-06 2.435316e-02 7.956351e-02 2.342702e-01 8.831093e-01 1.692601e+00 4.842525e+00 6.998941e+00 
1.564548e-06 2.435287e-02 7.956257e-02 2.342676e-01 8.831017e-01 1.692591e+00 4.842521e+00 6.998941e+00 
1.661273e-06 2.435256e-02 7.956158e-02 2.342648e-01 8.830936e-01 1.692580e+00 4.842518e+00 6.998940e+00 
1.763977e-06 2.435223e-02 7.956052e-02 2.342619e-01 8.830851e-01 1.692569e+00 4.842514e+00 6.998940e+00 
1.873032e-06 2.435188e-02 7.955940e-02 2.342588e-01 8.830760e-01 1.692557e+00 4.842510e+00 6.998940e+00 
1.988828e-06 2.435151e-02 7.955821e-02 2.342555e-01 8.830664e-01 1.692545e+00 4.842506e+00 6.998939e+00 
2.111783e-06 2.435112e-02 7.955695e-02 2.342519e-01 8.830562e-01 1.692531e+00 4.842501e+00 6.998939e+00 
2.242340e-06 2.435070e-02 7.955561e-02 2.342482e-01 8.830453e-01 1.692517e+00 4.842497e+00 6.998939e+00 
2.380968e-06 2.435025e-02 7.955418e-02 2.342443e-01 8.830338e-01 1.692502e+00 4.842492e+00 6.998938e+00 
2.528166e-06 2.434978e-02 7.955267e-02 2.342400e-01 8.830215e-01 1.692485e+00 4.842486e+00 6.998938e+00 
2.684465e-06 2.434928e-02 7.955107e-02 2.342356e-01 8.830085e-01 1.692468e+00 4.842480e+00 6.998937e+00 
2.850426e-06 2.434875e-02 7.954936e-02 2.342308e-01 8.829947e-01 1.692450e+00 4.842474e+00 6.998937e+00 
3.026648e-06 2.434818e-02 7.954755e-02 2.342258e-01 8.829801e-01 1.692431e+00 4.842468e+00 6.998936e+00 
3.213764e-06 2.434758e-02 7.954563e-02 2.342205e-01 8.829645e-01 1.692410e+00 4.842461e+00 6.998936e+00 
3.412449e-06 2.434695e-02 7.954359e-02 2.342148e-01 8.829480e-01 1.692389e+00 4.842454e+00 6.998935e+00 
3.623416e-06 2.434627e-02 7.954143e-02 2.342087e-01 8.829304e-01 1.692366e+00 4.842446e+00 6.998934e+00 
3.847427e-06 2.434555e-02 7.953913e-02 2.342023e-01 8.829118e-01 1.692341e+00 4.842438e+00 6.998934e+00 
4.085286e-06 2.434479e-02 7.953668e-02 2.341956e-01 8.828920e-01 1.692315e+00 4.842430e+00 6.998933e+00 
4.337850e-06 2.434398e-02 7.953409e-02 2.341883e-01 8.828710e-01 1.692287e+00 4.842420e+00 6.998932e+00 
4.606029e-06 2.434312e-02 7.953134e-02 2.341807e-01 8.828487e-01 1.692258e+00 4.842411e+00 6.998932e+00 
4.890787e-06 2.434221e-02 7.952842e-02 2.341725e-01 8.828250e-01 1.692227e+00 4.842400e+00 6.998931e+00 
5.193150e-06 2.434124e-02 7.952531e-02 2.341639e-01 8.827999e-01 1.692194e+00 4.842389e+00 6.998930e+00 
5.514206e-06 2.434021e-02 7.952202e-02 2.341547e-01 8.827732e-01 1.692159e+00 4.842378e+00 6.998929e+00 
5.855110e-06 2.433912e-02 7.951852e-02 2.341450e-01 8.827449e-01 1.692121e+00 4.842365e+00 6.998928e+00 
6.217090e-06 2.433796e-02 7.951480e-02 2.341347e-01 8.827148e-01 1.692082e+00 4.842352e+00 6.998927e+00 
6.601449e-06 2.433673e-02 7.951086e-02 2.341237e-01 8.826828e-01 1.692040e+00 4.842338e+00 6.998926e+00 
7.009570e-06 2.433542e-02 7.950667e-02 2.341120e-01 8.826489e-01 1.691995e+00 4.842323e+00 6.998924e+00 
7.442922e-06 2.433403e-02 7.950223e-02 2.340997e-01 8.826129e-01 1.691948e+00 4.842308e+00 6.998923e+00 
7.903066e-06 2.433256e-02 7.949751e-02 2.340865e-01 8.825746e-01 1.691897e+00 4.842291e+00 6.998922e+00 
8.391656e-06 2.433100e-02 7.949250e-02 2.340726e-01 8.825340e-01 1.691844e+00 4.842273e+00 6.998920e+00 
8.910453e-06 2.432934e-02 7.948718e-02 2.340578e-01 8.824909e-01 1.691787e+00 4.842254e+00 6.998919e+00 
9.461324e-06 2.432757e-02 7.948153e-02 2.340421e-01 8.824451e-01 1.691727e+00 4.842234e+00 6.998917e+00 
1.004625e-05 2.432570e-02 7.947553e-02 2.340254e-01 8.823965e-01 1.691663e+00 4.842213e+00 6.998915e+00 
1.066734e-05 2.432372e-02 7.946917e-02 2.340076e-01 8.823449e-01 1.691595e+00 4.842190e+00 6.998913e+00 
1.132683e-05 2.432161e-02 7.946241e-02 2.339888e-01 8.822901e-01 1.691523e+00 4.842166e+00 6.998911e+00 
1.202708e-05 2.431937e-02 7.945524e-02 2.339689e-01 8.822320e-01 1.691446e+00 4.842141e+00 6.998909e+00 
1.277063e-05 2.431699e-02 7.944762e-02 2.339477e-01 8.821702e-01 1.691365e+00 4.842114e+00 6.998907e+00 
1.356015e-05 2.431446e-02 7.943953e-02 2.339251e-01 8.821046e-01 1.691278e+00 4.842085e+00 6.998905e+00 
1.439848e-05 2.431178e-02 7.943095e-02 2.339013e-01 8.820350e-01 1.691187e+00 4.842055e+00 6.998902e+00 
1.528864e-05 2.430894e-02 7.942183e-02 2.338759e-01 8.819611e-01 1.691089e+00 4.842022e+00 6.998900e+00 
1.623382e-05 2.430592e-02 7.941216e-02 2.338490e-01 8.818826e-01 1.690986e+00 4.841988e+00 6.998897e+00 
1.723745e-05 2.430271e-02 7.940189e-02 2.338204e-01 8.817993e-01 1.690876e+00 4.841951e+00 6.998894e+00 
1.830312e-05 2.429931e-02 7.939099e-02 2.337900e-01 8.817109e-01 1.690760e+00 4.841913e+00 6.998891e+00 
1.943467e-05 2.429570e-02 7.937941e-02 2.337578e-01 8.816170e-01 1.690636e+00 4.841872e+00 6.998887e+00 
2.063618e-05 2.429187e-02 7.936713e-02 2.337236e-01 8.815173e-01 1.690504e+00 4.841828e+00 6.998884e+00 
2.191197e-05 2.428780e-02 7.935409e-02 2.336873e-01 8.814115e-01 1.690365e+00 4.841781e+00 6.998880e+00 
2.326663e-05 2.428347e-02 7.934025e-02 2.336488e-01 8.812992e-01 1.690217e+00 4.841732e+00 6.998876e+00 
2.470504e-05 2.427889e-02 7.932555e-02 2.336078e-01 8.811799e-01 1.690060e+00 4.841680e+00 6.998871e+00 
2.623238e-05 2.427402e-02 7.930996e-02 2.335644e-01 8.810533e-01 1.689893e+00 4.841624e+00 6.998867e+00 
2.785414e-05 2.426886e-02 7.929341e-02 2.335183e-01 8.809189e-01 1.689716e+00 4.841565e+00 6.998862e+00 
2.957617e-05 2.426337e-02 7.927584e-02 2.334694e-01 8.807763e-01 1.689527e+00 4.841503e+00 6.998857e+00 
3.140465e-05 2.425755e-02 7.925719e-02 2.334175e-01 8.806248e-01 1.689328e+00 4.841436e+00 6.998851e+00 
3.334618e-05 2.425138e-02 7.923740e-02 2.333624e-01 8.804641e-01 1.689116e+00 4.841366e+00 6.998845e+00 
3.540774e-05 2.424482e-02 7.921640e-02 2.333039e-01 8.802934e-01 1.688890e+00 4.841291e+00 6.998839e+00 
3.759675e-05 2.423787e-02 7.919411e-02 2.332418e-01 8.801123e-01 1.688651e+00 4.841211e+00 6.998833e+00 
3.992109e-05 2.423049e-02 7.917046e-02 2.331760e-01 8.799200e-01 1.688398e+00 4.841127e+00 6.998826e+00 
4.238913e-05 2.422265e-02 7.914536e-02 2.331061e-01 8.797159e-01 1.688128e+00 4.841037e+00 6.998818e+00 
4.500975e-05 2.421434e-02 7.911873e-02 2.330319e-01 8.794993e-01 1.687842e+00 4.840941e+00 6.998811e+00 
4.779239e-05 2.420552e-02 7.909047e-02 2.329532e-01 8.792694e-01 1.687539e+00 4.840840e+00 6.998802e+00 
5.074705e-05 2.419617e-02 7.906048e-02 2.328696e-01 8.790254e-01 1.687216e+00 4.840733e+00 6.998793e+00 
5.388438e-05 2.418624e-02 7.902866e-02 2.327810e-01 8.787664e-01 1.686874e+00 4.840619e+00 6.998784e+00 
5.721568e-05 2.417570e-02 7.899491e-02 2.326870e-01 8.784915e-01 1.686511e+00 4.840497e+00 6.998774e+00 
6.075292e-05 2.416453e-02 7.895910e-02 2.325872e-01 8.781998e-01 1.686125e+00 4.840369e+00 6.998763e+00 
6.450884e-05 2.415268e-02 7.892111e-02 2.324813e-01 8.778903e-01 1.685716e+00 4.840232e+00 6.998752e+00 
6.849697e-05 2.414010e-02 7.888081e-02 2.323690e-01 8.775618e-01 1.685281e+00 4.840087e+00 6.998740e+00 
7.273165e-05 2.412677e-02 7.883806e-02 2.322499e-01 8.772132e-01 1.684820e+00 4.839933e+00 6.998728e+00 
7.722814e-05 2.411262e-02 7.879272e-02 2.321235e-01 8.768433e-01 1.684331e+00 4.839769e+00 6.998714e+00 
8.200261e-05 2.409762e-02 7.874464e-02 2.319895e-01 8.764508e-01 1.683811e+00 4.839596e+00 6.998700e+00 
8.707225e-05 2.408171e-02 7.869364e-02 2.318473e-01 8.760344e-01 1.683260e+00 4.839411e+00 6.998685e+00 
9.245531e-05 2.406484e-02 7.863956e-02 2.316966e-01 8.755925e-01 1.682674e+00 4.839215e+00 6.998669e+00 
9.817117e-05 2.404695e-02 7.858222e-02 2.315367e-01 8.751238e-01 1.682053e+00 4.839007e+00 6.998651e+00 
1.042404e-04 2.402799e-02 7.852143e-02 2.313672e-01 8.746265e-01 1.681393e+00 4.838786e+00 6.998633e+00 
1.106848e-04 2.400789e-02 7.845698e-02 2.311874e-01 8.740990e-01 1.680693e+00 4.838551e+00 6.998614e+00 
1.175277e-04 2.398658e-02 7.838866e-02 2.309969e-01 8.735395e-01 1.679951e+00 4.838302e+00 6.998593e+00 
1.247936e-04 2.396399e-02 7.831624e-02 2.307948e-01 8.729460e-01 1.679162e+00 4.838038e+00 6.998572e+00 
1.325087e-04 2.394005e-02 7.823949e-02 2.305807e-01 8.723165e-01 1.678326e+00 4.837757e+00 6.998549e+00 
1.407008e-04 2.391469e-02 7.815816e-02 2.303537e-01 8.716490e-01 1.677438e+00 4.837458e+00 6.998524e+00 
1.493993e-04 2.388782e-02 7.807198e-02 2.301132e-01 8.709411e-01 1.676496e+00 4.837141e+00 6.998498e+00 
1.586357e-04 2.385935e-02 7.798068e-02 2.298583e-01 8.701904e-01 1.675496e+00 4.836805e+00 6.998470e+00 
1.684430e-04 2.382919e-02 7.788396e-02 2.295883e-01 8.693945e-01 1.674436e+00 4.836447e+00 6.998441e+00 
1.788566e-04 2.379726e-02 7.778152e-02 2.293022e-01 8.685508e-01 1.673310e+00 4.836068e+00 6.998410e+00 
1.899141e-04 2.376344e-02 7.767305e-02 2.289992e-01 8.676563e-01 1.672117e+00 4.835665e+00 6.998377e+00 
2.016551e-04 2.372764e-02 7.755819e-02 2.286783e-01 8.667082e-01 1.670850e+00 4.835236e+00 6.998341e+00 
2.141220e-04 2.368974e-02 7.743659e-02 2.283385e-01 8.657033e-01 1.669506e+00 4.834782e+00 6.998304e+00 
2.273597e-04 2.364963e-02 7.730790e-02 2.279788e-01 8.646384e-01 1.668081e+00 4.834299e+00 6.998264e+00 
2.414157e-04 2.360718e-02 7.717170e-02 2.275980e-01 8.635100e-01 1.666569e+00 4.833786e+00 6.998222e+00 
2.563407e-04 2.356228e-02 7.702760e-02 2.271950e-01 8.623146e-01 1.664966e+00 4.833241e+00 6.998178e+00 
2.721885e-04 2.351479e-02 7.687518e-02 2.267686e-01 8.610482e-01 1.663265e+00 4.832663e+00 6.998130e+00 
2.890160e-04 2.346457e-02 7.671398e-02 2.263175e-01 8.597068e-01 1.661462e+00 4.832048e+00 6.998080e+00 
3.068838e-04 2.341148e-02 7.654355e-02 2.258404e-01 8.582863e-01 1.659550e+00 4.831396e+00 6.998026e+00 
3.258562e-04 2.335537e-02 7.636339e-02 2.253359e-01 8.567823e-01 1.657522e+00 4.830703e+00 6.997969e+00 
3.460016e-04 2.329608e-02 7.617301e-02 2.248026e-01 8.551900e-01 1.655372e+00 4.829966e+00 6.997909e+00 
3.673925e-04 2.323346e-02 7.597189e-02 2.242390e-01 8.535047e-01 1.653093e+00 4.829184e+00 6.997845e+00 
3.901058e-04 2.316733e-02 7.575947e-02 2.236435e-01 8.517211e-01 1.650678e+00 4.828354e+00 6.997776e+00 
4.142232e-04 2.309752e-02 7.553521e-02 2.230145e-01 8.498341e-01 1.648117e+00 4.827471e+00 6.997704e+00 
4.398317e-04 2.302385e-02 7.529850e-02 2.223503e-01 8.478380e-01 1.645404e+00 4.826534e+00 6.997627e+00 
4.670234e-04 2.294614e-02 7.504877e-02 2.216492e-01 8.457270e-01 1.642529e+00 4.825538e+00 6.997546e+00 
4.958962e-04 2.286419e-02 7.478538e-02 2.209094e-01 8.434950e-01 1.639483e+00 4.824481e+00 6.997459e+00 
5.265540e-04 2.277782e-02 7.450769e-02 2.201291e-01 8.411358e-01 1.636256e+00 4.823357e+00 6.997367e+00 
5.591071e-04 2.268681e-02 7.421507e-02 2.193063e-01 8.386428e-01 1.632839e+00 4.822164e+00 6.997269e+00 
5.936727e-04 2.259096e-02 7.390682e-02 2.184391e-01 8.360091e-01 1.629219e+00 4.820895e+00 6.997165e+00 
6.303753e-04 2.249007e-02 7.358228e-02 2.175255e-01 8.332277e-01 1.625387e+00 4.819548e+00 6.997055e+00 
6.693470e-04 2.238392e-02 7.324074e-02 2.165634e-01 8.302913e-01 1.621330e+00 4.818117e+00 6.996938e+00 
7.107280e-04 2.227230e-02 7.288150e-02 2.155508e-01 8.271923e-01 1.617036e+00 4.816596e+00 6.996814e+00 
7.546673e-04 2.215498e-02 7.250384e-02 2.144855e-01 8.239230e-01 1.612492e+00 4.814979e+00 6.996682e+00 
8.013230e-04 2.203175e-02 7.210705e-02 2.133654e-01 8.204752e-01 1.607685e+00 4.813262e+00 6.996542e+00 
8.508632e-04 2.190239e-02 7.169040e-02 2.121884e-01 8.168408e-01 1.602601e+00 4.811437e+00 6.996393e+00 
9.034660e-04 2.176668e-02 7.125317e-02 2.109523e-01 8.130115e-01 1.597224e+00 4.809498e+00 6.996234e+00 
9.593209e-04 2.162440e-02 7.079464e-02 2.096549e-01 8.089785e-01 1.591540e+00 4.807437e+00 6.996066e+00 
1.018629e-03 2.147534e-02 7.031412e-02 2.082940e-01 8.047332e-01 1.585533e+00 4.805247e+00 6.995888e+00 
1.081604e-03 2.131929e-02 6.981090e-02 2.068676e-01 8.002667e-01 1.579187e+00 4.802918e+00 6.995698e+00 
1.148472e-03 2.115605e-02 6.928431e-02 2.053736e-01 7.955700e-01 1.572484e+00 4.800444e+00 6.995497e+00 
1.219473e-03 2.098542e-02 6.873371e-02 2.038098e-01 7.906343e-01 1.565408e+00 4.797813e+00 6.995283e+00 
1.294865e-03 2.080723e-02 6.815847e-02 2.021745e-01 7.854505e-01 1.557939e+00 4.795017e+00 6.995056e+00 
1.374917e-03 2.062129e-02 6.755800e-02 2.004656e-01 7.800097e-01 1.550060e+00 4.792044e+00 6.994814e+00 
1.459919e-03 2.042744e-02 6.693178e-02 1.986815e-01 7.743031e-01 1.541751e+00 4.788884e+00 6.994558e+00 
1.550175e-03 2.022555e-02 6.627930e-02 1.968205e-01 7.683220e-01 1.532994e+00 4.785523e+00 6.994286e+00 
1.646012e-03 2.001549e-02 6.560014e-02 1.948811e-01 7.620581e-01 1.523768e+00 4.781949e+00 6.993996e+00 
1.747773e-03 1.979716e-02 6.489392e-02 1.928620e-01 7.555031e-01 1.514053e+00 4.778148e+00 6.993689e+00 
1.855825e-03 1.957046e-02 6.416035e-02 1.907622e-01 7.486495e-01 1.503830e+00 4.774106e+00 6.993362e+00 
1.970558e-03 1.933536e-02 6.339921e-02 1.885807e-01 7.414899e-01 1.493078e+00 4.769806e+00 6.993015e+00 
2.092383e-03 1.909180e-02 6.261036e-02 1.863168e-01 7.340178e-01 1.481778e+00 4.765232e+00 6.992646e+00 
2.221741e-03 1.883980e-02 6.179378e-02 1.839702e-01 7.262272e-01 1.469909e+00 4.760366e+00 6.992254e+00 
2.359095e-03 1.857939e-02 6.094952e-02 1.815407e-01 7.181129e-01 1.457451e+00 4.755188e+00 6.991838e+00 
2.504942e-03 1.831062e-02 6.007777e-02 1.790286e-01 7.096706e-01 1.444387e+00 4.749678e+00 6.991396e+00 
2.659804e-03 1.803360e-02 5.917880e-02 1.764345e-01 7.008971e-01 1.430697e+00 4.743814e+00 6.990925e+00 
2.824241e-03 1.774847e-02 5.825303e-02 1.737591e-01 6.917901e-01 1.416365e+00 4.737572e+00 6.990426e+00 
2.998844e-03 1.745539e-02 5.730099e-02 1.710038e-01 6.823488e-01 1.401375e+00 4.730927e+00 6.989895e+00 
3.184242e-03 1.715459e-02 5.632334e-02 1.681702e-01 6.725735e-01 1.385711e+00 4.723852e+00 6.989330e+00 
3.381101e-03 1.684631e-02 5.532087e-02 1.652603e-01 6.624661e-01 1.369361e+00 4.716318e+00 6.988730e+00 
3.590130e-03 1.653085e-02 5.429452e-02 1.622766e-01 6.520300e-01 1.352315e+00 4.708293e+00 6.988092e+00 
3.812083e-03 1.620854e-02 5.324535e-02 1.592219e-01 6.412703e-01 1.334564e+00 4.699745e+00 6.987414e+00 
4.047757e-03 1.587977e-02 5.217455e-02 1.560995e-01 6.301936e-01 1.316103e+00 4.690638e+00 6.986693e+00 
4.298001e-03 1.554493e-02 5.108344e-02 1.529131e-01 6.188086e-01 1.296928e+00 4.680934e+00 6.985927e+00 
4.563716e-03 1.520449e-02 4.997348e-02 1.496666e-01 6.071256e-01 1.277040e+00 4.670590e+00 6.985112e+00 
4.845859e-03 1.485893e-02 4.884625e-02 1.463647e-01 5.951568e-01 1.256444e+00 4.659563e+00 6.984245e+00 
5.145444e-03 1.450877e-02 4.770341e-02 1.430120e-01 5.829165e-01 1.235147e+00 4.647806e+00 6.983323e+00 
5.463550e-03 1.415456e-02 4.654677e-02 1.396138e-01 5.704205e-01 1.213162e+00 4.635267e+00 6.982343e+00 
5.801323e-03 1.379688e-02 4.537821e-02 1.361755e-01 5.576867e-01 1.190506e+00 4.621892e+00 6.981300e+00 
6.159978e-03 1.343633e-02 4.419970e-02 1.327029e-01 5.447346e-01 1.167199e+00 4.607621e+00 6.980190e+00 
6.540806e-03 1.307354e-02 4.301328e-02 1.292020e-01 5.315855e-01 1.143269e+00 4.592392e+00 6.979009e+00 
6.945178e-03 1.270915e-02 4.182104e-02 1.256790e-01 5.182620e-01 1.118746e+00 4.576136e+00 6.977753e+00 
7.374549e-03 1.234380e-02 4.062511e-02 1.221403e-01 5.047884e-01 1.093665e+00 4.558779e+00 6.976416e+00 
7.830465e-03 1.197815e-02 3.942768e-02 1.185925e-01 4.911899e-01 1.068068e+00 4.540244e+00 6.974992e+00 
8.314568e-03 1.161286e-02 3.823089e-02 1.150419e-01 4.774930e-01 1.041998e+00 4.520445e+00 6.973477e+00 
8.828599e-03 1.124860e-02 3.703694e-02 1.114954e-01 4.637249e-01 1.015506e+00 4.499292e+00 6.971863e+00 
9.374409e-03 1.088600e-02 3.584797e-02 1.079593e-01 4.499134e-01 9.886442e-01 4.476687e+00 6.970145e+00 
9.953962e-03 1.052571e-02 3.466608e-02 1.044402e-01 4.360867e-01 9.614699e-01 4.452527e+00 6.968315e+00 
1.056935e-02 1.016834e-02 3.349335e-02 1.009445e-01 4.222730e-01 9.340426e-01 4.426699e+00 6.966365e+00 
1.122277e-02 9.814507e-03 3.233177e-02 9.747821e-02 4.085004e-01 9.064247e-01 4.399085e+00 6.964287e+00 
1.191660e-02 9.464775e-03 3.118327e-02 9.404744e-02 3.947968e-01 8.786802e-01 4.369557e+00 6.962072e+00 
1.265332e-02 9.119694e-03 3.004966e-02 9.065784e-02 3.811892e-01 8.508742e-01 4.337980e+00 6.959711e+00 
1.343558e-02 8.779783e-03 2.893267e-02 8.731483e-02 3.677041e-01 8.230725e-01 4.304213e+00 6.957193e+00 
1.426621e-02 8.445525e-03 2.783394e-02 8.402351e-02 3.543666e-01 7.953404e-01 4.268104e+00 6.954508e+00 
1.514819e-02 8.117367e-03 2.675495e-02 8.078861e-02 3.412009e-01 7.677426e-01 4.229498e+00 6.951642e+00 
1.608469e-02 7.795720e-03 2.569707e-02 7.761451e-02 3.282295e-01 7.403418e-01 4.188231e+00 6.948584e+00 
1.707910e-02 7.480952e-03 2.466157e-02 7.450520e-02 3.154738e-01 7.131989e-01 4.144135e+00 6.945319e+00 
1.813498e-02 7.173396e-03 2.364954e-02 7.146426e-02 3.029530e-01 6.863718e-01 4.097040e+00 6.941833e+00 
1.925614e-02 6.873341e-03 2.266198e-02 6.849486e-02 2.906851e-01 6.599152e-01 4.046776e+00 6.938107e+00 
2.044661e-02 6.581037e-03 2.169972e-02 6.559977e-02 2.786859e-01 6.338801e-01 3.993176e+00 6.934126e+00 
2.171068e-02 6.296693e-03 2.076349e-02 6.278136e-02 2.669695e-01 6.083134e-01 3.936081e+00 6.929869e+00 
2.305289e-02 6.020481e-03 1.985387e-02 6.004156e-02 2.555483e-01 5.832580e-01 3.875346e+00 6.925315e+00 
2.447809e-02 5.752532e-03 1.897131e-02 5.738196e-02 2.444327e-01 5.587520e-01 3.810844e+00 6.920442e+00 
2.599140e-02 5.492942e-03 1.811615e-02 5.480373e-02 2.336312e-01 5.348291e-01 3.742477e+00 6.915224e+00 
2.759826e-02 5.241773e-03 1.728860e-02 5.230768e-02 2.231509e-01 5.115185e-01 3.670180e+00 6.909634e+00 
2.930447e-02 4.999050e-03 1.648878e-02 4.989430e-02 2.129967e-01 4.888447e-01 3.593934e+00 6.903642e+00 
3.111616e-02 4.764772e-03 1.571669e-02 4.756373e-02 2.031724e-01 4.668279e-01 3.513772e+00 6.897215e+00 
3.303985e-02 4.538903e-03 1.497222e-02 4.531580e-02 1.936799e-01 4.454838e-01 3.429786e+00 6.890318e+00 
3.508247e-02 4.321386e-03 1.425521e-02 4.315008e-02 1.845199e-01 4.248241e-01 3.342136e+00 6.882910e+00 
3.725137e-02 4.112134e-03 1.356538e-02 4.106586e-02 1.756915e-01 4.048568e-01 3.251052e+00 6.874949e+00 
3.955436e-02 3.911042e-03 1.290238e-02 3.906220e-02 1.671930e-01 3.855860e-01 3.156834e+00 6.866386e+00 
4.199973e-02 3.717982e-03 1.226582e-02 3.713795e-02 1.590211e-01 3.670126e-01 3.059851e+00 6.857168e+00 
4.459628e-02 3.532810e-03 1.165522e-02 3.529177e-02 1.511719e-01 3.491345e-01 2.960532e+00 6.847238e+00 
4.735335e-02 3.355364e-03 1.107005e-02 3.352216e-02 1.436405e-01 3.319466e-01 2.859357e+00 6.836528e+00 
5.028087e-02 3.185472e-03 1.050976e-02 3.182744e-02 1.364210e-01 3.154415e-01 2.756841e+00 6.824968e+00 
5.338938e-02 3.022947e-03 9.973738e-03 3.020586e-02 1.295071e-01 2.996096e-01 2.653518e+00 6.812476e+00 
5.669007e-02 2.867594e-03 9.461341e-03 2.865551e-02 1.228918e-01 2.844393e-01 2.549927e+00 6.798962e+00 
6.019482e-02 2.719210e-03 8.971907e-03 2.717443e-02 1.165675e-01 2.699172e-01 2.446595e+00 6.784326e+00 
6.391624e-02 2.577587e-03 8.504750e-03 2.576059e-02 1.105264e-01 2.560286e-01 2.344023e+00 6.768455e+00 
6.786773e-02 2.442509e-03 8.059168e-03 2.441189e-02 1.047603e-01 2.427577e-01 2.242672e+00 6.751222e+00 
7.206351e-02 2.313760e-03 7.634448e-03 2.312620e-02 9.926059e-02 2.300876e-01 2.142960e+00 6.732483e+00 
7.651869e-02 2.191121e-03 7.229871e-03 2.190136e-02 9.401869e-02 2.180006e-01 2.045252e+00 6.712077e+00 
8.124930e-02 2.074373e-03 6.844716e-03 2.073523e-02 8.902580e-02 2.064785e-01 1.949863e+00 6.689823e+00 
8.627237e-02 1.963297e-03 6.478261e-03 1.962562e-02 8.427306e-02 1.955026e-01 1.857049e+00 6.665513e+00 
9.160598e-02 1.857674e-03 6.129789e-03 1.857039e-02 7.975161e-02 1.850539e-01 1.767020e+00 6.638914e+00 
9.726934e-02 1.757289e-03 5.798591e-03 1.756741e-02 7.545260e-02 1.751134e-01 1.679934e+00 6.609760e+00 
1.032828e-01 1.661929e-03 5.483967e-03 1.661456e-02 7.136727e-02 1.656618e-01 1.595908e+00 6.577749e+00 
1.096681e-01 1.571385e-03 5.185227e-03 1.570976e-02 6.748695e-02 1.566802e-01 1.515017e+00 6.542538e+00 
1.164481e-01 1.485453e-03 4.901697e-03 1.485100e-02 6.380311e-02 1.481497e-01 1.437303e+00 6.503739e+00 
1.236472e-01 1.403931e-03 4.632716e-03 1.403626e-02 6.030739e-02 1.400516e-01 1.362778e+00 6.460912e+00 
1.312915e-01 1.326625e-03 4.377640e-03 1.326361e-02 5.699159e-02 1.323675e-01 1.291429e+00 6.413559e+00 
1.394083e-01 1.253344e-03 4.135842e-03 1.253115e-02 5.384772e-02 1.250795e-01 1.223221e+00 6.361125e+00 
1.480269e-01 1.183903e-03 3.906714e-03 1.183706e-02 5.086800e-02 1.181700e-01 1.158102e+00 6.302988e+00 
1.571784e-01 1.118124e-03 3.689667e-03 1.117954e-02 4.804489e-02 1.116219e-01 1.096007e+00 6.238469e+00 
1.668956e-01 1.055835e-03 3.484129e-03 1.055687e-02 4.537106e-02 1.054186e-01 1.036858e+00 6.166831e+00 
1.772136e-01 9.968665e-04 3.289551e-03 9.967383e-03 4.283943e-02 9.954399e-02 9.805707e-01 6.087298e+00 
1.881694e-01 9.410592e-04 3.105402e-03 9.409481e-03 4.044317e-02 9.398238e-02 9.270526e-01 5.999078e+00 
1.998026e-01 8.882579e-04 2.931170e-03 8.881616e-03 3.817569e-02 8.871874e-02 8.762076e-01 5.901404e+00 
2.121550e-01 8.383135e-04 2.766364e-03 8.382299e-03 3.603065e-02 8.373854e-02 8.279366e-01 5.793583e+00 
2.252711e-01 7.910830e-04 2.610513e-03 7.910105e-03 3.400197e-02 7.902779e-02 7.821387e-01 5.675071e+00 
2.391980e-01 7.464293e-04 2.463164e-03 7.463664e-03 3.208378e-02 7.457306e-02 7.387125e-01 5.545551e+00 
2.539859e-01 7.042212e-04 2.323884e-03 7.041665e-03 3.027050e-02 7.036143e-02 6.975570e-01 5.405010e+00 
2.696881e-01 6.643329e-04 2.192258e-03 6.642853e-03 2.855674e-02 6.638055e-02 6.585724e-01 5.253807e+00 
2.863610e-01 6.266443e-04 2.067891e-03 6.266029e-03 2.693738e-02 6.261857e-02 6.216603e-01 5.092708e+00 
3.040646e-01 5.910407e-04 1.950404e-03 5.910047e-03 2.540750e-02 5.906417e-02 5.867246e-01 4.922879e+00 
3.228628e-01 5.574127e-04 1.839435e-03 5.573813e-03 2.396243e-02 5.570653e-02 5.536715e-01 4.745823e+00 
3.428231e-01 5.256558e-04 1.734641e-03 5.256284e-03 2.259770e-02 5.253531e-02 5.224101e-01 4.563292e+00 
3.640175e-01 4.956706e-04 1.635693e-03 4.956468e-03 2.130904e-02 4.954068e-02 4.928523e-01 4.377155e+00 
3.865221e-01 4.673625e-04 1.542279e-03 4.673417e-03 2.009240e-02 4.671324e-02 4.649131e-01 4.189285e+00 
4.104181e-01 4.406413e-04 1.454101e-03 4.406232e-03 1.894392e-02 4.404405e-02 4.385109e-01 4.001448e+00 
4.357913e-01 4.154215e-04 1.370877e-03 4.154056e-03 1.785993e-02 4.152461e-02 4.135669e-01 3.815230e+00 
4.627332e-01 3.916215e-04 1.292339e-03 3.916076e-03 1.683694e-02 3.914682e-02 3.900058e-01 3.631987e+00 
4.913407e-01 3.691641e-04 1.218231e-03 3.691520e-03 1.587162e-02 3.690301e-02 3.677554e-01 3.452833e+00 
5.217169e-01 3.479760e-04 1.148312e-03 3.479653e-03 1.496083e-02 3.478587e-02 3.467467e-01 3.278643e+00 
5.539709e-01 3.279873e-04 1.082350e-03 3.279780e-03 1.410159e-02 3.278847e-02 3.269140e-01 3.110075e+00 
5.882190e-01 3.091322e-04 1.020129e-03 3.091240e-03 1.329105e-02 3.090423e-02 3.081942e-01 2.947593e+00 
6.245845e-01 2.913478e-04 9.614418e-04 2.913407e-03 1.252652e-02 2.912691e-02 2.905277e-01 2.791499e+00 
6.631981e-01 2.745750e-04 9.060922e-04 2.745687e-03 1.180547e-02 2.745059e-02 2.738574e-01 2.641961e+00 
7.041990e-01 2.587574e-04 8.538949e-04 2.587520e-03 1.112547e-02 2.586969e-02 2.581291e-01 2.499041e+00 
7.477346e-01 2.438419e-04 8.046742e-04 2.438371e-03 1.048423e-02 2.437887e-02 2.432915e-01 2.362716e+00 
7.939618e-01 2.297780e-04 7.582638e-04 2.297737e-03 9.879603e-03 2.297313e-02 2.292954e-01 2.232898e+00 
8.430468e-01 2.165180e-04 7.145061e-04 2.165142e-03 9.309525e-03 2.164769e-02 2.160947e-01 2.109449e+00 
8.951665e-01 2.040167e-04 6.732523e-04 2.040134e-03 8.772061e-03 2.039807e-02 2.036453e-01 1.992198e+00 
9.505083e-01 1.922315e-04 6.343616e-04 1.922286e-03 8.265378e-03 1.921998e-02 1.919054e-01 1.880946e+00 
1.009272e+00 1.811220e-04 5.977005e-04 1.811195e-03 7.787739e-03 1.810941e-02 1.808355e-01 1.775477e+00 
1.071668e+00 1.706501e-04 5.631433e-04 1.706478e-03 7.337505e-03 1.706255e-02 1.703982e-01 1.675565e+00 
1.137921e+00 1.607795e-04 5.305708e-04 1.607776e-03 6.913127e-03 1.607579e-02 1.605581e-01 1.580978e+00 
1.208271e+00 1.514764e-04 4.998706e-04 1.514747e-03 6.513138e-03 1.514574e-02 1.512816e-01 1.491482e+00 
1.282970e+00 1.427084e-04 4.709363e-04 1.427068e-03 6.136155e-03 1.426916e-02 1.425369e-01 1.406843e+00 
1.362287e+00 1.344451e-04 4.436676e-04 1.344437e-03 5.780869e-03 1.344303e-02 1.342941e-01 1.326830e+00 
1.446507e+00 1.266578e-04 4.179696e-04 1.266566e-03 5.446046e-03 1.266447e-02 1.265248e-01 1.251220e+00 
1.535935e+00 1.193193e-04 3.937528e-04 1.193182e-03 5.130520e-03 1.193078e-02 1.192021e-01 1.179792e+00 
1.630891e+00 1.124040e-04 3.709326e-04 1.124031e-03 4.833189e-03 1.123939e-02 1.123008e-01 1.112334e+00 
1.731717e+00 1.058878e-04 3.494291e-04 1.058870e-03 4.553014e-03 1.058789e-02 1.057968e-01 1.048643e+00 
1.838777e+00 9.974782e-05 3.291672e-04 9.974710e-04 4.289013e-03 9.973994e-03 9.966752e-02 9.885205e-01 
1.952456e+00 9.396247e-05 3.100756e-04 9.396184e-04 4.040259e-03 9.395551e-03 9.389163e-02 9.317785e-01 
2.073162e+00 8.851145e-05 2.920873e-04 8.851090e-04 3.805881e-03 8.850531e-03 8.844894e-02 8.782364e-01 
2.201331e+00 8.337558e-05 2.751390e-04 8.337509e-04 3.585051e-03 8.337016e-03 8.332040e-02 8.277218e-01 
2.337424e+00 7.853676e-05 2.591709e-04 7.853632e-04 3.376993e-03 7.853197e-03 7.848803e-02 7.800704e-01 
2.481930e+00 7.397791e-05 2.441268e-04 7.397753e-04 3.180973e-03 7.397368e-03 7.393488e-02 7.351258e-01 
2.635371e+00 6.968294e-05 2.299534e-04 6.968260e-04 2.996298e-03 6.967919e-03 6.964492e-02 6.927391e-01 
2.798297e+00 6.563665e-05 2.166007e-04 6.563635e-04 2.822315e-03 6.563334e-03 6.560306e-02 6.527691e-01 
2.971296e+00 6.182472e-05 2.040213e-04 6.182445e-04 2.658410e-03 6.182179e-03 6.179503e-02 6.150817e-01 
3.154990e+00 5.823364e-05 1.921708e-04 5.823341e-04 2.503999e-03 5.823106e-03 5.820740e-02 5.795496e-01 
3.350041e+00 5.485068e-05 1.810071e-04 5.485048e-04 2.358538e-03 5.484840e-03 5.482748e-02 5.460522e-01 
3.557150e+00 5.166384e-05 1.704905e-04 5.166365e-04 2.221508e-03 5.166181e-03 5.164332e-02 5.144754e-01 
3.777064e+00 4.866178e-05 1.605837e-04 4.866161e-04 2.092424e-03 4.865999e-03 4.864363e-02 4.847111e-01 
4.010573e+00 4.583383e-05 1.512515e-04 4.583369e-04 1.970826e-03 4.583225e-03 4.581778e-02 4.566569e-01 
4.258518e+00 4.316994e-05 1.424607e-04 4.316981e-04 1.856282e-03 4.316854e-03 4.315574e-02 4.302161e-01 
4.521792e+00 4.066062e-05 1.341799e-04 4.066050e-04 1.748384e-03 4.065938e-03 4.064805e-02 4.052972e-01 
4.801343e+00 3.829692e-05 1.263798e-04 3.829682e-04 1.646748e-03 3.829583e-03 3.828581e-02 3.818138e-01 
5.098176e+00 3.607044e-05 1.190324e-04 3.607035e-04 1.551011e-03 3.606946e-03 3.606060e-02 3.596841e-01 
5.413360e+00 3.397321e-05 1.121115e-04 3.397313e-04 1.460832e-03 3.397235e-03 3.396450e-02 3.388310e-01 
5.748030e+00 3.199776e-05 1.055926e-04 3.199769e-04 1.375890e-03 3.199700e-03 3.199005e-02 3.191815e-01 
6.103390e+00 3.013704e-05 9.945217e-05 3.013698e-04 1.295880e-03 3.013636e-03 3.013021e-02 3.006669e-01 
6.480720e+00 2.838439e-05 9.366845e-05 2.838434e-04 1.220518e-03 2.838380e-03 2.837835e-02 2.832221e-01 
6.881377e+00 2.673356e-05 8.822072e-05 2.673352e-04 1.149534e-03 2.673303e-03 2.672821e-02 2.667859e-01 
7.306804e+00 2.517865e-05 8.308950e-05 2.517860e-04 1.082673e-03 2.517818e-03 2.517391e-02 2.513004e-01 
7.758532e+00 2.371408e-05 7.825644e-05 2.371404e-04 1.019698e-03 2.371367e-03 2.370988e-02 2.367109e-01 
8.238187e+00 2.233463e-05 7.370424e-05 2.233459e-04 9.603823e-04 2.233426e-03 2.233091e-02 2.229660e-01 
8.747496e+00 2.103535e-05 6.941662e-05 2.103532e-04 9.045140e-04 2.103502e-03 2.103205e-02 2.100171e-01 
9.288292e+00 1.981159e-05 6.537823e-05 1.981156e-04 8.518931e-04 1.981130e-03 1.980867e-02 1.978183e-01 
9.862522e+00 1.865897e-05 6.157459e-05 1.865895e-04 8.023312e-04 1.865872e-03 1.865639e-02 1.863263e-01 
1.047225e+01 1.757336e-05 5.799208e-05 1.757334e-04 7.556505e-04 1.757314e-03 1.757107e-02 1.755005e-01 
1.111968e+01 1.655088e-05 5.461787e-05 1.655086e-04 7.116840e-04 1.655067e-03 1.654885e-02 1.653024e-01 
1.180713e+01 1.558784e-05 5.143986e-05 1.558783e-04 6.702739e-04 1.558766e-03 1.558604e-02 1.556957e-01 
1.253708e+01 1.468081e-05 4.844666e-05 1.468079e-04 6.312719e-04 1.468065e-03 1.467922e-02 1.466463e-01 
1.331216e+01 1.382653e-05 4.562752e-05 1.382651e-04 5.945381e-04 1.382639e-03 1.382511e-02 1.381220e-01 
1.413516e+01 1.302193e-05 4.297235e-05 1.302192e-04 5.599406e-04 1.302180e-03 1.302068e-02 1.300924e-01 
1.500903e+01 1.226413e-05 4.047161e-05 1.226412e-04 5.273554e-04 1.226402e-03 1.226302e-02 1.225289e-01 
1.593694e+01 1.155040e-05 3.811633e-05 1.155040e-04 4.966656e-04 1.155031e-03 1.154942e-02 1.154046e-01 
1.692220e+01 1.087820e-05 3.589805e-05 1.087819e-04 4.677610e-04 1.087811e-03 1.087733e-02 1.086939e-01 
1.796838e+01 1.024510e-05 3.380882e-05 1.024509e-04 4.405379e-04 1.024502e-03 1.024433e-02 1.023729e-01 
1.907924e+01 9.648830e-06 3.184113e-05 9.648824e-05 4.148984e-04 9.648762e-04 9.648145e-03 9.641914e-02 
2.025878e+01 9.087251e-06 2.998792e-05 9.087245e-05 3.907507e-04 9.087191e-04 9.086644e-03 9.081123e-02 
2.151123e+01 8.558345e-06 2.824254e-05 8.558341e-05 3.680079e-04 8.558292e-04 8.557807e-03 8.552916e-02 
2.284112e+01 8.060214e-06 2.659870e-05 8.060209e-05 3.465883e-04 8.060166e-04 8.059737e-03 8.055403e-02 
2.425323e+01 7.591066e-06 2.505052e-05 7.591062e-05 3.264151e-04 7.591024e-04 7.590643e-03 7.586803e-02 
2.575263e+01 7.149218e-06 2.359242e-05 7.149214e-05 3.074157e-04 7.149181e-04 7.148843e-03 7.145440e-02 
2.734474e+01 6.733081e-06 2.221916e-05 6.733078e-05 2.895219e-04 6.733048e-04 6.732748e-03 6.729732e-02 
2.903527e+01 6.341159e-06 2.092582e-05 6.341157e-05 2.726693e-04 6.341130e-04 6.340865e-03 6.338192e-02 
3.083031e+01 5.972046e-06 1.970775e-05 5.972043e-05 2.567975e-04 5.972020e-04 5.971784e-03 5.969416e-02 
3.273634e+01 5.624413e-06 1.856056e-05 5.624411e-05 2.418493e-04 5.624390e-04 5.624181e-03 5.622082e-02 
3.476019e+01 5.297011e-06 1.748014e-05 5.297009e-05 2.277711e-04 5.296991e-04 5.296806e-03 5.294945e-02 
3.690917e+01 4.988664e-06 1.646259e-05 4.988663e-05 2.145122e-04 4.988646e-04 4.988482e-03 4.986833e-02 
3.919100e+01 4.698263e-06 1.550427e-05 4.698262e-05 2.020250e-04 4.698247e-04 4.698101e-03 4.696639e-02 
4.161391e+01 4.424764e-06 1.460172e-05 4.424762e-05 1.902646e-04 4.424749e-04 4.424620e-03 4.423324e-02 
4.418660e+01 4.167183e-06 1.375170e-05 4.167182e-05 1.791886e-04 4.167170e-04 4.167056e-03 4.165907e-02 
4.691835e+01 3.924594e-06 1.295116e-05 3.924593e-05 1.687573e-04 3.924583e-04 3.924481e-03 3.923463e-02 
4.981898e+01 3.696125e-06 1.219721e-05 3.696125e-05 1.589332e-04 3.696116e-04 3.696026e-03 3.695123e-02 
5.289893e+01 3.480955e-06 1.148715e-05 3.480954e-05 1.496809e-04 3.480946e-04 3.480867e-03 3.480066e-02 
5.616930e+01 3.278309e-06 1.081842e-05 3.278308e-05 1.409672e-04 3.278301e-04 3.278231e-03 3.277521e-02 
5.964185e+01 3.087459e-06 1.018861e-05 3.087458e-05 1.327606e-04 3.087452e-04 3.087389e-03 3.086760e-02 
6.332908e+01 2.907718e-06 9.595469e-06 2.907717e-05 1.250318e-04 2.907712e-04 2.907656e-03 2.907098e-02 
6.724427e+01 2.738440e-06 9.036851e-06 2.738439e-05 1.177528e-04 2.738434e-04 2.738385e-03 2.737890e-02 
7.140151e+01 2.579015e-06 8.510750e-06 2.579015e-05 1.108976e-04 2.579010e-04 2.578967e-03 2.578528e-02 
7.581576e+01 2.428871e-06 8.015274e-06 2.428871e-05 1.044414e-04 2.428867e-04 2.428828e-03 2.428439e-02 
8.050292e+01 2.287467e-06 7.548642e-06 2.287467e-05 9.836102e-05 2.287463e-04 2.287429e-03 2.287084e-02 
8.547985e+01 2.154295e-06 7.109173e-06 2.154295e-05 9.263462e-05 2.154291e-04 2.154261e-03 2.153955e-02 
9.076446e+01 2.028875e-06 6.695287e-06 2.028875e-05 8.724157e-05 2.028872e-04 2.028845e-03 2.028574e-02 
9.637579e+01 1.910756e-06 6.305495e-06 1.910756e-05 8.216246e-05 1.910753e-04 1.910729e-03 1.910489e-02 
1.023340e+02 1.799514e-06 5.938395e-06 1.799513e-05 7.737904e-05 1.799511e-04 1.799490e-03 1.799277e-02 
1.086606e+02 1.694747e-06 5.592665e-06 1.694747e-05 7.287408e-05 1.694745e-04 1.694726e-03 1.694537e-02 
1.153783e+02 1.596080e-06 5.267062e-06 1.596079e-05 6.863139e-05 1.596078e-04 1.596061e-03 1.595893e-02 
1.225114e+02 1.503156e-06 4.960415e-06 1.503156e-05 6.463568e-05 1.503154e-04 1.503140e-03 1.502991e-02 
1.300854e+02 1.415642e-06 4.671620e-06 1.415642e-05 6.087259e-05 1.415641e-04 1.415628e-03 1.415496e-02 
1.381276e+02 1.333223e-06 4.399637e-06 1.333223e-05 5.732858e-05 1.333222e-04 1.333210e-03 1.333093e-02 
1.466671e+02 1.255602e-06 4.143488e-06 1.255602e-05 5.399089e-05 1.255601e-04 1.255591e-03 1.255487e-02 
1.557345e+02 1.182500e-06 3.902252e-06 1.182500e-05 5.084751e-05 1.182500e-04 1.182490e-03 1.182398e-02 
1.653624e+02 1.113654e-06 3.675060e-06 1.113654e-05 4.788713e-05 1.113654e-04 1.113645e-03 1.113564e-02 
1.755856e+02 1.048816e-06 3.461094e-06 1.048816e-05 4.509910e-05 1.048816e-04 1.048808e-03 1.048736e-02 
1.864409e+02 9.877533e-07 3.259586e-06 9.877532e-06 4.247338e-05 9.877526e-05 9.877462e-04 9.876821e-03 
1.979672e+02 9.302451e-07 3.069809e-06 9.302451e-06 4.000053e-05 9.302445e-05 9.302388e-04 9.301820e-03 
2.102061e+02 8.760850e-07 2.891081e-06 8.760850e-06 3.767165e-05 8.760845e-05 8.760795e-04 8.760290e-03 
2.232016e+02 8.250781e-07 2.722758e-06 8.250781e-06 3.547835e-05 8.250776e-05 8.250732e-04 8.250284e-03 
2.370006e+02 7.770407e-07 2.564235e-06 7.770408e-06 3.341275e-05 7.770404e-05 7.770364e-04 7.769967e-03 
2.516527e+02 7.318001e-07 2.414941e-06 7.318002e-06 3.146740e-05 7.317998e-05 7.317963e-04 7.317611e-03 
2.672106e+02 6.891934e-07 2.274338e-06 6.891935e-06 2.963531e-05 6.891932e-05 6.891900e-04 6.891588e-03 
2.837304e+02 6.490673e-07 2.141922e-06 6.490674e-06 2.790989e-05 6.490671e-05 6.490643e-04 6.490366e-03 
3.012714e+02 6.112773e-07 2.017215e-06 6.112774e-06 2.628492e-05 6.112771e-05 6.112747e-04 6.112502e-03 
3.198969e+02 5.756875e-07 1.899769e-06 5.756876e-06 2.475456e-05 5.756874e-05 5.756852e-04 5.756634e-03 
3.396739e+02 5.421698e-07 1.789160e-06 5.421698e-06 2.331330e-05 5.421696e-05 5.421677e-04 5.421484e-03 
3.606735e+02 5.106035e-07 1.684992e-06 5.106035e-06 2.195595e-05 5.106034e-05 5.106016e-04 5.105845e-03 
3.829714e+02 4.808750e-07 1.586888e-06 4.808750e-06 2.067762e-05 4.808749e-05 4.808734e-04 4.808582e-03 
4.066478e+02 4.528773e-07 1.494495e-06 4.528774e-06 1.947373e-05 4.528772e-05 4.528759e-04 4.528624e-03 
4.317880e+02 4.265097e-07 1.407482e-06 4.265098e-06 1.833992e-05 4.265097e-05 4.265085e-04 4.264965e-03 
4.584824e+02 4.016773e-07 1.325535e-06 4.016773e-06 1.727212e-05 4.016772e-05 4.016762e-04 4.016656e-03 
4.868271e+02 3.782906e-07 1.248359e-06 3.782907e-06 1.626650e-05 3.782906e-05 3.782896e-04 3.782803e-03 
5.169242e+02 3.562656e-07 1.175677e-06 3.562656e-06 1.531942e-05 3.562655e-05 3.562647e-04 3.562564e-03 
5.488820e+02 3.355229e-07 1.107226e-06 3.355229e-06 1.442748e-05 3.355228e-05 3.355221e-04 3.355147e-03 
5.828155e+02 3.159878e-07 1.042760e-06 3.159879e-06 1.358748e-05 3.159878e-05 3.159872e-04 3.159806e-03 
6.188468e+02 2.975902e-07 9.820477e-07 2.975902e-06 1.279638e-05 2.975902e-05 2.975896e-04 2.975838e-03 
6.571058e+02 2.802636e-07 9.248702e-07 2.802637e-06 1.205134e-05 2.802637e-05 2.802631e-04 2.802580e-03 
6.977300e+02 2.639459e-07 8.710217e-07 2.639460e-06 1.134968e-05 2.639459e-05 2.639455e-04 2.639409e-03 
7.408657e+02 2.485782e-07 8.203083e-07 2.485783e-06 1.068887e-05 2.485783e-05 2.485779e-04 2.485738e-03 
7.866682e+02 2.341053e-07 7.725477e-07 2.341054e-06 1.006653e-05 2.341053e-05 2.341050e-04 2.341014e-03 
8.353023e+02 2.204750e-07 7.275677e-07 2.204751e-06 9.480428e-06 2.204750e-05 2.204747e-04 2.204715e-03 
8.869432e+02 2.076383e-07 6.852066e-07 2.076384e-06 8.928450e-06 2.076384e-05 2.076381e-04 2.076352e-03 
9.417766e+02 1.955490e-07 6.453119e-07 1.955491e-06 8.408609e-06 1.955490e-05 1.955488e-04 1.955463e-03 
1.000000e+03 1.841635e-07 6.077399e-07 1.841636e-06 7.919035e-06 1.841636e-05 1.841634e-04 1.841611e-03 
