1.000000e-10 5.543704e+00 6.000258e+00 6.417243e+00 7.128221e+00 7.472879e+00 7.843617e+00 7.910858e+00 
1.842070e-10 5.543703e+00 6.000258e+00 6.417243e+00 7.128221e+00 7.472879e+00 7.843617e+00 7.910858e+00 
3.393222e-10 5.543702e+00 6.000258e+00 6.417242e+00 7.128221e+00 7.472879e+00 7.843617e+00 7.910858e+00 
6.250552e-10 5.543699e+00 6.000257e+00 6.417242e+00 7.128220e+00 7.472879e+00 7.843617e+00 7.910858e+00 
1.151395e-09 5.543695e+00 6.000256e+00 6.417242e+00 7.128220e+00 7.472879e+00 7.843617e+00 7.910858e+00 
2.120951e-09 5.543686e+00 6.000254e+00 6.417241e+00 7.128220e+00 7.472879e+00 7.843617e+00 7.910858e+00 
3.906940e-09 5.543670e+00 6.000250e+00 6.417239e+00 7.128219e+00 7.472879e+00 7.843617e+00 7.910858e+00 
7.196857e-09 5.543640e+00 6.000244e+00 6.417236e+00 7.128219e+00 7.472878e+00 7.843617e+00 7.910858e+00 
1.325711e-08 5.543585e+00 6.000231e+00 6.417230e+00 7.128217e+00 7.472878e+00 7.843617e+00 7.910858e+00 
2.442053e-08 5.543484e+00 6.000207e+00 6.417219e+00 7.128214e+00 7.472877e+00 7.843617e+00 7.910858e+00 
4.498433e-08 5.543299e+00 6.000164e+00 6.417199e+00 7.128208e+00 7.472875e+00 7.843616e+00 7.910858e+00 
8.286428e-08 5.542956e+00 6.000084e+00 6.417161e+00 7.128197e+00 7.472871e+00 7.843616e+00 7.910858e+00 
1.526418e-07 5.542324e+00 5.999937e+00 6.417093e+00 7.128177e+00 7.472865e+00 7.843616e+00 7.910858e+00 
2.811769e-07 5.541158e+00 5.999666e+00 6.416966e+00 7.128140e+00 7.472853e+00 7.843616e+00 7.910858e+00 
5.179475e-07 5.538999e+00 5.999166e+00 6.416733e+00 7.128071e+00 7.472831e+00 7.843616e+00 7.910858e+00 
9.540955e-07 5.534987e+00 5.998244e+00 6.416304e+00 7.127946e+00 7.472791e+00 7.843615e+00 7.910858e+00 
1.757511e-06 5.527479e+00 5.996540e+00 6.415513e+00 7.127714e+00 7.472716e+00 7.843614e+00 7.910858e+00 
3.237458e-06 5.513232e+00 5.993382e+00 6.414054e+00 7.127287e+00 7.472579e+00 7.843611e+00 7.910858e+00 
5.963623e-06 5.485471e+00 5.987500e+00 6.411359e+00 7.126499e+00 7.472326e+00 7.843607e+00 7.910858e+00 
1.098541e-05 5.428493e+00 5.976432e+00 6.406372e+00 7.125044e+00 7.471860e+00 7.843599e+00 7.910857e+00 
2.023590e-05 5.298413e+00 5.955182e+00 6.397108e+00 7.122352e+00 7.470997e+00 7.843584e+00 7.910857e+00 
3.727594e-05 4.931197e+00 5.912560e+00 6.379769e+00 7.117350e+00 7.469401e+00 7.843556e+00 7.910855e+00 
6.866488e-05 3.798648e+00 5.817172e+00 6.346857e+00 7.107990e+00 7.466431e+00 7.843506e+00 7.910853e+00 
1.264855e-04 2.273300e+00 5.513037e+00 6.282537e+00 7.090238e+00 7.460858e+00 7.843412e+00 7.910849e+00 
2.329952e-04 1.262155e+00 4.018732e+00 6.147573e+00 7.055720e+00 7.450236e+00 7.843238e+00 7.910841e+00 
4.291934e-04 6.903085e-01 2.265713e+00 5.748716e+00 6.985369e+00 7.429374e+00 7.842916e+00 7.910826e+00 
7.906043e-04 3.759271e-01 1.238933e+00 3.717023e+00 6.828812e+00 7.385941e+00 7.842314e+00 7.910798e+00 
1.456348e-03 2.043850e-01 6.741895e-01 2.039152e+00 6.423448e+00 7.284260e+00 7.841172e+00 7.910748e+00 
2.682696e-03 1.110384e-01 3.663686e-01 1.109571e+00 4.722447e+00 6.982558e+00 7.838951e+00 7.910655e+00 
4.941713e-03 6.030314e-02 1.989867e-01 6.028551e-01 2.587387e+00 5.824469e+00 7.834408e+00 7.910483e+00 
9.102982e-03 3.274355e-02 1.080502e-01 3.273920e-01 1.406874e+00 3.264960e+00 7.824062e+00 7.910163e+00 
1.676833e-02 1.777744e-02 5.866458e-02 1.777627e-01 7.641677e-01 1.775955e+00 7.793305e+00 7.909565e+00 
3.088844e-02 9.651386e-03 3.184930e-02 9.651062e-02 4.149405e-01 9.647151e-01 7.545482e+00 7.908432e+00 
5.689866e-02 5.239599e-03 1.729060e-02 5.239506e-02 2.252835e-01 5.238483e-01 5.201454e+00 7.906226e+00 
1.048113e-01 2.844459e-03 9.386693e-03 2.844432e-02 1.223063e-01 2.844149e-01 2.839090e+00 7.901654e+00 
1.930698e-01 1.544180e-03 5.095786e-03 1.544172e-02 6.639814e-02 1.544091e-01 1.542996e+00 7.890063e+00 
3.556480e-01 8.382890e-04 2.766353e-03 8.382871e-03 3.604598e-02 8.382638e-02 8.379898e-01 7.462421e+00 
6.551286e-01 4.550810e-04 1.501768e-03 4.550807e-03 1.956837e-02 4.550739e-02 4.549998e-01 4.530668e+00 
1.206793e+00 2.470489e-04 8.152622e-04 2.470491e-03 1.062308e-02 2.470471e-02 2.470262e-01 2.466817e+00 
2.222996e+00 1.341147e-04 4.425796e-04 1.341151e-03 5.766940e-03 1.341145e-02 1.341085e-01 1.340303e+00 
4.094915e+00 7.280653e-05 2.402620e-04 7.280675e-04 3.130689e-03 7.280661e-03 7.280487e-02 7.278478e-01 
7.543120e+00 3.952407e-05 1.304307e-04 3.952446e-04 1.699551e-03 3.952441e-03 3.952390e-02 3.951838e-01 
1.389495e+01 2.145612e-05 7.080627e-05 2.145655e-04 9.226310e-04 2.145653e-03 2.145638e-02 2.145482e-01 
2.559548e+01 1.164763e-05 3.843820e-05 1.164803e-04 5.008672e-04 1.164806e-03 1.164802e-02 1.164757e-01 
4.714866e+01 6.322922e-06 2.086664e-05 6.323315e-05 2.719041e-04 6.323351e-04 6.323342e-03 6.323211e-02 
8.685114e+01 3.432311e-06 1.132763e-05 3.432704e-05 1.476080e-04 3.432741e-04 3.432741e-03 3.432703e-02 
1.599859e+02 1.863091e-06 6.149202e-06 1.863484e-05 8.013137e-05 1.863522e-04 1.863524e-03 1.863514e-02 
2.947052e+02 1.011213e-06 3.338003e-06 1.011605e-05 4.350048e-05 1.011647e-04 1.011647e-03 1.011644e-02 
5.428675e+02 5.487557e-07 1.811895e-06 5.491474e-06 2.361479e-05 5.491874e-05 5.491902e-04 5.491897e-03 
1.000000e+03 2.977028e-07 9.834199e-07 2.980944e-06 1.281950e-05 2.981337e-05 2.981378e-04 2.981376e-03 
