1.000000e-10 1.877530e+00 2.056827e+00 2.253068e+00 2.612075e+00 2.789977e+00 3.015229e+00 3.321228e+00 
1.842070e-10 1.877530e+00 2.056827e+00 2.253068e+00 2.612075e+00 2.789977e+00 3.015229e+00 3.321228e+00 
3.393222e-10 1.877529e+00 2.056827e+00 2.253067e+00 2.612075e+00 2.789977e+00 3.015229e+00 3.321228e+00 
6.250552e-10 1.877528e+00 2.056827e+00 2.253067e+00 2.612075e+00 2.789977e+00 3.015229e+00 3.321228e+00 
1.151395e-09 1.877526e+00 2.056826e+00 2.253067e+00 2.612075e+00 2.789977e+00 3.015229e+00 3.321228e+00 
2.120951e-09 1.877523e+00 2.056825e+00 2.253067e+00 2.612075e+00 2.789977e+00 3.015229e+00 3.321228e+00 
3.906940e-09 1.877517e+00 2.056824e+00 2.253066e+00 2.612075e+00 2.789976e+00 3.015229e+00 3.321228e+00 
7.196857e-09 1.877507e+00 2.056821e+00 2.253064e+00 2.612074e+00 2.789976e+00 3.015229e+00 3.321228e+00 
1.325711e-08 1.877487e+00 2.056815e+00 2.253061e+00 2.612073e+00 2.789976e+00 3.015229e+00 3.321228e+00 
2.442053e-08 1.877450e+00 2.056805e+00 2.253056e+00 2.612072e+00 2.789975e+00 3.015229e+00 3.321228e+00 
4.498433e-08 1.877383e+00 2.056786e+00 2.253046e+00 2.612069e+00 2.789974e+00 3.015229e+00 3.321228e+00 
8.286428e-08 1.877259e+00 2.056751e+00 2.253027e+00 2.612063e+00 2.789973e+00 3.015229e+00 3.321228e+00 
1.526418e-07 1.877030e+00 2.056687e+00 2.252994e+00 2.612053e+00 2.789969e+00 3.015229e+00 3.321228e+00 
2.811769e-07 1.876608e+00 2.056569e+00 2.252931e+00 2.612034e+00 2.789963e+00 3.015228e+00 3.321228e+00 
5.179475e-07 1.875826e+00 2.056351e+00 2.252816e+00 2.611999e+00 2.789952e+00 3.015228e+00 3.321228e+00 
9.540955e-07 1.874375e+00 2.055949e+00 2.252605e+00 2.611935e+00 2.789930e+00 3.015227e+00 3.321228e+00 
1.757511e-06 1.871662e+00 2.055206e+00 2.252215e+00 2.611816e+00 2.789892e+00 3.015226e+00 3.321227e+00 
3.237458e-06 1.866524e+00 2.053832e+00 2.251495e+00 2.611597e+00 2.789820e+00 3.015223e+00 3.321226e+00 
5.963623e-06 1.856552e+00 2.051279e+00 2.250167e+00 2.611194e+00 2.789688e+00 3.015217e+00 3.321224e+00 
1.098541e-05 1.836226e+00 2.046495e+00 2.247711e+00 2.610449e+00 2.789444e+00 3.015207e+00 3.321219e+00 
2.023590e-05 1.790369e+00 2.037386e+00 2.243152e+00 2.609070e+00 2.788994e+00 3.015189e+00 3.321212e+00 
3.727594e-05 1.663250e+00 2.019420e+00 2.234635e+00 2.606509e+00 2.788160e+00 3.015155e+00 3.321198e+00 
6.866488e-05 1.278032e+00 1.980626e+00 2.218527e+00 2.601718e+00 2.786608e+00 3.015092e+00 3.321172e+00 
1.264855e-04 7.635017e-01 1.866455e+00 2.187309e+00 2.592636e+00 2.783700e+00 3.014977e+00 3.321124e+00 
2.329952e-04 4.235944e-01 1.352550e+00 2.123304e+00 2.574990e+00 2.778160e+00 3.014764e+00 3.321036e+00 
4.291934e-04 2.316060e-01 7.609486e-01 1.953863e+00 2.539084e+00 2.767298e+00 3.014370e+00 3.320874e+00 
7.906043e-04 1.261101e-01 4.157950e-01 1.250419e+00 2.459473e+00 2.744749e+00 3.013639e+00 3.320575e+00 
1.456348e-03 6.855912e-02 2.261962e-01 6.847288e-01 2.256128e+00 2.692214e+00 3.012277e+00 3.320024e+00 
2.682696e-03 3.724550e-02 1.229030e-01 3.723528e-01 1.591777e+00 2.537651e+00 3.009707e+00 3.319008e+00 
4.941713e-03 2.022704e-02 6.674815e-02 2.022563e-01 8.692396e-01 1.983529e+00 3.004740e+00 3.317134e+00 
9.102982e-03 1.098282e-02 3.624314e-02 1.098261e-01 4.722049e-01 1.097683e+00 2.994577e+00 3.313669e+00 
1.676833e-02 5.962862e-03 1.967742e-02 5.962830e-02 2.563956e-01 5.962311e-01 2.969900e+00 3.307245e+00 
3.088844e-02 3.237234e-03 1.068287e-02 3.237229e-02 1.392000e-01 3.237164e-01 2.828108e+00 3.295270e+00 
5.689866e-02 1.757445e-03 5.799567e-03 1.757444e-02 7.556996e-02 1.757435e-01 1.756547e+00 3.272716e+00 
1.048113e-01 9.540762e-04 3.148451e-03 9.540760e-03 4.102525e-02 9.540746e-02 9.540430e-01 3.229406e+00 
1.930698e-01 5.179419e-04 1.709208e-03 5.179417e-03 2.227149e-02 5.179415e-02 5.179384e-01 3.142783e+00 
3.556480e-01 2.811750e-04 9.278780e-04 2.811752e-03 1.209053e-02 2.811751e-02 2.811747e-01 2.784515e+00 
6.551286e-01 1.526412e-04 5.037161e-04 1.526413e-03 6.563576e-03 1.526413e-02 1.526412e-01 1.526381e+00 
1.206793e+00 8.286399e-05 2.734515e-04 8.286412e-04 3.563157e-03 8.286413e-03 8.286412e-02 8.286394e-01 
2.222996e+00 4.498414e-05 1.484480e-04 4.498427e-04 1.934324e-03 4.498428e-03 4.498428e-02 4.498426e-01 
4.094915e+00 2.442043e-05 8.058756e-05 2.442050e-04 1.050082e-03 2.442052e-03 2.442052e-02 2.442052e-01 
7.543120e+00 1.325698e-05 4.374846e-05 1.325711e-04 5.700559e-04 1.325711e-03 1.325711e-02 1.325711e-01 
1.389495e+01 7.196712e-06 2.374951e-05 7.196856e-05 3.094646e-04 7.196856e-04 7.196856e-03 7.196856e-02 
2.559548e+01 3.906794e-06 1.289276e-05 3.906929e-05 1.679985e-04 3.906938e-04 3.906940e-03 3.906940e-02 
4.714866e+01 2.120805e-06 6.998992e-06 2.120937e-05 9.120080e-05 2.120949e-04 2.120951e-03 2.120951e-02 
8.685114e+01 1.151250e-06 3.799460e-06 1.151382e-05 4.950999e-05 1.151394e-04 1.151395e-03 1.151395e-02 
1.599859e+02 6.249093e-07 2.062537e-06 6.250409e-06 2.687729e-05 6.250537e-05 6.250550e-04 6.250552e-03 
2.947052e+02 3.391763e-07 1.119617e-06 3.393077e-06 1.459073e-05 3.393218e-05 3.393220e-04 3.393222e-03 
5.428675e+02 1.840611e-07 6.077372e-07 1.841924e-06 7.920761e-06 1.842059e-05 1.842069e-04 1.842070e-03 
1.000000e+03 9.985407e-08 3.298541e-07 9.998541e-07 4.299856e-06 9.999862e-06 1.000000e-04 1.000000e-03 
