1.000000e-10 1.322848e-02 4.323581e-02 1.274530e-01 4.830488e-01 9.336016e-01 2.879678e+00 5.001943e+00 
1.061823e-10 1.322848e-02 4.323581e-02 1.274530e-01 4.830488e-01 9.336016e-01 2.879678e+00 5.001943e+00 
1.127468e-10 1.322848e-02 4.323581e-02 1.274530e-01 4.830488e-01 9.336016e-01 2.879678e+00 5.001943e+00 
1.197171e-10 1.322848e-02 4.323581e-02 1.274530e-01 4.830488e-01 9.336016e-01 2.879678e+00 5.001943e+00 
1.271184e-10 1.322848e-02 4.323581e-02 1.274530e-01 4.830488e-01 9.336016e-01 2.879678e+00 5.001943e+00 
1.349772e-10 1.322848e-02 4.323581e-02 1.274530e-01 4.830488e-01 9.336016e-01 2.879678e+00 5.001943e+00 
1.433219e-10 1.322848e-02 4.323581e-02 1.274530e-01 4.830488e-01 9.336016e-01 2.879678e+00 5.001943e+00 
1.521825e-10 1.322848e-02 4.323581e-02 1.274530e-01 4.830488e-01 9.336016e-01 2.879678e+00 5.001943e+00 
1.615909e-10 1.322848e-02 4.323581e-02 1.274530e-01 4.830488e-01 9.336016e-01 2.879678e+00 5.001943e+00 
1.715809e-10 1.322848e-02 4.323581e-02 1.274530e-01 4.830488e-01 9.336016e-01 2.879678e+00 5.001943e+00 
1.821885e-10 1.322848e-02 4.323581e-02 1.274530e-01 4.830488e-01 9.336016e-01 2.879678e+00 5.001943e+00 
1.934520e-10 1.322848e-02 4.323581e-02 1.274530e-01 4.830488e-01 9.336016e-01 2.879678e+00 5.001943e+00 
2.054117e-10 1.322848e-02 4.323581e-02 1.274530e-01 4.830488e-01 9.336016e-01 2.879678e+00 5.001943e+00 
2.181109e-10 1.322848e-02 4.323581e-02 1.274530e-01 4.830488e-01 9.336016e-01 2.879678e+00 5.001943e+00 
2.315951e-10 1.322848e-02 4.323581e-02 1.274530e-01 4.830488e-01 9.336016e-01 2.879678e+00 5.001943e+00 
2.459130e-10 1.322848e-02 4.323581e-02 1.274530e-01 4.830488e-01 9.336016e-01 2.879678e+00 5.001943e+00 
2.611161e-10 1.322848e-02 4.323581e-02 1.274530e-01 4.830488e-01 9.336016e-01 2.879678e+00 5.001943e+00 
2.772591e-10 1.322848e-02 4.323581e-02 1.274530e-01 4.830488e-01 9.336016e-01 2.879678e+00 5.001943e+00 
2.944000e-10 1.322848e-02 4.323581e-02 1.274530e-01 4.830488e-01 9.336016e-01 2.879678e+00 5.001943e+00 
3.126007e-10 1.322848e-02 4.323581e-02 1.274530e-01 4.830488e-01 9.336016e-01 2.879678e+00 5.001943e+00 
3.319266e-10 1.322848e-02 4.323581e-02 1.274530e-01 4.830488e-01 9.336016e-01 2.879678e+00 5.001943e+00 
3.524473e-10 1.322848e-02 4.323581e-02 1.274530e-01 4.830488e-01 9.336016e-01 2.879678e+00 5.001943e+00 
3.742366e-10 1.322848e-02 4.323581e-02 1.274530e-01 4.830488e-01 9.336016e-01 2.879678e+00 5.001943e+00 
3.973730e-10 1.322848e-02 4.323581e-02 1.274530e-01 4.830488e-01 9.336016e-01 2.879678e+00 5.001943e+00 
4.219398e-10 1.322848e-02 4.323581e-02 1.274530e-01 4.830488e-01 9.336016e-01 2.879678e+00 5.001943e+00 
4.480254e-10 1.322848e-02 4.323581e-02 1.274530e-01 4.830488e-01 9.336016e-01 2.879678e+00 5.001943e+00 
4.757236e-10 1.322848e-02 4.323581e-02 1.274530e-01 4.830488e-01 9.336016e-01 2.879678e+00 5.001943e+00 
5.051342e-10 1.322848e-02 4.323581e-02 1.274530e-01 4.830488e-01 9.336016e-01 2.879678e+00 5.001943e+00 
5.363631e-10 1.322848e-02 4.323581e-02 1.274530e-01 4.830488e-01 9.336016e-01 2.879678e+00 5.001943e+00 
5.695227e-10 1.322848e-02 4.323581e-02 1.274530e-01 4.830488e-01 9.336016e-01 2.879678e+00 5.001943e+00 
6.047322e-10 1.322848e-02 4.323581e-02 1.274530e-01 4.830488e-01 9.336016e-01 2.879678e+00 5.001943e+00 
6.421186e-10 1.322848e-02 4.323581e-02 1.274530e-01 4.830488e-01 9.336016e-01 2.879678e+00 5.001943e+00 
6.818162e-10 1.322848e-02 4.323581e-02 1.274530e-01 4.830488e-01 9.336016e-01 2.879678e+00 5.001943e+00 
7.239681e-10 1.322848e-02 4.323580e-02 1.274530e-01 4.830488e-01 9.336016e-01 2.879678e+00 5.001943e+00 
7.687260e-10 1.322848e-02 4.323580e-02 1.274530e-01 4.830488e-01 9.336016e-01 2.879678e+00 5.001943e+00 
8.162509e-10 1.322848e-02 4.323580e-02 1.274530e-01 4.830488e-01 9.336016e-01 2.879678e+00 5.001943e+00 
8.667139e-10 1.322848e-02 4.323580e-02 1.274530e-01 4.830488e-01 9.336016e-01 2.879678e+00 5.001943e+00 
9.202967e-10 1.322847e-02 4.323580e-02 1.274530e-01 4.830488e-01 9.336016e-01 2.879678e+00 5.001943e+00 
9.771921e-10 1.322847e-02 4.323580e-02 1.274530e-01 4.830488e-01 9.336016e-01 2.879678e+00 5.001943e+00 
1.037605e-09 1.322847e-02 4.323580e-02 1.274530e-01 4.830488e-01 9.336016e-01 2.879678e+00 5.001943e+00 
1.101753e-09 1.322847e-02 4.323580e-02 1.274530e-01 4.830487e-01 9.336016e-01 2.879678e+00 5.001943e+00 
1.169866e-09 1.322847e-02 4.323580e-02 1.274530e-01 4.830487e-01 9.336016e-01 2.879678e+00 5.001943e+00 
1.242191e-09 1.322847e-02 4.323580e-02 1.274530e-01 4.830487e-01 9.336016e-01 2.879678e+00 5.001943e+00 
1.318987e-09 1.322847e-02 4.323580e-02 1.274530e-01 4.830487e-01 9.336016e-01 2.879678e+00 5.001943e+00 
1.400531e-09 1.322847e-02 4.323580e-02 1.274530e-01 4.830487e-01 9.336016e-01 2.879678e+00 5.001943e+00 
1.487115e-09 1.322847e-02 4.323580e-02 1.274530e-01 4.830487e-01 9.336016e-01 2.879678e+00 5.001943e+00 
1.579053e-09 1.322847e-02 4.323580e-02 1.274530e-01 4.830487e-01 9.336015e-01 2.879678e+00 5.001943e+00 
1.676675e-09 1.322847e-02 4.323580e-02 1.274530e-01 4.830487e-01 9.336015e-01 2.879678e+00 5.001943e+00 
1.780332e-09 1.322847e-02 4.323580e-02 1.274530e-01 4.830487e-01 9.336015e-01 2.879678e+00 5.001943e+00 
1.890397e-09 1.322847e-02 4.323580e-02 1.274530e-01 4.830487e-01 9.336015e-01 2.879678e+00 5.001943e+00 
2.007267e-09 1.322847e-02 4.323580e-02 1.274530e-01 4.830487e-01 9.336015e-01 2.879678e+00 5.001943e+00 
2.131362e-09 1.322847e-02 4.323580e-02 1.274530e-01 4.830487e-01 9.336015e-01 2.879678e+00 5.001943e+00 
2.263130e-09 1.322847e-02 4.323580e-02 1.274530e-01 4.830487e-01 9.336015e-01 2.879678e+00 5.001943e+00 
2.403043e-09 1.322847e-02 4.323580e-02 1.274530e-01 4.830487e-01 9.336015e-01 2.879678e+00 5.001943e+00 
2.551606e-09 1.322847e-02 4.323579e-02 1.274530e-01 4.830487e-01 9.336015e-01 2.879678e+00 5.001943e+00 
2.709354e-09 1.322847e-02 4.323579e-02 1.274530e-01 4.830487e-01 9.336015e-01 2.879678e+00 5.001943e+00 
2.876854e-09 1.322847e-02 4.323579e-02 1.274530e-01 4.830487e-01 9.336015e-01 2.879678e+00 5.001943e+00 
3.054710e-09 1.322847e-02 4.323579e-02 1.274529e-01 4.830487e-01 9.336015e-01 2.879678e+00 5.001943e+00 
3.243561e-09 1.322847e-02 4.323579e-02 1.274529e-01 4.830487e-01 9.336014e-01 2.879678e+00 5.001943e+00 
3.444087e-09 1.322847e-02 4.323579e-02 1.274529e-01 4.830486e-01 9.336014e-01 2.879678e+00 5.001943e+00 
3.657011e-09 1.322847e-02 4.323579e-02 1.274529e-01 4.830486e-01 9.336014e-01 2.879678e+00 5.001943e+00 
3.883098e-09 1.322847e-02 4.323579e-02 1.274529e-01 4.830486e-01 9.336014e-01 2.879678e+00 5.001943e+00 
4.123163e-09 1.322847e-02 4.323579e-02 1.274529e-01 4.830486e-01 9.336014e-01 2.879678e+00 5.001943e+00 
4.378069e-09 1.322847e-02 4.323578e-02 1.274529e-01 4.830486e-01 9.336014e-01 2.879678e+00 5.001943e+00 
4.648734e-09 1.322847e-02 4.323578e-02 1.274529e-01 4.830486e-01 9.336014e-01 2.879678e+00 5.001943e+00 
4.936132e-09 1.322847e-02 4.323578e-02 1.274529e-01 4.830486e-01 9.336013e-01 2.879678e+00 5.001943e+00 
5.241298e-09 1.322847e-02 4.323578e-02 1.274529e-01 4.830486e-01 9.336013e-01 2.879678e+00 5.001943e+00 
5.565331e-09 1.322847e-02 4.323578e-02 1.274529e-01 4.830485e-01 9.336013e-01 2.879678e+00 5.001943e+00 
5.909396e-09 1.322847e-02 4.323578e-02 1.274529e-01 4.830485e-01 9.336013e-01 2.879678e+00 5.001943e+00 
6.274732e-09 1.322847e-02 4.323577e-02 1.274529e-01 4.830485e-01 9.336013e-01 2.879678e+00 5.001943e+00 
6.662655e-09 1.322846e-02 4.323577e-02 1.274529e-01 4.830485e-01 9.336012e-01 2.879678e+00 5.001943e+00 
7.074559e-09 1.322846e-02 4.323577e-02 1.274529e-01 4.830485e-01 9.336012e-01 2.879678e+00 5.001943e+00 
7.511929e-09 1.322846e-02 4.323577e-02 1.274529e-01 4.830485e-01 9.336012e-01 2.879678e+00 5.001943e+00 
7.976339e-09 1.322846e-02 4.323576e-02 1.274529e-01 4.830484e-01 9.336012e-01 2.879678e+00 5.001943e+00 
8.469460e-09 1.322846e-02 4.323576e-02 1.274529e-01 4.830484e-01 9.336011e-01 2.879678e+00 5.001943e+00 
8.993067e-09 1.322846e-02 4.323576e-02 1.274529e-01 4.830484e-01 9.336011e-01 2.879678e+00 5.001943e+00 
9.549045e-09 1.322846e-02 4.323576e-02 1.274528e-01 4.830484e-01 9.336011e-01 2.879678e+00 5.001943e+00 
1.013939e-08 1.322846e-02 4.323575e-02 1.274528e-01 4.830483e-01 9.336010e-01 2.879678e+00 5.001943e+00 
1.076624e-08 1.322846e-02 4.323575e-02 1.274528e-01 4.830483e-01 9.336010e-01 2.879678e+00 5.001943e+00 
1.143184e-08 1.322846e-02 4.323575e-02 1.274528e-01 4.830483e-01 9.336009e-01 2.879678e+00 5.001943e+00 
1.213859e-08 1.322846e-02 4.323574e-02 1.274528e-01 4.830482e-01 9.336009e-01 2.879678e+00 5.001943e+00 
1.288904e-08 1.322845e-02 4.323574e-02 1.274528e-01 4.830482e-01 9.336008e-01 2.879678e+00 5.001943e+00 
1.368587e-08 1.322845e-02 4.323573e-02 1.274528e-01 4.830482e-01 9.336008e-01 2.879678e+00 5.001943e+00 
1.453198e-08 1.322845e-02 4.323573e-02 1.274528e-01 4.830481e-01 9.336007e-01 2.879678e+00 5.001943e+00 
1.543038e-08 1.322845e-02 4.323572e-02 1.274528e-01 4.830481e-01 9.336007e-01 2.879678e+00 5.001943e+00 
1.638434e-08 1.322845e-02 4.323572e-02 1.274527e-01 4.830480e-01 9.336006e-01 2.879678e+00 5.001943e+00 
1.739726e-08 1.322845e-02 4.323571e-02 1.274527e-01 4.830480e-01 9.336006e-01 2.879678e+00 5.001943e+00 
1.847281e-08 1.322844e-02 4.323571e-02 1.274527e-01 4.830480e-01 9.336005e-01 2.879678e+00 5.001943e+00 
1.961486e-08 1.322844e-02 4.323570e-02 1.274527e-01 4.830479e-01 9.336004e-01 2.879678e+00 5.001943e+00 
2.082751e-08 1.322844e-02 4.323569e-02 1.274527e-01 4.830478e-01 9.336004e-01 2.879678e+00 5.001943e+00 
2.211512e-08 1.322844e-02 4.323569e-02 1.274527e-01 4.830478e-01 9.336003e-01 2.879678e+00 5.001943e+00 
2.348235e-08 1.322844e-02 4.323568e-02 1.274526e-01 4.830477e-01 9.336002e-01 2.879678e+00 5.001943e+00 
2.493409e-08 1.322843e-02 4.323567e-02 1.274526e-01 4.830477e-01 9.336001e-01 2.879678e+00 5.001943e+00 
2.647559e-08 1.322843e-02 4.323566e-02 1.274526e-01 4.830476e-01 9.336000e-01 2.879678e+00 5.001943e+00 
2.811239e-08 1.322843e-02 4.323565e-02 1.274526e-01 4.830475e-01 9.335999e-01 2.879678e+00 5.001943e+00 
2.985038e-08 1.322842e-02 4.323564e-02 1.274525e-01 4.830474e-01 9.335998e-01 2.879678e+00 5.001943e+00 
3.169582e-08 1.322842e-02 4.323563e-02 1.274525e-01 4.830473e-01 9.335997e-01 2.879677e+00 5.001943e+00 
3.365535e-08 1.322842e-02 4.323562e-02 1.274525e-01 4.830473e-01 9.335996e-01 2.879677e+00 5.001943e+00 
3.573602e-08 1.322841e-02 4.323561e-02 1.274524e-01 4.830472e-01 9.335994e-01 2.879677e+00 5.001943e+00 
3.794533e-08 1.322841e-02 4.323560e-02 1.274524e-01 4.830471e-01 9.335993e-01 2.879677e+00 5.001943e+00 
4.029122e-08 1.322841e-02 4.323558e-02 1.274524e-01 4.830470e-01 9.335992e-01 2.879677e+00 5.001943e+00 
4.278214e-08 1.322840e-02 4.323557e-02 1.274523e-01 4.830468e-01 9.335990e-01 2.879677e+00 5.001943e+00 
4.542706e-08 1.322840e-02 4.323556e-02 1.274523e-01 4.830467e-01 9.335988e-01 2.879677e+00 5.001943e+00 
4.823549e-08 1.322839e-02 4.323554e-02 1.274522e-01 4.830466e-01 9.335987e-01 2.879677e+00 5.001943e+00 
5.121755e-08 1.322839e-02 4.323552e-02 1.274522e-01 4.830464e-01 9.335985e-01 2.879677e+00 5.001943e+00 
5.438397e-08 1.322838e-02 4.323551e-02 1.274521e-01 4.830463e-01 9.335983e-01 2.879677e+00 5.001943e+00 
5.774615e-08 1.322838e-02 4.323549e-02 1.274521e-01 4.830461e-01 9.335981e-01 2.879677e+00 5.001943e+00 
6.131619e-08 1.322837e-02 4.323547e-02 1.274520e-01 4.830460e-01 9.335979e-01 2.879677e+00 5.001943e+00 
6.510694e-08 1.322836e-02 4.323545e-02 1.274520e-01 4.830458e-01 9.335976e-01 2.879677e+00 5.001943e+00 
6.913204e-08 1.322836e-02 4.323542e-02 1.274519e-01 4.830456e-01 9.335974e-01 2.879676e+00 5.001943e+00 
7.340598e-08 1.322835e-02 4.323540e-02 1.274519e-01 4.830454e-01 9.335971e-01 2.879676e+00 5.001943e+00 
7.794416e-08 1.322834e-02 4.323537e-02 1.274518e-01 4.830452e-01 9.335968e-01 2.879676e+00 5.001943e+00 
8.276289e-08 1.322833e-02 4.323535e-02 1.274517e-01 4.830450e-01 9.335965e-01 2.879676e+00 5.001943e+00 
8.787954e-08 1.322832e-02 4.323532e-02 1.274516e-01 4.830448e-01 9.335962e-01 2.879676e+00 5.001943e+00 
9.331251e-08 1.322831e-02 4.323529e-02 1.274515e-01 4.830445e-01 9.335959e-01 2.879676e+00 5.001943e+00 
9.908137e-08 1.322830e-02 4.323526e-02 1.274515e-01 4.830443e-01 9.335955e-01 2.879676e+00 5.001943e+00 
1.052069e-07 1.322829e-02 4.323522e-02 1.274514e-01 4.830440e-01 9.335952e-01 2.879676e+00 5.001943e+00 
1.117111e-07 1.322828e-02 4.323518e-02 1.274513e-01 4.830437e-01 9.335948e-01 2.879675e+00 5.001942e+00 
1.186174e-07 1.322827e-02 4.323515e-02 1.274511e-01 4.830434e-01 9.335943e-01 2.879675e+00 5.001942e+00 
1.259506e-07 1.322826e-02 4.323511e-02 1.274510e-01 4.830430e-01 9.335939e-01 2.879675e+00 5.001942e+00 
1.337373e-07 1.322824e-02 4.323506e-02 1.274509e-01 4.830427e-01 9.335934e-01 2.879675e+00 5.001942e+00 
1.420053e-07 1.322823e-02 4.323502e-02 1.274508e-01 4.830423e-01 9.335929e-01 2.879675e+00 5.001942e+00 
1.507845e-07 1.322821e-02 4.323497e-02 1.274506e-01 4.830419e-01 9.335924e-01 2.879674e+00 5.001942e+00 
1.601064e-07 1.322820e-02 4.323491e-02 1.274505e-01 4.830415e-01 9.335918e-01 2.879674e+00 5.001942e+00 
1.700047e-07 1.322818e-02 4.323486e-02 1.274503e-01 4.830410e-01 9.335912e-01 2.879674e+00 5.001942e+00 
1.805149e-07 1.322816e-02 4.323480e-02 1.274502e-01 4.830405e-01 9.335905e-01 2.879674e+00 5.001942e+00 
1.916748e-07 1.322814e-02 4.323474e-02 1.274500e-01 4.830400e-01 9.335898e-01 2.879673e+00 5.001942e+00 
2.035248e-07 1.322812e-02 4.323467e-02 1.274498e-01 4.830395e-01 9.335891e-01 2.879673e+00 5.001942e+00 
2.161073e-07 1.322810e-02 4.323460e-02 1.274496e-01 4.830389e-01 9.335883e-01 2.879673e+00 5.001942e+00 
2.294676e-07 1.322808e-02 4.323453e-02 1.274494e-01 4.830383e-01 9.335875e-01 2.879672e+00 5.001942e+00 
2.436540e-07 1.322805e-02 4.323445e-02 1.274492e-01 4.830376e-01 9.335866e-01 2.879672e+00 5.001942e+00 
2.587174e-07 1.322803e-02 4.323436e-02 1.274490e-01 4.830369e-01 9.335857e-01 2.879671e+00 5.001942e+00 
2.747121e-07 1.322800e-02 4.323427e-02 1.274487e-01 4.830362e-01 9.335847e-01 2.879671e+00 5.001942e+00 
2.916956e-07 1.322797e-02 4.323418e-02 1.274484e-01 4.830354e-01 9.335837e-01 2.879671e+00 5.001942e+00 
3.097291e-07 1.322794e-02 4.323408e-02 1.274482e-01 4.830346e-01 9.335826e-01 2.879670e+00 5.001942e+00 
3.288774e-07 1.322790e-02 4.323397e-02 1.274479e-01 4.830337e-01 9.335814e-01 2.879670e+00 5.001941e+00 
3.492096e-07 1.322787e-02 4.323386e-02 1.274476e-01 4.830328e-01 9.335801e-01 2.879669e+00 5.001941e+00 
3.707988e-07 1.322783e-02 4.323374e-02 1.274472e-01 4.830318e-01 9.335788e-01 2.879669e+00 5.001941e+00 
3.937226e-07 1.322779e-02 4.323361e-02 1.274469e-01 4.830307e-01 9.335774e-01 2.879668e+00 5.001941e+00 
4.180637e-07 1.322775e-02 4.323347e-02 1.274465e-01 4.830296e-01 9.335759e-01 2.879667e+00 5.001941e+00 
4.439097e-07 1.322770e-02 4.323333e-02 1.274461e-01 4.830284e-01 9.335743e-01 2.879667e+00 5.001941e+00 
4.713535e-07 1.322766e-02 4.323318e-02 1.274457e-01 4.830272e-01 9.335726e-01 2.879666e+00 5.001941e+00 
5.004939e-07 1.322760e-02 4.323301e-02 1.274452e-01 4.830258e-01 9.335708e-01 2.879665e+00 5.001941e+00 
5.314359e-07 1.322755e-02 4.323284e-02 1.274447e-01 4.830244e-01 9.335689e-01 2.879664e+00 5.001941e+00 
5.642908e-07 1.322749e-02 4.323266e-02 1.274442e-01 4.830229e-01 9.335669e-01 2.879663e+00 5.001940e+00 
5.991770e-07 1.322743e-02 4.323246e-02 1.274437e-01 4.830213e-01 9.335647e-01 2.879663e+00 5.001940e+00 
6.362198e-07 1.322737e-02 4.323225e-02 1.274431e-01 4.830196e-01 9.335625e-01 2.879662e+00 5.001940e+00 
6.755528e-07 1.322730e-02 4.323204e-02 1.274425e-01 4.830178e-01 9.335600e-01 2.879661e+00 5.001940e+00 
7.173175e-07 1.322723e-02 4.323180e-02 1.274418e-01 4.830159e-01 9.335575e-01 2.879659e+00 5.001940e+00 
7.616642e-07 1.322715e-02 4.323155e-02 1.274411e-01 4.830139e-01 9.335547e-01 2.879658e+00 5.001939e+00 
8.087525e-07 1.322707e-02 4.323129e-02 1.274404e-01 4.830117e-01 9.335518e-01 2.879657e+00 5.001939e+00 
8.587519e-07 1.322698e-02 4.323101e-02 1.274396e-01 4.830094e-01 9.335487e-01 2.879656e+00 5.001939e+00 
9.118425e-07 1.322689e-02 4.323072e-02 1.274388e-01 4.830070e-01 9.335455e-01 2.879654e+00 5.001939e+00 
9.682153e-07 1.322679e-02 4.323040e-02 1.274379e-01 4.830044e-01 9.335420e-01 2.879653e+00 5.001938e+00 
1.028073e-06 1.322669e-02 4.323007e-02 1.274370e-01 4.830016e-01 9.335383e-01 2.879651e+00 5.001938e+00 
1.091632e-06 1.322657e-02 4.322971e-02 1.274360e-01 4.829987e-01 9.335344e-01 2.879650e+00 5.001938e+00 
1.159120e-06 1.322646e-02 4.322933e-02 1.274349e-01 4.829956e-01 9.335302e-01 2.879648e+00 5.001938e+00 
1.230780e-06 1.322633e-02 4.322893e-02 1.274338e-01 4.829923e-01 9.335258e-01 2.879646e+00 5.001937e+00 
1.306870e-06 1.322620e-02 4.322851e-02 1.274326e-01 4.829888e-01 9.335211e-01 2.879644e+00 5.001937e+00 
1.387665e-06 1.322606e-02 4.322806e-02 1.274314e-01 4.829851e-01 9.335162e-01 2.879642e+00 5.001937e+00 
1.473454e-06 1.322591e-02 4.322758e-02 1.274300e-01 4.829812e-01 9.335109e-01 2.879640e+00 5.001936e+00 
1.564548e-06 1.322575e-02 4.322707e-02 1.274286e-01 4.829770e-01 9.335053e-01 2.879637e+00 5.001936e+00 
1.661273e-06 1.322558e-02 4.322653e-02 1.274271e-01 4.829726e-01 9.334993e-01 2.879635e+00 5.001935e+00 
1.763977e-06 1.322540e-02 4.322596e-02 1.274255e-01 4.829679e-01 9.334930e-01 2.879632e+00 5.001935e+00 
1.873032e-06 1.322521e-02 4.322535e-02 1.274238e-01 4.829629e-01 9.334863e-01 2.879629e+00 5.001934e+00 
1.988828e-06 1.322501e-02 4.322470e-02 1.274220e-01 4.829576e-01 9.334791e-01 2.879626e+00 5.001934e+00 
2.111783e-06 1.322480e-02 4.322401e-02 1.274201e-01 4.829519e-01 9.334716e-01 2.879623e+00 5.001933e+00 
2.242340e-06 1.322457e-02 4.322329e-02 1.274181e-01 4.829459e-01 9.334635e-01 2.879619e+00 5.001933e+00 
2.380968e-06 1.322433e-02 4.322251e-02 1.274159e-01 4.829396e-01 9.334550e-01 2.879616e+00 5.001932e+00 
2.528166e-06 1.322407e-02 4.322169e-02 1.274136e-01 4.829328e-01 9.334459e-01 2.879612e+00 5.001931e+00 
2.684465e-06 1.322380e-02 4.322082e-02 1.274112e-01 4.829257e-01 9.334363e-01 2.879608e+00 5.001930e+00 
2.850426e-06 1.322351e-02 4.321989e-02 1.274086e-01 4.829181e-01 9.334261e-01 2.879603e+00 5.001930e+00 
3.026648e-06 1.322320e-02 4.321891e-02 1.274058e-01 4.829100e-01 9.334152e-01 2.879599e+00 5.001929e+00 
3.213764e-06 1.322288e-02 4.321786e-02 1.274029e-01 4.829014e-01 9.334037e-01 2.879594e+00 5.001928e+00 
3.412449e-06 1.322253e-02 4.321675e-02 1.273998e-01 4.828923e-01 9.333915e-01 2.879589e+00 5.001927e+00 
3.623416e-06 1.322217e-02 4.321558e-02 1.273966e-01 4.828826e-01 9.333785e-01 2.879583e+00 5.001926e+00 
3.847427e-06 1.322178e-02 4.321432e-02 1.273931e-01 4.828723e-01 9.333647e-01 2.879577e+00 5.001925e+00 
4.085286e-06 1.322136e-02 4.321300e-02 1.273894e-01 4.828614e-01 9.333500e-01 2.879571e+00 5.001924e+00 
4.337850e-06 1.322092e-02 4.321159e-02 1.273854e-01 4.828499e-01 9.333345e-01 2.879564e+00 5.001923e+00 
4.606029e-06 1.322046e-02 4.321009e-02 1.273813e-01 4.828376e-01 9.333180e-01 2.879557e+00 5.001922e+00 
4.890787e-06 1.321996e-02 4.320850e-02 1.273768e-01 4.828245e-01 9.333004e-01 2.879550e+00 5.001920e+00 
5.193150e-06 1.321943e-02 4.320682e-02 1.273721e-01 4.828106e-01 9.332818e-01 2.879542e+00 5.001919e+00 
5.514206e-06 1.321887e-02 4.320502e-02 1.273671e-01 4.827959e-01 9.332621e-01 2.879533e+00 5.001917e+00 
5.855110e-06 1.321828e-02 4.320312e-02 1.273618e-01 4.827803e-01 9.332411e-01 2.879524e+00 5.001916e+00 
6.217090e-06 1.321765e-02 4.320110e-02 1.273562e-01 4.827637e-01 9.332188e-01 2.879515e+00 5.001914e+00 
6.601449e-06 1.321698e-02 4.319896e-02 1.273502e-01 4.827461e-01 9.331951e-01 2.879505e+00 5.001912e+00 
7.009570e-06 1.321627e-02 4.319668e-02 1.273439e-01 4.827274e-01 9.331700e-01 2.879494e+00 5.001910e+00 
7.442922e-06 1.321552e-02 4.319427e-02 1.273371e-01 4.827075e-01 9.331433e-01 2.879483e+00 5.001908e+00 
7.903066e-06 1.321472e-02 4.319170e-02 1.273300e-01 4.826864e-01 9.331150e-01 2.879471e+00 5.001906e+00 
8.391656e-06 1.321387e-02 4.318898e-02 1.273224e-01 4.826641e-01 9.330849e-01 2.879458e+00 5.001904e+00 
8.910453e-06 1.321297e-02 4.318608e-02 1.273143e-01 4.826403e-01 9.330530e-01 2.879444e+00 5.001901e+00 
9.461324e-06 1.321201e-02 4.318301e-02 1.273057e-01 4.826150e-01 9.330191e-01 2.879430e+00 5.001899e+00 
1.004625e-05 1.321099e-02 4.317975e-02 1.272966e-01 4.825882e-01 9.329831e-01 2.879414e+00 5.001896e+00 
1.066734e-05 1.320991e-02 4.317629e-02 1.272870e-01 4.825598e-01 9.329448e-01 2.879398e+00 5.001893e+00 
1.132683e-05 1.320877e-02 4.317262e-02 1.272767e-01 4.825296e-01 9.329043e-01 2.879381e+00 5.001890e+00 
1.202708e-05 1.320755e-02 4.316872e-02 1.272658e-01 4.824975e-01 9.328612e-01 2.879362e+00 5.001887e+00 
1.277063e-05 1.320626e-02 4.316458e-02 1.272543e-01 4.824635e-01 9.328154e-01 2.879343e+00 5.001884e+00 
1.356015e-05 1.320489e-02 4.316018e-02 1.272420e-01 4.824273e-01 9.327668e-01 2.879322e+00 5.001880e+00 
1.439848e-05 1.320343e-02 4.315552e-02 1.272290e-01 4.823890e-01 9.327152e-01 2.879300e+00 5.001876e+00 
1.528864e-05 1.320189e-02 4.315056e-02 1.272152e-01 4.823482e-01 9.326605e-01 2.879276e+00 5.001872e+00 
1.623382e-05 1.320025e-02 4.314530e-02 1.272005e-01 4.823049e-01 9.326023e-01 2.879252e+00 5.001867e+00 
1.723745e-05 1.319851e-02 4.313972e-02 1.271849e-01 4.822590e-01 9.325406e-01 2.879225e+00 5.001863e+00 
1.830312e-05 1.319666e-02 4.313379e-02 1.271684e-01 4.822103e-01 9.324750e-01 2.879197e+00 5.001858e+00 
1.943467e-05 1.319470e-02 4.312750e-02 1.271508e-01 4.821585e-01 9.324054e-01 2.879167e+00 5.001852e+00 
2.063618e-05 1.319261e-02 4.312082e-02 1.271322e-01 4.821036e-01 9.323315e-01 2.879136e+00 5.001847e+00 
2.191197e-05 1.319040e-02 4.311373e-02 1.271124e-01 4.820452e-01 9.322531e-01 2.879102e+00 5.001841e+00 
2.326663e-05 1.318806e-02 4.310621e-02 1.270914e-01 4.819833e-01 9.321698e-01 2.879067e+00 5.001835e+00 
2.470504e-05 1.318557e-02 4.309822e-02 1.270691e-01 4.819175e-01 9.320814e-01 2.879029e+00 5.001828e+00 
2.623238e-05 1.318292e-02 4.308974e-02 1.270455e-01 4.818477e-01 9.319875e-01 2.878989e+00 5.001821e+00 
2.785414e-05 1.318012e-02 4.308075e-02 1.270203e-01 4.817736e-01 9.318878e-01 2.878946e+00 5.001813e+00 
2.957617e-05 1.317714e-02 4.307119e-02 1.269937e-01 4.816950e-01 9.317820e-01 2.878901e+00 5.001805e+00 
3.140465e-05 1.317398e-02 4.306106e-02 1.269654e-01 4.816115e-01 9.316696e-01 2.878853e+00 5.001797e+00 
3.334618e-05 1.317062e-02 4.305030e-02 1.269354e-01 4.815229e-01 9.315503e-01 2.878802e+00 5.001788e+00 
3.540774e-05 1.316706e-02 4.303888e-02 1.269035e-01 4.814288e-01 9.314237e-01 2.878747e+00 5.001778e+00 
3.759675e-05 1.316328e-02 4.302677e-02 1.268697e-01 4.813289e-01 9.312892e-01 2.878690e+00 5.001768e+00 
3.992109e-05 1.315927e-02 4.301391e-02 1.268338e-01 4.812229e-01 9.311465e-01 2.878629e+00 5.001757e+00 
4.238913e-05 1.315502e-02 4.300026e-02 1.267957e-01 4.811104e-01 9.309949e-01 2.878564e+00 5.001745e+00 
4.500975e-05 1.315050e-02 4.298578e-02 1.267553e-01 4.809910e-01 9.308341e-01 2.878495e+00 5.001733e+00 
4.779239e-05 1.314571e-02 4.297042e-02 1.267124e-01 4.808643e-01 9.306633e-01 2.878422e+00 5.001720e+00 
5.074705e-05 1.314063e-02 4.295412e-02 1.266668e-01 4.807297e-01 9.304820e-01 2.878344e+00 5.001707e+00 
5.388438e-05 1.313524e-02 4.293682e-02 1.266185e-01 4.805870e-01 9.302896e-01 2.878261e+00 5.001692e+00 
5.721568e-05 1.312952e-02 4.291847e-02 1.265673e-01 4.804354e-01 9.300853e-01 2.878174e+00 5.001676e+00 
6.075292e-05 1.312345e-02 4.289901e-02 1.265129e-01 4.802746e-01 9.298684e-01 2.878081e+00 5.001660e+00 
6.450884e-05 1.311701e-02 4.287835e-02 1.264552e-01 4.801040e-01 9.296382e-01 2.877982e+00 5.001642e+00 
6.849697e-05 1.311018e-02 4.285644e-02 1.263941e-01 4.799229e-01 9.293938e-01 2.877877e+00 5.001624e+00 
7.273165e-05 1.310293e-02 4.283321e-02 1.263291e-01 4.797307e-01 9.291344e-01 2.877766e+00 5.001604e+00 
7.722814e-05 1.309525e-02 4.280856e-02 1.262603e-01 4.795268e-01 9.288591e-01 2.877647e+00 5.001583e+00 
8.200261e-05 1.308710e-02 4.278242e-02 1.261873e-01 4.793105e-01 9.285668e-01 2.877522e+00 5.001561e+00 
8.707225e-05 1.307846e-02 4.275470e-02 1.261098e-01 4.790809e-01 9.282566e-01 2.877388e+00 5.001537e+00 
9.245531e-05 1.306930e-02 4.272530e-02 1.260276e-01 4.788374e-01 9.279274e-01 2.877247e+00 5.001512e+00 
9.817117e-05 1.305958e-02 4.269413e-02 1.259405e-01 4.785790e-01 9.275780e-01 2.877096e+00 5.001486e+00 
1.042404e-04 1.304928e-02 4.266108e-02 1.258481e-01 4.783049e-01 9.272071e-01 2.876937e+00 5.001457e+00 
1.106848e-04 1.303836e-02 4.262604e-02 1.257502e-01 4.780141e-01 9.268135e-01 2.876767e+00 5.001427e+00 
1.175277e-04 1.302679e-02 4.258890e-02 1.256464e-01 4.777057e-01 9.263958e-01 2.876587e+00 5.001395e+00 
1.247936e-04 1.301452e-02 4.254953e-02 1.255363e-01 4.773785e-01 9.259525e-01 2.876396e+00 5.001361e+00 
1.325087e-04 1.300152e-02 4.250781e-02 1.254196e-01 4.770316e-01 9.254821e-01 2.876193e+00 5.001325e+00 
1.407008e-04 1.298774e-02 4.246360e-02 1.252959e-01 4.766636e-01 9.249829e-01 2.875977e+00 5.001287e+00 
1.493993e-04 1.297314e-02 4.241675e-02 1.251649e-01 4.762734e-01 9.244533e-01 2.875748e+00 5.001247e+00 
1.586357e-04 1.295768e-02 4.236711e-02 1.250260e-01 4.758597e-01 9.238912e-01 2.875505e+00 5.001204e+00 
1.684430e-04 1.294130e-02 4.231454e-02 1.248788e-01 4.754210e-01 9.232949e-01 2.875247e+00 5.001158e+00 
1.788566e-04 1.292395e-02 4.225885e-02 1.247230e-01 4.749559e-01 9.226623e-01 2.874972e+00 5.001109e+00 
1.899141e-04 1.290558e-02 4.219988e-02 1.245579e-01 4.744629e-01 9.219911e-01 2.874681e+00 5.001058e+00 
2.016551e-04 1.288613e-02 4.213744e-02 1.243830e-01 4.739404e-01 9.212790e-01 2.874372e+00 5.001003e+00 
2.141220e-04 1.286555e-02 4.207134e-02 1.241979e-01 4.733866e-01 9.205237e-01 2.874043e+00 5.000945e+00 
2.273597e-04 1.284376e-02 4.200138e-02 1.240019e-01 4.727997e-01 9.197225e-01 2.873695e+00 5.000883e+00 
2.414157e-04 1.282071e-02 4.192735e-02 1.237944e-01 4.721778e-01 9.188727e-01 2.873324e+00 5.000818e+00 
2.563407e-04 1.279632e-02 4.184901e-02 1.235748e-01 4.715190e-01 9.179714e-01 2.872931e+00 5.000748e+00 
2.721885e-04 1.277052e-02 4.176615e-02 1.233425e-01 4.708211e-01 9.170156e-01 2.872513e+00 5.000674e+00 
2.890160e-04 1.274324e-02 4.167852e-02 1.230967e-01 4.700819e-01 9.160020e-01 2.872070e+00 5.000596e+00 
3.068838e-04 1.271441e-02 4.158588e-02 1.228367e-01 4.692992e-01 9.149272e-01 2.871598e+00 5.000512e+00 
3.258562e-04 1.268393e-02 4.148794e-02 1.225619e-01 4.684704e-01 9.137878e-01 2.871098e+00 5.000424e+00 
3.460016e-04 1.265172e-02 4.138445e-02 1.222713e-01 4.675930e-01 9.125798e-01 2.870567e+00 5.000330e+00 
3.673925e-04 1.261771e-02 4.127512e-02 1.219642e-01 4.666644e-01 9.112992e-01 2.870002e+00 5.000230e+00 
3.901058e-04 1.258179e-02 4.115965e-02 1.216398e-01 4.656817e-01 9.099420e-01 2.869403e+00 5.000124e+00 
4.142232e-04 1.254387e-02 4.103774e-02 1.212971e-01 4.646420e-01 9.085035e-01 2.868766e+00 5.000012e+00 
4.398317e-04 1.250385e-02 4.090907e-02 1.209352e-01 4.635422e-01 9.069793e-01 2.868090e+00 4.999892e+00 
4.670234e-04 1.246164e-02 4.077331e-02 1.205532e-01 4.623793e-01 9.053642e-01 2.867372e+00 4.999765e+00 
4.958962e-04 1.241713e-02 4.063014e-02 1.201502e-01 4.611497e-01 9.036533e-01 2.866609e+00 4.999631e+00 
5.265540e-04 1.237021e-02 4.047919e-02 1.197250e-01 4.598501e-01 9.018410e-01 2.865799e+00 4.999488e+00 
5.591071e-04 1.232078e-02 4.032012e-02 1.192768e-01 4.584768e-01 8.999217e-01 2.864939e+00 4.999336e+00 
5.936727e-04 1.226872e-02 4.015257e-02 1.188043e-01 4.570261e-01 8.978894e-01 2.864025e+00 4.999174e+00 
6.303753e-04 1.221392e-02 3.997615e-02 1.183066e-01 4.554942e-01 8.957377e-01 2.863054e+00 4.999003e+00 
6.693470e-04 1.215626e-02 3.979050e-02 1.177825e-01 4.538770e-01 8.934602e-01 2.862023e+00 4.998821e+00 
7.107280e-04 1.209563e-02 3.959522e-02 1.172309e-01 4.521703e-01 8.910499e-01 2.860927e+00 4.998628e+00 
7.546673e-04 1.203191e-02 3.938994e-02 1.166505e-01 4.503699e-01 8.884997e-01 2.859763e+00 4.998423e+00 
8.013230e-04 1.196498e-02 3.917425e-02 1.160404e-01 4.484714e-01 8.858020e-01 2.858527e+00 4.998205e+00 
8.508632e-04 1.189471e-02 3.894777e-02 1.153992e-01 4.464703e-01 8.829491e-01 2.857214e+00 4.997973e+00 
9.034660e-04 1.182100e-02 3.871011e-02 1.147259e-01 4.443620e-01 8.799328e-01 2.855819e+00 4.997728e+00 
9.593209e-04 1.174372e-02 3.846088e-02 1.140191e-01 4.421417e-01 8.767446e-01 2.854337e+00 4.997467e+00 
1.018629e-03 1.166275e-02 3.819968e-02 1.132779e-01 4.398048e-01 8.733757e-01 2.852762e+00 4.997190e+00 
1.081604e-03 1.157799e-02 3.792616e-02 1.125009e-01 4.373463e-01 8.698171e-01 2.851089e+00 4.996895e+00 
1.148472e-03 1.148933e-02 3.763993e-02 1.116871e-01 4.347613e-01 8.660593e-01 2.849311e+00 4.996583e+00 
1.219473e-03 1.139665e-02 3.734065e-02 1.108354e-01 4.320451e-01 8.620927e-01 2.847422e+00 4.996250e+00 
1.294865e-03 1.129986e-02 3.702799e-02 1.099447e-01 4.291926e-01 8.579072e-01 2.845415e+00 4.995898e+00 
1.374917e-03 1.119887e-02 3.670161e-02 1.090140e-01 4.261990e-01 8.534926e-01 2.843282e+00 4.995523e+00 
1.459919e-03 1.109358e-02 3.636124e-02 1.080423e-01 4.230595e-01 8.488385e-01 2.841015e+00 4.995126e+00 
1.550175e-03 1.098392e-02 3.600660e-02 1.070287e-01 4.197693e-01 8.439341e-01 2.838607e+00 4.994703e+00 
1.646012e-03 1.086983e-02 3.563747e-02 1.059726e-01 4.163240e-01 8.387686e-01 2.836047e+00 4.994254e+00 
1.747773e-03 1.075124e-02 3.525363e-02 1.048730e-01 4.127190e-01 8.333311e-01 2.833326e+00 4.993778e+00 
1.855825e-03 1.062811e-02 3.485492e-02 1.037295e-01 4.089503e-01 8.276104e-01 2.830434e+00 4.993271e+00 
1.970558e-03 1.050041e-02 3.444124e-02 1.025416e-01 4.050139e-01 8.215957e-01 2.827360e+00 4.992734e+00 
2.092383e-03 1.036813e-02 3.401251e-02 1.013088e-01 4.009062e-01 8.152758e-01 2.824092e+00 4.992162e+00 
2.221741e-03 1.023126e-02 3.356871e-02 1.000311e-01 3.966241e-01 8.086401e-01 2.820618e+00 4.991556e+00 
2.359095e-03 1.008982e-02 3.310987e-02 9.870830e-02 3.921647e-01 8.016777e-01 2.816924e+00 4.990911e+00 
2.504942e-03 9.943838e-03 3.263609e-02 9.734056e-02 3.875258e-01 7.943786e-01 2.812997e+00 4.990226e+00 
2.659804e-03 9.793379e-03 3.214753e-02 9.592818e-02 3.827057e-01 7.867328e-01 2.808821e+00 4.989499e+00 
2.824241e-03 9.638513e-03 3.164441e-02 9.447165e-02 3.777033e-01 7.787312e-01 2.804380e+00 4.988726e+00 
2.998844e-03 9.479334e-03 3.112702e-02 9.297167e-02 3.725180e-01 7.703652e-01 2.799657e+00 4.987906e+00 
3.184242e-03 9.315958e-03 3.059572e-02 9.142912e-02 3.671504e-01 7.616270e-01 2.794635e+00 4.987033e+00 
3.381101e-03 9.148524e-03 3.005094e-02 8.984512e-02 3.616014e-01 7.525100e-01 2.789292e+00 4.986107e+00 
3.590130e-03 8.977190e-03 2.949319e-02 8.822101e-02 3.558731e-01 7.430087e-01 2.783608e+00 4.985122e+00 
3.812083e-03 8.802139e-03 2.892305e-02 8.655835e-02 3.499683e-01 7.331188e-01 2.777562e+00 4.984076e+00 
4.047757e-03 8.623575e-03 2.834117e-02 8.485891e-02 3.438908e-01 7.228377e-01 2.771128e+00 4.982965e+00 
4.298001e-03 8.441721e-03 2.774825e-02 8.312469e-02 3.376454e-01 7.121644e-01 2.764282e+00 4.981783e+00 
4.563716e-03 8.256822e-03 2.714511e-02 8.135791e-02 3.312379e-01 7.010996e-01 2.756997e+00 4.980528e+00 
4.845859e-03 8.069144e-03 2.653258e-02 7.956101e-02 3.246751e-01 6.896464e-01 2.749243e+00 4.979194e+00 
5.145444e-03 7.878969e-03 2.591159e-02 7.773660e-02 3.179648e-01 6.778096e-01 2.740990e+00 4.977777e+00 
5.463550e-03 7.686595e-03 2.528311e-02 7.588749e-02 3.111160e-01 6.655968e-01 2.732204e+00 4.976270e+00 
5.801323e-03 7.492339e-03 2.464817e-02 7.401668e-02 3.041383e-01 6.530177e-01 2.722850e+00 4.974668e+00 
6.159978e-03 7.296526e-03 2.400783e-02 7.212731e-02 2.970427e-01 6.400847e-01 2.712891e+00 4.972966e+00 
6.540806e-03 7.099496e-03 2.336320e-02 7.022263e-02 2.898408e-01 6.268128e-01 2.702285e+00 4.971156e+00 
6.945178e-03 6.901596e-03 2.271542e-02 6.830605e-02 2.825452e-01 6.132195e-01 2.690989e+00 4.969232e+00 
7.374549e-03 6.703178e-03 2.206565e-02 6.638103e-02 2.751690e-01 5.993252e-01 2.678959e+00 4.967186e+00 
7.830465e-03 6.504599e-03 2.141507e-02 6.445111e-02 2.677263e-01 5.851526e-01 2.666144e+00 4.965011e+00 
8.314568e-03 6.306218e-03 2.076485e-02 6.251986e-02 2.602315e-01 5.707270e-01 2.652493e+00 4.962698e+00 
8.828599e-03 6.108392e-03 2.011619e-02 6.059086e-02 2.526996e-01 5.560760e-01 2.637950e+00 4.960238e+00 
9.374409e-03 5.911473e-03 1.947024e-02 5.866767e-02 2.451457e-01 5.412294e-01 2.622456e+00 4.957622e+00 
9.953962e-03 5.715807e-03 1.882816e-02 5.675383e-02 2.375852e-01 5.262186e-01 2.605949e+00 4.954839e+00 
1.056935e-02 5.521732e-03 1.819106e-02 5.485277e-02 2.300336e-01 5.110769e-01 2.588362e+00 4.951879e+00 
1.122277e-02 5.329574e-03 1.756002e-02 5.296786e-02 2.225063e-01 4.958387e-01 2.569625e+00 4.948729e+00 
1.191660e-02 5.139645e-03 1.693610e-02 5.110233e-02 2.150185e-01 4.805394e-01 2.549665e+00 4.945377e+00 
1.265332e-02 4.952244e-03 1.632029e-02 4.925929e-02 2.075848e-01 4.652150e-01 2.528404e+00 4.941811e+00 
1.343558e-02 4.767651e-03 1.571351e-02 4.744168e-02 2.002196e-01 4.499016e-01 2.505763e+00 4.938014e+00 
1.426621e-02 4.586129e-03 1.511666e-02 4.565225e-02 1.929368e-01 4.346350e-01 2.481657e+00 4.933973e+00 
1.514819e-02 4.407921e-03 1.453054e-02 4.389359e-02 1.857493e-01 4.194506e-01 2.456001e+00 4.929671e+00 
1.608469e-02 4.233249e-03 1.395591e-02 4.216806e-02 1.786694e-01 4.043827e-01 2.428708e+00 4.925089e+00 
1.707910e-02 4.062314e-03 1.339343e-02 4.047784e-02 1.717087e-01 3.894645e-01 2.399690e+00 4.920209e+00 
1.813498e-02 3.895296e-03 1.284372e-02 3.882485e-02 1.648776e-01 3.747274e-01 2.368861e+00 4.915011e+00 
1.925614e-02 3.732352e-03 1.230730e-02 3.721083e-02 1.581858e-01 3.602011e-01 2.336135e+00 4.909472e+00 
2.044661e-02 3.573617e-03 1.178463e-02 3.563727e-02 1.516418e-01 3.459133e-01 2.301434e+00 4.903570e+00 
2.171068e-02 3.419207e-03 1.127611e-02 3.410544e-02 1.452534e-01 3.318893e-01 2.264685e+00 4.897278e+00 
2.305289e-02 3.269212e-03 1.078204e-02 3.261641e-02 1.390270e-01 3.181520e-01 2.225829e+00 4.890570e+00 
2.447809e-02 3.123706e-03 1.030268e-02 3.117102e-02 1.329683e-01 3.047220e-01 2.184817e+00 4.883416e+00 
2.599140e-02 2.982739e-03 9.838211e-03 2.976991e-02 1.270818e-01 2.916173e-01 2.141624e+00 4.875784e+00 
2.759826e-02 2.846346e-03 9.388745e-03 2.841351e-02 1.213714e-01 2.788532e-01 2.096243e+00 4.867640e+00 
2.930447e-02 2.714540e-03 8.954342e-03 2.710208e-02 1.158395e-01 2.664430e-01 2.048696e+00 4.858947e+00 
3.111616e-02 2.587319e-03 8.535003e-03 2.583569e-02 1.104882e-01 2.543969e-01 1.999038e+00 4.849665e+00 
3.303985e-02 2.464667e-03 8.130677e-03 2.461425e-02 1.053184e-01 2.427233e-01 1.947356e+00 4.839750e+00 
3.508247e-02 2.346549e-03 7.741261e-03 2.343752e-02 1.003304e-01 2.314281e-01 1.893776e+00 4.829156e+00 
3.725137e-02 2.232920e-03 7.366612e-03 2.230511e-02 9.552371e-02 2.205152e-01 1.838463e+00 4.817832e+00 
3.955436e-02 2.123722e-03 7.006542e-03 2.121650e-02 9.089717e-02 2.099865e-01 1.781617e+00 4.805722e+00 
4.199973e-02 2.018887e-03 6.660830e-03 2.017107e-02 8.644907e-02 1.998420e-01 1.723474e+00 4.792765e+00 
4.459628e-02 1.918334e-03 6.329220e-03 1.916808e-02 8.217712e-02 1.900802e-01 1.664297e+00 4.778896e+00 
4.735335e-02 1.821978e-03 6.011429e-03 1.820670e-02 7.807858e-02 1.806980e-01 1.604373e+00 4.764044e+00 
5.028087e-02 1.729724e-03 5.707147e-03 1.728605e-02 7.415026e-02 1.716911e-01 1.544003e+00 4.748130e+00 
5.338938e-02 1.641470e-03 5.416047e-03 1.640514e-02 7.038862e-02 1.630537e-01 1.483489e+00 4.731070e+00 
5.669007e-02 1.557111e-03 5.137781e-03 1.556295e-02 6.678980e-02 1.547794e-01 1.423134e+00 4.712769e+00 
6.019482e-02 1.476537e-03 4.871987e-03 1.475841e-02 6.334966e-02 1.468605e-01 1.363224e+00 4.693125e+00 
6.391624e-02 1.399633e-03 4.618292e-03 1.399041e-02 6.006386e-02 1.392888e-01 1.304029e+00 4.672026e+00 
6.786773e-02 1.326285e-03 4.376316e-03 1.325781e-02 5.692789e-02 1.320554e-01 1.245791e+00 4.649349e+00 
7.206351e-02 1.256373e-03 4.145670e-03 1.255945e-02 5.393708e-02 1.251509e-01 1.188725e+00 4.624959e+00 
7.651869e-02 1.189779e-03 3.925964e-03 1.189415e-02 5.108670e-02 1.185655e-01 1.133017e+00 4.598707e+00 
8.124930e-02 1.126384e-03 3.716807e-03 1.126075e-02 4.837193e-02 1.122889e-01 1.078820e+00 4.570429e+00 
8.627237e-02 1.066068e-03 3.517806e-03 1.065807e-02 4.578792e-02 1.063110e-01 1.026256e+00 4.539944e+00 
9.160598e-02 1.008714e-03 3.328571e-03 1.008493e-02 4.332984e-02 1.006212e-01 9.754224e-01 4.507056e+00 
9.726934e-02 9.542048e-04 3.148718e-03 9.540173e-03 4.099283e-02 9.520893e-02 9.263867e-01 4.471545e+00 
1.032828e-01 9.024239e-04 2.977866e-03 9.022654e-03 3.877213e-02 9.006369e-02 8.791944e-01 4.433174e+00 
1.096681e-01 8.532584e-04 2.815640e-03 8.531244e-03 3.666299e-02 8.517498e-02 8.338705e-01 4.391681e+00 
1.164481e-01 8.065968e-04 2.661674e-03 8.064836e-03 3.466077e-02 8.053240e-02 7.904219e-01 4.346781e+00 
1.236472e-01 7.623303e-04 2.515609e-03 7.622347e-03 3.276088e-02 7.612570e-02 7.488402e-01 4.298165e+00 
1.312915e-01 7.203528e-04 2.377096e-03 7.202722e-03 3.095888e-02 7.194483e-02 7.091046e-01 4.245502e+00 
1.394083e-01 6.805610e-04 2.245794e-03 6.804930e-03 2.925039e-02 6.797991e-02 6.711839e-01 4.188441e+00 
1.480269e-01 6.428547e-04 2.121372e-03 6.427975e-03 2.763118e-02 6.422133e-02 6.350384e-01 4.126615e+00 
1.571784e-01 6.071368e-04 2.003511e-03 6.070886e-03 2.609714e-02 6.065970e-02 6.006222e-01 4.059651e+00 
1.668956e-01 5.733134e-04 1.891900e-03 5.732728e-03 2.464428e-02 5.728594e-02 5.678839e-01 3.987181e+00 
1.772136e-01 5.412938e-04 1.786241e-03 5.412596e-03 2.326874e-02 5.409120e-02 5.367688e-01 3.908865e+00 
1.881694e-01 5.109905e-04 1.686244e-03 5.109617e-03 2.196679e-02 5.106696e-02 5.072193e-01 3.824415e+00 
1.998026e-01 4.823194e-04 1.591634e-03 4.822953e-03 2.073486e-02 4.820498e-02 4.791764e-01 3.733625e+00 
2.121550e-01 4.551997e-04 1.502142e-03 4.551794e-03 1.956949e-02 4.549732e-02 4.525802e-01 3.636416e+00 
2.252711e-01 4.295537e-04 1.417513e-03 4.295366e-03 1.846737e-02 4.293635e-02 4.273703e-01 3.532874e+00 
2.391980e-01 4.053069e-04 1.337501e-03 4.052925e-03 1.742530e-02 4.051472e-02 4.034869e-01 3.423285e+00 
2.539859e-01 3.823880e-04 1.261870e-03 3.823759e-03 1.644026e-02 3.822540e-02 3.808709e-01 3.308167e+00 
2.696881e-01 3.607287e-04 1.190396e-03 3.607186e-03 1.550930e-02 3.606164e-02 3.594641e-01 3.188271e+00 
2.863610e-01 3.402640e-04 1.122864e-03 3.402555e-03 1.462964e-02 3.401697e-02 3.392096e-01 3.064558e+00 
3.040646e-01 3.209314e-04 1.059067e-03 3.209242e-03 1.379862e-02 3.208523e-02 3.200523e-01 2.938148e+00 
3.228628e-01 3.026715e-04 9.988108e-04 3.026655e-03 1.301367e-02 3.026052e-02 3.019385e-01 2.810251e+00 
3.428231e-01 2.854276e-04 9.419069e-04 2.854226e-03 1.227238e-02 2.853721e-02 2.848164e-01 2.682084e+00 
3.640175e-01 2.691458e-04 8.881776e-04 2.691416e-03 1.157242e-02 2.690993e-02 2.686361e-01 2.554794e+00 
3.865221e-01 2.537746e-04 8.374533e-04 2.537711e-03 1.091160e-02 2.537356e-02 2.533495e-01 2.429404e+00 
4.104181e-01 2.392652e-04 7.895726e-04 2.392622e-03 1.028781e-02 2.392325e-02 2.389106e-01 2.306776e+00 
4.357913e-01 2.255709e-04 7.443820e-04 2.255685e-03 9.699053e-03 2.255436e-02 2.252752e-01 2.187598e+00 
4.627332e-01 2.126477e-04 7.017356e-04 2.126456e-03 9.143434e-03 2.126248e-02 2.124010e-01 2.072386e+00 
4.913407e-01 2.004535e-04 6.614950e-04 2.004517e-03 8.619150e-03 2.004343e-02 2.002477e-01 1.961503e+00 
5.217169e-01 1.889484e-04 6.235285e-04 1.889470e-03 8.124490e-03 1.889323e-02 1.887767e-01 1.855180e+00 
5.539709e-01 1.780947e-04 5.877115e-04 1.780935e-03 7.657827e-03 1.780812e-02 1.779514e-01 1.753539e+00 
5.882190e-01 1.678565e-04 5.539254e-04 1.678554e-03 7.217623e-03 1.678452e-02 1.677369e-01 1.656614e+00 
6.245845e-01 1.581997e-04 5.220582e-04 1.581988e-03 6.802415e-03 1.581903e-02 1.580999e-01 1.564375e+00 
6.631981e-01 1.490921e-04 4.920035e-04 1.490914e-03 6.410819e-03 1.490843e-02 1.490089e-01 1.476741e+00 
7.041990e-01 1.405033e-04 4.636604e-04 1.405027e-03 6.041522e-03 1.404967e-02 1.404338e-01 1.393596e+00 
7.477346e-01 1.324043e-04 4.369337e-04 1.324038e-03 5.693283e-03 1.323988e-02 1.323463e-01 1.314797e+00 
7.939618e-01 1.247677e-04 4.117329e-04 1.247672e-03 5.364925e-03 1.247630e-02 1.247193e-01 1.240187e+00 
8.430468e-01 1.175676e-04 3.879726e-04 1.175672e-03 5.055335e-03 1.175637e-02 1.175272e-01 1.169596e+00 
8.951665e-01 1.107795e-04 3.655720e-04 1.107792e-03 4.763458e-03 1.107762e-02 1.107458e-01 1.102851e+00 
9.505083e-01 1.043802e-04 3.444544e-04 1.043799e-03 4.488299e-03 1.043775e-02 1.043521e-01 1.039774e+00 
1.009272e+00 9.834781e-05 3.245476e-04 9.834761e-04 4.228915e-03 9.834555e-03 9.832433e-02 9.801916e-01 
1.071668e+00 9.266161e-05 3.057832e-04 9.266144e-04 3.984415e-03 9.265972e-03 9.264201e-02 9.239301e-01 
1.137921e+00 8.730200e-05 2.880965e-04 8.730185e-04 3.753957e-03 8.730042e-03 8.728563e-02 8.708215e-01 
1.208271e+00 8.225045e-05 2.714264e-04 8.225033e-04 3.536745e-03 8.224913e-03 8.223679e-02 8.207028e-01 
1.282970e+00 7.748948e-05 2.557152e-04 7.748938e-04 3.332028e-03 7.748838e-03 7.747808e-02 7.734164e-01 
1.362287e+00 7.300258e-05 2.409084e-04 7.300249e-04 3.139094e-03 7.300166e-03 7.299306e-02 7.288112e-01 
1.446507e+00 6.877413e-05 2.269546e-04 6.877406e-04 2.957273e-03 6.877335e-03 6.876618e-02 6.867423e-01 
1.535935e+00 6.478939e-05 2.138049e-04 6.478933e-04 2.785932e-03 6.478875e-03 6.478275e-02 6.470715e-01 
1.630891e+00 6.103447e-05 2.014137e-04 6.103442e-04 2.624472e-03 6.103393e-03 6.102892e-02 6.096670e-01 
1.731717e+00 5.749621e-05 1.897375e-04 5.749617e-04 2.472329e-03 5.749576e-03 5.749159e-02 5.744032e-01 
1.838777e+00 5.416224e-05 1.787354e-04 5.416220e-04 2.328969e-03 5.416186e-03 5.415837e-02 5.411610e-01 
1.952456e+00 5.102084e-05 1.683687e-04 5.102081e-04 2.193890e-03 5.102053e-03 5.101761e-02 5.098273e-01 
2.073162e+00 4.806098e-05 1.586012e-04 4.806096e-04 2.066617e-03 4.806072e-03 4.805829e-02 4.802948e-01 
2.201331e+00 4.527224e-05 1.493984e-04 4.527222e-04 1.946702e-03 4.527202e-03 4.526999e-02 4.524619e-01 
2.337424e+00 4.264480e-05 1.407278e-04 4.264479e-04 1.833723e-03 4.264462e-03 4.264292e-02 4.262323e-01 
2.481930e+00 4.016939e-05 1.325590e-04 4.016937e-04 1.727281e-03 4.016923e-03 4.016782e-02 4.015152e-01 
2.635371e+00 3.783725e-05 1.248629e-04 3.783724e-04 1.626999e-03 3.783712e-03 3.783594e-02 3.782245e-01 
2.798297e+00 3.564015e-05 1.176125e-04 3.564014e-04 1.532524e-03 3.564004e-03 3.563905e-02 3.562788e-01 
2.971296e+00 3.357030e-05 1.107820e-04 3.357029e-04 1.443521e-03 3.357021e-03 3.356939e-02 3.356012e-01 
3.154990e+00 3.162038e-05 1.043472e-04 3.162037e-04 1.359675e-03 3.162030e-03 3.161961e-02 3.161193e-01 
3.350041e+00 2.978346e-05 9.828540e-05 2.978345e-04 1.280688e-03 2.978339e-03 2.978282e-02 2.977645e-01 
3.557150e+00 2.805303e-05 9.257498e-05 2.805302e-04 1.206279e-03 2.805297e-03 2.805249e-02 2.804720e-01 
3.777064e+00 2.642293e-05 8.719567e-05 2.642293e-04 1.136185e-03 2.642289e-03 2.642249e-02 2.641810e-01 
4.010573e+00 2.488738e-05 8.212835e-05 2.488738e-04 1.070157e-03 2.488734e-03 2.488701e-02 2.488336e-01 
4.258518e+00 2.344091e-05 7.735500e-05 2.344091e-04 1.007959e-03 2.344088e-03 2.344060e-02 2.343757e-01 
4.521792e+00 2.207837e-05 7.285861e-05 2.207837e-04 9.493694e-04 2.207834e-03 2.207811e-02 2.207559e-01 
4.801343e+00 2.079490e-05 6.862318e-05 2.079490e-04 8.941804e-04 2.079488e-03 2.079469e-02 2.079259e-01 
5.098176e+00 1.958594e-05 6.463360e-05 1.958594e-04 8.421950e-04 1.958592e-03 1.958576e-02 1.958402e-01 
5.413360e+00 1.844716e-05 6.087563e-05 1.844716e-04 7.932277e-04 1.844715e-03 1.844701e-02 1.844556e-01 
5.748030e+00 1.737451e-05 5.733588e-05 1.737451e-04 7.471037e-04 1.737450e-03 1.737438e-02 1.737318e-01 
6.103390e+00 1.636415e-05 5.400171e-05 1.636415e-04 7.036584e-04 1.636414e-03 1.636405e-02 1.636305e-01 
6.480720e+00 1.541248e-05 5.086119e-05 1.541248e-04 6.627366e-04 1.541247e-03 1.541239e-02 1.541156e-01 
6.881377e+00 1.451610e-05 4.790312e-05 1.451610e-04 6.241920e-04 1.451609e-03 1.451602e-02 1.451533e-01 
7.306804e+00 1.367179e-05 4.511690e-05 1.367179e-04 5.878868e-04 1.367178e-03 1.367173e-02 1.367115e-01 
7.758532e+00 1.287654e-05 4.249259e-05 1.287654e-04 5.536912e-04 1.287654e-03 1.287649e-02 1.287601e-01 
8.238187e+00 1.212751e-05 4.002079e-05 1.212751e-04 5.214829e-04 1.212751e-03 1.212747e-02 1.212707e-01 
8.747496e+00 1.142201e-05 3.769264e-05 1.142201e-04 4.911465e-04 1.142201e-03 1.142198e-02 1.142164e-01 
9.288292e+00 1.075752e-05 3.549983e-05 1.075752e-04 4.625734e-04 1.075752e-03 1.075749e-02 1.075721e-01 
9.862522e+00 1.013166e-05 3.343448e-05 1.013166e-04 4.356614e-04 1.013166e-03 1.013164e-02 1.013140e-01 
1.047225e+01 9.542185e-06 3.148921e-05 9.542185e-05 4.103139e-04 9.542183e-04 9.542165e-03 9.541971e-02 
1.111968e+01 8.986983e-06 2.965704e-05 8.986983e-05 3.864402e-04 8.986981e-04 8.986965e-03 8.986804e-02 
1.180713e+01 8.464063e-06 2.793141e-05 8.464063e-05 3.639547e-04 8.464062e-04 8.464049e-03 8.463914e-02 
1.253708e+01 7.971553e-06 2.630612e-05 7.971553e-05 3.427767e-04 7.971551e-04 7.971541e-03 7.971428e-02 
1.331216e+01 7.507684e-06 2.477536e-05 7.507684e-05 3.228304e-04 7.507683e-04 7.507674e-03 7.507580e-02 
1.413516e+01 7.070794e-06 2.333362e-05 7.070794e-05 3.040441e-04 7.070793e-04 7.070785e-03 7.070707e-02 
1.500903e+01 6.659315e-06 2.197574e-05 6.659315e-05 2.863505e-04 6.659314e-04 6.659308e-03 6.659242e-02 
1.593694e+01 6.271770e-06 2.069684e-05 6.271770e-05 2.696861e-04 6.271769e-04 6.271764e-03 6.271709e-02 
1.692220e+01 5.906768e-06 1.949234e-05 5.906768e-05 2.539910e-04 5.906768e-04 5.906763e-03 5.906718e-02 
1.796838e+01 5.563000e-06 1.835790e-05 5.563000e-05 2.392090e-04 5.563000e-04 5.562996e-03 5.562958e-02 
1.907924e+01 5.239231e-06 1.728946e-05 5.239231e-05 2.252869e-04 5.239231e-04 5.239228e-03 5.239196e-02 
2.025878e+01 4.934299e-06 1.628319e-05 4.934299e-05 2.121748e-04 4.934298e-04 4.934296e-03 4.934269e-02 
2.151123e+01 4.647108e-06 1.533545e-05 4.647107e-05 1.998256e-04 4.647107e-04 4.647105e-03 4.647083e-02 
2.284112e+01 4.376626e-06 1.444287e-05 4.376626e-05 1.881949e-04 4.376626e-04 4.376624e-03 4.376606e-02 
2.425323e+01 4.121883e-06 1.360221e-05 4.121883e-05 1.772410e-04 4.121883e-04 4.121882e-03 4.121866e-02 
2.575263e+01 3.881963e-06 1.281048e-05 3.881963e-05 1.669244e-04 3.881963e-04 3.881962e-03 3.881949e-02 
2.734474e+01 3.656004e-06 1.206481e-05 3.656004e-05 1.572082e-04 3.656004e-04 3.656003e-03 3.655993e-02 
2.903527e+01 3.443195e-06 1.136254e-05 3.443195e-05 1.480574e-04 3.443194e-04 3.443194e-03 3.443185e-02 
3.083031e+01 3.242769e-06 1.070114e-05 3.242769e-05 1.394391e-04 3.242769e-04 3.242768e-03 3.242761e-02 
3.273634e+01 3.054007e-06 1.007822e-05 3.054007e-05 1.313223e-04 3.054007e-04 3.054007e-03 3.054001e-02 
3.476019e+01 2.876231e-06 9.491563e-06 2.876231e-05 1.236779e-04 2.876231e-04 2.876231e-03 2.876225e-02 
3.690917e+01 2.708801e-06 8.939045e-06 2.708801e-05 1.164785e-04 2.708801e-04 2.708801e-03 2.708797e-02 
3.919100e+01 2.551116e-06 8.418683e-06 2.551116e-05 1.096980e-04 2.551116e-04 2.551116e-03 2.551112e-02 
4.161391e+01 2.402608e-06 7.928607e-06 2.402608e-05 1.033122e-04 2.402608e-04 2.402608e-03 2.402605e-02 
4.418660e+01 2.262744e-06 7.467056e-06 2.262744e-05 9.729800e-05 2.262744e-04 2.262744e-03 2.262741e-02 
4.691835e+01 2.131021e-06 7.032368e-06 2.131021e-05 9.163388e-05 2.131021e-04 2.131020e-03 2.131018e-02 
4.981898e+01 2.006964e-06 6.622981e-06 2.006964e-05 8.629945e-05 2.006964e-04 2.006964e-03 2.006962e-02 
5.289893e+01 1.890128e-06 6.237424e-06 1.890128e-05 8.127552e-05 1.890128e-04 1.890128e-03 1.890127e-02 
5.616930e+01 1.780093e-06 5.874308e-06 1.780093e-05 7.654402e-05 1.780093e-04 1.780093e-03 1.780092e-02 
5.964185e+01 1.676463e-06 5.532329e-06 1.676463e-05 7.208793e-05 1.676463e-04 1.676463e-03 1.676462e-02 
6.332908e+01 1.578866e-06 5.210257e-06 1.578866e-05 6.789122e-05 1.578866e-04 1.578866e-03 1.578865e-02 
6.724427e+01 1.486949e-06 4.906932e-06 1.486949e-05 6.393881e-05 1.486949e-04 1.486949e-03 1.486948e-02 
7.140151e+01 1.400383e-06 4.621264e-06 1.400383e-05 6.021646e-05 1.400383e-04 1.400383e-03 1.400382e-02 
7.581576e+01 1.318856e-06 4.352225e-06 1.318856e-05 5.671081e-05 1.318856e-04 1.318856e-03 1.318855e-02 
8.050292e+01 1.242075e-06 4.098847e-06 1.242075e-05 5.340922e-05 1.242075e-04 1.242075e-03 1.242074e-02 
8.547985e+01 1.169763e-06 3.860219e-06 1.169763e-05 5.029983e-05 1.169763e-04 1.169763e-03 1.169763e-02 
9.076446e+01 1.101661e-06 3.635483e-06 1.101661e-05 4.737144e-05 1.101661e-04 1.101661e-03 1.101661e-02 
9.637579e+01 1.037524e-06 3.423829e-06 1.037524e-05 4.461353e-05 1.037524e-04 1.037524e-03 1.037524e-02 
1.023340e+02 9.771202e-07 3.224497e-06 9.771203e-06 4.201617e-05 9.771202e-05 9.771202e-04 9.771200e-03 
1.086606e+02 9.202329e-07 3.036769e-06 9.202329e-06 3.957002e-05 9.202329e-05 9.202329e-04 9.202327e-03 
1.153783e+02 8.666573e-07 2.859969e-06 8.666573e-06 3.726627e-05 8.666573e-05 8.666573e-04 8.666572e-03 
1.225114e+02 8.162007e-07 2.693462e-06 8.162007e-06 3.509663e-05 8.162007e-05 8.162007e-04 8.162006e-03 
1.300854e+02 7.686815e-07 2.536649e-06 7.686815e-06 3.305330e-05 7.686815e-05 7.686815e-04 7.686814e-03 
1.381276e+02 7.239286e-07 2.388965e-06 7.239287e-06 3.112893e-05 7.239287e-05 7.239287e-04 7.239286e-03 
1.466671e+02 6.817812e-07 2.249878e-06 6.817812e-06 2.931659e-05 6.817812e-05 6.817812e-04 6.817812e-03 
1.557345e+02 6.420875e-07 2.118889e-06 6.420875e-06 2.760976e-05 6.420875e-05 6.420875e-04 6.420875e-03 
1.653624e+02 6.047047e-07 1.995526e-06 6.047047e-06 2.600230e-05 6.047047e-05 6.047047e-04 6.047047e-03 
1.755856e+02 5.694982e-07 1.879344e-06 5.694983e-06 2.448843e-05 5.694983e-05 5.694983e-04 5.694982e-03 
1.864409e+02 5.363414e-07 1.769927e-06 5.363415e-06 2.306268e-05 5.363415e-05 5.363415e-04 5.363414e-03 
1.979672e+02 5.051150e-07 1.666880e-06 5.051150e-06 2.171995e-05 5.051150e-05 5.051150e-04 5.051150e-03 
2.102061e+02 4.757065e-07 1.569832e-06 4.757066e-06 2.045538e-05 4.757066e-05 4.757066e-04 4.757066e-03 
2.232016e+02 4.480102e-07 1.478434e-06 4.480103e-06 1.926444e-05 4.480103e-05 4.480103e-04 4.480102e-03 
2.370006e+02 4.219264e-07 1.392357e-06 4.219264e-06 1.814284e-05 4.219264e-05 4.219264e-04 4.219264e-03 
2.516527e+02 3.973611e-07 1.311292e-06 3.973611e-06 1.708653e-05 3.973612e-05 3.973612e-04 3.973611e-03 
2.672106e+02 3.742261e-07 1.234946e-06 3.742261e-06 1.609172e-05 3.742261e-05 3.742261e-04 3.742261e-03 
2.837304e+02 3.524379e-07 1.163045e-06 3.524380e-06 1.515483e-05 3.524380e-05 3.524379e-04 3.524379e-03 
3.012714e+02 3.319183e-07 1.095330e-06 3.319183e-06 1.427249e-05 3.319183e-05 3.319183e-04 3.319183e-03 
3.198969e+02 3.125933e-07 1.031558e-06 3.125934e-06 1.344151e-05 3.125934e-05 3.125934e-04 3.125934e-03 
3.396739e+02 2.943935e-07 9.714986e-07 2.943935e-06 1.265892e-05 2.943935e-05 2.943935e-04 2.943935e-03 
3.606735e+02 2.772532e-07 9.149358e-07 2.772533e-06 1.192189e-05 2.772533e-05 2.772533e-04 2.772533e-03 
3.829714e+02 2.611109e-07 8.616662e-07 2.611110e-06 1.122777e-05 2.611110e-05 2.611110e-04 2.611110e-03 
4.066478e+02 2.459085e-07 8.114980e-07 2.459085e-06 1.057407e-05 2.459085e-05 2.459085e-04 2.459085e-03 
4.317880e+02 2.315911e-07 7.642506e-07 2.315911e-06 9.958418e-06 2.315911e-05 2.315911e-04 2.315911e-03 
4.584824e+02 2.181073e-07 7.197541e-07 2.181073e-06 9.378614e-06 2.181073e-05 2.181073e-04 2.181073e-03 
4.868271e+02 2.054085e-07 6.778482e-07 2.054086e-06 8.832568e-06 2.054086e-05 2.054086e-04 2.054086e-03 
5.169242e+02 1.934491e-07 6.383822e-07 1.934491e-06 8.318313e-06 1.934491e-05 1.934491e-04 1.934491e-03 
5.488820e+02 1.821860e-07 6.012139e-07 1.821860e-06 7.833999e-06 1.821860e-05 1.821860e-04 1.821860e-03 
5.828155e+02 1.715786e-07 5.662096e-07 1.715787e-06 7.377883e-06 1.715787e-05 1.715787e-04 1.715787e-03 
6.188468e+02 1.615889e-07 5.332434e-07 1.615889e-06 6.948323e-06 1.615889e-05 1.615889e-04 1.615889e-03 
6.571058e+02 1.521807e-07 5.021965e-07 1.521808e-06 6.543773e-06 1.521808e-05 1.521808e-04 1.521808e-03 
6.977300e+02 1.433203e-07 4.729572e-07 1.433204e-06 6.162776e-06 1.433204e-05 1.433204e-04 1.433204e-03 
7.408657e+02 1.349758e-07 4.454203e-07 1.349759e-06 5.803962e-06 1.349759e-05 1.349759e-04 1.349759e-03 
7.866682e+02 1.271171e-07 4.194867e-07 1.271172e-06 5.466039e-06 1.271172e-05 1.271172e-04 1.271172e-03 
8.353023e+02 1.197160e-07 3.950629e-07 1.197161e-06 5.147790e-06 1.197161e-05 1.197161e-04 1.197161e-03 
8.869432e+02 1.127458e-07 3.720612e-07 1.127458e-06 4.848071e-06 1.127458e-05 1.127458e-04 1.127458e-03 
9.417766e+02 1.061814e-07 3.503987e-07 1.061814e-06 4.565802e-06 1.061814e-05 1.061814e-04 1.061814e-03 
1.000000e+03 9.999921e-08 3.299975e-07 9.999925e-07 4.299968e-06 9.999925e-06 9.999925e-05 9.999925e-04 
