1.000000e-10 1.000000e+00 1.000000e+00 1.000000e+00 1.000000e+00 1.000000e+00 1.000000e+00 1.000000e+00 
1.061823e-10 1.000000e+00 1.000000e+00 1.000000e+00 1.000000e+00 1.000000e+00 1.000000e+00 1.000000e+00 
1.127468e-10 1.000000e+00 1.000000e+00 1.000000e+00 1.000000e+00 1.000000e+00 1.000000e+00 1.000000e+00 
1.197171e-10 1.000000e+00 1.000000e+00 1.000000e+00 1.000000e+00 1.000000e+00 1.000000e+00 1.000000e+00 
1.271184e-10 1.000000e+00 1.000000e+00 1.000000e+00 1.000000e+00 1.000000e+00 1.000000e+00 1.000000e+00 
1.349772e-10 1.000000e+00 1.000000e+00 1.000000e+00 1.000000e+00 1.000000e+00 1.000000e+00 1.000000e+00 
1.433219e-10 1.000000e+00 1.000000e+00 1.000000e+00 1.000000e+00 1.000000e+00 1.000000e+00 1.000000e+00 
1.521825e-10 1.000000e+00 1.000000e+00 1.000000e+00 1.000000e+00 1.000000e+00 1.000000e+00 1.000000e+00 
1.615909e-10 1.000000e+00 1.000000e+00 1.000000e+00 1.000000e+00 1.000000e+00 1.000000e+00 1.000000e+00 
1.715809e-10 1.000000e+00 1.000000e+00 1.000000e+00 1.000000e+00 1.000000e+00 1.000000e+00 1.000000e+00 
1.821885e-10 1.000000e+00 1.000000e+00 1.000000e+00 1.000000e+00 1.000000e+00 1.000000e+00 1.000000e+00 
1.934520e-10 1.000000e+00 1.000000e+00 1.000000e+00 1.000000e+00 1.000000e+00 1.000000e+00 1.000000e+00 
2.054117e-10 1.000000e+00 1.000000e+00 1.000000e+00 1.000000e+00 1.000000e+00 1.000000e+00 1.000000e+00 
2.181109e-10 1.000000e+00 1.000000e+00 1.000000e+00 1.000000e+00 1.000000e+00 1.000000e+00 1.000000e+00 
2.315951e-10 1.000000e+00 1.000000e+00 1.000000e+00 1.000000e+00 1.000000e+00 1.000000e+00 1.000000e+00 
2.459130e-10 1.000000e+00 1.000000e+00 1.000000e+00 1.000000e+00 1.000000e+00 1.000000e+00 1.000000e+00 
2.611161e-10 1.000000e+00 1.000000e+00 1.000000e+00 1.000000e+00 1.000000e+00 1.000000e+00 1.000000e+00 
2.772591e-10 1.000000e+00 1.000000e+00 1.000000e+00 1.000000e+00 1.000000e+00 1.000000e+00 1.000000e+00 
2.944000e-10 1.000000e+00 1.000000e+00 1.000000e+00 1.000000e+00 1.000000e+00 1.000000e+00 1.000000e+00 
3.126007e-10 1.000000e+00 1.000000e+00 1.000000e+00 1.000000e+00 1.000000e+00 1.000000e+00 1.000000e+00 
3.319266e-10 1.000000e+00 1.000000e+00 1.000000e+00 1.000000e+00 1.000000e+00 1.000000e+00 1.000000e+00 
3.524473e-10 1.000000e+00 1.000000e+00 1.000000e+00 1.000000e+00 1.000000e+00 1.000000e+00 1.000000e+00 
3.742366e-10 1.000000e+00 1.000000e+00 1.000000e+00 1.000000e+00 1.000000e+00 1.000000e+00 1.000000e+00 
3.973730e-10 9.999999e-01 9.999999e-01 9.999999e-01 1.000000e+00 1.000000e+00 1.000000e+00 1.000000e+00 
4.219398e-10 9.999999e-01 9.999999e-01 9.999999e-01 1.000000e+00 1.000000e+00 1.000000e+00 1.000000e+00 
4.480254e-10 9.999999e-01 9.999999e-01 9.999999e-01 9.999999e-01 1.000000e+00 1.000000e+00 1.000000e+00 
4.757236e-10 9.999999e-01 9.999999e-01 9.999999e-01 9.999999e-01 1.000000e+00 1.000000e+00 1.000000e+00 
5.051342e-10 9.999999e-01 9.999999e-01 9.999999e-01 9.999999e-01 1.000000e+00 1.000000e+00 1.000000e+00 
5.363631e-10 9.999999e-01 9.999999e-01 9.999999e-01 9.999999e-01 9.999999e-01 1.000000e+00 1.000000e+00 
5.695227e-10 9.999999e-01 9.999999e-01 9.999999e-01 9.999999e-01 9.999999e-01 1.000000e+00 1.000000e+00 
6.047322e-10 9.999999e-01 9.999999e-01 9.999999e-01 9.999999e-01 9.999999e-01 1.000000e+00 1.000000e+00 
6.421186e-10 9.999999e-01 9.999999e-01 9.999999e-01 9.999999e-01 9.999999e-01 1.000000e+00 1.000000e+00 
6.818162e-10 9.999999e-01 9.999999e-01 9.999999e-01 9.999999e-01 9.999999e-01 1.000000e+00 1.000000e+00 
7.239681e-10 9.999999e-01 9.999999e-01 9.999999e-01 9.999999e-01 9.999999e-01 1.000000e+00 1.000000e+00 
7.687260e-10 9.999999e-01 9.999999e-01 9.999999e-01 9.999999e-01 9.999999e-01 1.000000e+00 1.000000e+00 
8.162509e-10 9.999999e-01 9.999999e-01 9.999999e-01 9.999999e-01 9.999999e-01 1.000000e+00 1.000000e+00 
8.667139e-10 9.999999e-01 9.999999e-01 9.999999e-01 9.999999e-01 9.999999e-01 1.000000e+00 1.000000e+00 
9.202967e-10 9.999999e-01 9.999999e-01 9.999999e-01 9.999999e-01 9.999999e-01 1.000000e+00 1.000000e+00 
9.771921e-10 9.999999e-01 9.999999e-01 9.999999e-01 9.999999e-01 9.999999e-01 1.000000e+00 1.000000e+00 
1.037605e-09 9.999999e-01 9.999999e-01 9.999999e-01 9.999999e-01 9.999999e-01 1.000000e+00 1.000000e+00 
1.101753e-09 9.999999e-01 9.999999e-01 9.999999e-01 9.999999e-01 9.999999e-01 1.000000e+00 1.000000e+00 
1.169866e-09 9.999998e-01 9.999998e-01 9.999999e-01 9.999999e-01 9.999999e-01 1.000000e+00 1.000000e+00 
1.242191e-09 9.999998e-01 9.999998e-01 9.999998e-01 9.999999e-01 9.999999e-01 1.000000e+00 1.000000e+00 
1.318987e-09 9.999998e-01 9.999998e-01 9.999998e-01 9.999999e-01 9.999999e-01 1.000000e+00 1.000000e+00 
1.400531e-09 9.999998e-01 9.999998e-01 9.999998e-01 9.999998e-01 9.999999e-01 1.000000e+00 1.000000e+00 
1.487115e-09 9.999998e-01 9.999998e-01 9.999998e-01 9.999998e-01 9.999999e-01 1.000000e+00 1.000000e+00 
1.579053e-09 9.999998e-01 9.999998e-01 9.999998e-01 9.999998e-01 9.999999e-01 1.000000e+00 1.000000e+00 
1.676675e-09 9.999998e-01 9.999998e-01 9.999998e-01 9.999998e-01 9.999998e-01 1.000000e+00 1.000000e+00 
1.780332e-09 9.999998e-01 9.999998e-01 9.999998e-01 9.999998e-01 9.999998e-01 9.999999e-01 1.000000e+00 
1.890397e-09 9.999997e-01 9.999998e-01 9.999998e-01 9.999998e-01 9.999998e-01 9.999999e-01 1.000000e+00 
2.007267e-09 9.999997e-01 9.999997e-01 9.999997e-01 9.999998e-01 9.999998e-01 9.999999e-01 1.000000e+00 
2.131362e-09 9.999997e-01 9.999997e-01 9.999997e-01 9.999998e-01 9.999998e-01 9.999999e-01 1.000000e+00 
2.263130e-09 9.999997e-01 9.999997e-01 9.999997e-01 9.999997e-01 9.999998e-01 9.999999e-01 1.000000e+00 
2.403043e-09 9.999997e-01 9.999997e-01 9.999997e-01 9.999997e-01 9.999998e-01 9.999999e-01 1.000000e+00 
2.551606e-09 9.999997e-01 9.999997e-01 9.999997e-01 9.999997e-01 9.999998e-01 9.999999e-01 1.000000e+00 
2.709354e-09 9.999996e-01 9.999996e-01 9.999997e-01 9.999997e-01 9.999997e-01 9.999999e-01 1.000000e+00 
2.876854e-09 9.999996e-01 9.999996e-01 9.999996e-01 9.999997e-01 9.999997e-01 9.999999e-01 1.000000e+00 
3.054710e-09 9.999996e-01 9.999996e-01 9.999996e-01 9.999997e-01 9.999997e-01 9.999999e-01 1.000000e+00 
3.243561e-09 9.999996e-01 9.999996e-01 9.999996e-01 9.999996e-01 9.999997e-01 9.999999e-01 1.000000e+00 
3.444087e-09 9.999995e-01 9.999995e-01 9.999996e-01 9.999996e-01 9.999997e-01 9.999999e-01 1.000000e+00 
3.657011e-09 9.999995e-01 9.999995e-01 9.999995e-01 9.999996e-01 9.999997e-01 9.999999e-01 1.000000e+00 
3.883098e-09 9.999995e-01 9.999995e-01 9.999995e-01 9.999996e-01 9.999996e-01 9.999999e-01 1.000000e+00 
4.123163e-09 9.999995e-01 9.999995e-01 9.999995e-01 9.999995e-01 9.999996e-01 9.999999e-01 1.000000e+00 
4.378069e-09 9.999994e-01 9.999994e-01 9.999994e-01 9.999995e-01 9.999996e-01 9.999999e-01 1.000000e+00 
4.648734e-09 9.999994e-01 9.999994e-01 9.999994e-01 9.999995e-01 9.999996e-01 9.999999e-01 1.000000e+00 
4.936132e-09 9.999993e-01 9.999994e-01 9.999994e-01 9.999994e-01 9.999995e-01 9.999999e-01 1.000000e+00 
5.241298e-09 9.999993e-01 9.999993e-01 9.999993e-01 9.999994e-01 9.999995e-01 9.999998e-01 1.000000e+00 
5.565331e-09 9.999993e-01 9.999993e-01 9.999993e-01 9.999994e-01 9.999995e-01 9.999998e-01 1.000000e+00 
5.909396e-09 9.999992e-01 9.999992e-01 9.999992e-01 9.999993e-01 9.999994e-01 9.999998e-01 1.000000e+00 
6.274732e-09 9.999992e-01 9.999992e-01 9.999992e-01 9.999993e-01 9.999994e-01 9.999998e-01 1.000000e+00 
6.662655e-09 9.999991e-01 9.999991e-01 9.999992e-01 9.999993e-01 9.999994e-01 9.999998e-01 1.000000e+00 
7.074559e-09 9.999991e-01 9.999991e-01 9.999991e-01 9.999992e-01 9.999993e-01 9.999998e-01 1.000000e+00 
7.511929e-09 9.999990e-01 9.999990e-01 9.999990e-01 9.999992e-01 9.999993e-01 9.999998e-01 1.000000e+00 
7.976339e-09 9.999989e-01 9.999990e-01 9.999990e-01 9.999991e-01 9.999993e-01 9.999998e-01 1.000000e+00 
8.469460e-09 9.999989e-01 9.999989e-01 9.999989e-01 9.999990e-01 9.999992e-01 9.999998e-01 1.000000e+00 
8.993067e-09 9.999988e-01 9.999988e-01 9.999989e-01 9.999990e-01 9.999992e-01 9.999997e-01 1.000000e+00 
9.549045e-09 9.999987e-01 9.999987e-01 9.999988e-01 9.999989e-01 9.999991e-01 9.999997e-01 1.000000e+00 
1.013939e-08 9.999987e-01 9.999987e-01 9.999987e-01 9.999989e-01 9.999991e-01 9.999997e-01 9.999999e-01 
1.076624e-08 9.999986e-01 9.999986e-01 9.999986e-01 9.999988e-01 9.999990e-01 9.999997e-01 9.999999e-01 
1.143184e-08 9.999985e-01 9.999985e-01 9.999985e-01 9.999987e-01 9.999989e-01 9.999997e-01 9.999999e-01 
1.213859e-08 9.999984e-01 9.999984e-01 9.999985e-01 9.999986e-01 9.999989e-01 9.999997e-01 9.999999e-01 
1.288904e-08 9.999983e-01 9.999983e-01 9.999984e-01 9.999986e-01 9.999988e-01 9.999996e-01 9.999999e-01 
1.368587e-08 9.999982e-01 9.999982e-01 9.999983e-01 9.999985e-01 9.999987e-01 9.999996e-01 9.999999e-01 
1.453198e-08 9.999981e-01 9.999981e-01 9.999981e-01 9.999984e-01 9.999986e-01 9.999996e-01 9.999999e-01 
1.543038e-08 9.999980e-01 9.999980e-01 9.999980e-01 9.999983e-01 9.999986e-01 9.999996e-01 9.999999e-01 
1.638434e-08 9.999978e-01 9.999979e-01 9.999979e-01 9.999982e-01 9.999985e-01 9.999995e-01 9.999999e-01 
1.739726e-08 9.999977e-01 9.999977e-01 9.999978e-01 9.999980e-01 9.999984e-01 9.999995e-01 9.999999e-01 
1.847281e-08 9.999976e-01 9.999976e-01 9.999976e-01 9.999979e-01 9.999983e-01 9.999995e-01 9.999999e-01 
1.961486e-08 9.999974e-01 9.999974e-01 9.999975e-01 9.999978e-01 9.999982e-01 9.999994e-01 9.999999e-01 
2.082751e-08 9.999972e-01 9.999973e-01 9.999973e-01 9.999977e-01 9.999981e-01 9.999994e-01 9.999999e-01 
2.211512e-08 9.999971e-01 9.999971e-01 9.999972e-01 9.999975e-01 9.999979e-01 9.999994e-01 9.999999e-01 
2.348235e-08 9.999969e-01 9.999969e-01 9.999970e-01 9.999974e-01 9.999978e-01 9.999993e-01 9.999999e-01 
2.493409e-08 9.999967e-01 9.999967e-01 9.999968e-01 9.999972e-01 9.999977e-01 9.999993e-01 9.999999e-01 
2.647559e-08 9.999965e-01 9.999965e-01 9.999966e-01 9.999970e-01 9.999975e-01 9.999992e-01 9.999999e-01 
2.811239e-08 9.999963e-01 9.999963e-01 9.999964e-01 9.999968e-01 9.999974e-01 9.999992e-01 9.999999e-01 
2.985038e-08 9.999961e-01 9.999961e-01 9.999962e-01 9.999966e-01 9.999972e-01 9.999991e-01 9.999999e-01 
3.169582e-08 9.999958e-01 9.999958e-01 9.999960e-01 9.999964e-01 9.999970e-01 9.999991e-01 9.999998e-01 
3.365535e-08 9.999955e-01 9.999956e-01 9.999957e-01 9.999962e-01 9.999969e-01 9.999990e-01 9.999998e-01 
3.573602e-08 9.999953e-01 9.999953e-01 9.999954e-01 9.999960e-01 9.999967e-01 9.999990e-01 9.999998e-01 
3.794533e-08 9.999950e-01 9.999950e-01 9.999952e-01 9.999957e-01 9.999965e-01 9.999989e-01 9.999998e-01 
4.029122e-08 9.999947e-01 9.999947e-01 9.999949e-01 9.999955e-01 9.999962e-01 9.999988e-01 9.999998e-01 
4.278214e-08 9.999943e-01 9.999944e-01 9.999945e-01 9.999952e-01 9.999960e-01 9.999988e-01 9.999998e-01 
4.542706e-08 9.999940e-01 9.999940e-01 9.999942e-01 9.999949e-01 9.999958e-01 9.999987e-01 9.999998e-01 
4.823549e-08 9.999936e-01 9.999937e-01 9.999939e-01 9.999946e-01 9.999955e-01 9.999986e-01 9.999998e-01 
5.121755e-08 9.999932e-01 9.999933e-01 9.999935e-01 9.999942e-01 9.999952e-01 9.999985e-01 9.999997e-01 
5.438397e-08 9.999928e-01 9.999929e-01 9.999931e-01 9.999939e-01 9.999949e-01 9.999984e-01 9.999997e-01 
5.774615e-08 9.999924e-01 9.999924e-01 9.999926e-01 9.999935e-01 9.999946e-01 9.999983e-01 9.999997e-01 
6.131619e-08 9.999919e-01 9.999920e-01 9.999922e-01 9.999931e-01 9.999943e-01 9.999982e-01 9.999997e-01 
6.510694e-08 9.999914e-01 9.999915e-01 9.999917e-01 9.999927e-01 9.999939e-01 9.999981e-01 9.999997e-01 
6.913204e-08 9.999909e-01 9.999909e-01 9.999912e-01 9.999922e-01 9.999935e-01 9.999980e-01 9.999997e-01 
7.340598e-08 9.999903e-01 9.999904e-01 9.999906e-01 9.999918e-01 9.999931e-01 9.999979e-01 9.999996e-01 
7.794416e-08 9.999897e-01 9.999898e-01 9.999901e-01 9.999912e-01 9.999927e-01 9.999978e-01 9.999996e-01 
8.276289e-08 9.999891e-01 9.999892e-01 9.999895e-01 9.999907e-01 9.999923e-01 9.999976e-01 9.999996e-01 
8.787954e-08 9.999884e-01 9.999885e-01 9.999888e-01 9.999901e-01 9.999918e-01 9.999975e-01 9.999996e-01 
9.331251e-08 9.999877e-01 9.999878e-01 9.999881e-01 9.999895e-01 9.999913e-01 9.999973e-01 9.999995e-01 
9.908137e-08 9.999869e-01 9.999870e-01 9.999874e-01 9.999889e-01 9.999907e-01 9.999971e-01 9.999995e-01 
1.052069e-07 9.999861e-01 9.999862e-01 9.999866e-01 9.999882e-01 9.999902e-01 9.999970e-01 9.999995e-01 
1.117111e-07 9.999852e-01 9.999854e-01 9.999858e-01 9.999875e-01 9.999896e-01 9.999968e-01 9.999994e-01 
1.186174e-07 9.999843e-01 9.999845e-01 9.999849e-01 9.999867e-01 9.999889e-01 9.999966e-01 9.999994e-01 
1.259506e-07 9.999833e-01 9.999835e-01 9.999839e-01 9.999859e-01 9.999882e-01 9.999964e-01 9.999994e-01 
1.337373e-07 9.999823e-01 9.999825e-01 9.999830e-01 9.999850e-01 9.999875e-01 9.999961e-01 9.999993e-01 
1.420053e-07 9.999812e-01 9.999814e-01 9.999819e-01 9.999840e-01 9.999867e-01 9.999959e-01 9.999993e-01 
1.507845e-07 9.999801e-01 9.999802e-01 9.999808e-01 9.999831e-01 9.999859e-01 9.999957e-01 9.999992e-01 
1.601064e-07 9.999788e-01 9.999790e-01 9.999796e-01 9.999820e-01 9.999851e-01 9.999954e-01 9.999992e-01 
1.700047e-07 9.999775e-01 9.999777e-01 9.999783e-01 9.999809e-01 9.999841e-01 9.999951e-01 9.999991e-01 
1.805149e-07 9.999761e-01 9.999763e-01 9.999770e-01 9.999797e-01 9.999831e-01 9.999948e-01 9.999991e-01 
1.916748e-07 9.999746e-01 9.999749e-01 9.999756e-01 9.999785e-01 9.999821e-01 9.999945e-01 9.999990e-01 
2.035248e-07 9.999731e-01 9.999733e-01 9.999741e-01 9.999771e-01 9.999810e-01 9.999941e-01 9.999990e-01 
2.161073e-07 9.999714e-01 9.999717e-01 9.999725e-01 9.999757e-01 9.999798e-01 9.999938e-01 9.999989e-01 
2.294676e-07 9.999696e-01 9.999699e-01 9.999708e-01 9.999742e-01 9.999786e-01 9.999934e-01 9.999989e-01 
2.436540e-07 9.999678e-01 9.999681e-01 9.999689e-01 9.999726e-01 9.999773e-01 9.999930e-01 9.999988e-01 
2.587174e-07 9.999658e-01 9.999661e-01 9.999670e-01 9.999709e-01 9.999758e-01 9.999925e-01 9.999987e-01 
2.747121e-07 9.999637e-01 9.999640e-01 9.999650e-01 9.999691e-01 9.999744e-01 9.999921e-01 9.999986e-01 
2.916956e-07 9.999614e-01 9.999618e-01 9.999628e-01 9.999672e-01 9.999728e-01 9.999916e-01 9.999985e-01 
3.097291e-07 9.999590e-01 9.999594e-01 9.999605e-01 9.999652e-01 9.999711e-01 9.999911e-01 9.999985e-01 
3.288774e-07 9.999565e-01 9.999569e-01 9.999581e-01 9.999631e-01 9.999693e-01 9.999905e-01 9.999984e-01 
3.492096e-07 9.999538e-01 9.999542e-01 9.999555e-01 9.999608e-01 9.999674e-01 9.999899e-01 9.999983e-01 
3.707988e-07 9.999510e-01 9.999514e-01 9.999527e-01 9.999583e-01 9.999654e-01 9.999893e-01 9.999981e-01 
3.937226e-07 9.999479e-01 9.999484e-01 9.999498e-01 9.999558e-01 9.999632e-01 9.999887e-01 9.999980e-01 
4.180637e-07 9.999447e-01 9.999452e-01 9.999467e-01 9.999530e-01 9.999610e-01 9.999880e-01 9.999979e-01 
4.439097e-07 9.999413e-01 9.999418e-01 9.999434e-01 9.999501e-01 9.999586e-01 9.999872e-01 9.999978e-01 
4.713535e-07 9.999377e-01 9.999382e-01 9.999399e-01 9.999471e-01 9.999560e-01 9.999864e-01 9.999976e-01 
5.004939e-07 9.999338e-01 9.999344e-01 9.999362e-01 9.999438e-01 9.999533e-01 9.999856e-01 9.999975e-01 
5.314359e-07 9.999297e-01 9.999304e-01 9.999323e-01 9.999403e-01 9.999504e-01 9.999847e-01 9.999973e-01 
5.642908e-07 9.999254e-01 9.999261e-01 9.999281e-01 9.999366e-01 9.999473e-01 9.999838e-01 9.999972e-01 
5.991770e-07 9.999207e-01 9.999215e-01 9.999236e-01 9.999327e-01 9.999441e-01 9.999827e-01 9.999970e-01 
6.362198e-07 9.999158e-01 9.999167e-01 9.999189e-01 9.999285e-01 9.999406e-01 9.999817e-01 9.999968e-01 
6.755528e-07 9.999106e-01 9.999115e-01 9.999139e-01 9.999241e-01 9.999369e-01 9.999805e-01 9.999966e-01 
7.173175e-07 9.999051e-01 9.999060e-01 9.999086e-01 9.999194e-01 9.999330e-01 9.999793e-01 9.999964e-01 
7.616642e-07 9.998993e-01 9.999002e-01 9.999029e-01 9.999144e-01 9.999289e-01 9.999781e-01 9.999962e-01 
8.087525e-07 9.998930e-01 9.998941e-01 9.998969e-01 9.999092e-01 9.999245e-01 9.999767e-01 9.999960e-01 
8.587519e-07 9.998864e-01 9.998875e-01 9.998906e-01 9.999035e-01 9.999198e-01 9.999753e-01 9.999957e-01 
9.118425e-07 9.998794e-01 9.998805e-01 9.998838e-01 9.998976e-01 9.999149e-01 9.999737e-01 9.999954e-01 
9.682153e-07 9.998719e-01 9.998732e-01 9.998766e-01 9.998912e-01 9.999096e-01 9.999721e-01 9.999952e-01 
1.028073e-06 9.998640e-01 9.998653e-01 9.998690e-01 9.998845e-01 9.999040e-01 9.999704e-01 9.999949e-01 
1.091632e-06 9.998556e-01 9.998570e-01 9.998609e-01 9.998774e-01 9.998981e-01 9.999686e-01 9.999945e-01 
1.159120e-06 9.998467e-01 9.998482e-01 9.998523e-01 9.998698e-01 9.998918e-01 9.999666e-01 9.999942e-01 
1.230780e-06 9.998372e-01 9.998388e-01 9.998432e-01 9.998618e-01 9.998851e-01 9.999646e-01 9.999938e-01 
1.306870e-06 9.998272e-01 9.998288e-01 9.998335e-01 9.998532e-01 9.998780e-01 9.999624e-01 9.999935e-01 
1.387665e-06 9.998165e-01 9.998182e-01 9.998232e-01 9.998441e-01 9.998705e-01 9.999600e-01 9.999931e-01 
1.473454e-06 9.998051e-01 9.998070e-01 9.998122e-01 9.998345e-01 9.998625e-01 9.999576e-01 9.999926e-01 
1.564548e-06 9.997931e-01 9.997951e-01 9.998006e-01 9.998243e-01 9.998539e-01 9.999549e-01 9.999922e-01 
1.661273e-06 9.997803e-01 9.997824e-01 9.997883e-01 9.998134e-01 9.998449e-01 9.999522e-01 9.999917e-01 
1.763977e-06 9.997667e-01 9.997689e-01 9.997752e-01 9.998019e-01 9.998353e-01 9.999492e-01 9.999912e-01 
1.873032e-06 9.997523e-01 9.997547e-01 9.997613e-01 9.997896e-01 9.998252e-01 9.999461e-01 9.999906e-01 
1.988828e-06 9.997370e-01 9.997395e-01 9.997466e-01 9.997766e-01 9.998143e-01 9.999427e-01 9.999901e-01 
2.111783e-06 9.997207e-01 9.997234e-01 9.997309e-01 9.997628e-01 9.998029e-01 9.999392e-01 9.999894e-01 
2.242340e-06 9.997035e-01 9.997063e-01 9.997143e-01 9.997482e-01 9.997907e-01 9.999354e-01 9.999888e-01 
2.380968e-06 9.996851e-01 9.996881e-01 9.996966e-01 9.997326e-01 9.997777e-01 9.999314e-01 9.999881e-01 
2.528166e-06 9.996657e-01 9.996689e-01 9.996779e-01 9.997161e-01 9.997640e-01 9.999272e-01 9.999874e-01 
2.684465e-06 9.996450e-01 9.996484e-01 9.996580e-01 9.996985e-01 9.997494e-01 9.999227e-01 9.999866e-01 
2.850426e-06 9.996231e-01 9.996267e-01 9.996368e-01 9.996799e-01 9.997339e-01 9.999179e-01 9.999857e-01 
3.026648e-06 9.995998e-01 9.996036e-01 9.996144e-01 9.996601e-01 9.997175e-01 9.999128e-01 9.999849e-01 
3.213764e-06 9.995750e-01 9.995791e-01 9.995906e-01 9.996391e-01 9.997000e-01 9.999075e-01 9.999839e-01 
3.412449e-06 9.995488e-01 9.995531e-01 9.995653e-01 9.996168e-01 9.996815e-01 9.999017e-01 9.999829e-01 
3.623416e-06 9.995209e-01 9.995255e-01 9.995384e-01 9.995931e-01 9.996618e-01 9.998957e-01 9.999819e-01 
3.847427e-06 9.994913e-01 9.994962e-01 9.995099e-01 9.995679e-01 9.996409e-01 9.998892e-01 9.999808e-01 
4.085286e-06 9.994599e-01 9.994650e-01 9.994796e-01 9.995412e-01 9.996187e-01 9.998824e-01 9.999796e-01 
4.337850e-06 9.994265e-01 9.994320e-01 9.994474e-01 9.995129e-01 9.995951e-01 9.998751e-01 9.999783e-01 
4.606029e-06 9.993911e-01 9.993969e-01 9.994133e-01 9.994828e-01 9.995701e-01 9.998674e-01 9.999770e-01 
4.890787e-06 9.993534e-01 9.993596e-01 9.993770e-01 9.994508e-01 9.995435e-01 9.998592e-01 9.999755e-01 
5.193150e-06 9.993135e-01 9.993201e-01 9.993385e-01 9.994169e-01 9.995153e-01 9.998505e-01 9.999740e-01 
5.514206e-06 9.992711e-01 9.992781e-01 9.992977e-01 9.993809e-01 9.994854e-01 9.998412e-01 9.999724e-01 
5.855110e-06 9.992261e-01 9.992335e-01 9.992543e-01 9.993426e-01 9.994536e-01 9.998314e-01 9.999707e-01 
6.217090e-06 9.991782e-01 9.991861e-01 9.992082e-01 9.993020e-01 9.994198e-01 9.998210e-01 9.999689e-01 
6.601449e-06 9.991275e-01 9.991358e-01 9.991593e-01 9.992589e-01 9.993840e-01 9.998099e-01 9.999670e-01 
7.009570e-06 9.990736e-01 9.990825e-01 9.991074e-01 9.992131e-01 9.993459e-01 9.997982e-01 9.999649e-01 
7.442922e-06 9.990164e-01 9.990258e-01 9.990522e-01 9.991645e-01 9.993055e-01 9.997857e-01 9.999628e-01 
7.903066e-06 9.989556e-01 9.989656e-01 9.989937e-01 9.991129e-01 9.992626e-01 9.997724e-01 9.999605e-01 
8.391656e-06 9.988911e-01 9.989017e-01 9.989316e-01 9.990581e-01 9.992170e-01 9.997584e-01 9.999580e-01 
8.910453e-06 9.988227e-01 9.988339e-01 9.988656e-01 9.989999e-01 9.991686e-01 9.997434e-01 9.999554e-01 
9.461324e-06 9.987500e-01 9.987619e-01 9.987955e-01 9.989381e-01 9.991172e-01 9.997276e-01 9.999527e-01 
1.004625e-05 9.986728e-01 9.986855e-01 9.987211e-01 9.988725e-01 9.990627e-01 9.997107e-01 9.999497e-01 
1.066734e-05 9.985909e-01 9.986043e-01 9.986422e-01 9.988029e-01 9.990048e-01 9.996928e-01 9.999466e-01 
1.132683e-05 9.985039e-01 9.985182e-01 9.985584e-01 9.987289e-01 9.989433e-01 9.996739e-01 9.999433e-01 
1.202708e-05 9.984115e-01 9.984267e-01 9.984694e-01 9.986505e-01 9.988780e-01 9.996537e-01 9.999398e-01 
1.277063e-05 9.983135e-01 9.983296e-01 9.983749e-01 9.985671e-01 9.988087e-01 9.996323e-01 9.999361e-01 
1.356015e-05 9.982094e-01 9.982265e-01 9.982746e-01 9.984787e-01 9.987352e-01 9.996096e-01 9.999322e-01 
1.439848e-05 9.980989e-01 9.981170e-01 9.981681e-01 9.983847e-01 9.986570e-01 9.995854e-01 9.999280e-01 
1.528864e-05 9.979816e-01 9.980009e-01 9.980551e-01 9.982850e-01 9.985741e-01 9.995598e-01 9.999235e-01 
1.623382e-05 9.978571e-01 9.978775e-01 9.979350e-01 9.981792e-01 9.984860e-01 9.995326e-01 9.999188e-01 
1.723745e-05 9.977249e-01 9.977466e-01 9.978077e-01 9.980668e-01 9.983925e-01 9.995037e-01 9.999138e-01 
1.830312e-05 9.975846e-01 9.976076e-01 9.976724e-01 9.979475e-01 9.982933e-01 9.994730e-01 9.999085e-01 
1.943467e-05 9.974357e-01 9.974601e-01 9.975289e-01 9.978208e-01 9.981879e-01 9.994404e-01 9.999028e-01 
2.063618e-05 9.972775e-01 9.973035e-01 9.973765e-01 9.976863e-01 9.980760e-01 9.994059e-01 9.998968e-01 
2.191197e-05 9.971097e-01 9.971373e-01 9.972147e-01 9.975436e-01 9.979573e-01 9.993691e-01 9.998904e-01 
2.326663e-05 9.969316e-01 9.969608e-01 9.970430e-01 9.973921e-01 9.978312e-01 9.993301e-01 9.998836e-01 
2.470504e-05 9.967425e-01 9.967735e-01 9.968608e-01 9.972312e-01 9.976973e-01 9.992887e-01 9.998764e-01 
2.623238e-05 9.965418e-01 9.965747e-01 9.966673e-01 9.970605e-01 9.975552e-01 9.992448e-01 9.998688e-01 
2.785414e-05 9.963288e-01 9.963637e-01 9.964620e-01 9.968792e-01 9.974043e-01 9.991981e-01 9.998607e-01 
2.957617e-05 9.961027e-01 9.961398e-01 9.962440e-01 9.966868e-01 9.972441e-01 9.991485e-01 9.998521e-01 
3.140465e-05 9.958628e-01 9.959021e-01 9.960127e-01 9.964826e-01 9.970741e-01 9.990959e-01 9.998429e-01 
3.334618e-05 9.956081e-01 9.956498e-01 9.957672e-01 9.962658e-01 9.968936e-01 9.990400e-01 9.998332e-01 
3.540774e-05 9.953378e-01 9.953821e-01 9.955066e-01 9.960357e-01 9.967020e-01 9.989807e-01 9.998229e-01 
3.759675e-05 9.950510e-01 9.950980e-01 9.952301e-01 9.957915e-01 9.964987e-01 9.989177e-01 9.998119e-01 
3.992109e-05 9.947467e-01 9.947965e-01 9.949367e-01 9.955323e-01 9.962828e-01 9.988508e-01 9.998003e-01 
4.238913e-05 9.944237e-01 9.944765e-01 9.946252e-01 9.952572e-01 9.960536e-01 9.987798e-01 9.997880e-01 
4.500975e-05 9.940810e-01 9.941370e-01 9.942948e-01 9.949653e-01 9.958103e-01 9.987044e-01 9.997749e-01 
4.779239e-05 9.937173e-01 9.937768e-01 9.939441e-01 9.946554e-01 9.955521e-01 9.986243e-01 9.997610e-01 
5.074705e-05 9.933315e-01 9.933946e-01 9.935720e-01 9.943266e-01 9.952781e-01 9.985393e-01 9.997462e-01 
5.388438e-05 9.929222e-01 9.929890e-01 9.931772e-01 9.939776e-01 9.949872e-01 9.984491e-01 9.997305e-01 
5.721568e-05 9.924879e-01 9.925588e-01 9.927584e-01 9.936073e-01 9.946785e-01 9.983532e-01 9.997138e-01 
6.075292e-05 9.920271e-01 9.921023e-01 9.923140e-01 9.932144e-01 9.943508e-01 9.982515e-01 9.996961e-01 
6.450884e-05 9.915384e-01 9.916181e-01 9.918425e-01 9.927975e-01 9.940030e-01 9.981434e-01 9.996773e-01 
6.849697e-05 9.910199e-01 9.911044e-01 9.913424e-01 9.923551e-01 9.936339e-01 9.980287e-01 9.996574e-01 
7.273165e-05 9.904700e-01 9.905596e-01 9.908119e-01 9.918857e-01 9.932423e-01 9.979070e-01 9.996362e-01 
7.722814e-05 9.898868e-01 9.899817e-01 9.902492e-01 9.913877e-01 9.928266e-01 9.977776e-01 9.996137e-01 
8.200261e-05 9.892682e-01 9.893689e-01 9.896523e-01 9.908594e-01 9.923855e-01 9.976404e-01 9.995899e-01 
8.707225e-05 9.886123e-01 9.887189e-01 9.890193e-01 9.902989e-01 9.919175e-01 9.974946e-01 9.995645e-01 
9.245531e-05 9.879167e-01 9.880298e-01 9.883481e-01 9.897044e-01 9.914208e-01 9.973398e-01 9.995376e-01 
9.817117e-05 9.871793e-01 9.872990e-01 9.876363e-01 9.890738e-01 9.908939e-01 9.971755e-01 9.995090e-01 
1.042404e-04 9.863974e-01 9.865242e-01 9.868815e-01 9.884050e-01 9.903348e-01 9.970011e-01 9.994786e-01 
1.106848e-04 9.855685e-01 9.857029e-01 9.860814e-01 9.876956e-01 9.897416e-01 9.968159e-01 9.994464e-01 
1.175277e-04 9.846899e-01 9.848322e-01 9.852331e-01 9.869433e-01 9.891123e-01 9.966192e-01 9.994122e-01 
1.247936e-04 9.837587e-01 9.839094e-01 9.843339e-01 9.861456e-01 9.884447e-01 9.964104e-01 9.993759e-01 
1.325087e-04 9.827719e-01 9.829313e-01 9.833808e-01 9.852998e-01 9.877366e-01 9.961888e-01 9.993373e-01 
1.407008e-04 9.817261e-01 9.818950e-01 9.823708e-01 9.844030e-01 9.869854e-01 9.959535e-01 9.992963e-01 
1.493993e-04 9.806182e-01 9.807969e-01 9.813005e-01 9.834523e-01 9.861887e-01 9.957037e-01 9.992528e-01 
1.586357e-04 9.794445e-01 9.796335e-01 9.801664e-01 9.824446e-01 9.853438e-01 9.954384e-01 9.992066e-01 
1.684430e-04 9.782013e-01 9.784013e-01 9.789650e-01 9.813764e-01 9.844477e-01 9.951568e-01 9.991576e-01 
1.788566e-04 9.768847e-01 9.770961e-01 9.776925e-01 9.802444e-01 9.834976e-01 9.948579e-01 9.991055e-01 
1.899141e-04 9.754905e-01 9.757141e-01 9.763447e-01 9.790448e-01 9.824901e-01 9.945406e-01 9.990502e-01 
2.016551e-04 9.740145e-01 9.742508e-01 9.749175e-01 9.777738e-01 9.814219e-01 9.942037e-01 9.989915e-01 
2.141220e-04 9.724520e-01 9.727018e-01 9.734065e-01 9.764273e-01 9.802896e-01 9.938460e-01 9.989292e-01 
2.273597e-04 9.707985e-01 9.710624e-01 9.718070e-01 9.750010e-01 9.790892e-01 9.934664e-01 9.988630e-01 
2.414157e-04 9.690488e-01 9.693275e-01 9.701141e-01 9.734904e-01 9.778170e-01 9.930633e-01 9.987927e-01 
2.563407e-04 9.671978e-01 9.674921e-01 9.683227e-01 9.718908e-01 9.764687e-01 9.926355e-01 9.987181e-01 
2.721885e-04 9.652401e-01 9.655507e-01 9.664276e-01 9.701972e-01 9.750399e-01 9.921814e-01 9.986389e-01 
2.890160e-04 9.631700e-01 9.634977e-01 9.644231e-01 9.684044e-01 9.735261e-01 9.916993e-01 9.985547e-01 
3.068838e-04 9.609815e-01 9.613272e-01 9.623034e-01 9.665069e-01 9.719224e-01 9.911875e-01 9.984654e-01 
3.258562e-04 9.586686e-01 9.590330e-01 9.600624e-01 9.644991e-01 9.702237e-01 9.906443e-01 9.983706e-01 
3.460016e-04 9.562248e-01 9.566088e-01 9.576939e-01 9.623749e-01 9.684246e-01 9.900678e-01 9.982699e-01 
3.673925e-04 9.536435e-01 9.540480e-01 9.551913e-01 9.601281e-01 9.665196e-01 9.894558e-01 9.981630e-01 
3.901058e-04 9.509177e-01 9.513436e-01 9.525476e-01 9.577523e-01 9.645026e-01 9.888063e-01 9.980494e-01 
4.142232e-04 9.480404e-01 9.484885e-01 9.497559e-01 9.552406e-01 9.623677e-01 9.881169e-01 9.979289e-01 
4.398317e-04 9.450041e-01 9.454754e-01 9.468089e-01 9.525859e-01 9.601082e-01 9.873852e-01 9.978009e-01 
4.670234e-04 9.418012e-01 9.422967e-01 9.436988e-01 9.497809e-01 9.577174e-01 9.866087e-01 9.976650e-01 
4.958962e-04 9.384239e-01 9.389445e-01 9.404180e-01 9.468181e-01 9.551882e-01 9.857846e-01 9.975207e-01 
5.265540e-04 9.348641e-01 9.354107e-01 9.369583e-01 9.436893e-01 9.525132e-01 9.849100e-01 9.973675e-01 
5.591071e-04 9.311136e-01 9.316871e-01 9.333115e-01 9.403866e-01 9.496847e-01 9.839819e-01 9.972048e-01 
5.936727e-04 9.271639e-01 9.277652e-01 9.294691e-01 9.369014e-01 9.466948e-01 9.829971e-01 9.970321e-01 
6.303753e-04 9.230065e-01 9.236364e-01 9.254224e-01 9.332250e-01 9.435349e-01 9.819520e-01 9.968488e-01 
6.693470e-04 9.186324e-01 9.192920e-01 9.211626e-01 9.293486e-01 9.401965e-01 9.808431e-01 9.966541e-01 
7.107280e-04 9.140330e-01 9.147229e-01 9.166808e-01 9.252628e-01 9.366706e-01 9.796666e-01 9.964473e-01 
7.546673e-04 9.091991e-01 9.099203e-01 9.119677e-01 9.209583e-01 9.329478e-01 9.784183e-01 9.962279e-01 
8.013230e-04 9.041219e-01 9.048751e-01 9.070142e-01 9.164255e-01 9.290186e-01 9.770940e-01 9.959948e-01 
8.508632e-04 8.987923e-01 8.995781e-01 9.018111e-01 9.116546e-01 9.248731e-01 9.756890e-01 9.957474e-01 
9.034660e-04 8.932013e-01 8.940204e-01 8.963491e-01 9.066358e-01 9.205011e-01 9.741986e-01 9.954847e-01 
9.593209e-04 8.873401e-01 8.881930e-01 8.906191e-01 9.013591e-01 9.158921e-01 9.726178e-01 9.952058e-01 
1.018629e-03 8.811998e-01 8.820870e-01 8.846119e-01 8.958144e-01 9.110354e-01 9.709409e-01 9.949097e-01 
1.081604e-03 8.747720e-01 8.756937e-01 8.783186e-01 8.899918e-01 9.059203e-01 9.691625e-01 9.945953e-01 
1.148472e-03 8.680483e-01 8.690049e-01 8.717305e-01 8.838812e-01 9.005355e-01 9.672765e-01 9.942616e-01 
1.219473e-03 8.610209e-01 8.620123e-01 8.648392e-01 8.774727e-01 8.948701e-01 9.652764e-01 9.939072e-01 
1.294865e-03 8.536821e-01 8.547084e-01 8.576365e-01 8.707567e-01 8.889126e-01 9.631557e-01 9.935310e-01 
1.374917e-03 8.460249e-01 8.470858e-01 8.501148e-01 8.637236e-01 8.826518e-01 9.609072e-01 9.931316e-01 
1.459919e-03 8.380428e-01 8.391380e-01 8.422671e-01 8.563646e-01 8.760765e-01 9.585235e-01 9.927075e-01 
1.550175e-03 8.297300e-01 8.308590e-01 8.340867e-01 8.486707e-01 8.691754e-01 9.559966e-01 9.922573e-01 
1.646012e-03 8.210814e-01 8.222434e-01 8.255679e-01 8.406339e-01 8.619377e-01 9.533183e-01 9.917794e-01 
1.747773e-03 8.120928e-01 8.132869e-01 8.167058e-01 8.322467e-01 8.543527e-01 9.504799e-01 9.912720e-01 
1.855825e-03 8.027608e-01 8.039859e-01 8.074961e-01 8.235023e-01 8.464100e-01 9.474721e-01 9.907334e-01 
1.970558e-03 7.930833e-01 7.943380e-01 7.979359e-01 8.143946e-01 8.380998e-01 9.442852e-01 9.901615e-01 
2.092383e-03 7.830590e-01 7.843418e-01 7.880231e-01 8.049187e-01 8.294130e-01 9.409092e-01 9.895545e-01 
2.221741e-03 7.726880e-01 7.739971e-01 7.777568e-01 7.950707e-01 8.203411e-01 9.373332e-01 9.889101e-01 
2.359095e-03 7.619716e-01 7.633050e-01 7.671377e-01 7.848479e-01 8.108766e-01 9.335461e-01 9.882260e-01 
2.504942e-03 7.509127e-01 7.522682e-01 7.561676e-01 7.742490e-01 8.010128e-01 9.295361e-01 9.874998e-01 
2.659804e-03 7.395153e-01 7.408905e-01 7.448498e-01 7.632739e-01 7.907445e-01 9.252909e-01 9.867289e-01 
2.824241e-03 7.277851e-01 7.291774e-01 7.331893e-01 7.519244e-01 7.800675e-01 9.207975e-01 9.859106e-01 
2.998844e-03 7.157295e-01 7.171361e-01 7.211925e-01 7.402038e-01 7.689795e-01 9.160426e-01 9.850420e-01 
3.184242e-03 7.033574e-01 7.047753e-01 7.088676e-01 7.281173e-01 7.574796e-01 9.110121e-01 9.841201e-01 
3.381101e-03 6.906792e-01 6.921053e-01 6.962246e-01 7.156719e-01 7.455688e-01 9.056912e-01 9.831415e-01 
3.590130e-03 6.777072e-01 6.791381e-01 6.832751e-01 7.028765e-01 7.332502e-01 9.000648e-01 9.821028e-01 
3.812083e-03 6.644552e-01 6.658877e-01 6.700324e-01 6.897423e-01 7.205290e-01 8.941171e-01 9.810003e-01 
4.047757e-03 6.509387e-01 6.523692e-01 6.565118e-01 6.762823e-01 7.074129e-01 8.878315e-01 9.798302e-01 
4.298001e-03 6.371747e-01 6.385999e-01 6.427300e-01 6.625116e-01 6.939117e-01 8.811911e-01 9.785883e-01 
4.563716e-03 6.231821e-01 6.245983e-01 6.287056e-01 6.484475e-01 6.800380e-01 8.741785e-01 9.772703e-01 
4.845859e-03 6.089807e-01 6.103844e-01 6.144586e-01 6.341094e-01 6.658071e-01 8.667755e-01 9.758715e-01 
5.145444e-03 5.945921e-01 5.959799e-01 6.000107e-01 6.195186e-01 6.512369e-01 8.589639e-01 9.743871e-01 
5.463550e-03 5.800390e-01 5.814074e-01 5.853849e-01 6.046982e-01 6.363478e-01 8.507246e-01 9.728119e-01 
5.801323e-03 5.653452e-01 5.666910e-01 5.706053e-01 5.896733e-01 6.211633e-01 8.420387e-01 9.711403e-01 
6.159978e-03 5.505356e-01 5.518555e-01 5.556974e-01 5.744706e-01 6.057092e-01 8.328865e-01 9.693666e-01 
6.540806e-03 5.356357e-01 5.369269e-01 5.406874e-01 5.591180e-01 5.900139e-01 8.232488e-01 9.674846e-01 
6.945178e-03 5.206719e-01 5.219315e-01 5.256023e-01 5.436450e-01 5.741081e-01 8.131060e-01 9.654878e-01 
7.374549e-03 5.056709e-01 5.068964e-01 5.104698e-01 5.280820e-01 5.580247e-01 8.024389e-01 9.633692e-01 
7.830465e-03 4.906596e-01 4.918487e-01 4.953178e-01 5.124600e-01 5.417983e-01 7.912285e-01 9.611217e-01 
8.314568e-03 4.756652e-01 4.768158e-01 4.801744e-01 4.968110e-01 5.254651e-01 7.794567e-01 9.587373e-01 
8.828599e-03 4.607146e-01 4.618249e-01 4.650676e-01 4.811667e-01 5.090628e-01 7.671060e-01 9.562080e-01 
9.374409e-03 4.458343e-01 4.469030e-01 4.500252e-01 4.655592e-01 4.926295e-01 7.541602e-01 9.535252e-01 
9.953962e-03 4.310507e-01 4.320765e-01 4.350745e-01 4.500200e-01 4.762040e-01 7.406048e-01 9.506797e-01 
1.056935e-02 4.163890e-01 4.173710e-01 4.202421e-01 4.345802e-01 4.598252e-01 7.264271e-01 9.476619e-01 
1.122277e-02 4.018740e-01 4.028116e-01 4.055537e-01 4.192701e-01 4.435315e-01 7.116168e-01 9.444615e-01 
1.191660e-02 3.875291e-01 3.884220e-01 3.910340e-01 4.041189e-01 4.273604e-01 6.961667e-01 9.410679e-01 
1.265332e-02 3.733768e-01 3.742249e-01 3.767065e-01 3.891544e-01 4.113486e-01 6.800730e-01 9.374697e-01 
1.343558e-02 3.594382e-01 3.602417e-01 3.625934e-01 3.744029e-01 3.955310e-01 6.633362e-01 9.336549e-01 
1.426621e-02 3.457332e-01 3.464925e-01 3.487154e-01 3.598892e-01 3.799406e-01 6.459616e-01 9.296109e-01 
1.514819e-02 3.322798e-01 3.329956e-01 3.350916e-01 3.456361e-01 3.646083e-01 6.279603e-01 9.253244e-01 
1.608469e-02 3.190948e-01 3.197681e-01 3.217396e-01 3.316645e-01 3.495628e-01 6.093497e-01 9.207814e-01 
1.707910e-02 3.061934e-01 3.068251e-01 3.086751e-01 3.179932e-01 3.348298e-01 5.901545e-01 9.159673e-01 
1.813498e-02 2.935890e-01 2.941803e-01 2.959122e-01 3.046392e-01 3.204327e-01 5.704076e-01 9.108664e-01 
1.925614e-02 2.812933e-01 2.818456e-01 2.834632e-01 2.916171e-01 3.063918e-01 5.501507e-01 9.054625e-01 
2.044661e-02 2.693165e-01 2.698312e-01 2.713388e-01 2.789394e-01 2.927247e-01 5.294349e-01 8.997386e-01 
2.171068e-02 2.576671e-01 2.581458e-01 2.595478e-01 2.666166e-01 2.794460e-01 5.083216e-01 8.936768e-01 
2.305289e-02 2.463520e-01 2.467962e-01 2.480973e-01 2.546572e-01 2.665676e-01 4.868821e-01 8.872582e-01 
2.447809e-02 2.353764e-01 2.357878e-01 2.369928e-01 2.430675e-01 2.540987e-01 4.651984e-01 8.804633e-01 
2.599140e-02 2.247443e-01 2.251246e-01 2.262384e-01 2.318523e-01 2.420460e-01 4.433620e-01 8.732716e-01 
2.759826e-02 2.144580e-01 2.148089e-01 2.158364e-01 2.210142e-01 2.304134e-01 4.214734e-01 8.656616e-01 
2.930447e-02 2.045185e-01 2.048416e-01 2.057879e-01 2.105544e-01 2.192030e-01 3.996405e-01 8.576111e-01 
3.111616e-02 1.949256e-01 1.952227e-01 1.960925e-01 2.004724e-01 2.084145e-01 3.779763e-01 8.490971e-01 
3.303985e-02 1.856778e-01 1.859505e-01 1.867487e-01 1.907663e-01 1.980458e-01 3.565966e-01 8.400954e-01 
3.508247e-02 1.767727e-01 1.770225e-01 1.777538e-01 1.814328e-01 1.880929e-01 3.356165e-01 8.305813e-01 
3.725137e-02 1.682066e-01 1.684352e-01 1.691041e-01 1.724676e-01 1.785505e-01 3.151473e-01 8.205291e-01 
3.955436e-02 1.599752e-01 1.601839e-01 1.607949e-01 1.638652e-01 1.694118e-01 2.952928e-01 8.099127e-01 
4.199973e-02 1.520731e-01 1.522635e-01 1.528207e-01 1.556192e-01 1.606689e-01 2.761457e-01 7.987052e-01 
4.459628e-02 1.444943e-01 1.446678e-01 1.451752e-01 1.477224e-01 1.523130e-01 2.577855e-01 7.868790e-01 
4.735335e-02 1.372323e-01 1.373901e-01 1.378516e-01 1.401669e-01 1.443342e-01 2.402754e-01 7.744066e-01 
5.028087e-02 1.302798e-01 1.304232e-01 1.308424e-01 1.329442e-01 1.367223e-01 2.236620e-01 7.612599e-01 
5.338938e-02 1.236293e-01 1.237593e-01 1.241396e-01 1.260453e-01 1.294662e-01 2.079742e-01 7.474111e-01 
5.669007e-02 1.172725e-01 1.173904e-01 1.177350e-01 1.194608e-01 1.225547e-01 1.932243e-01 7.328328e-01 
6.019482e-02 1.112013e-01 1.113080e-01 1.116200e-01 1.131811e-01 1.159760e-01 1.794096e-01 7.174982e-01 
6.391624e-02 1.054069e-01 1.055034e-01 1.057855e-01 1.071962e-01 1.097184e-01 1.665139e-01 7.013817e-01 
6.786773e-02 9.988069e-02 9.996787e-02 1.002227e-01 1.014962e-01 1.037699e-01 1.545101e-01 6.844592e-01 
7.206351e-02 9.461362e-02 9.469230e-02 9.492223e-02 9.607076e-02 9.811865e-02 1.433627e-01 6.667092e-01 
7.651869e-02 8.959675e-02 8.966769e-02 8.987499e-02 9.090987e-02 9.275268e-02 1.330301e-01 6.481130e-01 
8.124930e-02 8.482104e-02 8.488496e-02 8.507169e-02 8.600336e-02 8.766023e-02 1.234666e-01 6.286559e-01 
8.627237e-02 8.027752e-02 8.033506e-02 8.050312e-02 8.134119e-02 8.282971e-02 1.146243e-01 6.083282e-01 
9.160598e-02 7.595725e-02 7.600899e-02 7.616014e-02 7.691342e-02 7.824969e-02 1.064547e-01 5.871267e-01 
9.726934e-02 7.185137e-02 7.189788e-02 7.203371e-02 7.271028e-02 7.390903e-02 9.890985e-02 5.650558e-01 
1.032828e-01 6.795117e-02 6.799294e-02 6.811492e-02 6.872217e-02 6.979684e-02 9.194326e-02 5.421293e-01 
1.096681e-01 6.424808e-02 6.428556e-02 6.439503e-02 6.493970e-02 6.590253e-02 8.551037e-02 5.183729e-01 
1.164481e-01 6.073368e-02 6.076731e-02 6.086547e-02 6.135371e-02 6.221583e-02 7.956907e-02 4.938258e-01 
1.236472e-01 5.739977e-02 5.742991e-02 5.751790e-02 5.795529e-02 5.872681e-02 7.407994e-02 4.685439e-01 
1.312915e-01 5.423835e-02 5.426535e-02 5.434416e-02 5.473578e-02 5.542585e-02 6.900627e-02 4.426018e-01 
1.394083e-01 5.124161e-02 5.126579e-02 5.133635e-02 5.168680e-02 5.230372e-02 6.431411e-02 4.160966e-01 
1.480269e-01 4.840201e-02 4.842364e-02 4.848678e-02 4.880023e-02 4.935150e-02 5.997221e-02 3.891499e-01 
1.571784e-01 4.571221e-02 4.573156e-02 4.578803e-02 4.606825e-02 4.656065e-02 5.595186e-02 3.619107e-01 
1.668956e-01 4.316513e-02 4.318243e-02 4.323291e-02 4.348332e-02 4.392294e-02 5.222676e-02 3.345570e-01 
1.772136e-01 4.075394e-02 4.076940e-02 4.081450e-02 4.103818e-02 4.143053e-02 4.877287e-02 3.072960e-01 
1.881694e-01 3.847204e-02 3.848585e-02 3.852613e-02 3.872584e-02 3.907589e-02 4.556826e-02 2.803620e-01 
1.998026e-01 3.631309e-02 3.632542e-02 3.636139e-02 3.653963e-02 3.685182e-02 4.259288e-02 2.540119e-01 
2.121550e-01 3.427099e-02 3.428199e-02 3.431410e-02 3.447313e-02 3.475146e-02 3.982847e-02 2.285160e-01 
2.252711e-01 3.233989e-02 3.234971e-02 3.237835e-02 3.252020e-02 3.276827e-02 3.725837e-02 2.041458e-01 
2.391980e-01 3.051418e-02 3.052294e-02 3.054848e-02 3.067496e-02 3.089600e-02 3.486736e-02 1.811572e-01 
2.539859e-01 2.878849e-02 2.879630e-02 2.881907e-02 2.893180e-02 2.912871e-02 3.264157e-02 1.597722e-01 
2.696881e-01 2.715766e-02 2.716462e-02 2.718492e-02 2.728538e-02 2.746074e-02 3.056833e-02 1.401614e-01 
2.863610e-01 2.561679e-02 2.562300e-02 2.564109e-02 2.573058e-02 2.588671e-02 2.863606e-02 1.224303e-01 
3.040646e-01 2.416119e-02 2.416672e-02 2.418283e-02 2.426254e-02 2.440152e-02 2.683415e-02 1.066130e-01 
3.228628e-01 2.278637e-02 2.279129e-02 2.280564e-02 2.287662e-02 2.300030e-02 2.515293e-02 9.267430e-02 
3.428231e-01 2.148806e-02 2.149244e-02 2.150523e-02 2.156841e-02 2.167846e-02 2.358349e-02 8.051962e-02 
3.640175e-01 2.026220e-02 2.026610e-02 2.027748e-02 2.033371e-02 2.043162e-02 2.211770e-02 7.001049e-02 
3.865221e-01 1.910491e-02 1.910839e-02 1.911851e-02 1.916855e-02 1.925564e-02 2.074808e-02 6.098171e-02 
4.104181e-01 1.801252e-02 1.801561e-02 1.802462e-02 1.806914e-02 1.814659e-02 1.946774e-02 5.325743e-02 
4.357913e-01 1.698150e-02 1.698425e-02 1.699227e-02 1.703187e-02 1.710074e-02 1.827038e-02 4.666387e-02 
4.627332e-01 1.600855e-02 1.601099e-02 1.601812e-02 1.605334e-02 1.611457e-02 1.715016e-02 4.103817e-02 
4.913407e-01 1.509048e-02 1.509266e-02 1.509900e-02 1.513032e-02 1.518475e-02 1.610173e-02 3.623348e-02 
5.217169e-01 1.422431e-02 1.422624e-02 1.423188e-02 1.425973e-02 1.430810e-02 1.512014e-02 3.212108e-02 
5.539709e-01 1.340718e-02 1.340890e-02 1.341391e-02 1.343867e-02 1.348166e-02 1.420081e-02 2.859046e-02 
5.882190e-01 1.263639e-02 1.263792e-02 1.264238e-02 1.266438e-02 1.270258e-02 1.333952e-02 2.554812e-02 
6.245845e-01 1.190938e-02 1.191074e-02 1.191471e-02 1.193426e-02 1.196820e-02 1.253237e-02 2.291574e-02 
6.631981e-01 1.122373e-02 1.122494e-02 1.122846e-02 1.124584e-02 1.127599e-02 1.177573e-02 2.062816e-02 
7.041990e-01 1.057713e-02 1.057820e-02 1.058133e-02 1.059677e-02 1.062356e-02 1.106627e-02 1.863137e-02 
7.477346e-01 9.967406e-03 9.968360e-03 9.971141e-03 9.984861e-03 1.000865e-02 1.040086e-02 1.688063e-02 
7.939618e-01 9.392498e-03 9.393346e-03 9.395816e-03 9.408004e-03 9.429137e-03 9.776623e-03 1.533892e-02 
8.430468e-01 8.850455e-03 8.851208e-03 8.853403e-03 8.864229e-03 8.882997e-03 9.190881e-03 1.397553e-02 
8.951665e-01 8.339431e-03 8.340100e-03 8.342049e-03 8.351666e-03 8.368332e-03 8.641142e-03 1.276495e-02 
9.505083e-01 7.857680e-03 7.858274e-03 7.860006e-03 7.868547e-03 7.883345e-03 8.125090e-03 1.168590e-02 
1.009272e+00 7.403552e-03 7.404080e-03 7.405618e-03 7.413203e-03 7.426343e-03 7.640570e-03 1.072057e-02 
1.071668e+00 6.975487e-03 6.975955e-03 6.977321e-03 6.984056e-03 6.995723e-03 7.185575e-03 9.854022e-03 
1.137921e+00 6.572008e-03 6.572424e-03 6.573637e-03 6.579618e-03 6.589975e-03 6.758232e-03 9.073625e-03 
1.208271e+00 6.191723e-03 6.192093e-03 6.193169e-03 6.198479e-03 6.207674e-03 6.356799e-03 8.368697e-03 
1.282970e+00 5.833314e-03 5.833642e-03 5.834598e-03 5.839313e-03 5.847475e-03 5.979649e-03 7.730146e-03 
1.362287e+00 5.495537e-03 5.495829e-03 5.496678e-03 5.500863e-03 5.508108e-03 5.625262e-03 7.150201e-03 
1.446507e+00 5.177218e-03 5.177477e-03 5.178230e-03 5.181946e-03 5.188377e-03 5.292222e-03 6.622196e-03 
1.535935e+00 4.877247e-03 4.877476e-03 4.878146e-03 4.881444e-03 4.887152e-03 4.979202e-03 6.140383e-03 
1.630891e+00 4.594576e-03 4.594780e-03 4.595374e-03 4.598301e-03 4.603367e-03 4.684966e-03 5.699792e-03 
1.731717e+00 4.328217e-03 4.328398e-03 4.328925e-03 4.331524e-03 4.336020e-03 4.408356e-03 5.296101e-03 
1.838777e+00 4.077237e-03 4.077398e-03 4.077866e-03 4.080172e-03 4.084162e-03 4.148289e-03 4.925543e-03 
1.952456e+00 3.840754e-03 3.840897e-03 3.841312e-03 3.843359e-03 3.846900e-03 3.903750e-03 4.584820e-03 
2.073162e+00 3.617938e-03 3.618065e-03 3.618433e-03 3.620250e-03 3.623392e-03 3.673793e-03 4.271034e-03 
2.201331e+00 3.408004e-03 3.408117e-03 3.408444e-03 3.410056e-03 3.412845e-03 3.457529e-03 3.981630e-03 
2.337424e+00 3.210213e-03 3.210313e-03 3.210603e-03 3.212034e-03 3.214508e-03 3.254125e-03 3.714348e-03 
2.481930e+00 3.023867e-03 3.023955e-03 3.024213e-03 3.025482e-03 3.027678e-03 3.062803e-03 3.467184e-03 
2.635371e+00 2.848306e-03 2.848385e-03 2.848613e-03 2.849740e-03 2.851688e-03 2.882831e-03 3.238352e-03 
2.798297e+00 2.682911e-03 2.682981e-03 2.683184e-03 2.684183e-03 2.685912e-03 2.713525e-03 3.026258e-03 
2.971296e+00 2.527096e-03 2.527158e-03 2.527338e-03 2.528225e-03 2.529759e-03 2.554243e-03 2.829477e-03 
3.154990e+00 2.380309e-03 2.380363e-03 2.380523e-03 2.381310e-03 2.382671e-03 2.404381e-03 2.646727e-03 
3.350041e+00 2.242028e-03 2.242077e-03 2.242219e-03 2.242917e-03 2.244124e-03 2.263374e-03 2.476858e-03 
3.557150e+00 2.111764e-03 2.111808e-03 2.111933e-03 2.112553e-03 2.113624e-03 2.130693e-03 2.318829e-03 
3.777064e+00 1.989054e-03 1.989092e-03 1.989204e-03 1.989753e-03 1.990704e-03 2.005840e-03 2.171702e-03 
4.010573e+00 1.873460e-03 1.873494e-03 1.873593e-03 1.874081e-03 1.874924e-03 1.888346e-03 2.034626e-03 
4.258518e+00 1.764573e-03 1.764603e-03 1.764691e-03 1.765124e-03 1.765872e-03 1.777773e-03 1.906826e-03 
4.521792e+00 1.662003e-03 1.662030e-03 1.662108e-03 1.662492e-03 1.663156e-03 1.673710e-03 1.787601e-03 
4.801343e+00 1.565387e-03 1.565411e-03 1.565480e-03 1.565820e-03 1.566409e-03 1.575768e-03 1.676310e-03 
5.098176e+00 1.474378e-03 1.474400e-03 1.474461e-03 1.474763e-03 1.475285e-03 1.483585e-03 1.572366e-03 
5.413360e+00 1.388654e-03 1.388673e-03 1.388727e-03 1.388995e-03 1.389458e-03 1.396818e-03 1.475236e-03 
5.748030e+00 1.307907e-03 1.307924e-03 1.307972e-03 1.308210e-03 1.308621e-03 1.315147e-03 1.384428e-03 
6.103390e+00 1.231850e-03 1.231864e-03 1.231907e-03 1.232118e-03 1.232483e-03 1.238271e-03 1.299494e-03 
6.480720e+00 1.160210e-03 1.160223e-03 1.160261e-03 1.160448e-03 1.160772e-03 1.165904e-03 1.220019e-03 
6.881377e+00 1.092732e-03 1.092744e-03 1.092777e-03 1.092943e-03 1.093230e-03 1.097782e-03 1.145623e-03 
7.306804e+00 1.029175e-03 1.029185e-03 1.029215e-03 1.029362e-03 1.029617e-03 1.033654e-03 1.075956e-03 
7.758532e+00 9.693105e-04 9.693197e-04 9.693462e-04 9.694768e-04 9.697026e-04 9.732826e-04 1.010695e-03 
8.238187e+00 9.129253e-04 9.129334e-04 9.129569e-04 9.130728e-04 9.132731e-04 9.164480e-04 9.495410e-04 
8.747496e+00 8.598172e-04 8.598244e-04 8.598452e-04 8.599481e-04 8.601257e-04 8.629413e-04 8.922185e-04 
9.288292e+00 8.097961e-04 8.098024e-04 8.098210e-04 8.099122e-04 8.100698e-04 8.125668e-04 8.384719e-04 
9.862522e+00 7.626828e-04 7.626885e-04 7.627049e-04 7.627858e-04 7.629256e-04 7.651401e-04 7.880648e-04 
1.047225e+01 7.183086e-04 7.183136e-04 7.183282e-04 7.183999e-04 7.185239e-04 7.204879e-04 7.407778e-04 
1.111968e+01 6.765144e-04 6.765188e-04 6.765318e-04 6.765954e-04 6.767054e-04 6.784472e-04 6.964074e-04 
1.180713e+01 6.371504e-04 6.371544e-04 6.371658e-04 6.372223e-04 6.373199e-04 6.388646e-04 6.547644e-04 
1.253708e+01 6.000755e-04 6.000790e-04 6.000892e-04 6.001393e-04 6.002258e-04 6.015958e-04 6.156732e-04 
1.331216e+01 5.651568e-04 5.651598e-04 5.651689e-04 5.652133e-04 5.652901e-04 5.665051e-04 5.789702e-04 
1.413516e+01 5.322688e-04 5.322716e-04 5.322796e-04 5.323190e-04 5.323871e-04 5.334647e-04 5.445033e-04 
1.500903e+01 5.012938e-04 5.012962e-04 5.013033e-04 5.013383e-04 5.013987e-04 5.023544e-04 5.121306e-04 
1.593694e+01 4.721205e-04 4.721227e-04 4.721290e-04 4.721600e-04 4.722135e-04 4.730612e-04 4.817201e-04 
1.692220e+01 4.446442e-04 4.446461e-04 4.446517e-04 4.446792e-04 4.447267e-04 4.454785e-04 4.531485e-04 
1.796838e+01 4.187663e-04 4.187680e-04 4.187730e-04 4.187974e-04 4.188395e-04 4.195062e-04 4.263008e-04 
1.907924e+01 3.943939e-04 3.943954e-04 3.943998e-04 3.944214e-04 3.944588e-04 3.950501e-04 4.010695e-04 
2.025878e+01 3.714394e-04 3.714408e-04 3.714447e-04 3.714639e-04 3.714970e-04 3.720215e-04 3.773545e-04 
2.151123e+01 3.498205e-04 3.498217e-04 3.498251e-04 3.498422e-04 3.498716e-04 3.503367e-04 3.550620e-04 
2.284112e+01 3.294594e-04 3.294605e-04 3.294636e-04 3.294787e-04 3.295048e-04 3.299173e-04 3.341043e-04 
2.425323e+01 3.102831e-04 3.102841e-04 3.102868e-04 3.103002e-04 3.103233e-04 3.106892e-04 3.143995e-04 
2.575263e+01 2.922226e-04 2.922235e-04 2.922259e-04 2.922378e-04 2.922583e-04 2.925828e-04 2.958708e-04 
2.734474e+01 2.752131e-04 2.752138e-04 2.752160e-04 2.752265e-04 2.752447e-04 2.755325e-04 2.784465e-04 
2.903527e+01 2.591934e-04 2.591941e-04 2.591959e-04 2.592053e-04 2.592214e-04 2.594767e-04 2.620592e-04 
3.083031e+01 2.441059e-04 2.441065e-04 2.441082e-04 2.441165e-04 2.441308e-04 2.443572e-04 2.466461e-04 
3.273634e+01 2.298965e-04 2.298970e-04 2.298985e-04 2.299059e-04 2.299186e-04 2.301194e-04 2.321482e-04 
3.476019e+01 2.165141e-04 2.165145e-04 2.165158e-04 2.165224e-04 2.165336e-04 2.167117e-04 2.185100e-04 
3.690917e+01 2.039104e-04 2.039108e-04 2.039120e-04 2.039178e-04 2.039278e-04 2.040857e-04 2.056798e-04 
3.919100e+01 1.920403e-04 1.920407e-04 1.920417e-04 1.920469e-04 1.920557e-04 1.921958e-04 1.936088e-04 
4.161391e+01 1.808611e-04 1.808614e-04 1.808624e-04 1.808669e-04 1.808748e-04 1.809990e-04 1.822516e-04 
4.418660e+01 1.703325e-04 1.703328e-04 1.703336e-04 1.703377e-04 1.703447e-04 1.704549e-04 1.715653e-04 
4.691835e+01 1.604168e-04 1.604170e-04 1.604178e-04 1.604213e-04 1.604275e-04 1.605253e-04 1.615097e-04 
4.981898e+01 1.510782e-04 1.510784e-04 1.510791e-04 1.510822e-04 1.510877e-04 1.511744e-04 1.520472e-04 
5.289893e+01 1.422832e-04 1.422833e-04 1.422839e-04 1.422867e-04 1.422916e-04 1.423685e-04 1.431423e-04 
5.616930e+01 1.340000e-04 1.340002e-04 1.340007e-04 1.340032e-04 1.340075e-04 1.340757e-04 1.347618e-04 
5.964185e+01 1.261991e-04 1.261992e-04 1.261997e-04 1.262019e-04 1.262057e-04 1.262662e-04 1.268745e-04 
6.332908e+01 1.188522e-04 1.188524e-04 1.188528e-04 1.188547e-04 1.188581e-04 1.189118e-04 1.194510e-04 
6.724427e+01 1.119330e-04 1.119331e-04 1.119335e-04 1.119352e-04 1.119382e-04 1.119858e-04 1.124640e-04 
7.140151e+01 1.054166e-04 1.054167e-04 1.054170e-04 1.054185e-04 1.054212e-04 1.054634e-04 1.058874e-04 
7.581576e+01 9.927947e-05 9.927956e-05 9.927984e-05 9.928121e-05 9.928358e-05 9.932101e-05 9.969694e-05 
8.050292e+01 9.349961e-05 9.349970e-05 9.349995e-05 9.350117e-05 9.350327e-05 9.353646e-05 9.386980e-05 
8.547985e+01 8.805623e-05 8.805630e-05 8.805652e-05 8.805760e-05 8.805947e-05 8.808891e-05 8.838448e-05 
9.076446e+01 8.292972e-05 8.292979e-05 8.292998e-05 8.293094e-05 8.293259e-05 8.295870e-05 8.322080e-05 
9.637579e+01 7.810164e-05 7.810170e-05 7.810188e-05 7.810273e-05 7.810419e-05 7.812735e-05 7.835976e-05 
1.023340e+02 7.355463e-05 7.355469e-05 7.355484e-05 7.355559e-05 7.355689e-05 7.357743e-05 7.378353e-05 
1.086606e+02 6.927233e-05 6.927238e-05 6.927251e-05 6.927318e-05 6.927433e-05 6.929255e-05 6.947531e-05 
1.153783e+02 6.523932e-05 6.523936e-05 6.523948e-05 6.524007e-05 6.524110e-05 6.525726e-05 6.541932e-05 
1.225114e+02 6.144110e-05 6.144114e-05 6.144124e-05 6.144177e-05 6.144267e-05 6.145701e-05 6.160072e-05 
1.300854e+02 5.786399e-05 5.786403e-05 5.786412e-05 5.786459e-05 5.786539e-05 5.787810e-05 5.800555e-05 
1.381276e+02 5.449514e-05 5.449517e-05 5.449525e-05 5.449566e-05 5.449638e-05 5.450765e-05 5.462067e-05 
1.466671e+02 5.132241e-05 5.132243e-05 5.132251e-05 5.132288e-05 5.132351e-05 5.133351e-05 5.143373e-05 
1.557345e+02 4.833438e-05 4.833441e-05 4.833448e-05 4.833480e-05 4.833536e-05 4.834423e-05 4.843311e-05 
1.653624e+02 4.552032e-05 4.552034e-05 4.552040e-05 4.552069e-05 4.552119e-05 4.552905e-05 4.560788e-05 
1.755856e+02 4.287009e-05 4.287011e-05 4.287016e-05 4.287041e-05 4.287086e-05 4.287783e-05 4.294774e-05 
1.864409e+02 4.037414e-05 4.037416e-05 4.037421e-05 4.037443e-05 4.037483e-05 4.038101e-05 4.044301e-05 
1.979672e+02 3.802351e-05 3.802353e-05 3.802357e-05 3.802377e-05 3.802412e-05 3.802961e-05 3.808459e-05 
2.102061e+02 3.580973e-05 3.580975e-05 3.580978e-05 3.580996e-05 3.581027e-05 3.581514e-05 3.586390e-05 
2.232016e+02 3.372484e-05 3.372485e-05 3.372488e-05 3.372504e-05 3.372532e-05 3.372963e-05 3.377287e-05 
2.370006e+02 3.176133e-05 3.176134e-05 3.176137e-05 3.176151e-05 3.176175e-05 3.176558e-05 3.180393e-05 
2.516527e+02 2.991213e-05 2.991214e-05 2.991216e-05 2.991229e-05 2.991250e-05 2.991590e-05 2.994991e-05 
2.672106e+02 2.817059e-05 2.817060e-05 2.817062e-05 2.817073e-05 2.817093e-05 2.817394e-05 2.820410e-05 
2.837304e+02 2.653045e-05 2.653046e-05 2.653048e-05 2.653057e-05 2.653074e-05 2.653342e-05 2.656017e-05 
3.012714e+02 2.498579e-05 2.498580e-05 2.498582e-05 2.498591e-05 2.498606e-05 2.498843e-05 2.501215e-05 
3.198969e+02 2.353107e-05 2.353108e-05 2.353109e-05 2.353117e-05 2.353130e-05 2.353340e-05 2.355444e-05 
3.396739e+02 2.216104e-05 2.216105e-05 2.216106e-05 2.216113e-05 2.216125e-05 2.216311e-05 2.218177e-05 
3.606735e+02 2.087077e-05 2.087078e-05 2.087079e-05 2.087086e-05 2.087096e-05 2.087261e-05 2.088916e-05 
3.829714e+02 1.965563e-05 1.965564e-05 1.965565e-05 1.965570e-05 1.965580e-05 1.965726e-05 1.967194e-05 
4.066478e+02 1.851123e-05 1.851124e-05 1.851125e-05 1.851130e-05 1.851138e-05 1.851268e-05 1.852570e-05 
4.317880e+02 1.743347e-05 1.743347e-05 1.743348e-05 1.743352e-05 1.743360e-05 1.743475e-05 1.744630e-05 
4.584824e+02 1.641845e-05 1.641845e-05 1.641846e-05 1.641850e-05 1.641856e-05 1.641959e-05 1.642983e-05 
4.868271e+02 1.546252e-05 1.546253e-05 1.546254e-05 1.546257e-05 1.546263e-05 1.546353e-05 1.547262e-05 
5.169242e+02 1.456226e-05 1.456226e-05 1.456227e-05 1.456230e-05 1.456235e-05 1.456315e-05 1.457121e-05 
5.488820e+02 1.371440e-05 1.371441e-05 1.371441e-05 1.371444e-05 1.371448e-05 1.371520e-05 1.372234e-05 
5.828155e+02 1.291591e-05 1.291592e-05 1.291592e-05 1.291595e-05 1.291599e-05 1.291662e-05 1.292296e-05 
6.188468e+02 1.216391e-05 1.216392e-05 1.216392e-05 1.216394e-05 1.216398e-05 1.216454e-05 1.217016e-05 
6.571058e+02 1.145570e-05 1.145570e-05 1.145571e-05 1.145572e-05 1.145576e-05 1.145625e-05 1.146124e-05 
6.977300e+02 1.078872e-05 1.078872e-05 1.078872e-05 1.078874e-05 1.078877e-05 1.078921e-05 1.079363e-05 
7.408657e+02 1.016057e-05 1.016057e-05 1.016057e-05 1.016059e-05 1.016061e-05 1.016100e-05 1.016492e-05 
7.866682e+02 9.568988e-06 9.568992e-06 9.568995e-06 9.569008e-06 9.569030e-06 9.569377e-06 9.572854e-06 
8.353023e+02 9.011854e-06 9.011857e-06 9.011860e-06 9.011872e-06 9.011891e-06 9.012200e-06 9.015283e-06 
8.869432e+02 8.487158e-06 8.487161e-06 8.487163e-06 8.487174e-06 8.487191e-06 8.487464e-06 8.490199e-06 
9.417766e+02 7.993010e-06 7.993013e-06 7.993016e-06 7.993025e-06 7.993040e-06 7.993283e-06 7.995708e-06 
1.000000e+03 7.527633e-06 7.527636e-06 7.527639e-06 7.527646e-06 7.527660e-06 7.527875e-06 7.530027e-06 
