1.000000e-10 9.999981e-01 9.999994e-01 9.999998e-01 9.999999e-01 1.000000e+00 1.000000e+00 1.000000e+00 
1.842070e-10 9.999965e-01 9.999989e-01 9.999996e-01 9.999999e-01 9.999999e-01 1.000000e+00 1.000000e+00 
3.393222e-10 9.999936e-01 9.999979e-01 9.999992e-01 9.999998e-01 9.999999e-01 1.000000e+00 1.000000e+00 
6.250552e-10 9.999883e-01 9.999961e-01 9.999986e-01 9.999996e-01 9.999998e-01 1.000000e+00 1.000000e+00 
1.151395e-09 9.999784e-01 9.999928e-01 9.999974e-01 9.999993e-01 9.999997e-01 1.000000e+00 1.000000e+00 
2.120951e-09 9.999602e-01 9.999868e-01 9.999952e-01 9.999987e-01 9.999994e-01 9.999999e-01 1.000000e+00 
3.906940e-09 9.999266e-01 9.999756e-01 9.999912e-01 9.999976e-01 9.999989e-01 9.999999e-01 1.000000e+00 
7.196857e-09 9.998649e-01 9.999551e-01 9.999838e-01 9.999956e-01 9.999980e-01 9.999998e-01 1.000000e+00 
1.325711e-08 9.997511e-01 9.999174e-01 9.999701e-01 9.999919e-01 9.999963e-01 9.999996e-01 1.000000e+00 
2.442053e-08 9.995415e-01 9.998478e-01 9.999450e-01 9.999852e-01 9.999932e-01 9.999993e-01 9.999999e-01 
4.498433e-08 9.991555e-01 9.997196e-01 9.998986e-01 9.999727e-01 9.999874e-01 9.999986e-01 9.999999e-01 
8.286428e-08 9.984444e-01 9.994835e-01 9.998133e-01 9.999497e-01 9.999769e-01 9.999975e-01 9.999997e-01 
1.526418e-07 9.971349e-01 9.990487e-01 9.996561e-01 9.999073e-01 9.999574e-01 9.999954e-01 9.999995e-01 
2.811769e-07 9.947234e-01 9.982477e-01 9.993665e-01 9.998292e-01 9.999216e-01 9.999915e-01 9.999991e-01 
5.179475e-07 9.902842e-01 9.967725e-01 9.988332e-01 9.996854e-01 9.998555e-01 9.999844e-01 9.999983e-01 
9.540955e-07 9.821167e-01 9.940558e-01 9.978508e-01 9.994205e-01 9.997338e-01 9.999712e-01 9.999968e-01 
1.757511e-06 9.671053e-01 9.890544e-01 9.960417e-01 9.989325e-01 9.995097e-01 9.999470e-01 9.999942e-01 
3.237458e-06 9.395721e-01 9.798509e-01 9.927109e-01 9.980337e-01 9.990968e-01 9.999024e-01 9.999892e-01 
5.963623e-06 8.892822e-01 9.629301e-01 9.865808e-01 9.963786e-01 9.983363e-01 9.998202e-01 9.999802e-01 
1.098541e-05 7.982831e-01 9.318740e-01 9.753080e-01 9.933310e-01 9.969357e-01 9.996688e-01 9.999635e-01 
2.023590e-05 6.377028e-01 8.750657e-01 9.546078e-01 9.877217e-01 9.943562e-01 9.993898e-01 9.999328e-01 
3.727594e-05 3.800078e-01 7.718917e-01 9.167019e-01 9.774046e-01 9.896069e-01 9.988761e-01 9.998762e-01 
6.866488e-05 1.224405e-01 5.878804e-01 8.476651e-01 9.584543e-01 9.808658e-01 9.979297e-01 9.997720e-01 
1.264855e-04 3.428089e-02 2.846076e-01 7.233371e-01 9.237370e-01 9.647902e-01 9.961865e-01 9.995799e-01 
2.329952e-04 1.304557e-02 4.503772e-02 5.052805e-01 8.604744e-01 9.352702e-01 9.929757e-01 9.992262e-01 
4.291934e-04 5.962265e-03 1.032086e-02 1.614149e-01 7.465678e-01 8.812294e-01 9.870625e-01 9.985747e-01 
7.906043e-04 2.968173e-03 3.850576e-03 1.141300e-02 5.477978e-01 7.829990e-01 9.761740e-01 9.973747e-01 
1.456348e-03 1.540347e-03 1.756199e-03 2.796271e-03 2.358816e-01 6.079198e-01 9.561308e-01 9.951649e-01 
2.682696e-03 8.164649e-04 8.742676e-04 1.090801e-03 6.917803e-03 3.192255e-01 9.192587e-01 9.910961e-01 
4.941713e-03 4.375932e-04 4.537899e-04 5.075470e-04 1.038832e-03 1.979680e-02 8.515143e-01 9.836077e-01 
9.102982e-03 2.359210e-04 2.405673e-04 2.550709e-04 3.551850e-04 7.810269e-04 7.274042e-01 9.698357e-01 
1.676833e-02 1.275966e-04 1.289462e-04 1.330259e-04 1.569022e-04 2.200994e-04 5.019975e-01 9.445430e-01 
3.088844e-02 6.912809e-05 6.952272e-05 7.069547e-05 7.701971e-05 9.057073e-05 1.264415e-01 8.982143e-01 
5.689866e-02 3.748626e-05 3.760207e-05 3.794308e-05 3.970592e-05 4.311336e-05 5.483514e-04 8.137868e-01 
1.048113e-01 2.033797e-05 2.037202e-05 2.047179e-05 2.097616e-05 2.190101e-05 5.500777e-05 6.615217e-01 
1.930698e-01 1.103726e-05 1.104728e-05 1.107657e-05 1.122287e-05 1.148380e-05 1.756744e-05 3.932237e-01 
3.556480e-01 5.990716e-06 5.993670e-06 6.002284e-06 6.045031e-06 6.120155e-06 7.565456e-06 9.692572e-03 
6.551286e-01 3.251854e-06 3.252726e-06 3.255262e-06 3.267802e-06 3.289665e-06 3.672489e-06 2.423138e-05 
1.206793e+00 1.765234e-06 1.765492e-06 1.766239e-06 1.769926e-06 1.776325e-06 1.883090e-06 4.038853e-06 
2.222996e+00 9.582598e-07 9.583374e-07 9.585581e-07 9.596432e-07 9.615222e-07 9.920817e-07 1.422267e-06 
4.094915e+00 5.201999e-07 5.202232e-07 5.202887e-07 5.206084e-07 5.211611e-07 5.300276e-07 6.356805e-07 
7.543120e+00 2.823956e-07 2.824049e-07 2.824241e-07 2.825182e-07 2.826809e-07 2.852720e-07 3.136890e-07 
1.389495e+01 1.533012e-07 1.533054e-07 1.533118e-07 1.533395e-07 1.533874e-07 1.541476e-07 1.621333e-07 
2.559548e+01 8.322059e-08 8.322335e-08 8.322569e-08 8.323416e-08 8.324818e-08 8.347168e-08 8.576645e-08 
4.714866e+01 4.517627e-08 4.517861e-08 4.517973e-08 4.518241e-08 4.518657e-08 4.525237e-08 4.591956e-08 
8.685114e+01 2.452330e-08 2.452551e-08 2.452630e-08 2.452730e-08 2.452850e-08 2.454790e-08 2.474309e-08 
1.599859e+02 1.331147e-08 1.331366e-08 1.331434e-08 1.331481e-08 1.331518e-08 1.332091e-08 1.337821e-08 
2.947052e+02 7.224945e-09 7.227116e-09 7.227761e-09 7.228069e-09 7.228230e-09 7.229916e-09 7.246769e-09 
5.428675e+02 3.920766e-09 3.922935e-09 3.923570e-09 3.923829e-09 3.923905e-09 3.924422e-09 3.929385e-09 
1.000000e+03 2.127036e-09 2.129203e-09 2.129835e-09 2.130080e-09 2.130131e-09 2.130306e-09 2.131767e-09 
