#KD=    4.140000e+02 [muM]
#Ebind= 1.080000e+01 [kT]
    CL0[muM]     CR0[muM]      CL[muM]
1.812695e-10 1.812695e-14 1.812692e-10
1.812695e-10 2.234775e-14 1.812692e-10
1.812695e-10 2.755135e-14 1.812692e-10
1.812695e-10 3.396660e-14 1.812692e-10
1.812695e-10 4.187561e-14 1.812688e-10
1.812695e-10 5.162621e-14 1.812691e-10
1.812695e-10 6.364720e-14 1.812689e-10
1.812695e-10 7.846725e-14 1.812691e-10
1.812695e-10 9.673809e-14 1.812687e-10
1.812695e-10 1.192632e-13 1.812685e-10
1.812695e-10 1.470333e-13 1.812685e-10
1.812695e-10 1.812695e-13 1.812682e-10
1.812695e-10 2.234775e-13 1.812678e-10
1.812695e-10 2.755135e-13 1.812674e-10
1.812695e-10 3.396660e-13 1.812668e-10
1.812695e-10 4.187561e-13 1.812661e-10
1.812695e-10 5.162621e-13 1.812652e-10
1.812695e-10 6.364720e-13 1.812642e-10
1.812695e-10 7.846725e-13 1.812628e-10
1.812695e-10 9.673809e-13 1.812612e-10
1.812695e-10 1.192632e-12 1.812592e-10
1.812695e-10 1.470333e-12 1.812567e-10
1.812695e-10 1.812695e-12 1.812537e-10
1.812695e-10 2.234775e-12 1.812499e-10
1.812695e-10 2.755135e-12 1.812453e-10
1.812695e-10 3.396660e-12 1.812396e-10
1.812695e-10 4.187561e-12 1.812325e-10
1.812695e-10 5.162621e-12 1.812238e-10
1.812695e-10 6.364720e-12 1.812131e-10
1.812695e-10 7.846725e-12 1.811999e-10
1.812695e-10 9.673809e-12 1.811837e-10
1.812695e-10 1.192632e-11 1.811630e-10
1.812695e-10 1.470333e-11 1.811383e-10
1.812695e-10 1.812695e-11 1.811078e-10
1.812695e-10 2.234775e-11 1.810703e-10
1.812695e-10 2.755135e-11 1.810241e-10
1.812695e-10 3.396660e-11 1.809671e-10
1.812695e-10 4.187561e-11 1.808969e-10
1.812695e-10 5.162621e-11 1.808104e-10
1.812695e-10 6.364720e-11 1.807039e-10
1.812695e-10 7.846725e-11 1.805728e-10
1.812695e-10 9.673809e-11 1.804114e-10
1.812695e-10 1.192632e-10 1.802128e-10
1.812695e-10 1.470333e-10 1.799686e-10
1.812695e-10 1.812695e-10 1.796685e-10
1.812695e-10 2.234775e-10 1.792998e-10
1.812695e-10 2.755135e-10 1.788473e-10
1.812695e-10 3.396660e-10 1.782926e-10
1.812695e-10 4.187561e-10 1.776135e-10
1.812695e-10 5.162621e-10 1.767832e-10
1.812695e-10 6.364720e-10 1.757703e-10
1.812695e-10 7.846725e-10 1.745371e-10
1.812695e-10 9.673809e-10 1.730407e-10
1.812695e-10 1.192632e-09 1.712303e-10
1.812695e-10 1.470333e-09 1.690495e-10
1.812695e-10 1.812695e-09 1.664360e-10
1.812695e-10 2.234775e-09 1.633226e-10
1.812695e-10 2.755135e-09 1.596405e-10
1.812695e-10 3.396660e-09 1.553226e-10
1.812695e-10 4.187561e-09 1.503093e-10
1.812695e-10 5.162621e-09 1.445559e-10
1.812695e-10 6.364720e-09 1.380402e-10
1.812695e-10 7.846725e-09 1.307707e-10
1.812695e-10 9.673809e-09 1.227966e-10
1.812695e-10 1.192632e-08 1.142084e-10
1.812695e-10 1.470333e-08 1.051403e-10
1.812695e-10 1.812695e-08 9.576357e-11
1.812695e-10 2.234775e-08 8.627592e-11
1.812695e-10 2.755135e-08 7.688194e-11
1.812695e-10 3.396660e-08 6.778186e-11
1.812695e-10 4.187561e-08 5.914905e-11
1.812695e-10 5.162621e-08 5.112103e-11
1.812695e-10 6.364720e-08 4.379309e-11
1.812695e-10 7.846725e-08 3.721467e-11
1.812695e-10 9.673809e-08 3.139972e-11
1.812695e-10 1.192632e-07 2.632775e-11
1.812695e-10 1.470333e-07 2.195554e-11
1.812695e-10 1.812695e-07 1.822398e-11
1.812695e-10 2.234775e-07 1.506698e-11
1.812695e-10 2.755135e-07 1.241564e-11
1.812695e-10 3.396660e-07 1.020199e-11
1.812695e-10 4.187561e-07 8.363720e-12
1.812695e-10 5.162621e-07 6.843367e-12
1.812695e-10 6.364720e-07 5.590397e-12
1.812695e-10 7.846725e-07 4.560981e-12
1.812695e-10 9.673809e-07 3.717086e-12
1.812695e-10 1.192632e-06 3.026634e-12
1.812695e-10 1.470333e-06 2.462669e-12
1.812695e-10 1.812695e-06 2.002609e-12
1.812695e-10 2.234775e-06 1.627698e-12
1.812695e-10 2.755135e-06 1.322447e-12
1.812695e-10 3.396660e-06 1.074094e-12
1.812695e-10 4.187561e-06 8.721443e-13
1.812695e-10 5.162621e-06 7.083949e-13
1.812695e-10 6.364720e-06 5.746478e-13
1.812695e-10 7.846725e-06 4.663342e-13
1.812695e-10 9.673809e-06 3.783822e-13
1.812695e-10 1.192632e-05 3.069795e-13
1.812695e-10 1.470333e-05 2.490213e-13
1.812695e-10 1.812695e-05 2.019824e-13
1.812695e-09 1.812695e-14 1.812694e-09
1.812695e-09 2.234775e-14 1.812693e-09
1.812695e-09 2.755135e-14 1.812693e-09
1.812695e-09 3.396660e-14 1.812692e-09
1.812695e-09 4.187561e-14 1.812692e-09
1.812695e-09 5.162621e-14 1.812690e-09
1.812695e-09 6.364720e-14 1.812690e-09
1.812695e-09 7.846725e-14 1.812688e-09
1.812695e-09 9.673809e-14 1.812687e-09
1.812695e-09 1.192632e-13 1.812685e-09
1.812695e-09 1.470333e-13 1.812682e-09
1.812695e-09 1.812695e-13 1.812679e-09
1.812695e-09 2.234775e-13 1.812676e-09
1.812695e-09 2.755135e-13 1.812671e-09
1.812695e-09 3.396660e-13 1.812666e-09
1.812695e-09 4.187561e-13 1.812659e-09
1.812695e-09 5.162621e-13 1.812651e-09
1.812695e-09 6.364720e-13 1.812640e-09
1.812695e-09 7.846725e-13 1.812628e-09
1.812695e-09 9.673809e-13 1.812612e-09
1.812695e-09 1.192632e-12 1.812593e-09
1.812695e-09 1.470333e-12 1.812569e-09
1.812695e-09 1.812695e-12 1.812540e-09
1.812695e-09 2.234775e-12 1.812504e-09
1.812695e-09 2.755135e-12 1.812459e-09
1.812695e-09 3.396660e-12 1.812404e-09
1.812695e-09 4.187561e-12 1.812337e-09
1.812695e-09 5.162621e-12 1.812253e-09
1.812695e-09 6.364720e-12 1.812151e-09
1.812695e-09 7.846725e-12 1.812024e-09
1.812695e-09 9.673809e-12 1.811868e-09
1.812695e-09 1.192632e-11 1.811675e-09
1.812695e-09 1.470333e-11 1.811438e-09
1.812695e-09 1.812695e-11 1.811145e-09
1.812695e-09 2.234775e-11 1.810785e-09
1.812695e-09 2.755135e-11 1.810341e-09
1.812695e-09 3.396660e-11 1.809794e-09
1.812695e-09 4.187561e-11 1.809120e-09
1.812695e-09 5.162621e-11 1.808289e-09
1.812695e-09 6.364720e-11 1.807266e-09
1.812695e-09 7.846725e-11 1.806007e-09
1.812695e-09 9.673809e-11 1.804456e-09
1.812695e-09 1.192632e-10 1.802548e-09
1.812695e-09 1.470333e-10 1.800201e-09
1.812695e-09 1.812695e-10 1.797315e-09
1.812695e-09 2.234775e-10 1.793769e-09
1.812695e-09 2.755135e-10 1.789417e-09
1.812695e-09 3.396660e-10 1.784078e-09
1.812695e-09 4.187561e-10 1.777538e-09
1.812695e-09 5.162621e-10 1.769539e-09
1.812695e-09 6.364720e-10 1.759771e-09
1.812695e-09 7.846725e-10 1.747870e-09
1.812695e-09 9.673809e-10 1.733409e-09
1.812695e-09 1.192632e-09 1.715894e-09
1.812695e-09 1.470333e-09 1.694763e-09
1.812695e-09 1.812695e-09 1.669391e-09
1.812695e-09 2.234775e-09 1.639100e-09
1.812695e-09 2.755135e-09 1.603185e-09
1.812695e-09 3.396660e-09 1.560946e-09
1.812695e-09 4.187561e-09 1.511747e-09
1.812695e-09 5.162621e-09 1.455082e-09
1.812695e-09 6.364720e-09 1.390664e-09
1.812695e-09 7.846725e-09 1.318511e-09
1.812695e-09 9.673809e-09 1.239040e-09
1.812695e-09 1.192632e-08 1.153111e-09
1.812695e-09 1.470333e-08 1.062050e-09
1.812695e-09 1.812695e-08 9.675888e-10
1.812695e-09 2.234775e-08 8.717535e-10
1.812695e-09 2.755135e-08 7.766920e-10
1.812695e-09 3.396660e-08 6.844838e-10
1.812695e-09 4.187561e-08 5.969597e-10
1.812695e-09 5.162621e-08 5.155684e-10
1.812695e-09 6.364720e-08 4.413051e-10
1.812695e-09 7.846725e-08 3.747064e-10
1.812695e-09 9.673809e-08 3.158932e-10
1.812695e-09 1.192632e-07 2.646561e-10
1.812695e-09 1.470333e-07 2.205406e-10
1.812695e-09 1.812695e-07 1.829365e-10
1.812695e-09 2.234775e-07 1.511555e-10
1.812695e-09 2.755135e-07 1.244895e-10
1.812695e-09 3.396660e-07 1.022498e-10
1.812695e-09 4.187561e-07 8.379269e-11
1.812695e-09 5.162621e-07 6.853959e-11
1.812695e-09 6.364720e-07 5.597690e-11
1.812695e-09 7.846725e-07 4.565973e-11
1.812695e-09 9.673809e-07 3.720457e-11
1.812695e-09 1.192632e-06 3.028987e-11
1.812695e-09 1.470333e-06 2.464387e-11
1.812695e-09 1.812695e-06 2.003795e-11
1.812695e-09 2.234775e-06 1.628579e-11
1.812695e-09 2.755135e-06 1.323142e-11
1.812695e-09 3.396660e-06 1.074668e-11
1.812695e-09 4.187561e-06 8.726200e-12
1.812695e-09 5.162621e-06 7.083989e-12
1.812695e-09 6.364720e-06 5.750107e-12
1.812695e-09 7.846725e-06 4.666705e-12
1.812695e-09 9.673809e-06 3.786970e-12
1.812695e-09 1.192632e-05 3.072825e-12
1.812695e-09 1.470333e-05 2.493172e-12
1.812695e-09 1.812695e-05 2.022725e-12
5.981894e-09 1.812695e-14 5.981890e-09
5.981894e-09 2.234775e-14 5.981889e-09
5.981894e-09 2.755135e-14 5.981887e-09
5.981894e-09 3.396660e-14 5.981886e-09
5.981894e-09 4.187561e-14 5.981884e-09
5.981894e-09 5.162621e-14 5.981881e-09
5.981894e-09 6.364720e-14 5.981878e-09
5.981894e-09 7.846725e-14 5.981874e-09
5.981894e-09 9.673809e-14 5.981869e-09
5.981894e-09 1.192632e-13 5.981864e-09
5.981894e-09 1.470333e-13 5.981857e-09
5.981894e-09 1.812695e-13 5.981848e-09
5.981894e-09 2.234775e-13 5.981837e-09
5.981894e-09 2.755135e-13 5.981824e-09
5.981894e-09 3.396660e-13 5.981807e-09
5.981894e-09 4.187561e-13 5.981787e-09
5.981894e-09 5.162621e-13 5.981762e-09
5.981894e-09 6.364720e-13 5.981731e-09
5.981894e-09 7.846725e-13 5.981693e-09
5.981894e-09 9.673809e-13 5.981646e-09
5.981894e-09 1.192632e-12 5.981588e-09
5.981894e-09 1.470333e-12 5.981517e-09
5.981894e-09 1.812695e-12 5.981429e-09
5.981894e-09 2.234775e-12 5.981321e-09
5.981894e-09 2.755135e-12 5.981187e-09
5.981894e-09 3.396660e-12 5.981023e-09
5.981894e-09 4.187561e-12 5.980820e-09
5.981894e-09 5.162621e-12 5.980570e-09
5.981894e-09 6.364720e-12 5.980261e-09
5.981894e-09 7.846725e-12 5.979881e-09
5.981894e-09 9.673809e-12 5.979413e-09
5.981894e-09 1.192632e-11 5.978835e-09
5.981894e-09 1.470333e-11 5.978123e-09
5.981894e-09 1.812695e-11 5.977245e-09
5.981894e-09 2.234775e-11 5.976164e-09
5.981894e-09 2.755135e-11 5.974831e-09
5.981894e-09 3.396660e-11 5.973189e-09
5.981894e-09 4.187561e-11 5.971165e-09
5.981894e-09 5.162621e-11 5.968671e-09
5.981894e-09 6.364720e-11 5.965600e-09
5.981894e-09 7.846725e-11 5.961817e-09
5.981894e-09 9.673809e-11 5.957159e-09
5.981894e-09 1.192632e-10 5.951425e-09
5.981894e-09 1.470333e-10 5.944369e-09
5.981894e-09 1.812695e-10 5.935690e-09
5.981894e-09 2.234775e-10 5.925021e-09
5.981894e-09 2.755135e-10 5.911913e-09
5.981894e-09 3.396660e-10 5.895824e-09
5.981894e-09 4.187561e-10 5.876092e-09
5.981894e-09 5.162621e-10 5.851925e-09
5.981894e-09 6.364720e-10 5.822369e-09
5.981894e-09 7.846725e-10 5.786291e-09
5.981894e-09 9.673809e-10 5.742348e-09
5.981894e-09 1.192632e-09 5.688976e-09
5.981894e-09 1.470333e-09 5.624370e-09
5.981894e-09 1.812695e-09 5.546487e-09
5.981894e-09 2.234775e-09 5.453067e-09
5.981894e-09 2.755135e-09 5.341687e-09
5.981894e-09 3.396660e-09 5.209862e-09
5.981894e-09 4.187561e-09 5.055195e-09
5.981894e-09 5.162621e-09 4.875608e-09
5.981894e-09 6.364720e-09 4.669624e-09
5.981894e-09 7.846725e-09 4.436711e-09
5.981894e-09 9.673809e-09 4.177635e-09
5.981894e-09 1.192632e-08 3.894751e-09
5.981894e-09 1.470333e-08 3.592151e-09
5.981894e-09 1.812695e-08 3.275585e-09
5.981894e-09 2.234775e-08 2.952106e-09
5.981894e-09 2.755135e-08 2.629456e-09
5.981894e-09 3.396660e-08 2.315309e-09
5.981894e-09 4.187561e-08 2.016525e-09
5.981894e-09 5.162621e-08 1.738564e-09
5.981894e-09 6.364720e-08 1.485184e-09
5.981894e-09 7.846725e-08 1.258390e-09
5.981894e-09 9.673809e-08 1.058631e-09
5.981894e-09 1.192632e-07 8.851143e-10
5.981894e-09 1.470333e-07 7.361717e-10
5.981894e-09 1.812695e-07 6.095951e-10
5.981894e-09 2.234775e-07 5.029218e-10
5.981894e-09 2.755135e-07 4.136455e-10
5.981894e-09 3.396660e-07 3.393565e-10
5.981894e-09 4.187561e-07 2.778279e-10
5.981894e-09 5.162621e-07 2.270660e-10
5.981894e-09 6.364720e-07 1.853192e-10
5.981894e-09 7.846725e-07 1.510738e-10
5.981894e-09 9.673809e-07 1.230409e-10
5.981894e-09 1.192632e-06 1.001336e-10
5.981894e-09 1.470333e-06 8.144110e-11
5.981894e-09 1.812695e-06 6.620352e-11
5.981894e-09 2.234775e-06 5.379516e-11
5.981894e-09 2.755135e-06 4.369847e-11
5.981894e-09 3.396660e-06 3.548677e-11
5.981894e-09 4.187561e-06 2.881122e-11
5.981894e-09 5.162621e-06 2.338764e-11
5.981894e-09 6.364720e-06 1.898288e-11
5.981894e-09 7.846725e-06 1.540485e-11
5.981894e-09 9.673809e-06 1.250067e-11
5.981894e-09 1.192632e-05 1.014300e-11
5.981894e-09 1.470333e-05 8.229543e-12
5.981894e-09 1.812695e-05 6.676581e-12
1.812695e-08 1.812695e-14 1.812694e-08
1.812695e-08 2.234775e-14 1.812694e-08
1.812695e-08 2.755135e-14 1.812693e-08
1.812695e-08 3.396660e-14 1.812693e-08
1.812695e-08 4.187561e-14 1.812693e-08
1.812695e-08 5.162621e-14 1.812692e-08
1.812695e-08 6.364720e-14 1.812691e-08
1.812695e-08 7.846725e-14 1.812690e-08
1.812695e-08 9.673809e-14 1.812689e-08
1.812695e-08 1.192632e-13 1.812688e-08
1.812695e-08 1.470333e-13 1.812686e-08
1.812695e-08 1.812695e-13 1.812684e-08
1.812695e-08 2.234775e-13 1.812681e-08
1.812695e-08 2.755135e-13 1.812678e-08
1.812695e-08 3.396660e-13 1.812674e-08
1.812695e-08 4.187561e-13 1.812669e-08
1.812695e-08 5.162621e-13 1.812663e-08
1.812695e-08 6.364720e-13 1.812656e-08
1.812695e-08 7.846725e-13 1.812647e-08
1.812695e-08 9.673809e-13 1.812635e-08
1.812695e-08 1.192632e-12 1.812621e-08
1.812695e-08 1.470333e-12 1.812604e-08
1.812695e-08 1.812695e-12 1.812583e-08
1.812695e-08 2.234775e-12 1.812557e-08
1.812695e-08 2.755135e-12 1.812524e-08
1.812695e-08 3.396660e-12 1.812485e-08
1.812695e-08 4.187561e-12 1.812436e-08
1.812695e-08 5.162621e-12 1.812375e-08
1.812695e-08 6.364720e-12 1.812301e-08
1.812695e-08 7.846725e-12 1.812209e-08
1.812695e-08 9.673809e-12 1.812096e-08
1.812695e-08 1.192632e-11 1.811956e-08
1.812695e-08 1.470333e-11 1.811784e-08
1.812695e-08 1.812695e-11 1.811572e-08
1.812695e-08 2.234775e-11 1.811311e-08
1.812695e-08 2.755135e-11 1.810989e-08
1.812695e-08 3.396660e-11 1.810592e-08
1.812695e-08 4.187561e-11 1.810102e-08
1.812695e-08 5.162621e-11 1.809499e-08
1.812695e-08 6.364720e-11 1.808756e-08
1.812695e-08 7.846725e-11 1.807841e-08
1.812695e-08 9.673809e-11 1.806713e-08
1.812695e-08 1.192632e-10 1.805324e-08
1.812695e-08 1.470333e-10 1.803614e-08
1.812695e-08 1.812695e-10 1.801509e-08
1.812695e-08 2.234775e-10 1.798918e-08
1.812695e-08 2.755135e-10 1.795731e-08
1.812695e-08 3.396660e-10 1.791813e-08
1.812695e-08 4.187561e-10 1.787000e-08
1.812695e-08 5.162621e-10 1.781091e-08
1.812695e-08 6.364720e-10 1.773845e-08
1.812695e-08 7.846725e-10 1.764969e-08
1.812695e-08 9.673809e-10 1.754113e-08
1.812695e-08 1.192632e-09 1.740861e-08
1.812695e-08 1.470333e-09 1.724721e-08
1.812695e-08 1.812695e-09 1.705119e-08
1.812695e-08 2.234775e-09 1.681396e-08
1.812695e-08 2.755135e-09 1.652810e-08
1.812695e-08 3.396660e-09 1.618547e-08
1.812695e-08 4.187561e-09 1.577747e-08
1.812695e-08 5.162621e-09 1.529553e-08
1.812695e-08 6.364720e-09 1.473179e-08
1.812695e-08 7.846725e-09 1.408022e-08
1.812695e-08 9.673809e-09 1.333785e-08
1.812695e-08 1.192632e-08 1.250640e-08
1.812695e-08 1.470333e-08 1.159367e-08
1.812695e-08 1.812695e-08 1.061448e-08
1.812695e-08 2.234775e-08 9.590564e-09
1.812695e-08 2.755135e-08 8.549107e-09
1.812695e-08 3.396660e-08 7.519800e-09
1.812695e-08 4.187561e-08 6.531187e-09
1.812695e-08 5.162621e-08 5.607208e-09
1.812695e-08 6.364720e-08 4.764913e-09
1.812695e-08 7.846725e-08 4.013746e-09
1.812695e-08 9.673809e-08 3.356245e-09
1.812695e-08 1.192632e-07 2.789569e-09
1.812695e-08 1.470333e-07 2.307268e-09
1.812695e-08 1.812695e-07 1.900881e-09
1.812695e-08 2.234775e-07 1.561174e-09
1.812695e-08 2.755135e-07 1.278983e-09
1.812695e-08 3.396660e-07 1.045723e-09
1.812695e-08 4.187561e-07 8.536557e-10
1.812695e-08 5.162621e-07 6.959879e-10
1.812695e-08 6.364720e-07 5.668714e-10
1.812695e-08 7.846725e-07 4.613376e-10
1.812695e-08 9.673809e-07 3.752082e-10
1.812695e-08 1.192632e-06 3.050014e-10
1.812695e-08 1.470333e-06 2.478288e-10
1.812695e-08 1.812695e-06 2.013049e-10
1.812695e-08 2.234775e-06 1.634710e-10
1.812695e-08 2.755135e-06 1.327194e-10
1.812695e-08 3.396660e-06 1.077334e-10
1.812695e-08 4.187561e-06 8.743820e-11
1.812695e-08 5.162621e-06 7.095882e-11
1.812695e-08 6.364720e-06 5.758011e-11
1.812695e-08 7.846725e-06 4.671948e-11
1.812695e-08 9.673809e-06 3.790544e-11
1.812695e-08 1.192632e-05 3.075272e-11
1.812695e-08 1.470333e-05 2.494870e-11
1.812695e-08 1.812695e-05 2.023942e-11
7.794589e-08 1.812695e-14 7.794587e-08
7.794589e-08 2.234775e-14 7.794586e-08
7.794589e-08 2.755135e-14 7.794585e-08
7.794589e-08 3.396660e-14 7.794584e-08
7.794589e-08 4.187561e-14 7.794583e-08
7.794589e-08 5.162621e-14 7.794582e-08
7.794589e-08 6.364720e-14 7.794580e-08
7.794589e-08 7.846725e-14 7.794578e-08
7.794589e-08 9.673809e-14 7.794576e-08
7.794589e-08 1.192632e-13 7.794572e-08
7.794589e-08 1.470333e-13 7.794569e-08
7.794589e-08 1.812695e-13 7.794564e-08
7.794589e-08 2.234775e-13 7.794558e-08
7.794589e-08 2.755135e-13 7.794551e-08
7.794589e-08 3.396660e-13 7.794542e-08
7.794589e-08 4.187561e-13 7.794531e-08
7.794589e-08 5.162621e-13 7.794517e-08
7.794589e-08 6.364720e-13 7.794500e-08
7.794589e-08 7.846725e-13 7.794479e-08
7.794589e-08 9.673809e-13 7.794454e-08
7.794589e-08 1.192632e-12 7.794422e-08
7.794589e-08 1.470333e-12 7.794383e-08
7.794589e-08 1.812695e-12 7.794335e-08
7.794589e-08 2.234775e-12 7.794276e-08
7.794589e-08 2.755135e-12 7.794203e-08
7.794589e-08 3.396660e-12 7.794114e-08
7.794589e-08 4.187561e-12 7.794003e-08
7.794589e-08 5.162621e-12 7.793866e-08
7.794589e-08 6.364720e-12 7.793698e-08
7.794589e-08 7.846725e-12 7.793490e-08
7.794589e-08 9.673809e-12 7.793235e-08
7.794589e-08 1.192632e-11 7.792919e-08
7.794589e-08 1.470333e-11 7.792530e-08
7.794589e-08 1.812695e-11 7.792051e-08
7.794589e-08 2.234775e-11 7.791460e-08
7.794589e-08 2.755135e-11 7.790732e-08
7.794589e-08 3.396660e-11 7.789834e-08
7.794589e-08 4.187561e-11 7.788727e-08
7.794589e-08 5.162621e-11 7.787363e-08
7.794589e-08 6.364720e-11 7.785681e-08
7.794589e-08 7.846725e-11 7.783608e-08
7.794589e-08 9.673809e-11 7.781052e-08
7.794589e-08 1.192632e-10 7.777903e-08
7.794589e-08 1.470333e-10 7.774022e-08
7.794589e-08 1.812695e-10 7.769240e-08
7.794589e-08 2.234775e-10 7.763347e-08
7.794589e-08 2.755135e-10 7.756088e-08
7.794589e-08 3.396660e-10 7.747146e-08
7.794589e-08 4.187561e-10 7.736133e-08
7.794589e-08 5.162621e-10 7.722575e-08
7.794589e-08 6.364720e-10 7.705887e-08
7.794589e-08 7.846725e-10 7.685356e-08
7.794589e-08 9.673809e-10 7.660107e-08
7.794589e-08 1.192632e-09 7.629076e-08
7.794589e-08 1.470333e-09 7.590966e-08
7.794589e-08 1.812695e-09 7.544208e-08
7.794589e-08 2.234775e-09 7.486902e-08
7.794589e-08 2.755135e-09 7.416772e-08
7.794589e-08 3.396660e-09 7.331102e-08
7.794589e-08 4.187561e-09 7.226686e-08
7.794589e-08 5.162621e-09 7.099788e-08
7.794589e-08 6.364720e-09 6.946127e-08
7.794589e-08 7.846725e-09 6.760925e-08
7.794589e-08 9.673809e-09 6.539036e-08
7.794589e-08 1.192632e-08 6.275240e-08
7.794589e-08 1.470333e-08 5.964754e-08
7.794589e-08 1.812695e-08 5.604067e-08
7.794589e-08 2.234775e-08 5.192163e-08
7.794589e-08 2.755135e-08 4.732095e-08
7.794589e-08 3.396660e-08 4.232613e-08
7.794589e-08 4.187561e-08 3.709129e-08
7.794589e-08 5.162621e-08 3.182919e-08
7.794589e-08 6.364720e-08 2.677793e-08
7.794589e-08 7.846725e-08 2.214955e-08
7.794589e-08 9.673809e-08 1.808455e-08
7.794589e-08 1.192632e-07 1.463564e-08
7.794589e-08 1.470333e-07 1.178262e-08
7.794589e-08 1.812695e-07 9.461657e-09
7.794589e-08 2.234775e-07 7.592116e-09
7.794589e-08 2.755135e-07 6.093835e-09
7.794589e-08 3.396660e-07 4.895463e-09
7.794589e-08 4.187561e-07 3.937097e-09
7.794589e-08 5.162621e-07 3.170003e-09
7.794589e-08 6.364720e-07 2.555179e-09
7.794589e-08 7.846725e-07 2.061660e-09
7.794589e-08 9.673809e-07 1.664920e-09
7.794589e-08 1.192632e-06 1.345543e-09
7.794589e-08 1.470333e-06 1.088127e-09
7.794589e-08 1.812695e-06 8.804289e-10
7.794589e-08 2.234775e-06 7.126940e-10
7.794589e-08 2.755135e-06 5.771291e-10
7.794589e-08 3.396660e-06 4.674927e-10
7.794589e-08 4.187561e-06 3.787779e-10
7.794589e-08 5.162621e-06 3.069617e-10
7.794589e-08 6.364720e-06 2.488041e-10
7.794589e-08 7.846725e-06 2.016917e-10
7.794589e-08 9.673809e-06 1.635190e-10
7.794589e-08 1.192632e-05 1.325836e-10
7.794589e-08 1.470333e-05 1.075077e-10
7.794589e-08 1.812695e-05 8.718004e-11
1.812695e-07 1.812695e-14 1.812695e-07
1.812695e-07 2.234775e-14 1.812695e-07
1.812695e-07 2.755135e-14 1.812695e-07
1.812695e-07 3.396660e-14 1.812695e-07
1.812695e-07 4.187561e-14 1.812694e-07
1.812695e-07 5.162621e-14 1.812694e-07
1.812695e-07 6.364720e-14 1.812694e-07
1.812695e-07 7.846725e-14 1.812694e-07
1.812695e-07 9.673809e-14 1.812693e-07
1.812695e-07 1.192632e-13 1.812693e-07
1.812695e-07 1.470333e-13 1.812692e-07
1.812695e-07 1.812695e-13 1.812692e-07
1.812695e-07 2.234775e-13 1.812691e-07
1.812695e-07 2.755135e-13 1.812690e-07
1.812695e-07 3.396660e-13 1.812689e-07
1.812695e-07 4.187561e-13 1.812687e-07
1.812695e-07 5.162621e-13 1.812685e-07
1.812695e-07 6.364720e-13 1.812683e-07
1.812695e-07 7.846725e-13 1.812680e-07
1.812695e-07 9.673809e-13 1.812677e-07
1.812695e-07 1.192632e-12 1.812673e-07
1.812695e-07 1.470333e-12 1.812667e-07
1.812695e-07 1.812695e-12 1.812661e-07
1.812695e-07 2.234775e-12 1.812653e-07
1.812695e-07 2.755135e-12 1.812643e-07
1.812695e-07 3.396660e-12 1.812631e-07
1.812695e-07 4.187561e-12 1.812616e-07
1.812695e-07 5.162621e-12 1.812598e-07
1.812695e-07 6.364720e-12 1.812575e-07
1.812695e-07 7.846725e-12 1.812547e-07
1.812695e-07 9.673809e-12 1.812512e-07
1.812695e-07 1.192632e-11 1.812470e-07
1.812695e-07 1.470333e-11 1.812417e-07
1.812695e-07 1.812695e-11 1.812353e-07
1.812695e-07 2.234775e-11 1.812273e-07
1.812695e-07 2.755135e-11 1.812175e-07
1.812695e-07 3.396660e-11 1.812053e-07
1.812695e-07 4.187561e-11 1.811904e-07
1.812695e-07 5.162621e-11 1.811720e-07
1.812695e-07 6.364720e-11 1.811493e-07
1.812695e-07 7.846725e-11 1.811213e-07
1.812695e-07 9.673809e-11 1.810868e-07
1.812695e-07 1.192632e-10 1.810443e-07
1.812695e-07 1.470333e-10 1.809918e-07
1.812695e-07 1.812695e-10 1.809272e-07
1.812695e-07 2.234775e-10 1.808476e-07
1.812695e-07 2.755135e-10 1.807494e-07
1.812695e-07 3.396660e-10 1.806284e-07
1.812695e-07 4.187561e-10 1.804794e-07
1.812695e-07 5.162621e-10 1.802957e-07
1.812695e-07 6.364720e-10 1.800694e-07
1.812695e-07 7.846725e-10 1.797906e-07
1.812695e-07 9.673809e-10 1.794473e-07
1.812695e-07 1.192632e-09 1.790246e-07
1.812695e-07 1.470333e-09 1.785044e-07
1.812695e-07 1.812695e-09 1.778643e-07
1.812695e-07 2.234775e-09 1.770771e-07
1.812695e-07 2.755135e-09 1.761095e-07
1.812695e-07 3.396660e-09 1.749212e-07
1.812695e-07 4.187561e-09 1.734632e-07
1.812695e-07 5.162621e-09 1.716762e-07
1.812695e-07 6.364720e-09 1.694893e-07
1.812695e-07 7.846725e-09 1.668180e-07
1.812695e-07 9.673809e-09 1.635626e-07
1.812695e-07 1.192632e-08 1.596074e-07
1.812695e-07 1.470333e-08 1.548210e-07
1.812695e-07 1.812695e-08 1.490584e-07
1.812695e-07 2.234775e-08 1.421678e-07
1.812695e-07 2.755135e-08 1.340036e-07
1.812695e-07 3.396660e-08 1.244506e-07
1.812695e-07 4.187561e-08 1.134642e-07
1.812695e-07 5.162621e-08 1.011305e-07
1.812695e-07 6.364720e-08 8.774169e-08
1.812695e-07 7.846725e-08 7.385766e-08
1.812695e-07 9.673809e-08 6.028374e-08
1.812695e-07 1.192632e-07 4.789055e-08
1.812695e-07 1.470333e-07 3.732211e-08
1.812695e-07 1.812695e-07 2.880278e-08
1.812695e-07 2.234775e-07 2.218592e-08
1.812695e-07 2.755135e-07 1.714177e-08
1.812695e-07 3.396660e-07 1.331678e-08
1.812695e-07 4.187561e-07 1.040888e-08
1.812695e-07 5.162621e-07 8.184155e-09
1.812695e-07 6.364720e-07 6.469094e-09
1.812695e-07 7.846725e-07 5.136827e-09
1.812695e-07 9.673809e-07 4.094644e-09
1.812695e-07 1.192632e-06 3.274352e-09
1.812695e-07 1.470333e-06 2.625300e-09
1.812695e-07 1.812695e-06 2.109455e-09
1.812695e-07 2.234775e-06 1.697963e-09
1.812695e-07 2.755135e-06 1.368710e-09
1.812695e-07 3.396660e-06 1.104596e-09
1.812695e-07 4.187561e-06 8.922954e-10
1.812695e-07 5.162621e-06 7.213571e-10
1.812695e-07 6.364720e-06 5.835333e-10
1.812695e-07 7.846725e-06 4.722824e-10
1.812695e-07 9.673809e-06 3.824003e-10
1.812695e-07 1.192632e-05 3.097289e-10
1.812695e-07 1.470333e-05 2.509355e-10
1.812695e-07 1.812695e-05 2.033478e-10
