#E                   1            2 
-5.000000e+00 9.999999e-01 8.312609e-08 
-4.824121e+00 9.999999e-01 9.911075e-08 
-4.648241e+00 9.999999e-01 1.181692e-07 
-4.472362e+00 9.999999e-01 1.408924e-07 
-4.296482e+00 9.999998e-01 1.679852e-07 
-4.120603e+00 9.999998e-01 2.002878e-07 
-3.944724e+00 9.999998e-01 2.388020e-07 
-3.768844e+00 9.999997e-01 2.847223e-07 
-3.592965e+00 9.999997e-01 3.394727e-07 
-3.417085e+00 9.999996e-01 4.047513e-07 
-3.241206e+00 9.999995e-01 4.825826e-07 
-3.065327e+00 9.999994e-01 5.753804e-07 
-2.889447e+00 9.999993e-01 6.860227e-07 
-2.713568e+00 9.999992e-01 8.179408e-07 
-2.537688e+00 9.999990e-01 9.752260e-07 
-2.361809e+00 9.999988e-01 1.162756e-06 
-2.185930e+00 9.999986e-01 1.386347e-06 
-2.010050e+00 9.999983e-01 1.652933e-06 
-1.834171e+00 9.999980e-01 1.970782e-06 
-1.658291e+00 9.999977e-01 2.349751e-06 
-1.482412e+00 9.999972e-01 2.801594e-06 
-1.306533e+00 9.999967e-01 3.340323e-06 
-1.130653e+00 9.999960e-01 3.982645e-06 
-9.547739e-01 9.999953e-01 4.748481e-06 
-7.788945e-01 9.999943e-01 5.661581e-06 
-6.030151e-01 9.999932e-01 6.750264e-06 
-4.271357e-01 9.999920e-01 8.048290e-06 
-2.512563e-01 9.999904e-01 9.595915e-06 
-7.537688e-02 9.999886e-01 1.144113e-05 
1.005025e-01 9.999864e-01 1.364117e-05 
2.763819e-01 9.999837e-01 1.626424e-05 
4.522613e-01 9.999806e-01 1.939170e-05 
6.281407e-01 9.999769e-01 2.312053e-05 
8.040201e-01 9.999724e-01 2.756635e-05 
9.798995e-01 9.999671e-01 3.286703e-05 
1.155779e+00 9.999608e-01 3.918692e-05 
1.331658e+00 9.999533e-01 4.672199e-05 
1.507538e+00 9.999443e-01 5.570586e-05 
1.683417e+00 9.999336e-01 6.641707e-05 
1.859296e+00 9.999208e-01 7.918768e-05 
2.035176e+00 9.999056e-01 9.441357e-05 
2.211055e+00 9.998874e-01 1.125667e-04 
2.386935e+00 9.998658e-01 1.342097e-04 
2.562814e+00 9.998400e-01 1.600134e-04 
2.738693e+00 9.998092e-01 1.907772e-04 
2.914573e+00 9.997725e-01 2.274542e-04 
3.090452e+00 9.997288e-01 2.711804e-04 
3.266332e+00 9.996767e-01 3.233100e-04 
3.442211e+00 9.996145e-01 3.854567e-04 
3.618090e+00 9.995405e-01 4.595438e-04 
3.793970e+00 9.994521e-01 5.478630e-04 
3.969849e+00 9.993469e-01 6.531451e-04 
4.145729e+00 9.992214e-01 7.786433e-04 
4.321608e+00 9.990718e-01 9.282330e-04 
4.497487e+00 9.988935e-01 1.106529e-03 
4.673367e+00 9.986810e-01 1.319028e-03 
4.849246e+00 9.984277e-01 1.572271e-03 
5.025126e+00 9.981260e-01 1.874043e-03 
5.201005e+00 9.977664e-01 2.233605e-03 
5.376884e+00 9.973380e-01 2.661971e-03 
5.552764e+00 9.968278e-01 3.172229e-03 
5.728643e+00 9.962201e-01 3.779925e-03 
5.904523e+00 9.954965e-01 4.503510e-03 
6.080402e+00 9.946351e-01 5.364863e-03 
6.256281e+00 9.936101e-01 6.389903e-03 
6.432161e+00 9.923907e-01 7.609295e-03 
6.608040e+00 9.909407e-01 9.059263e-03 
6.783920e+00 9.892175e-01 1.078252e-02 
6.959799e+00 9.871707e-01 1.282934e-02 
7.135678e+00 9.847413e-01 1.525871e-02 
7.311558e+00 9.818604e-01 1.813964e-02 
7.487437e+00 9.784474e-01 2.155261e-02 
7.663317e+00 9.744090e-01 2.559100e-02 
7.839196e+00 9.696374e-01 3.036258e-02 
8.015075e+00 9.640090e-01 3.599100e-02 
8.190955e+00 9.573831e-01 4.261691e-02 
8.366834e+00 9.496011e-01 5.039888e-02 
8.542714e+00 9.404865e-01 5.951353e-02 
8.718593e+00 9.298452e-01 7.015478e-02 
8.894472e+00 9.174682e-01 8.253176e-02 
9.070352e+00 9.031351e-01 9.686486e-02 
9.246231e+00 8.866205e-01 1.133795e-01 
9.422111e+00 8.677026e-01 1.322974e-01 
9.597990e+00 8.461759e-01 1.538241e-01 
9.773869e+00 8.218655e-01 1.781345e-01 
9.949749e+00 7.946455e-01 2.053545e-01 
1.012563e+01 7.644582e-01 2.355418e-01 
1.030151e+01 7.313337e-01 2.686663e-01 
1.047739e+01 6.954069e-01 3.045931e-01 
1.065327e+01 6.569295e-01 3.430705e-01 
1.082915e+01 6.162737e-01 3.837263e-01 
1.100503e+01 5.739247e-01 4.260753e-01 
1.118090e+01 5.304629e-01 4.695371e-01 
1.135678e+01 4.865341e-01 5.134659e-01 
1.153266e+01 4.428123e-01 5.571877e-01 
1.170854e+01 3.999591e-01 6.000409e-01 
1.188442e+01 3.585841e-01 6.414159e-01 
1.206030e+01 3.192123e-01 6.807877e-01 
1.223618e+01 2.822610e-01 7.177390e-01 
1.241206e+01 2.480288e-01 7.519712e-01 
1.258794e+01 2.166948e-01 7.833052e-01 
1.276382e+01 1.883279e-01 8.116721e-01 
1.293970e+01 1.629021e-01 8.370979e-01 
1.311558e+01 1.403157e-01 8.596843e-01 
1.329146e+01 1.204103e-01 8.795897e-01 
1.346734e+01 1.029905e-01 8.970095e-01 
1.364322e+01 8.783916e-02 9.121608e-01 
1.381910e+01 7.473108e-02 9.252689e-01 
1.399497e+01 6.344305e-02 9.365570e-01 
1.417085e+01 5.376099e-02 9.462390e-01 
1.434673e+01 4.548475e-02 9.545152e-01 
1.452261e+01 3.843085e-02 9.615691e-01 
1.469849e+01 3.243372e-02 9.675663e-01 
1.487437e+01 2.734583e-02 9.726542e-01 
1.505025e+01 2.303707e-02 9.769629e-01 
1.522613e+01 1.939369e-02 9.806063e-01 
1.540201e+01 1.631689e-02 9.836831e-01 
1.557789e+01 1.372140e-02 9.862786e-01 
1.575377e+01 1.153392e-02 9.884661e-01 
1.592965e+01 9.691752e-03 9.903082e-01 
1.610553e+01 8.141383e-03 9.918586e-01 
1.628141e+01 6.837312e-03 9.931627e-01 
1.645729e+01 5.740915e-03 9.942591e-01 
1.663317e+01 4.819477e-03 9.951805e-01 
1.680905e+01 4.045332e-03 9.959547e-01 
1.698492e+01 3.395113e-03 9.966049e-01 
1.716080e+01 2.849106e-03 9.971509e-01 
1.733668e+01 2.390698e-03 9.976093e-01 
1.751256e+01 2.005898e-03 9.979941e-01 
1.768844e+01 1.682929e-03 9.983171e-01 
1.786432e+01 1.411888e-03 9.985881e-01 
1.804020e+01 1.184447e-03 9.988156e-01 
1.821608e+01 9.936085e-04 9.990064e-01 
1.839196e+01 8.334920e-04 9.991665e-01 
1.856784e+01 6.991597e-04 9.993008e-01 
1.874372e+01 5.864647e-04 9.994135e-01 
1.891960e+01 4.919257e-04 9.995081e-01 
1.909548e+01 4.126202e-04 9.995874e-01 
1.927136e+01 3.460955e-04 9.996539e-01 
1.944724e+01 2.902931e-04 9.997097e-01 
1.962312e+01 2.434858e-04 9.997565e-01 
1.979899e+01 2.042242e-04 9.997958e-01 
1.997487e+01 1.712924e-04 9.998287e-01 
2.015075e+01 1.436702e-04 9.998563e-01 
2.032663e+01 1.205017e-04 9.998795e-01 
2.050251e+01 1.010691e-04 9.998989e-01 
2.067839e+01 8.476994e-05 9.999152e-01 
2.085427e+01 7.109914e-05 9.999289e-01 
2.103015e+01 5.963289e-05 9.999404e-01 
2.120603e+01 5.001573e-05 9.999500e-01 
2.138191e+01 4.194949e-05 9.999581e-01 
2.155779e+01 3.518408e-05 9.999648e-01 
2.173367e+01 2.950973e-05 9.999705e-01 
2.190955e+01 2.475049e-05 9.999752e-01 
2.208543e+01 2.075879e-05 9.999792e-01 
2.226131e+01 1.741085e-05 9.999826e-01 
2.243719e+01 1.460286e-05 9.999854e-01 
2.261307e+01 1.224772e-05 9.999878e-01 
2.278894e+01 1.027242e-05 9.999897e-01 
2.296482e+01 8.615690e-06 9.999914e-01 
2.314070e+01 7.226154e-06 9.999928e-01 
2.331658e+01 6.060721e-06 9.999939e-01 
2.349246e+01 5.083248e-06 9.999949e-01 
2.366834e+01 4.263420e-06 9.999957e-01 
2.384422e+01 3.575815e-06 9.999964e-01 
2.402010e+01 2.999106e-06 9.999970e-01 
2.419598e+01 2.515409e-06 9.999975e-01 
2.437186e+01 2.109722e-06 9.999979e-01 
2.454774e+01 1.769465e-06 9.999982e-01 
2.472362e+01 1.484085e-06 9.999985e-01 
2.489950e+01 1.244730e-06 9.999988e-01 
2.507538e+01 1.043979e-06 9.999990e-01 
2.525126e+01 8.756057e-07 9.999991e-01 
2.542714e+01 7.343873e-07 9.999993e-01 
2.560302e+01 6.159448e-07 9.999994e-01 
2.577889e+01 5.166047e-07 9.999995e-01 
2.595477e+01 4.332863e-07 9.999996e-01 
2.613065e+01 3.634055e-07 9.999996e-01 
2.630653e+01 3.047952e-07 9.999997e-01 
2.648241e+01 2.556376e-07 9.999997e-01 
2.665829e+01 2.144081e-07 9.999998e-01 
2.683417e+01 1.798282e-07 9.999998e-01 
2.701005e+01 1.508254e-07 9.999998e-01 
2.718593e+01 1.265001e-07 9.999999e-01 
2.736181e+01 1.060981e-07 9.999999e-01 
2.753769e+01 8.898648e-08 9.999999e-01 
2.771357e+01 7.463467e-08 9.999999e-01 
2.788945e+01 6.259752e-08 9.999999e-01 
2.806533e+01 5.250174e-08 9.999999e-01 
2.824121e+01 4.403421e-08 1.000000e+00 
2.841709e+01 3.693234e-08 1.000000e+00 
2.859296e+01 3.097586e-08 1.000000e+00 
2.876884e+01 2.598005e-08 1.000000e+00 
2.894472e+01 2.178996e-08 1.000000e+00 
2.912060e+01 1.827566e-08 1.000000e+00 
2.929648e+01 1.532814e-08 1.000000e+00 
2.947236e+01 1.285601e-08 1.000000e+00 
2.964824e+01 1.078258e-08 1.000000e+00 
2.982412e+01 9.043555e-09 1.000000e+00 
3.000000e+01 7.585003e-09 1.000000e+00 
