#E                   7            8 
-5.000000e+00 1.000000e+00 2.459189e-08 
-4.824121e+00 1.000000e+00 2.932077e-08 
-4.648241e+00 1.000000e+00 3.495899e-08 
-4.472362e+00 1.000000e+00 4.168140e-08 
-4.296482e+00 1.000000e+00 4.969649e-08 
-4.120603e+00 9.999999e-01 5.925284e-08 
-3.944724e+00 9.999999e-01 7.064682e-08 
-3.768844e+00 9.999999e-01 8.423180e-08 
-3.592965e+00 9.999999e-01 1.004291e-07 
-3.417085e+00 9.999999e-01 1.197410e-07 
-3.241206e+00 9.999999e-01 1.427665e-07 
-3.065327e+00 9.999998e-01 1.702197e-07 
-2.889447e+00 9.999998e-01 2.029520e-07 
-2.713568e+00 9.999998e-01 2.419785e-07 
-2.537688e+00 9.999997e-01 2.885095e-07 
-2.361809e+00 9.999997e-01 3.439882e-07 
-2.185930e+00 9.999996e-01 4.101352e-07 
-2.010050e+00 9.999995e-01 4.890018e-07 
-1.834171e+00 9.999994e-01 5.830339e-07 
-1.658291e+00 9.999993e-01 6.951479e-07 
-1.482412e+00 9.999992e-01 8.288208e-07 
-1.306533e+00 9.999990e-01 9.881981e-07 
-1.130653e+00 9.999988e-01 1.178223e-06 
-9.547739e-01 9.999986e-01 1.404788e-06 
-7.788945e-01 9.999983e-01 1.674920e-06 
-6.030151e-01 9.999980e-01 1.996997e-06 
-4.271357e-01 9.999976e-01 2.381007e-06 
-2.512563e-01 9.999972e-01 2.838860e-06 
-7.537688e-02 9.999966e-01 3.384754e-06 
1.005025e-01 9.999960e-01 4.035620e-06 
2.763819e-01 9.999952e-01 4.811643e-06 
4.522613e-01 9.999943e-01 5.736889e-06 
6.281407e-01 9.999932e-01 6.840053e-06 
8.040201e-01 9.999918e-01 8.155345e-06 
9.798995e-01 9.999903e-01 9.723555e-06 
1.155779e+00 9.999884e-01 1.159332e-05 
1.331658e+00 9.999862e-01 1.382262e-05 
1.507538e+00 9.999835e-01 1.648058e-05 
1.683417e+00 9.999804e-01 1.964964e-05 
1.859296e+00 9.999766e-01 2.342806e-05 
2.035176e+00 9.999721e-01 2.793302e-05 
2.211055e+00 9.999667e-01 3.330420e-05 
2.386935e+00 9.999603e-01 3.970815e-05 
2.562814e+00 9.999527e-01 4.734344e-05 
2.738693e+00 9.999436e-01 5.644680e-05 
2.914573e+00 9.999327e-01 6.730046e-05 
3.090452e+00 9.999198e-01 8.024092e-05 
3.266332e+00 9.999043e-01 9.566931e-05 
3.442211e+00 9.998859e-01 1.140639e-04 
3.618090e+00 9.998640e-01 1.359947e-04 
3.793970e+00 9.998379e-01 1.621415e-04 
3.969849e+00 9.998067e-01 1.933143e-04 
4.145729e+00 9.997695e-01 2.304790e-04 
4.321608e+00 9.997252e-01 2.747866e-04 
4.497487e+00 9.996724e-01 3.276092e-04 
4.673367e+00 9.996094e-01 3.905819e-04 
4.849246e+00 9.995343e-01 4.656536e-04 
5.025126e+00 9.994449e-01 5.551464e-04 
5.201005e+00 9.993382e-01 6.618272e-04 
5.376884e+00 9.992110e-01 7.889924e-04 
5.552764e+00 9.990594e-01 9.405684e-04 
5.728643e+00 9.988788e-01 1.121231e-03 
5.904523e+00 9.986635e-01 1.336550e-03 
6.080402e+00 9.984068e-01 1.593151e-03 
6.256281e+00 9.981011e-01 1.898923e-03 
6.432161e+00 9.977368e-01 2.263249e-03 
6.608040e+00 9.973027e-01 2.697285e-03 
6.783920e+00 9.967857e-01 3.214290e-03 
6.959799e+00 9.961700e-01 3.830012e-03 
7.135678e+00 9.954369e-01 4.563140e-03 
7.311558e+00 9.945642e-01 5.435836e-03 
7.487437e+00 9.935257e-01 6.474349e-03 
7.663317e+00 9.922903e-01 7.709731e-03 
7.839196e+00 9.908213e-01 9.178660e-03 
8.015075e+00 9.890756e-01 1.092438e-02 
8.190955e+00 9.870022e-01 1.299777e-02 
8.366834e+00 9.845415e-01 1.545853e-02 
8.542714e+00 9.816235e-01 1.837649e-02 
8.718593e+00 9.781670e-01 2.183304e-02 
8.894472e+00 9.740774e-01 2.592257e-02 
9.070352e+00 9.692460e-01 3.075403e-02 
9.246231e+00 9.635477e-01 3.645229e-02 
9.422111e+00 9.568407e-01 4.315932e-02 
9.597990e+00 9.489649e-01 5.103506e-02 
9.773869e+00 9.397425e-01 6.025745e-02 
9.949749e+00 9.289783e-01 7.102168e-02 
1.012563e+01 9.164621e-01 8.353786e-02 
1.030151e+01 9.019730e-01 9.802701e-02 
1.047739e+01 8.852853e-01 1.147147e-01 
1.065327e+01 8.661783e-01 1.338217e-01 
1.082915e+01 8.444480e-01 1.555520e-01 
1.100503e+01 8.199227e-01 1.800773e-01 
1.118090e+01 7.924808e-01 2.075192e-01 
1.135678e+01 7.620706e-01 2.379294e-01 
1.153266e+01 7.287294e-01 2.712706e-01 
1.170854e+01 6.926007e-01 3.073993e-01 
1.188442e+01 6.539453e-01 3.460547e-01 
1.206030e+01 6.131440e-01 3.868560e-01 
1.223618e+01 5.706903e-01 4.293097e-01 
1.241206e+01 5.271704e-01 4.728296e-01 
1.258794e+01 4.832336e-01 5.167664e-01 
1.276382e+01 4.395545e-01 5.604455e-01 
1.293970e+01 3.967921e-01 6.032079e-01 
1.311558e+01 3.555506e-01 6.444494e-01 
1.329146e+01 3.163475e-01 6.836525e-01 
1.346734e+01 2.795917e-01 7.204083e-01 
1.364322e+01 2.455725e-01 7.544275e-01 
1.381910e+01 2.144603e-01 7.855397e-01 
1.399497e+01 1.863163e-01 8.136837e-01 
1.417085e+01 1.611082e-01 8.388918e-01 
1.434673e+01 1.387293e-01 8.612707e-01 
1.452261e+01 1.190178e-01 8.809822e-01 
1.469849e+01 1.017762e-01 8.982238e-01 
1.487437e+01 8.678616e-02 9.132138e-01 
1.505025e+01 7.382251e-02 9.261775e-01 
1.522613e+01 6.266242e-02 9.373376e-01 
1.540201e+01 5.309274e-02 9.469073e-01 
1.557789e+01 4.491449e-02 9.550855e-01 
1.575377e+01 3.794551e-02 9.620545e-01 
1.592965e+01 3.202160e-02 9.679784e-01 
1.610553e+01 2.699655e-02 9.730035e-01 
1.628141e+01 2.274154e-02 9.772585e-01 
1.645729e+01 1.914398e-02 9.808560e-01 
1.663317e+01 1.610615e-02 9.838938e-01 
1.680905e+01 1.354372e-02 9.864563e-01 
1.698492e+01 1.138424e-02 9.886158e-01 
1.716080e+01 9.565745e-03 9.904343e-01 
1.733668e+01 8.035370e-03 9.919646e-01 
1.751256e+01 6.748164e-03 9.932518e-01 
1.768844e+01 5.665981e-03 9.943340e-01 
1.786432e+01 4.756513e-03 9.952435e-01 
1.804020e+01 3.992441e-03 9.960076e-01 
1.821608e+01 3.350694e-03 9.966493e-01 
1.839196e+01 2.811811e-03 9.971882e-01 
1.856784e+01 2.359390e-03 9.976406e-01 
1.874372e+01 1.979618e-03 9.980204e-01 
1.891960e+01 1.660874e-03 9.983391e-01 
1.909548e+01 1.393380e-03 9.986066e-01 
1.927136e+01 1.168917e-03 9.988311e-01 
1.944724e+01 9.805781e-04 9.990194e-01 
1.962312e+01 8.225597e-04 9.991774e-01 
1.979899e+01 6.899881e-04 9.993100e-01 
1.997487e+01 5.787706e-04 9.994212e-01 
2.015075e+01 4.854713e-04 9.995145e-01 
2.032663e+01 4.072060e-04 9.995928e-01 
2.050251e+01 3.415539e-04 9.996584e-01 
2.067839e+01 2.864835e-04 9.997135e-01 
2.085427e+01 2.402903e-04 9.997597e-01 
2.103015e+01 2.015439e-04 9.997985e-01 
2.120603e+01 1.690442e-04 9.998310e-01 
2.138191e+01 1.417845e-04 9.998582e-01 
2.155779e+01 1.189201e-04 9.998811e-01 
2.173367e+01 9.974246e-05 9.999003e-01 
2.190955e+01 8.365726e-05 9.999163e-01 
2.208543e+01 7.016589e-05 9.999298e-01 
2.226131e+01 5.885014e-05 9.999411e-01 
2.243719e+01 4.935920e-05 9.999506e-01 
2.261307e+01 4.139884e-05 9.999586e-01 
2.278894e+01 3.472223e-05 9.999653e-01 
2.296482e+01 2.912236e-05 9.999709e-01 
2.314070e+01 2.442560e-05 9.999756e-01 
2.331658e+01 2.048630e-05 9.999795e-01 
2.349246e+01 1.718230e-05 9.999828e-01 
2.366834e+01 1.441117e-05 9.999856e-01 
2.384422e+01 1.208695e-05 9.999879e-01 
2.402010e+01 1.013758e-05 9.999899e-01 
2.419598e+01 8.502593e-06 9.999915e-01 
2.437186e+01 7.131297e-06 9.999929e-01 
2.454774e+01 5.981162e-06 9.999940e-01 
2.472362e+01 5.016520e-06 9.999950e-01 
2.489950e+01 4.207455e-06 9.999958e-01 
2.507538e+01 3.528875e-06 9.999965e-01 
2.525126e+01 2.959737e-06 9.999970e-01 
2.542714e+01 2.482389e-06 9.999975e-01 
2.560302e+01 2.082028e-06 9.999979e-01 
2.577889e+01 1.746237e-06 9.999983e-01 
2.595477e+01 1.464603e-06 9.999985e-01 
2.613065e+01 1.228391e-06 9.999988e-01 
2.630653e+01 1.030275e-06 9.999990e-01 
2.648241e+01 8.641116e-07 9.999991e-01 
2.665829e+01 7.247470e-07 9.999993e-01 
2.683417e+01 6.078593e-07 9.999994e-01 
2.701005e+01 5.098232e-07 9.999995e-01 
2.718593e+01 4.275985e-07 9.999996e-01 
2.736181e+01 3.586351e-07 9.999996e-01 
2.753769e+01 3.007941e-07 9.999997e-01 
2.771357e+01 2.522818e-07 9.999997e-01 
2.788945e+01 2.115936e-07 9.999998e-01 
2.806533e+01 1.774676e-07 9.999998e-01 
2.824121e+01 1.488455e-07 9.999999e-01 
2.841709e+01 1.248395e-07 9.999999e-01 
2.859296e+01 1.047053e-07 9.999999e-01 
2.876884e+01 8.781835e-08 9.999999e-01 
2.894472e+01 7.365494e-08 9.999999e-01 
2.912060e+01 6.177580e-08 9.999999e-01 
2.929648e+01 5.181255e-08 9.999999e-01 
2.947236e+01 4.345618e-08 1.000000e+00 
2.964824e+01 3.644753e-08 1.000000e+00 
2.982412e+01 3.056924e-08 1.000000e+00 
3.000000e+01 2.563900e-08 1.000000e+00 
