#E                   7            8 
-5.000000e+00 9.999997e-01 2.564310e-07 
-4.824121e+00 9.999997e-01 3.057412e-07 
-4.648241e+00 9.999996e-01 3.645334e-07 
-4.472362e+00 9.999996e-01 4.346311e-07 
-4.296482e+00 9.999995e-01 5.182081e-07 
-4.120603e+00 9.999994e-01 6.178565e-07 
-3.944724e+00 9.999993e-01 7.366667e-07 
-3.768844e+00 9.999991e-01 8.783233e-07 
-3.592965e+00 9.999990e-01 1.047220e-06 
-3.417085e+00 9.999988e-01 1.248594e-06 
-3.241206e+00 9.999985e-01 1.488691e-06 
-3.065327e+00 9.999982e-01 1.774957e-06 
-2.889447e+00 9.999979e-01 2.116270e-06 
-2.713568e+00 9.999975e-01 2.523216e-06 
-2.537688e+00 9.999970e-01 3.008414e-06 
-2.361809e+00 9.999964e-01 3.586913e-06 
-2.185930e+00 9.999957e-01 4.276653e-06 
-2.010050e+00 9.999949e-01 5.099025e-06 
-1.834171e+00 9.999939e-01 6.079532e-06 
-1.658291e+00 9.999928e-01 7.248582e-06 
-1.482412e+00 9.999914e-01 8.642431e-06 
-1.306533e+00 9.999897e-01 1.030430e-05 
-1.130653e+00 9.999877e-01 1.228574e-05 
-9.547739e-01 9.999854e-01 1.464818e-05 
-7.788945e-01 9.999825e-01 1.746489e-05 
-6.030151e-01 9.999792e-01 2.082322e-05 
-4.271357e-01 9.999752e-01 2.482731e-05 
-2.512563e-01 9.999704e-01 2.960131e-05 
-7.537688e-02 9.999647e-01 3.529327e-05 
1.005025e-01 9.999579e-01 4.207968e-05 
2.763819e-01 9.999498e-01 5.017096e-05 
4.522613e-01 9.999402e-01 5.981797e-05 
6.281407e-01 9.999287e-01 7.131980e-05 
8.040201e-01 9.999150e-01 8.503302e-05 
9.798995e-01 9.998986e-01 1.013827e-04 
1.155779e+00 9.998791e-01 1.208757e-04 
1.331658e+00 9.998559e-01 1.441160e-04 
1.507538e+00 9.998282e-01 1.718240e-04 
1.683417e+00 9.997951e-01 2.048579e-04 
1.859296e+00 9.997558e-01 2.442413e-04 
2.035176e+00 9.997088e-01 2.911939e-04 
2.211055e+00 9.996528e-01 3.471693e-04 
2.386935e+00 9.995861e-01 4.139004e-04 
2.562814e+00 9.995065e-01 4.934518e-04 
2.738693e+00 9.994117e-01 5.882839e-04 
2.914573e+00 9.992987e-01 7.013281e-04 
3.090452e+00 9.991639e-01 8.360768e-04 
3.266332e+00 9.990033e-01 9.966893e-04 
3.442211e+00 9.988119e-01 1.188119e-03 
3.618090e+00 9.985837e-01 1.416264e-03 
3.793970e+00 9.983119e-01 1.688144e-03 
3.969849e+00 9.979879e-01 2.012111e-03 
4.145729e+00 9.976019e-01 2.398101e-03 
4.321608e+00 9.971421e-01 2.857924e-03 
4.497487e+00 9.965944e-01 3.405614e-03 
4.673367e+00 9.959422e-01 4.057837e-03 
4.849246e+00 9.951656e-01 4.834363e-03 
5.025126e+00 9.942414e-01 5.758630e-03 
5.201005e+00 9.931416e-01 6.858387e-03 
5.376884e+00 9.918336e-01 8.166446e-03 
5.552764e+00 9.902785e-01 9.721540e-03 
5.728643e+00 9.884307e-01 1.156931e-02 
5.904523e+00 9.862366e-01 1.376340e-02 
6.080402e+00 9.836333e-01 1.636671e-02 
6.256281e+00 9.805473e-01 1.945271e-02 
6.432161e+00 9.768931e-01 2.310692e-02 
6.608040e+00 9.725716e-01 2.742837e-02 
6.783920e+00 9.674689e-01 3.253111e-02 
6.959799e+00 9.614545e-01 3.854553e-02 
7.135678e+00 9.543805e-01 4.561948e-02 
7.311558e+00 9.460811e-01 5.391885e-02 
7.487437e+00 9.363726e-01 6.362743e-02 
7.663317e+00 9.250544e-01 7.494565e-02 
7.839196e+00 9.119122e-01 8.808778e-02 
8.015075e+00 8.967228e-01 1.032772e-01 
8.190955e+00 8.792611e-01 1.207389e-01 
8.366834e+00 8.593101e-01 1.406899e-01 
8.542714e+00 8.366748e-01 1.633252e-01 
8.718593e+00 8.111979e-01 1.888021e-01 
8.894472e+00 7.827787e-01 2.172213e-01 
9.070352e+00 7.513928e-01 2.486072e-01 
9.246231e+00 7.171107e-01 2.828893e-01 
9.422111e+00 6.801139e-01 3.198861e-01 
9.597990e+00 6.407028e-01 3.592972e-01 
9.773869e+00 5.992970e-01 4.007030e-01 
9.949749e+00 5.564230e-01 4.435770e-01 
1.012563e+01 5.126917e-01 4.873083e-01 
1.030151e+01 4.687653e-01 5.312347e-01 
1.047739e+01 4.253177e-01 5.746823e-01 
1.065327e+01 3.829938e-01 6.170062e-01 
1.082915e+01 3.423724e-01 6.576276e-01 
1.100503e+01 3.039371e-01 6.960629e-01 
1.118090e+01 2.680579e-01 7.319421e-01 
1.135678e+01 2.349842e-01 7.650158e-01 
1.153266e+01 2.048493e-01 7.951507e-01 
1.170854e+01 1.776813e-01 8.223187e-01 
1.188442e+01 1.534212e-01 8.465788e-01 
1.206030e+01 1.319421e-01 8.680579e-01 
1.223618e+01 1.130684e-01 8.869316e-01 
1.241206e+01 9.659410e-02 9.034059e-01 
1.258794e+01 8.229741e-02 9.177026e-01 
1.276382e+01 6.995290e-02 9.300471e-01 
1.293970e+01 5.934031e-02 9.406597e-01 
1.311558e+01 5.025078e-02 9.497492e-01 
1.329146e+01 4.249065e-02 9.575093e-01 
1.346734e+01 3.588363e-02 9.641164e-01 
1.364322e+01 3.027148e-02 9.697285e-01 
1.381910e+01 2.551383e-02 9.744862e-01 
1.399497e+01 2.148736e-02 9.785126e-01 
1.417085e+01 1.808453e-02 9.819155e-01 
1.434673e+01 1.521221e-02 9.847878e-01 
1.452261e+01 1.279015e-02 9.872098e-01 
1.469849e+01 1.074952e-02 9.892505e-01 
1.487437e+01 9.031485e-03 9.909685e-01 
1.505025e+01 7.585929e-03 9.924141e-01 
1.522613e+01 6.370258e-03 9.936297e-01 
1.540201e+01 5.348352e-03 9.946516e-01 
1.557789e+01 4.489638e-03 9.955104e-01 
1.575377e+01 3.768274e-03 9.962317e-01 
1.592965e+01 3.162445e-03 9.968376e-01 
1.610553e+01 2.653757e-03 9.973462e-01 
1.628141e+01 2.226710e-03 9.977733e-01 
1.645729e+01 1.868255e-03 9.981317e-01 
1.663317e+01 1.567413e-03 9.984326e-01 
1.680905e+01 1.314952e-03 9.986850e-01 
1.698492e+01 1.103109e-03 9.988969e-01 
1.716080e+01 9.253636e-04 9.990746e-01 
1.733668e+01 7.762360e-04 9.992238e-01 
1.751256e+01 6.511255e-04 9.993489e-01 
1.768844e+01 5.461687e-04 9.994538e-01 
1.786432e+01 4.581225e-04 9.995419e-01 
1.804020e+01 3.842645e-04 9.996157e-01 
1.821608e+01 3.223100e-04 9.996777e-01 
1.839196e+01 2.703416e-04 9.997297e-01 
1.856784e+01 2.267506e-04 9.997732e-01 
1.874372e+01 1.901870e-04 9.998098e-01 
1.891960e+01 1.595184e-04 9.998405e-01 
1.909548e+01 1.337945e-04 9.998662e-01 
1.927136e+01 1.122185e-04 9.998878e-01 
1.944724e+01 9.412147e-05 9.999059e-01 
1.962312e+01 7.894268e-05 9.999211e-01 
1.979899e+01 6.621158e-05 9.999338e-01 
1.997487e+01 5.553351e-05 9.999445e-01 
2.015075e+01 4.657743e-05 9.999534e-01 
2.032663e+01 3.906568e-05 9.999609e-01 
2.050251e+01 3.276534e-05 9.999672e-01 
2.067839e+01 2.748106e-05 9.999725e-01 
2.085427e+01 2.304899e-05 9.999770e-01 
2.103015e+01 1.933170e-05 9.999807e-01 
2.120603e+01 1.621392e-05 9.999838e-01 
2.138191e+01 1.359896e-05 9.999864e-01 
2.155779e+01 1.140573e-05 9.999886e-01 
2.173367e+01 9.566224e-06 9.999904e-01 
2.190955e+01 8.023388e-06 9.999920e-01 
2.208543e+01 6.729378e-06 9.999933e-01 
2.226131e+01 5.644064e-06 9.999944e-01 
2.243719e+01 4.733789e-06 9.999953e-01 
2.261307e+01 3.970322e-06 9.999960e-01 
2.278894e+01 3.329987e-06 9.999967e-01 
2.296482e+01 2.792925e-06 9.999972e-01 
2.314070e+01 2.342481e-06 9.999977e-01 
2.331658e+01 1.964684e-06 9.999980e-01 
2.349246e+01 1.647819e-06 9.999984e-01 
2.366834e+01 1.382058e-06 9.999986e-01 
2.384422e+01 1.159158e-06 9.999988e-01 
2.402010e+01 9.722085e-07 9.999990e-01 
2.419598e+01 8.154100e-07 9.999992e-01 
2.437186e+01 6.839001e-07 9.999993e-01 
2.454774e+01 5.736001e-07 9.999994e-01 
2.472362e+01 4.810895e-07 9.999995e-01 
2.489950e+01 4.034990e-07 9.999996e-01 
2.507538e+01 3.384223e-07 9.999997e-01 
2.525126e+01 2.838413e-07 9.999997e-01 
2.542714e+01 2.380631e-07 9.999998e-01 
2.560302e+01 1.996681e-07 9.999998e-01 
2.577889e+01 1.674655e-07 9.999998e-01 
2.595477e+01 1.404565e-07 9.999999e-01 
2.613065e+01 1.178036e-07 9.999999e-01 
2.630653e+01 9.880409e-08 9.999999e-01 
2.648241e+01 8.286888e-08 9.999999e-01 
2.665829e+01 6.950372e-08 9.999999e-01 
2.683417e+01 5.829410e-08 9.999999e-01 
2.701005e+01 4.889238e-08 1.000000e+00 
2.718593e+01 4.100697e-08 1.000000e+00 
2.736181e+01 3.439333e-08 1.000000e+00 
2.753769e+01 2.884635e-08 1.000000e+00 
2.771357e+01 2.419398e-08 1.000000e+00 
2.788945e+01 2.029196e-08 1.000000e+00 
2.806533e+01 1.701925e-08 1.000000e+00 
2.824121e+01 1.427437e-08 1.000000e+00 
2.841709e+01 1.197219e-08 1.000000e+00 
2.859296e+01 1.004130e-08 1.000000e+00 
2.876884e+01 8.421834e-09 1.000000e+00 
2.894472e+01 7.063553e-09 1.000000e+00 
2.912060e+01 5.924337e-09 1.000000e+00 
2.929648e+01 4.968855e-09 1.000000e+00 
2.947236e+01 4.167474e-09 1.000000e+00 
2.964824e+01 3.495340e-09 1.000000e+00 
2.982412e+01 2.931608e-09 1.000000e+00 
3.000000e+01 2.458796e-09 1.000000e+00 
