#E                   7            8 
-5.000000e+00 9.999988e-01 1.158589e-06 
-4.824121e+00 9.999986e-01 1.381378e-06 
-4.648241e+00 9.999984e-01 1.647009e-06 
-4.472362e+00 9.999980e-01 1.963719e-06 
-4.296482e+00 9.999977e-01 2.341329e-06 
-4.120603e+00 9.999972e-01 2.791552e-06 
-3.944724e+00 9.999967e-01 3.328350e-06 
-3.768844e+00 9.999960e-01 3.968370e-06 
-3.592965e+00 9.999953e-01 4.731461e-06 
-3.417085e+00 9.999944e-01 5.641289e-06 
-3.241206e+00 9.999933e-01 6.726069e-06 
-3.065327e+00 9.999920e-01 8.019443e-06 
-2.889447e+00 9.999904e-01 9.561522e-06 
-2.713568e+00 9.999886e-01 1.140013e-05 
-2.537688e+00 9.999864e-01 1.359228e-05 
-2.361809e+00 9.999838e-01 1.620595e-05 
-2.185930e+00 9.999807e-01 1.932220e-05 
-2.010050e+00 9.999770e-01 2.303766e-05 
-1.834171e+00 9.999725e-01 2.746755e-05 
-1.658291e+00 9.999673e-01 3.274923e-05 
-1.482412e+00 9.999610e-01 3.904647e-05 
-1.306533e+00 9.999534e-01 4.655454e-05 
-1.130653e+00 9.999445e-01 5.550621e-05 
-9.547739e-01 9.999338e-01 6.617903e-05 
-7.788945e-01 9.999211e-01 7.890387e-05 
-6.030151e-01 9.999059e-01 9.407520e-05 
-4.271357e-01 9.998878e-01 1.121633e-04 
-2.512563e-01 9.998663e-01 1.337288e-04 
-7.537688e-02 9.998406e-01 1.594399e-04 
1.005025e-01 9.998099e-01 1.900935e-04 
2.763819e-01 9.997734e-01 2.266391e-04 
4.522613e-01 9.997298e-01 2.702087e-04 
6.281407e-01 9.996778e-01 3.221516e-04 
8.040201e-01 9.996159e-01 3.840757e-04 
9.798995e-01 9.995421e-01 4.578974e-04 
1.155779e+00 9.994541e-01 5.459004e-04 
1.331658e+00 9.993492e-01 6.508056e-04 
1.507538e+00 9.992241e-01 7.758547e-04 
1.683417e+00 9.990751e-01 9.249091e-04 
1.859296e+00 9.988974e-01 1.102568e-03 
2.035176e+00 9.986857e-01 1.314306e-03 
2.211055e+00 9.984334e-01 1.566644e-03 
2.386935e+00 9.981327e-01 1.867338e-03 
2.562814e+00 9.977744e-01 2.225617e-03 
2.738693e+00 9.973475e-01 2.652456e-03 
2.914573e+00 9.968391e-01 3.160895e-03 
3.090452e+00 9.962336e-01 3.766428e-03 
3.266332e+00 9.955126e-01 4.487441e-03 
3.442211e+00 9.946543e-01 5.345737e-03 
3.618090e+00 9.936329e-01 6.367146e-03 
3.793970e+00 9.924178e-01 7.582228e-03 
3.969849e+00 9.909729e-01 9.027086e-03 
4.145729e+00 9.892557e-01 1.074429e-02 
4.321608e+00 9.872161e-01 1.278394e-02 
4.497487e+00 9.847952e-01 1.520485e-02 
4.673367e+00 9.819242e-01 1.807580e-02 
4.849246e+00 9.785230e-01 2.147702e-02 
5.025126e+00 9.744984e-01 2.550161e-02 
5.201005e+00 9.697430e-01 3.025705e-02 
5.376884e+00 9.641334e-01 3.586662e-02 
5.552764e+00 9.575293e-01 4.247065e-02 
5.728643e+00 9.497727e-01 5.022732e-02 
5.904523e+00 9.406871e-01 5.931287e-02 
6.080402e+00 9.300791e-01 6.992091e-02 
6.256281e+00 9.177397e-01 8.226028e-02 
6.432161e+00 9.034488e-01 9.655119e-02 
6.608040e+00 8.869809e-01 1.130191e-01 
6.783920e+00 8.681142e-01 1.318858e-01 
6.959799e+00 8.466427e-01 1.533573e-01 
7.135678e+00 8.223906e-01 1.776094e-01 
7.311558e+00 7.952308e-01 2.047692e-01 
7.487437e+00 7.651041e-01 2.348959e-01 
7.663317e+00 7.320386e-01 2.679614e-01 
7.839196e+00 6.961669e-01 3.038331e-01 
8.015075e+00 6.577383e-01 3.422617e-01 
8.190955e+00 6.171224e-01 3.828776e-01 
8.366834e+00 5.748025e-01 4.251975e-01 
8.542714e+00 5.313571e-01 4.686429e-01 
8.718593e+00 4.874311e-01 5.125689e-01 
8.894472e+00 4.436984e-01 5.563016e-01 
9.070352e+00 4.008211e-01 5.991789e-01 
9.246231e+00 3.594104e-01 6.405896e-01 
9.422111e+00 3.199931e-01 6.800069e-01 
9.597990e+00 2.829890e-01 7.170110e-01 
9.773869e+00 2.486991e-01 7.513009e-01 
9.949749e+00 2.173049e-01 7.826951e-01 
1.012563e+01 1.888774e-01 8.111226e-01 
1.030151e+01 1.633924e-01 8.366076e-01 
1.047739e+01 1.407493e-01 8.592507e-01 
1.065327e+01 1.207912e-01 8.792088e-01 
1.082915e+01 1.033227e-01 8.966773e-01 
1.100503e+01 8.812728e-02 9.118727e-01 
1.118090e+01 7.497974e-02 9.250203e-01 
1.135678e+01 6.365673e-02 9.363433e-01 
1.153266e+01 5.394394e-02 9.460561e-01 
1.170854e+01 4.564090e-02 9.543591e-01 
1.188442e+01 3.856376e-02 9.614362e-01 
1.206030e+01 3.254659e-02 9.674534e-01 
1.223618e+01 2.744149e-02 9.725585e-01 
1.241206e+01 2.311802e-02 9.768820e-01 
1.258794e+01 1.946209e-02 9.805379e-01 
1.276382e+01 1.637463e-02 9.836254e-01 
1.293970e+01 1.377008e-02 9.862299e-01 
1.311558e+01 1.157493e-02 9.884251e-01 
1.329146e+01 9.726275e-03 9.902737e-01 
1.346734e+01 8.170430e-03 9.918296e-01 
1.364322e+01 6.861738e-03 9.931383e-01 
1.381910e+01 5.761447e-03 9.942386e-01 
1.399497e+01 4.836730e-03 9.951633e-01 
1.417085e+01 4.059825e-03 9.959402e-01 
1.434673e+01 3.407284e-03 9.965927e-01 
1.452261e+01 2.859325e-03 9.971407e-01 
1.469849e+01 2.399277e-03 9.976007e-01 
1.487437e+01 2.013099e-03 9.979869e-01 
1.505025e+01 1.688973e-03 9.983110e-01 
1.522613e+01 1.416960e-03 9.985830e-01 
1.540201e+01 1.188703e-03 9.988113e-01 
1.557789e+01 9.971790e-04 9.990028e-01 
1.575377e+01 8.364877e-04 9.991635e-01 
1.592965e+01 7.016729e-04 9.992983e-01 
1.610553e+01 5.885731e-04 9.994114e-01 
1.628141e+01 4.936943e-04 9.995063e-01 
1.645729e+01 4.141039e-04 9.995859e-01 
1.663317e+01 3.473400e-04 9.996527e-01 
1.680905e+01 2.913370e-04 9.997087e-01 
1.698492e+01 2.443614e-04 9.997556e-01 
1.716080e+01 2.049587e-04 9.997950e-01 
1.733668e+01 1.719085e-04 9.998281e-01 
1.751256e+01 1.441869e-04 9.998558e-01 
1.768844e+01 1.209351e-04 9.998791e-01 
1.786432e+01 1.014326e-04 9.998986e-01 
1.804020e+01 8.507484e-05 9.999149e-01 
1.821608e+01 7.135488e-05 9.999286e-01 
1.839196e+01 5.984739e-05 9.999402e-01 
1.856784e+01 5.019563e-05 9.999498e-01 
1.874372e+01 4.210038e-05 9.999579e-01 
1.891960e+01 3.531063e-05 9.999647e-01 
1.909548e+01 2.961587e-05 9.999704e-01 
1.927136e+01 2.483952e-05 9.999752e-01 
1.944724e+01 2.083346e-05 9.999792e-01 
1.962312e+01 1.747348e-05 9.999825e-01 
1.979899e+01 1.465538e-05 9.999853e-01 
1.997487e+01 1.229178e-05 9.999877e-01 
2.015075e+01 1.030937e-05 9.999897e-01 
2.032663e+01 8.646682e-06 9.999914e-01 
2.050251e+01 7.252147e-06 9.999927e-01 
2.067839e+01 6.082522e-06 9.999939e-01 
2.085427e+01 5.101533e-06 9.999949e-01 
2.103015e+01 4.278756e-06 9.999957e-01 
2.120603e+01 3.588677e-06 9.999964e-01 
2.138191e+01 3.009894e-06 9.999970e-01 
2.155779e+01 2.524457e-06 9.999975e-01 
2.173367e+01 2.117311e-06 9.999979e-01 
2.190955e+01 1.775830e-06 9.999982e-01 
2.208543e+01 1.489423e-06 9.999985e-01 
2.226131e+01 1.249208e-06 9.999988e-01 
2.243719e+01 1.047735e-06 9.999990e-01 
2.261307e+01 8.787553e-07 9.999991e-01 
2.278894e+01 7.370290e-07 9.999993e-01 
2.296482e+01 6.181604e-07 9.999994e-01 
2.314070e+01 5.184630e-07 9.999995e-01 
2.331658e+01 4.348449e-07 9.999996e-01 
2.349246e+01 3.647127e-07 9.999996e-01 
2.366834e+01 3.058916e-07 9.999997e-01 
2.384422e+01 2.565571e-07 9.999997e-01 
2.402010e+01 2.151794e-07 9.999998e-01 
2.419598e+01 1.804751e-07 9.999998e-01 
2.437186e+01 1.513679e-07 9.999998e-01 
2.454774e+01 1.269552e-07 9.999999e-01 
2.472362e+01 1.064797e-07 9.999999e-01 
2.489950e+01 8.930658e-08 9.999999e-01 
2.507538e+01 7.490314e-08 9.999999e-01 
2.525126e+01 6.282269e-08 9.999999e-01 
2.542714e+01 5.269060e-08 9.999999e-01 
2.560302e+01 4.419261e-08 1.000000e+00 
2.577889e+01 3.706519e-08 1.000000e+00 
2.595477e+01 3.108728e-08 1.000000e+00 
2.613065e+01 2.607350e-08 1.000000e+00 
2.630653e+01 2.186834e-08 1.000000e+00 
2.648241e+01 1.834140e-08 1.000000e+00 
2.665829e+01 1.538328e-08 1.000000e+00 
2.683417e+01 1.290225e-08 1.000000e+00 
2.701005e+01 1.082137e-08 1.000000e+00 
2.718593e+01 9.076086e-09 1.000000e+00 
2.736181e+01 7.612287e-09 1.000000e+00 
2.753769e+01 6.384571e-09 1.000000e+00 
2.771357e+01 5.354862e-09 1.000000e+00 
2.788945e+01 4.491225e-09 1.000000e+00 
2.806533e+01 3.766876e-09 1.000000e+00 
2.824121e+01 3.159351e-09 1.000000e+00 
2.841709e+01 2.649808e-09 1.000000e+00 
2.859296e+01 2.222445e-09 1.000000e+00 
2.876884e+01 1.864007e-09 1.000000e+00 
2.894472e+01 1.563378e-09 1.000000e+00 
2.912060e+01 1.311235e-09 1.000000e+00 
2.929648e+01 1.099758e-09 1.000000e+00 
2.947236e+01 9.223882e-10 1.000000e+00 
2.964824e+01 7.736246e-10 1.000000e+00 
2.982412e+01 6.488538e-10 1.000000e+00 
3.000000e+01 5.442061e-10 1.000000e+00 
