#E                   8 
-5.000000e+00 1.000000e+00 
-4.824121e+00 1.000000e+00 
-4.648241e+00 1.000000e+00 
-4.472362e+00 1.000000e+00 
-4.296482e+00 1.000000e+00 
-4.120603e+00 1.000000e+00 
-3.944724e+00 1.000000e+00 
-3.768844e+00 1.000000e+00 
-3.592965e+00 1.000000e+00 
-3.417085e+00 1.000000e+00 
-3.241206e+00 1.000000e+00 
-3.065327e+00 1.000000e+00 
-2.889447e+00 1.000000e+00 
-2.713568e+00 1.000000e+00 
-2.537688e+00 1.000000e+00 
-2.361809e+00 1.000000e+00 
-2.185930e+00 1.000000e+00 
-2.010050e+00 1.000000e+00 
-1.834171e+00 1.000000e+00 
-1.658291e+00 1.000000e+00 
-1.482412e+00 1.000000e+00 
-1.306533e+00 1.000000e+00 
-1.130653e+00 1.000000e+00 
-9.547739e-01 1.000000e+00 
-7.788945e-01 1.000000e+00 
-6.030151e-01 1.000000e+00 
-4.271357e-01 1.000000e+00 
-2.512563e-01 1.000000e+00 
-7.537688e-02 1.000000e+00 
1.005025e-01 1.000000e+00 
2.763819e-01 1.000000e+00 
4.522613e-01 1.000000e+00 
6.281407e-01 1.000000e+00 
8.040201e-01 1.000000e+00 
9.798995e-01 1.000000e+00 
1.155779e+00 1.000000e+00 
1.331658e+00 1.000000e+00 
1.507538e+00 1.000000e+00 
1.683417e+00 1.000000e+00 
1.859296e+00 1.000000e+00 
2.035176e+00 1.000000e+00 
2.211055e+00 1.000000e+00 
2.386935e+00 1.000000e+00 
2.562814e+00 1.000000e+00 
2.738693e+00 1.000000e+00 
2.914573e+00 1.000000e+00 
3.090452e+00 1.000000e+00 
3.266332e+00 1.000000e+00 
3.442211e+00 1.000000e+00 
3.618090e+00 1.000000e+00 
3.793970e+00 1.000000e+00 
3.969849e+00 1.000000e+00 
4.145729e+00 1.000000e+00 
4.321608e+00 1.000000e+00 
4.497487e+00 1.000000e+00 
4.673367e+00 1.000000e+00 
4.849246e+00 1.000000e+00 
5.025126e+00 1.000000e+00 
5.201005e+00 1.000000e+00 
5.376884e+00 1.000000e+00 
5.552764e+00 1.000000e+00 
5.728643e+00 1.000000e+00 
5.904523e+00 1.000000e+00 
6.080402e+00 1.000000e+00 
6.256281e+00 1.000000e+00 
6.432161e+00 1.000000e+00 
6.608040e+00 1.000000e+00 
6.783920e+00 1.000000e+00 
6.959799e+00 1.000000e+00 
7.135678e+00 1.000000e+00 
7.311558e+00 1.000000e+00 
7.487437e+00 1.000000e+00 
7.663317e+00 1.000000e+00 
7.839196e+00 1.000000e+00 
8.015075e+00 1.000000e+00 
8.190955e+00 1.000000e+00 
8.366834e+00 1.000000e+00 
8.542714e+00 1.000000e+00 
8.718593e+00 1.000000e+00 
8.894472e+00 1.000000e+00 
9.070352e+00 1.000000e+00 
9.246231e+00 1.000000e+00 
9.422111e+00 1.000000e+00 
9.597990e+00 1.000000e+00 
9.773869e+00 1.000000e+00 
9.949749e+00 1.000000e+00 
1.012563e+01 1.000000e+00 
1.030151e+01 1.000000e+00 
1.047739e+01 1.000000e+00 
1.065327e+01 1.000000e+00 
1.082915e+01 1.000000e+00 
1.100503e+01 1.000000e+00 
1.118090e+01 1.000000e+00 
1.135678e+01 1.000000e+00 
1.153266e+01 1.000000e+00 
1.170854e+01 1.000000e+00 
1.188442e+01 1.000000e+00 
1.206030e+01 1.000000e+00 
1.223618e+01 1.000000e+00 
1.241206e+01 1.000000e+00 
1.258794e+01 1.000000e+00 
1.276382e+01 1.000000e+00 
1.293970e+01 1.000000e+00 
1.311558e+01 1.000000e+00 
1.329146e+01 1.000000e+00 
1.346734e+01 1.000000e+00 
1.364322e+01 1.000000e+00 
1.381910e+01 1.000000e+00 
1.399497e+01 1.000000e+00 
1.417085e+01 1.000000e+00 
1.434673e+01 1.000000e+00 
1.452261e+01 1.000000e+00 
1.469849e+01 1.000000e+00 
1.487437e+01 1.000000e+00 
1.505025e+01 1.000000e+00 
1.522613e+01 1.000000e+00 
1.540201e+01 1.000000e+00 
1.557789e+01 1.000000e+00 
1.575377e+01 1.000000e+00 
1.592965e+01 1.000000e+00 
1.610553e+01 1.000000e+00 
1.628141e+01 1.000000e+00 
1.645729e+01 1.000000e+00 
1.663317e+01 1.000000e+00 
1.680905e+01 1.000000e+00 
1.698492e+01 1.000000e+00 
1.716080e+01 1.000000e+00 
1.733668e+01 1.000000e+00 
1.751256e+01 1.000000e+00 
1.768844e+01 1.000000e+00 
1.786432e+01 1.000000e+00 
1.804020e+01 1.000000e+00 
1.821608e+01 1.000000e+00 
1.839196e+01 1.000000e+00 
1.856784e+01 1.000000e+00 
1.874372e+01 1.000000e+00 
1.891960e+01 1.000000e+00 
1.909548e+01 1.000000e+00 
1.927136e+01 1.000000e+00 
1.944724e+01 1.000000e+00 
1.962312e+01 1.000000e+00 
1.979899e+01 1.000000e+00 
1.997487e+01 1.000000e+00 
2.015075e+01 1.000000e+00 
2.032663e+01 1.000000e+00 
2.050251e+01 1.000000e+00 
2.067839e+01 1.000000e+00 
2.085427e+01 1.000000e+00 
2.103015e+01 1.000000e+00 
2.120603e+01 1.000000e+00 
2.138191e+01 1.000000e+00 
2.155779e+01 1.000000e+00 
2.173367e+01 1.000000e+00 
2.190955e+01 1.000000e+00 
2.208543e+01 1.000000e+00 
2.226131e+01 1.000000e+00 
2.243719e+01 1.000000e+00 
2.261307e+01 1.000000e+00 
2.278894e+01 1.000000e+00 
2.296482e+01 1.000000e+00 
2.314070e+01 1.000000e+00 
2.331658e+01 1.000000e+00 
2.349246e+01 1.000000e+00 
2.366834e+01 1.000000e+00 
2.384422e+01 1.000000e+00 
2.402010e+01 1.000000e+00 
2.419598e+01 1.000000e+00 
2.437186e+01 1.000000e+00 
2.454774e+01 1.000000e+00 
2.472362e+01 1.000000e+00 
2.489950e+01 1.000000e+00 
2.507538e+01 1.000000e+00 
2.525126e+01 1.000000e+00 
2.542714e+01 1.000000e+00 
2.560302e+01 1.000000e+00 
2.577889e+01 1.000000e+00 
2.595477e+01 1.000000e+00 
2.613065e+01 1.000000e+00 
2.630653e+01 1.000000e+00 
2.648241e+01 1.000000e+00 
2.665829e+01 1.000000e+00 
2.683417e+01 1.000000e+00 
2.701005e+01 1.000000e+00 
2.718593e+01 1.000000e+00 
2.736181e+01 1.000000e+00 
2.753769e+01 1.000000e+00 
2.771357e+01 1.000000e+00 
2.788945e+01 1.000000e+00 
2.806533e+01 1.000000e+00 
2.824121e+01 1.000000e+00 
2.841709e+01 1.000000e+00 
2.859296e+01 1.000000e+00 
2.876884e+01 1.000000e+00 
2.894472e+01 1.000000e+00 
2.912060e+01 1.000000e+00 
2.929648e+01 1.000000e+00 
2.947236e+01 1.000000e+00 
2.964824e+01 1.000000e+00 
2.982412e+01 1.000000e+00 
3.000000e+01 1.000000e+00 
