#E                   7            8 
-5.000000e+00 9.999999e-01 8.398554e-08 
-4.824121e+00 9.999999e-01 1.001355e-07 
-4.648241e+00 9.999999e-01 1.193910e-07 
-4.472362e+00 9.999999e-01 1.423491e-07 
-4.296482e+00 9.999998e-01 1.697221e-07 
-4.120603e+00 9.999998e-01 2.023586e-07 
-3.944724e+00 9.999998e-01 2.412710e-07 
-3.768844e+00 9.999997e-01 2.876660e-07 
-3.592965e+00 9.999997e-01 3.429826e-07 
-3.417085e+00 9.999996e-01 4.089361e-07 
-3.241206e+00 9.999995e-01 4.875721e-07 
-3.065327e+00 9.999994e-01 5.813294e-07 
-2.889447e+00 9.999993e-01 6.931156e-07 
-2.713568e+00 9.999992e-01 8.263977e-07 
-2.537688e+00 9.999990e-01 9.853090e-07 
-2.361809e+00 9.999988e-01 1.174778e-06 
-2.185930e+00 9.999986e-01 1.400681e-06 
-2.010050e+00 9.999983e-01 1.670023e-06 
-1.834171e+00 9.999980e-01 1.991158e-06 
-1.658291e+00 9.999976e-01 2.374046e-06 
-1.482412e+00 9.999972e-01 2.830560e-06 
-1.306533e+00 9.999966e-01 3.374859e-06 
-1.130653e+00 9.999960e-01 4.023822e-06 
-9.547739e-01 9.999952e-01 4.797576e-06 
-7.788945e-01 9.999943e-01 5.720117e-06 
-6.030151e-01 9.999932e-01 6.820055e-06 
-4.271357e-01 9.999919e-01 8.131502e-06 
-2.512563e-01 9.999903e-01 9.695128e-06 
-7.537688e-02 9.999884e-01 1.155942e-05 
1.005025e-01 9.999862e-01 1.378220e-05 
2.763819e-01 9.999836e-01 1.643240e-05 
4.522613e-01 9.999804e-01 1.959219e-05 
6.281407e-01 9.999766e-01 2.335957e-05 
8.040201e-01 9.999721e-01 2.785136e-05 
9.798995e-01 9.999668e-01 3.320684e-05 
1.155779e+00 9.999604e-01 3.959207e-05 
1.331658e+00 9.999528e-01 4.720503e-05 
1.507538e+00 9.999437e-01 5.628178e-05 
1.683417e+00 9.999329e-01 6.710372e-05 
1.859296e+00 9.999200e-01 8.000634e-05 
2.035176e+00 9.999046e-01 9.538964e-05 
2.211055e+00 9.998863e-01 1.137304e-04 
2.386935e+00 9.998644e-01 1.355972e-04 
2.562814e+00 9.998383e-01 1.616675e-04 
2.738693e+00 9.998073e-01 1.927493e-04 
2.914573e+00 9.997702e-01 2.298053e-04 
3.090452e+00 9.997260e-01 2.739834e-04 
3.266332e+00 9.996733e-01 3.266517e-04 
3.442211e+00 9.996106e-01 3.894405e-04 
3.618090e+00 9.995357e-01 4.642929e-04 
3.793970e+00 9.994465e-01 5.535243e-04 
3.969849e+00 9.993401e-01 6.598936e-04 
4.145729e+00 9.992133e-01 7.866875e-04 
4.321608e+00 9.990622e-01 9.378211e-04 
4.497487e+00 9.988820e-01 1.117957e-03 
4.673367e+00 9.986674e-01 1.332647e-03 
4.849246e+00 9.984115e-01 1.588501e-03 
5.025126e+00 9.981066e-01 1.893382e-03 
5.201005e+00 9.977434e-01 2.256647e-03 
5.376884e+00 9.973106e-01 2.689420e-03 
5.552764e+00 9.967951e-01 3.204923e-03 
5.728643e+00 9.961811e-01 3.818857e-03 
5.904523e+00 9.954501e-01 4.549860e-03 
6.080402e+00 9.945800e-01 5.420030e-03 
6.256281e+00 9.935445e-01 6.455543e-03 
6.432161e+00 9.923126e-01 7.687364e-03 
6.608040e+00 9.908479e-01 9.152071e-03 
6.783920e+00 9.891072e-01 1.089279e-02 
6.959799e+00 9.870397e-01 1.296027e-02 
7.135678e+00 9.845860e-01 1.541404e-02 
7.311558e+00 9.816762e-01 1.832375e-02 
7.487437e+00 9.782294e-01 2.177060e-02 
7.663317e+00 9.741513e-01 2.584875e-02 
7.839196e+00 9.693331e-01 3.066688e-02 
8.015075e+00 9.636504e-01 3.634959e-02 
8.190955e+00 9.569614e-01 4.303857e-02 
8.366834e+00 9.491066e-01 5.089345e-02 
8.542714e+00 9.399081e-01 6.009187e-02 
8.718593e+00 9.291713e-01 7.082875e-02 
8.894472e+00 9.166860e-01 8.331397e-02 
9.070352e+00 9.022316e-01 9.776844e-02 
9.246231e+00 8.855823e-01 1.144177e-01 
9.422111e+00 8.665173e-01 1.334827e-01 
9.597990e+00 8.448322e-01 1.551678e-01 
9.773869e+00 8.203546e-01 1.796454e-01 
9.949749e+00 7.929619e-01 2.070381e-01 
1.012563e+01 7.626010e-01 2.373990e-01 
1.030151e+01 7.293078e-01 2.706922e-01 
1.047739e+01 6.932237e-01 3.067763e-01 
1.065327e+01 6.546076e-01 3.453924e-01 
1.082915e+01 6.138383e-01 3.861617e-01 
1.100503e+01 5.714075e-01 4.285925e-01 
1.118090e+01 5.279001e-01 4.720999e-01 
1.135678e+01 4.839648e-01 5.160352e-01 
1.153266e+01 4.402759e-01 5.597241e-01 
1.170854e+01 3.974931e-01 6.025069e-01 
1.188442e+01 3.562217e-01 6.437783e-01 
1.206030e+01 3.169811e-01 6.830189e-01 
1.223618e+01 2.801818e-01 7.198182e-01 
1.241206e+01 2.461153e-01 7.538847e-01 
1.258794e+01 2.149539e-01 7.850461e-01 
1.276382e+01 1.867606e-01 8.132394e-01 
1.293970e+01 1.615043e-01 8.384957e-01 
1.311558e+01 1.390795e-01 8.609205e-01 
1.329146e+01 1.193252e-01 8.806748e-01 
1.346734e+01 1.020441e-01 8.979559e-01 
1.364322e+01 8.701849e-02 9.129815e-01 
1.381910e+01 7.402294e-02 9.259771e-01 
1.399497e+01 6.283461e-02 9.371654e-01 
1.417085e+01 5.324012e-02 9.467599e-01 
1.434673e+01 4.504025e-02 9.549597e-01 
1.452261e+01 3.805254e-02 9.619475e-01 
1.469849e+01 3.211247e-02 9.678875e-01 
1.487437e+01 2.707356e-02 9.729264e-01 
1.505025e+01 2.280670e-02 9.771933e-01 
1.522613e+01 1.919903e-02 9.808010e-01 
1.540201e+01 1.615261e-02 9.838474e-01 
1.557789e+01 1.358289e-02 9.864171e-01 
1.575377e+01 1.141724e-02 9.885828e-01 
1.592965e+01 9.593524e-03 9.904065e-01 
1.610553e+01 8.058741e-03 9.919413e-01 
1.628141e+01 6.767817e-03 9.932322e-01 
1.645729e+01 5.682500e-03 9.943175e-01 
1.663317e+01 4.770393e-03 9.952296e-01 
1.680905e+01 4.004101e-03 9.959959e-01 
1.698492e+01 3.360486e-03 9.966395e-01 
1.716080e+01 2.820032e-03 9.971800e-01 
1.733668e+01 2.366291e-03 9.976337e-01 
1.751256e+01 1.985411e-03 9.980146e-01 
1.768844e+01 1.665736e-03 9.983343e-01 
1.786432e+01 1.397460e-03 9.986025e-01 
1.804020e+01 1.172341e-03 9.988277e-01 
1.821608e+01 9.834505e-04 9.990165e-01 
1.839196e+01 8.249696e-04 9.991750e-01 
1.856784e+01 6.920099e-04 9.993080e-01 
1.874372e+01 5.804667e-04 9.994195e-01 
1.891960e+01 4.868941e-04 9.995131e-01 
1.909548e+01 4.083995e-04 9.995916e-01 
1.927136e+01 3.425550e-04 9.996574e-01 
1.944724e+01 2.873233e-04 9.997127e-01 
1.962312e+01 2.409947e-04 9.997590e-01 
1.979899e+01 2.021347e-04 9.997979e-01 
1.997487e+01 1.695398e-04 9.998305e-01 
2.015075e+01 1.422002e-04 9.998578e-01 
2.032663e+01 1.192687e-04 9.998807e-01 
2.050251e+01 1.000349e-04 9.999000e-01 
2.067839e+01 8.390253e-05 9.999161e-01 
2.085427e+01 7.037161e-05 9.999296e-01 
2.103015e+01 5.902269e-05 9.999410e-01 
2.120603e+01 4.950393e-05 9.999505e-01 
2.138191e+01 4.152022e-05 9.999585e-01 
2.155779e+01 3.482404e-05 9.999652e-01 
2.173367e+01 2.920775e-05 9.999708e-01 
2.190955e+01 2.449721e-05 9.999755e-01 
2.208543e+01 2.054636e-05 9.999795e-01 
2.226131e+01 1.723269e-05 9.999828e-01 
2.243719e+01 1.445342e-05 9.999855e-01 
2.261307e+01 1.212239e-05 9.999879e-01 
2.278894e+01 1.016730e-05 9.999898e-01 
2.296482e+01 8.527524e-06 9.999915e-01 
2.314070e+01 7.152207e-06 9.999928e-01 
2.331658e+01 5.998700e-06 9.999940e-01 
2.349246e+01 5.031229e-06 9.999950e-01 
2.366834e+01 4.219792e-06 9.999958e-01 
2.384422e+01 3.539222e-06 9.999965e-01 
2.402010e+01 2.968415e-06 9.999970e-01 
2.419598e+01 2.489668e-06 9.999975e-01 
2.437186e+01 2.088133e-06 9.999979e-01 
2.454774e+01 1.751358e-06 9.999982e-01 
2.472362e+01 1.468897e-06 9.999985e-01 
2.489950e+01 1.231993e-06 9.999988e-01 
2.507538e+01 1.033296e-06 9.999990e-01 
2.525126e+01 8.666453e-07 9.999991e-01 
2.542714e+01 7.268721e-07 9.999993e-01 
2.560302e+01 6.096416e-07 9.999994e-01 
2.577889e+01 5.113181e-07 9.999995e-01 
2.595477e+01 4.288523e-07 9.999996e-01 
2.613065e+01 3.596867e-07 9.999996e-01 
2.630653e+01 3.016761e-07 9.999997e-01 
2.648241e+01 2.530215e-07 9.999997e-01 
2.665829e+01 2.122140e-07 9.999998e-01 
2.683417e+01 1.779880e-07 9.999998e-01 
2.701005e+01 1.492819e-07 9.999999e-01 
2.718593e+01 1.252056e-07 9.999999e-01 
2.736181e+01 1.050123e-07 9.999999e-01 
2.753769e+01 8.807585e-08 9.999999e-01 
2.771357e+01 7.387090e-08 9.999999e-01 
2.788945e+01 6.195694e-08 9.999999e-01 
2.806533e+01 5.196447e-08 9.999999e-01 
2.824121e+01 4.358360e-08 1.000000e+00 
2.841709e+01 3.655440e-08 1.000000e+00 
2.859296e+01 3.065887e-08 1.000000e+00 
2.876884e+01 2.571418e-08 1.000000e+00 
2.894472e+01 2.156698e-08 1.000000e+00 
2.912060e+01 1.808864e-08 1.000000e+00 
2.929648e+01 1.517129e-08 1.000000e+00 
2.947236e+01 1.272445e-08 1.000000e+00 
2.964824e+01 1.067224e-08 1.000000e+00 
2.982412e+01 8.951010e-09 1.000000e+00 
3.000000e+01 7.507383e-09 1.000000e+00 
