#E                   7            8 
-5.000000e+00 9.999998e-01 1.850569e-07 
-4.824121e+00 9.999998e-01 2.206422e-07 
-4.648241e+00 9.999997e-01 2.630704e-07 
-4.472362e+00 9.999997e-01 3.136574e-07 
-4.296482e+00 9.999996e-01 3.739718e-07 
-4.120603e+00 9.999996e-01 4.458844e-07 
-3.944724e+00 9.999995e-01 5.316254e-07 
-3.768844e+00 9.999994e-01 6.338539e-07 
-3.592965e+00 9.999992e-01 7.557402e-07 
-3.417085e+00 9.999991e-01 9.010646e-07 
-3.241206e+00 9.999989e-01 1.074334e-06 
-3.065327e+00 9.999987e-01 1.280922e-06 
-2.889447e+00 9.999985e-01 1.527236e-06 
-2.713568e+00 9.999982e-01 1.820914e-06 
-2.537688e+00 9.999978e-01 2.171064e-06 
-2.361809e+00 9.999974e-01 2.588546e-06 
-2.185930e+00 9.999969e-01 3.086307e-06 
-2.010050e+00 9.999963e-01 3.679784e-06 
-1.834171e+00 9.999956e-01 4.387382e-06 
-1.658291e+00 9.999948e-01 5.231046e-06 
-1.482412e+00 9.999938e-01 6.236940e-06 
-1.306533e+00 9.999926e-01 7.436259e-06 
-1.130653e+00 9.999911e-01 8.866196e-06 
-9.547739e-01 9.999894e-01 1.057110e-05 
-7.788945e-01 9.999874e-01 1.260383e-05 
-6.030151e-01 9.999850e-01 1.502744e-05 
-4.271357e-01 9.999821e-01 1.791708e-05 
-2.512563e-01 9.999786e-01 2.136236e-05 
-7.537688e-02 9.999745e-01 2.547011e-05 
1.005025e-01 9.999696e-01 3.036772e-05 
2.763819e-01 9.999638e-01 3.620705e-05 
4.522613e-01 9.999568e-01 4.316915e-05 
6.281407e-01 9.999485e-01 5.146990e-05 
8.040201e-01 9.999386e-01 6.136666e-05 
9.798995e-01 9.999268e-01 7.316626e-05 
1.155779e+00 9.999128e-01 8.723448e-05 
1.331658e+00 9.998960e-01 1.040074e-04 
1.507538e+00 9.998760e-01 1.240050e-04 
1.683417e+00 9.998522e-01 1.478469e-04 
1.859296e+00 9.998237e-01 1.762720e-04 
2.035176e+00 9.997898e-01 2.101610e-04 
2.211055e+00 9.997494e-01 2.505636e-04 
2.386935e+00 9.997013e-01 2.987311e-04 
2.562814e+00 9.996438e-01 3.561549e-04 
2.738693e+00 9.995754e-01 4.246124e-04 
2.914573e+00 9.994938e-01 5.062216e-04 
3.090452e+00 9.993965e-01 6.035064e-04 
3.266332e+00 9.992805e-01 7.194737e-04 
3.442211e+00 9.991423e-01 8.577057e-04 
3.618090e+00 9.989775e-01 1.022469e-03 
3.793970e+00 9.987812e-01 1.218844e-03 
3.969849e+00 9.985471e-01 1.452880e-03 
4.145729e+00 9.982682e-01 1.731777e-03 
4.321608e+00 9.979359e-01 2.064101e-03 
4.497487e+00 9.975400e-01 2.460039e-03 
4.673367e+00 9.970683e-01 2.931703e-03 
4.849246e+00 9.965065e-01 3.493483e-03 
5.025126e+00 9.958375e-01 4.162464e-03 
5.201005e+00 9.950411e-01 4.958913e-03 
5.376884e+00 9.940931e-01 5.906851e-03 
5.552764e+00 9.929653e-01 7.034714e-03 
5.728643e+00 9.916239e-01 8.376118e-03 
5.904523e+00 9.900293e-01 9.970738e-03 
6.080402e+00 9.881347e-01 1.186530e-02 
6.256281e+00 9.858853e-01 1.411473e-02 
6.432161e+00 9.832166e-01 1.678336e-02 
6.608040e+00 9.800537e-01 1.994633e-02 
6.783920e+00 9.763090e-01 2.369102e-02 
6.959799e+00 9.718814e-01 2.811857e-02 
7.135678e+00 9.666547e-01 3.334531e-02 
7.311558e+00 9.604959e-01 3.950412e-02 
7.487437e+00 9.532546e-01 4.674544e-02 
7.663317e+00 9.447622e-01 5.523779e-02 
7.839196e+00 9.348325e-01 6.516750e-02 
8.015075e+00 9.232628e-01 7.673721e-02 
8.190955e+00 9.098371e-01 9.016288e-02 
8.366834e+00 8.943314e-01 1.056686e-01 
8.542714e+00 8.765209e-01 1.234791e-01 
8.718593e+00 8.561913e-01 1.438087e-01 
8.894472e+00 8.331516e-01 1.668484e-01 
9.070352e+00 8.072518e-01 1.927482e-01 
9.246231e+00 7.784008e-01 2.215992e-01 
9.422111e+00 7.465871e-01 2.534129e-01 
9.597990e+00 7.118965e-01 2.881035e-01 
9.773869e+00 6.745272e-01 3.254728e-01 
9.949749e+00 6.347974e-01 3.652026e-01 
1.012563e+01 5.931432e-01 4.068568e-01 
1.030151e+01 5.501050e-01 4.498950e-01 
1.047739e+01 5.063036e-01 4.936964e-01 
1.065327e+01 4.624051e-01 5.375949e-01 
1.082915e+01 4.190820e-01 5.809180e-01 
1.100503e+01 3.769715e-01 6.230285e-01 
1.118090e+01 3.366404e-01 6.633596e-01 
1.135678e+01 2.985565e-01 7.014435e-01 
1.153266e+01 2.630723e-01 7.369277e-01 
1.170854e+01 2.304202e-01 7.695798e-01 
1.188442e+01 2.007169e-01 7.992831e-01 
1.206030e+01 1.739771e-01 8.260229e-01 
1.223618e+01 1.501304e-01 8.498696e-01 
1.241206e+01 1.290418e-01 8.709582e-01 
1.258794e+01 1.105302e-01 8.894698e-01 
1.276382e+01 9.438633e-02 9.056137e-01 
1.293970e+01 8.038733e-02 9.196127e-01 
1.311558e+01 6.830800e-02 9.316920e-01 
1.329146e+01 5.792942e-02 9.420706e-01 
1.346734e+01 4.904474e-02 9.509553e-01 
1.364322e+01 4.146273e-02 9.585373e-01 
1.381910e+01 3.500970e-02 9.649903e-01 
1.399497e+01 2.953004e-02 9.704700e-01 
1.417085e+01 2.488593e-02 9.751141e-01 
1.434673e+01 2.095642e-02 9.790436e-01 
1.452261e+01 1.763616e-02 9.823638e-01 
1.469849e+01 1.483398e-02 9.851660e-01 
1.487437e+01 1.247138e-02 9.875286e-01 
1.505025e+01 1.048106e-02 9.895189e-01 
1.522613e+01 8.805554e-03 9.911944e-01 
1.540201e+01 7.395890e-03 9.926041e-01 
1.557789e+01 6.210482e-03 9.937895e-01 
1.575377e+01 5.214073e-03 9.947859e-01 
1.592965e+01 4.376823e-03 9.956232e-01 
1.610553e+01 3.673518e-03 9.963265e-01 
1.628141e+01 3.082877e-03 9.969171e-01 
1.645729e+01 2.586954e-03 9.974130e-01 
1.663317e+01 2.170633e-03 9.978294e-01 
1.680905e+01 1.821189e-03 9.981788e-01 
1.698492e+01 1.527915e-03 9.984721e-01 
1.716080e+01 1.281807e-03 9.987182e-01 
1.733668e+01 1.075299e-03 9.989247e-01 
1.751256e+01 9.020301e-04 9.990980e-01 
1.768844e+01 7.566600e-04 9.992433e-01 
1.786432e+01 6.347026e-04 9.993653e-01 
1.804020e+01 5.323917e-04 9.994676e-01 
1.821608e+01 4.465655e-04 9.995534e-01 
1.839196e+01 3.745700e-04 9.996254e-01 
1.856784e+01 3.141780e-04 9.996858e-01 
1.874372e+01 2.635204e-04 9.997365e-01 
1.891960e+01 2.210290e-04 9.997790e-01 
1.909548e+01 1.853879e-04 9.998146e-01 
1.927136e+01 1.554930e-04 9.998445e-01 
1.944724e+01 1.304182e-04 9.998696e-01 
1.962312e+01 1.093866e-04 9.998906e-01 
1.979899e+01 9.174623e-05 9.999083e-01 
1.997487e+01 7.695046e-05 9.999230e-01 
2.015075e+01 6.454062e-05 9.999355e-01 
2.032663e+01 5.413202e-05 9.999459e-01 
2.050251e+01 4.540195e-05 9.999546e-01 
2.067839e+01 3.807977e-05 9.999619e-01 
2.085427e+01 3.193842e-05 9.999681e-01 
2.103015e+01 2.678751e-05 9.999732e-01 
2.120603e+01 2.246729e-05 9.999775e-01 
2.138191e+01 1.884381e-05 9.999812e-01 
2.155779e+01 1.580472e-05 9.999842e-01 
2.173367e+01 1.325575e-05 9.999867e-01 
2.190955e+01 1.111788e-05 9.999889e-01 
2.208543e+01 9.324792e-06 9.999907e-01 
2.226131e+01 7.820893e-06 9.999922e-01 
2.243719e+01 6.559541e-06 9.999934e-01 
2.261307e+01 5.501618e-06 9.999945e-01 
2.278894e+01 4.614317e-06 9.999954e-01 
2.296482e+01 3.870118e-06 9.999961e-01 
2.314070e+01 3.245944e-06 9.999968e-01 
2.331658e+01 2.722437e-06 9.999973e-01 
2.349246e+01 2.283361e-06 9.999977e-01 
2.366834e+01 1.915099e-06 9.999981e-01 
2.384422e+01 1.606231e-06 9.999984e-01 
2.402010e+01 1.347177e-06 9.999987e-01 
2.419598e+01 1.129903e-06 9.999989e-01 
2.437186e+01 9.476717e-07 9.999991e-01 
2.454774e+01 7.948305e-07 9.999992e-01 
2.472362e+01 6.666396e-07 9.999993e-01 
2.489950e+01 5.591235e-07 9.999994e-01 
2.507538e+01 4.689476e-07 9.999995e-01 
2.525126e+01 3.933153e-07 9.999996e-01 
2.542714e+01 3.298811e-07 9.999997e-01 
2.560302e+01 2.766776e-07 9.999997e-01 
2.577889e+01 2.320548e-07 9.999998e-01 
2.595477e+01 1.946288e-07 9.999998e-01 
2.613065e+01 1.632389e-07 9.999998e-01 
2.630653e+01 1.369116e-07 9.999999e-01 
2.648241e+01 1.148304e-07 9.999999e-01 
2.665829e+01 9.631045e-08 9.999999e-01 
2.683417e+01 8.077742e-08 9.999999e-01 
2.701005e+01 6.774957e-08 9.999999e-01 
2.718593e+01 5.682286e-08 9.999999e-01 
2.736181e+01 4.765842e-08 1.000000e+00 
2.753769e+01 3.997203e-08 1.000000e+00 
2.771357e+01 3.352530e-08 1.000000e+00 
2.788945e+01 2.811831e-08 1.000000e+00 
2.806533e+01 2.358337e-08 1.000000e+00 
2.824121e+01 1.977982e-08 1.000000e+00 
2.841709e+01 1.658972e-08 1.000000e+00 
2.859296e+01 1.391411e-08 1.000000e+00 
2.876884e+01 1.167003e-08 1.000000e+00 
2.894472e+01 9.787879e-09 1.000000e+00 
2.912060e+01 8.209281e-09 1.000000e+00 
2.929648e+01 6.885281e-09 1.000000e+00 
2.947236e+01 5.774817e-09 1.000000e+00 
2.964824e+01 4.843449e-09 1.000000e+00 
2.982412e+01 4.062294e-09 1.000000e+00 
3.000000e+01 3.407123e-09 1.000000e+00 
