#E                   7            8 
-5.000000e+00 9.999999e-01 9.230243e-08 
-4.824121e+00 9.999999e-01 1.100517e-07 
-4.648241e+00 9.999999e-01 1.312140e-07 
-4.472362e+00 9.999998e-01 1.564456e-07 
-4.296482e+00 9.999998e-01 1.865292e-07 
-4.120603e+00 9.999998e-01 2.223977e-07 
-3.944724e+00 9.999997e-01 2.651635e-07 
-3.768844e+00 9.999997e-01 3.161529e-07 
-3.592965e+00 9.999996e-01 3.769473e-07 
-3.417085e+00 9.999996e-01 4.494321e-07 
-3.241206e+00 9.999995e-01 5.358552e-07 
-3.065327e+00 9.999994e-01 6.388970e-07 
-2.889447e+00 9.999992e-01 7.617532e-07 
-2.713568e+00 9.999991e-01 9.082338e-07 
-2.537688e+00 9.999989e-01 1.082882e-06 
-2.361809e+00 9.999987e-01 1.291113e-06 
-2.185930e+00 9.999985e-01 1.539387e-06 
-2.010050e+00 9.999982e-01 1.835401e-06 
-1.834171e+00 9.999978e-01 2.188338e-06 
-1.658291e+00 9.999974e-01 2.609141e-06 
-1.482412e+00 9.999969e-01 3.110863e-06 
-1.306533e+00 9.999963e-01 3.709062e-06 
-1.130653e+00 9.999956e-01 4.422290e-06 
-9.547739e-01 9.999947e-01 5.272666e-06 
-7.788945e-01 9.999937e-01 6.286563e-06 
-6.030151e-01 9.999925e-01 7.495424e-06 
-4.271357e-01 9.999911e-01 8.936738e-06 
-2.512563e-01 9.999893e-01 1.065520e-05 
-7.537688e-02 9.999873e-01 1.270411e-05 
1.005025e-01 9.999849e-01 1.514700e-05 
2.763819e-01 9.999819e-01 1.805963e-05 
4.522613e-01 9.999785e-01 2.153232e-05 
6.281407e-01 9.999743e-01 2.567275e-05 
8.040201e-01 9.999694e-01 3.060933e-05 
9.798995e-01 9.999635e-01 3.649511e-05 
1.155779e+00 9.999565e-01 4.351260e-05 
1.331658e+00 9.999481e-01 5.187939e-05 
1.507538e+00 9.999381e-01 6.185489e-05 
1.683417e+00 9.999263e-01 7.374835e-05 
1.859296e+00 9.999121e-01 8.792849e-05 
2.035176e+00 9.998952e-01 1.048349e-04 
2.211055e+00 9.998750e-01 1.249915e-04 
2.386935e+00 9.998510e-01 1.490230e-04 
2.562814e+00 9.998223e-01 1.776742e-04 
2.738693e+00 9.997882e-01 2.118327e-04 
2.914573e+00 9.997474e-01 2.525566e-04 
3.090452e+00 9.996989e-01 3.011072e-04 
3.266332e+00 9.996410e-01 3.589876e-04 
3.442211e+00 9.995720e-01 4.279893e-04 
3.618090e+00 9.994898e-01 5.102472e-04 
3.793970e+00 9.993917e-01 6.083051e-04 
3.969849e+00 9.992748e-01 7.251939e-04 
4.145729e+00 9.991355e-01 8.645240e-04 
4.321608e+00 9.989694e-01 1.030596e-03 
4.497487e+00 9.987715e-01 1.228530e-03 
4.673367e+00 9.985356e-01 1.464423e-03 
4.849246e+00 9.982545e-01 1.745532e-03 
5.025126e+00 9.979195e-01 2.080489e-03 
5.201005e+00 9.975204e-01 2.479563e-03 
5.376884e+00 9.970450e-01 2.954960e-03 
5.552764e+00 9.964788e-01 3.521181e-03 
5.728643e+00 9.958046e-01 4.195443e-03 
5.904523e+00 9.950018e-01 4.998170e-03 
6.080402e+00 9.940464e-01 5.953568e-03 
6.256281e+00 9.929097e-01 7.090287e-03 
6.432161e+00 9.915578e-01 8.442199e-03 
6.608040e+00 9.899507e-01 1.004927e-02 
6.783920e+00 9.880414e-01 1.195858e-02 
6.959799e+00 9.857746e-01 1.422543e-02 
7.135678e+00 9.830854e-01 1.691463e-02 
7.311558e+00 9.798982e-01 2.010184e-02 
7.487437e+00 9.761250e-01 2.387502e-02 
7.663317e+00 9.716640e-01 2.833595e-02 
7.839196e+00 9.663983e-01 3.360170e-02 
8.015075e+00 9.601941e-01 3.980592e-02 
8.190955e+00 9.529002e-01 4.709984e-02 
8.366834e+00 9.443472e-01 5.565282e-02 
8.542714e+00 9.343480e-01 6.565195e-02 
8.718593e+00 9.226994e-01 7.730056e-02 
8.894472e+00 9.091849e-01 9.081510e-02 
9.070352e+00 8.935801e-01 1.064199e-01 
9.246231e+00 8.756607e-01 1.243393e-01 
9.422111e+00 8.552127e-01 1.447873e-01 
9.597990e+00 8.320471e-01 1.679529e-01 
9.773869e+00 8.060157e-01 1.939843e-01 
9.949749e+00 7.770308e-01 2.229692e-01 
1.012563e+01 7.450848e-01 2.549152e-01 
1.030151e+01 7.102684e-01 2.897316e-01 
1.047739e+01 6.727850e-01 3.272150e-01 
1.065327e+01 6.329583e-01 3.670417e-01 
1.082915e+01 5.912293e-01 4.087707e-01 
1.100503e+01 5.481429e-01 4.518571e-01 
1.118090e+01 5.043226e-01 4.956774e-01 
1.135678e+01 4.604357e-01 5.395643e-01 
1.153266e+01 4.171539e-01 5.828461e-01 
1.170854e+01 3.751121e-01 6.248879e-01 
1.188442e+01 3.348730e-01 6.651270e-01 
1.206030e+01 2.968995e-01 7.031005e-01 
1.223618e+01 2.615389e-01 7.384611e-01 
1.241206e+01 2.290179e-01 7.709821e-01 
1.258794e+01 1.994486e-01 8.005514e-01 
1.276382e+01 1.728411e-01 8.271589e-01 
1.293970e+01 1.491221e-01 8.508779e-01 
1.311558e+01 1.281537e-01 8.718463e-01 
1.329146e+01 1.097534e-01 8.902466e-01 
1.346734e+01 9.371111e-02 9.062889e-01 
1.364322e+01 7.980343e-02 9.201966e-01 
1.381910e+01 6.780537e-02 9.321946e-01 
1.399497e+01 5.749845e-02 9.425016e-01 
1.417085e+01 4.867644e-02 9.513236e-01 
1.434673e+01 4.114891e-02 9.588511e-01 
1.452261e+01 3.474295e-02 9.652571e-01 
1.469849e+01 2.930378e-02 9.706962e-01 
1.487437e+01 2.469435e-02 9.753057e-01 
1.505025e+01 2.079444e-02 9.792056e-01 
1.522613e+01 1.749938e-02 9.825006e-01 
1.540201e+01 1.471861e-02 9.852814e-01 
1.557789e+01 1.237415e-02 9.876258e-01 
1.575377e+01 1.039919e-02 9.896008e-01 
1.592965e+01 8.736654e-03 9.912633e-01 
1.610553e+01 7.337938e-03 9.926621e-01 
1.628141e+01 6.161762e-03 9.938382e-01 
1.645729e+01 5.173128e-03 9.948269e-01 
1.663317e+01 4.342425e-03 9.956576e-01 
1.680905e+01 3.644627e-03 9.963554e-01 
1.698492e+01 3.058616e-03 9.969414e-01 
1.716080e+01 2.566586e-03 9.974334e-01 
1.733668e+01 2.153536e-03 9.978465e-01 
1.751256e+01 1.806840e-03 9.981932e-01 
1.768844e+01 1.515873e-03 9.984841e-01 
1.786432e+01 1.271702e-03 9.987283e-01 
1.804020e+01 1.066820e-03 9.989332e-01 
1.821608e+01 8.949162e-04 9.991051e-01 
1.839196e+01 7.506917e-04 9.992493e-01 
1.856784e+01 6.296957e-04 9.993703e-01 
1.874372e+01 5.281915e-04 9.994718e-01 
1.891960e+01 4.430421e-04 9.995570e-01 
1.909548e+01 3.716144e-04 9.996284e-01 
1.927136e+01 3.116988e-04 9.996883e-01 
1.944724e+01 2.614409e-04 9.997386e-01 
1.962312e+01 2.192847e-04 9.997807e-01 
1.979899e+01 1.839248e-04 9.998161e-01 
1.997487e+01 1.542658e-04 9.998457e-01 
2.015075e+01 1.293889e-04 9.998706e-01 
2.032663e+01 1.085232e-04 9.998915e-01 
2.050251e+01 9.102209e-05 9.999090e-01 
2.067839e+01 7.634309e-05 9.999237e-01 
2.085427e+01 6.403120e-05 9.999360e-01 
2.103015e+01 5.370475e-05 9.999463e-01 
2.120603e+01 4.504359e-05 9.999550e-01 
2.138191e+01 3.777919e-05 9.999622e-01 
2.155779e+01 3.168633e-05 9.999683e-01 
2.173367e+01 2.657606e-05 9.999734e-01 
2.190955e+01 2.228995e-05 9.999777e-01 
2.208543e+01 1.869507e-05 9.999813e-01 
2.226131e+01 1.567996e-05 9.999843e-01 
2.243719e+01 1.315112e-05 9.999868e-01 
2.261307e+01 1.103012e-05 9.999890e-01 
2.278894e+01 9.251187e-06 9.999907e-01 
2.296482e+01 7.759159e-06 9.999922e-01 
2.314070e+01 6.507763e-06 9.999935e-01 
2.331658e+01 5.458191e-06 9.999945e-01 
2.349246e+01 4.577893e-06 9.999954e-01 
2.366834e+01 3.839570e-06 9.999962e-01 
2.384422e+01 3.220322e-06 9.999968e-01 
2.402010e+01 2.700947e-06 9.999973e-01 
2.419598e+01 2.265337e-06 9.999977e-01 
2.437186e+01 1.899982e-06 9.999981e-01 
2.454774e+01 1.593552e-06 9.999984e-01 
2.472362e+01 1.336543e-06 9.999987e-01 
2.489950e+01 1.120984e-06 9.999989e-01 
2.507538e+01 9.401912e-07 9.999991e-01 
2.525126e+01 7.885565e-07 9.999992e-01 
2.542714e+01 6.613775e-07 9.999993e-01 
2.560302e+01 5.547100e-07 9.999994e-01 
2.577889e+01 4.652459e-07 9.999995e-01 
2.595477e+01 3.902107e-07 9.999996e-01 
2.613065e+01 3.272772e-07 9.999997e-01 
2.630653e+01 2.744937e-07 9.999997e-01 
2.648241e+01 2.302231e-07 9.999998e-01 
2.665829e+01 1.930925e-07 9.999998e-01 
2.683417e+01 1.619504e-07 9.999998e-01 
2.701005e+01 1.358309e-07 9.999999e-01 
2.718593e+01 1.139240e-07 9.999999e-01 
2.736181e+01 9.555022e-08 9.999999e-01 
2.753769e+01 8.013980e-08 9.999999e-01 
2.771357e+01 6.721478e-08 9.999999e-01 
2.788945e+01 5.637432e-08 9.999999e-01 
2.806533e+01 4.728223e-08 1.000000e+00 
2.824121e+01 3.965651e-08 1.000000e+00 
2.841709e+01 3.326067e-08 1.000000e+00 
2.859296e+01 2.789636e-08 1.000000e+00 
2.876884e+01 2.339721e-08 1.000000e+00 
2.894472e+01 1.962369e-08 1.000000e+00 
2.912060e+01 1.645876e-08 1.000000e+00 
2.929648e+01 1.380428e-08 1.000000e+00 
2.947236e+01 1.157791e-08 1.000000e+00 
2.964824e+01 9.710618e-09 1.000000e+00 
2.982412e+01 8.144481e-09 1.000000e+00 
3.000000e+01 6.830932e-09 1.000000e+00 
