#E                   7            8 
-5.000000e+00 9.999999e-01 7.623323e-08 
-4.824121e+00 9.999999e-01 9.089244e-08 
-4.648241e+00 9.999999e-01 1.083705e-07 
-4.472362e+00 9.999999e-01 1.292096e-07 
-4.296482e+00 9.999998e-01 1.540558e-07 
-4.120603e+00 9.999998e-01 1.836798e-07 
-3.944724e+00 9.999998e-01 2.190004e-07 
-3.768844e+00 9.999997e-01 2.611129e-07 
-3.592965e+00 9.999997e-01 3.113234e-07 
-3.417085e+00 9.999996e-01 3.711891e-07 
-3.241206e+00 9.999996e-01 4.425666e-07 
-3.065327e+00 9.999995e-01 5.276696e-07 
-2.889447e+00 9.999994e-01 6.291374e-07 
-2.713568e+00 9.999992e-01 7.501168e-07 
-2.537688e+00 9.999991e-01 8.943598e-07 
-2.361809e+00 9.999989e-01 1.066340e-06 
-2.185930e+00 9.999987e-01 1.271391e-06 
-2.010050e+00 9.999985e-01 1.515871e-06 
-1.834171e+00 9.999982e-01 1.807364e-06 
-1.658291e+00 9.999978e-01 2.154909e-06 
-1.482412e+00 9.999974e-01 2.569285e-06 
-1.306533e+00 9.999969e-01 3.063342e-06 
-1.130653e+00 9.999963e-01 3.652403e-06 
-9.547739e-01 9.999956e-01 4.354736e-06 
-7.788945e-01 9.999948e-01 5.192122e-06 
-6.030151e-01 9.999938e-01 6.190531e-06 
-4.271357e-01 9.999926e-01 7.380926e-06 
-2.512563e-01 9.999912e-01 8.800223e-06 
-7.537688e-02 9.999895e-01 1.049244e-05 
1.005025e-01 9.999875e-01 1.251005e-05 
2.763819e-01 9.999851e-01 1.491562e-05 
4.522613e-01 9.999822e-01 1.778376e-05 
6.281407e-01 9.999788e-01 2.120340e-05 
8.040201e-01 9.999747e-01 2.528059e-05 
9.798995e-01 9.999699e-01 3.014176e-05 
1.155779e+00 9.999641e-01 3.593764e-05 
1.331658e+00 9.999572e-01 4.284794e-05 
1.507538e+00 9.999489e-01 5.108694e-05 
1.683417e+00 9.999391e-01 6.091006e-05 
1.859296e+00 9.999274e-01 7.262187e-05 
2.035176e+00 9.999134e-01 8.658542e-05 
2.211055e+00 9.998968e-01 1.032336e-04 
2.386935e+00 9.998769e-01 1.230824e-04 
2.562814e+00 9.998533e-01 1.467469e-04 
2.738693e+00 9.998250e-01 1.749606e-04 
2.914573e+00 9.997914e-01 2.085975e-04 
3.090452e+00 9.997513e-01 2.486996e-04 
3.266332e+00 9.997035e-01 2.965089e-04 
3.442211e+00 9.996465e-01 3.535057e-04 
3.618090e+00 9.995785e-01 4.214542e-04 
3.793970e+00 9.994975e-01 5.024567e-04 
3.969849e+00 9.994010e-01 5.990184e-04 
4.145729e+00 9.992859e-01 7.141239e-04 
4.321608e+00 9.991487e-01 8.513289e-04 
4.497487e+00 9.989851e-01 1.014868e-03 
4.673367e+00 9.987902e-01 1.209786e-03 
4.849246e+00 9.985579e-01 1.442085e-03 
5.025126e+00 9.982811e-01 1.718913e-03 
5.201005e+00 9.979512e-01 2.048773e-03 
5.376884e+00 9.975582e-01 2.441778e-03 
5.552764e+00 9.970900e-01 2.909952e-03 
5.728643e+00 9.965324e-01 3.467579e-03 
5.904523e+00 9.958684e-01 4.131619e-03 
6.080402e+00 9.950778e-01 4.922195e-03 
6.256281e+00 9.941368e-01 5.863155e-03 
6.432161e+00 9.930173e-01 6.982734e-03 
6.608040e+00 9.916857e-01 8.314309e-03 
6.783920e+00 9.901027e-01 9.897280e-03 
6.959799e+00 9.882219e-01 1.177805e-02 
7.135678e+00 9.859888e-01 1.401117e-02 
7.311558e+00 9.833394e-01 1.666055e-02 
7.487437e+00 9.801992e-01 1.980084e-02 
7.663317e+00 9.764811e-01 2.351888e-02 
7.839196e+00 9.720848e-01 2.791518e-02 
8.015075e+00 9.668946e-01 3.310540e-02 
8.190955e+00 9.607783e-01 3.922170e-02 
8.366834e+00 9.535863e-01 4.641375e-02 
8.542714e+00 9.451507e-01 5.484931e-02 
8.718593e+00 9.352860e-01 6.471396e-02 
8.894472e+00 9.237903e-01 7.620972e-02 
9.070352e+00 9.104479e-01 8.955206e-02 
9.246231e+00 8.950351e-01 1.049649e-01 
9.422111e+00 8.773270e-01 1.226730e-01 
9.597990e+00 8.571084e-01 1.428916e-01 
9.773869e+00 8.341873e-01 1.658127e-01 
9.949749e+00 8.084112e-01 1.915888e-01 
1.012563e+01 7.796865e-01 2.203135e-01 
1.030151e+01 7.479975e-01 2.520025e-01 
1.047739e+01 7.134259e-01 2.865741e-01 
1.065327e+01 6.761648e-01 3.238352e-01 
1.082915e+01 6.365272e-01 3.634728e-01 
1.100503e+01 5.949443e-01 4.050557e-01 
1.118090e+01 5.519528e-01 4.480472e-01 
1.135678e+01 5.081704e-01 4.918296e-01 
1.153266e+01 4.642623e-01 5.357377e-01 
1.170854e+01 4.209014e-01 5.790986e-01 
1.188442e+01 3.787273e-01 6.212727e-01 
1.206030e+01 3.383103e-01 6.616897e-01 
1.223618e+01 3.001229e-01 6.998771e-01 
1.241206e+01 2.645228e-01 7.354772e-01 
1.258794e+01 2.317473e-01 7.682527e-01 
1.276382e+01 2.019178e-01 7.980822e-01 
1.293970e+01 1.750530e-01 8.249470e-01 
1.311558e+01 1.510859e-01 8.489141e-01 
1.329146e+01 1.298835e-01 8.701165e-01 
1.346734e+01 1.112666e-01 8.887334e-01 
1.364322e+01 9.502668e-02 9.049733e-01 
1.381910e+01 8.094120e-02 9.190588e-01 
1.399497e+01 6.878487e-02 9.312151e-01 
1.417085e+01 5.833837e-02 9.416616e-01 
1.434673e+01 4.939425e-02 9.506057e-01 
1.452261e+01 4.176059e-02 9.582394e-01 
1.469849e+01 3.526290e-02 9.647371e-01 
1.487437e+01 2.974484e-02 9.702552e-01 
1.505025e+01 2.506782e-02 9.749322e-01 
1.522613e+01 2.111021e-02 9.788898e-01 
1.540201e+01 1.776602e-02 9.822340e-01 
1.557789e+01 1.494352e-02 9.850565e-01 
1.575377e+01 1.256370e-02 9.874363e-01 
1.592965e+01 1.055881e-02 9.894412e-01 
1.610553e+01 8.870982e-03 9.911290e-01 
1.628141e+01 7.450922e-03 9.925491e-01 
1.645729e+01 6.256750e-03 9.937433e-01 
1.663317e+01 5.252956e-03 9.947470e-01 
1.680905e+01 4.409491e-03 9.955905e-01 
1.698492e+01 3.700956e-03 9.962990e-01 
1.716080e+01 3.105917e-03 9.968941e-01 
1.733668e+01 2.606297e-03 9.973937e-01 
1.751256e+01 2.186871e-03 9.978131e-01 
1.768844e+01 1.834817e-03 9.981652e-01 
1.786432e+01 1.539352e-03 9.984606e-01 
1.804020e+01 1.291405e-03 9.987086e-01 
1.821608e+01 1.083351e-03 9.989166e-01 
1.839196e+01 9.087863e-04 9.990912e-01 
1.856784e+01 7.623282e-04 9.992377e-01 
1.874372e+01 6.394578e-04 9.993605e-01 
1.891960e+01 5.363808e-04 9.994636e-01 
1.909548e+01 4.499118e-04 9.995501e-01 
1.927136e+01 3.773770e-04 9.996226e-01 
1.944724e+01 3.165326e-04 9.996835e-01 
1.962312e+01 2.654955e-04 9.997345e-01 
1.979899e+01 2.226857e-04 9.997773e-01 
1.997487e+01 1.867774e-04 9.998132e-01 
2.015075e+01 1.566585e-04 9.998433e-01 
2.032663e+01 1.313958e-04 9.998686e-01 
2.050251e+01 1.102065e-04 9.998898e-01 
2.067839e+01 9.243397e-05 9.999076e-01 
2.085427e+01 7.752729e-05 9.999225e-01 
2.103015e+01 6.502444e-05 9.999350e-01 
2.120603e+01 5.453781e-05 9.999455e-01 
2.138191e+01 4.574231e-05 9.999543e-01 
2.155779e+01 3.836523e-05 9.999616e-01 
2.173367e+01 3.217785e-05 9.999678e-01 
2.190955e+01 2.698832e-05 9.999730e-01 
2.208543e+01 2.263572e-05 9.999774e-01 
2.226131e+01 1.898508e-05 9.999810e-01 
2.243719e+01 1.592320e-05 9.999841e-01 
2.261307e+01 1.335513e-05 9.999866e-01 
2.278894e+01 1.120122e-05 9.999888e-01 
2.296482e+01 9.394697e-06 9.999906e-01 
2.314070e+01 7.879524e-06 9.999921e-01 
2.331658e+01 6.608716e-06 9.999934e-01 
2.349246e+01 5.542863e-06 9.999945e-01 
2.366834e+01 4.648909e-06 9.999954e-01 
2.384422e+01 3.899132e-06 9.999961e-01 
2.402010e+01 3.270279e-06 9.999967e-01 
2.419598e+01 2.742847e-06 9.999973e-01 
2.437186e+01 2.300479e-06 9.999977e-01 
2.454774e+01 1.929456e-06 9.999981e-01 
2.472362e+01 1.618272e-06 9.999984e-01 
2.489950e+01 1.357276e-06 9.999986e-01 
2.507538e+01 1.138374e-06 9.999989e-01 
2.525126e+01 9.547762e-07 9.999990e-01 
2.542714e+01 8.007892e-07 9.999992e-01 
2.560302e+01 6.716373e-07 9.999993e-01 
2.577889e+01 5.633151e-07 9.999994e-01 
2.595477e+01 4.724632e-07 9.999995e-01 
2.613065e+01 3.962640e-07 9.999996e-01 
2.630653e+01 3.323542e-07 9.999997e-01 
2.648241e+01 2.787518e-07 9.999997e-01 
2.665829e+01 2.337945e-07 9.999998e-01 
2.683417e+01 1.960879e-07 9.999998e-01 
2.701005e+01 1.644627e-07 9.999998e-01 
2.718593e+01 1.379380e-07 9.999999e-01 
2.736181e+01 1.156913e-07 9.999999e-01 
2.753769e+01 9.703247e-08 9.999999e-01 
2.771357e+01 8.138299e-08 9.999999e-01 
2.788945e+01 6.825747e-08 9.999999e-01 
2.806533e+01 5.724885e-08 9.999999e-01 
2.824121e+01 4.801570e-08 1.000000e+00 
2.841709e+01 4.027169e-08 1.000000e+00 
2.859296e+01 3.377664e-08 1.000000e+00 
2.876884e+01 2.832911e-08 1.000000e+00 
2.894472e+01 2.376017e-08 1.000000e+00 
2.912060e+01 1.992811e-08 1.000000e+00 
2.929648e+01 1.671408e-08 1.000000e+00 
2.947236e+01 1.401842e-08 1.000000e+00 
2.964824e+01 1.175752e-08 1.000000e+00 
2.982412e+01 9.861256e-09 1.000000e+00 
3.000000e+01 8.270824e-09 1.000000e+00 
