#E                   7            8 
-5.000000e+00 9.999958e-01 4.203025e-06 
-4.824121e+00 9.999950e-01 5.011239e-06 
-4.648241e+00 9.999940e-01 5.974866e-06 
-4.472362e+00 9.999929e-01 7.123790e-06 
-4.296482e+00 9.999915e-01 8.493642e-06 
-4.120603e+00 9.999899e-01 1.012690e-05 
-3.944724e+00 9.999879e-01 1.207423e-05 
-3.768844e+00 9.999856e-01 1.439600e-05 
-3.592965e+00 9.999828e-01 1.716422e-05 
-3.417085e+00 9.999795e-01 2.046473e-05 
-3.241206e+00 9.999756e-01 2.439988e-05 
-3.065327e+00 9.999709e-01 2.909170e-05 
-2.889447e+00 9.999653e-01 3.468568e-05 
-2.713568e+00 9.999586e-01 4.135526e-05 
-2.537688e+00 9.999507e-01 4.930724e-05 
-2.361809e+00 9.999412e-01 5.878819e-05 
-2.185930e+00 9.999299e-01 7.009203e-05 
-2.010050e+00 9.999164e-01 8.356919e-05 
-1.834171e+00 9.999004e-01 9.963747e-05 
-1.658291e+00 9.998812e-01 1.187949e-04 
-1.482412e+00 9.998584e-01 1.416352e-04 
-1.306533e+00 9.998311e-01 1.688663e-04 
-1.130653e+00 9.997987e-01 2.013318e-04 
-9.547739e-01 9.997600e-01 2.400374e-04 
-7.788945e-01 9.997138e-01 2.861820e-04 
-6.030151e-01 9.996588e-01 3.411944e-04 
-4.271357e-01 9.995932e-01 4.067775e-04 
-2.512563e-01 9.995150e-01 4.849605e-04 
-7.537688e-02 9.994218e-01 5.781617e-04 
1.005025e-01 9.993107e-01 6.892622e-04 
2.763819e-01 9.991783e-01 8.216945e-04 
4.522613e-01 9.990205e-01 9.795468e-04 
6.281407e-01 9.988323e-01 1.167688e-03 
8.040201e-01 9.986081e-01 1.391915e-03 
9.798995e-01 9.983409e-01 1.659129e-03 
1.155779e+00 9.980225e-01 1.977539e-03 
1.331658e+00 9.976431e-01 2.356912e-03 
1.507538e+00 9.971911e-01 2.808859e-03 
1.683417e+00 9.966528e-01 3.347179e-03 
1.859296e+00 9.960117e-01 3.988255e-03 
2.035176e+00 9.952485e-01 4.751529e-03 
2.211055e+00 9.943400e-01 5.660050e-03 
2.386935e+00 9.932589e-01 6.741108e-03 
2.562814e+00 9.919730e-01 8.026979e-03 
2.738693e+00 9.904442e-01 9.555771e-03 
2.914573e+00 9.886276e-01 1.137239e-02 
3.090452e+00 9.864703e-01 1.352965e-02 
3.266332e+00 9.839105e-01 1.608947e-02 
3.442211e+00 9.808758e-01 1.912421e-02 
3.618090e+00 9.772819e-01 2.271814e-02 
3.793970e+00 9.730311e-01 2.696889e-02 
3.969849e+00 9.680110e-01 3.198896e-02 
4.145729e+00 9.620929e-01 3.790708e-02 
4.321608e+00 9.551307e-01 4.486933e-02 
4.497487e+00 9.469602e-01 5.303981e-02 
4.673367e+00 9.373994e-01 6.260058e-02 
4.849246e+00 9.262495e-01 7.375052e-02 
5.025126e+00 9.132973e-01 8.670272e-02 
5.201005e+00 8.983201e-01 1.016799e-01 
5.376884e+00 8.810926e-01 1.189074e-01 
5.552764e+00 8.613965e-01 1.386035e-01 
5.728643e+00 8.390341e-01 1.609659e-01 
5.904523e+00 8.138433e-01 1.861567e-01 
6.080402e+00 7.857171e-01 2.142829e-01 
6.256281e+00 7.546226e-01 2.453774e-01 
6.432161e+00 7.206204e-01 2.793796e-01 
6.608040e+00 6.838802e-01 3.161198e-01 
6.783920e+00 6.446907e-01 3.553093e-01 
6.959799e+00 6.034600e-01 3.965400e-01 
7.135678e+00 5.607049e-01 4.392951e-01 
7.311558e+00 5.170294e-01 4.829706e-01 
7.487437e+00 4.730922e-01 5.269078e-01 
7.663317e+00 4.295678e-01 5.704322e-01 
7.839196e+00 3.871058e-01 6.128942e-01 
8.015075e+00 3.462931e-01 6.537069e-01 
8.190955e+00 3.076236e-01 6.923764e-01 
8.366834e+00 2.714789e-01 7.285211e-01 
8.542714e+00 2.381205e-01 7.618795e-01 
8.718593e+00 2.076925e-01 7.923075e-01 
8.894472e+00 1.802329e-01 8.197671e-01 
9.070352e+00 1.556904e-01 8.443096e-01 
9.246231e+00 1.339438e-01 8.660562e-01 
9.422111e+00 1.148217e-01 8.851783e-01 
9.597990e+00 9.812019e-02 9.018798e-01 
9.773869e+00 8.361853e-02 9.163815e-01 
9.949749e+00 7.109120e-02 9.289088e-01 
1.012563e+01 6.031713e-02 9.396829e-01 
1.030151e+01 5.108609e-02 9.489139e-01 
1.047739e+01 4.320284e-02 9.567972e-01 
1.065327e+01 3.648930e-02 9.635107e-01 
1.082915e+01 3.078545e-02 9.692146e-01 
1.100503e+01 2.594918e-02 9.740508e-01 
1.118090e+01 2.185554e-02 9.781445e-01 
1.135678e+01 1.839550e-02 9.816045e-01 
1.153266e+01 1.547457e-02 9.845254e-01 
1.170854e+01 1.301129e-02 9.869887e-01 
1.188442e+01 1.093577e-02 9.890642e-01 
1.206030e+01 9.188244e-03 9.908118e-01 
1.223618e+01 7.717793e-03 9.922822e-01 
1.241206e+01 6.481128e-03 9.935189e-01 
1.258794e+01 5.441534e-03 9.945585e-01 
1.276382e+01 4.567927e-03 9.954321e-01 
1.293970e+01 3.834033e-03 9.961660e-01 
1.311558e+01 3.217666e-03 9.967823e-01 
1.329146e+01 2.700119e-03 9.972999e-01 
1.346734e+01 2.265628e-03 9.977344e-01 
1.364322e+01 1.900921e-03 9.980991e-01 
1.381910e+01 1.594827e-03 9.984052e-01 
1.399497e+01 1.337956e-03 9.986620e-01 
1.417085e+01 1.122412e-03 9.988776e-01 
1.434673e+01 9.415587e-04 9.990584e-01 
1.452261e+01 7.898232e-04 9.992102e-01 
1.469849e+01 6.625242e-04 9.993375e-01 
1.487437e+01 5.557311e-04 9.994443e-01 
1.505025e+01 4.661441e-04 9.995339e-01 
1.522613e+01 3.909934e-04 9.996090e-01 
1.540201e+01 3.279543e-04 9.996720e-01 
1.557789e+01 2.750761e-04 9.997249e-01 
1.575377e+01 2.307218e-04 9.997693e-01 
1.592965e+01 1.935180e-04 9.998065e-01 
1.610553e+01 1.623123e-04 9.998377e-01 
1.628141e+01 1.361380e-04 9.998639e-01 
1.645729e+01 1.141841e-04 9.998858e-01 
1.663317e+01 9.577012e-05 9.999042e-01 
1.680905e+01 8.032547e-05 9.999197e-01 
1.698492e+01 6.737138e-05 9.999326e-01 
1.716080e+01 5.650628e-05 9.999435e-01 
1.733668e+01 4.739333e-05 9.999526e-01 
1.751256e+01 3.975000e-05 9.999603e-01 
1.768844e+01 3.333930e-05 9.999667e-01 
1.786432e+01 2.796246e-05 9.999720e-01 
1.804020e+01 2.345275e-05 9.999765e-01 
1.821608e+01 1.967035e-05 9.999803e-01 
1.839196e+01 1.649795e-05 9.999835e-01 
1.856784e+01 1.383718e-05 9.999862e-01 
1.874372e+01 1.160554e-05 9.999884e-01 
1.891960e+01 9.733802e-06 9.999903e-01 
1.909548e+01 8.163939e-06 9.999918e-01 
1.927136e+01 6.847261e-06 9.999932e-01 
1.944724e+01 5.742935e-06 9.999943e-01 
1.962312e+01 4.816714e-06 9.999952e-01 
1.979899e+01 4.039873e-06 9.999960e-01 
1.997487e+01 3.388321e-06 9.999966e-01 
2.015075e+01 2.841851e-06 9.999972e-01 
2.032663e+01 2.383516e-06 9.999976e-01 
2.050251e+01 1.999101e-06 9.999980e-01 
2.067839e+01 1.676685e-06 9.999983e-01 
2.085427e+01 1.406268e-06 9.999986e-01 
2.103015e+01 1.179464e-06 9.999988e-01 
2.120603e+01 9.892395e-07 9.999990e-01 
2.138191e+01 8.296942e-07 9.999992e-01 
2.155779e+01 6.958805e-07 9.999993e-01 
2.173367e+01 5.836484e-07 9.999994e-01 
2.190955e+01 4.895171e-07 9.999995e-01 
2.208543e+01 4.105674e-07 9.999996e-01 
2.226131e+01 3.443507e-07 9.999997e-01 
2.243719e+01 2.888136e-07 9.999997e-01 
2.261307e+01 2.422335e-07 9.999998e-01 
2.278894e+01 2.031659e-07 9.999998e-01 
2.296482e+01 1.703991e-07 9.999998e-01 
2.314070e+01 1.429170e-07 9.999999e-01 
2.331658e+01 1.198672e-07 9.999999e-01 
2.349246e+01 1.005349e-07 9.999999e-01 
2.366834e+01 8.432057e-08 9.999999e-01 
2.384422e+01 7.072128e-08 9.999999e-01 
2.402010e+01 5.931529e-08 9.999999e-01 
2.419598e+01 4.974887e-08 1.000000e+00 
2.437186e+01 4.172533e-08 1.000000e+00 
2.454774e+01 3.499583e-08 1.000000e+00 
2.472362e+01 2.935167e-08 1.000000e+00 
2.489950e+01 2.461781e-08 1.000000e+00 
2.507538e+01 2.064743e-08 1.000000e+00 
2.525126e+01 1.731739e-08 1.000000e+00 
2.542714e+01 1.452443e-08 1.000000e+00 
2.560302e+01 1.218192e-08 1.000000e+00 
2.577889e+01 1.021721e-08 1.000000e+00 
2.595477e+01 8.569366e-09 1.000000e+00 
2.613065e+01 7.187291e-09 1.000000e+00 
2.630653e+01 6.028119e-09 1.000000e+00 
2.648241e+01 5.055898e-09 1.000000e+00 
2.665829e+01 4.240479e-09 1.000000e+00 
2.683417e+01 3.556571e-09 1.000000e+00 
2.701005e+01 2.982964e-09 1.000000e+00 
2.718593e+01 2.501869e-09 1.000000e+00 
2.736181e+01 2.098365e-09 1.000000e+00 
2.753769e+01 1.759939e-09 1.000000e+00 
2.771357e+01 1.476095e-09 1.000000e+00 
2.788945e+01 1.238029e-09 1.000000e+00 
2.806533e+01 1.038358e-09 1.000000e+00 
2.824121e+01 8.708910e-10 1.000000e+00 
2.841709e+01 7.304330e-10 1.000000e+00 
2.859296e+01 6.126281e-10 1.000000e+00 
2.876884e+01 5.138229e-10 1.000000e+00 
2.894472e+01 4.309531e-10 1.000000e+00 
2.912060e+01 3.614486e-10 1.000000e+00 
2.929648e+01 3.031539e-10 1.000000e+00 
2.947236e+01 2.542609e-10 1.000000e+00 
2.964824e+01 2.132535e-10 1.000000e+00 
2.982412e+01 1.788598e-10 1.000000e+00 
3.000000e+01 1.500131e-10 1.000000e+00 
