#E                   7            8 
-5.000000e+00 9.999775e-01 2.245060e-05 
-4.824121e+00 9.999732e-01 2.676761e-05 
-4.648241e+00 9.999681e-01 3.191470e-05 
-4.472362e+00 9.999619e-01 3.805149e-05 
-4.296482e+00 9.999546e-01 4.536824e-05 
-4.120603e+00 9.999459e-01 5.409181e-05 
-3.944724e+00 9.999355e-01 6.449269e-05 
-3.768844e+00 9.999231e-01 7.689331e-05 
-3.592965e+00 9.999083e-01 9.167809e-05 
-3.417085e+00 9.998907e-01 1.093053e-04 
-3.241206e+00 9.998697e-01 1.303214e-04 
-3.065327e+00 9.998446e-01 1.553775e-04 
-2.889447e+00 9.998147e-01 1.852502e-04 
-2.713568e+00 9.997791e-01 2.208649e-04 
-2.537688e+00 9.997367e-01 2.633248e-04 
-2.361809e+00 9.996861e-01 3.139447e-04 
-2.185930e+00 9.996257e-01 3.742919e-04 
-2.010050e+00 9.995538e-01 4.462340e-04 
-1.834171e+00 9.994680e-01 5.319965e-04 
-1.658291e+00 9.993658e-01 6.342315e-04 
-1.482412e+00 9.992439e-01 7.560984e-04 
-1.306533e+00 9.990986e-01 9.013607e-04 
-1.130653e+00 9.989255e-01 1.074501e-03 
-9.547739e-01 9.987191e-01 1.280857e-03 
-7.788945e-01 9.984732e-01 1.526782e-03 
-6.030151e-01 9.981802e-01 1.819839e-03 
-4.271357e-01 9.978310e-01 2.169025e-03 
-2.512563e-01 9.974150e-01 2.585038e-03 
-7.537688e-02 9.969194e-01 3.080594e-03 
1.005025e-01 9.963292e-01 3.670800e-03 
2.763819e-01 9.956264e-01 4.373587e-03 
4.522613e-01 9.947898e-01 5.210220e-03 
6.281407e-01 9.937941e-01 6.205898e-03 
8.040201e-01 9.926096e-01 7.390437e-03 
9.798995e-01 9.912009e-01 8.799071e-03 
1.155779e+00 9.895266e-01 1.047336e-02 
1.331658e+00 9.875378e-01 1.246223e-02 
1.507538e+00 9.851769e-01 1.482312e-02 
1.683417e+00 9.823767e-01 1.762329e-02 
1.859296e+00 9.790588e-01 2.094118e-02 
2.035176e+00 9.751321e-01 2.486791e-02 
2.211055e+00 9.704912e-01 2.950876e-02 
2.386935e+00 9.650154e-01 3.498461e-02 
2.562814e+00 9.585668e-01 4.143321e-02 
2.738693e+00 9.509899e-01 4.901010e-02 
2.914573e+00 9.421111e-01 5.788889e-02 
3.090452e+00 9.317393e-01 6.826073e-02 
3.266332e+00 9.196676e-01 8.033243e-02 
3.442211e+00 9.056772e-01 9.432284e-02 
3.618090e+00 8.895429e-01 1.104571e-01 
3.793970e+00 8.710417e-01 1.289583e-01 
3.969849e+00 8.499643e-01 1.500357e-01 
4.145729e+00 8.261297e-01 1.738703e-01 
4.321608e+00 7.994022e-01 2.005978e-01 
4.497487e+00 7.697115e-01 2.302885e-01 
4.673367e+00 7.370717e-01 2.629283e-01 
4.849246e+00 7.015991e-01 2.984009e-01 
5.025126e+00 6.635255e-01 3.364745e-01 
5.201005e+00 6.232030e-01 3.767970e-01 
5.376884e+00 5.810989e-01 4.189011e-01 
5.552764e+00 5.377795e-01 4.622205e-01 
5.728643e+00 4.938821e-01 5.061179e-01 
5.904523e+00 4.500789e-01 5.499211e-01 
6.080402e+00 4.070362e-01 5.929638e-01 
6.256281e+00 3.653748e-01 6.346252e-01 
6.432161e+00 3.256359e-01 6.743641e-01 
6.608040e+00 2.882559e-01 7.117441e-01 
6.783920e+00 2.535535e-01 7.464465e-01 
6.959799e+00 2.217274e-01 7.782726e-01 
7.135678e+00 1.928639e-01 8.071361e-01 
7.311558e+00 1.669517e-01 8.330483e-01 
7.487437e+00 1.439002e-01 8.560998e-01 
7.663317e+00 1.235595e-01 8.764405e-01 
7.839196e+00 1.057389e-01 8.942611e-01 
8.015075e+00 9.022385e-02 9.097762e-01 
8.190955e+00 7.678987e-02 9.232101e-01 
8.366834e+00 6.521277e-02 9.347872e-01 
8.542714e+00 5.527658e-02 9.447234e-01 
8.718593e+00 4.677855e-02 9.532214e-01 
8.894472e+00 3.953232e-02 9.604677e-01 
9.070352e+00 3.336927e-02 9.666307e-01 
9.246231e+00 2.813888e-02 9.718611e-01 
9.422111e+00 2.370821e-02 9.762918e-01 
9.597990e+00 1.996086e-02 9.800391e-01 
9.773869e+00 1.679562e-02 9.832044e-01 
9.949749e+00 1.412507e-02 9.858749e-01 
1.012563e+01 1.187402e-02 9.881260e-01 
1.030151e+01 9.978074e-03 9.900219e-01 
1.047739e+01 8.382291e-03 9.916177e-01 
1.065327e+01 7.039905e-03 9.929601e-01 
1.082915e+01 5.911215e-03 9.940888e-01 
1.100503e+01 4.962580e-03 9.950374e-01 
1.118090e+01 4.165545e-03 9.958345e-01 
1.135678e+01 3.496071e-03 9.965039e-01 
1.153266e+01 2.933876e-03 9.970661e-01 
1.170854e+01 2.461863e-03 9.975381e-01 
1.188442e+01 2.065631e-03 9.979344e-01 
1.206030e+01 1.733062e-03 9.982669e-01 
1.223618e+01 1.453959e-03 9.985460e-01 
1.241206e+01 1.219749e-03 9.987803e-01 
1.258794e+01 1.023228e-03 9.989768e-01 
1.276382e+01 8.583426e-04 9.991417e-01 
1.293970e+01 7.200080e-04 9.992800e-01 
1.311558e+01 6.039547e-04 9.993960e-01 
1.329146e+01 5.065977e-04 9.994934e-01 
1.346734e+01 4.249279e-04 9.995751e-01 
1.364322e+01 3.564196e-04 9.996436e-01 
1.381910e+01 2.989531e-04 9.997010e-01 
1.399497e+01 2.507498e-04 9.997493e-01 
1.417085e+01 2.103171e-04 9.997897e-01 
1.434673e+01 1.764030e-04 9.998236e-01 
1.452261e+01 1.479568e-04 9.998520e-01 
1.469849e+01 1.240971e-04 9.998759e-01 
1.487437e+01 1.040847e-04 9.998959e-01 
1.505025e+01 8.729931e-05 9.999127e-01 
1.522613e+01 7.322063e-05 9.999268e-01 
1.540201e+01 6.141227e-05 9.999386e-01 
1.557789e+01 5.150816e-05 9.999485e-01 
1.575377e+01 4.320124e-05 9.999568e-01 
1.592965e+01 3.623396e-05 9.999638e-01 
1.610553e+01 3.039029e-05 9.999696e-01 
1.628141e+01 2.548904e-05 9.999745e-01 
1.645729e+01 2.137823e-05 9.999786e-01 
1.663317e+01 1.793040e-05 9.999821e-01 
1.680905e+01 1.503861e-05 9.999850e-01 
1.698492e+01 1.261320e-05 9.999874e-01 
1.716080e+01 1.057895e-05 9.999894e-01 
1.733668e+01 8.872786e-06 9.999911e-01 
1.751256e+01 7.441786e-06 9.999926e-01 
1.768844e+01 6.241576e-06 9.999938e-01 
1.786432e+01 5.234934e-06 9.999948e-01 
1.804020e+01 4.390643e-06 9.999956e-01 
1.821608e+01 3.682519e-06 9.999963e-01 
1.839196e+01 3.088601e-06 9.999969e-01 
1.856784e+01 2.590470e-06 9.999974e-01 
1.874372e+01 2.172678e-06 9.999978e-01 
1.891960e+01 1.822267e-06 9.999982e-01 
1.909548e+01 1.528371e-06 9.999985e-01 
1.927136e+01 1.281874e-06 9.999987e-01 
1.944724e+01 1.075132e-06 9.999989e-01 
1.962312e+01 9.017343e-07 9.999991e-01 
1.979899e+01 7.563019e-07 9.999992e-01 
1.997487e+01 6.343250e-07 9.999994e-01 
2.015075e+01 5.320206e-07 9.999995e-01 
2.032663e+01 4.462159e-07 9.999996e-01 
2.050251e+01 3.742498e-07 9.999996e-01 
2.067839e+01 3.138905e-07 9.999997e-01 
2.085427e+01 2.632660e-07 9.999997e-01 
2.103015e+01 2.208062e-07 9.999998e-01 
2.120603e+01 1.851944e-07 9.999998e-01 
2.138191e+01 1.553261e-07 9.999998e-01 
2.155779e+01 1.302750e-07 9.999999e-01 
2.173367e+01 1.092641e-07 9.999999e-01 
2.190955e+01 9.164190e-08 9.999999e-01 
2.208543e+01 7.686182e-08 9.999999e-01 
2.226131e+01 6.446548e-08 9.999999e-01 
2.243719e+01 5.406843e-08 9.999999e-01 
2.261307e+01 4.534823e-08 1.000000e+00 
2.278894e+01 3.803442e-08 1.000000e+00 
2.296482e+01 3.190020e-08 1.000000e+00 
2.314070e+01 2.675531e-08 1.000000e+00 
2.331658e+01 2.244019e-08 1.000000e+00 
2.349246e+01 1.882102e-08 1.000000e+00 
2.366834e+01 1.578555e-08 1.000000e+00 
2.384422e+01 1.323964e-08 1.000000e+00 
2.402010e+01 1.110434e-08 1.000000e+00 
2.419598e+01 9.313421e-09 1.000000e+00 
2.437186e+01 7.811345e-09 1.000000e+00 
2.454774e+01 6.551524e-09 1.000000e+00 
2.472362e+01 5.494889e-09 1.000000e+00 
2.489950e+01 4.608668e-09 1.000000e+00 
2.507538e+01 3.865378e-09 1.000000e+00 
2.525126e+01 3.241967e-09 1.000000e+00 
2.542714e+01 2.719099e-09 1.000000e+00 
2.560302e+01 2.280561e-09 1.000000e+00 
2.577889e+01 1.912750e-09 1.000000e+00 
2.595477e+01 1.604260e-09 1.000000e+00 
2.613065e+01 1.345523e-09 1.000000e+00 
2.630653e+01 1.128516e-09 1.000000e+00 
2.648241e+01 9.465082e-10 1.000000e+00 
2.665829e+01 7.938545e-10 1.000000e+00 
2.683417e+01 6.658210e-10 1.000000e+00 
2.701005e+01 5.584368e-10 1.000000e+00 
2.718593e+01 4.683716e-10 1.000000e+00 
2.736181e+01 3.928322e-10 1.000000e+00 
2.753769e+01 3.294759e-10 1.000000e+00 
2.771357e+01 2.763378e-10 1.000000e+00 
2.788945e+01 2.317698e-10 1.000000e+00 
2.806533e+01 1.943897e-10 1.000000e+00 
2.824121e+01 1.630384e-10 1.000000e+00 
2.841709e+01 1.367434e-10 1.000000e+00 
2.859296e+01 1.146893e-10 1.000000e+00 
2.876884e+01 9.619212e-11 1.000000e+00 
2.894472e+01 8.067817e-11 1.000000e+00 
2.912060e+01 6.766633e-11 1.000000e+00 
2.929648e+01 5.675304e-11 1.000000e+00 
2.947236e+01 4.759986e-11 1.000000e+00 
2.964824e+01 3.992292e-11 1.000000e+00 
2.982412e+01 3.348411e-11 1.000000e+00 
3.000000e+01 2.808377e-11 1.000000e+00 
