#E                   7            8 
-5.000000e+00 9.999976e-01 2.440059e-06 
-4.824121e+00 9.999971e-01 2.909267e-06 
-4.648241e+00 9.999965e-01 3.468700e-06 
-4.472362e+00 9.999959e-01 4.135709e-06 
-4.296482e+00 9.999951e-01 4.930978e-06 
-4.120603e+00 9.999941e-01 5.879171e-06 
-3.944724e+00 9.999930e-01 7.009694e-06 
-3.768844e+00 9.999916e-01 8.357607e-06 
-3.592965e+00 9.999900e-01 9.964711e-06 
-3.417085e+00 9.999881e-01 1.188084e-05 
-3.241206e+00 9.999858e-01 1.416543e-05 
-3.065327e+00 9.999831e-01 1.688931e-05 
-2.889447e+00 9.999799e-01 2.013697e-05 
-2.713568e+00 9.999760e-01 2.400910e-05 
-2.537688e+00 9.999714e-01 2.862578e-05 
-2.361809e+00 9.999659e-01 3.413016e-05 
-2.185930e+00 9.999593e-01 4.069293e-05 
-2.010050e+00 9.999515e-01 4.851757e-05 
-1.834171e+00 9.999422e-01 5.784668e-05 
-1.658291e+00 9.999310e-01 6.896949e-05 
-1.482412e+00 9.999178e-01 8.223084e-05 
-1.306533e+00 9.999020e-01 9.804181e-05 
-1.130653e+00 9.998831e-01 1.168925e-04 
-9.547739e-01 9.998606e-01 1.393671e-04 
-7.788945e-01 9.998338e-01 1.661621e-04 
-6.030151e-01 9.998019e-01 1.981078e-04 
-4.271357e-01 9.997638e-01 2.361938e-04 
-2.512563e-01 9.997184e-01 2.815998e-04 
-7.537688e-02 9.996643e-01 3.357316e-04 
1.005025e-01 9.995997e-01 4.002650e-04 
2.763819e-01 9.995228e-01 4.771969e-04 
4.522613e-01 9.994311e-01 5.689070e-04 
6.281407e-01 9.993218e-01 6.782303e-04 
8.040201e-01 9.991915e-01 8.085447e-04 
9.798995e-01 9.990361e-01 9.638733e-04 
1.155779e+00 9.988510e-01 1.149008e-03 
1.331658e+00 9.986303e-01 1.369653e-03 
1.507538e+00 9.983674e-01 1.632599e-03 
1.683417e+00 9.980541e-01 1.945927e-03 
1.859296e+00 9.976807e-01 2.319250e-03 
2.035176e+00 9.972360e-01 2.763996e-03 
2.211055e+00 9.967063e-01 3.293746e-03 
2.386935e+00 9.960754e-01 3.924629e-03 
2.562814e+00 9.953242e-01 4.675783e-03 
2.738693e+00 9.944301e-01 5.569902e-03 
2.914573e+00 9.933661e-01 6.633857e-03 
3.090452e+00 9.921006e-01 7.899432e-03 
3.266332e+00 9.905958e-01 9.404162e-03 
3.442211e+00 9.888077e-01 1.119229e-02 
3.618090e+00 9.866842e-01 1.331584e-02 
3.793970e+00 9.841641e-01 1.583586e-02 
3.969849e+00 9.811763e-01 1.882368e-02 
4.145729e+00 9.776376e-01 2.236242e-02 
4.321608e+00 9.734516e-01 2.654842e-02 
4.497487e+00 9.685072e-01 3.149276e-02 
4.673367e+00 9.626774e-01 3.732261e-02 
4.849246e+00 9.558176e-01 4.418244e-02 
5.025126e+00 9.477653e-01 5.223468e-02 
5.201005e+00 9.383402e-01 6.165977e-02 
5.376884e+00 9.273449e-01 7.265514e-02 
5.552764e+00 9.145673e-01 8.543271e-02 
5.728643e+00 8.997854e-01 1.002146e-01 
5.904523e+00 8.827738e-01 1.172262e-01 
6.080402e+00 8.633130e-01 1.366870e-01 
6.256281e+00 8.412027e-01 1.587973e-01 
6.432161e+00 8.162771e-01 1.837229e-01 
6.608040e+00 7.884230e-01 2.115770e-01 
6.783920e+00 7.576000e-01 2.424000e-01 
6.959799e+00 7.238594e-01 2.761406e-01 
7.135678e+00 6.873604e-01 3.126396e-01 
7.311558e+00 6.483805e-01 3.516195e-01 
7.487437e+00 6.073171e-01 3.926829e-01 
7.663317e+00 5.646779e-01 4.353221e-01 
7.839196e+00 5.210600e-01 4.789400e-01 
8.015075e+00 4.771186e-01 5.228814e-01 
8.190955e+00 4.335286e-01 5.664714e-01 
8.366834e+00 3.909434e-01 6.090566e-01 
8.542714e+00 3.499571e-01 6.500429e-01 
8.718593e+00 3.110731e-01 6.889269e-01 
8.894472e+00 2.746839e-01 7.253161e-01 
9.070352e+00 2.410620e-01 7.589380e-01 
9.246231e+00 2.103619e-01 7.896381e-01 
9.422111e+00 1.826307e-01 8.173693e-01 
9.597990e+00 1.578246e-01 8.421754e-01 
9.773869e+00 1.358279e-01 8.641721e-01 
9.949749e+00 1.164729e-01 8.835271e-01 
1.012563e+01 9.955828e-02 9.004417e-01 
1.030151e+01 8.486408e-02 9.151359e-01 
1.047739e+01 7.216484e-02 9.278352e-01 
1.065327e+01 6.123878e-02 9.387612e-01 
1.082915e+01 5.187448e-02 9.481255e-01 
1.100503e+01 4.387520e-02 9.561248e-01 
1.118090e+01 3.706122e-02 9.629388e-01 
1.135678e+01 3.127087e-02 9.687291e-01 
1.153266e+01 2.636042e-02 9.736396e-01 
1.170854e+01 2.220339e-02 9.777966e-01 
1.188442e+01 1.868933e-02 9.813107e-01 
1.206030e+01 1.572249e-02 9.842775e-01 
1.223618e+01 1.322028e-02 9.867797e-01 
1.241206e+01 1.111179e-02 9.888882e-01 
1.258794e+01 9.336404e-03 9.906636e-01 
1.276382e+01 7.842430e-03 9.921576e-01 
1.293970e+01 6.585926e-03 9.934141e-01 
1.311558e+01 5.529616e-03 9.944704e-01 
1.329146e+01 4.641934e-03 9.953581e-01 
1.346734e+01 3.896196e-03 9.961038e-01 
1.364322e+01 3.269869e-03 9.967301e-01 
1.381910e+01 2.743949e-03 9.972561e-01 
1.399497e+01 2.302421e-03 9.976976e-01 
1.417085e+01 1.931802e-03 9.980682e-01 
1.434673e+01 1.620744e-03 9.983793e-01 
1.452261e+01 1.359705e-03 9.986403e-01 
1.469849e+01 1.140660e-03 9.988593e-01 
1.487437e+01 9.568697e-04 9.990431e-01 
1.505025e+01 8.026688e-04 9.991973e-01 
1.522613e+01 6.733008e-04 9.993267e-01 
1.540201e+01 5.647716e-04 9.994352e-01 
1.557789e+01 4.737279e-04 9.995263e-01 
1.575377e+01 3.973550e-04 9.996026e-01 
1.592965e+01 3.332906e-04 9.996667e-01 
1.610553e+01 2.795522e-04 9.997204e-01 
1.628141e+01 2.344764e-04 9.997655e-01 
1.645729e+01 1.966673e-04 9.998033e-01 
1.663317e+01 1.649538e-04 9.998350e-01 
1.680905e+01 1.383536e-04 9.998616e-01 
1.698492e+01 1.160424e-04 9.998840e-01 
1.716080e+01 9.732881e-05 9.999027e-01 
1.733668e+01 8.163282e-05 9.999184e-01 
1.751256e+01 6.846791e-05 9.999315e-01 
1.768844e+01 5.742598e-05 9.999426e-01 
1.786432e+01 4.816471e-05 9.999518e-01 
1.804020e+01 4.039698e-05 9.999596e-01 
1.821608e+01 3.388194e-05 9.999661e-01 
1.839196e+01 2.841759e-05 9.999716e-01 
1.856784e+01 2.383448e-05 9.999762e-01 
1.874372e+01 1.999051e-05 9.999800e-01 
1.891960e+01 1.676648e-05 9.999832e-01 
1.909548e+01 1.406241e-05 9.999859e-01 
1.927136e+01 1.179444e-05 9.999882e-01 
1.944724e+01 9.892237e-06 9.999901e-01 
1.962312e+01 8.296822e-06 9.999917e-01 
1.979899e+01 6.958713e-06 9.999930e-01 
1.997487e+01 5.836412e-06 9.999942e-01 
2.015075e+01 4.895115e-06 9.999951e-01 
2.032663e+01 4.105630e-06 9.999959e-01 
2.050251e+01 3.443473e-06 9.999966e-01 
2.067839e+01 2.888108e-06 9.999971e-01 
2.085427e+01 2.422312e-06 9.999976e-01 
2.103015e+01 2.031641e-06 9.999980e-01 
2.120603e+01 1.703976e-06 9.999983e-01 
2.138191e+01 1.429158e-06 9.999986e-01 
2.155779e+01 1.198662e-06 9.999988e-01 
2.173367e+01 1.005341e-06 9.999990e-01 
2.190955e+01 8.431991e-07 9.999992e-01 
2.208543e+01 7.072073e-07 9.999993e-01 
2.226131e+01 5.931484e-07 9.999994e-01 
2.243719e+01 4.974849e-07 9.999995e-01 
2.261307e+01 4.172502e-07 9.999996e-01 
2.278894e+01 3.499557e-07 9.999997e-01 
2.296482e+01 2.935146e-07 9.999997e-01 
2.314070e+01 2.461763e-07 9.999998e-01 
2.331658e+01 2.064728e-07 9.999998e-01 
2.349246e+01 1.731727e-07 9.999998e-01 
2.366834e+01 1.452432e-07 9.999999e-01 
2.384422e+01 1.218183e-07 9.999999e-01 
2.402010e+01 1.021713e-07 9.999999e-01 
2.419598e+01 8.569305e-08 9.999999e-01 
2.437186e+01 7.187240e-08 9.999999e-01 
2.454774e+01 6.028076e-08 9.999999e-01 
2.472362e+01 5.055863e-08 9.999999e-01 
2.489950e+01 4.240449e-08 1.000000e+00 
2.507538e+01 3.556545e-08 1.000000e+00 
2.525126e+01 2.982943e-08 1.000000e+00 
2.542714e+01 2.501851e-08 1.000000e+00 
2.560302e+01 2.098350e-08 1.000000e+00 
2.577889e+01 1.759927e-08 1.000000e+00 
2.595477e+01 1.476084e-08 1.000000e+00 
2.613065e+01 1.238020e-08 1.000000e+00 
2.630653e+01 1.038351e-08 1.000000e+00 
2.648241e+01 8.708849e-09 1.000000e+00 
2.665829e+01 7.304278e-09 1.000000e+00 
2.683417e+01 6.126238e-09 1.000000e+00 
2.701005e+01 5.138193e-09 1.000000e+00 
2.718593e+01 4.309501e-09 1.000000e+00 
2.736181e+01 3.614461e-09 1.000000e+00 
2.753769e+01 3.031517e-09 1.000000e+00 
2.771357e+01 2.542592e-09 1.000000e+00 
2.788945e+01 2.132520e-09 1.000000e+00 
2.806533e+01 1.788585e-09 1.000000e+00 
2.824121e+01 1.500121e-09 1.000000e+00 
2.841709e+01 1.258180e-09 1.000000e+00 
2.859296e+01 1.055260e-09 1.000000e+00 
2.876884e+01 8.850665e-10 1.000000e+00 
2.894472e+01 7.423222e-10 1.000000e+00 
2.912060e+01 6.225998e-10 1.000000e+00 
2.929648e+01 5.221864e-10 1.000000e+00 
2.947236e+01 4.379677e-10 1.000000e+00 
2.964824e+01 3.673319e-10 1.000000e+00 
2.982412e+01 3.080883e-10 1.000000e+00 
3.000000e+01 2.583995e-10 1.000000e+00 
