#E                   7            8 
-5.000000e+00 9.999993e-01 6.687395e-07 
-4.824121e+00 9.999992e-01 7.973342e-07 
-4.648241e+00 9.999990e-01 9.506568e-07 
-4.472362e+00 9.999989e-01 1.133462e-06 
-4.296482e+00 9.999986e-01 1.351420e-06 
-4.120603e+00 9.999984e-01 1.611290e-06 
-3.944724e+00 9.999981e-01 1.921132e-06 
-3.768844e+00 9.999977e-01 2.290554e-06 
-3.592965e+00 9.999973e-01 2.731013e-06 
-3.417085e+00 9.999967e-01 3.256169e-06 
-3.241206e+00 9.999961e-01 3.882309e-06 
-3.065327e+00 9.999954e-01 4.628851e-06 
-2.889447e+00 9.999945e-01 5.518948e-06 
-2.713568e+00 9.999934e-01 6.580203e-06 
-2.537688e+00 9.999922e-01 7.845528e-06 
-2.361809e+00 9.999906e-01 9.354164e-06 
-2.185930e+00 9.999888e-01 1.115290e-05 
-2.010050e+00 9.999867e-01 1.329751e-05 
-1.834171e+00 9.999841e-01 1.585450e-05 
-1.658291e+00 9.999811e-01 1.890317e-05 
-1.482412e+00 9.999775e-01 2.253806e-05 
-1.306533e+00 9.999731e-01 2.687188e-05 
-1.130653e+00 9.999680e-01 3.203903e-05 
-9.547739e-01 9.999618e-01 3.819971e-05 
-7.788945e-01 9.999545e-01 4.554496e-05 
-6.030151e-01 9.999457e-01 5.430252e-05 
-4.271357e-01 9.999353e-01 6.474391e-05 
-2.512563e-01 9.999228e-01 7.719283e-05 
-7.537688e-02 9.999080e-01 9.203520e-05 
1.005025e-01 9.998903e-01 1.097311e-04 
2.763819e-01 9.998692e-01 1.308290e-04 
4.522613e-01 9.998440e-01 1.559827e-04 
6.281407e-01 9.998140e-01 1.859717e-04 
8.040201e-01 9.997783e-01 2.217251e-04 
9.798995e-01 9.997356e-01 2.643503e-04 
1.155779e+00 9.996848e-01 3.151673e-04 
1.331658e+00 9.996243e-01 3.757494e-04 
1.507538e+00 9.995520e-01 4.479715e-04 
1.683417e+00 9.994659e-01 5.340678e-04 
1.859296e+00 9.993633e-01 6.367006e-04 
2.035176e+00 9.992410e-01 7.590416e-04 
2.211055e+00 9.990951e-01 9.048688e-04 
2.386935e+00 9.989213e-01 1.078682e-03 
2.562814e+00 9.987142e-01 1.285840e-03 
2.738693e+00 9.984673e-01 1.532721e-03 
2.914573e+00 9.981731e-01 1.826915e-03 
3.090452e+00 9.978225e-01 2.177456e-03 
3.266332e+00 9.974049e-01 2.595082e-03 
3.442211e+00 9.969074e-01 3.092558e-03 
3.618090e+00 9.963150e-01 3.685047e-03 
3.793970e+00 9.956095e-01 4.390549e-03 
3.969849e+00 9.947696e-01 5.230411e-03 
4.145729e+00 9.937701e-01 6.229923e-03 
4.321608e+00 9.925810e-01 7.419014e-03 
4.497487e+00 9.911670e-01 8.833046e-03 
4.673367e+00 9.894863e-01 1.051373e-02 
4.849246e+00 9.874898e-01 1.251017e-02 
5.025126e+00 9.851200e-01 1.488001e-02 
5.201005e+00 9.823093e-01 1.769073e-02 
5.376884e+00 9.789790e-01 2.102104e-02 
5.552764e+00 9.750376e-01 2.496237e-02 
5.728643e+00 9.703797e-01 2.962030e-02 
5.904523e+00 9.648839e-01 3.511610e-02 
6.080402e+00 9.584121e-01 4.158790e-02 
6.256281e+00 9.508084e-01 4.919163e-02 
6.432161e+00 9.418987e-01 5.810130e-02 
6.608040e+00 9.314916e-01 6.850843e-02 
6.783920e+00 9.193799e-01 8.062014e-02 
6.959799e+00 9.053445e-01 9.465550e-02 
7.135678e+00 8.891603e-01 1.108397e-01 
7.311558e+00 8.706043e-01 1.293957e-01 
7.487437e+00 8.494678e-01 1.505322e-01 
7.663317e+00 8.255705e-01 1.744295e-01 
7.839196e+00 7.987780e-01 2.012220e-01 
8.015075e+00 7.690217e-01 2.309783e-01 
8.190955e+00 7.363175e-01 2.636825e-01 
8.366834e+00 7.007845e-01 2.992155e-01 
8.542714e+00 6.626569e-01 3.373431e-01 
8.718593e+00 6.222895e-01 3.777105e-01 
8.894472e+00 5.801522e-01 4.198478e-01 
9.070352e+00 5.368130e-01 4.631870e-01 
9.246231e+00 4.929103e-01 5.070897e-01 
9.422111e+00 4.491168e-01 5.508832e-01 
9.597990e+00 4.060981e-01 5.939019e-01 
9.773869e+00 3.644738e-01 6.355262e-01 
9.949749e+00 3.247827e-01 6.752173e-01 
1.012563e+01 2.874589e-01 7.125411e-01 
1.030151e+01 2.528184e-01 7.471816e-01 
1.047739e+01 2.210572e-01 7.789428e-01 
1.065327e+01 1.922594e-01 8.077406e-01 
1.082915e+01 1.664116e-01 8.335884e-01 
1.100503e+01 1.434219e-01 8.565781e-01 
1.118090e+01 1.231391e-01 8.768609e-01 
1.135678e+01 1.053718e-01 8.946282e-01 
1.153266e+01 8.990522e-02 9.100948e-01 
1.170854e+01 7.651469e-02 9.234853e-01 
1.188442e+01 6.497616e-02 9.350238e-01 
1.206030e+01 5.507389e-02 9.449261e-01 
1.223618e+01 4.660549e-02 9.533945e-01 
1.241206e+01 3.938496e-02 9.606150e-01 
1.258794e+01 3.324409e-02 9.667559e-01 
1.276382e+01 2.803275e-02 9.719672e-01 
1.293970e+01 2.361839e-02 9.763816e-01 
1.311558e+01 1.988494e-02 9.801151e-01 
1.329146e+01 1.673154e-02 9.832685e-01 
1.346734e+01 1.407103e-02 9.859290e-01 
1.364322e+01 1.182849e-02 9.881715e-01 
1.381910e+01 9.939740e-03 9.900603e-01 
1.399497e+01 8.350036e-03 9.916500e-01 
1.417085e+01 7.012779e-03 9.929872e-01 
1.434673e+01 5.888412e-03 9.941116e-01 
1.452261e+01 4.943418e-03 9.950566e-01 
1.469849e+01 4.149448e-03 9.958506e-01 
1.487437e+01 3.482552e-03 9.965174e-01 
1.505025e+01 2.922524e-03 9.970775e-01 
1.522613e+01 2.452333e-03 9.975477e-01 
1.540201e+01 2.057632e-03 9.979424e-01 
1.557789e+01 1.726349e-03 9.982737e-01 
1.575377e+01 1.448325e-03 9.985517e-01 
1.592965e+01 1.215022e-03 9.987850e-01 
1.610553e+01 1.019262e-03 9.989807e-01 
1.628141e+01 8.550147e-04 9.991450e-01 
1.645729e+01 7.172161e-04 9.992828e-01 
1.663317e+01 6.016125e-04 9.993984e-01 
1.680905e+01 5.046328e-04 9.994954e-01 
1.698492e+01 4.232797e-04 9.995767e-01 
1.716080e+01 3.550370e-04 9.996450e-01 
1.733668e+01 2.977934e-04 9.997022e-01 
1.751256e+01 2.497770e-04 9.997502e-01 
1.768844e+01 2.095012e-04 9.997905e-01 
1.786432e+01 1.757186e-04 9.998243e-01 
1.804020e+01 1.473827e-04 9.998526e-01 
1.821608e+01 1.236156e-04 9.998764e-01 
1.839196e+01 1.036809e-04 9.998963e-01 
1.856784e+01 8.696058e-05 9.999130e-01 
1.874372e+01 7.293653e-05 9.999271e-01 
1.891960e+01 6.117398e-05 9.999388e-01 
1.909548e+01 5.130829e-05 9.999487e-01 
1.927136e+01 4.303360e-05 9.999570e-01 
1.944724e+01 3.609336e-05 9.999639e-01 
1.962312e+01 3.027237e-05 9.999697e-01 
1.979899e+01 2.539014e-05 9.999746e-01 
1.997487e+01 2.129528e-05 9.999787e-01 
2.015075e+01 1.786082e-05 9.999821e-01 
2.032663e+01 1.498025e-05 9.999850e-01 
2.050251e+01 1.256426e-05 9.999874e-01 
2.067839e+01 1.053790e-05 9.999895e-01 
2.085427e+01 8.838356e-06 9.999912e-01 
2.103015e+01 7.412909e-06 9.999926e-01 
2.120603e+01 6.217356e-06 9.999938e-01 
2.138191e+01 5.214621e-06 9.999948e-01 
2.155779e+01 4.373606e-06 9.999956e-01 
2.173367e+01 3.668229e-06 9.999963e-01 
2.190955e+01 3.076616e-06 9.999969e-01 
2.208543e+01 2.580418e-06 9.999974e-01 
2.226131e+01 2.164247e-06 9.999978e-01 
2.243719e+01 1.815196e-06 9.999982e-01 
2.261307e+01 1.522440e-06 9.999985e-01 
2.278894e+01 1.276900e-06 9.999987e-01 
2.296482e+01 1.070961e-06 9.999989e-01 
2.314070e+01 8.982352e-07 9.999991e-01 
2.331658e+01 7.533672e-07 9.999992e-01 
2.349246e+01 6.318635e-07 9.999994e-01 
2.366834e+01 5.299561e-07 9.999995e-01 
2.384422e+01 4.444843e-07 9.999996e-01 
2.402010e+01 3.727975e-07 9.999996e-01 
2.419598e+01 3.126725e-07 9.999997e-01 
2.437186e+01 2.622444e-07 9.999997e-01 
2.454774e+01 2.199494e-07 9.999998e-01 
2.472362e+01 1.844758e-07 9.999998e-01 
2.489950e+01 1.547234e-07 9.999998e-01 
2.507538e+01 1.297694e-07 9.999999e-01 
2.525126e+01 1.088401e-07 9.999999e-01 
2.542714e+01 9.128629e-08 9.999999e-01 
2.560302e+01 7.656356e-08 9.999999e-01 
2.577889e+01 6.421532e-08 9.999999e-01 
2.595477e+01 5.385862e-08 9.999999e-01 
2.613065e+01 4.517226e-08 1.000000e+00 
2.630653e+01 3.788683e-08 1.000000e+00 
2.648241e+01 3.177641e-08 1.000000e+00 
2.665829e+01 2.665149e-08 1.000000e+00 
2.683417e+01 2.235311e-08 1.000000e+00 
2.701005e+01 1.874798e-08 1.000000e+00 
2.718593e+01 1.572429e-08 1.000000e+00 
2.736181e+01 1.318826e-08 1.000000e+00 
2.753769e+01 1.106125e-08 1.000000e+00 
2.771357e+01 9.277281e-09 1.000000e+00 
2.788945e+01 7.781033e-09 1.000000e+00 
2.806533e+01 6.526101e-09 1.000000e+00 
2.824121e+01 5.473566e-09 1.000000e+00 
2.841709e+01 4.590785e-09 1.000000e+00 
2.859296e+01 3.850379e-09 1.000000e+00 
2.876884e+01 3.229386e-09 1.000000e+00 
2.894472e+01 2.708548e-09 1.000000e+00 
2.912060e+01 2.271711e-09 1.000000e+00 
2.929648e+01 1.905328e-09 1.000000e+00 
2.947236e+01 1.598035e-09 1.000000e+00 
2.964824e+01 1.340302e-09 1.000000e+00 
2.982412e+01 1.124137e-09 1.000000e+00 
3.000000e+01 9.428353e-10 1.000000e+00 
