#E                   7            8 
-5.000000e+00 9.999928e-01 7.184192e-06 
-4.824121e+00 9.999914e-01 8.565659e-06 
-4.648241e+00 9.999898e-01 1.021277e-05 
-4.472362e+00 9.999878e-01 1.217660e-05 
-4.296482e+00 9.999855e-01 1.451806e-05 
-4.120603e+00 9.999827e-01 1.730975e-05 
-3.944724e+00 9.999794e-01 2.063825e-05 
-3.768844e+00 9.999754e-01 2.460677e-05 
-3.592965e+00 9.999707e-01 2.933837e-05 
-3.417085e+00 9.999650e-01 3.497977e-05 
-3.241206e+00 9.999583e-01 4.170590e-05 
-3.065327e+00 9.999503e-01 4.972530e-05 
-2.889447e+00 9.999407e-01 5.928662e-05 
-2.713568e+00 9.999293e-01 7.068629e-05 
-2.537688e+00 9.999157e-01 8.427772e-05 
-2.361809e+00 9.998995e-01 1.004822e-04 
-2.185930e+00 9.998802e-01 1.198020e-04 
-2.010050e+00 9.998572e-01 1.428360e-04 
-1.834171e+00 9.998297e-01 1.702979e-04 
-1.658291e+00 9.997970e-01 2.030385e-04 
-1.482412e+00 9.997579e-01 2.420722e-04 
-1.306533e+00 9.997114e-01 2.886079e-04 
-1.130653e+00 9.996559e-01 3.440864e-04 
-9.547739e-01 9.995898e-01 4.102251e-04 
-7.788945e-01 9.995109e-01 4.890705e-04 
-6.030151e-01 9.994169e-01 5.830611e-04 
-4.271357e-01 9.993049e-01 6.951024e-04 
-2.512563e-01 9.991713e-01 8.286559e-04 
-7.537688e-02 9.990122e-01 9.878442e-04 
1.005025e-01 9.988224e-01 1.177577e-03 
2.763819e-01 9.985963e-01 1.403701e-03 
4.522613e-01 9.983268e-01 1.673173e-03 
6.281407e-01 9.980057e-01 1.994273e-03 
8.040201e-01 9.976232e-01 2.376848e-03 
9.798995e-01 9.971674e-01 2.832608e-03 
1.155779e+00 9.966245e-01 3.375464e-03 
1.331658e+00 9.959781e-01 4.021935e-03 
1.507538e+00 9.952084e-01 4.791625e-03 
1.683417e+00 9.942922e-01 5.707767e-03 
1.859296e+00 9.932021e-01 6.797877e-03 
2.035176e+00 9.919055e-01 8.094489e-03 
2.211055e+00 9.903640e-01 9.636014e-03 
2.386935e+00 9.885323e-01 1.146771e-02 
2.562814e+00 9.863572e-01 1.364281e-02 
2.738693e+00 9.837763e-01 1.622368e-02 
2.914573e+00 9.807168e-01 1.928324e-02 
3.090452e+00 9.770936e-01 2.290636e-02 
3.266332e+00 9.728087e-01 2.719135e-02 
3.442211e+00 9.677485e-01 3.225145e-02 
3.618090e+00 9.617838e-01 3.821621e-02 
3.793970e+00 9.547674e-01 4.523257e-02 
3.969849e+00 9.465345e-01 5.346549e-02 
4.145729e+00 9.369021e-01 6.309788e-02 
4.321608e+00 9.256706e-01 7.432937e-02 
4.497487e+00 9.126264e-01 8.737364e-02 
4.673367e+00 8.975463e-01 1.024537e-01 
4.849246e+00 8.802051e-01 1.197949e-01 
5.025126e+00 8.603854e-01 1.396146e-01 
5.201005e+00 8.378905e-01 1.621095e-01 
5.376884e+00 8.125608e-01 1.874392e-01 
5.552764e+00 7.842921e-01 2.157079e-01 
5.728643e+00 7.530558e-01 2.469442e-01 
5.904523e+00 7.189174e-01 2.810826e-01 
6.080402e+00 6.820521e-01 3.179479e-01 
6.256281e+00 6.427543e-01 3.572457e-01 
6.432161e+00 6.014378e-01 3.985622e-01 
6.608040e+00 5.586242e-01 4.413758e-01 
6.783920e+00 5.149208e-01 4.850792e-01 
6.959799e+00 4.709880e-01 5.290120e-01 
7.135678e+00 4.275001e-01 5.724999e-01 
7.311558e+00 3.851045e-01 6.148955e-01 
7.487437e+00 3.443842e-01 6.556158e-01 
7.663317e+00 3.058281e-01 6.941719e-01 
7.839196e+00 2.698122e-01 7.301878e-01 
8.015075e+00 2.365921e-01 7.634079e-01 
8.190955e+00 2.063065e-01 7.936935e-01 
8.366834e+00 1.789888e-01 8.210112e-01 
8.542714e+00 1.545837e-01 8.454163e-01 
8.718593e+00 1.329674e-01 8.670326e-01 
8.894472e+00 1.139663e-01 8.860337e-01 
9.070352e+00 9.737555e-02 9.026245e-01 
9.246231e+00 8.297382e-02 9.170262e-01 
9.422111e+00 7.053565e-02 9.294644e-01 
9.597990e+00 5.984034e-02 9.401597e-01 
9.773869e+00 5.067834e-02 9.493217e-01 
9.949749e+00 4.285517e-02 9.571448e-01 
1.012563e+01 3.619361e-02 9.638064e-01 
1.030151e+01 3.053451e-02 9.694655e-01 
1.047739e+01 2.573662e-02 9.742634e-01 
1.065327e+01 2.167577e-02 9.783242e-01 
1.082915e+01 1.824366e-02 9.817563e-01 
1.100503e+01 1.534646e-02 9.846535e-01 
1.118090e+01 1.290331e-02 9.870967e-01 
1.135678e+01 1.084482e-02 9.891552e-01 
1.153266e+01 9.111696e-03 9.908883e-01 
1.170854e+01 7.653400e-03 9.923466e-01 
1.188442e+01 6.426986e-03 9.935730e-01 
1.206030e+01 5.396030e-03 9.946040e-01 
1.223618e+01 4.529695e-03 9.954703e-01 
1.241206e+01 3.801920e-03 9.961981e-01 
1.258794e+01 3.190699e-03 9.968093e-01 
1.276382e+01 2.677478e-03 9.973225e-01 
1.293970e+01 2.246622e-03 9.977534e-01 
1.311558e+01 1.884968e-03 9.981150e-01 
1.329146e+01 1.581440e-03 9.984186e-01 
1.346734e+01 1.326722e-03 9.986733e-01 
1.364322e+01 1.112985e-03 9.988870e-01 
1.381910e+01 9.336497e-04 9.990664e-01 
1.399497e+01 7.831878e-04 9.992168e-01 
1.417085e+01 6.569576e-04 9.993430e-01 
1.434673e+01 5.510613e-04 9.994489e-01 
1.452261e+01 4.622267e-04 9.995378e-01 
1.469849e+01 3.877073e-04 9.996123e-01 
1.487437e+01 3.251979e-04 9.996748e-01 
1.505025e+01 2.727640e-04 9.997272e-01 
1.522613e+01 2.287824e-04 9.997712e-01 
1.540201e+01 1.918913e-04 9.998081e-01 
1.557789e+01 1.609479e-04 9.998391e-01 
1.575377e+01 1.349936e-04 9.998650e-01 
1.592965e+01 1.132241e-04 9.998868e-01 
1.610553e+01 9.496499e-05 9.999050e-01 
1.628141e+01 7.965017e-05 9.999203e-01 
1.645729e+01 6.680498e-05 9.999332e-01 
1.663317e+01 5.603122e-05 9.999440e-01 
1.680905e+01 4.699488e-05 9.999530e-01 
1.698492e+01 3.941580e-05 9.999606e-01 
1.716080e+01 3.305900e-05 9.999669e-01 
1.733668e+01 2.772736e-05 9.999723e-01 
1.751256e+01 2.325557e-05 9.999767e-01 
1.768844e+01 1.950497e-05 9.999805e-01 
1.786432e+01 1.635924e-05 9.999836e-01 
1.804020e+01 1.372084e-05 9.999863e-01 
1.821608e+01 1.150796e-05 9.999885e-01 
1.839196e+01 9.651964e-06 9.999903e-01 
1.856784e+01 8.095300e-06 9.999919e-01 
1.874372e+01 6.789691e-06 9.999932e-01 
1.891960e+01 5.694650e-06 9.999943e-01 
1.909548e+01 4.776217e-06 9.999952e-01 
1.927136e+01 4.005907e-06 9.999960e-01 
1.944724e+01 3.359833e-06 9.999966e-01 
1.962312e+01 2.817958e-06 9.999972e-01 
1.979899e+01 2.363476e-06 9.999976e-01 
1.997487e+01 1.982294e-06 9.999980e-01 
2.015075e+01 1.662588e-06 9.999983e-01 
2.032663e+01 1.394445e-06 9.999986e-01 
2.050251e+01 1.169548e-06 9.999988e-01 
2.067839e+01 9.809223e-07 9.999990e-01 
2.085427e+01 8.227184e-07 9.999992e-01 
2.103015e+01 6.900298e-07 9.999993e-01 
2.120603e+01 5.787412e-07 9.999994e-01 
2.138191e+01 4.854014e-07 9.999995e-01 
2.155779e+01 4.071155e-07 9.999996e-01 
2.173367e+01 3.414555e-07 9.999997e-01 
2.190955e+01 2.863853e-07 9.999997e-01 
2.208543e+01 2.401968e-07 9.999998e-01 
2.226131e+01 2.014577e-07 9.999998e-01 
2.243719e+01 1.689664e-07 9.999998e-01 
2.261307e+01 1.417154e-07 9.999999e-01 
2.278894e+01 1.188594e-07 9.999999e-01 
2.296482e+01 9.968966e-08 9.999999e-01 
2.314070e+01 8.361162e-08 9.999999e-01 
2.331658e+01 7.012667e-08 9.999999e-01 
2.349246e+01 5.881658e-08 9.999999e-01 
2.366834e+01 4.933059e-08 1.000000e+00 
2.384422e+01 4.137451e-08 1.000000e+00 
2.402010e+01 3.470159e-08 1.000000e+00 
2.419598e+01 2.910489e-08 1.000000e+00 
2.437186e+01 2.441083e-08 1.000000e+00 
2.454774e+01 2.047383e-08 1.000000e+00 
2.472362e+01 1.717179e-08 1.000000e+00 
2.489950e+01 1.440231e-08 1.000000e+00 
2.507538e+01 1.207949e-08 1.000000e+00 
2.525126e+01 1.013130e-08 1.000000e+00 
2.542714e+01 8.497317e-09 1.000000e+00 
2.560302e+01 7.126862e-09 1.000000e+00 
2.577889e+01 5.977436e-09 1.000000e+00 
2.595477e+01 5.013390e-09 1.000000e+00 
2.613065e+01 4.204826e-09 1.000000e+00 
2.630653e+01 3.526668e-09 1.000000e+00 
2.648241e+01 2.957884e-09 1.000000e+00 
2.665829e+01 2.480834e-09 1.000000e+00 
2.683417e+01 2.080723e-09 1.000000e+00 
2.701005e+01 1.745142e-09 1.000000e+00 
2.718593e+01 1.463684e-09 1.000000e+00 
2.736181e+01 1.227620e-09 1.000000e+00 
2.753769e+01 1.029628e-09 1.000000e+00 
2.771357e+01 8.635688e-10 1.000000e+00 
2.788945e+01 7.242917e-10 1.000000e+00 
2.806533e+01 6.074773e-10 1.000000e+00 
2.824121e+01 5.095028e-10 1.000000e+00 
2.841709e+01 4.273298e-10 1.000000e+00 
2.859296e+01 3.584097e-10 1.000000e+00 
2.876884e+01 3.006050e-10 1.000000e+00 
2.894472e+01 2.521232e-10 1.000000e+00 
2.912060e+01 2.114605e-10 1.000000e+00 
2.929648e+01 1.773560e-10 1.000000e+00 
2.947236e+01 1.487519e-10 1.000000e+00 
2.964824e+01 1.247610e-10 1.000000e+00 
2.982412e+01 1.046395e-10 1.000000e+00 
3.000000e+01 8.776313e-11 1.000000e+00 
