#E                   1            2 
-5.000000e+00 9.999999e-01 9.064538e-08 
-4.824121e+00 9.999999e-01 1.080760e-07 
-4.648241e+00 9.999999e-01 1.288584e-07 
-4.472362e+00 9.999998e-01 1.536371e-07 
-4.296482e+00 9.999998e-01 1.831806e-07 
-4.120603e+00 9.999998e-01 2.184052e-07 
-3.944724e+00 9.999997e-01 2.604032e-07 
-3.768844e+00 9.999997e-01 3.104772e-07 
-3.592965e+00 9.999996e-01 3.701802e-07 
-3.417085e+00 9.999996e-01 4.413637e-07 
-3.241206e+00 9.999995e-01 5.262353e-07 
-3.065327e+00 9.999994e-01 6.274273e-07 
-2.889447e+00 9.999993e-01 7.480779e-07 
-2.713568e+00 9.999991e-01 8.919288e-07 
-2.537688e+00 9.999989e-01 1.063441e-06 
-2.361809e+00 9.999987e-01 1.267935e-06 
-2.185930e+00 9.999985e-01 1.511751e-06 
-2.010050e+00 9.999982e-01 1.802452e-06 
-1.834171e+00 9.999979e-01 2.149052e-06 
-1.658291e+00 9.999974e-01 2.562301e-06 
-1.482412e+00 9.999969e-01 3.055016e-06 
-1.306533e+00 9.999964e-01 3.642475e-06 
-1.130653e+00 9.999957e-01 4.342899e-06 
-9.547739e-01 9.999948e-01 5.178010e-06 
-7.788945e-01 9.999938e-01 6.173705e-06 
-6.030151e-01 9.999926e-01 7.360864e-06 
-4.271357e-01 9.999912e-01 8.776304e-06 
-2.512563e-01 9.999895e-01 1.046392e-05 
-7.537688e-02 9.999875e-01 1.247605e-05 
1.005025e-01 9.999851e-01 1.487508e-05 
2.763819e-01 9.999823e-01 1.773542e-05 
4.522613e-01 9.999789e-01 2.114577e-05 
6.281407e-01 9.999748e-01 2.521188e-05 
8.040201e-01 9.999699e-01 3.005983e-05 
9.798995e-01 9.999642e-01 3.583996e-05 
1.155779e+00 9.999573e-01 4.273148e-05 
1.331658e+00 9.999491e-01 5.094808e-05 
1.507538e+00 9.999393e-01 6.074451e-05 
1.683417e+00 9.999276e-01 7.242449e-05 
1.859296e+00 9.999136e-01 8.635010e-05 
2.035176e+00 9.998970e-01 1.029530e-04 
2.211055e+00 9.998773e-01 1.227479e-04 
2.386935e+00 9.998537e-01 1.463481e-04 
2.562814e+00 9.998255e-01 1.744851e-04 
2.738693e+00 9.997920e-01 2.080306e-04 
2.914573e+00 9.997520e-01 2.480238e-04 
3.090452e+00 9.997043e-01 2.957032e-04 
3.266332e+00 9.996475e-01 3.525452e-04 
3.442211e+00 9.995797e-01 4.203091e-04 
3.618090e+00 9.994989e-01 5.010917e-04 
3.793970e+00 9.994026e-01 5.973911e-04 
3.969849e+00 9.992878e-01 7.121842e-04 
4.145729e+00 9.991510e-01 8.490169e-04 
4.321608e+00 9.989879e-01 1.012113e-03 
4.497487e+00 9.987935e-01 1.206501e-03 
4.673367e+00 9.985618e-01 1.438171e-03 
4.849246e+00 9.982858e-01 1.714249e-03 
5.025126e+00 9.979568e-01 2.043216e-03 
5.201005e+00 9.975648e-01 2.435157e-03 
5.376884e+00 9.970979e-01 2.902065e-03 
5.552764e+00 9.965418e-01 3.458186e-03 
5.728643e+00 9.958796e-01 4.120435e-03 
5.904523e+00 9.950911e-01 4.908882e-03 
6.080402e+00 9.941527e-01 5.847312e-03 
6.256281e+00 9.930361e-01 6.963886e-03 
6.432161e+00 9.917081e-01 8.291898e-03 
6.608040e+00 9.901294e-01 9.870643e-03 
6.783920e+00 9.882536e-01 1.174642e-02 
6.959799e+00 9.860264e-01 1.397362e-02 
7.135678e+00 9.833840e-01 1.661602e-02 
7.311558e+00 9.802519e-01 1.974809e-02 
7.487437e+00 9.765435e-01 2.345646e-02 
7.663317e+00 9.721586e-01 2.784142e-02 
7.839196e+00 9.669816e-01 3.301839e-02 
8.015075e+00 9.608807e-01 3.911926e-02 
8.190955e+00 9.537066e-01 4.629343e-02 
8.366834e+00 9.452916e-01 5.470838e-02 
8.542714e+00 9.354506e-01 6.454942e-02 
8.718593e+00 9.239817e-01 7.601833e-02 
8.894472e+00 9.106696e-01 8.933039e-02 
9.070352e+00 8.952906e-01 1.047094e-01 
9.246231e+00 8.776197e-01 1.223803e-01 
9.422111e+00 8.574415e-01 1.425585e-01 
9.597990e+00 8.345634e-01 1.654366e-01 
9.773869e+00 8.088324e-01 1.911676e-01 
9.949749e+00 7.801537e-01 2.198463e-01 
1.012563e+01 7.485102e-01 2.514898e-01 
1.030151e+01 7.139820e-01 2.860180e-01 
1.047739e+01 6.767605e-01 3.232395e-01 
1.065327e+01 6.371567e-01 3.628433e-01 
1.082915e+01 5.956001e-01 4.043999e-01 
1.100503e+01 5.526258e-01 4.473742e-01 
1.118090e+01 5.088506e-01 4.911494e-01 
1.135678e+01 4.649393e-01 5.350607e-01 
1.153266e+01 4.215649e-01 5.784351e-01 
1.170854e+01 3.793679e-01 6.206321e-01 
1.188442e+01 3.389199e-01 6.610801e-01 
1.206030e+01 3.006950e-01 6.993050e-01 
1.223618e+01 2.650527e-01 7.349473e-01 
1.241206e+01 2.322322e-01 7.677678e-01 
1.258794e+01 2.023568e-01 7.976432e-01 
1.276382e+01 1.754464e-01 8.245536e-01 
1.293970e+01 1.514353e-01 8.485647e-01 
1.311558e+01 1.301914e-01 8.698086e-01 
1.329146e+01 1.115360e-01 8.884640e-01 
1.346734e+01 9.526101e-02 9.047390e-01 
1.364322e+01 8.114391e-02 9.188561e-01 
1.381910e+01 6.895942e-02 9.310406e-01 
1.399497e+01 5.848808e-02 9.415119e-01 
1.417085e+01 4.952221e-02 9.504778e-01 
1.434673e+01 4.186964e-02 9.581304e-01 
1.452261e+01 3.535561e-02 9.646444e-01 
1.469849e+01 2.982349e-02 9.701765e-01 
1.487437e+01 2.513443e-02 9.748656e-01 
1.505025e+01 2.116653e-02 9.788335e-01 
1.522613e+01 1.781358e-02 9.821864e-01 
1.540201e+01 1.498364e-02 9.850164e-01 
1.557789e+01 1.259751e-02 9.874025e-01 
1.575377e+01 1.058728e-02 9.894127e-01 
1.592965e+01 8.894944e-03 9.911051e-01 
1.610553e+01 7.471078e-03 9.925289e-01 
1.628141e+01 6.273695e-03 9.937263e-01 
1.645729e+01 5.267198e-03 9.947328e-01 
1.663317e+01 4.421456e-03 9.955785e-01 
1.680905e+01 3.711006e-03 9.962890e-01 
1.698492e+01 3.114355e-03 9.968856e-01 
1.716080e+01 2.613382e-03 9.973866e-01 
1.733668e+01 2.192818e-03 9.978072e-01 
1.751256e+01 1.839809e-03 9.981602e-01 
1.768844e+01 1.543541e-03 9.984565e-01 
1.786432e+01 1.294920e-03 9.987051e-01 
1.804020e+01 1.086301e-03 9.989137e-01 
1.821608e+01 9.112609e-04 9.990887e-01 
1.839196e+01 7.644043e-04 9.992356e-01 
1.856784e+01 6.411995e-04 9.993588e-01 
1.874372e+01 5.378419e-04 9.994622e-01 
1.891960e+01 4.511375e-04 9.995489e-01 
1.909548e+01 3.784051e-04 9.996216e-01 
1.927136e+01 3.173950e-04 9.996826e-01 
1.944724e+01 2.662189e-04 9.997338e-01 
1.962312e+01 2.232925e-04 9.997767e-01 
1.979899e+01 1.872864e-04 9.998127e-01 
1.997487e+01 1.570854e-04 9.998429e-01 
2.015075e+01 1.317539e-04 9.998682e-01 
2.032663e+01 1.105069e-04 9.998895e-01 
2.050251e+01 9.268587e-05 9.999073e-01 
2.067839e+01 7.773858e-05 9.999223e-01 
2.085427e+01 6.520165e-05 9.999348e-01 
2.103015e+01 5.468644e-05 9.999453e-01 
2.120603e+01 4.586697e-05 9.999541e-01 
2.138191e+01 3.846979e-05 9.999615e-01 
2.155779e+01 3.226555e-05 9.999677e-01 
2.173367e+01 2.706187e-05 9.999729e-01 
2.190955e+01 2.269741e-05 9.999773e-01 
2.208543e+01 1.903682e-05 9.999810e-01 
2.226131e+01 1.596660e-05 9.999840e-01 
2.243719e+01 1.339152e-05 9.999866e-01 
2.261307e+01 1.123175e-05 9.999888e-01 
2.278894e+01 9.420302e-06 9.999906e-01 
2.296482e+01 7.901000e-06 9.999921e-01 
2.314070e+01 6.626728e-06 9.999934e-01 
2.331658e+01 5.557969e-06 9.999944e-01 
2.349246e+01 4.661579e-06 9.999953e-01 
2.366834e+01 3.909759e-06 9.999961e-01 
2.384422e+01 3.279192e-06 9.999967e-01 
2.402010e+01 2.750322e-06 9.999972e-01 
2.419598e+01 2.306749e-06 9.999977e-01 
2.437186e+01 1.934715e-06 9.999981e-01 
2.454774e+01 1.622683e-06 9.999984e-01 
2.472362e+01 1.360976e-06 9.999986e-01 
2.489950e+01 1.141477e-06 9.999989e-01 
2.507538e+01 9.573784e-07 9.999990e-01 
2.525126e+01 8.029717e-07 9.999992e-01 
2.542714e+01 6.734678e-07 9.999993e-01 
2.560302e+01 5.648504e-07 9.999994e-01 
2.577889e+01 4.737509e-07 9.999995e-01 
2.595477e+01 3.973440e-07 9.999996e-01 
2.613065e+01 3.332600e-07 9.999997e-01 
2.630653e+01 2.795116e-07 9.999997e-01 
2.648241e+01 2.344317e-07 9.999998e-01 
2.665829e+01 1.966224e-07 9.999998e-01 
2.683417e+01 1.649109e-07 9.999998e-01 
2.701005e+01 1.383140e-07 9.999999e-01 
2.718593e+01 1.160066e-07 9.999999e-01 
2.736181e+01 9.729693e-08 9.999999e-01 
2.753769e+01 8.160480e-08 9.999999e-01 
2.771357e+01 6.844351e-08 9.999999e-01 
2.788945e+01 5.740488e-08 9.999999e-01 
2.806533e+01 4.814657e-08 1.000000e+00 
2.824121e+01 4.038145e-08 1.000000e+00 
2.841709e+01 3.386869e-08 1.000000e+00 
2.859296e+01 2.840632e-08 1.000000e+00 
2.876884e+01 2.382493e-08 1.000000e+00 
2.894472e+01 1.998242e-08 1.000000e+00 
2.912060e+01 1.675964e-08 1.000000e+00 
2.929648e+01 1.405663e-08 1.000000e+00 
2.947236e+01 1.178956e-08 1.000000e+00 
2.964824e+01 9.888133e-09 1.000000e+00 
2.982412e+01 8.293366e-09 1.000000e+00 
3.000000e+01 6.955805e-09 1.000000e+00 
