#E                   7            8 
-5.000000e+00 9.999974e-01 2.618162e-06 
-4.824121e+00 9.999969e-01 3.121618e-06 
-4.648241e+00 9.999963e-01 3.721885e-06 
-4.472362e+00 9.999956e-01 4.437579e-06 
-4.296482e+00 9.999947e-01 5.290895e-06 
-4.120603e+00 9.999937e-01 6.308298e-06 
-3.944724e+00 9.999925e-01 7.521338e-06 
-3.768844e+00 9.999910e-01 8.967635e-06 
-3.592965e+00 9.999893e-01 1.069204e-05 
-3.417085e+00 9.999873e-01 1.274803e-05 
-3.241206e+00 9.999848e-01 1.519937e-05 
-3.065327e+00 9.999819e-01 1.812207e-05 
-2.889447e+00 9.999784e-01 2.160676e-05 
-2.713568e+00 9.999742e-01 2.576151e-05 
-2.537688e+00 9.999693e-01 3.071515e-05 
-2.361809e+00 9.999634e-01 3.662128e-05 
-2.185930e+00 9.999563e-01 4.366304e-05 
-2.010050e+00 9.999479e-01 5.205875e-05 
-1.834171e+00 9.999379e-01 6.206873e-05 
-1.658291e+00 9.999260e-01 7.400330e-05 
-1.482412e+00 9.999118e-01 8.823246e-05 
-1.306533e+00 9.998948e-01 1.051973e-04 
-1.130653e+00 9.998746e-01 1.254236e-04 
-9.547739e-01 9.998505e-01 1.495382e-04 
-7.788945e-01 9.998217e-01 1.782884e-04 
-6.030151e-01 9.997874e-01 2.125649e-04 
-4.271357e-01 9.997466e-01 2.534296e-04 
-2.512563e-01 9.996979e-01 3.021479e-04 
-7.537688e-02 9.996398e-01 3.602283e-04 
1.005025e-01 9.995705e-01 4.294684e-04 
2.763819e-01 9.994880e-01 5.120104e-04 
4.522613e-01 9.993896e-01 6.104070e-04 
6.281407e-01 9.992723e-01 7.276993e-04 
8.040201e-01 9.991325e-01 8.675103e-04 
9.798995e-01 9.989658e-01 1.034155e-03 
1.155779e+00 9.987672e-01 1.232772e-03 
1.331658e+00 9.985305e-01 1.469479e-03 
1.507538e+00 9.982484e-01 1.751556e-03 
1.683417e+00 9.979123e-01 2.087667e-03 
1.859296e+00 9.975119e-01 2.488114e-03 
2.035176e+00 9.970349e-01 2.965146e-03 
2.211055e+00 9.964667e-01 3.533312e-03 
2.386935e+00 9.957901e-01 4.209887e-03 
2.562814e+00 9.949846e-01 5.015364e-03 
2.738693e+00 9.940260e-01 5.974028e-03 
2.914573e+00 9.928854e-01 7.114626e-03 
3.090452e+00 9.915289e-01 8.471139e-03 
3.266332e+00 9.899163e-01 1.008366e-02 
3.442211e+00 9.880006e-01 1.199943e-02 
3.618090e+00 9.857261e-01 1.427391e-02 
3.793970e+00 9.830279e-01 1.697212e-02 
3.969849e+00 9.798301e-01 2.016993e-02 
4.145729e+00 9.760444e-01 2.395558e-02 
4.321608e+00 9.715689e-01 2.843113e-02 
4.497487e+00 9.662860e-01 3.371396e-02 
4.673367e+00 9.600620e-01 3.993804e-02 
4.849246e+00 9.527450e-01 4.725499e-02 
5.025126e+00 9.441655e-01 5.583449e-02 
5.201005e+00 9.341360e-01 6.586398e-02 
5.376884e+00 9.224529e-01 7.754709e-02 
5.552764e+00 9.088995e-01 9.110047e-02 
5.728643e+00 8.932515e-01 1.067485e-01 
5.904523e+00 8.752844e-01 1.247156e-01 
6.080402e+00 8.547848e-01 1.452152e-01 
6.256281e+00 8.315642e-01 1.684358e-01 
6.432161e+00 8.054755e-01 1.945245e-01 
6.608040e+00 7.764323e-01 2.235677e-01 
6.783920e+00 7.444287e-01 2.555713e-01 
6.959799e+00 7.095576e-01 2.904424e-01 
7.135678e+00 6.720247e-01 3.279753e-01 
7.311558e+00 6.321561e-01 3.678439e-01 
7.487437e+00 5.903949e-01 4.096051e-01 
7.663317e+00 5.472879e-01 4.527121e-01 
7.839196e+00 5.034598e-01 4.965402e-01 
8.015075e+00 4.595784e-01 5.404216e-01 
8.190955e+00 4.163150e-01 5.836850e-01 
8.366834e+00 3.743034e-01 6.256966e-01 
8.542714e+00 3.341047e-01 6.658953e-01 
8.718593e+00 2.961795e-01 7.038205e-01 
8.894472e+00 2.608728e-01 7.391272e-01 
9.070352e+00 2.284091e-01 7.715909e-01 
9.246231e+00 1.988981e-01 8.011019e-01 
9.422111e+00 1.723483e-01 8.276517e-01 
9.597990e+00 1.486847e-01 8.513153e-01 
9.773869e+00 1.277686e-01 8.722314e-01 
9.949749e+00 1.094167e-01 8.905833e-01 
1.012563e+01 9.341840e-02 9.065816e-01 
1.030151e+01 7.955035e-02 9.204497e-01 
1.047739e+01 6.758754e-02 9.324125e-01 
1.065327e+01 5.731170e-02 9.426883e-01 
1.082915e+01 4.851687e-02 9.514831e-01 
1.100503e+01 4.101295e-02 9.589871e-01 
1.118090e+01 3.462739e-02 9.653726e-01 
1.135678e+01 2.920576e-02 9.707942e-01 
1.153266e+01 2.461136e-02 9.753886e-01 
1.170854e+01 2.072428e-02 9.792757e-01 
1.188442e+01 1.744014e-02 9.825599e-01 
1.206030e+01 1.466864e-02 9.853314e-01 
1.223618e+01 1.233204e-02 9.876680e-01 
1.241206e+01 1.036373e-02 9.896363e-01 
1.258794e+01 8.706815e-03 9.912932e-01 
1.276382e+01 7.312841e-03 9.926872e-01 
1.293970e+01 6.140662e-03 9.938593e-01 
1.311558e+01 5.155396e-03 9.948446e-01 
1.329146e+01 4.327528e-03 9.956725e-01 
1.346734e+01 3.632115e-03 9.963679e-01 
1.364322e+01 3.048110e-03 9.969519e-01 
1.381910e+01 2.557766e-03 9.974422e-01 
1.399497e+01 2.146132e-03 9.978539e-01 
1.417085e+01 1.800626e-03 9.981994e-01 
1.434673e+01 1.510658e-03 9.984893e-01 
1.452261e+01 1.267326e-03 9.987327e-01 
1.469849e+01 1.063148e-03 9.989369e-01 
1.487437e+01 8.918356e-04 9.991082e-01 
1.505025e+01 7.481072e-04 9.992519e-01 
1.522613e+01 6.275275e-04 9.993725e-01 
1.540201e+01 5.263726e-04 9.994736e-01 
1.557789e+01 4.415163e-04 9.995585e-01 
1.575377e+01 3.703345e-04 9.996297e-01 
1.592965e+01 3.106252e-04 9.996894e-01 
1.610553e+01 2.605403e-04 9.997395e-01 
1.628141e+01 2.185294e-04 9.997815e-01 
1.645729e+01 1.832912e-04 9.998167e-01 
1.663317e+01 1.537344e-04 9.998463e-01 
1.680905e+01 1.289432e-04 9.998711e-01 
1.698492e+01 1.081494e-04 9.998919e-01 
1.716080e+01 9.070851e-05 9.999093e-01 
1.733668e+01 7.608008e-05 9.999239e-01 
1.751256e+01 6.381060e-05 9.999362e-01 
1.768844e+01 5.351972e-05 9.999465e-01 
1.786432e+01 4.488840e-05 9.999551e-01 
1.804020e+01 3.764903e-05 9.999624e-01 
1.821608e+01 3.157716e-05 9.999684e-01 
1.839196e+01 2.648450e-05 9.999735e-01 
1.856784e+01 2.221315e-05 9.999778e-01 
1.874372e+01 1.863066e-05 9.999814e-01 
1.891960e+01 1.562594e-05 9.999844e-01 
1.909548e+01 1.310581e-05 9.999869e-01 
1.927136e+01 1.099211e-05 9.999890e-01 
1.944724e+01 9.219313e-06 9.999908e-01 
1.962312e+01 7.732426e-06 9.999923e-01 
1.979899e+01 6.485341e-06 9.999935e-01 
1.997487e+01 5.439386e-06 9.999946e-01 
2.015075e+01 4.562121e-06 9.999954e-01 
2.032663e+01 3.826341e-06 9.999962e-01 
2.050251e+01 3.209227e-06 9.999968e-01 
2.067839e+01 2.691642e-06 9.999973e-01 
2.085427e+01 2.257532e-06 9.999977e-01 
2.103015e+01 1.893436e-06 9.999981e-01 
2.120603e+01 1.588062e-06 9.999984e-01 
2.138191e+01 1.331938e-06 9.999987e-01 
2.155779e+01 1.117122e-06 9.999989e-01 
2.173367e+01 9.369519e-07 9.999991e-01 
2.190955e+01 7.858396e-07 9.999992e-01 
2.208543e+01 6.590988e-07 9.999993e-01 
2.226131e+01 5.527988e-07 9.999994e-01 
2.243719e+01 4.636430e-07 9.999995e-01 
2.261307e+01 3.888663e-07 9.999996e-01 
2.278894e+01 3.261496e-07 9.999997e-01 
2.296482e+01 2.735479e-07 9.999997e-01 
2.314070e+01 2.294299e-07 9.999998e-01 
2.331658e+01 1.924272e-07 9.999998e-01 
2.349246e+01 1.613924e-07 9.999998e-01 
2.366834e+01 1.353629e-07 9.999999e-01 
2.384422e+01 1.135315e-07 9.999999e-01 
2.402010e+01 9.522101e-08 9.999999e-01 
2.419598e+01 7.986368e-08 9.999999e-01 
2.437186e+01 6.698320e-08 9.999999e-01 
2.454774e+01 5.618009e-08 9.999999e-01 
2.472362e+01 4.711932e-08 1.000000e+00 
2.489950e+01 3.951987e-08 1.000000e+00 
2.507538e+01 3.314607e-08 1.000000e+00 
2.525126e+01 2.780025e-08 1.000000e+00 
2.542714e+01 2.331660e-08 1.000000e+00 
2.560302e+01 1.955608e-08 1.000000e+00 
2.577889e+01 1.640206e-08 1.000000e+00 
2.595477e+01 1.375672e-08 1.000000e+00 
2.613065e+01 1.153802e-08 1.000000e+00 
2.630653e+01 9.677161e-09 1.000000e+00 
2.648241e+01 8.116420e-09 1.000000e+00 
2.665829e+01 6.807397e-09 1.000000e+00 
2.683417e+01 5.709494e-09 1.000000e+00 
2.701005e+01 4.788662e-09 1.000000e+00 
2.718593e+01 4.016342e-09 1.000000e+00 
2.736181e+01 3.368583e-09 1.000000e+00 
2.753769e+01 2.825295e-09 1.000000e+00 
2.771357e+01 2.369629e-09 1.000000e+00 
2.788945e+01 1.987453e-09 1.000000e+00 
2.806533e+01 1.666915e-09 1.000000e+00 
2.824121e+01 1.398073e-09 1.000000e+00 
2.841709e+01 1.172591e-09 1.000000e+00 
2.859296e+01 9.834745e-10 1.000000e+00 
2.876884e+01 8.248588e-10 1.000000e+00 
2.894472e+01 6.918249e-10 1.000000e+00 
2.912060e+01 5.802468e-10 1.000000e+00 
2.929648e+01 4.866641e-10 1.000000e+00 
2.947236e+01 4.081745e-10 1.000000e+00 
2.964824e+01 3.423437e-10 1.000000e+00 
2.982412e+01 2.871302e-10 1.000000e+00 
3.000000e+01 2.408216e-10 1.000000e+00 
