#E                   7            8 
-5.000000e+00 1.000000e+00 2.127084e-09 
-4.824121e+00 1.000000e+00 2.536110e-09 
-4.648241e+00 1.000000e+00 3.023789e-09 
-4.472362e+00 1.000000e+00 3.605247e-09 
-4.296482e+00 1.000000e+00 4.298515e-09 
-4.120603e+00 1.000000e+00 5.125095e-09 
-3.944724e+00 1.000000e+00 6.110621e-09 
-3.768844e+00 1.000000e+00 7.285658e-09 
-3.592965e+00 1.000000e+00 8.686648e-09 
-3.417085e+00 1.000000e+00 1.035704e-08 
-3.241206e+00 1.000000e+00 1.234864e-08 
-3.065327e+00 1.000000e+00 1.472321e-08 
-2.889447e+00 1.000000e+00 1.755440e-08 
-2.713568e+00 1.000000e+00 2.093001e-08 
-2.537688e+00 1.000000e+00 2.495473e-08 
-2.361809e+00 1.000000e+00 2.975339e-08 
-2.185930e+00 1.000000e+00 3.547479e-08 
-2.010050e+00 1.000000e+00 4.229639e-08 
-1.834171e+00 9.999999e-01 5.042974e-08 
-1.658291e+00 9.999999e-01 6.012709e-08 
-1.482412e+00 9.999999e-01 7.168918e-08 
-1.306533e+00 9.999999e-01 8.547460e-08 
-1.130653e+00 9.999999e-01 1.019109e-07 
-9.547739e-01 9.999999e-01 1.215077e-07 
-7.788945e-01 9.999999e-01 1.448730e-07 
-6.030151e-01 9.999998e-01 1.727312e-07 
-4.271357e-01 9.999998e-01 2.059464e-07 
-2.512563e-01 9.999998e-01 2.455487e-07 
-7.537688e-02 9.999997e-01 2.927663e-07 
1.005025e-01 9.999997e-01 3.490636e-07 
2.763819e-01 9.999996e-01 4.161865e-07 
4.522613e-01 9.999995e-01 4.962167e-07 
6.281407e-01 9.999994e-01 5.916363e-07 
8.040201e-01 9.999993e-01 7.054045e-07 
9.798995e-01 9.999992e-01 8.410496e-07 
1.155779e+00 9.999990e-01 1.002778e-06 
1.331658e+00 9.999988e-01 1.195607e-06 
1.507538e+00 9.999986e-01 1.425515e-06 
1.683417e+00 9.999983e-01 1.699633e-06 
1.859296e+00 9.999980e-01 2.026461e-06 
2.035176e+00 9.999976e-01 2.416137e-06 
2.211055e+00 9.999971e-01 2.880745e-06 
2.386935e+00 9.999966e-01 3.434694e-06 
2.562814e+00 9.999959e-01 4.095164e-06 
2.738693e+00 9.999951e-01 4.882636e-06 
2.914573e+00 9.999942e-01 5.821534e-06 
3.090452e+00 9.999931e-01 6.940973e-06 
3.266332e+00 9.999917e-01 8.275672e-06 
3.442211e+00 9.999901e-01 9.867020e-06 
3.618090e+00 9.999882e-01 1.176437e-05 
3.793970e+00 9.999860e-01 1.402656e-05 
3.969849e+00 9.999833e-01 1.672374e-05 
4.145729e+00 9.999801e-01 1.993955e-05 
4.321608e+00 9.999762e-01 2.377372e-05 
4.497487e+00 9.999717e-01 2.834515e-05 
4.673367e+00 9.999662e-01 3.379557e-05 
4.849246e+00 9.999597e-01 4.029400e-05 
5.025126e+00 9.999520e-01 4.804194e-05 
5.201005e+00 9.999427e-01 5.727959e-05 
5.376884e+00 9.999317e-01 6.829338e-05 
5.552764e+00 9.999186e-01 8.142474e-05 
5.728643e+00 9.999029e-01 9.708072e-05 
5.904523e+00 9.998843e-01 1.157466e-04 
6.080402e+00 9.998620e-01 1.380010e-04 
6.256281e+00 9.998355e-01 1.645334e-04 
6.432161e+00 9.998038e-01 1.961660e-04 
6.608040e+00 9.997661e-01 2.338788e-04 
6.783920e+00 9.997212e-01 2.788398e-04 
6.959799e+00 9.996676e-01 3.324413e-04 
7.135678e+00 9.996037e-01 3.963425e-04 
7.311558e+00 9.995275e-01 4.725208e-04 
7.487437e+00 9.994367e-01 5.633327e-04 
7.663317e+00 9.993284e-01 6.715856e-04 
7.839196e+00 9.991994e-01 8.006243e-04 
8.015075e+00 9.990456e-01 9.544328e-04 
8.190955e+00 9.988622e-01 1.137756e-03 
8.366834e+00 9.986438e-01 1.356243e-03 
8.542714e+00 9.983834e-01 1.616619e-03 
8.718593e+00 9.980731e-01 1.926887e-03 
8.894472e+00 9.977034e-01 2.296565e-03 
9.070352e+00 9.972630e-01 2.736973e-03 
9.246231e+00 9.967384e-01 3.261560e-03 
9.422111e+00 9.961137e-01 3.886302e-03 
9.597990e+00 9.953698e-01 4.630156e-03 
9.773869e+00 9.944844e-01 5.515597e-03 
9.949749e+00 9.934308e-01 6.569247e-03 
1.012563e+01 9.921774e-01 7.822594e-03 
1.030151e+01 9.906872e-01 9.312825e-03 
1.047739e+01 9.889162e-01 1.108378e-02 
1.065327e+01 9.868130e-01 1.318702e-02 
1.082915e+01 9.843170e-01 1.568304e-02 
1.100503e+01 9.813574e-01 1.864258e-02 
1.118090e+01 9.778520e-01 2.214804e-02 
1.135678e+01 9.737050e-01 2.629499e-02 
1.153266e+01 9.688064e-01 3.119364e-02 
1.170854e+01 9.630298e-01 3.697024e-02 
1.188442e+01 9.562318e-01 4.376825e-02 
1.206030e+01 9.482509e-01 5.174909e-02 
1.223618e+01 9.389078e-01 6.109221e-02 
1.241206e+01 9.280059e-01 7.199412e-02 
1.258794e+01 9.153339e-01 8.466606e-02 
1.276382e+01 9.006703e-01 9.932969e-02 
1.293970e+01 8.837895e-01 1.162105e-01 
1.311558e+01 8.644715e-01 1.355285e-01 
1.329146e+01 8.425144e-01 1.574856e-01 
1.346734e+01 8.177500e-01 1.822500e-01 
1.364322e+01 7.900618e-01 2.099382e-01 
1.381910e+01 7.594047e-01 2.405953e-01 
1.399497e+01 7.258243e-01 2.741757e-01 
1.417085e+01 6.894736e-01 3.105264e-01 
1.434673e+01 6.506233e-01 3.493767e-01 
1.452261e+01 6.096642e-01 3.903358e-01 
1.469849e+01 5.670982e-01 4.329018e-01 
1.487437e+01 5.235181e-01 4.764819e-01 
1.505025e+01 4.795770e-01 5.204230e-01 
1.522613e+01 4.359496e-01 5.640504e-01 
1.540201e+01 3.932918e-01 6.067082e-01 
1.557789e+01 3.522016e-01 6.477984e-01 
1.575377e+01 3.131884e-01 6.868116e-01 
1.592965e+01 2.766511e-01 7.233489e-01 
1.610553e+01 2.428691e-01 7.571309e-01 
1.628141e+01 2.120031e-01 7.879969e-01 
1.645729e+01 1.841060e-01 8.158940e-01 
1.663317e+01 1.591385e-01 8.408615e-01 
1.680905e+01 1.369885e-01 8.630115e-01 
1.698492e+01 1.174906e-01 8.825094e-01 
1.716080e+01 1.004450e-01 8.995550e-01 
1.733668e+01 8.563235e-02 9.143676e-01 
1.751256e+01 7.282730e-02 9.271727e-01 
1.768844e+01 6.180762e-02 9.381924e-01 
1.786432e+01 5.236119e-02 9.476388e-01 
1.804020e+01 4.429036e-02 9.557096e-01 
1.821608e+01 3.741443e-02 9.625856e-01 
1.839196e+01 3.157070e-02 9.684293e-01 
1.856784e+01 2.661447e-02 9.733855e-01 
1.874372e+01 2.241829e-02 9.775817e-01 
1.891960e+01 1.887088e-02 9.811291e-01 
1.909548e+01 1.587568e-02 9.841243e-01 
1.927136e+01 1.334942e-02 9.866506e-01 
1.944724e+01 1.122057e-02 9.887794e-01 
1.962312e+01 9.427971e-03 9.905720e-01 
1.979899e+01 7.919461e-03 9.920805e-01 
1.997487e+01 6.650698e-03 9.933493e-01 
2.015075e+01 5.584057e-03 9.944159e-01 
2.032663e+01 4.687678e-03 9.953123e-01 
2.050251e+01 3.934620e-03 9.960654e-01 
2.067839e+01 3.302136e-03 9.966979e-01 
2.085427e+01 2.771041e-03 9.972290e-01 
2.103015e+01 2.325164e-03 9.976748e-01 
2.120603e+01 1.950891e-03 9.980491e-01 
2.138191e+01 1.636765e-03 9.983632e-01 
2.155779e+01 1.373148e-03 9.986269e-01 
2.173367e+01 1.151941e-03 9.988481e-01 
2.190955e+01 9.663343e-04 9.990337e-01 
2.208543e+01 8.106094e-04 9.991894e-01 
2.226131e+01 6.799625e-04 9.993200e-01 
2.243719e+01 5.703601e-04 9.994296e-01 
2.261307e+01 4.784160e-04 9.995216e-01 
2.278894e+01 4.012876e-04 9.995987e-01 
2.296482e+01 3.365894e-04 9.996634e-01 
2.314070e+01 2.823193e-04 9.997177e-01 
2.331658e+01 2.367973e-04 9.997632e-01 
2.349246e+01 1.986140e-04 9.998014e-01 
2.366834e+01 1.665867e-04 9.998334e-01 
2.384422e+01 1.397232e-04 9.998603e-01 
2.402010e+01 1.171912e-04 9.998828e-01 
2.419598e+01 9.829235e-05 9.999017e-01 
2.437186e+01 8.244098e-05 9.999176e-01 
2.454774e+01 6.914575e-05 9.999309e-01 
2.472362e+01 5.799451e-05 9.999420e-01 
2.489950e+01 4.864156e-05 9.999514e-01 
2.507538e+01 4.079693e-05 9.999592e-01 
2.525126e+01 3.421739e-05 9.999658e-01 
2.542714e+01 2.869894e-05 9.999713e-01 
2.560302e+01 2.407046e-05 9.999759e-01 
2.577889e+01 2.018843e-05 9.999798e-01 
2.595477e+01 1.693248e-05 9.999831e-01 
2.613065e+01 1.420163e-05 9.999858e-01 
2.630653e+01 1.191121e-05 9.999881e-01 
2.648241e+01 9.990177e-06 9.999900e-01 
2.665829e+01 8.378966e-06 9.999916e-01 
2.683417e+01 7.027609e-06 9.999930e-01 
2.701005e+01 5.894197e-06 9.999941e-01 
2.718593e+01 4.943580e-06 9.999951e-01 
2.736181e+01 4.146279e-06 9.999959e-01 
2.753769e+01 3.477566e-06 9.999965e-01 
2.771357e+01 2.916702e-06 9.999971e-01 
2.788945e+01 2.446295e-06 9.999976e-01 
2.806533e+01 2.051755e-06 9.999979e-01 
2.824121e+01 1.720847e-06 9.999983e-01 
2.841709e+01 1.443308e-06 9.999986e-01 
2.859296e+01 1.210530e-06 9.999988e-01 
2.876884e+01 1.015295e-06 9.999990e-01 
2.894472e+01 8.515474e-07 9.999991e-01 
2.912060e+01 7.142092e-07 9.999993e-01 
2.929648e+01 5.990210e-07 9.999994e-01 
2.947236e+01 5.024104e-07 9.999995e-01 
2.964824e+01 4.213813e-07 9.999996e-01 
2.982412e+01 3.534206e-07 9.999996e-01 
3.000000e+01 2.964206e-07 9.999997e-01 
