#Data: Data/LatticeCube/titration_FJC_ZS3_0.75.out
#           E           mu            f          <N>         <N2>          <B>         <B2>
   13.658521 -3.210613e+01 9.999903e-01 9.730375e-06 9.730428e-06 2.095378e-05 4.685414e-05 1.000000e+00
   13.658521 -3.210613e+01 -3.184415e+01 9.999874e-01 1.264468e-05 1.264477e-05 2.722956e-05 6.088732e-05
    1.000000    13.658521 -3.210613e+01 -3.184415e+01 -3.158357e+01 9.999836e-01 1.640864e-05 1.640879e-05 3.533502e-05
    0.000079 1.000000e+00    13.658521 -3.210613e+01 -3.184415e+01 -3.158357e+01 -3.132408e+01 9.999787e-01 2.126996e-05 2.127021e-05
    0.000046 1.024206e-04 1.000000e+00    13.658521 -3.210613e+01 -3.184415e+01 -3.158357e+01 -3.132408e+01 -3.107754e+01 9.999728e-01 2.721679e-05
    0.000027 5.860972e-05 1.310566e-04 1.000000e+00    13.658521 -3.210613e+01 -3.184415e+01 -3.158357e+01 -3.132408e+01 -3.107754e+01 -3.081950e+01 9.999648e-01
    0.000035 3.522984e-05 7.586384e-05 1.696391e-04 1.000000e+00    13.658521 -3.210613e+01 -3.184415e+01 -3.158357e+01 -3.132408e+01 -3.107754e+01 -3.081950e+01 -3.056196e+01
    0.999954 4.557742e-05 4.557859e-05 9.814821e-05 2.194702e-04 1.000000e+00    13.658521 -3.210613e+01 -3.184415e+01 -3.158357e+01 -3.132408e+01 -3.107754e+01 -3.081950e+01 -3.056196e+01
  -30.304798 9.999411e-01 5.894259e-05 5.894455e-05 1.269293e-04 2.838298e-04 1.000000e+00    13.658521 -3.210613e+01 -3.184415e+01 -3.158357e+01 -3.132408e+01 -3.107754e+01 -3.081950e+01 -3.056196e+01
  -30.304798 -3.004794e+01 9.999238e-01 7.620415e-05 7.620741e-05 1.641009e-04 3.669534e-04 1.000000e+00
   13.658521 -3.210613e+01 -3.184415e+01 -3.158357e+01 -3.132408e+01 -3.107754e+01 -3.081950e+01 -3.056196e+01
  -30.304798 -3.004794e+01 -2.979131e+01 9.999015e-01 9.849792e-05 9.850337e-05 2.121091e-04 4.743119e-04
    1.000000    13.658521 -3.210613e+01 -3.184415e+01 -3.158357e+01 -3.132408e+01 -3.107754e+01 -3.081950e+01 -3.056196e+01
  -30.304798 -3.004794e+01 -2.979131e+01 -2.953486e+01 9.998727e-01 1.272908e-04 1.272999e-04 2.741127e-04
    0.000613 1.000000e+00    13.658521 -3.210613e+01 -3.184415e+01 -3.158357e+01 -3.132408e+01 -3.107754e+01 -3.081950e+01 -3.056196e+01
  -30.304798 -3.004794e+01 -2.979131e+01 -2.953486e+01 -2.927854e+01 9.998355e-01 1.644772e-04 1.644924e-04
    0.000354 7.920569e-04 1.000000e+00    13.658521 -3.210613e+01 -3.184415e+01 -3.158357e+01 -3.132408e+01 -3.107754e+01 -3.081950e+01 -3.056196e+01
  -30.304798 -3.004794e+01 -2.979131e+01 -2.953486e+01 -2.927854e+01 -2.902234e+01 9.997875e-01 2.125035e-04
    0.000213 4.576121e-04 1.023356e-03 1.000000e+00    13.658521 -3.210613e+01 -3.184415e+01 -3.158357e+01 -3.132408e+01 -3.107754e+01 -3.081950e+01 -3.056196e+01
  -30.304798 -3.004794e+01 -2.979131e+01 -2.953486e+01 -2.927854e+01 -2.902234e+01 -2.876621e+01 9.997255e-01
    0.000275 2.745712e-04 5.911791e-04 1.322092e-03 1.000000e+00    13.658521 -3.210613e+01 -3.184415e+01 -3.158357e+01 -3.132408e+01 -3.107754e+01 -3.081950e+01 -3.056196e+01
  -30.304798 -3.004794e+01 -2.979131e+01 -2.953486e+01 -2.927854e+01 -2.902234e+01 -2.876621e+01 -2.851015e+01
    0.999645 3.546327e-04 3.547034e-04 7.636765e-04 1.707927e-03 1.000000e+00    13.658521 -3.210613e+01 -3.184415e+01 -3.158357e+01 -3.132408e+01 -3.107754e+01 -3.081950e+01 -3.056196e+01
  -30.304798 -3.004794e+01 -2.979131e+01 -2.953486e+01 -2.927854e+01 -2.902234e+01 -2.876621e+01 -2.851015e+01
  -28.254137 9.995420e-01 4.580827e-04 4.582006e-04 9.864472e-04 2.206257e-03 1.000000e+00    13.658521 -3.210613e+01 -3.184415e+01 -3.158357e+01 -3.132408e+01 -3.107754e+01 -3.081950e+01 -3.056196e+01
  -30.304798 -3.004794e+01 -2.979131e+01 -2.953486e+01 -2.927854e+01 -2.902234e+01 -2.876621e+01 -2.851015e+01
  -28.254137 -2.799816e+01 9.994084e-01 5.916797e-04 5.918765e-04 1.274136e-03 2.849881e-03 1.000000e+00
   13.658521 -3.210613e+01 -3.184415e+01 -3.158357e+01 -3.132408e+01 -3.107754e+01 -3.081950e+01 -3.056196e+01
  -30.304798 -3.004794e+01 -2.979131e+01 -2.953486e+01 -2.927854e+01 -2.902234e+01 -2.876621e+01 -2.851015e+01
  -28.254137 -2.799816e+01 -2.774222e+01 9.992360e-01 7.642041e-04 7.645323e-04 1.645650e-03 3.681167e-03
    1.000000    13.658521 -3.210613e+01 -3.184415e+01 -3.158357e+01 -3.132408e+01 -3.107754e+01 -3.081950e+01 -3.056196e+01
  -30.304798 -3.004794e+01 -2.979131e+01 -2.953486e+01 -2.927854e+01 -2.902234e+01 -2.876621e+01 -2.851015e+01
  -28.254137 -2.799816e+01 -2.774222e+01 -2.748630e+01 9.990133e-01 9.869897e-04 9.875372e-04 2.125393e-03
    0.004755 1.000000e+00    13.658521 -3.210613e+01 -3.184415e+01 -3.158357e+01 -3.132408e+01 -3.107754e+01 -3.081950e+01 -3.056196e+01
  -30.304798 -3.004794e+01 -2.979131e+01 -2.953486e+01 -2.927854e+01 -2.902234e+01 -2.876621e+01 -2.851015e+01
  -28.254137 -2.799816e+01 -2.774222e+01 -2.748630e+01 -2.723039e+01 9.987258e-01 1.274665e-03 1.275578e-03
    0.002745 6.141562e-03 1.000000e+00    13.658521 -3.210613e+01 -3.184415e+01 -3.158357e+01 -3.132408e+01 -3.107754e+01 -3.081950e+01 -3.056196e+01
  -30.304798 -3.004794e+01 -2.979131e+01 -2.953486e+01 -2.927854e+01 -2.902234e+01 -2.876621e+01 -2.851015e+01
  -28.254137 -2.799816e+01 -2.774222e+01 -2.748630e+01 -2.723039e+01 -2.697450e+01 9.983547e-01 1.646106e-03
    0.001648 3.544705e-03 7.932647e-03 1.000000e+00    13.658521 -3.210613e+01 -3.184415e+01 -3.158357e+01 -3.132408e+01 -3.107754e+01 -3.081950e+01 -3.056196e+01
  -30.304798 -3.004794e+01 -2.979131e+01 -2.953486e+01 -2.927854e+01 -2.902234e+01 -2.876621e+01 -2.851015e+01
  -28.254137 -2.799816e+01 -2.774222e+01 -2.748630e+01 -2.723039e+01 -2.697450e+01 -2.671862e+01 9.978756e-01
    0.002126 2.128202e-03 4.577345e-03 1.024602e-02 1.000000e+00    13.658521 -3.210613e+01 -3.184415e+01 -3.158357e+01 -3.132408e+01 -3.107754e+01 -3.081950e+01 -3.056196e+01
  -30.304798 -3.004794e+01 -2.979131e+01 -2.953486e+01 -2.927854e+01 -2.902234e+01 -2.876621e+01 -2.851015e+01
  -28.254137 -2.799816e+01 -2.774222e+01 -2.748630e+01 -2.723039e+01 -2.697450e+01 -2.671862e+01 -2.646274e+01
    0.997257 2.744741e-03 2.748975e-03 5.910396e-03 1.323400e-02 1.000000e+00    13.658521 -3.210613e+01 -3.184415e+01 -3.158357e+01 -3.132408e+01 -3.107754e+01 -3.081950e+01 -3.056196e+01
  -30.304798 -3.004794e+01 -2.979131e+01 -2.953486e+01 -2.927854e+01 -2.902234e+01 -2.876621e+01 -2.851015e+01
  -28.254137 -2.799816e+01 -2.774222e+01 -2.748630e+01 -2.723039e+01 -2.697450e+01 -2.671862e+01 -2.646274e+01
  -26.206874 9.964597e-01 3.543819e-03 3.550878e-03 7.631004e-03 1.709340e-02 1.000000e+00    13.658521 -3.210613e+01 -3.184415e+01 -3.158357e+01 -3.132408e+01 -3.107754e+01 -3.081950e+01 -3.056196e+01
  -30.304798 -3.004794e+01 -2.979131e+01 -2.953486e+01 -2.927854e+01 -2.902234e+01 -2.876621e+01 -2.851015e+01
  -28.254137 -2.799816e+01 -2.774222e+01 -2.748630e+01 -2.723039e+01 -2.697450e+01 -2.671862e+01 -2.646274e+01
  -26.206874 -2.595101e+01 9.954308e-01 4.575050e-03 4.586817e-03 9.851433e-03 2.207842e-02 1.000000e+00
   13.658521 -3.210613e+01 -3.184415e+01 -3.158357e+01 -3.132408e+01 -3.107754e+01 -3.081950e+01 -3.056196e+01
  -30.304798 -3.004794e+01 -2.979131e+01 -2.953486e+01 -2.927854e+01 -2.902234e+01 -2.876621e+01 -2.851015e+01
  -28.254137 -2.799816e+01 -2.774222e+01 -2.748630e+01 -2.723039e+01 -2.697450e+01 -2.671862e+01 -2.646274e+01
  -26.206874 -2.595101e+01 -2.569515e+01 9.941042e-01 5.905574e-03 5.925182e-03 1.271619e-02 2.851754e-02
    1.000000    13.658521 -3.210613e+01 -3.184415e+01 -3.158357e+01 -3.132408e+01 -3.107754e+01 -3.081950e+01 -3.056196e+01
  -30.304798 -3.004794e+01 -2.979131e+01 -2.953486e+01 -2.927854e+01 -2.902234e+01 -2.876621e+01 -2.851015e+01
  -28.254137 -2.799816e+01 -2.774222e+01 -2.748630e+01 -2.723039e+01 -2.697450e+01 -2.671862e+01 -2.646274e+01
  -26.206874 -2.595101e+01 -2.569515e+01 -2.543928e+01 9.923946e-01 7.621744e-03 7.654409e-03 1.641112e-02
    0.036835 1.000000e+00    13.658521 -3.210613e+01 -3.184415e+01 -3.158357e+01 -3.132408e+01 -3.107754e+01 -3.081950e+01 -3.056196e+01
  -30.304798 -3.004794e+01 -2.979131e+01 -2.953486e+01 -2.927854e+01 -2.902234e+01 -2.876621e+01 -2.851015e+01
  -28.254137 -2.799816e+01 -2.774222e+01 -2.748630e+01 -2.723039e+01 -2.697450e+01 -2.671862e+01 -2.646274e+01
  -26.206874 -2.595101e+01 -2.569515e+01 -2.543928e+01 -2.518342e+01 9.901927e-01 9.834488e-03 9.888886e-03
    0.021175 4.757962e-02 1.000000e+00    13.658521 -3.210613e+01 -3.184415e+01 -3.158357e+01 -3.132408e+01 -3.107754e+01 -3.081950e+01 -3.056196e+01
  -30.304798 -3.004794e+01 -2.979131e+01 -2.953486e+01 -2.927854e+01 -2.902234e+01 -2.876621e+01 -2.851015e+01
  -28.254137 -2.799816e+01 -2.774222e+01 -2.748630e+01 -2.723039e+01 -2.697450e+01 -2.671862e+01 -2.646274e+01
  -26.206874 -2.595101e+01 -2.569515e+01 -2.543928e+01 -2.518342e+01 -2.492756e+01 9.873591e-01 1.268608e-02
    0.012777 2.731359e-02 6.145975e-02 1.000000e+00    13.658521 -3.210613e+01 -3.184415e+01 -3.158357e+01 -3.132408e+01 -3.107754e+01 -3.081950e+01 -3.056196e+01
  -30.304798 -3.004794e+01 -2.979131e+01 -2.953486e+01 -2.927854e+01 -2.902234e+01 -2.876621e+01 -2.851015e+01
  -28.254137 -2.799816e+01 -2.774222e+01 -2.748630e+01 -2.723039e+01 -2.697450e+01 -2.671862e+01 -2.646274e+01
  -26.206874 -2.595101e+01 -2.569515e+01 -2.543928e+01 -2.518342e+01 -2.492756e+01 -2.467169e+01 9.837166e-01
    0.016359 1.650925e-02 3.521882e-02 7.939160e-02 1.000000e+00    13.658521 -3.210613e+01 -3.184415e+01 -3.158357e+01 -3.132408e+01 -3.107754e+01 -3.081950e+01 -3.056196e+01
  -30.304798 -3.004794e+01 -2.979131e+01 -2.953486e+01 -2.927854e+01 -2.902234e+01 -2.876621e+01 -2.851015e+01
  -28.254137 -2.799816e+01 -2.774222e+01 -2.748630e+01 -2.723039e+01 -2.697450e+01 -2.671862e+01 -2.646274e+01
  -26.206874 -2.595101e+01 -2.569515e+01 -2.543928e+01 -2.518342e+01 -2.492756e+01 -2.467169e+01 -2.441582e+01
    0.979040 2.108464e-02 2.133495e-02 4.539032e-02 1.025594e-01 1.000000e+00    13.658521 -3.210613e+01 -3.184415e+01 -3.158357e+01 -3.132408e+01 -3.107754e+01 -3.081950e+01 -3.056196e+01
  -30.304798 -3.004794e+01 -2.979131e+01 -2.953486e+01 -2.927854e+01 -2.902234e+01 -2.876621e+01 -2.851015e+01
  -28.254137 -2.799816e+01 -2.774222e+01 -2.748630e+01 -2.723039e+01 -2.697450e+01 -2.671862e+01 -2.646274e+01
  -26.206874 -2.595101e+01 -2.569515e+01 -2.543928e+01 -2.518342e+01 -2.492756e+01 -2.467169e+01 -2.441582e+01
  -24.159943 9.730475e-01 2.715986e-02 2.757546e-02 5.846358e-02 1.324943e-01 1.000000e+00    13.658521 -3.210613e+01 -3.184415e+01 -3.158357e+01 -3.132408e+01 -3.107754e+01 -3.081950e+01 -3.056196e+01
  -30.304798 -3.004794e+01 -2.979131e+01 -2.953486e+01 -2.927854e+01 -2.902234e+01 -2.876621e+01 -2.851015e+01
  -28.254137 -2.799816e+01 -2.774222e+01 -2.748630e+01 -2.723039e+01 -2.697450e+01 -2.671862e+01 -2.646274e+01
  -26.206874 -2.595101e+01 -2.569515e+01 -2.543928e+01 -2.518342e+01 -2.492756e+01 -2.467169e+01 -2.441582e+01
  -24.159943 -2.390406e+01 9.653846e-01 3.495900e-02 3.564806e-02 7.524302e-02 1.711759e-01 1.000000e+00
   13.658521 -3.210613e+01 -3.184415e+01 -3.158357e+01 -3.132408e+01 -3.107754e+01 -3.081950e+01 -3.056196e+01
  -30.304798 -3.004794e+01 -2.979131e+01 -2.953486e+01 -2.927854e+01 -2.902234e+01 -2.876621e+01 -2.851015e+01
  -28.254137 -2.799816e+01 -2.774222e+01 -2.748630e+01 -2.723039e+01 -2.697450e+01 -2.671862e+01 -2.646274e+01
  -26.206874 -2.595101e+01 -2.569515e+01 -2.543928e+01 -2.518342e+01 -2.492756e+01 -2.467169e+01 -2.441582e+01
  -24.159943 -2.390406e+01 -2.364816e+01 9.556144e-01 4.495395e-02 4.609446e-02 9.674089e-02 2.211637e-01
    1.000000    13.658521 -3.210613e+01 -3.184415e+01 -3.158357e+01 -3.132408e+01 -3.107754e+01 -3.081950e+01 -3.056196e+01
  -30.304798 -3.004794e+01 -2.979131e+01 -2.953486e+01 -2.927854e+01 -2.902234e+01 -2.876621e+01 -2.851015e+01
  -28.254137 -2.799816e+01 -2.774222e+01 -2.748630e+01 -2.723039e+01 -2.697450e+01 -2.671862e+01 -2.646274e+01
  -26.206874 -2.595101e+01 -2.569515e+01 -2.543928e+01 -2.518342e+01 -2.492756e+01 -2.467169e+01 -2.441582e+01
  -24.159943 -2.390406e+01 -2.364816e+01 -2.339225e+01 9.432030e-01 5.773474e-02 5.961830e-02 1.242213e-01
    0.285766 1.000000e+00    13.658521 -3.210613e+01 -3.184415e+01 -3.158357e+01 -3.132408e+01 -3.107754e+01 -3.081950e+01 -3.056196e+01
  -30.304798 -3.004794e+01 -2.979131e+01 -2.953486e+01 -2.927854e+01 -2.902234e+01 -2.876621e+01 -2.851015e+01
  -28.254137 -2.799816e+01 -2.774222e+01 -2.748630e+01 -2.723039e+01 -2.697450e+01 -2.671862e+01 -2.646274e+01
  -26.206874 -2.595101e+01 -2.569515e+01 -2.543928e+01 -2.518342e+01 -2.492756e+01 -2.467169e+01 -2.441582e+01
  -24.159943 -2.390406e+01 -2.364816e+01 -2.339225e+01 -2.313632e+01 9.275103e-01 7.403206e-02 7.713399e-02
    0.159247 3.692559e-01 1.000000e+00    13.658521 -3.210613e+01 -3.184415e+01 -3.158357e+01 -3.132408e+01 -3.107754e+01 -3.081950e+01 -3.056196e+01
  -30.304798 -3.004794e+01 -2.979131e+01 -2.953486e+01 -2.927854e+01 -2.902234e+01 -2.876621e+01 -2.851015e+01
  -28.254137 -2.799816e+01 -2.774222e+01 -2.748630e+01 -2.723039e+01 -2.697450e+01 -2.671862e+01 -2.646274e+01
  -26.206874 -2.595101e+01 -2.569515e+01 -2.543928e+01 -2.518342e+01 -2.492756e+01 -2.467169e+01 -2.441582e+01
  -24.159943 -2.390406e+01 -2.364816e+01 -2.339225e+01 -2.313632e+01 -2.288037e+01 9.077872e-01 9.473965e-02
    0.099830 2.037262e-01 4.771452e-01 1.000000e+00    13.658521 -3.210613e+01 -3.184415e+01 -3.158357e+01 -3.132408e+01 -3.107754e+01 -3.081950e+01 -3.056196e+01
  -30.304798 -3.004794e+01 -2.979131e+01 -2.953486e+01 -2.927854e+01 -2.902234e+01 -2.876621e+01 -2.851015e+01
  -28.254137 -2.799816e+01 -2.774222e+01 -2.748630e+01 -2.723039e+01 -2.697450e+01 -2.671862e+01 -2.646274e+01
  -26.206874 -2.595101e+01 -2.569515e+01 -2.543928e+01 -2.518342e+01 -2.492756e+01 -2.467169e+01 -2.441582e+01
  -24.159943 -2.390406e+01 -2.364816e+01 -2.339225e+01 -2.313632e+01 -2.288037e+01 -2.262439e+01 8.831859e-01
    0.120933 1.292481e-01 2.599480e-01 6.165252e-01 1.000000e+00    13.658521 -3.210613e+01 -3.184415e+01 -3.158357e+01 -3.132408e+01 -3.107754e+01 -3.081950e+01 -3.056196e+01
  -30.304798 -3.004794e+01 -2.979131e+01 -2.953486e+01 -2.927854e+01 -2.902234e+01 -2.876621e+01 -2.851015e+01
  -28.254137 -2.799816e+01 -2.774222e+01 -2.748630e+01 -2.723039e+01 -2.697450e+01 -2.671862e+01 -2.646274e+01
  -26.206874 -2.595101e+01 -2.569515e+01 -2.543928e+01 -2.518342e+01 -2.492756e+01 -2.467169e+01 -2.441582e+01
  -24.159943 -2.390406e+01 -2.364816e+01 -2.339225e+01 -2.313632e+01 -2.288037e+01 -2.262439e+01 -2.236838e+01
    0.852793 1.538800e-01 1.673854e-01 3.305991e-01 7.964775e-01 1.000000e+00    13.658521 -3.210613e+01 -3.184415e+01 -3.158357e+01 -3.132408e+01 -3.107754e+01 -3.081950e+01 -3.056196e+01
  -30.304798 -3.004794e+01 -2.979131e+01 -2.953486e+01 -2.927854e+01 -2.902234e+01 -2.876621e+01 -2.851015e+01
  -28.254137 -2.799816e+01 -2.774222e+01 -2.748630e+01 -2.723039e+01 -2.697450e+01 -2.671862e+01 -2.646274e+01
  -26.206874 -2.595101e+01 -2.569515e+01 -2.543928e+01 -2.518342e+01 -2.492756e+01 -2.467169e+01 -2.441582e+01
  -24.159943 -2.390406e+01 -2.364816e+01 -2.339225e+01 -2.313632e+01 -2.288037e+01 -2.262439e+01 -2.236838e+01
  -22.112325 8.156932e-01 1.950325e-01 2.168131e-01 4.187418e-01 1.028555e+00 1.000000e+00    13.658521 -3.210613e+01 -3.184415e+01 -3.158357e+01 -3.132408e+01 -3.107754e+01 -3.081950e+01 -3.056196e+01
  -30.304798 -3.004794e+01 -2.979131e+01 -2.953486e+01 -2.927854e+01 -2.902234e+01 -2.876621e+01 -2.851015e+01
  -28.254137 -2.799816e+01 -2.774222e+01 -2.748630e+01 -2.723039e+01 -2.697450e+01 -2.671862e+01 -2.646274e+01
  -26.206874 -2.595101e+01 -2.569515e+01 -2.543928e+01 -2.518342e+01 -2.492756e+01 -2.467169e+01 -2.441582e+01
  -24.159943 -2.390406e+01 -2.364816e+01 -2.339225e+01 -2.313632e+01 -2.288037e+01 -2.262439e+01 -2.236838e+01
  -22.112325 -2.185622e+01 7.710796e-01 2.459939e-01 2.808129e-01 5.277295e-01 1.327290e+00 1.000000e+00
   13.658521 -3.210613e+01 -3.184415e+01 -3.158357e+01 -3.132408e+01 -3.107754e+01 -3.081950e+01 -3.056196e+01
  -30.304798 -3.004794e+01 -2.979131e+01 -2.953486e+01 -2.927854e+01 -2.902234e+01 -2.876621e+01 -2.851015e+01
  -28.254137 -2.799816e+01 -2.774222e+01 -2.748630e+01 -2.723039e+01 -2.697450e+01 -2.671862e+01 -2.646274e+01
  -26.206874 -2.595101e+01 -2.569515e+01 -2.543928e+01 -2.518342e+01 -2.492756e+01 -2.467169e+01 -2.441582e+01
  -24.159943 -2.390406e+01 -2.364816e+01 -2.339225e+01 -2.313632e+01 -2.288037e+01 -2.262439e+01 -2.236838e+01
  -22.112325 -2.185622e+01 -2.160007e+01 7.184116e-01 3.084455e-01 3.635130e-01 6.610362e-01 1.710654e+00
    1.000000    13.658521 -3.210613e+01 -3.184415e+01 -3.158357e+01 -3.132408e+01 -3.107754e+01 -3.081950e+01 -3.056196e+01
  -30.304798 -3.004794e+01 -2.979131e+01 -2.953486e+01 -2.927854e+01 -2.902234e+01 -2.876621e+01 -2.851015e+01
  -28.254137 -2.799816e+01 -2.774222e+01 -2.748630e+01 -2.723039e+01 -2.697450e+01 -2.671862e+01 -2.646274e+01
  -26.206874 -2.595101e+01 -2.569515e+01 -2.543928e+01 -2.518342e+01 -2.492756e+01 -2.467169e+01 -2.441582e+01
  -24.159943 -2.390406e+01 -2.364816e+01 -2.339225e+01 -2.313632e+01 -2.288037e+01 -2.262439e+01 -2.236838e+01
  -22.112325 -2.185622e+01 -2.160007e+01 -2.134385e+01 6.576195e-01 3.840255e-01 4.699952e-01 8.219796e-01
    2.200339 1.000000e+00    13.658521 -3.210613e+01 -3.184415e+01 -3.158357e+01 -3.132408e+01 -3.107754e+01 -3.081950e+01 -3.056196e+01
  -30.304798 -3.004794e+01 -2.979131e+01 -2.953486e+01 -2.927854e+01 -2.902234e+01 -2.876621e+01 -2.851015e+01
  -28.254137 -2.799816e+01 -2.774222e+01 -2.748630e+01 -2.723039e+01 -2.697450e+01 -2.671862e+01 -2.646274e+01
  -26.206874 -2.595101e+01 -2.569515e+01 -2.543928e+01 -2.518342e+01 -2.492756e+01 -2.467169e+01 -2.441582e+01
  -24.159943 -2.390406e+01 -2.364816e+01 -2.339225e+01 -2.313632e+01 -2.288037e+01 -2.262439e+01 -2.236838e+01
  -22.112325 -2.185622e+01 -2.160007e+01 -2.134385e+01 -2.108756e+01 5.893258e-01 4.741567e-01 6.063213e-01
    1.013334 2.821602e+00 1.000000e+00    13.658521 -3.210613e+01 -3.184415e+01 -3.158357e+01 -3.132408e+01 -3.107754e+01 -3.081950e+01 -3.056196e+01
  -30.304798 -3.004794e+01 -2.979131e+01 -2.953486e+01 -2.927854e+01 -2.902234e+01 -2.876621e+01 -2.851015e+01
  -28.254137 -2.799816e+01 -2.774222e+01 -2.748630e+01 -2.723039e+01 -2.697450e+01 -2.671862e+01 -2.646274e+01
  -26.206874 -2.595101e+01 -2.569515e+01 -2.543928e+01 -2.518342e+01 -2.492756e+01 -2.467169e+01 -2.441582e+01
  -24.159943 -2.390406e+01 -2.364816e+01 -2.339225e+01 -2.313632e+01 -2.288037e+01 -2.262439e+01 -2.236838e+01
  -22.112325 -2.185622e+01 -2.160007e+01 -2.134385e+01 -2.108756e+01 -2.083120e+01 5.150269e-01 5.798351e-01
    0.779411 1.236863e+00 3.602416e+00 1.000000e+00    13.658521 -3.210613e+01 -3.184415e+01 -3.158357e+01 -3.132408e+01 -3.107754e+01 -3.081950e+01 -3.056196e+01
  -30.304798 -3.004794e+01 -2.979131e+01 -2.953486e+01 -2.927854e+01 -2.902234e+01 -2.876621e+01 -2.851015e+01
  -28.254137 -2.799816e+01 -2.774222e+01 -2.748630e+01 -2.723039e+01 -2.697450e+01 -2.671862e+01 -2.646274e+01
  -26.206874 -2.595101e+01 -2.569515e+01 -2.543928e+01 -2.518342e+01 -2.492756e+01 -2.467169e+01 -2.441582e+01
  -24.159943 -2.390406e+01 -2.364816e+01 -2.339225e+01 -2.313632e+01 -2.288037e+01 -2.262439e+01 -2.236838e+01
  -22.112325 -2.185622e+01 -2.160007e+01 -2.134385e+01 -2.108756e+01 -2.083120e+01 -2.057478e+01 4.371549e-01
    0.701409 9.966945e-01 1.492838e+00 4.571603e+00 1.000000e+00    13.658521 -3.210613e+01 -3.184415e+01 -3.158357e+01 -3.132408e+01 -3.107754e+01 -3.081950e+01 -3.056196e+01
  -30.304798 -3.004794e+01 -2.979131e+01 -2.953486e+01 -2.927854e+01 -2.902234e+01 -2.876621e+01 -2.851015e+01
  -28.254137 -2.799816e+01 -2.774222e+01 -2.748630e+01 -2.723039e+01 -2.697450e+01 -2.671862e+01 -2.646274e+01
  -26.206874 -2.595101e+01 -2.569515e+01 -2.543928e+01 -2.518342e+01 -2.492756e+01 -2.467169e+01 -2.441582e+01
  -24.159943 -2.390406e+01 -2.364816e+01 -2.339225e+01 -2.313632e+01 -2.288037e+01 -2.262439e+01 -2.236838e+01
  -22.112325 -2.185622e+01 -2.160007e+01 -2.134385e+01 -2.108756e+01 -2.083120e+01 -2.057478e+01 -2.031830e+01
    0.358935 8.383969e-01 1.265499e+00 1.779663e+00 5.755843e+00 1.000000e+00    13.658521 -3.210613e+01 -3.184415e+01 -3.158357e+01 -3.132408e+01 -3.107754e+01 -3.081950e+01 -3.056196e+01
  -30.304798 -3.004794e+01 -2.979131e+01 -2.953486e+01 -2.927854e+01 -2.902234e+01 -2.876621e+01 -2.851015e+01
  -28.254137 -2.799816e+01 -2.774222e+01 -2.748630e+01 -2.723039e+01 -2.697450e+01 -2.671862e+01 -2.646274e+01
  -26.206874 -2.595101e+01 -2.569515e+01 -2.543928e+01 -2.518342e+01 -2.492756e+01 -2.467169e+01 -2.441582e+01
  -24.159943 -2.390406e+01 -2.364816e+01 -2.339225e+01 -2.313632e+01 -2.288037e+01 -2.262439e+01 -2.236838e+01
  -22.112325 -2.185622e+01 -2.160007e+01 -2.134385e+01 -2.108756e+01 -2.083120e+01 -2.057478e+01 -2.031830e+01
  -20.061780 2.840021e-01 9.894045e-01 1.592191e+00 2.093720e+00 7.175766e+00 1.000000e+00    13.658521 -3.210613e+01 -3.184415e+01 -3.158357e+01 -3.132408e+01 -3.107754e+01 -3.081950e+01 -3.056196e+01
  -30.304798 -3.004794e+01 -2.979131e+01 -2.953486e+01 -2.927854e+01 -2.902234e+01 -2.876621e+01 -2.851015e+01
  -28.254137 -2.799816e+01 -2.774222e+01 -2.748630e+01 -2.723039e+01 -2.697450e+01 -2.671862e+01 -2.646274e+01
  -26.206874 -2.595101e+01 -2.569515e+01 -2.543928e+01 -2.518342e+01 -2.492756e+01 -2.467169e+01 -2.441582e+01
  -24.159943 -2.390406e+01 -2.364816e+01 -2.339225e+01 -2.313632e+01 -2.288037e+01 -2.262439e+01 -2.236838e+01
  -22.112325 -2.185622e+01 -2.160007e+01 -2.134385e+01 -2.108756e+01 -2.083120e+01 -2.057478e+01 -2.031830e+01
  -20.061780 -1.980523e+01 2.158298e-01 1.152174e+00 1.981217e+00 2.429529e+00 8.841831e+00 1.000000e+00
   13.658521 -3.210613e+01 -3.184415e+01 -3.158357e+01 -3.132408e+01 -3.107754e+01 -3.081950e+01 -3.056196e+01
  -30.304798 -3.004794e+01 -2.979131e+01 -2.953486e+01 -2.927854e+01 -2.902234e+01 -2.876621e+01 -2.851015e+01
  -28.254137 -2.799816e+01 -2.774222e+01 -2.748630e+01 -2.723039e+01 -2.697450e+01 -2.671862e+01 -2.646274e+01
  -26.206874 -2.595101e+01 -2.569515e+01 -2.543928e+01 -2.518342e+01 -2.492756e+01 -2.467169e+01 -2.441582e+01
  -24.159943 -2.390406e+01 -2.364816e+01 -2.339225e+01 -2.313632e+01 -2.288037e+01 -2.262439e+01 -2.236838e+01
  -22.112325 -2.185622e+01 -2.160007e+01 -2.134385e+01 -2.108756e+01 -2.083120e+01 -2.057478e+01 -2.031830e+01
  -20.061780 -1.980523e+01 -1.954867e+01 1.571231e-01 1.323778e+00 2.434251e+00 2.780225e+00 1.075100e+01
    1.000000    13.658521 -3.210613e+01 -3.184415e+01 -3.158357e+01 -3.132408e+01 -3.107754e+01 -3.081950e+01 -3.056196e+01
  -30.304798 -3.004794e+01 -2.979131e+01 -2.953486e+01 -2.927854e+01 -2.902234e+01 -2.876621e+01 -2.851015e+01
  -28.254137 -2.799816e+01 -2.774222e+01 -2.748630e+01 -2.723039e+01 -2.697450e+01 -2.671862e+01 -2.646274e+01
  -26.206874 -2.595101e+01 -2.569515e+01 -2.543928e+01 -2.518342e+01 -2.492756e+01 -2.467169e+01 -2.441582e+01
  -24.159943 -2.390406e+01 -2.364816e+01 -2.339225e+01 -2.313632e+01 -2.288037e+01 -2.262439e+01 -2.236838e+01
  -22.112325 -2.185622e+01 -2.160007e+01 -2.134385e+01 -2.108756e+01 -2.083120e+01 -2.057478e+01 -2.031830e+01
  -20.061780 -1.980523e+01 -1.954867e+01 -1.929212e+01 1.093743e-01 1.500920e+00 2.949686e+00 3.138260e+00
   12.885217 1.000000e+00    13.658521 -3.210613e+01 -3.184415e+01 -3.158357e+01 -3.132408e+01 -3.107754e+01 -3.081950e+01 -3.056196e+01
  -30.304798 -3.004794e+01 -2.979131e+01 -2.953486e+01 -2.927854e+01 -2.902234e+01 -2.876621e+01 -2.851015e+01
  -28.254137 -2.799816e+01 -2.774222e+01 -2.748630e+01 -2.723039e+01 -2.697450e+01 -2.671862e+01 -2.646274e+01
  -26.206874 -2.595101e+01 -2.569515e+01 -2.543928e+01 -2.518342e+01 -2.492756e+01 -2.467169e+01 -2.441582e+01
  -24.159943 -2.390406e+01 -2.364816e+01 -2.339225e+01 -2.313632e+01 -2.288037e+01 -2.262439e+01 -2.236838e+01
  -22.112325 -2.185622e+01 -2.160007e+01 -2.134385e+01 -2.108756e+01 -2.083120e+01 -2.057478e+01 -2.031830e+01
  -20.061780 -1.980523e+01 -1.954867e+01 -1.929212e+01 -1.903560e+01 7.273146e-02 1.680262e+00 3.522624e+00
    3.496144 1.521222e+01 1.000000e+00    13.658521 -3.210613e+01 -3.184415e+01 -3.158357e+01 -3.132408e+01 -3.107754e+01 -3.081950e+01 -3.056196e+01
  -30.304798 -3.004794e+01 -2.979131e+01 -2.953486e+01 -2.927854e+01 -2.902234e+01 -2.876621e+01 -2.851015e+01
  -28.254137 -2.799816e+01 -2.774222e+01 -2.748630e+01 -2.723039e+01 -2.697450e+01 -2.671862e+01 -2.646274e+01
  -26.206874 -2.595101e+01 -2.569515e+01 -2.543928e+01 -2.518342e+01 -2.492756e+01 -2.467169e+01 -2.441582e+01
  -24.159943 -2.390406e+01 -2.364816e+01 -2.339225e+01 -2.313632e+01 -2.288037e+01 -2.262439e+01 -2.236838e+01
  -22.112325 -2.185622e+01 -2.160007e+01 -2.134385e+01 -2.108756e+01 -2.083120e+01 -2.057478e+01 -2.031830e+01
  -20.061780 -1.980523e+01 -1.954867e+01 -1.929212e+01 -1.903560e+01 -1.877913e+01 4.619631e-02 1.858716e+00
    4.145373 3.847092e+00 1.768853e+01 1.000000e+00    13.658521 -3.210613e+01 -3.184415e+01 -3.158357e+01 -3.132408e+01 -3.107754e+01 -3.081950e+01 -3.056196e+01
  -30.304798 -3.004794e+01 -2.979131e+01 -2.953486e+01 -2.927854e+01 -2.902234e+01 -2.876621e+01 -2.851015e+01
  -28.254137 -2.799816e+01 -2.774222e+01 -2.748630e+01 -2.723039e+01 -2.697450e+01 -2.671862e+01 -2.646274e+01
  -26.206874 -2.595101e+01 -2.569515e+01 -2.543928e+01 -2.518342e+01 -2.492756e+01 -2.467169e+01 -2.441582e+01
  -24.159943 -2.390406e+01 -2.364816e+01 -2.339225e+01 -2.313632e+01 -2.288037e+01 -2.262439e+01 -2.236838e+01
  -22.112325 -2.185622e+01 -2.160007e+01 -2.134385e+01 -2.108756e+01 -2.083120e+01 -2.057478e+01 -2.031830e+01
  -20.061780 -1.980523e+01 -1.954867e+01 -1.929212e+01 -1.903560e+01 -1.877913e+01 -1.852271e+01 2.804376e-02
    2.033656 4.808375e+00 4.185455e+00 2.026393e+01 1.000000e+00    13.658521 -3.210613e+01 -3.184415e+01 -3.158357e+01 -3.132408e+01 -3.107754e+01 -3.081950e+01 -3.056196e+01
  -30.304798 -3.004794e+01 -2.979131e+01 -2.953486e+01 -2.927854e+01 -2.902234e+01 -2.876621e+01 -2.851015e+01
  -28.254137 -2.799816e+01 -2.774222e+01 -2.748630e+01 -2.723039e+01 -2.697450e+01 -2.671862e+01 -2.646274e+01
  -26.206874 -2.595101e+01 -2.569515e+01 -2.543928e+01 -2.518342e+01 -2.492756e+01 -2.467169e+01 -2.441582e+01
  -24.159943 -2.390406e+01 -2.364816e+01 -2.339225e+01 -2.313632e+01 -2.288037e+01 -2.262439e+01 -2.236838e+01
  -22.112325 -2.185622e+01 -2.160007e+01 -2.134385e+01 -2.108756e+01 -2.083120e+01 -2.057478e+01 -2.031830e+01
  -20.061780 -1.980523e+01 -1.954867e+01 -1.929212e+01 -1.903560e+01 -1.877913e+01 -1.852271e+01 -1.826636e+01
    0.016290 2.203045e+00 5.501409e+00 4.506942e+00 2.288678e+01 1.000000e+00    13.658521 -3.210613e+01 -3.184415e+01 -3.158357e+01 -3.132408e+01 -3.107754e+01 -3.081950e+01 -3.056196e+01
  -30.304798 -3.004794e+01 -2.979131e+01 -2.953486e+01 -2.927854e+01 -2.902234e+01 -2.876621e+01 -2.851015e+01
  -28.254137 -2.799816e+01 -2.774222e+01 -2.748630e+01 -2.723039e+01 -2.697450e+01 -2.671862e+01 -2.646274e+01
  -26.206874 -2.595101e+01 -2.569515e+01 -2.543928e+01 -2.518342e+01 -2.492756e+01 -2.467169e+01 -2.441582e+01
  -24.159943 -2.390406e+01 -2.364816e+01 -2.339225e+01 -2.313632e+01 -2.288037e+01 -2.262439e+01 -2.236838e+01
  -22.112325 -2.185622e+01 -2.160007e+01 -2.134385e+01 -2.108756e+01 -2.083120e+01 -2.057478e+01 -2.031830e+01
  -20.061780 -1.980523e+01 -1.954867e+01 -1.929212e+01 -1.903560e+01 -1.877913e+01 -1.852271e+01 -1.826636e+01
  -18.010063 9.070066e-03 2.365504e+00 6.214902e+00 4.808689e+00 2.550924e+01 1.000000e+00    13.658521 -3.210613e+01 -3.184415e+01 -3.158357e+01 -3.132408e+01 -3.107754e+01 -3.081950e+01 -3.056196e+01
  -30.304798 -3.004794e+01 -2.979131e+01 -2.953486e+01 -2.927854e+01 -2.902234e+01 -2.876621e+01 -2.851015e+01
  -28.254137 -2.799816e+01 -2.774222e+01 -2.748630e+01 -2.723039e+01 -2.697450e+01 -2.671862e+01 -2.646274e+01
  -26.206874 -2.595101e+01 -2.569515e+01 -2.543928e+01 -2.518342e+01 -2.492756e+01 -2.467169e+01 -2.441582e+01
  -24.159943 -2.390406e+01 -2.364816e+01 -2.339225e+01 -2.313632e+01 -2.288037e+01 -2.262439e+01 -2.236838e+01
  -22.112325 -2.185622e+01 -2.160007e+01 -2.134385e+01 -2.108756e+01 -2.083120e+01 -2.057478e+01 -2.031830e+01
  -20.061780 -1.980523e+01 -1.954867e+01 -1.929212e+01 -1.903560e+01 -1.877913e+01 -1.852271e+01 -1.826636e+01
  -18.010063 -1.775383e+01 4.849446e-03 2.520322e+00 6.941105e+00 5.089224e+00 2.809184e+01 1.000000e+00
   13.658521 -3.210613e+01 -3.184415e+01 -3.158357e+01 -3.132408e+01 -3.107754e+01 -3.081950e+01 -3.056196e+01
  -30.304798 -3.004794e+01 -2.979131e+01 -2.953486e+01 -2.927854e+01 -2.902234e+01 -2.876621e+01 -2.851015e+01
  -28.254137 -2.799816e+01 -2.774222e+01 -2.748630e+01 -2.723039e+01 -2.697450e+01 -2.671862e+01 -2.646274e+01
  -26.206874 -2.595101e+01 -2.569515e+01 -2.543928e+01 -2.518342e+01 -2.492756e+01 -2.467169e+01 -2.441582e+01
  -24.159943 -2.390406e+01 -2.364816e+01 -2.339225e+01 -2.313632e+01 -2.288037e+01 -2.262439e+01 -2.236838e+01
  -22.112325 -2.185622e+01 -2.160007e+01 -2.134385e+01 -2.108756e+01 -2.083120e+01 -2.057478e+01 -2.031830e+01
  -20.061780 -1.980523e+01 -1.954867e+01 -1.929212e+01 -1.903560e+01 -1.877913e+01 -1.852271e+01 -1.826636e+01
  -18.010063 -1.775383e+01 -1.749766e+01 2.494838e-03 2.667425e+00 7.674842e+00 5.348340e+00 3.060627e+01
    1.000000    13.658521 -3.210613e+01 -3.184415e+01 -3.158357e+01 -3.132408e+01 -3.107754e+01 -3.081950e+01 -3.056196e+01
  -30.304798 -3.004794e+01 -2.979131e+01 -2.953486e+01 -2.927854e+01 -2.902234e+01 -2.876621e+01 -2.851015e+01
  -28.254137 -2.799816e+01 -2.774222e+01 -2.748630e+01 -2.723039e+01 -2.697450e+01 -2.671862e+01 -2.646274e+01
  -26.206874 -2.595101e+01 -2.569515e+01 -2.543928e+01 -2.518342e+01 -2.492756e+01 -2.467169e+01 -2.441582e+01
  -24.159943 -2.390406e+01 -2.364816e+01 -2.339225e+01 -2.313632e+01 -2.288037e+01 -2.262439e+01 -2.236838e+01
  -22.112325 -2.185622e+01 -2.160007e+01 -2.134385e+01 -2.108756e+01 -2.083120e+01 -2.057478e+01 -2.031830e+01
  -20.061780 -1.980523e+01 -1.954867e+01 -1.929212e+01 -1.903560e+01 -1.877913e+01 -1.852271e+01 -1.826636e+01
  -18.010063 -1.775383e+01 -1.749766e+01 -1.724154e+01 1.237370e-03 2.807268e+00 8.413615e+00 5.586872e+00
   33.035908 1.000000e+00    13.658521 -3.210613e+01 -3.184415e+01 -3.158357e+01 -3.132408e+01 -3.107754e+01 -3.081950e+01 -3.056196e+01
  -30.304798 -3.004794e+01 -2.979131e+01 -2.953486e+01 -2.927854e+01 -2.902234e+01 -2.876621e+01 -2.851015e+01
  -28.254137 -2.799816e+01 -2.774222e+01 -2.748630e+01 -2.723039e+01 -2.697450e+01 -2.671862e+01 -2.646274e+01
  -26.206874 -2.595101e+01 -2.569515e+01 -2.543928e+01 -2.518342e+01 -2.492756e+01 -2.467169e+01 -2.441582e+01
  -24.159943 -2.390406e+01 -2.364816e+01 -2.339225e+01 -2.313632e+01 -2.288037e+01 -2.262439e+01 -2.236838e+01
  -22.112325 -2.185622e+01 -2.160007e+01 -2.134385e+01 -2.108756e+01 -2.083120e+01 -2.057478e+01 -2.031830e+01
  -20.061780 -1.980523e+01 -1.954867e+01 -1.929212e+01 -1.903560e+01 -1.877913e+01 -1.852271e+01 -1.826636e+01
  -18.010063 -1.775383e+01 -1.749766e+01 -1.724154e+01 -1.698547e+01 5.926898e-04 2.940655e+00 9.156988e+00
    5.806364 3.537373e+01 1.000000e+00    13.658521 -3.210613e+01 -3.184415e+01 -3.158357e+01 -3.132408e+01 -3.107754e+01 -3.081950e+01 -3.056196e+01
  -30.304798 -3.004794e+01 -2.979131e+01 -2.953486e+01 -2.927854e+01 -2.902234e+01 -2.876621e+01 -2.851015e+01
  -28.254137 -2.799816e+01 -2.774222e+01 -2.748630e+01 -2.723039e+01 -2.697450e+01 -2.671862e+01 -2.646274e+01
  -26.206874 -2.595101e+01 -2.569515e+01 -2.543928e+01 -2.518342e+01 -2.492756e+01 -2.467169e+01 -2.441582e+01
  -24.159943 -2.390406e+01 -2.364816e+01 -2.339225e+01 -2.313632e+01 -2.288037e+01 -2.262439e+01 -2.236838e+01
  -22.112325 -2.185622e+01 -2.160007e+01 -2.134385e+01 -2.108756e+01 -2.083120e+01 -2.057478e+01 -2.031830e+01
  -20.061780 -1.980523e+01 -1.954867e+01 -1.929212e+01 -1.903560e+01 -1.877913e+01 -1.852271e+01 -1.826636e+01
  -18.010063 -1.775383e+01 -1.749766e+01 -1.724154e+01 -1.698547e+01 -1.672943e+01 2.745935e-04 3.068508e+00
    9.905467 6.008664e+00 3.761839e+01 1.000000e+00    13.658521 -3.210613e+01 -3.184415e+01 -3.158357e+01 -3.132408e+01 -3.107754e+01 -3.081950e+01 -3.056196e+01
  -30.304798 -3.004794e+01 -2.979131e+01 -2.953486e+01 -2.927854e+01 -2.902234e+01 -2.876621e+01 -2.851015e+01
  -28.254137 -2.799816e+01 -2.774222e+01 -2.748630e+01 -2.723039e+01 -2.697450e+01 -2.671862e+01 -2.646274e+01
  -26.206874 -2.595101e+01 -2.569515e+01 -2.543928e+01 -2.518342e+01 -2.492756e+01 -2.467169e+01 -2.441582e+01
  -24.159943 -2.390406e+01 -2.364816e+01 -2.339225e+01 -2.313632e+01 -2.288037e+01 -2.262439e+01 -2.236838e+01
  -22.112325 -2.185622e+01 -2.160007e+01 -2.134385e+01 -2.108756e+01 -2.083120e+01 -2.057478e+01 -2.031830e+01
  -20.061780 -1.980523e+01 -1.954867e+01 -1.929212e+01 -1.903560e+01 -1.877913e+01 -1.852271e+01 -1.826636e+01
  -18.010063 -1.775383e+01 -1.749766e+01 -1.724154e+01 -1.698547e+01 -1.672943e+01 -1.647343e+01 1.232117e-04
    3.191647 1.065929e+01 6.195528e+00 3.976962e+01 1.000000e+00    13.658521 -3.210613e+01 -3.184415e+01 -3.158357e+01 -3.132408e+01 -3.107754e+01 -3.081950e+01 -3.056196e+01
  -30.304798 -3.004794e+01 -2.979131e+01 -2.953486e+01 -2.927854e+01 -2.902234e+01 -2.876621e+01 -2.851015e+01
  -28.254137 -2.799816e+01 -2.774222e+01 -2.748630e+01 -2.723039e+01 -2.697450e+01 -2.671862e+01 -2.646274e+01
  -26.206874 -2.595101e+01 -2.569515e+01 -2.543928e+01 -2.518342e+01 -2.492756e+01 -2.467169e+01 -2.441582e+01
  -24.159943 -2.390406e+01 -2.364816e+01 -2.339225e+01 -2.313632e+01 -2.288037e+01 -2.262439e+01 -2.236838e+01
  -22.112325 -2.185622e+01 -2.160007e+01 -2.134385e+01 -2.108756e+01 -2.083120e+01 -2.057478e+01 -2.031830e+01
  -20.061780 -1.980523e+01 -1.954867e+01 -1.929212e+01 -1.903560e+01 -1.877913e+01 -1.852271e+01 -1.826636e+01
  -18.010063 -1.775383e+01 -1.749766e+01 -1.724154e+01 -1.698547e+01 -1.672943e+01 -1.647343e+01 -1.621747e+01
    0.000054 3.310643e+00 1.141763e+01 6.368327e+00 4.182471e+01 1.000000e+00    13.658521 -3.210613e+01 -3.184415e+01 -3.158357e+01 -3.132408e+01 -3.107754e+01 -3.081950e+01 -3.056196e+01
  -30.304798 -3.004794e+01 -2.979131e+01 -2.953486e+01 -2.927854e+01 -2.902234e+01 -2.876621e+01 -2.851015e+01
  -28.254137 -2.799816e+01 -2.774222e+01 -2.748630e+01 -2.723039e+01 -2.697450e+01 -2.671862e+01 -2.646274e+01
  -26.206874 -2.595101e+01 -2.569515e+01 -2.543928e+01 -2.518342e+01 -2.492756e+01 -2.467169e+01 -2.441582e+01
  -24.159943 -2.390406e+01 -2.364816e+01 -2.339225e+01 -2.313632e+01 -2.288037e+01 -2.262439e+01 -2.236838e+01
  -22.112325 -2.185622e+01 -2.160007e+01 -2.134385e+01 -2.108756e+01 -2.083120e+01 -2.057478e+01 -2.031830e+01
  -20.061780 -1.980523e+01 -1.954867e+01 -1.929212e+01 -1.903560e+01 -1.877913e+01 -1.852271e+01 -1.826636e+01
  -18.010063 -1.775383e+01 -1.749766e+01 -1.724154e+01 -1.698547e+01 -1.672943e+01 -1.647343e+01 -1.621747e+01
  -15.961520 2.263429e-05 3.425791e+00 1.217863e+01 6.527933e+00 4.377694e+01 1.000000e+00    13.658521 -3.210613e+01 -3.184415e+01 -3.158357e+01 -3.132408e+01 -3.107754e+01 -3.081950e+01 -3.056196e+01
  -30.304798 -3.004794e+01 -2.979131e+01 -2.953486e+01 -2.927854e+01 -2.902234e+01 -2.876621e+01 -2.851015e+01
  -28.254137 -2.799816e+01 -2.774222e+01 -2.748630e+01 -2.723039e+01 -2.697450e+01 -2.671862e+01 -2.646274e+01
  -26.206874 -2.595101e+01 -2.569515e+01 -2.543928e+01 -2.518342e+01 -2.492756e+01 -2.467169e+01 -2.441582e+01
  -24.159943 -2.390406e+01 -2.364816e+01 -2.339225e+01 -2.313632e+01 -2.288037e+01 -2.262439e+01 -2.236838e+01
  -22.112325 -2.185622e+01 -2.160007e+01 -2.134385e+01 -2.108756e+01 -2.083120e+01 -2.057478e+01 -2.031830e+01
  -20.061780 -1.980523e+01 -1.954867e+01 -1.929212e+01 -1.903560e+01 -1.877913e+01 -1.852271e+01 -1.826636e+01
  -18.010063 -1.775383e+01 -1.749766e+01 -1.724154e+01 -1.698547e+01 -1.672943e+01 -1.647343e+01 -1.621747e+01
  -15.961520 -1.570559e+01 9.284821e-06 3.537219e+00 1.294021e+01 6.674791e+00 4.561665e+01 1.000000e+00
   13.658521 -3.210613e+01 -3.184415e+01 -3.158357e+01 -3.132408e+01 -3.107754e+01 -3.081950e+01 -3.056196e+01
  -30.304798 -3.004794e+01 -2.979131e+01 -2.953486e+01 -2.927854e+01 -2.902234e+01 -2.876621e+01 -2.851015e+01
  -28.254137 -2.799816e+01 -2.774222e+01 -2.748630e+01 -2.723039e+01 -2.697450e+01 -2.671862e+01 -2.646274e+01
  -26.206874 -2.595101e+01 -2.569515e+01 -2.543928e+01 -2.518342e+01 -2.492756e+01 -2.467169e+01 -2.441582e+01
  -24.159943 -2.390406e+01 -2.364816e+01 -2.339225e+01 -2.313632e+01 -2.288037e+01 -2.262439e+01 -2.236838e+01
  -22.112325 -2.185622e+01 -2.160007e+01 -2.134385e+01 -2.108756e+01 -2.083120e+01 -2.057478e+01 -2.031830e+01
  -20.061780 -1.980523e+01 -1.954867e+01 -1.929212e+01 -1.903560e+01 -1.877913e+01 -1.852271e+01 -1.826636e+01
  -18.010063 -1.775383e+01 -1.749766e+01 -1.724154e+01 -1.698547e+01 -1.672943e+01 -1.647343e+01 -1.621747e+01
  -15.961520 -1.570559e+01 -1.544968e+01 3.703571e-06 3.645086e+00 1.370162e+01 6.809139e+00 4.733401e+01
    1.000000    13.658521 -3.210613e+01 -3.184415e+01 -3.158357e+01 -3.132408e+01 -3.107754e+01 -3.081950e+01 -3.056196e+01
  -30.304798 -3.004794e+01 -2.979131e+01 -2.953486e+01 -2.927854e+01 -2.902234e+01 -2.876621e+01 -2.851015e+01
  -28.254137 -2.799816e+01 -2.774222e+01 -2.748630e+01 -2.723039e+01 -2.697450e+01 -2.671862e+01 -2.646274e+01
  -26.206874 -2.595101e+01 -2.569515e+01 -2.543928e+01 -2.518342e+01 -2.492756e+01 -2.467169e+01 -2.441582e+01
  -24.159943 -2.390406e+01 -2.364816e+01 -2.339225e+01 -2.313632e+01 -2.288037e+01 -2.262439e+01 -2.236838e+01
  -22.112325 -2.185622e+01 -2.160007e+01 -2.134385e+01 -2.108756e+01 -2.083120e+01 -2.057478e+01 -2.031830e+01
  -20.061780 -1.980523e+01 -1.954867e+01 -1.929212e+01 -1.903560e+01 -1.877913e+01 -1.852271e+01 -1.826636e+01
  -18.010063 -1.775383e+01 -1.749766e+01 -1.724154e+01 -1.698547e+01 -1.672943e+01 -1.647343e+01 -1.621747e+01
  -15.961520 -1.570559e+01 -1.544968e+01 -1.519379e+01 1.437743e-06 3.749803e+00 1.446502e+01 6.931270e+00
   48.922472 1.000000e+00    13.658521 -3.210613e+01 -3.184415e+01 -3.158357e+01 -3.132408e+01 -3.107754e+01 -3.081950e+01 -3.056196e+01
  -30.304798 -3.004794e+01 -2.979131e+01 -2.953486e+01 -2.927854e+01 -2.902234e+01 -2.876621e+01 -2.851015e+01
  -28.254137 -2.799816e+01 -2.774222e+01 -2.748630e+01 -2.723039e+01 -2.697450e+01 -2.671862e+01 -2.646274e+01
  -26.206874 -2.595101e+01 -2.569515e+01 -2.543928e+01 -2.518342e+01 -2.492756e+01 -2.467169e+01 -2.441582e+01
  -24.159943 -2.390406e+01 -2.364816e+01 -2.339225e+01 -2.313632e+01 -2.288037e+01 -2.262439e+01 -2.236838e+01
  -22.112325 -2.185622e+01 -2.160007e+01 -2.134385e+01 -2.108756e+01 -2.083120e+01 -2.057478e+01 -2.031830e+01
  -20.061780 -1.980523e+01 -1.954867e+01 -1.929212e+01 -1.903560e+01 -1.877913e+01 -1.852271e+01 -1.826636e+01
  -18.010063 -1.775383e+01 -1.749766e+01 -1.724154e+01 -1.698547e+01 -1.672943e+01 -1.647343e+01 -1.621747e+01
  -15.961520 -1.570559e+01 -1.544968e+01 -1.519379e+01 -1.493790e+01 5.435763e-07 3.852198e+00 1.523660e+01
    7.041739 5.038132e+01 1.000000e+00    13.658521 -3.210613e+01 -3.184415e+01 -3.158357e+01 -3.132408e+01 -3.107754e+01 -3.081950e+01 -3.056196e+01
  -30.304798 -3.004794e+01 -2.979131e+01 -2.953486e+01 -2.927854e+01 -2.902234e+01 -2.876621e+01 -2.851015e+01
  -28.254137 -2.799816e+01 -2.774222e+01 -2.748630e+01 -2.723039e+01 -2.697450e+01 -2.671862e+01 -2.646274e+01
  -26.206874 -2.595101e+01 -2.569515e+01 -2.543928e+01 -2.518342e+01 -2.492756e+01 -2.467169e+01 -2.441582e+01
  -24.159943 -2.390406e+01 -2.364816e+01 -2.339225e+01 -2.313632e+01 -2.288037e+01 -2.262439e+01 -2.236838e+01
  -22.112325 -2.185622e+01 -2.160007e+01 -2.134385e+01 -2.108756e+01 -2.083120e+01 -2.057478e+01 -2.031830e+01
  -20.061780 -1.980523e+01 -1.954867e+01 -1.929212e+01 -1.903560e+01 -1.877913e+01 -1.852271e+01 -1.826636e+01
  -18.010063 -1.775383e+01 -1.749766e+01 -1.724154e+01 -1.698547e+01 -1.672943e+01 -1.647343e+01 -1.621747e+01
  -15.961520 -1.570559e+01 -1.544968e+01 -1.519379e+01 -1.493790e+01 -1.468203e+01 2.002380e-07 3.953565e+00
   16.026930 7.141456e+00 5.171666e+01 1.000000e+00    13.658521 -3.210613e+01 -3.184415e+01 -3.158357e+01 -3.132408e+01 -3.107754e+01 -3.081950e+01 -3.056196e+01
  -30.304798 -3.004794e+01 -2.979131e+01 -2.953486e+01 -2.927854e+01 -2.902234e+01 -2.876621e+01 -2.851015e+01
  -28.254137 -2.799816e+01 -2.774222e+01 -2.748630e+01 -2.723039e+01 -2.697450e+01 -2.671862e+01 -2.646274e+01
  -26.206874 -2.595101e+01 -2.569515e+01 -2.543928e+01 -2.518342e+01 -2.492756e+01 -2.467169e+01 -2.441582e+01
  -24.159943 -2.390406e+01 -2.364816e+01 -2.339225e+01 -2.313632e+01 -2.288037e+01 -2.262439e+01 -2.236838e+01
  -22.112325 -2.185622e+01 -2.160007e+01 -2.134385e+01 -2.108756e+01 -2.083120e+01 -2.057478e+01 -2.031830e+01
  -20.061780 -1.980523e+01 -1.954867e+01 -1.929212e+01 -1.903560e+01 -1.877913e+01 -1.852271e+01 -1.826636e+01
  -18.010063 -1.775383e+01 -1.749766e+01 -1.724154e+01 -1.698547e+01 -1.672943e+01 -1.647343e+01 -1.621747e+01
  -15.961520 -1.570559e+01 -1.544968e+01 -1.519379e+01 -1.493790e+01 -1.468203e+01 -1.442615e+01 7.187211e-08
    4.055599 1.685045e+01 7.231648e+00 5.294044e+01 1.000000e+00    13.658521 -3.210613e+01 -3.184415e+01 -3.158357e+01 -3.132408e+01 -3.107754e+01 -3.081950e+01 -3.056196e+01
  -30.304798 -3.004794e+01 -2.979131e+01 -2.953486e+01 -2.927854e+01 -2.902234e+01 -2.876621e+01 -2.851015e+01
  -28.254137 -2.799816e+01 -2.774222e+01 -2.748630e+01 -2.723039e+01 -2.697450e+01 -2.671862e+01 -2.646274e+01
  -26.206874 -2.595101e+01 -2.569515e+01 -2.543928e+01 -2.518342e+01 -2.492756e+01 -2.467169e+01 -2.441582e+01
  -24.159943 -2.390406e+01 -2.364816e+01 -2.339225e+01 -2.313632e+01 -2.288037e+01 -2.262439e+01 -2.236838e+01
  -22.112325 -2.185622e+01 -2.160007e+01 -2.134385e+01 -2.108756e+01 -2.083120e+01 -2.057478e+01 -2.031830e+01
  -20.061780 -1.980523e+01 -1.954867e+01 -1.929212e+01 -1.903560e+01 -1.877913e+01 -1.852271e+01 -1.826636e+01
  -18.010063 -1.775383e+01 -1.749766e+01 -1.724154e+01 -1.698547e+01 -1.672943e+01 -1.647343e+01 -1.621747e+01
  -15.961520 -1.570559e+01 -1.544968e+01 -1.519379e+01 -1.493790e+01 -1.468203e+01 -1.442615e+01 -1.417029e+01
    0.000000 4.160232e+00 1.772412e+01 7.313710e+00 5.406815e+01 1.000000e+00    13.658521 -3.210613e+01 -3.184415e+01 -3.158357e+01 -3.132408e+01 -3.107754e+01 -3.081950e+01 -3.056196e+01
  -30.304798 -3.004794e+01 -2.979131e+01 -2.953486e+01 -2.927854e+01 -2.902234e+01 -2.876621e+01 -2.851015e+01
  -28.254137 -2.799816e+01 -2.774222e+01 -2.748630e+01 -2.723039e+01 -2.697450e+01 -2.671862e+01 -2.646274e+01
  -26.206874 -2.595101e+01 -2.569515e+01 -2.543928e+01 -2.518342e+01 -2.492756e+01 -2.467169e+01 -2.441582e+01
  -24.159943 -2.390406e+01 -2.364816e+01 -2.339225e+01 -2.313632e+01 -2.288037e+01 -2.262439e+01 -2.236838e+01
  -22.112325 -2.185622e+01 -2.160007e+01 -2.134385e+01 -2.108756e+01 -2.083120e+01 -2.057478e+01 -2.031830e+01
  -20.061780 -1.980523e+01 -1.954867e+01 -1.929212e+01 -1.903560e+01 -1.877913e+01 -1.852271e+01 -1.826636e+01
  -18.010063 -1.775383e+01 -1.749766e+01 -1.724154e+01 -1.698547e+01 -1.672943e+01 -1.647343e+01 -1.621747e+01
  -15.961520 -1.570559e+01 -1.544968e+01 -1.519379e+01 -1.493790e+01 -1.468203e+01 -1.442615e+01 -1.417029e+01
  -13.914430 8.547237e-09 4.269405e+00 1.866574e+01 7.389015e+00 5.511571e+01 1.000000e+00    13.658521 -3.210613e+01 -3.184415e+01 -3.158357e+01 -3.132408e+01 -3.107754e+01 -3.081950e+01 -3.056196e+01
  -30.304798 -3.004794e+01 -2.979131e+01 -2.953486e+01 -2.927854e+01 -2.902234e+01 -2.876621e+01 -2.851015e+01
  -28.254137 -2.799816e+01 -2.774222e+01 -2.748630e+01 -2.723039e+01 -2.697450e+01 -2.671862e+01 -2.646274e+01
  -26.206874 -2.595101e+01 -2.569515e+01 -2.543928e+01 -2.518342e+01 -2.492756e+01 -2.467169e+01 -2.441582e+01
  -24.159943 -2.390406e+01 -2.364816e+01 -2.339225e+01 -2.313632e+01 -2.288037e+01 -2.262439e+01 -2.236838e+01
  -22.112325 -2.185622e+01 -2.160007e+01 -2.134385e+01 -2.108756e+01 -2.083120e+01 -2.057478e+01 -2.031830e+01
  -20.061780 -1.980523e+01 -1.954867e+01 -1.929212e+01 -1.903560e+01 -1.877913e+01 -1.852271e+01 -1.826636e+01
  -18.010063 -1.775383e+01 -1.749766e+01 -1.724154e+01 -1.698547e+01 -1.672943e+01 -1.647343e+01 -1.621747e+01
  -15.961520 -1.570559e+01 -1.544968e+01 -1.519379e+01 -1.493790e+01 -1.468203e+01 -1.442615e+01 -1.417029e+01
  -13.914430 -1.365857e+01 2.825360e-09 4.384835e+00 1.969201e+01 7.458719e+00 5.609650e+01 1.000000e+00
   13.658521 -3.210613e+01 -3.184415e+01 -3.158357e+01 -3.132408e+01 -3.107754e+01 -3.081950e+01 -3.056196e+01
  -30.304798 -3.004794e+01 -2.979131e+01 -2.953486e+01 -2.927854e+01 -2.902234e+01 -2.876621e+01 -2.851015e+01
  -28.254137 -2.799816e+01 -2.774222e+01 -2.748630e+01 -2.723039e+01 -2.697450e+01 -2.671862e+01 -2.646274e+01
  -26.206874 -2.595101e+01 -2.569515e+01 -2.543928e+01 -2.518342e+01 -2.492756e+01 -2.467169e+01 -2.441582e+01
  -24.159943 -2.390406e+01 -2.364816e+01 -2.339225e+01 -2.313632e+01 -2.288037e+01 -2.262439e+01 -2.236838e+01
  -22.112325 -2.185622e+01 -2.160007e+01 -2.134385e+01 -2.108756e+01 -2.083120e+01 -2.057478e+01 -2.031830e+01
  -20.061780 -1.980523e+01 -1.954867e+01 -1.929212e+01 -1.903560e+01 -1.877913e+01 -1.852271e+01 -1.826636e+01
  -18.010063 -1.775383e+01 -1.749766e+01 -1.724154e+01 -1.698547e+01 -1.672943e+01 -1.647343e+01 -1.621747e+01
  -15.961520 -1.570559e+01 -1.544968e+01 -1.519379e+01 -1.493790e+01 -1.468203e+01 -1.442615e+01 -1.417029e+01
  -13.914430 -1.365857e+01 -1.340272e+01 9.059229e-10 4.507814e+00 2.081697e+01 7.523618e+00 5.701912e+01
    1.000000    13.658521 -3.210613e+01 -3.184415e+01 -3.158357e+01 -3.132408e+01 -3.107754e+01 -3.081950e+01 -3.056196e+01
  -30.304798 -3.004794e+01 -2.979131e+01 -2.953486e+01 -2.927854e+01 -2.902234e+01 -2.876621e+01 -2.851015e+01
  -28.254137 -2.799816e+01 -2.774222e+01 -2.748630e+01 -2.723039e+01 -2.697450e+01 -2.671862e+01 -2.646274e+01
  -26.206874 -2.595101e+01 -2.569515e+01 -2.543928e+01 -2.518342e+01 -2.492756e+01 -2.467169e+01 -2.441582e+01
  -24.159943 -2.390406e+01 -2.364816e+01 -2.339225e+01 -2.313632e+01 -2.288037e+01 -2.262439e+01 -2.236838e+01
  -22.112325 -2.185622e+01 -2.160007e+01 -2.134385e+01 -2.108756e+01 -2.083120e+01 -2.057478e+01 -2.031830e+01
  -20.061780 -1.980523e+01 -1.954867e+01 -1.929212e+01 -1.903560e+01 -1.877913e+01 -1.852271e+01 -1.826636e+01
  -18.010063 -1.775383e+01 -1.749766e+01 -1.724154e+01 -1.698547e+01 -1.672943e+01 -1.647343e+01 -1.621747e+01
  -15.961520 -1.570559e+01 -1.544968e+01 -1.519379e+01 -1.493790e+01 -1.468203e+01 -1.442615e+01 -1.417029e+01
  -13.914430 -1.365857e+01 -1.340272e+01 -1.314687e+01 2.811845e-10 4.639092e+00 2.205091e+01 7.584087e+00
   57.886472 1.000000e+00    13.658521 -3.210613e+01 -3.184415e+01 -3.158357e+01 -3.132408e+01 -3.107754e+01 -3.081950e+01 -3.056196e+01
  -30.304798 -3.004794e+01 -2.979131e+01 -2.953486e+01 -2.927854e+01 -2.902234e+01 -2.876621e+01 -2.851015e+01
  -28.254137 -2.799816e+01 -2.774222e+01 -2.748630e+01 -2.723039e+01 -2.697450e+01 -2.671862e+01 -2.646274e+01
  -26.206874 -2.595101e+01 -2.569515e+01 -2.543928e+01 -2.518342e+01 -2.492756e+01 -2.467169e+01 -2.441582e+01
  -24.159943 -2.390406e+01 -2.364816e+01 -2.339225e+01 -2.313632e+01 -2.288037e+01 -2.262439e+01 -2.236838e+01
  -22.112325 -2.185622e+01 -2.160007e+01 -2.134385e+01 -2.108756e+01 -2.083120e+01 -2.057478e+01 -2.031830e+01
  -20.061780 -1.980523e+01 -1.954867e+01 -1.929212e+01 -1.903560e+01 -1.877913e+01 -1.852271e+01 -1.826636e+01
  -18.010063 -1.775383e+01 -1.749766e+01 -1.724154e+01 -1.698547e+01 -1.672943e+01 -1.647343e+01 -1.621747e+01
  -15.961520 -1.570559e+01 -1.544968e+01 -1.519379e+01 -1.493790e+01 -1.468203e+01 -1.442615e+01 -1.417029e+01
  -13.914430 -1.365857e+01 -1.340272e+01 -1.314687e+01 -1.289102e+01 8.430167e-11 4.778854e+00 2.340004e+01
    7.640119 5.869618e+01 1.000000e+00    13.658521 -3.210613e+01 -3.184415e+01 -3.158357e+01 -3.132408e+01 -3.107754e+01 -3.081950e+01 -3.056196e+01
  -30.304798 -3.004794e+01 -2.979131e+01 -2.953486e+01 -2.927854e+01 -2.902234e+01 -2.876621e+01 -2.851015e+01
  -28.254137 -2.799816e+01 -2.774222e+01 -2.748630e+01 -2.723039e+01 -2.697450e+01 -2.671862e+01 -2.646274e+01
  -26.206874 -2.595101e+01 -2.569515e+01 -2.543928e+01 -2.518342e+01 -2.492756e+01 -2.467169e+01 -2.441582e+01
  -24.159943 -2.390406e+01 -2.364816e+01 -2.339225e+01 -2.313632e+01 -2.288037e+01 -2.262439e+01 -2.236838e+01
  -22.112325 -2.185622e+01 -2.160007e+01 -2.134385e+01 -2.108756e+01 -2.083120e+01 -2.057478e+01 -2.031830e+01
  -20.061780 -1.980523e+01 -1.954867e+01 -1.929212e+01 -1.903560e+01 -1.877913e+01 -1.852271e+01 -1.826636e+01
  -18.010063 -1.775383e+01 -1.749766e+01 -1.724154e+01 -1.698547e+01 -1.672943e+01 -1.647343e+01 -1.621747e+01
  -15.961520 -1.570559e+01 -1.544968e+01 -1.519379e+01 -1.493790e+01 -1.468203e+01 -1.442615e+01 -1.417029e+01
  -13.914430 -1.365857e+01 -1.340272e+01 -1.314687e+01 -1.289102e+01 -1.263517e+01 2.436099e-11 4.926803e+00
   24.866892 7.691449e+00 5.944241e+01 1.000000e+00    13.658521 -3.210613e+01 -3.184415e+01 -3.158357e+01 -3.132408e+01 -3.107754e+01 -3.081950e+01 -3.056196e+01
  -30.304798 -3.004794e+01 -2.979131e+01 -2.953486e+01 -2.927854e+01 -2.902234e+01 -2.876621e+01 -2.851015e+01
  -28.254137 -2.799816e+01 -2.774222e+01 -2.748630e+01 -2.723039e+01 -2.697450e+01 -2.671862e+01 -2.646274e+01
  -26.206874 -2.595101e+01 -2.569515e+01 -2.543928e+01 -2.518342e+01 -2.492756e+01 -2.467169e+01 -2.441582e+01
  -24.159943 -2.390406e+01 -2.364816e+01 -2.339225e+01 -2.313632e+01 -2.288037e+01 -2.262439e+01 -2.236838e+01
  -22.112325 -2.185622e+01 -2.160007e+01 -2.134385e+01 -2.108756e+01 -2.083120e+01 -2.057478e+01 -2.031830e+01
  -20.061780 -1.980523e+01 -1.954867e+01 -1.929212e+01 -1.903560e+01 -1.877913e+01 -1.852271e+01 -1.826636e+01
  -18.010063 -1.775383e+01 -1.749766e+01 -1.724154e+01 -1.698547e+01 -1.672943e+01 -1.647343e+01 -1.621747e+01
  -15.961520 -1.570559e+01 -1.544968e+01 -1.519379e+01 -1.493790e+01 -1.468203e+01 -1.442615e+01 -1.417029e+01
  -13.914430 -1.365857e+01 -1.340272e+01 -1.314687e+01 -1.289102e+01 -1.263517e+01 -1.237932e+01 6.771592e-12
    5.082295 2.645119e+01 7.737726e+00 6.011839e+01 1.000000e+00    13.658521 -3.210613e+01 -3.184415e+01 -3.158357e+01 -3.132408e+01 -3.107754e+01 -3.081950e+01 -3.056196e+01
  -30.304798 -3.004794e+01 -2.979131e+01 -2.953486e+01 -2.927854e+01 -2.902234e+01 -2.876621e+01 -2.851015e+01
  -28.254137 -2.799816e+01 -2.774222e+01 -2.748630e+01 -2.723039e+01 -2.697450e+01 -2.671862e+01 -2.646274e+01
  -26.206874 -2.595101e+01 -2.569515e+01 -2.543928e+01 -2.518342e+01 -2.492756e+01 -2.467169e+01 -2.441582e+01
  -24.159943 -2.390406e+01 -2.364816e+01 -2.339225e+01 -2.313632e+01 -2.288037e+01 -2.262439e+01 -2.236838e+01
  -22.112325 -2.185622e+01 -2.160007e+01 -2.134385e+01 -2.108756e+01 -2.083120e+01 -2.057478e+01 -2.031830e+01
  -20.061780 -1.980523e+01 -1.954867e+01 -1.929212e+01 -1.903560e+01 -1.877913e+01 -1.852271e+01 -1.826636e+01
  -18.010063 -1.775383e+01 -1.749766e+01 -1.724154e+01 -1.698547e+01 -1.672943e+01 -1.647343e+01 -1.621747e+01
  -15.961520 -1.570559e+01 -1.544968e+01 -1.519379e+01 -1.493790e+01 -1.468203e+01 -1.442615e+01 -1.417029e+01
  -13.914430 -1.365857e+01 -1.340272e+01 -1.314687e+01 -1.289102e+01 -1.263517e+01 -1.237932e+01 -1.212348e+01
    0.000000 5.244515e+00 2.815102e+01 7.778681e+00 6.071891e+01 1.000000e+00    13.658521 -3.210613e+01 -3.184415e+01 -3.158357e+01 -3.132408e+01 -3.107754e+01 -3.081950e+01 -3.056196e+01
  -30.304798 -3.004794e+01 -2.979131e+01 -2.953486e+01 -2.927854e+01 -2.902234e+01 -2.876621e+01 -2.851015e+01
  -28.254137 -2.799816e+01 -2.774222e+01 -2.748630e+01 -2.723039e+01 -2.697450e+01 -2.671862e+01 -2.646274e+01
  -26.206874 -2.595101e+01 -2.569515e+01 -2.543928e+01 -2.518342e+01 -2.492756e+01 -2.467169e+01 -2.441582e+01
  -24.159943 -2.390406e+01 -2.364816e+01 -2.339225e+01 -2.313632e+01 -2.288037e+01 -2.262439e+01 -2.236838e+01
  -22.112325 -2.185622e+01 -2.160007e+01 -2.134385e+01 -2.108756e+01 -2.083120e+01 -2.057478e+01 -2.031830e+01
  -20.061780 -1.980523e+01 -1.954867e+01 -1.929212e+01 -1.903560e+01 -1.877913e+01 -1.852271e+01 -1.826636e+01
  -18.010063 -1.775383e+01 -1.749766e+01 -1.724154e+01 -1.698547e+01 -1.672943e+01 -1.647343e+01 -1.621747e+01
  -15.961520 -1.570559e+01 -1.544968e+01 -1.519379e+01 -1.493790e+01 -1.468203e+01 -1.442615e+01 -1.417029e+01
  -13.914430 -1.365857e+01 -1.340272e+01 -1.314687e+01 -1.289102e+01 -1.263517e+01 -1.237932e+01 -1.212348e+01
  -11.867632 4.623929e-13 5.412616e+00 2.996391e+01 7.814254e+00 6.124210e+01 1.000000e+00    13.658521 -3.210613e+01 -3.184415e+01 -3.158357e+01 -3.132408e+01 -3.107754e+01 -3.081950e+01 -3.056196e+01
  -30.304798 -3.004794e+01 -2.979131e+01 -2.953486e+01 -2.927854e+01 -2.902234e+01 -2.876621e+01 -2.851015e+01
  -28.254137 -2.799816e+01 -2.774222e+01 -2.748630e+01 -2.723039e+01 -2.697450e+01 -2.671862e+01 -2.646274e+01
  -26.206874 -2.595101e+01 -2.569515e+01 -2.543928e+01 -2.518342e+01 -2.492756e+01 -2.467169e+01 -2.441582e+01
  -24.159943 -2.390406e+01 -2.364816e+01 -2.339225e+01 -2.313632e+01 -2.288037e+01 -2.262439e+01 -2.236838e+01
  -22.112325 -2.185622e+01 -2.160007e+01 -2.134385e+01 -2.108756e+01 -2.083120e+01 -2.057478e+01 -2.031830e+01
  -20.061780 -1.980523e+01 -1.954867e+01 -1.929212e+01 -1.903560e+01 -1.877913e+01 -1.852271e+01 -1.826636e+01
  -18.010063 -1.775383e+01 -1.749766e+01 -1.724154e+01 -1.698547e+01 -1.672943e+01 -1.647343e+01 -1.621747e+01
  -15.961520 -1.570559e+01 -1.544968e+01 -1.519379e+01 -1.493790e+01 -1.468203e+01 -1.442615e+01 -1.417029e+01
  -13.914430 -1.365857e+01 -1.340272e+01 -1.314687e+01 -1.289102e+01 -1.263517e+01 -1.237932e+01 -1.212348e+01
  -11.867632 -1.161179e+01 1.132467e-13 5.585824e+00 3.188750e+01 7.844640e+00 6.169012e+01 1.000000e+00
   13.658521 -3.210613e+01 -3.184415e+01 -3.158357e+01 -3.132408e+01 -3.107754e+01 -3.081950e+01 -3.056196e+01
  -30.304798 -3.004794e+01 -2.979131e+01 -2.953486e+01 -2.927854e+01 -2.902234e+01 -2.876621e+01 -2.851015e+01
  -28.254137 -2.799816e+01 -2.774222e+01 -2.748630e+01 -2.723039e+01 -2.697450e+01 -2.671862e+01 -2.646274e+01
  -26.206874 -2.595101e+01 -2.569515e+01 -2.543928e+01 -2.518342e+01 -2.492756e+01 -2.467169e+01 -2.441582e+01
  -24.159943 -2.390406e+01 -2.364816e+01 -2.339225e+01 -2.313632e+01 -2.288037e+01 -2.262439e+01 -2.236838e+01
  -22.112325 -2.185622e+01 -2.160007e+01 -2.134385e+01 -2.108756e+01 -2.083120e+01 -2.057478e+01 -2.031830e+01
  -20.061780 -1.980523e+01 -1.954867e+01 -1.929212e+01 -1.903560e+01 -1.877913e+01 -1.852271e+01 -1.826636e+01
  -18.010063 -1.775383e+01 -1.749766e+01 -1.724154e+01 -1.698547e+01 -1.672943e+01 -1.647343e+01 -1.621747e+01
  -15.961520 -1.570559e+01 -1.544968e+01 -1.519379e+01 -1.493790e+01 -1.468203e+01 -1.442615e+01 -1.417029e+01
  -13.914430 -1.365857e+01 -1.340272e+01 -1.314687e+01 -1.289102e+01 -1.263517e+01 -1.237932e+01 -1.212348e+01
  -11.867632 -1.161179e+01 -1.135594e+01 2.651817e-14 5.763459e+00 3.391959e+01 7.870268e+00 6.206876e+01
    1.000000    13.658521 -3.210613e+01 -3.184415e+01 -3.158357e+01 -3.132408e+01 -3.107754e+01 -3.081950e+01 -3.056196e+01
  -30.304798 -3.004794e+01 -2.979131e+01 -2.953486e+01 -2.927854e+01 -2.902234e+01 -2.876621e+01 -2.851015e+01
  -28.254137 -2.799816e+01 -2.774222e+01 -2.748630e+01 -2.723039e+01 -2.697450e+01 -2.671862e+01 -2.646274e+01
  -26.206874 -2.595101e+01 -2.569515e+01 -2.543928e+01 -2.518342e+01 -2.492756e+01 -2.467169e+01 -2.441582e+01
  -24.159943 -2.390406e+01 -2.364816e+01 -2.339225e+01 -2.313632e+01 -2.288037e+01 -2.262439e+01 -2.236838e+01
  -22.112325 -2.185622e+01 -2.160007e+01 -2.134385e+01 -2.108756e+01 -2.083120e+01 -2.057478e+01 -2.031830e+01
  -20.061780 -1.980523e+01 -1.954867e+01 -1.929212e+01 -1.903560e+01 -1.877913e+01 -1.852271e+01 -1.826636e+01
  -18.010063 -1.775383e+01 -1.749766e+01 -1.724154e+01 -1.698547e+01 -1.672943e+01 -1.647343e+01 -1.621747e+01
  -15.961520 -1.570559e+01 -1.544968e+01 -1.519379e+01 -1.493790e+01 -1.468203e+01 -1.442615e+01 -1.417029e+01
  -13.914430 -1.365857e+01 -1.340272e+01 -1.314687e+01 -1.289102e+01 -1.263517e+01 -1.237932e+01 -1.212348e+01
  -11.867632 -1.161179e+01 -1.135594e+01 -1.110010e+01 5.930742e-15 5.944869e+00 3.605696e+01 7.891722e+00
   62.386326 1.000000e+00    13.658521 -3.210613e+01 -3.184415e+01 -3.158357e+01 -3.132408e+01 -3.107754e+01 -3.081950e+01 -3.056196e+01
  -30.304798 -3.004794e+01 -2.979131e+01 -2.953486e+01 -2.927854e+01 -2.902234e+01 -2.876621e+01 -2.851015e+01
  -28.254137 -2.799816e+01 -2.774222e+01 -2.748630e+01 -2.723039e+01 -2.697450e+01 -2.671862e+01 -2.646274e+01
  -26.206874 -2.595101e+01 -2.569515e+01 -2.543928e+01 -2.518342e+01 -2.492756e+01 -2.467169e+01 -2.441582e+01
  -24.159943 -2.390406e+01 -2.364816e+01 -2.339225e+01 -2.313632e+01 -2.288037e+01 -2.262439e+01 -2.236838e+01
  -22.112325 -2.185622e+01 -2.160007e+01 -2.134385e+01 -2.108756e+01 -2.083120e+01 -2.057478e+01 -2.031830e+01
  -20.061780 -1.980523e+01 -1.954867e+01 -1.929212e+01 -1.903560e+01 -1.877913e+01 -1.852271e+01 -1.826636e+01
  -18.010063 -1.775383e+01 -1.749766e+01 -1.724154e+01 -1.698547e+01 -1.672943e+01 -1.647343e+01 -1.621747e+01
  -15.961520 -1.570559e+01 -1.544968e+01 -1.519379e+01 -1.493790e+01 -1.468203e+01 -1.442615e+01 -1.417029e+01
  -13.914430 -1.365857e+01 -1.340272e+01 -1.314687e+01 -1.289102e+01 -1.263517e+01 -1.237932e+01 -1.212348e+01
  -11.867632 -1.161179e+01 -1.135594e+01 -1.110010e+01 -1.084425e+01 1.265740e-15 6.129252e+00 3.829283e+01
    7.909651 6.265217e+01 1.000000e+00    13.658521 -3.210613e+01 -3.184415e+01 -3.158357e+01 -3.132408e+01 -3.107754e+01 -3.081950e+01 -3.056196e+01
  -30.304798 -3.004794e+01 -2.979131e+01 -2.953486e+01 -2.927854e+01 -2.902234e+01 -2.876621e+01 -2.851015e+01
  -28.254137 -2.799816e+01 -2.774222e+01 -2.748630e+01 -2.723039e+01 -2.697450e+01 -2.671862e+01 -2.646274e+01
  -26.206874 -2.595101e+01 -2.569515e+01 -2.543928e+01 -2.518342e+01 -2.492756e+01 -2.467169e+01 -2.441582e+01
  -24.159943 -2.390406e+01 -2.364816e+01 -2.339225e+01 -2.313632e+01 -2.288037e+01 -2.262439e+01 -2.236838e+01
  -22.112325 -2.185622e+01 -2.160007e+01 -2.134385e+01 -2.108756e+01 -2.083120e+01 -2.057478e+01 -2.031830e+01
  -20.061780 -1.980523e+01 -1.954867e+01 -1.929212e+01 -1.903560e+01 -1.877913e+01 -1.852271e+01 -1.826636e+01
  -18.010063 -1.775383e+01 -1.749766e+01 -1.724154e+01 -1.698547e+01 -1.672943e+01 -1.647343e+01 -1.621747e+01
  -15.961520 -1.570559e+01 -1.544968e+01 -1.519379e+01 -1.493790e+01 -1.468203e+01 -1.442615e+01 -1.417029e+01
  -13.914430 -1.365857e+01 -1.340272e+01 -1.314687e+01 -1.289102e+01 -1.263517e+01 -1.237932e+01 -1.212348e+01
  -11.867632 -1.161179e+01 -1.135594e+01 -1.110010e+01 -1.084425e+01 -1.058841e+01 2.576212e-16 6.315396e+00
   40.613059 7.924682e+00 6.287540e+01 1.000000e+00    13.658521 -3.210613e+01 -3.184415e+01 -3.158357e+01 -3.132408e+01 -3.107754e+01 -3.081950e+01 -3.056196e+01
  -30.304798 -3.004794e+01 -2.979131e+01 -2.953486e+01 -2.927854e+01 -2.902234e+01 -2.876621e+01 -2.851015e+01
  -28.254137 -2.799816e+01 -2.774222e+01 -2.748630e+01 -2.723039e+01 -2.697450e+01 -2.671862e+01 -2.646274e+01
  -26.206874 -2.595101e+01 -2.569515e+01 -2.543928e+01 -2.518342e+01 -2.492756e+01 -2.467169e+01 -2.441582e+01
  -24.159943 -2.390406e+01 -2.364816e+01 -2.339225e+01 -2.313632e+01 -2.288037e+01 -2.262439e+01 -2.236838e+01
  -22.112325 -2.185622e+01 -2.160007e+01 -2.134385e+01 -2.108756e+01 -2.083120e+01 -2.057478e+01 -2.031830e+01
  -20.061780 -1.980523e+01 -1.954867e+01 -1.929212e+01 -1.903560e+01 -1.877913e+01 -1.852271e+01 -1.826636e+01
  -18.010063 -1.775383e+01 -1.749766e+01 -1.724154e+01 -1.698547e+01 -1.672943e+01 -1.647343e+01 -1.621747e+01
  -15.961520 -1.570559e+01 -1.544968e+01 -1.519379e+01 -1.493790e+01 -1.468203e+01 -1.442615e+01 -1.417029e+01
  -13.914430 -1.365857e+01 -1.340272e+01 -1.314687e+01 -1.289102e+01 -1.263517e+01 -1.237932e+01 -1.212348e+01
  -11.867632 -1.161179e+01 -1.135594e+01 -1.110010e+01 -1.084425e+01 -1.058841e+01 -1.033257e+01 4.999444e-17
    6.501429 4.299228e+01 7.937360e+00 6.306396e+01 1.000000e+00    13.658521 -3.210613e+01 -3.184415e+01 -3.158357e+01 -3.132408e+01 -3.107754e+01 -3.081950e+01 -3.056196e+01
  -30.304798 -3.004794e+01 -2.979131e+01 -2.953486e+01 -2.927854e+01 -2.902234e+01 -2.876621e+01 -2.851015e+01
  -28.254137 -2.799816e+01 -2.774222e+01 -2.748630e+01 -2.723039e+01 -2.697450e+01 -2.671862e+01 -2.646274e+01
  -26.206874 -2.595101e+01 -2.569515e+01 -2.543928e+01 -2.518342e+01 -2.492756e+01 -2.467169e+01 -2.441582e+01
  -24.159943 -2.390406e+01 -2.364816e+01 -2.339225e+01 -2.313632e+01 -2.288037e+01 -2.262439e+01 -2.236838e+01
  -22.112325 -2.185622e+01 -2.160007e+01 -2.134385e+01 -2.108756e+01 -2.083120e+01 -2.057478e+01 -2.031830e+01
  -20.061780 -1.980523e+01 -1.954867e+01 -1.929212e+01 -1.903560e+01 -1.877913e+01 -1.852271e+01 -1.826636e+01
  -18.010063 -1.775383e+01 -1.749766e+01 -1.724154e+01 -1.698547e+01 -1.672943e+01 -1.647343e+01 -1.621747e+01
  -15.961520 -1.570559e+01 -1.544968e+01 -1.519379e+01 -1.493790e+01 -1.468203e+01 -1.442615e+01 -1.417029e+01
  -13.914430 -1.365857e+01 -1.340272e+01 -1.314687e+01 -1.289102e+01 -1.263517e+01 -1.237932e+01 -1.212348e+01
  -11.867632 -1.161179e+01 -1.135594e+01 -1.110010e+01 -1.084425e+01 -1.058841e+01 -1.033257e+01 -1.007672e+01
    0.000000 6.684694e+00 4.539187e+01 7.948115e+00 6.322416e+01 1.000000e+00    13.658521 -3.210613e+01 -3.184415e+01 -3.158357e+01 -3.132408e+01 -3.107754e+01 -3.081950e+01 -3.056196e+01
  -30.304798 -3.004794e+01 -2.979131e+01 -2.953486e+01 -2.927854e+01 -2.902234e+01 -2.876621e+01 -2.851015e+01
  -28.254137 -2.799816e+01 -2.774222e+01 -2.748630e+01 -2.723039e+01 -2.697450e+01 -2.671862e+01 -2.646274e+01
  -26.206874 -2.595101e+01 -2.569515e+01 -2.543928e+01 -2.518342e+01 -2.492756e+01 -2.467169e+01 -2.441582e+01
  -24.159943 -2.390406e+01 -2.364816e+01 -2.339225e+01 -2.313632e+01 -2.288037e+01 -2.262439e+01 -2.236838e+01
  -22.112325 -2.185622e+01 -2.160007e+01 -2.134385e+01 -2.108756e+01 -2.083120e+01 -2.057478e+01 -2.031830e+01
  -20.061780 -1.980523e+01 -1.954867e+01 -1.929212e+01 -1.903560e+01 -1.877913e+01 -1.852271e+01 -1.826636e+01
  -18.010063 -1.775383e+01 -1.749766e+01 -1.724154e+01 -1.698547e+01 -1.672943e+01 -1.647343e+01 -1.621747e+01
  -15.961520 -1.570559e+01 -1.544968e+01 -1.519379e+01 -1.493790e+01 -1.468203e+01 -1.442615e+01 -1.417029e+01
  -13.914430 -1.365857e+01 -1.340272e+01 -1.314687e+01 -1.289102e+01 -1.263517e+01 -1.237932e+01 -1.212348e+01
  -11.867632 -1.161179e+01 -1.135594e+01 -1.110010e+01 -1.084425e+01 -1.058841e+01 -1.033257e+01 -1.007672e+01
   -9.820881 1.635521e-18 6.861877e+00 4.776133e+01 7.957269e+00 6.336066e+01 1.000000e+00    13.658521 -3.210613e+01 -3.184415e+01 -3.158357e+01 -3.132408e+01 -3.107754e+01 -3.081950e+01 -3.056196e+01
  -30.304798 -3.004794e+01 -2.979131e+01 -2.953486e+01 -2.927854e+01 -2.902234e+01 -2.876621e+01 -2.851015e+01
  -28.254137 -2.799816e+01 -2.774222e+01 -2.748630e+01 -2.723039e+01 -2.697450e+01 -2.671862e+01 -2.646274e+01
  -26.206874 -2.595101e+01 -2.569515e+01 -2.543928e+01 -2.518342e+01 -2.492756e+01 -2.467169e+01 -2.441582e+01
  -24.159943 -2.390406e+01 -2.364816e+01 -2.339225e+01 -2.313632e+01 -2.288037e+01 -2.262439e+01 -2.236838e+01
  -22.112325 -2.185622e+01 -2.160007e+01 -2.134385e+01 -2.108756e+01 -2.083120e+01 -2.057478e+01 -2.031830e+01
  -20.061780 -1.980523e+01 -1.954867e+01 -1.929212e+01 -1.903560e+01 -1.877913e+01 -1.852271e+01 -1.826636e+01
  -18.010063 -1.775383e+01 -1.749766e+01 -1.724154e+01 -1.698547e+01 -1.672943e+01 -1.647343e+01 -1.621747e+01
  -15.961520 -1.570559e+01 -1.544968e+01 -1.519379e+01 -1.493790e+01 -1.468203e+01 -1.442615e+01 -1.417029e+01
  -13.914430 -1.365857e+01 -1.340272e+01 -1.314687e+01 -1.289102e+01 -1.263517e+01 -1.237932e+01 -1.212348e+01
  -11.867632 -1.161179e+01 -1.135594e+01 -1.110010e+01 -1.084425e+01 -1.058841e+01 -1.033257e+01 -1.007672e+01
   -9.820881 -9.565038e+00 2.765744e-19 7.029396e+00 5.004378e+01 7.965050e+00 6.347684e+01 1.000000e+00
   13.658521 -3.210613e+01 -3.184415e+01 -3.158357e+01 -3.132408e+01 -3.107754e+01 -3.081950e+01 -3.056196e+01
  -30.304798 -3.004794e+01 -2.979131e+01 -2.953486e+01 -2.927854e+01 -2.902234e+01 -2.876621e+01 -2.851015e+01
  -28.254137 -2.799816e+01 -2.774222e+01 -2.748630e+01 -2.723039e+01 -2.697450e+01 -2.671862e+01 -2.646274e+01
  -26.206874 -2.595101e+01 -2.569515e+01 -2.543928e+01 -2.518342e+01 -2.492756e+01 -2.467169e+01 -2.441582e+01
  -24.159943 -2.390406e+01 -2.364816e+01 -2.339225e+01 -2.313632e+01 -2.288037e+01 -2.262439e+01 -2.236838e+01
  -22.112325 -2.185622e+01 -2.160007e+01 -2.134385e+01 -2.108756e+01 -2.083120e+01 -2.057478e+01 -2.031830e+01
  -20.061780 -1.980523e+01 -1.954867e+01 -1.929212e+01 -1.903560e+01 -1.877913e+01 -1.852271e+01 -1.826636e+01
  -18.010063 -1.775383e+01 -1.749766e+01 -1.724154e+01 -1.698547e+01 -1.672943e+01 -1.647343e+01 -1.621747e+01
  -15.961520 -1.570559e+01 -1.544968e+01 -1.519379e+01 -1.493790e+01 -1.468203e+01 -1.442615e+01 -1.417029e+01
  -13.914430 -1.365857e+01 -1.340272e+01 -1.314687e+01 -1.289102e+01 -1.263517e+01 -1.237932e+01 -1.212348e+01
  -11.867632 -1.161179e+01 -1.135594e+01 -1.110010e+01 -1.084425e+01 -1.058841e+01 -1.033257e+01 -1.007672e+01
   -9.820881 -9.565038e+00 -9.309195e+00 4.487947e-20 7.183940e+00 5.218407e+01 7.971630e+00 6.357515e+01
    1.000000    13.658521 -3.210613e+01 -3.184415e+01 -3.158357e+01 -3.132408e+01 -3.107754e+01 -3.081950e+01 -3.056196e+01
  -30.304798 -3.004794e+01 -2.979131e+01 -2.953486e+01 -2.927854e+01 -2.902234e+01 -2.876621e+01 -2.851015e+01
  -28.254137 -2.799816e+01 -2.774222e+01 -2.748630e+01 -2.723039e+01 -2.697450e+01 -2.671862e+01 -2.646274e+01
  -26.206874 -2.595101e+01 -2.569515e+01 -2.543928e+01 -2.518342e+01 -2.492756e+01 -2.467169e+01 -2.441582e+01
  -24.159943 -2.390406e+01 -2.364816e+01 -2.339225e+01 -2.313632e+01 -2.288037e+01 -2.262439e+01 -2.236838e+01
  -22.112325 -2.185622e+01 -2.160007e+01 -2.134385e+01 -2.108756e+01 -2.083120e+01 -2.057478e+01 -2.031830e+01
  -20.061780 -1.980523e+01 -1.954867e+01 -1.929212e+01 -1.903560e+01 -1.877913e+01 -1.852271e+01 -1.826636e+01
  -18.010063 -1.775383e+01 -1.749766e+01 -1.724154e+01 -1.698547e+01 -1.672943e+01 -1.647343e+01 -1.621747e+01
  -15.961520 -1.570559e+01 -1.544968e+01 -1.519379e+01 -1.493790e+01 -1.468203e+01 -1.442615e+01 -1.417029e+01
  -13.914430 -1.365857e+01 -1.340272e+01 -1.314687e+01 -1.289102e+01 -1.263517e+01 -1.237932e+01 -1.212348e+01
  -11.867632 -1.161179e+01 -1.135594e+01 -1.110010e+01 -1.084425e+01 -1.058841e+01 -1.033257e+01 -1.007672e+01
   -9.820881 -9.565038e+00 -9.309195e+00 -9.053352e+00 7.013821e-21 7.322983e+00 5.413700e+01 7.977144e+00
   63.657616 1.000000e+00    13.658521 -3.210613e+01 -3.184415e+01 -3.158357e+01 -3.132408e+01 -3.107754e+01 -3.081950e+01 -3.056196e+01
  -30.304798 -3.004794e+01 -2.979131e+01 -2.953486e+01 -2.927854e+01 -2.902234e+01 -2.876621e+01 -2.851015e+01
  -28.254137 -2.799816e+01 -2.774222e+01 -2.748630e+01 -2.723039e+01 -2.697450e+01 -2.671862e+01 -2.646274e+01
  -26.206874 -2.595101e+01 -2.569515e+01 -2.543928e+01 -2.518342e+01 -2.492756e+01 -2.467169e+01 -2.441582e+01
  -24.159943 -2.390406e+01 -2.364816e+01 -2.339225e+01 -2.313632e+01 -2.288037e+01 -2.262439e+01 -2.236838e+01
  -22.112325 -2.185622e+01 -2.160007e+01 -2.134385e+01 -2.108756e+01 -2.083120e+01 -2.057478e+01 -2.031830e+01
  -20.061780 -1.980523e+01 -1.954867e+01 -1.929212e+01 -1.903560e+01 -1.877913e+01 -1.852271e+01 -1.826636e+01
  -18.010063 -1.775383e+01 -1.749766e+01 -1.724154e+01 -1.698547e+01 -1.672943e+01 -1.647343e+01 -1.621747e+01
  -15.961520 -1.570559e+01 -1.544968e+01 -1.519379e+01 -1.493790e+01 -1.468203e+01 -1.442615e+01 -1.417029e+01
  -13.914430 -1.365857e+01 -1.340272e+01 -1.314687e+01 -1.289102e+01 -1.263517e+01 -1.237932e+01 -1.212348e+01
  -11.867632 -1.161179e+01 -1.135594e+01 -1.110010e+01 -1.084425e+01 -1.058841e+01 -1.033257e+01 -1.007672e+01
   -9.820881 -9.565038e+00 -9.309195e+00 -9.053352e+00 -8.797509e+00 1.060097e-21 7.445091e+00 5.587283e+01
    7.981716 6.372603e+01 1.000000e+00    13.658521 -3.210613e+01 -3.184415e+01 -3.158357e+01 -3.132408e+01 -3.107754e+01 -3.081950e+01 -3.056196e+01
  -30.304798 -3.004794e+01 -2.979131e+01 -2.953486e+01 -2.927854e+01 -2.902234e+01 -2.876621e+01 -2.851015e+01
  -28.254137 -2.799816e+01 -2.774222e+01 -2.748630e+01 -2.723039e+01 -2.697450e+01 -2.671862e+01 -2.646274e+01
  -26.206874 -2.595101e+01 -2.569515e+01 -2.543928e+01 -2.518342e+01 -2.492756e+01 -2.467169e+01 -2.441582e+01
  -24.159943 -2.390406e+01 -2.364816e+01 -2.339225e+01 -2.313632e+01 -2.288037e+01 -2.262439e+01 -2.236838e+01
  -22.112325 -2.185622e+01 -2.160007e+01 -2.134385e+01 -2.108756e+01 -2.083120e+01 -2.057478e+01 -2.031830e+01
  -20.061780 -1.980523e+01 -1.954867e+01 -1.929212e+01 -1.903560e+01 -1.877913e+01 -1.852271e+01 -1.826636e+01
  -18.010063 -1.775383e+01 -1.749766e+01 -1.724154e+01 -1.698547e+01 -1.672943e+01 -1.647343e+01 -1.621747e+01
  -15.961520 -1.570559e+01 -1.544968e+01 -1.519379e+01 -1.493790e+01 -1.468203e+01 -1.442615e+01 -1.417029e+01
  -13.914430 -1.365857e+01 -1.340272e+01 -1.314687e+01 -1.289102e+01 -1.263517e+01 -1.237932e+01 -1.212348e+01
  -11.867632 -1.161179e+01 -1.135594e+01 -1.110010e+01 -1.084425e+01 -1.058841e+01 -1.033257e+01 -1.007672e+01
   -9.820881 -9.565038e+00 -9.309195e+00 -9.053352e+00 -8.797509e+00 -8.541666e+00 1.556425e-22 7.549975e+00
   57.379054 7.985465e+00 6.378217e+01 1.000000e+00    13.658521 -3.210613e+01 -3.184415e+01 -3.158357e+01 -3.132408e+01 -3.107754e+01 -3.081950e+01 -3.056196e+01
  -30.304798 -3.004794e+01 -2.979131e+01 -2.953486e+01 -2.927854e+01 -2.902234e+01 -2.876621e+01 -2.851015e+01
  -28.254137 -2.799816e+01 -2.774222e+01 -2.748630e+01 -2.723039e+01 -2.697450e+01 -2.671862e+01 -2.646274e+01
  -26.206874 -2.595101e+01 -2.569515e+01 -2.543928e+01 -2.518342e+01 -2.492756e+01 -2.467169e+01 -2.441582e+01
  -24.159943 -2.390406e+01 -2.364816e+01 -2.339225e+01 -2.313632e+01 -2.288037e+01 -2.262439e+01 -2.236838e+01
  -22.112325 -2.185622e+01 -2.160007e+01 -2.134385e+01 -2.108756e+01 -2.083120e+01 -2.057478e+01 -2.031830e+01
  -20.061780 -1.980523e+01 -1.954867e+01 -1.929212e+01 -1.903560e+01 -1.877913e+01 -1.852271e+01 -1.826636e+01
  -18.010063 -1.775383e+01 -1.749766e+01 -1.724154e+01 -1.698547e+01 -1.672943e+01 -1.647343e+01 -1.621747e+01
  -15.961520 -1.570559e+01 -1.544968e+01 -1.519379e+01 -1.493790e+01 -1.468203e+01 -1.442615e+01 -1.417029e+01
  -13.914430 -1.365857e+01 -1.340272e+01 -1.314687e+01 -1.289102e+01 -1.263517e+01 -1.237932e+01 -1.212348e+01
  -11.867632 -1.161179e+01 -1.135594e+01 -1.110010e+01 -1.084425e+01 -1.058841e+01 -1.033257e+01 -1.007672e+01
   -9.820881 -9.565038e+00 -9.309195e+00 -9.053352e+00 -8.797509e+00 -8.541666e+00 -8.285823e+00 2.229388e-23
    7.638324 5.865863e+01 7.988508e+00 6.382773e+01 1.000000e+00    13.658521 -3.210613e+01 -3.184415e+01 -3.158357e+01 -3.132408e+01 -3.107754e+01 -3.081950e+01 -3.056196e+01
  -30.304798 -3.004794e+01 -2.979131e+01 -2.953486e+01 -2.927854e+01 -2.902234e+01 -2.876621e+01 -2.851015e+01
  -28.254137 -2.799816e+01 -2.774222e+01 -2.748630e+01 -2.723039e+01 -2.697450e+01 -2.671862e+01 -2.646274e+01
  -26.206874 -2.595101e+01 -2.569515e+01 -2.543928e+01 -2.518342e+01 -2.492756e+01 -2.467169e+01 -2.441582e+01
  -24.159943 -2.390406e+01 -2.364816e+01 -2.339225e+01 -2.313632e+01 -2.288037e+01 -2.262439e+01 -2.236838e+01
  -22.112325 -2.185622e+01 -2.160007e+01 -2.134385e+01 -2.108756e+01 -2.083120e+01 -2.057478e+01 -2.031830e+01
  -20.061780 -1.980523e+01 -1.954867e+01 -1.929212e+01 -1.903560e+01 -1.877913e+01 -1.852271e+01 -1.826636e+01
  -18.010063 -1.775383e+01 -1.749766e+01 -1.724154e+01 -1.698547e+01 -1.672943e+01 -1.647343e+01 -1.621747e+01
  -15.961520 -1.570559e+01 -1.544968e+01 -1.519379e+01 -1.493790e+01 -1.468203e+01 -1.442615e+01 -1.417029e+01
  -13.914430 -1.365857e+01 -1.340272e+01 -1.314687e+01 -1.289102e+01 -1.263517e+01 -1.237932e+01 -1.212348e+01
  -11.867632 -1.161179e+01 -1.135594e+01 -1.110010e+01 -1.084425e+01 -1.058841e+01 -1.033257e+01 -1.007672e+01
   -9.820881 -9.565038e+00 -9.309195e+00 -9.053352e+00 -8.797509e+00 -8.541666e+00 -8.285823e+00 -8.029980e+00
    0.000000 7.711515e+00 5.972614e+01 7.990954e+00 6.386438e+01 1.000000e+00    13.658521 -3.210613e+01 -3.184415e+01 -3.158357e+01 -3.132408e+01 -3.107754e+01 -3.081950e+01 -3.056196e+01
  -30.304798 -3.004794e+01 -2.979131e+01 -2.953486e+01 -2.927854e+01 -2.902234e+01 -2.876621e+01 -2.851015e+01
  -28.254137 -2.799816e+01 -2.774222e+01 -2.748630e+01 -2.723039e+01 -2.697450e+01 -2.671862e+01 -2.646274e+01
  -26.206874 -2.595101e+01 -2.569515e+01 -2.543928e+01 -2.518342e+01 -2.492756e+01 -2.467169e+01 -2.441582e+01
  -24.159943 -2.390406e+01 -2.364816e+01 -2.339225e+01 -2.313632e+01 -2.288037e+01 -2.262439e+01 -2.236838e+01
  -22.112325 -2.185622e+01 -2.160007e+01 -2.134385e+01 -2.108756e+01 -2.083120e+01 -2.057478e+01 -2.031830e+01
  -20.061780 -1.980523e+01 -1.954867e+01 -1.929212e+01 -1.903560e+01 -1.877913e+01 -1.852271e+01 -1.826636e+01
  -18.010063 -1.775383e+01 -1.749766e+01 -1.724154e+01 -1.698547e+01 -1.672943e+01 -1.647343e+01 -1.621747e+01
  -15.961520 -1.570559e+01 -1.544968e+01 -1.519379e+01 -1.493790e+01 -1.468203e+01 -1.442615e+01 -1.417029e+01
  -13.914430 -1.365857e+01 -1.340272e+01 -1.314687e+01 -1.289102e+01 -1.263517e+01 -1.237932e+01 -1.212348e+01
  -11.867632 -1.161179e+01 -1.135594e+01 -1.110010e+01 -1.084425e+01 -1.058841e+01 -1.033257e+01 -1.007672e+01
   -9.820881 -9.565038e+00 -9.309195e+00 -9.053352e+00 -8.797509e+00 -8.541666e+00 -8.285823e+00 -8.029980e+00
   -7.774137 4.315304e-25 7.771313e+00 6.060334e+01 7.992904e+00 6.389361e+01 1.000000e+00    13.658521 -3.210613e+01 -3.184415e+01 -3.158357e+01 -3.132408e+01 -3.107754e+01 -3.081950e+01 -3.056196e+01
  -30.304798 -3.004794e+01 -2.979131e+01 -2.953486e+01 -2.927854e+01 -2.902234e+01 -2.876621e+01 -2.851015e+01
  -28.254137 -2.799816e+01 -2.774222e+01 -2.748630e+01 -2.723039e+01 -2.697450e+01 -2.671862e+01 -2.646274e+01
  -26.206874 -2.595101e+01 -2.569515e+01 -2.543928e+01 -2.518342e+01 -2.492756e+01 -2.467169e+01 -2.441582e+01
  -24.159943 -2.390406e+01 -2.364816e+01 -2.339225e+01 -2.313632e+01 -2.288037e+01 -2.262439e+01 -2.236838e+01
  -22.112325 -2.185622e+01 -2.160007e+01 -2.134385e+01 -2.108756e+01 -2.083120e+01 -2.057478e+01 -2.031830e+01
  -20.061780 -1.980523e+01 -1.954867e+01 -1.929212e+01 -1.903560e+01 -1.877913e+01 -1.852271e+01 -1.826636e+01
  -18.010063 -1.775383e+01 -1.749766e+01 -1.724154e+01 -1.698547e+01 -1.672943e+01 -1.647343e+01 -1.621747e+01
  -15.961520 -1.570559e+01 -1.544968e+01 -1.519379e+01 -1.493790e+01 -1.468203e+01 -1.442615e+01 -1.417029e+01
  -13.914430 -1.365857e+01 -1.340272e+01 -1.314687e+01 -1.289102e+01 -1.263517e+01 -1.237932e+01 -1.212348e+01
  -11.867632 -1.161179e+01 -1.135594e+01 -1.110010e+01 -1.084425e+01 -1.058841e+01 -1.033257e+01 -1.007672e+01
   -9.820881 -9.565038e+00 -9.309195e+00 -9.053352e+00 -8.797509e+00 -8.541666e+00 -8.285823e+00 -8.029980e+00
   -7.774137 -7.518294e+00 5.871520e-26 7.819621e+00 6.131529e+01 7.994451e+00 6.391678e+01 1.000000e+00
   13.658521 -3.210613e+01 -3.184415e+01 -3.158357e+01 -3.132408e+01 -3.107754e+01 -3.081950e+01 -3.056196e+01
  -30.304798 -3.004794e+01 -2.979131e+01 -2.953486e+01 -2.927854e+01 -2.902234e+01 -2.876621e+01 -2.851015e+01
  -28.254137 -2.799816e+01 -2.774222e+01 -2.748630e+01 -2.723039e+01 -2.697450e+01 -2.671862e+01 -2.646274e+01
  -26.206874 -2.595101e+01 -2.569515e+01 -2.543928e+01 -2.518342e+01 -2.492756e+01 -2.467169e+01 -2.441582e+01
  -24.159943 -2.390406e+01 -2.364816e+01 -2.339225e+01 -2.313632e+01 -2.288037e+01 -2.262439e+01 -2.236838e+01
  -22.112325 -2.185622e+01 -2.160007e+01 -2.134385e+01 -2.108756e+01 -2.083120e+01 -2.057478e+01 -2.031830e+01
  -20.061780 -1.980523e+01 -1.954867e+01 -1.929212e+01 -1.903560e+01 -1.877913e+01 -1.852271e+01 -1.826636e+01
  -18.010063 -1.775383e+01 -1.749766e+01 -1.724154e+01 -1.698547e+01 -1.672943e+01 -1.647343e+01 -1.621747e+01
  -15.961520 -1.570559e+01 -1.544968e+01 -1.519379e+01 -1.493790e+01 -1.468203e+01 -1.442615e+01 -1.417029e+01
  -13.914430 -1.365857e+01 -1.340272e+01 -1.314687e+01 -1.289102e+01 -1.263517e+01 -1.237932e+01 -1.212348e+01
  -11.867632 -1.161179e+01 -1.135594e+01 -1.110010e+01 -1.084425e+01 -1.058841e+01 -1.033257e+01 -1.007672e+01
   -9.820881 -9.565038e+00 -9.309195e+00 -9.053352e+00 -8.797509e+00 -8.541666e+00 -8.285823e+00 -8.029980e+00
   -7.774137 -7.518294e+00 -7.262452e+00 7.900858e-27 7.858292e+00 6.188734e+01 7.995669e+00 6.393506e+01
    1.000000    13.658521 -3.210613e+01 -3.184415e+01 -3.158357e+01 -3.132408e+01 -3.107754e+01 -3.081950e+01 -3.056196e+01
  -30.304798 -3.004794e+01 -2.979131e+01 -2.953486e+01 -2.927854e+01 -2.902234e+01 -2.876621e+01 -2.851015e+01
  -28.254137 -2.799816e+01 -2.774222e+01 -2.748630e+01 -2.723039e+01 -2.697450e+01 -2.671862e+01 -2.646274e+01
  -26.206874 -2.595101e+01 -2.569515e+01 -2.543928e+01 -2.518342e+01 -2.492756e+01 -2.467169e+01 -2.441582e+01
  -24.159943 -2.390406e+01 -2.364816e+01 -2.339225e+01 -2.313632e+01 -2.288037e+01 -2.262439e+01 -2.236838e+01
  -22.112325 -2.185622e+01 -2.160007e+01 -2.134385e+01 -2.108756e+01 -2.083120e+01 -2.057478e+01 -2.031830e+01
  -20.061780 -1.980523e+01 -1.954867e+01 -1.929212e+01 -1.903560e+01 -1.877913e+01 -1.852271e+01 -1.826636e+01
  -18.010063 -1.775383e+01 -1.749766e+01 -1.724154e+01 -1.698547e+01 -1.672943e+01 -1.647343e+01 -1.621747e+01
  -15.961520 -1.570559e+01 -1.544968e+01 -1.519379e+01 -1.493790e+01 -1.468203e+01 -1.442615e+01 -1.417029e+01
  -13.914430 -1.365857e+01 -1.340272e+01 -1.314687e+01 -1.289102e+01 -1.263517e+01 -1.237932e+01 -1.212348e+01
  -11.867632 -1.161179e+01 -1.135594e+01 -1.110010e+01 -1.084425e+01 -1.058841e+01 -1.033257e+01 -1.007672e+01
   -9.820881 -9.565038e+00 -9.309195e+00 -9.053352e+00 -8.797509e+00 -8.541666e+00 -8.285823e+00 -8.029980e+00
   -7.774137 -7.518294e+00 -7.262452e+00 -7.006609e+00 1.053797e-27 7.889025e+00 6.234334e+01 7.996627e+00
   63.949410 1.000000e+00    13.658521 -3.210613e+01 -3.184415e+01 -3.158357e+01 -3.132408e+01 -3.107754e+01 -3.081950e+01 -3.056196e+01
  -30.304798 -3.004794e+01 -2.979131e+01 -2.953486e+01 -2.927854e+01 -2.902234e+01 -2.876621e+01 -2.851015e+01
  -28.254137 -2.799816e+01 -2.774222e+01 -2.748630e+01 -2.723039e+01 -2.697450e+01 -2.671862e+01 -2.646274e+01
  -26.206874 -2.595101e+01 -2.569515e+01 -2.543928e+01 -2.518342e+01 -2.492756e+01 -2.467169e+01 -2.441582e+01
  -24.159943 -2.390406e+01 -2.364816e+01 -2.339225e+01 -2.313632e+01 -2.288037e+01 -2.262439e+01 -2.236838e+01
  -22.112325 -2.185622e+01 -2.160007e+01 -2.134385e+01 -2.108756e+01 -2.083120e+01 -2.057478e+01 -2.031830e+01
  -20.061780 -1.980523e+01 -1.954867e+01 -1.929212e+01 -1.903560e+01 -1.877913e+01 -1.852271e+01 -1.826636e+01
  -18.010063 -1.775383e+01 -1.749766e+01 -1.724154e+01 -1.698547e+01 -1.672943e+01 -1.647343e+01 -1.621747e+01
  -15.961520 -1.570559e+01 -1.544968e+01 -1.519379e+01 -1.493790e+01 -1.468203e+01 -1.442615e+01 -1.417029e+01
  -13.914430 -1.365857e+01 -1.340272e+01 -1.314687e+01 -1.289102e+01 -1.263517e+01 -1.237932e+01 -1.212348e+01
  -11.867632 -1.161179e+01 -1.135594e+01 -1.110010e+01 -1.084425e+01 -1.058841e+01 -1.033257e+01 -1.007672e+01
   -9.820881 -9.565038e+00 -9.309195e+00 -9.053352e+00 -8.797509e+00 -8.541666e+00 -8.285823e+00 -8.029980e+00
   -7.774137 -7.518294e+00 -7.262452e+00 -7.006609e+00 -6.750766e+00 1.395712e-28 7.913310e+00 6.270451e+01
    7.997376 6.396064e+01 1.000000e+00 