#Data: Data/LatticeCube/titration_FJC_ZS2_0.89.out
#           E           mu            f          <N>         <N2>          <B>         <B2>
   12.646075 -3.107646e+01 9.999992e-01 8.204365e-07 8.204369e-07 1.482418e-06 2.806381e-06 1.000000e+00
   12.646075 -3.107646e+01 -3.081842e+01 9.999989e-01 1.061966e-06 1.061967e-06 1.918829e-06 3.632556e-06
    1.000000    12.646075 -3.107646e+01 -3.081842e+01 -3.056087e+01 9.999986e-01 1.373913e-06 1.373915e-06 2.482475e-06
    0.000005 1.000000e+00    12.646075 -3.107646e+01 -3.081842e+01 -3.056087e+01 -3.030372e+01 9.999982e-01 1.776809e-06 1.776811e-06
    0.000003 6.077746e-06 1.000000e+00    12.646075 -3.107646e+01 -3.081842e+01 -3.056087e+01 -3.030372e+01 -3.004686e+01 9.999977e-01 2.297168e-06
    0.000002 4.150671e-06 7.857688e-06 1.000000e+00    12.646075 -3.107646e+01 -3.081842e+01 -3.056087e+01 -3.030372e+01 -3.004686e+01 -2.979023e+01 9.999970e-01
    0.000003 2.969243e-06 5.365009e-06 1.015657e-05 1.000000e+00    12.646075 -3.107646e+01 -3.081842e+01 -3.056087e+01 -3.030372e+01 -3.004686e+01 -2.979023e+01 -2.953378e+01
    0.999996 3.837248e-06 3.837257e-06 6.933387e-06 1.312569e-05 1.000000e+00    12.646075 -3.107646e+01 -3.081842e+01 -3.056087e+01 -3.030372e+01 -3.004686e+01 -2.979023e+01 -2.953378e+01
  -29.277468 9.999950e-01 4.958326e-06 4.958342e-06 8.959022e-06 1.696047e-05 1.000000e+00    12.646075 -3.107646e+01 -3.081842e+01 -3.056087e+01 -3.030372e+01 -3.004686e+01 -2.979023e+01 -2.953378e+01
  -29.277468 -2.902126e+01 9.999936e-01 6.406252e-06 6.406279e-06 1.157523e-05 2.191327e-05 1.000000e+00
   12.646075 -3.107646e+01 -3.081842e+01 -3.056087e+01 -3.030372e+01 -3.004686e+01 -2.979023e+01 -2.953378e+01
  -29.277468 -2.902126e+01 -2.876614e+01 9.999917e-01 8.268039e-06 8.268083e-06 1.493922e-05 2.828173e-05
    1.000000    12.646075 -3.107646e+01 -3.081842e+01 -3.056087e+01 -3.030372e+01 -3.004686e+01 -2.979023e+01 -2.953378e+01
  -29.277468 -2.902126e+01 -2.876614e+01 -2.851008e+01 9.999893e-01 1.068091e-05 1.068098e-05 1.929895e-05
    0.000037 1.000000e+00    12.646075 -3.107646e+01 -3.081842e+01 -3.056087e+01 -3.030372e+01 -3.004686e+01 -2.979023e+01 -2.953378e+01
  -29.277468 -2.902126e+01 -2.876614e+01 -2.851008e+01 -2.825406e+01 9.999862e-01 1.379724e-05 1.379736e-05
    0.000025 4.719511e-05 1.000000e+00    12.646075 -3.107646e+01 -3.081842e+01 -3.056087e+01 -3.030372e+01 -3.004686e+01 -2.979023e+01 -2.953378e+01
  -29.277468 -2.902126e+01 -2.876614e+01 -2.851008e+01 -2.825406e+01 -2.799809e+01 9.999822e-01 1.782212e-05
    0.000018 3.220215e-05 6.096285e-05 1.000000e+00    12.646075 -3.107646e+01 -3.081842e+01 -3.056087e+01 -3.030372e+01 -3.004686e+01 -2.979023e+01 -2.953378e+01
  -29.277468 -2.902126e+01 -2.876614e+01 -2.851008e+01 -2.825406e+01 -2.799809e+01 -2.774215e+01 9.999770e-01
    0.000023 2.302079e-05 4.159481e-05 7.874462e-05 1.000000e+00    12.646075 -3.107646e+01 -3.081842e+01 -3.056087e+01 -3.030372e+01 -3.004686e+01 -2.979023e+01 -2.953378e+01
  -29.277468 -2.902126e+01 -2.876614e+01 -2.851008e+01 -2.825406e+01 -2.799809e+01 -2.774215e+01 -2.748623e+01
    0.999970 2.973431e-05 2.973488e-05 5.372585e-05 1.017107e-04 1.000000e+00    12.646075 -3.107646e+01 -3.081842e+01 -3.056087e+01 -3.030372e+01 -3.004686e+01 -2.979023e+01 -2.953378e+01
  -29.277468 -2.902126e+01 -2.876614e+01 -2.851008e+01 -2.825406e+01 -2.799809e+01 -2.774215e+01 -2.748623e+01
  -27.230322 9.999616e-01 3.840555e-05 3.840650e-05 6.939359e-05 1.313726e-04 1.000000e+00    12.646075 -3.107646e+01 -3.081842e+01 -3.056087e+01 -3.030372e+01 -3.004686e+01 -2.979023e+01 -2.953378e+01
  -29.277468 -2.902126e+01 -2.876614e+01 -2.851008e+01 -2.825406e+01 -2.799809e+01 -2.774215e+01 -2.748623e+01
  -27.230322 -2.697443e+01 9.999504e-01 4.960481e-05 4.960640e-05 8.962911e-05 1.696827e-04 1.000000e+00
   12.646075 -3.107646e+01 -3.081842e+01 -3.056087e+01 -3.030372e+01 -3.004686e+01 -2.979023e+01 -2.953378e+01
  -29.277468 -2.902126e+01 -2.876614e+01 -2.851008e+01 -2.825406e+01 -2.799809e+01 -2.774215e+01 -2.748623e+01
  -27.230322 -2.697443e+01 -2.671855e+01 9.999359e-01 6.406908e-05 6.407173e-05 1.157640e-04 2.191623e-04
    1.000000    12.646075 -3.107646e+01 -3.081842e+01 -3.056087e+01 -3.030372e+01 -3.004686e+01 -2.979023e+01 -2.953378e+01
  -29.277468 -2.902126e+01 -2.876614e+01 -2.851008e+01 -2.825406e+01 -2.799809e+01 -2.774215e+01 -2.748623e+01
  -27.230322 -2.697443e+01 -2.671855e+01 -2.646268e+01 9.999173e-01 8.275018e-05 8.275460e-05 1.495182e-04
    0.000283 1.000000e+00    12.646075 -3.107646e+01 -3.081842e+01 -3.056087e+01 -3.030372e+01 -3.004686e+01 -2.979023e+01 -2.953378e+01
  -29.277468 -2.902126e+01 -2.876614e+01 -2.851008e+01 -2.825406e+01 -2.799809e+01 -2.774215e+01 -2.748623e+01
  -27.230322 -2.697443e+01 -2.671855e+01 -2.646268e+01 -2.620682e+01 9.998931e-01 1.068774e-04 1.068848e-04
    0.000193 3.656063e-04 1.000000e+00    12.646075 -3.107646e+01 -3.081842e+01 -3.056087e+01 -3.030372e+01 -3.004686e+01 -2.979023e+01 -2.953378e+01
  -29.277468 -2.902126e+01 -2.876614e+01 -2.851008e+01 -2.825406e+01 -2.799809e+01 -2.774215e+01 -2.748623e+01
  -27.230322 -2.697443e+01 -2.671855e+01 -2.646268e+01 -2.620682e+01 -2.595096e+01 9.998620e-01 1.380383e-04
    0.000138 2.494160e-04 4.722099e-04 1.000000e+00    12.646075 -3.107646e+01 -3.081842e+01 -3.056087e+01 -3.030372e+01 -3.004686e+01 -2.979023e+01 -2.953378e+01
  -29.277468 -2.902126e+01 -2.876614e+01 -2.851008e+01 -2.825406e+01 -2.799809e+01 -2.774215e+01 -2.748623e+01
  -27.230322 -2.697443e+01 -2.671855e+01 -2.646268e+01 -2.620682e+01 -2.595096e+01 -2.569510e+01 9.998217e-01
    0.000178 1.783036e-04 3.221326e-04 6.098958e-04 1.000000e+00    12.646075 -3.107646e+01 -3.081842e+01 -3.056087e+01 -3.030372e+01 -3.004686e+01 -2.979023e+01 -2.953378e+01
  -29.277468 -2.902126e+01 -2.876614e+01 -2.851008e+01 -2.825406e+01 -2.799809e+01 -2.774215e+01 -2.748623e+01
  -27.230322 -2.697443e+01 -2.671855e+01 -2.646268e+01 -2.620682e+01 -2.595096e+01 -2.569510e+01 -2.543925e+01
    0.999770 2.302595e-04 2.302937e-04 4.160465e-04 7.877275e-04 1.000000e+00    12.646075 -3.107646e+01 -3.081842e+01 -3.056087e+01 -3.030372e+01 -3.004686e+01 -2.979023e+01 -2.953378e+01
  -29.277468 -2.902126e+01 -2.876614e+01 -2.851008e+01 -2.825406e+01 -2.799809e+01 -2.774215e+01 -2.748623e+01
  -27.230322 -2.697443e+01 -2.671855e+01 -2.646268e+01 -2.620682e+01 -2.595096e+01 -2.569510e+01 -2.543925e+01
  -25.183398 9.997026e-01 2.973869e-04 2.974440e-04 5.373356e-04 1.017412e-03 1.000000e+00    12.646075 -3.107646e+01 -3.081842e+01 -3.056087e+01 -3.030372e+01 -3.004686e+01 -2.979023e+01 -2.953378e+01
  -29.277468 -2.902126e+01 -2.876614e+01 -2.851008e+01 -2.825406e+01 -2.799809e+01 -2.774215e+01 -2.748623e+01
  -27.230322 -2.697443e+01 -2.671855e+01 -2.646268e+01 -2.620682e+01 -2.595096e+01 -2.569510e+01 -2.543925e+01
  -25.183398 -2.492755e+01 9.996160e-01 3.840804e-04 3.841757e-04 6.939778e-04 1.314070e-03 1.000000e+00
   12.646075 -3.107646e+01 -3.081842e+01 -3.056087e+01 -3.030372e+01 -3.004686e+01 -2.979023e+01 -2.953378e+01
  -29.277468 -2.902126e+01 -2.876614e+01 -2.851008e+01 -2.825406e+01 -2.799809e+01 -2.774215e+01 -2.748623e+01
  -27.230322 -2.697443e+01 -2.671855e+01 -2.646268e+01 -2.620682e+01 -2.595096e+01 -2.569510e+01 -2.543925e+01
  -25.183398 -2.492755e+01 -2.467170e+01 9.995040e-01 4.960416e-04 4.962005e-04 8.962741e-04 1.697236e-03
    1.000000    12.646075 -3.107646e+01 -3.081842e+01 -3.056087e+01 -3.030372e+01 -3.004686e+01 -2.979023e+01 -2.953378e+01
  -29.277468 -2.902126e+01 -2.876614e+01 -2.851008e+01 -2.825406e+01 -2.799809e+01 -2.774215e+01 -2.748623e+01
  -27.230322 -2.697443e+01 -2.671855e+01 -2.646268e+01 -2.620682e+01 -2.595096e+01 -2.569510e+01 -2.543925e+01
  -25.183398 -2.492755e+01 -2.467170e+01 -2.441586e+01 9.993595e-01 6.406319e-04 6.408968e-04 1.157525e-03
    0.002192 1.000000e+00    12.646075 -3.107646e+01 -3.081842e+01 -3.056087e+01 -3.030372e+01 -3.004686e+01 -2.979023e+01 -2.953378e+01
  -29.277468 -2.902126e+01 -2.876614e+01 -2.851008e+01 -2.825406e+01 -2.799809e+01 -2.774215e+01 -2.748623e+01
  -27.230322 -2.697443e+01 -2.671855e+01 -2.646268e+01 -2.620682e+01 -2.595096e+01 -2.569510e+01 -2.543925e+01
  -25.183398 -2.492755e+01 -2.467170e+01 -2.441586e+01 -2.416001e+01 9.991729e-01 8.273555e-04 8.277974e-04
    0.001495 2.831380e-03 1.000000e+00    12.646075 -3.107646e+01 -3.081842e+01 -3.056087e+01 -3.030372e+01 -3.004686e+01 -2.979023e+01 -2.953378e+01
  -29.277468 -2.902126e+01 -2.876614e+01 -2.851008e+01 -2.825406e+01 -2.799809e+01 -2.774215e+01 -2.748623e+01
  -27.230322 -2.697443e+01 -2.671855e+01 -2.646268e+01 -2.620682e+01 -2.595096e+01 -2.569510e+01 -2.543925e+01
  -25.183398 -2.492755e+01 -2.467170e+01 -2.441586e+01 -2.416001e+01 -2.390416e+01 9.989319e-01 1.068482e-03
    0.001069 1.930574e-03 3.657065e-03 1.000000e+00    12.646075 -3.107646e+01 -3.081842e+01 -3.056087e+01 -3.030372e+01 -3.004686e+01 -2.979023e+01 -2.953378e+01
  -29.277468 -2.902126e+01 -2.876614e+01 -2.851008e+01 -2.825406e+01 -2.799809e+01 -2.774215e+01 -2.748623e+01
  -27.230322 -2.697443e+01 -2.671855e+01 -2.646268e+01 -2.620682e+01 -2.595096e+01 -2.569510e+01 -2.543925e+01
  -25.183398 -2.492755e+01 -2.467170e+01 -2.441586e+01 -2.416001e+01 -2.390416e+01 -2.364832e+01 9.986208e-01
    0.001380 1.381077e-03 2.493152e-03 4.723605e-03 1.000000e+00    12.646075 -3.107646e+01 -3.081842e+01 -3.056087e+01 -3.030372e+01 -3.004686e+01 -2.979023e+01 -2.953378e+01
  -29.277468 -2.902126e+01 -2.876614e+01 -2.851008e+01 -2.825406e+01 -2.799809e+01 -2.774215e+01 -2.748623e+01
  -27.230322 -2.697443e+01 -2.671855e+01 -2.646268e+01 -2.620682e+01 -2.595096e+01 -2.569510e+01 -2.543925e+01
  -25.183398 -2.492755e+01 -2.467170e+01 -2.441586e+01 -2.416001e+01 -2.390416e+01 -2.364832e+01 -2.339248e+01
    0.998219 1.781890e-03 1.783940e-03 3.219557e-03 6.101304e-03 1.000000e+00    12.646075 -3.107646e+01 -3.081842e+01 -3.056087e+01 -3.030372e+01 -3.004686e+01 -2.979023e+01 -2.953378e+01
  -29.277468 -2.902126e+01 -2.876614e+01 -2.851008e+01 -2.825406e+01 -2.799809e+01 -2.774215e+01 -2.748623e+01
  -27.230322 -2.697443e+01 -2.671855e+01 -2.646268e+01 -2.620682e+01 -2.595096e+01 -2.569510e+01 -2.543925e+01
  -25.183398 -2.492755e+01 -2.467170e+01 -2.441586e+01 -2.416001e+01 -2.390416e+01 -2.364832e+01 -2.339248e+01
  -23.136632 9.977007e-01 2.300979e-03 2.304397e-03 4.157429e-03 7.881022e-03 1.000000e+00    12.646075 -3.107646e+01 -3.081842e+01 -3.056087e+01 -3.030372e+01 -3.004686e+01 -2.979023e+01 -2.953378e+01
  -29.277468 -2.902126e+01 -2.876614e+01 -2.851008e+01 -2.825406e+01 -2.799809e+01 -2.774215e+01 -2.748623e+01
  -27.230322 -2.697443e+01 -2.671855e+01 -2.646268e+01 -2.620682e+01 -2.595096e+01 -2.569510e+01 -2.543925e+01
  -25.183398 -2.492755e+01 -2.467170e+01 -2.441586e+01 -2.416001e+01 -2.390416e+01 -2.364832e+01 -2.339248e+01
  -23.136632 -2.288079e+01 9.970317e-01 2.971125e-03 2.976824e-03 5.368207e-03 1.018020e-02 1.000000e+00
   12.646075 -3.107646e+01 -3.081842e+01 -3.056087e+01 -3.030372e+01 -3.004686e+01 -2.979023e+01 -2.953378e+01
  -29.277468 -2.902126e+01 -2.876614e+01 -2.851008e+01 -2.825406e+01 -2.799809e+01 -2.774215e+01 -2.748623e+01
  -27.230322 -2.697443e+01 -2.671855e+01 -2.646268e+01 -2.620682e+01 -2.595096e+01 -2.569510e+01 -2.543925e+01
  -25.183398 -2.492755e+01 -2.467170e+01 -2.441586e+01 -2.416001e+01 -2.390416e+01 -2.364832e+01 -2.339248e+01
  -23.136632 -2.288079e+01 -2.262494e+01 9.961686e-01 3.836181e-03 3.845684e-03 6.931105e-03 1.315068e-02
    1.000000    12.646075 -3.107646e+01 -3.081842e+01 -3.056087e+01 -3.030372e+01 -3.004686e+01 -2.979023e+01 -2.953378e+01
  -29.277468 -2.902126e+01 -2.876614e+01 -2.851008e+01 -2.825406e+01 -2.799809e+01 -2.774215e+01 -2.748623e+01
  -27.230322 -2.697443e+01 -2.671855e+01 -2.646268e+01 -2.620682e+01 -2.595096e+01 -2.569510e+01 -2.543925e+01
  -25.183398 -2.492755e+01 -2.467170e+01 -2.441586e+01 -2.416001e+01 -2.390416e+01 -2.364832e+01 -2.339248e+01
  -23.136632 -2.288079e+01 -2.262494e+01 -2.236910e+01 9.950553e-01 4.952661e-03 4.968500e-03 8.948194e-03
    0.016989 1.000000e+00    12.646075 -3.107646e+01 -3.081842e+01 -3.056087e+01 -3.030372e+01 -3.004686e+01 -2.979023e+01 -2.953378e+01
  -29.277468 -2.902126e+01 -2.876614e+01 -2.851008e+01 -2.825406e+01 -2.799809e+01 -2.774215e+01 -2.748623e+01
  -27.230322 -2.697443e+01 -2.671855e+01 -2.646268e+01 -2.620682e+01 -2.595096e+01 -2.569510e+01 -2.543925e+01
  -25.183398 -2.492755e+01 -2.467170e+01 -2.441586e+01 -2.416001e+01 -2.390416e+01 -2.364832e+01 -2.339248e+01
  -23.136632 -2.288079e+01 -2.262494e+01 -2.236910e+01 -2.211326e+01 9.936198e-01 6.393343e-03 6.419741e-03
    0.011551 2.194864e-02 1.000000e+00    12.646075 -3.107646e+01 -3.081842e+01 -3.056087e+01 -3.030372e+01 -3.004686e+01 -2.979023e+01 -2.953378e+01
  -29.277468 -2.902126e+01 -2.876614e+01 -2.851008e+01 -2.825406e+01 -2.799809e+01 -2.774215e+01 -2.748623e+01
  -27.230322 -2.697443e+01 -2.671855e+01 -2.646268e+01 -2.620682e+01 -2.595096e+01 -2.569510e+01 -2.543925e+01
  -25.183398 -2.492755e+01 -2.467170e+01 -2.441586e+01 -2.416001e+01 -2.390416e+01 -2.364832e+01 -2.339248e+01
  -23.136632 -2.288079e+01 -2.262494e+01 -2.236910e+01 -2.211326e+01 -2.185741e+01 9.917701e-01 8.251881e-03
    0.008296 1.490838e-02 2.835896e-02 1.000000e+00    12.646075 -3.107646e+01 -3.081842e+01 -3.056087e+01 -3.030372e+01 -3.004686e+01 -2.979023e+01 -2.953378e+01
  -29.277468 -2.902126e+01 -2.876614e+01 -2.851008e+01 -2.825406e+01 -2.799809e+01 -2.774215e+01 -2.748623e+01
  -27.230322 -2.697443e+01 -2.671855e+01 -2.646268e+01 -2.620682e+01 -2.595096e+01 -2.569510e+01 -2.543925e+01
  -25.183398 -2.492755e+01 -2.467170e+01 -2.441586e+01 -2.416001e+01 -2.390416e+01 -2.364832e+01 -2.339248e+01
  -23.136632 -2.288079e+01 -2.262494e+01 -2.236910e+01 -2.211326e+01 -2.185741e+01 -2.160157e+01 9.893879e-01
    0.010649 1.072192e-02 1.923794e-02 3.664562e-02 1.000000e+00    12.646075 -3.107646e+01 -3.081842e+01 -3.056087e+01 -3.030372e+01 -3.004686e+01 -2.979023e+01 -2.953378e+01
  -29.277468 -2.902126e+01 -2.876614e+01 -2.851008e+01 -2.825406e+01 -2.799809e+01 -2.774215e+01 -2.748623e+01
  -27.230322 -2.697443e+01 -2.671855e+01 -2.646268e+01 -2.620682e+01 -2.595096e+01 -2.569510e+01 -2.543925e+01
  -25.183398 -2.492755e+01 -2.467170e+01 -2.441586e+01 -2.416001e+01 -2.390416e+01 -2.364832e+01 -2.339248e+01
  -23.136632 -2.288079e+01 -2.262494e+01 -2.236910e+01 -2.211326e+01 -2.185741e+01 -2.160157e+01 -2.134573e+01
    0.986323 1.373819e-02 1.386016e-02 2.481849e-02 4.736049e-02 1.000000e+00    12.646075 -3.107646e+01 -3.081842e+01 -3.056087e+01 -3.030372e+01 -3.004686e+01 -2.979023e+01 -2.953378e+01
  -29.277468 -2.902126e+01 -2.876614e+01 -2.851008e+01 -2.825406e+01 -2.799809e+01 -2.774215e+01 -2.748623e+01
  -27.230322 -2.697443e+01 -2.671855e+01 -2.646268e+01 -2.620682e+01 -2.595096e+01 -2.569510e+01 -2.543925e+01
  -25.183398 -2.492755e+01 -2.467170e+01 -2.441586e+01 -2.416001e+01 -2.390416e+01 -2.364832e+01 -2.339248e+01
  -23.136632 -2.288079e+01 -2.262494e+01 -2.236910e+01 -2.211326e+01 -2.185741e+01 -2.160157e+01 -2.134573e+01
  -21.089881 9.823828e-01 1.771849e-02 1.792144e-02 3.200730e-02 6.121952e-02 1.000000e+00    12.646075 -3.107646e+01 -3.081842e+01 -3.056087e+01 -3.030372e+01 -3.004686e+01 -2.979023e+01 -2.953378e+01
  -29.277468 -2.902126e+01 -2.876614e+01 -2.851008e+01 -2.825406e+01 -2.799809e+01 -2.774215e+01 -2.748623e+01
  -27.230322 -2.697443e+01 -2.671855e+01 -2.646268e+01 -2.620682e+01 -2.595096e+01 -2.569510e+01 -2.543925e+01
  -25.183398 -2.492755e+01 -2.467170e+01 -2.441586e+01 -2.416001e+01 -2.390416e+01 -2.364832e+01 -2.339248e+01
  -23.136632 -2.288079e+01 -2.262494e+01 -2.236910e+01 -2.211326e+01 -2.185741e+01 -2.160157e+01 -2.134573e+01
  -21.089881 -2.083404e+01 9.773256e-01 2.284265e-02 2.318011e-02 4.126091e-02 7.915247e-02 1.000000e+00
   12.646075 -3.107646e+01 -3.081842e+01 -3.056087e+01 -3.030372e+01 -3.004686e+01 -2.979023e+01 -2.953378e+01
  -29.277468 -2.902126e+01 -2.876614e+01 -2.851008e+01 -2.825406e+01 -2.799809e+01 -2.774215e+01 -2.748623e+01
  -27.230322 -2.697443e+01 -2.671855e+01 -2.646268e+01 -2.620682e+01 -2.595096e+01 -2.569510e+01 -2.543925e+01
  -25.183398 -2.492755e+01 -2.467170e+01 -2.441586e+01 -2.416001e+01 -2.390416e+01 -2.364832e+01 -2.339248e+01
  -23.136632 -2.288079e+01 -2.262494e+01 -2.236910e+01 -2.211326e+01 -2.185741e+01 -2.160157e+01 -2.134573e+01
  -21.089881 -2.083404e+01 -2.057819e+01 9.708460e-01 2.943327e-02 2.999386e-02 5.316089e-02 1.023684e-01
    1.000000    12.646075 -3.107646e+01 -3.081842e+01 -3.056087e+01 -3.030372e+01 -3.004686e+01 -2.979023e+01 -2.953378e+01
  -29.277468 -2.902126e+01 -2.876614e+01 -2.851008e+01 -2.825406e+01 -2.799809e+01 -2.774215e+01 -2.748623e+01
  -27.230322 -2.697443e+01 -2.671855e+01 -2.646268e+01 -2.620682e+01 -2.595096e+01 -2.569510e+01 -2.543925e+01
  -25.183398 -2.492755e+01 -2.467170e+01 -2.441586e+01 -2.416001e+01 -2.390416e+01 -2.364832e+01 -2.339248e+01
  -23.136632 -2.288079e+01 -2.262494e+01 -2.236910e+01 -2.211326e+01 -2.185741e+01 -2.160157e+01 -2.134573e+01
  -21.089881 -2.083404e+01 -2.057819e+01 -2.032235e+01 9.625629e-01 3.789995e-02 3.883010e-02 6.844510e-02
    0.132442 1.000000e+00    12.646075 -3.107646e+01 -3.081842e+01 -3.056087e+01 -3.030372e+01 -3.004686e+01 -2.979023e+01 -2.953378e+01
  -29.277468 -2.902126e+01 -2.876614e+01 -2.851008e+01 -2.825406e+01 -2.799809e+01 -2.774215e+01 -2.748623e+01
  -27.230322 -2.697443e+01 -2.671855e+01 -2.646268e+01 -2.620682e+01 -2.595096e+01 -2.569510e+01 -2.543925e+01
  -25.183398 -2.492755e+01 -2.467170e+01 -2.441586e+01 -2.416001e+01 -2.390416e+01 -2.364832e+01 -2.339248e+01
  -23.136632 -2.288079e+01 -2.262494e+01 -2.236910e+01 -2.211326e+01 -2.185741e+01 -2.160157e+01 -2.134573e+01
  -21.089881 -2.083404e+01 -2.057819e+01 -2.032235e+01 -2.006650e+01 9.520056e-01 4.876012e-02 5.030112e-02
    0.088045 1.714287e-01 1.000000e+00    12.646075 -3.107646e+01 -3.081842e+01 -3.056087e+01 -3.030372e+01 -3.004686e+01 -2.979023e+01 -2.953378e+01
  -29.277468 -2.902126e+01 -2.876614e+01 -2.851008e+01 -2.825406e+01 -2.799809e+01 -2.774215e+01 -2.748623e+01
  -27.230322 -2.697443e+01 -2.671855e+01 -2.646268e+01 -2.620682e+01 -2.595096e+01 -2.569510e+01 -2.543925e+01
  -25.183398 -2.492755e+01 -2.467170e+01 -2.441586e+01 -2.416001e+01 -2.390416e+01 -2.364832e+01 -2.339248e+01
  -23.136632 -2.288079e+01 -2.262494e+01 -2.236910e+01 -2.211326e+01 -2.185741e+01 -2.160157e+01 -2.134573e+01
  -21.089881 -2.083404e+01 -2.057819e+01 -2.032235e+01 -2.006650e+01 -1.981065e+01 9.386006e-01 6.266331e-02
    0.065211 1.131280e-01 2.220143e-01 1.000000e+00    12.646075 -3.107646e+01 -3.081842e+01 -3.056087e+01 -3.030372e+01 -3.004686e+01 -2.979023e+01 -2.953378e+01
  -29.277468 -2.902126e+01 -2.876614e+01 -2.851008e+01 -2.825406e+01 -2.799809e+01 -2.774215e+01 -2.748623e+01
  -27.230322 -2.697443e+01 -2.671855e+01 -2.646268e+01 -2.620682e+01 -2.595096e+01 -2.569510e+01 -2.543925e+01
  -25.183398 -2.492755e+01 -2.467170e+01 -2.441586e+01 -2.416001e+01 -2.390416e+01 -2.364832e+01 -2.339248e+01
  -23.136632 -2.288079e+01 -2.262494e+01 -2.236910e+01 -2.211326e+01 -2.185741e+01 -2.160157e+01 -2.134573e+01
  -21.089881 -2.083404e+01 -2.057819e+01 -2.032235e+01 -2.006650e+01 -1.981065e+01 -1.955480e+01 9.216618e-01
    0.080418 8.462083e-02 1.451457e-01 2.877183e-01 1.000000e+00    12.646075 -3.107646e+01 -3.081842e+01 -3.056087e+01 -3.030372e+01 -3.004686e+01 -2.979023e+01 -2.953378e+01
  -29.277468 -2.902126e+01 -2.876614e+01 -2.851008e+01 -2.825406e+01 -2.799809e+01 -2.774215e+01 -2.748623e+01
  -27.230322 -2.697443e+01 -2.671855e+01 -2.646268e+01 -2.620682e+01 -2.595096e+01 -2.569510e+01 -2.543925e+01
  -25.183398 -2.492755e+01 -2.467170e+01 -2.441586e+01 -2.416001e+01 -2.390416e+01 -2.364832e+01 -2.339248e+01
  -23.136632 -2.288079e+01 -2.262494e+01 -2.236910e+01 -2.211326e+01 -2.185741e+01 -2.160157e+01 -2.134573e+01
  -21.089881 -2.083404e+01 -2.057819e+01 -2.032235e+01 -2.006650e+01 -1.981065e+01 -1.955480e+01 -1.929895e+01
    0.900389 1.030206e-01 1.099306e-01 1.858819e-01 3.731579e-01 1.000000e+00    12.646075 -3.107646e+01 -3.081842e+01 -3.056087e+01 -3.030372e+01 -3.004686e+01 -2.979023e+01 -2.953378e+01
  -29.277468 -2.902126e+01 -2.876614e+01 -2.851008e+01 -2.825406e+01 -2.799809e+01 -2.774215e+01 -2.748623e+01
  -27.230322 -2.697443e+01 -2.671855e+01 -2.646268e+01 -2.620682e+01 -2.595096e+01 -2.569510e+01 -2.543925e+01
  -25.183398 -2.492755e+01 -2.467170e+01 -2.441586e+01 -2.416001e+01 -2.390416e+01 -2.364832e+01 -2.339248e+01
  -23.136632 -2.288079e+01 -2.262494e+01 -2.236910e+01 -2.211326e+01 -2.185741e+01 -2.160157e+01 -2.134573e+01
  -21.089881 -2.083404e+01 -2.057819e+01 -2.032235e+01 -2.006650e+01 -1.981065e+01 -1.955480e+01 -1.929895e+01
  -19.043098 8.738829e-01 1.316805e-01 1.429966e-01 2.374974e-01 4.843978e-01 1.000000e+00    12.646075 -3.107646e+01 -3.081842e+01 -3.056087e+01 -3.030372e+01 -3.004686e+01 -2.979023e+01 -2.953378e+01
  -29.277468 -2.902126e+01 -2.876614e+01 -2.851008e+01 -2.825406e+01 -2.799809e+01 -2.774215e+01 -2.748623e+01
  -27.230322 -2.697443e+01 -2.671855e+01 -2.646268e+01 -2.620682e+01 -2.595096e+01 -2.569510e+01 -2.543925e+01
  -25.183398 -2.492755e+01 -2.467170e+01 -2.441586e+01 -2.416001e+01 -2.390416e+01 -2.364832e+01 -2.339248e+01
  -23.136632 -2.288079e+01 -2.262494e+01 -2.236910e+01 -2.211326e+01 -2.185741e+01 -2.160157e+01 -2.134573e+01
  -21.089881 -2.083404e+01 -2.057819e+01 -2.032235e+01 -2.006650e+01 -1.981065e+01 -1.955480e+01 -1.929895e+01
  -19.043098 -1.878724e+01 8.411805e-01 1.678416e-01 1.862805e-01 3.025605e-01 6.293999e-01 1.000000e+00
   12.646075 -3.107646e+01 -3.081842e+01 -3.056087e+01 -3.030372e+01 -3.004686e+01 -2.979023e+01 -2.953378e+01
  -29.277468 -2.902126e+01 -2.876614e+01 -2.851008e+01 -2.825406e+01 -2.799809e+01 -2.774215e+01 -2.748623e+01
  -27.230322 -2.697443e+01 -2.671855e+01 -2.646268e+01 -2.620682e+01 -2.595096e+01 -2.569510e+01 -2.543925e+01
  -25.183398 -2.492755e+01 -2.467170e+01 -2.441586e+01 -2.416001e+01 -2.390416e+01 -2.364832e+01 -2.339248e+01
  -23.136632 -2.288079e+01 -2.262494e+01 -2.236910e+01 -2.211326e+01 -2.185741e+01 -2.160157e+01 -2.134573e+01
  -21.089881 -2.083404e+01 -2.057819e+01 -2.032235e+01 -2.006650e+01 -1.981065e+01 -1.955480e+01 -1.929895e+01
  -19.043098 -1.878724e+01 -1.853138e+01 8.013332e-01 2.131876e-01 2.430443e-01 3.840493e-01 8.185905e-01
    1.000000    12.646075 -3.107646e+01 -3.081842e+01 -3.056087e+01 -3.030372e+01 -3.004686e+01 -2.979023e+01 -2.953378e+01
  -29.277468 -2.902126e+01 -2.876614e+01 -2.851008e+01 -2.825406e+01 -2.799809e+01 -2.774215e+01 -2.748623e+01
  -27.230322 -2.697443e+01 -2.671855e+01 -2.646268e+01 -2.620682e+01 -2.595096e+01 -2.569510e+01 -2.543925e+01
  -25.183398 -2.492755e+01 -2.467170e+01 -2.441586e+01 -2.416001e+01 -2.390416e+01 -2.364832e+01 -2.339248e+01
  -23.136632 -2.288079e+01 -2.262494e+01 -2.236910e+01 -2.211326e+01 -2.185741e+01 -2.160157e+01 -2.134573e+01
  -21.089881 -2.083404e+01 -2.057819e+01 -2.032235e+01 -2.006650e+01 -1.981065e+01 -1.955480e+01 -1.929895e+01
  -19.043098 -1.878724e+01 -1.853138e+01 -1.827552e+01 7.535297e-01 2.696228e-01 3.175935e-01 4.853056e-01
    1.065539 1.000000e+00    12.646075 -3.107646e+01 -3.081842e+01 -3.056087e+01 -3.030372e+01 -3.004686e+01 -2.979023e+01 -2.953378e+01
  -29.277468 -2.902126e+01 -2.876614e+01 -2.851008e+01 -2.825406e+01 -2.799809e+01 -2.774215e+01 -2.748623e+01
  -27.230322 -2.697443e+01 -2.671855e+01 -2.646268e+01 -2.620682e+01 -2.595096e+01 -2.569510e+01 -2.543925e+01
  -25.183398 -2.492755e+01 -2.467170e+01 -2.441586e+01 -2.416001e+01 -2.390416e+01 -2.364832e+01 -2.339248e+01
  -23.136632 -2.288079e+01 -2.262494e+01 -2.236910e+01 -2.211326e+01 -2.185741e+01 -2.160157e+01 -2.134573e+01
  -21.089881 -2.083404e+01 -2.057819e+01 -2.032235e+01 -2.006650e+01 -1.981065e+01 -1.955480e+01 -1.929895e+01
  -19.043098 -1.878724e+01 -1.853138e+01 -1.827552e+01 -1.801966e+01 6.972757e-01 3.392173e-01 4.155609e-01
    0.609918 1.387712e+00 1.000000e+00    12.646075 -3.107646e+01 -3.081842e+01 -3.056087e+01 -3.030372e+01 -3.004686e+01 -2.979023e+01 -2.953378e+01
  -29.277468 -2.902126e+01 -2.876614e+01 -2.851008e+01 -2.825406e+01 -2.799809e+01 -2.774215e+01 -2.748623e+01
  -27.230322 -2.697443e+01 -2.671855e+01 -2.646268e+01 -2.620682e+01 -2.595096e+01 -2.569510e+01 -2.543925e+01
  -25.183398 -2.492755e+01 -2.467170e+01 -2.441586e+01 -2.416001e+01 -2.390416e+01 -2.364832e+01 -2.339248e+01
  -23.136632 -2.288079e+01 -2.262494e+01 -2.236910e+01 -2.211326e+01 -2.185741e+01 -2.160157e+01 -2.134573e+01
  -21.089881 -2.083404e+01 -2.057819e+01 -2.032235e+01 -2.006650e+01 -1.981065e+01 -1.955480e+01 -1.929895e+01
  -19.043098 -1.878724e+01 -1.853138e+01 -1.827552e+01 -1.801966e+01 -1.776379e+01 6.326223e-01 4.241026e-01
    0.544208 7.615125e-01 1.807193e+00 1.000000e+00    12.646075 -3.107646e+01 -3.081842e+01 -3.056087e+01 -3.030372e+01 -3.004686e+01 -2.979023e+01 -2.953378e+01
  -29.277468 -2.902126e+01 -2.876614e+01 -2.851008e+01 -2.825406e+01 -2.799809e+01 -2.774215e+01 -2.748623e+01
  -27.230322 -2.697443e+01 -2.671855e+01 -2.646268e+01 -2.620682e+01 -2.595096e+01 -2.569510e+01 -2.543925e+01
  -25.183398 -2.492755e+01 -2.467170e+01 -2.441586e+01 -2.416001e+01 -2.390416e+01 -2.364832e+01 -2.339248e+01
  -23.136632 -2.288079e+01 -2.262494e+01 -2.236910e+01 -2.211326e+01 -2.185741e+01 -2.160157e+01 -2.134573e+01
  -21.089881 -2.083404e+01 -2.057819e+01 -2.032235e+01 -2.006650e+01 -1.981065e+01 -1.955480e+01 -1.929895e+01
  -19.043098 -1.878724e+01 -1.853138e+01 -1.827552e+01 -1.801966e+01 -1.776379e+01 -1.750791e+01 5.604101e-01
    0.526311 7.126879e-01 9.434328e-01 2.351162e+00 1.000000e+00    12.646075 -3.107646e+01 -3.081842e+01 -3.056087e+01 -3.030372e+01 -3.004686e+01 -2.979023e+01 -2.953378e+01
  -29.277468 -2.902126e+01 -2.876614e+01 -2.851008e+01 -2.825406e+01 -2.799809e+01 -2.774215e+01 -2.748623e+01
  -27.230322 -2.697443e+01 -2.671855e+01 -2.646268e+01 -2.620682e+01 -2.595096e+01 -2.569510e+01 -2.543925e+01
  -25.183398 -2.492755e+01 -2.467170e+01 -2.441586e+01 -2.416001e+01 -2.390416e+01 -2.364832e+01 -2.339248e+01
  -23.136632 -2.288079e+01 -2.262494e+01 -2.236910e+01 -2.211326e+01 -2.185741e+01 -2.160157e+01 -2.134573e+01
  -21.089881 -2.083404e+01 -2.057819e+01 -2.032235e+01 -2.006650e+01 -1.981065e+01 -1.955480e+01 -1.929895e+01
  -19.043098 -1.878724e+01 -1.853138e+01 -1.827552e+01 -1.801966e+01 -1.776379e+01 -1.750791e+01 -1.725203e+01
    0.482462 6.475656e-01 9.321678e-01 1.158328e+00 3.051810e+00 1.000000e+00    12.646075 -3.107646e+01 -3.081842e+01 -3.056087e+01 -3.030372e+01 -3.004686e+01 -2.979023e+01 -2.953378e+01
  -29.277468 -2.902126e+01 -2.876614e+01 -2.851008e+01 -2.825406e+01 -2.799809e+01 -2.774215e+01 -2.748623e+01
  -27.230322 -2.697443e+01 -2.671855e+01 -2.646268e+01 -2.620682e+01 -2.595096e+01 -2.569510e+01 -2.543925e+01
  -25.183398 -2.492755e+01 -2.467170e+01 -2.441586e+01 -2.416001e+01 -2.390416e+01 -2.364832e+01 -2.339248e+01
  -23.136632 -2.288079e+01 -2.262494e+01 -2.236910e+01 -2.211326e+01 -2.185741e+01 -2.160157e+01 -2.134573e+01
  -21.089881 -2.083404e+01 -2.057819e+01 -2.032235e+01 -2.006650e+01 -1.981065e+01 -1.955480e+01 -1.929895e+01
  -19.043098 -1.878724e+01 -1.853138e+01 -1.827552e+01 -1.801966e+01 -1.776379e+01 -1.750791e+01 -1.725203e+01
  -16.996140 4.016328e-01 7.890314e-01 1.215689e+00 1.407682e+00 3.945246e+00 1.000000e+00    12.646075 -3.107646e+01 -3.081842e+01 -3.056087e+01 -3.030372e+01 -3.004686e+01 -2.979023e+01 -2.953378e+01
  -29.277468 -2.902126e+01 -2.876614e+01 -2.851008e+01 -2.825406e+01 -2.799809e+01 -2.774215e+01 -2.748623e+01
  -27.230322 -2.697443e+01 -2.671855e+01 -2.646268e+01 -2.620682e+01 -2.595096e+01 -2.569510e+01 -2.543925e+01
  -25.183398 -2.492755e+01 -2.467170e+01 -2.441586e+01 -2.416001e+01 -2.390416e+01 -2.364832e+01 -2.339248e+01
  -23.136632 -2.288079e+01 -2.262494e+01 -2.236910e+01 -2.211326e+01 -2.185741e+01 -2.160157e+01 -2.134573e+01
  -21.089881 -2.083404e+01 -2.057819e+01 -2.032235e+01 -2.006650e+01 -1.981065e+01 -1.955480e+01 -1.929895e+01
  -19.043098 -1.878724e+01 -1.853138e+01 -1.827552e+01 -1.801966e+01 -1.776379e+01 -1.750791e+01 -1.725203e+01
  -16.996140 -1.674025e+01 3.216082e-01 9.510826e-01 1.577614e+00 1.691358e+00 5.069029e+00 1.000000e+00
   12.646075 -3.107646e+01 -3.081842e+01 -3.056087e+01 -3.030372e+01 -3.004686e+01 -2.979023e+01 -2.953378e+01
  -29.277468 -2.902126e+01 -2.876614e+01 -2.851008e+01 -2.825406e+01 -2.799809e+01 -2.774215e+01 -2.748623e+01
  -27.230322 -2.697443e+01 -2.671855e+01 -2.646268e+01 -2.620682e+01 -2.595096e+01 -2.569510e+01 -2.543925e+01
  -25.183398 -2.492755e+01 -2.467170e+01 -2.441586e+01 -2.416001e+01 -2.390416e+01 -2.364832e+01 -2.339248e+01
  -23.136632 -2.288079e+01 -2.262494e+01 -2.236910e+01 -2.211326e+01 -2.185741e+01 -2.160157e+01 -2.134573e+01
  -21.089881 -2.083404e+01 -2.057819e+01 -2.032235e+01 -2.006650e+01 -1.981065e+01 -1.955480e+01 -1.929895e+01
  -19.043098 -1.878724e+01 -1.853138e+01 -1.827552e+01 -1.801966e+01 -1.776379e+01 -1.750791e+01 -1.725203e+01
  -16.996140 -1.674025e+01 -1.648435e+01 2.464297e-01 1.133121e+00 2.032594e+00 2.007280e+00 6.458129e+00
    1.000000    12.646075 -3.107646e+01 -3.081842e+01 -3.056087e+01 -3.030372e+01 -3.004686e+01 -2.979023e+01 -2.953378e+01
  -29.277468 -2.902126e+01 -2.876614e+01 -2.851008e+01 -2.825406e+01 -2.799809e+01 -2.774215e+01 -2.748623e+01
  -27.230322 -2.697443e+01 -2.671855e+01 -2.646268e+01 -2.620682e+01 -2.595096e+01 -2.569510e+01 -2.543925e+01
  -25.183398 -2.492755e+01 -2.467170e+01 -2.441586e+01 -2.416001e+01 -2.390416e+01 -2.364832e+01 -2.339248e+01
  -23.136632 -2.288079e+01 -2.262494e+01 -2.236910e+01 -2.211326e+01 -2.185741e+01 -2.160157e+01 -2.134573e+01
  -21.089881 -2.083404e+01 -2.057819e+01 -2.032235e+01 -2.006650e+01 -1.981065e+01 -1.955480e+01 -1.929895e+01
  -19.043098 -1.878724e+01 -1.853138e+01 -1.827552e+01 -1.801966e+01 -1.776379e+01 -1.750791e+01 -1.725203e+01
  -16.996140 -1.674025e+01 -1.648435e+01 -1.622845e+01 1.797989e-01 1.333513e+00 2.594101e+00 2.351330e+00
    8.139688 1.000000e+00    12.646075 -3.107646e+01 -3.081842e+01 -3.056087e+01 -3.030372e+01 -3.004686e+01 -2.979023e+01 -2.953378e+01
  -29.277468 -2.902126e+01 -2.876614e+01 -2.851008e+01 -2.825406e+01 -2.799809e+01 -2.774215e+01 -2.748623e+01
  -27.230322 -2.697443e+01 -2.671855e+01 -2.646268e+01 -2.620682e+01 -2.595096e+01 -2.569510e+01 -2.543925e+01
  -25.183398 -2.492755e+01 -2.467170e+01 -2.441586e+01 -2.416001e+01 -2.390416e+01 -2.364832e+01 -2.339248e+01
  -23.136632 -2.288079e+01 -2.262494e+01 -2.236910e+01 -2.211326e+01 -2.185741e+01 -2.160157e+01 -2.134573e+01
  -21.089881 -2.083404e+01 -2.057819e+01 -2.032235e+01 -2.006650e+01 -1.981065e+01 -1.955480e+01 -1.929895e+01
  -19.043098 -1.878724e+01 -1.853138e+01 -1.827552e+01 -1.801966e+01 -1.776379e+01 -1.750791e+01 -1.725203e+01
  -16.996140 -1.674025e+01 -1.648435e+01 -1.622845e+01 -1.597255e+01 1.243671e-01 1.549667e+00 3.272806e+00
    2.717545 1.012753e+01 1.000000e+00    12.646075 -3.107646e+01 -3.081842e+01 -3.056087e+01 -3.030372e+01 -3.004686e+01 -2.979023e+01 -2.953378e+01
  -29.277468 -2.902126e+01 -2.876614e+01 -2.851008e+01 -2.825406e+01 -2.799809e+01 -2.774215e+01 -2.748623e+01
  -27.230322 -2.697443e+01 -2.671855e+01 -2.646268e+01 -2.620682e+01 -2.595096e+01 -2.569510e+01 -2.543925e+01
  -25.183398 -2.492755e+01 -2.467170e+01 -2.441586e+01 -2.416001e+01 -2.390416e+01 -2.364832e+01 -2.339248e+01
  -23.136632 -2.288079e+01 -2.262494e+01 -2.236910e+01 -2.211326e+01 -2.185741e+01 -2.160157e+01 -2.134573e+01
  -21.089881 -2.083404e+01 -2.057819e+01 -2.032235e+01 -2.006650e+01 -1.981065e+01 -1.955480e+01 -1.929895e+01
  -19.043098 -1.878724e+01 -1.853138e+01 -1.827552e+01 -1.801966e+01 -1.776379e+01 -1.750791e+01 -1.725203e+01
  -16.996140 -1.674025e+01 -1.648435e+01 -1.622845e+01 -1.597255e+01 -1.571665e+01 8.125995e-02 1.778276e+00
    4.075210 3.098603e+00 1.241788e+01 1.000000e+00    12.646075 -3.107646e+01 -3.081842e+01 -3.056087e+01 -3.030372e+01 -3.004686e+01 -2.979023e+01 -2.953378e+01
  -29.277468 -2.902126e+01 -2.876614e+01 -2.851008e+01 -2.825406e+01 -2.799809e+01 -2.774215e+01 -2.748623e+01
  -27.230322 -2.697443e+01 -2.671855e+01 -2.646268e+01 -2.620682e+01 -2.595096e+01 -2.569510e+01 -2.543925e+01
  -25.183398 -2.492755e+01 -2.467170e+01 -2.441586e+01 -2.416001e+01 -2.390416e+01 -2.364832e+01 -2.339248e+01
  -23.136632 -2.288079e+01 -2.262494e+01 -2.236910e+01 -2.211326e+01 -2.185741e+01 -2.160157e+01 -2.134573e+01
  -21.089881 -2.083404e+01 -2.057819e+01 -2.032235e+01 -2.006650e+01 -1.981065e+01 -1.955480e+01 -1.929895e+01
  -19.043098 -1.878724e+01 -1.853138e+01 -1.827552e+01 -1.801966e+01 -1.776379e+01 -1.750791e+01 -1.725203e+01
  -16.996140 -1.674025e+01 -1.648435e+01 -1.622845e+01 -1.597255e+01 -1.571665e+01 -1.546075e+01 5.001718e-02
    2.015673 5.003017e+00 3.486531e+00 1.498766e+01 1.000000e+00    12.646075 -3.107646e+01 -3.081842e+01 -3.056087e+01 -3.030372e+01 -3.004686e+01 -2.979023e+01 -2.953378e+01
  -29.277468 -2.902126e+01 -2.876614e+01 -2.851008e+01 -2.825406e+01 -2.799809e+01 -2.774215e+01 -2.748623e+01
  -27.230322 -2.697443e+01 -2.671855e+01 -2.646268e+01 -2.620682e+01 -2.595096e+01 -2.569510e+01 -2.543925e+01
  -25.183398 -2.492755e+01 -2.467170e+01 -2.441586e+01 -2.416001e+01 -2.390416e+01 -2.364832e+01 -2.339248e+01
  -23.136632 -2.288079e+01 -2.262494e+01 -2.236910e+01 -2.211326e+01 -2.185741e+01 -2.160157e+01 -2.134573e+01
  -21.089881 -2.083404e+01 -2.057819e+01 -2.032235e+01 -2.006650e+01 -1.981065e+01 -1.955480e+01 -1.929895e+01
  -19.043098 -1.878724e+01 -1.853138e+01 -1.827552e+01 -1.801966e+01 -1.776379e+01 -1.750791e+01 -1.725203e+01
  -16.996140 -1.674025e+01 -1.648435e+01 -1.622845e+01 -1.597255e+01 -1.571665e+01 -1.546075e+01 -1.520485e+01
    0.028951 2.258254e+00 6.053485e+00 3.873473e+00 1.779593e+01 1.000000e+00    12.646075 -3.107646e+01 -3.081842e+01 -3.056087e+01 -3.030372e+01 -3.004686e+01 -2.979023e+01 -2.953378e+01
  -29.277468 -2.902126e+01 -2.876614e+01 -2.851008e+01 -2.825406e+01 -2.799809e+01 -2.774215e+01 -2.748623e+01
  -27.230322 -2.697443e+01 -2.671855e+01 -2.646268e+01 -2.620682e+01 -2.595096e+01 -2.569510e+01 -2.543925e+01
  -25.183398 -2.492755e+01 -2.467170e+01 -2.441586e+01 -2.416001e+01 -2.390416e+01 -2.364832e+01 -2.339248e+01
  -23.136632 -2.288079e+01 -2.262494e+01 -2.236910e+01 -2.211326e+01 -2.185741e+01 -2.160157e+01 -2.134573e+01
  -21.089881 -2.083404e+01 -2.057819e+01 -2.032235e+01 -2.006650e+01 -1.981065e+01 -1.955480e+01 -1.929895e+01
  -19.043098 -1.878724e+01 -1.853138e+01 -1.827552e+01 -1.801966e+01 -1.776379e+01 -1.750791e+01 -1.725203e+01
  -16.996140 -1.674025e+01 -1.648435e+01 -1.622845e+01 -1.597255e+01 -1.571665e+01 -1.546075e+01 -1.520485e+01
  -14.948962 1.574379e-02 2.502859e+00 7.220710e+00 4.252366e+00 2.078817e+01 1.000000e+00    12.646075 -3.107646e+01 -3.081842e+01 -3.056087e+01 -3.030372e+01 -3.004686e+01 -2.979023e+01 -2.953378e+01
  -29.277468 -2.902126e+01 -2.876614e+01 -2.851008e+01 -2.825406e+01 -2.799809e+01 -2.774215e+01 -2.748623e+01
  -27.230322 -2.697443e+01 -2.671855e+01 -2.646268e+01 -2.620682e+01 -2.595096e+01 -2.569510e+01 -2.543925e+01
  -25.183398 -2.492755e+01 -2.467170e+01 -2.441586e+01 -2.416001e+01 -2.390416e+01 -2.364832e+01 -2.339248e+01
  -23.136632 -2.288079e+01 -2.262494e+01 -2.236910e+01 -2.211326e+01 -2.185741e+01 -2.160157e+01 -2.134573e+01
  -21.089881 -2.083404e+01 -2.057819e+01 -2.032235e+01 -2.006650e+01 -1.981065e+01 -1.955480e+01 -1.929895e+01
  -19.043098 -1.878724e+01 -1.853138e+01 -1.827552e+01 -1.801966e+01 -1.776379e+01 -1.750791e+01 -1.725203e+01
  -16.996140 -1.674025e+01 -1.648435e+01 -1.622845e+01 -1.597255e+01 -1.571665e+01 -1.546075e+01 -1.520485e+01
  -14.948962 -1.469307e+01 8.042357e-03 2.747049e+00 8.497404e+00 4.617378e+00 2.390182e+01 1.000000e+00
   12.646075 -3.107646e+01 -3.081842e+01 -3.056087e+01 -3.030372e+01 -3.004686e+01 -2.979023e+01 -2.953378e+01
  -29.277468 -2.902126e+01 -2.876614e+01 -2.851008e+01 -2.825406e+01 -2.799809e+01 -2.774215e+01 -2.748623e+01
  -27.230322 -2.697443e+01 -2.671855e+01 -2.646268e+01 -2.620682e+01 -2.595096e+01 -2.569510e+01 -2.543925e+01
  -25.183398 -2.492755e+01 -2.467170e+01 -2.441586e+01 -2.416001e+01 -2.390416e+01 -2.364832e+01 -2.339248e+01
  -23.136632 -2.288079e+01 -2.262494e+01 -2.236910e+01 -2.211326e+01 -2.185741e+01 -2.160157e+01 -2.134573e+01
  -21.089881 -2.083404e+01 -2.057819e+01 -2.032235e+01 -2.006650e+01 -1.981065e+01 -1.955480e+01 -1.929895e+01
  -19.043098 -1.878724e+01 -1.853138e+01 -1.827552e+01 -1.801966e+01 -1.776379e+01 -1.750791e+01 -1.725203e+01
  -16.996140 -1.674025e+01 -1.648435e+01 -1.622845e+01 -1.597255e+01 -1.571665e+01 -1.546075e+01 -1.520485e+01
  -14.948962 -1.469307e+01 -1.443719e+01 3.860358e-03 2.989223e+00 9.876659e+00 4.964054e+00 2.707179e+01
    1.000000    12.646075 -3.107646e+01 -3.081842e+01 -3.056087e+01 -3.030372e+01 -3.004686e+01 -2.979023e+01 -2.953378e+01
  -29.277468 -2.902126e+01 -2.876614e+01 -2.851008e+01 -2.825406e+01 -2.799809e+01 -2.774215e+01 -2.748623e+01
  -27.230322 -2.697443e+01 -2.671855e+01 -2.646268e+01 -2.620682e+01 -2.595096e+01 -2.569510e+01 -2.543925e+01
  -25.183398 -2.492755e+01 -2.467170e+01 -2.441586e+01 -2.416001e+01 -2.390416e+01 -2.364832e+01 -2.339248e+01
  -23.136632 -2.288079e+01 -2.262494e+01 -2.236910e+01 -2.211326e+01 -2.185741e+01 -2.160157e+01 -2.134573e+01
  -21.089881 -2.083404e+01 -2.057819e+01 -2.032235e+01 -2.006650e+01 -1.981065e+01 -1.955480e+01 -1.929895e+01
  -19.043098 -1.878724e+01 -1.853138e+01 -1.827552e+01 -1.801966e+01 -1.776379e+01 -1.750791e+01 -1.725203e+01
  -16.996140 -1.674025e+01 -1.648435e+01 -1.622845e+01 -1.597255e+01 -1.571665e+01 -1.546075e+01 -1.520485e+01
  -14.948962 -1.469307e+01 -1.443719e+01 -1.418131e+01 1.742283e-03 3.228579e+00 1.135331e+01 5.289240e+00
   30.234877 1.000000e+00    12.646075 -3.107646e+01 -3.081842e+01 -3.056087e+01 -3.030372e+01 -3.004686e+01 -2.979023e+01 -2.953378e+01
  -29.277468 -2.902126e+01 -2.876614e+01 -2.851008e+01 -2.825406e+01 -2.799809e+01 -2.774215e+01 -2.748623e+01
  -27.230322 -2.697443e+01 -2.671855e+01 -2.646268e+01 -2.620682e+01 -2.595096e+01 -2.569510e+01 -2.543925e+01
  -25.183398 -2.492755e+01 -2.467170e+01 -2.441586e+01 -2.416001e+01 -2.390416e+01 -2.364832e+01 -2.339248e+01
  -23.136632 -2.288079e+01 -2.262494e+01 -2.236910e+01 -2.211326e+01 -2.185741e+01 -2.160157e+01 -2.134573e+01
  -21.089881 -2.083404e+01 -2.057819e+01 -2.032235e+01 -2.006650e+01 -1.981065e+01 -1.955480e+01 -1.929895e+01
  -19.043098 -1.878724e+01 -1.853138e+01 -1.827552e+01 -1.801966e+01 -1.776379e+01 -1.750791e+01 -1.725203e+01
  -16.996140 -1.674025e+01 -1.648435e+01 -1.622845e+01 -1.597255e+01 -1.571665e+01 -1.546075e+01 -1.520485e+01
  -14.948962 -1.469307e+01 -1.443719e+01 -1.418131e+01 -1.392544e+01 7.399168e-04 3.464994e+00 1.292477e+01
    5.590889 3.333333e+01 1.000000e+00    12.646075 -3.107646e+01 -3.081842e+01 -3.056087e+01 -3.030372e+01 -3.004686e+01 -2.979023e+01 -2.953378e+01
  -29.277468 -2.902126e+01 -2.876614e+01 -2.851008e+01 -2.825406e+01 -2.799809e+01 -2.774215e+01 -2.748623e+01
  -27.230322 -2.697443e+01 -2.671855e+01 -2.646268e+01 -2.620682e+01 -2.595096e+01 -2.569510e+01 -2.543925e+01
  -25.183398 -2.492755e+01 -2.467170e+01 -2.441586e+01 -2.416001e+01 -2.390416e+01 -2.364832e+01 -2.339248e+01
  -23.136632 -2.288079e+01 -2.262494e+01 -2.236910e+01 -2.211326e+01 -2.185741e+01 -2.160157e+01 -2.134573e+01
  -21.089881 -2.083404e+01 -2.057819e+01 -2.032235e+01 -2.006650e+01 -1.981065e+01 -1.955480e+01 -1.929895e+01
  -19.043098 -1.878724e+01 -1.853138e+01 -1.827552e+01 -1.801966e+01 -1.776379e+01 -1.750791e+01 -1.725203e+01
  -16.996140 -1.674025e+01 -1.648435e+01 -1.622845e+01 -1.597255e+01 -1.571665e+01 -1.546075e+01 -1.520485e+01
  -14.948962 -1.469307e+01 -1.443719e+01 -1.418131e+01 -1.392544e+01 -1.366957e+01 2.958897e-04 3.698862e+00
   14.591534 5.867887e+00 3.631759e+01 1.000000e+00    12.646075 -3.107646e+01 -3.081842e+01 -3.056087e+01 -3.030372e+01 -3.004686e+01 -2.979023e+01 -2.953378e+01
  -29.277468 -2.902126e+01 -2.876614e+01 -2.851008e+01 -2.825406e+01 -2.799809e+01 -2.774215e+01 -2.748623e+01
  -27.230322 -2.697443e+01 -2.671855e+01 -2.646268e+01 -2.620682e+01 -2.595096e+01 -2.569510e+01 -2.543925e+01
  -25.183398 -2.492755e+01 -2.467170e+01 -2.441586e+01 -2.416001e+01 -2.390416e+01 -2.364832e+01 -2.339248e+01
  -23.136632 -2.288079e+01 -2.262494e+01 -2.236910e+01 -2.211326e+01 -2.185741e+01 -2.160157e+01 -2.134573e+01
  -21.089881 -2.083404e+01 -2.057819e+01 -2.032235e+01 -2.006650e+01 -1.981065e+01 -1.955480e+01 -1.929895e+01
  -19.043098 -1.878724e+01 -1.853138e+01 -1.827552e+01 -1.801966e+01 -1.776379e+01 -1.750791e+01 -1.725203e+01
  -16.996140 -1.674025e+01 -1.648435e+01 -1.622845e+01 -1.597255e+01 -1.571665e+01 -1.546075e+01 -1.520485e+01
  -14.948962 -1.469307e+01 -1.443719e+01 -1.418131e+01 -1.392544e+01 -1.366957e+01 -1.341371e+01 1.114814e-04
    3.930958 1.635737e+01 6.119934e+00 3.914871e+01 1.000000e+00    12.646075 -3.107646e+01 -3.081842e+01 -3.056087e+01 -3.030372e+01 -3.004686e+01 -2.979023e+01 -2.953378e+01
  -29.277468 -2.902126e+01 -2.876614e+01 -2.851008e+01 -2.825406e+01 -2.799809e+01 -2.774215e+01 -2.748623e+01
  -27.230322 -2.697443e+01 -2.671855e+01 -2.646268e+01 -2.620682e+01 -2.595096e+01 -2.569510e+01 -2.543925e+01
  -25.183398 -2.492755e+01 -2.467170e+01 -2.441586e+01 -2.416001e+01 -2.390416e+01 -2.364832e+01 -2.339248e+01
  -23.136632 -2.288079e+01 -2.262494e+01 -2.236910e+01 -2.211326e+01 -2.185741e+01 -2.160157e+01 -2.134573e+01
  -21.089881 -2.083404e+01 -2.057819e+01 -2.032235e+01 -2.006650e+01 -1.981065e+01 -1.955480e+01 -1.929895e+01
  -19.043098 -1.878724e+01 -1.853138e+01 -1.827552e+01 -1.801966e+01 -1.776379e+01 -1.750791e+01 -1.725203e+01
  -16.996140 -1.674025e+01 -1.648435e+01 -1.622845e+01 -1.597255e+01 -1.571665e+01 -1.546075e+01 -1.520485e+01
  -14.948962 -1.469307e+01 -1.443719e+01 -1.418131e+01 -1.392544e+01 -1.366957e+01 -1.341371e+01 -1.315784e+01
    0.000040 4.162328e+00 1.822939e+01 6.347477e+00 4.179997e+01 1.000000e+00    12.646075 -3.107646e+01 -3.081842e+01 -3.056087e+01 -3.030372e+01 -3.004686e+01 -2.979023e+01 -2.953378e+01
  -29.277468 -2.902126e+01 -2.876614e+01 -2.851008e+01 -2.825406e+01 -2.799809e+01 -2.774215e+01 -2.748623e+01
  -27.230322 -2.697443e+01 -2.671855e+01 -2.646268e+01 -2.620682e+01 -2.595096e+01 -2.569510e+01 -2.543925e+01
  -25.183398 -2.492755e+01 -2.467170e+01 -2.441586e+01 -2.416001e+01 -2.390416e+01 -2.364832e+01 -2.339248e+01
  -23.136632 -2.288079e+01 -2.262494e+01 -2.236910e+01 -2.211326e+01 -2.185741e+01 -2.160157e+01 -2.134573e+01
  -21.089881 -2.083404e+01 -2.057819e+01 -2.032235e+01 -2.006650e+01 -1.981065e+01 -1.955480e+01 -1.929895e+01
  -19.043098 -1.878724e+01 -1.853138e+01 -1.827552e+01 -1.801966e+01 -1.776379e+01 -1.750791e+01 -1.725203e+01
  -16.996140 -1.674025e+01 -1.648435e+01 -1.622845e+01 -1.597255e+01 -1.571665e+01 -1.546075e+01 -1.520485e+01
  -14.948962 -1.469307e+01 -1.443719e+01 -1.418131e+01 -1.392544e+01 -1.366957e+01 -1.341371e+01 -1.315784e+01
  -12.901986 1.324835e-05 4.394194e+00 2.021782e+01 6.551648e+00 4.425731e+01 1.000000e+00    12.646075 -3.107646e+01 -3.081842e+01 -3.056087e+01 -3.030372e+01 -3.004686e+01 -2.979023e+01 -2.953378e+01
  -29.277468 -2.902126e+01 -2.876614e+01 -2.851008e+01 -2.825406e+01 -2.799809e+01 -2.774215e+01 -2.748623e+01
  -27.230322 -2.697443e+01 -2.671855e+01 -2.646268e+01 -2.620682e+01 -2.595096e+01 -2.569510e+01 -2.543925e+01
  -25.183398 -2.492755e+01 -2.467170e+01 -2.441586e+01 -2.416001e+01 -2.390416e+01 -2.364832e+01 -2.339248e+01
  -23.136632 -2.288079e+01 -2.262494e+01 -2.236910e+01 -2.211326e+01 -2.185741e+01 -2.160157e+01 -2.134573e+01
  -21.089881 -2.083404e+01 -2.057819e+01 -2.032235e+01 -2.006650e+01 -1.981065e+01 -1.955480e+01 -1.929895e+01
  -19.043098 -1.878724e+01 -1.853138e+01 -1.827552e+01 -1.801966e+01 -1.776379e+01 -1.750791e+01 -1.725203e+01
  -16.996140 -1.674025e+01 -1.648435e+01 -1.622845e+01 -1.597255e+01 -1.571665e+01 -1.546075e+01 -1.520485e+01
  -14.948962 -1.469307e+01 -1.443719e+01 -1.418131e+01 -1.392544e+01 -1.366957e+01 -1.341371e+01 -1.315784e+01
  -12.901986 -1.264613e+01 4.177680e-06 4.627841e+00 2.233520e+01 6.734142e+00 4.651834e+01 1.000000e+00
   12.646075 -3.107646e+01 -3.081842e+01 -3.056087e+01 -3.030372e+01 -3.004686e+01 -2.979023e+01 -2.953378e+01
  -29.277468 -2.902126e+01 -2.876614e+01 -2.851008e+01 -2.825406e+01 -2.799809e+01 -2.774215e+01 -2.748623e+01
  -27.230322 -2.697443e+01 -2.671855e+01 -2.646268e+01 -2.620682e+01 -2.595096e+01 -2.569510e+01 -2.543925e+01
  -25.183398 -2.492755e+01 -2.467170e+01 -2.441586e+01 -2.416001e+01 -2.390416e+01 -2.364832e+01 -2.339248e+01
  -23.136632 -2.288079e+01 -2.262494e+01 -2.236910e+01 -2.211326e+01 -2.185741e+01 -2.160157e+01 -2.134573e+01
  -21.089881 -2.083404e+01 -2.057819e+01 -2.032235e+01 -2.006650e+01 -1.981065e+01 -1.955480e+01 -1.929895e+01
  -19.043098 -1.878724e+01 -1.853138e+01 -1.827552e+01 -1.801966e+01 -1.776379e+01 -1.750791e+01 -1.725203e+01
  -16.996140 -1.674025e+01 -1.648435e+01 -1.622845e+01 -1.597255e+01 -1.571665e+01 -1.546075e+01 -1.520485e+01
  -14.948962 -1.469307e+01 -1.443719e+01 -1.418131e+01 -1.392544e+01 -1.366957e+01 -1.341371e+01 -1.315784e+01
  -12.901986 -1.264613e+01 -1.239028e+01 1.240500e-06 4.864440e+00 2.459451e+01 6.897034e+00 4.858988e+01
    1.000000    12.646075 -3.107646e+01 -3.081842e+01 -3.056087e+01 -3.030372e+01 -3.004686e+01 -2.979023e+01 -2.953378e+01
  -29.277468 -2.902126e+01 -2.876614e+01 -2.851008e+01 -2.825406e+01 -2.799809e+01 -2.774215e+01 -2.748623e+01
  -27.230322 -2.697443e+01 -2.671855e+01 -2.646268e+01 -2.620682e+01 -2.595096e+01 -2.569510e+01 -2.543925e+01
  -25.183398 -2.492755e+01 -2.467170e+01 -2.441586e+01 -2.416001e+01 -2.390416e+01 -2.364832e+01 -2.339248e+01
  -23.136632 -2.288079e+01 -2.262494e+01 -2.236910e+01 -2.211326e+01 -2.185741e+01 -2.160157e+01 -2.134573e+01
  -21.089881 -2.083404e+01 -2.057819e+01 -2.032235e+01 -2.006650e+01 -1.981065e+01 -1.955480e+01 -1.929895e+01
  -19.043098 -1.878724e+01 -1.853138e+01 -1.827552e+01 -1.801966e+01 -1.776379e+01 -1.750791e+01 -1.725203e+01
  -16.996140 -1.674025e+01 -1.648435e+01 -1.622845e+01 -1.597255e+01 -1.571665e+01 -1.546075e+01 -1.520485e+01
  -14.948962 -1.469307e+01 -1.443719e+01 -1.418131e+01 -1.392544e+01 -1.366957e+01 -1.341371e+01 -1.315784e+01
  -12.901986 -1.264613e+01 -1.239028e+01 -1.213443e+01 3.465526e-07 5.104780e+00 2.700586e+01 7.042545e+00
   50.484552 1.000000e+00    12.646075 -3.107646e+01 -3.081842e+01 -3.056087e+01 -3.030372e+01 -3.004686e+01 -2.979023e+01 -2.953378e+01
  -29.277468 -2.902126e+01 -2.876614e+01 -2.851008e+01 -2.825406e+01 -2.799809e+01 -2.774215e+01 -2.748623e+01
  -27.230322 -2.697443e+01 -2.671855e+01 -2.646268e+01 -2.620682e+01 -2.595096e+01 -2.569510e+01 -2.543925e+01
  -25.183398 -2.492755e+01 -2.467170e+01 -2.441586e+01 -2.416001e+01 -2.390416e+01 -2.364832e+01 -2.339248e+01
  -23.136632 -2.288079e+01 -2.262494e+01 -2.236910e+01 -2.211326e+01 -2.185741e+01 -2.160157e+01 -2.134573e+01
  -21.089881 -2.083404e+01 -2.057819e+01 -2.032235e+01 -2.006650e+01 -1.981065e+01 -1.955480e+01 -1.929895e+01
  -19.043098 -1.878724e+01 -1.853138e+01 -1.827552e+01 -1.801966e+01 -1.776379e+01 -1.750791e+01 -1.725203e+01
  -16.996140 -1.674025e+01 -1.648435e+01 -1.622845e+01 -1.597255e+01 -1.571665e+01 -1.546075e+01 -1.520485e+01
  -14.948962 -1.469307e+01 -1.443719e+01 -1.418131e+01 -1.392544e+01 -1.366957e+01 -1.341371e+01 -1.315784e+01
  -12.901986 -1.264613e+01 -1.239028e+01 -1.213443e+01 -1.187858e+01 9.099654e-08 5.348918e+00 2.957164e+01
    7.172796 5.221689e+01 1.000000e+00    12.646075 -3.107646e+01 -3.081842e+01 -3.056087e+01 -3.030372e+01 -3.004686e+01 -2.979023e+01 -2.953378e+01
  -29.277468 -2.902126e+01 -2.876614e+01 -2.851008e+01 -2.825406e+01 -2.799809e+01 -2.774215e+01 -2.748623e+01
  -27.230322 -2.697443e+01 -2.671855e+01 -2.646268e+01 -2.620682e+01 -2.595096e+01 -2.569510e+01 -2.543925e+01
  -25.183398 -2.492755e+01 -2.467170e+01 -2.441586e+01 -2.416001e+01 -2.390416e+01 -2.364832e+01 -2.339248e+01
  -23.136632 -2.288079e+01 -2.262494e+01 -2.236910e+01 -2.211326e+01 -2.185741e+01 -2.160157e+01 -2.134573e+01
  -21.089881 -2.083404e+01 -2.057819e+01 -2.032235e+01 -2.006650e+01 -1.981065e+01 -1.955480e+01 -1.929895e+01
  -19.043098 -1.878724e+01 -1.853138e+01 -1.827552e+01 -1.801966e+01 -1.776379e+01 -1.750791e+01 -1.725203e+01
  -16.996140 -1.674025e+01 -1.648435e+01 -1.622845e+01 -1.597255e+01 -1.571665e+01 -1.546075e+01 -1.520485e+01
  -14.948962 -1.469307e+01 -1.443719e+01 -1.418131e+01 -1.392544e+01 -1.366957e+01 -1.341371e+01 -1.315784e+01
  -12.901986 -1.264613e+01 -1.239028e+01 -1.213443e+01 -1.187858e+01 -1.162273e+01 2.243816e-08 5.595826e+00
   32.281157 7.289586e+00 5.379987e+01 1.000000e+00    12.646075 -3.107646e+01 -3.081842e+01 -3.056087e+01 -3.030372e+01 -3.004686e+01 -2.979023e+01 -2.953378e+01
  -29.277468 -2.902126e+01 -2.876614e+01 -2.851008e+01 -2.825406e+01 -2.799809e+01 -2.774215e+01 -2.748623e+01
  -27.230322 -2.697443e+01 -2.671855e+01 -2.646268e+01 -2.620682e+01 -2.595096e+01 -2.569510e+01 -2.543925e+01
  -25.183398 -2.492755e+01 -2.467170e+01 -2.441586e+01 -2.416001e+01 -2.390416e+01 -2.364832e+01 -2.339248e+01
  -23.136632 -2.288079e+01 -2.262494e+01 -2.236910e+01 -2.211326e+01 -2.185741e+01 -2.160157e+01 -2.134573e+01
  -21.089881 -2.083404e+01 -2.057819e+01 -2.032235e+01 -2.006650e+01 -1.981065e+01 -1.955480e+01 -1.929895e+01
  -19.043098 -1.878724e+01 -1.853138e+01 -1.827552e+01 -1.801966e+01 -1.776379e+01 -1.750791e+01 -1.725203e+01
  -16.996140 -1.674025e+01 -1.648435e+01 -1.622845e+01 -1.597255e+01 -1.571665e+01 -1.546075e+01 -1.520485e+01
  -14.948962 -1.469307e+01 -1.443719e+01 -1.418131e+01 -1.392544e+01 -1.366957e+01 -1.341371e+01 -1.315784e+01
  -12.901986 -1.264613e+01 -1.239028e+01 -1.213443e+01 -1.187858e+01 -1.162273e+01 -1.136688e+01 5.193548e-09
    5.843200 3.510657e+01 7.394273e+00 5.524258e+01 1.000000e+00    12.646075 -3.107646e+01 -3.081842e+01 -3.056087e+01 -3.030372e+01 -3.004686e+01 -2.979023e+01 -2.953378e+01
  -29.277468 -2.902126e+01 -2.876614e+01 -2.851008e+01 -2.825406e+01 -2.799809e+01 -2.774215e+01 -2.748623e+01
  -27.230322 -2.697443e+01 -2.671855e+01 -2.646268e+01 -2.620682e+01 -2.595096e+01 -2.569510e+01 -2.543925e+01
  -25.183398 -2.492755e+01 -2.467170e+01 -2.441586e+01 -2.416001e+01 -2.390416e+01 -2.364832e+01 -2.339248e+01
  -23.136632 -2.288079e+01 -2.262494e+01 -2.236910e+01 -2.211326e+01 -2.185741e+01 -2.160157e+01 -2.134573e+01
  -21.089881 -2.083404e+01 -2.057819e+01 -2.032235e+01 -2.006650e+01 -1.981065e+01 -1.955480e+01 -1.929895e+01
  -19.043098 -1.878724e+01 -1.853138e+01 -1.827552e+01 -1.801966e+01 -1.776379e+01 -1.750791e+01 -1.725203e+01
  -16.996140 -1.674025e+01 -1.648435e+01 -1.622845e+01 -1.597255e+01 -1.571665e+01 -1.546075e+01 -1.520485e+01
  -14.948962 -1.469307e+01 -1.443719e+01 -1.418131e+01 -1.392544e+01 -1.366957e+01 -1.341371e+01 -1.315784e+01
  -12.901986 -1.264613e+01 -1.239028e+01 -1.213443e+01 -1.187858e+01 -1.162273e+01 -1.136688e+01 -1.111103e+01
    0.000000 6.087562e+00 3.800227e+01 7.487768e+00 5.654968e+01 1.000000e+00    12.646075 -3.107646e+01 -3.081842e+01 -3.056087e+01 -3.030372e+01 -3.004686e+01 -2.979023e+01 -2.953378e+01
  -29.277468 -2.902126e+01 -2.876614e+01 -2.851008e+01 -2.825406e+01 -2.799809e+01 -2.774215e+01 -2.748623e+01
  -27.230322 -2.697443e+01 -2.671855e+01 -2.646268e+01 -2.620682e+01 -2.595096e+01 -2.569510e+01 -2.543925e+01
  -25.183398 -2.492755e+01 -2.467170e+01 -2.441586e+01 -2.416001e+01 -2.390416e+01 -2.364832e+01 -2.339248e+01
  -23.136632 -2.288079e+01 -2.262494e+01 -2.236910e+01 -2.211326e+01 -2.185741e+01 -2.160157e+01 -2.134573e+01
  -21.089881 -2.083404e+01 -2.057819e+01 -2.032235e+01 -2.006650e+01 -1.981065e+01 -1.955480e+01 -1.929895e+01
  -19.043098 -1.878724e+01 -1.853138e+01 -1.827552e+01 -1.801966e+01 -1.776379e+01 -1.750791e+01 -1.725203e+01
  -16.996140 -1.674025e+01 -1.648435e+01 -1.622845e+01 -1.597255e+01 -1.571665e+01 -1.546075e+01 -1.520485e+01
  -14.948962 -1.469307e+01 -1.443719e+01 -1.418131e+01 -1.392544e+01 -1.366957e+01 -1.341371e+01 -1.315784e+01
  -12.901986 -1.264613e+01 -1.239028e+01 -1.213443e+01 -1.187858e+01 -1.162273e+01 -1.136688e+01 -1.111103e+01
  -10.855188 2.306332e-10 6.324698e+00 4.090884e+01 7.570650e+00 5.772271e+01 1.000000e+00    12.646075 -3.107646e+01 -3.081842e+01 -3.056087e+01 -3.030372e+01 -3.004686e+01 -2.979023e+01 -2.953378e+01
  -29.277468 -2.902126e+01 -2.876614e+01 -2.851008e+01 -2.825406e+01 -2.799809e+01 -2.774215e+01 -2.748623e+01
  -27.230322 -2.697443e+01 -2.671855e+01 -2.646268e+01 -2.620682e+01 -2.595096e+01 -2.569510e+01 -2.543925e+01
  -25.183398 -2.492755e+01 -2.467170e+01 -2.441586e+01 -2.416001e+01 -2.390416e+01 -2.364832e+01 -2.339248e+01
  -23.136632 -2.288079e+01 -2.262494e+01 -2.236910e+01 -2.211326e+01 -2.185741e+01 -2.160157e+01 -2.134573e+01
  -21.089881 -2.083404e+01 -2.057819e+01 -2.032235e+01 -2.006650e+01 -1.981065e+01 -1.955480e+01 -1.929895e+01
  -19.043098 -1.878724e+01 -1.853138e+01 -1.827552e+01 -1.801966e+01 -1.776379e+01 -1.750791e+01 -1.725203e+01
  -16.996140 -1.674025e+01 -1.648435e+01 -1.622845e+01 -1.597255e+01 -1.571665e+01 -1.546075e+01 -1.520485e+01
  -14.948962 -1.469307e+01 -1.443719e+01 -1.418131e+01 -1.392544e+01 -1.366957e+01 -1.341371e+01 -1.315784e+01
  -12.901986 -1.264613e+01 -1.239028e+01 -1.213443e+01 -1.187858e+01 -1.162273e+01 -1.136688e+01 -1.111103e+01
  -10.855188 -1.059934e+01 4.441315e-11 6.550298e+00 4.376045e+01 7.643354e+00 5.876240e+01 1.000000e+00
   12.646075 -3.107646e+01 -3.081842e+01 -3.056087e+01 -3.030372e+01 -3.004686e+01 -2.979023e+01 -2.953378e+01
  -29.277468 -2.902126e+01 -2.876614e+01 -2.851008e+01 -2.825406e+01 -2.799809e+01 -2.774215e+01 -2.748623e+01
  -27.230322 -2.697443e+01 -2.671855e+01 -2.646268e+01 -2.620682e+01 -2.595096e+01 -2.569510e+01 -2.543925e+01
  -25.183398 -2.492755e+01 -2.467170e+01 -2.441586e+01 -2.416001e+01 -2.390416e+01 -2.364832e+01 -2.339248e+01
  -23.136632 -2.288079e+01 -2.262494e+01 -2.236910e+01 -2.211326e+01 -2.185741e+01 -2.160157e+01 -2.134573e+01
  -21.089881 -2.083404e+01 -2.057819e+01 -2.032235e+01 -2.006650e+01 -1.981065e+01 -1.955480e+01 -1.929895e+01
  -19.043098 -1.878724e+01 -1.853138e+01 -1.827552e+01 -1.801966e+01 -1.776379e+01 -1.750791e+01 -1.725203e+01
  -16.996140 -1.674025e+01 -1.648435e+01 -1.622845e+01 -1.597255e+01 -1.571665e+01 -1.546075e+01 -1.520485e+01
  -14.948962 -1.469307e+01 -1.443719e+01 -1.418131e+01 -1.392544e+01 -1.366957e+01 -1.341371e+01 -1.315784e+01
  -12.901986 -1.264613e+01 -1.239028e+01 -1.213443e+01 -1.187858e+01 -1.162273e+01 -1.136688e+01 -1.111103e+01
  -10.855188 -1.059934e+01 -1.034350e+01 8.088272e-12 6.760575e+00 4.649325e+01 7.706340e+00 5.967097e+01
    1.000000    12.646075 -3.107646e+01 -3.081842e+01 -3.056087e+01 -3.030372e+01 -3.004686e+01 -2.979023e+01 -2.953378e+01
  -29.277468 -2.902126e+01 -2.876614e+01 -2.851008e+01 -2.825406e+01 -2.799809e+01 -2.774215e+01 -2.748623e+01
  -27.230322 -2.697443e+01 -2.671855e+01 -2.646268e+01 -2.620682e+01 -2.595096e+01 -2.569510e+01 -2.543925e+01
  -25.183398 -2.492755e+01 -2.467170e+01 -2.441586e+01 -2.416001e+01 -2.390416e+01 -2.364832e+01 -2.339248e+01
  -23.136632 -2.288079e+01 -2.262494e+01 -2.236910e+01 -2.211326e+01 -2.185741e+01 -2.160157e+01 -2.134573e+01
  -21.089881 -2.083404e+01 -2.057819e+01 -2.032235e+01 -2.006650e+01 -1.981065e+01 -1.955480e+01 -1.929895e+01
  -19.043098 -1.878724e+01 -1.853138e+01 -1.827552e+01 -1.801966e+01 -1.776379e+01 -1.750791e+01 -1.725203e+01
  -16.996140 -1.674025e+01 -1.648435e+01 -1.622845e+01 -1.597255e+01 -1.571665e+01 -1.546075e+01 -1.520485e+01
  -14.948962 -1.469307e+01 -1.443719e+01 -1.418131e+01 -1.392544e+01 -1.366957e+01 -1.341371e+01 -1.315784e+01
  -12.901986 -1.264613e+01 -1.239028e+01 -1.213443e+01 -1.187858e+01 -1.162273e+01 -1.136688e+01 -1.111103e+01
  -10.855188 -1.059934e+01 -1.034350e+01 -1.008765e+01 1.399024e-12 6.952675e+00 4.905237e+01 7.760196e+00
   60.453494 1.000000e+00    12.646075 -3.107646e+01 -3.081842e+01 -3.056087e+01 -3.030372e+01 -3.004686e+01 -2.979023e+01 -2.953378e+01
  -29.277468 -2.902126e+01 -2.876614e+01 -2.851008e+01 -2.825406e+01 -2.799809e+01 -2.774215e+01 -2.748623e+01
  -27.230322 -2.697443e+01 -2.671855e+01 -2.646268e+01 -2.620682e+01 -2.595096e+01 -2.569510e+01 -2.543925e+01
  -25.183398 -2.492755e+01 -2.467170e+01 -2.441586e+01 -2.416001e+01 -2.390416e+01 -2.364832e+01 -2.339248e+01
  -23.136632 -2.288079e+01 -2.262494e+01 -2.236910e+01 -2.211326e+01 -2.185741e+01 -2.160157e+01 -2.134573e+01
  -21.089881 -2.083404e+01 -2.057819e+01 -2.032235e+01 -2.006650e+01 -1.981065e+01 -1.955480e+01 -1.929895e+01
  -19.043098 -1.878724e+01 -1.853138e+01 -1.827552e+01 -1.801966e+01 -1.776379e+01 -1.750791e+01 -1.725203e+01
  -16.996140 -1.674025e+01 -1.648435e+01 -1.622845e+01 -1.597255e+01 -1.571665e+01 -1.546075e+01 -1.520485e+01
  -14.948962 -1.469307e+01 -1.443719e+01 -1.418131e+01 -1.392544e+01 -1.366957e+01 -1.341371e+01 -1.315784e+01
  -12.901986 -1.264613e+01 -1.239028e+01 -1.213443e+01 -1.187858e+01 -1.162273e+01 -1.136688e+01 -1.111103e+01
  -10.855188 -1.059934e+01 -1.034350e+01 -1.008765e+01 -9.831809e+00 2.309656e-13 7.124842e+00 5.139613e+01
    7.805659 6.111808e+01 1.000000e+00    12.646075 -3.107646e+01 -3.081842e+01 -3.056087e+01 -3.030372e+01 -3.004686e+01 -2.979023e+01 -2.953378e+01
  -29.277468 -2.902126e+01 -2.876614e+01 -2.851008e+01 -2.825406e+01 -2.799809e+01 -2.774215e+01 -2.748623e+01
  -27.230322 -2.697443e+01 -2.671855e+01 -2.646268e+01 -2.620682e+01 -2.595096e+01 -2.569510e+01 -2.543925e+01
  -25.183398 -2.492755e+01 -2.467170e+01 -2.441586e+01 -2.416001e+01 -2.390416e+01 -2.364832e+01 -2.339248e+01
  -23.136632 -2.288079e+01 -2.262494e+01 -2.236910e+01 -2.211326e+01 -2.185741e+01 -2.160157e+01 -2.134573e+01
  -21.089881 -2.083404e+01 -2.057819e+01 -2.032235e+01 -2.006650e+01 -1.981065e+01 -1.955480e+01 -1.929895e+01
  -19.043098 -1.878724e+01 -1.853138e+01 -1.827552e+01 -1.801966e+01 -1.776379e+01 -1.750791e+01 -1.725203e+01
  -16.996140 -1.674025e+01 -1.648435e+01 -1.622845e+01 -1.597255e+01 -1.571665e+01 -1.546075e+01 -1.520485e+01
  -14.948962 -1.469307e+01 -1.443719e+01 -1.418131e+01 -1.392544e+01 -1.366957e+01 -1.341371e+01 -1.315784e+01
  -12.901986 -1.264613e+01 -1.239028e+01 -1.213443e+01 -1.187858e+01 -1.162273e+01 -1.136688e+01 -1.111103e+01
  -10.855188 -1.059934e+01 -1.034350e+01 -1.008765e+01 -9.831809e+00 -9.575965e+00 3.658345e-14 7.276380e+00
   53.497714 7.843584e+00 6.167526e+01 1.000000e+00    12.646075 -3.107646e+01 -3.081842e+01 -3.056087e+01 -3.030372e+01 -3.004686e+01 -2.979023e+01 -2.953378e+01
  -29.277468 -2.902126e+01 -2.876614e+01 -2.851008e+01 -2.825406e+01 -2.799809e+01 -2.774215e+01 -2.748623e+01
  -27.230322 -2.697443e+01 -2.671855e+01 -2.646268e+01 -2.620682e+01 -2.595096e+01 -2.569510e+01 -2.543925e+01
  -25.183398 -2.492755e+01 -2.467170e+01 -2.441586e+01 -2.416001e+01 -2.390416e+01 -2.364832e+01 -2.339248e+01
  -23.136632 -2.288079e+01 -2.262494e+01 -2.236910e+01 -2.211326e+01 -2.185741e+01 -2.160157e+01 -2.134573e+01
  -21.089881 -2.083404e+01 -2.057819e+01 -2.032235e+01 -2.006650e+01 -1.981065e+01 -1.955480e+01 -1.929895e+01
  -19.043098 -1.878724e+01 -1.853138e+01 -1.827552e+01 -1.801966e+01 -1.776379e+01 -1.750791e+01 -1.725203e+01
  -16.996140 -1.674025e+01 -1.648435e+01 -1.622845e+01 -1.597255e+01 -1.571665e+01 -1.546075e+01 -1.520485e+01
  -14.948962 -1.469307e+01 -1.443719e+01 -1.418131e+01 -1.392544e+01 -1.366957e+01 -1.341371e+01 -1.315784e+01
  -12.901986 -1.264613e+01 -1.239028e+01 -1.213443e+01 -1.187858e+01 -1.162273e+01 -1.136688e+01 -1.111103e+01
  -10.855188 -1.059934e+01 -1.034350e+01 -1.008765e+01 -9.831809e+00 -9.575965e+00 -9.320122e+00 5.588879e-15
    7.407510 5.534491e+01 7.874880e+00 6.213697e+01 1.000000e+00    12.646075 -3.107646e+01 -3.081842e+01 -3.056087e+01 -3.030372e+01 -3.004686e+01 -2.979023e+01 -2.953378e+01
  -29.277468 -2.902126e+01 -2.876614e+01 -2.851008e+01 -2.825406e+01 -2.799809e+01 -2.774215e+01 -2.748623e+01
  -27.230322 -2.697443e+01 -2.671855e+01 -2.646268e+01 -2.620682e+01 -2.595096e+01 -2.569510e+01 -2.543925e+01
  -25.183398 -2.492755e+01 -2.467170e+01 -2.441586e+01 -2.416001e+01 -2.390416e+01 -2.364832e+01 -2.339248e+01
  -23.136632 -2.288079e+01 -2.262494e+01 -2.236910e+01 -2.211326e+01 -2.185741e+01 -2.160157e+01 -2.134573e+01
  -21.089881 -2.083404e+01 -2.057819e+01 -2.032235e+01 -2.006650e+01 -1.981065e+01 -1.955480e+01 -1.929895e+01
  -19.043098 -1.878724e+01 -1.853138e+01 -1.827552e+01 -1.801966e+01 -1.776379e+01 -1.750791e+01 -1.725203e+01
  -16.996140 -1.674025e+01 -1.648435e+01 -1.622845e+01 -1.597255e+01 -1.571665e+01 -1.546075e+01 -1.520485e+01
  -14.948962 -1.469307e+01 -1.443719e+01 -1.418131e+01 -1.392544e+01 -1.366957e+01 -1.341371e+01 -1.315784e+01
  -12.901986 -1.264613e+01 -1.239028e+01 -1.213443e+01 -1.187858e+01 -1.162273e+01 -1.136688e+01 -1.111103e+01
  -10.855188 -1.059934e+01 -1.034350e+01 -1.008765e+01 -9.831809e+00 -9.575965e+00 -9.320122e+00 -9.064278e+00
    0.000000 7.519192e+00 5.693859e+01 7.900458e+00 6.251559e+01 1.000000e+00    12.646075 -3.107646e+01 -3.081842e+01 -3.056087e+01 -3.030372e+01 -3.004686e+01 -2.979023e+01 -2.953378e+01
  -29.277468 -2.902126e+01 -2.876614e+01 -2.851008e+01 -2.825406e+01 -2.799809e+01 -2.774215e+01 -2.748623e+01
  -27.230322 -2.697443e+01 -2.671855e+01 -2.646268e+01 -2.620682e+01 -2.595096e+01 -2.569510e+01 -2.543925e+01
  -25.183398 -2.492755e+01 -2.467170e+01 -2.441586e+01 -2.416001e+01 -2.390416e+01 -2.364832e+01 -2.339248e+01
  -23.136632 -2.288079e+01 -2.262494e+01 -2.236910e+01 -2.211326e+01 -2.185741e+01 -2.160157e+01 -2.134573e+01
  -21.089881 -2.083404e+01 -2.057819e+01 -2.032235e+01 -2.006650e+01 -1.981065e+01 -1.955480e+01 -1.929895e+01
  -19.043098 -1.878724e+01 -1.853138e+01 -1.827552e+01 -1.801966e+01 -1.776379e+01 -1.750791e+01 -1.725203e+01
  -16.996140 -1.674025e+01 -1.648435e+01 -1.622845e+01 -1.597255e+01 -1.571665e+01 -1.546075e+01 -1.520485e+01
  -14.948962 -1.469307e+01 -1.443719e+01 -1.418131e+01 -1.392544e+01 -1.366957e+01 -1.341371e+01 -1.315784e+01
  -12.901986 -1.264613e+01 -1.239028e+01 -1.213443e+01 -1.187858e+01 -1.162273e+01 -1.136688e+01 -1.111103e+01
  -10.855188 -1.059934e+01 -1.034350e+01 -1.008765e+01 -9.831809e+00 -9.575965e+00 -9.320122e+00 -9.064278e+00
   -8.808435 1.194137e-16 7.612927e+00 5.829028e+01 7.921183e+00 6.282321e+01 1.000000e+00    12.646075 -3.107646e+01 -3.081842e+01 -3.056087e+01 -3.030372e+01 -3.004686e+01 -2.979023e+01 -2.953378e+01
  -29.277468 -2.902126e+01 -2.876614e+01 -2.851008e+01 -2.825406e+01 -2.799809e+01 -2.774215e+01 -2.748623e+01
  -27.230322 -2.697443e+01 -2.671855e+01 -2.646268e+01 -2.620682e+01 -2.595096e+01 -2.569510e+01 -2.543925e+01
  -25.183398 -2.492755e+01 -2.467170e+01 -2.441586e+01 -2.416001e+01 -2.390416e+01 -2.364832e+01 -2.339248e+01
  -23.136632 -2.288079e+01 -2.262494e+01 -2.236910e+01 -2.211326e+01 -2.185741e+01 -2.160157e+01 -2.134573e+01
  -21.089881 -2.083404e+01 -2.057819e+01 -2.032235e+01 -2.006650e+01 -1.981065e+01 -1.955480e+01 -1.929895e+01
  -19.043098 -1.878724e+01 -1.853138e+01 -1.827552e+01 -1.801966e+01 -1.776379e+01 -1.750791e+01 -1.725203e+01
  -16.996140 -1.674025e+01 -1.648435e+01 -1.622845e+01 -1.597255e+01 -1.571665e+01 -1.546075e+01 -1.520485e+01
  -14.948962 -1.469307e+01 -1.443719e+01 -1.418131e+01 -1.392544e+01 -1.366957e+01 -1.341371e+01 -1.315784e+01
  -12.901986 -1.264613e+01 -1.239028e+01 -1.213443e+01 -1.187858e+01 -1.162273e+01 -1.136688e+01 -1.111103e+01
  -10.855188 -1.059934e+01 -1.034350e+01 -1.008765e+01 -9.831809e+00 -9.575965e+00 -9.320122e+00 -9.064278e+00
   -8.808435 -8.552592e+00 1.685463e-17 7.690560e+00 5.941928e+01 7.937848e+00 6.307111e+01 1.000000e+00
   12.646075 -3.107646e+01 -3.081842e+01 -3.056087e+01 -3.030372e+01 -3.004686e+01 -2.979023e+01 -2.953378e+01
  -29.277468 -2.902126e+01 -2.876614e+01 -2.851008e+01 -2.825406e+01 -2.799809e+01 -2.774215e+01 -2.748623e+01
  -27.230322 -2.697443e+01 -2.671855e+01 -2.646268e+01 -2.620682e+01 -2.595096e+01 -2.569510e+01 -2.543925e+01
  -25.183398 -2.492755e+01 -2.467170e+01 -2.441586e+01 -2.416001e+01 -2.390416e+01 -2.364832e+01 -2.339248e+01
  -23.136632 -2.288079e+01 -2.262494e+01 -2.236910e+01 -2.211326e+01 -2.185741e+01 -2.160157e+01 -2.134573e+01
  -21.089881 -2.083404e+01 -2.057819e+01 -2.032235e+01 -2.006650e+01 -1.981065e+01 -1.955480e+01 -1.929895e+01
  -19.043098 -1.878724e+01 -1.853138e+01 -1.827552e+01 -1.801966e+01 -1.776379e+01 -1.750791e+01 -1.725203e+01
  -16.996140 -1.674025e+01 -1.648435e+01 -1.622845e+01 -1.597255e+01 -1.571665e+01 -1.546075e+01 -1.520485e+01
  -14.948962 -1.469307e+01 -1.443719e+01 -1.418131e+01 -1.392544e+01 -1.366957e+01 -1.341371e+01 -1.315784e+01
  -12.901986 -1.264613e+01 -1.239028e+01 -1.213443e+01 -1.187858e+01 -1.162273e+01 -1.136688e+01 -1.111103e+01
  -10.855188 -1.059934e+01 -1.034350e+01 -1.008765e+01 -9.831809e+00 -9.575965e+00 -9.320122e+00 -9.064278e+00
   -8.808435 -8.552592e+00 -8.296749e+00 2.336470e-18 7.754104e+00 6.034963e+01 7.951159e+00 6.326949e+01
    1.000000    12.646075 -3.107646e+01 -3.081842e+01 -3.056087e+01 -3.030372e+01 -3.004686e+01 -2.979023e+01 -2.953378e+01
  -29.277468 -2.902126e+01 -2.876614e+01 -2.851008e+01 -2.825406e+01 -2.799809e+01 -2.774215e+01 -2.748623e+01
  -27.230322 -2.697443e+01 -2.671855e+01 -2.646268e+01 -2.620682e+01 -2.595096e+01 -2.569510e+01 -2.543925e+01
  -25.183398 -2.492755e+01 -2.467170e+01 -2.441586e+01 -2.416001e+01 -2.390416e+01 -2.364832e+01 -2.339248e+01
  -23.136632 -2.288079e+01 -2.262494e+01 -2.236910e+01 -2.211326e+01 -2.185741e+01 -2.160157e+01 -2.134573e+01
  -21.089881 -2.083404e+01 -2.057819e+01 -2.032235e+01 -2.006650e+01 -1.981065e+01 -1.955480e+01 -1.929895e+01
  -19.043098 -1.878724e+01 -1.853138e+01 -1.827552e+01 -1.801966e+01 -1.776379e+01 -1.750791e+01 -1.725203e+01
  -16.996140 -1.674025e+01 -1.648435e+01 -1.622845e+01 -1.597255e+01 -1.571665e+01 -1.546075e+01 -1.520485e+01
  -14.948962 -1.469307e+01 -1.443719e+01 -1.418131e+01 -1.392544e+01 -1.366957e+01 -1.341371e+01 -1.315784e+01
  -12.901986 -1.264613e+01 -1.239028e+01 -1.213443e+01 -1.187858e+01 -1.162273e+01 -1.136688e+01 -1.111103e+01
  -10.855188 -1.059934e+01 -1.034350e+01 -1.008765e+01 -9.831809e+00 -9.575965e+00 -9.320122e+00 -9.064278e+00
   -8.808435 -8.552592e+00 -8.296749e+00 -8.040905e+00 3.191755e-19 7.805587e+00 6.110740e+01 7.961731e+00
   63.427256 1.000000e+00    12.646075 -3.107646e+01 -3.081842e+01 -3.056087e+01 -3.030372e+01 -3.004686e+01 -2.979023e+01 -2.953378e+01
  -29.277468 -2.902126e+01 -2.876614e+01 -2.851008e+01 -2.825406e+01 -2.799809e+01 -2.774215e+01 -2.748623e+01
  -27.230322 -2.697443e+01 -2.671855e+01 -2.646268e+01 -2.620682e+01 -2.595096e+01 -2.569510e+01 -2.543925e+01
  -25.183398 -2.492755e+01 -2.467170e+01 -2.441586e+01 -2.416001e+01 -2.390416e+01 -2.364832e+01 -2.339248e+01
  -23.136632 -2.288079e+01 -2.262494e+01 -2.236910e+01 -2.211326e+01 -2.185741e+01 -2.160157e+01 -2.134573e+01
  -21.089881 -2.083404e+01 -2.057819e+01 -2.032235e+01 -2.006650e+01 -1.981065e+01 -1.955480e+01 -1.929895e+01
  -19.043098 -1.878724e+01 -1.853138e+01 -1.827552e+01 -1.801966e+01 -1.776379e+01 -1.750791e+01 -1.725203e+01
  -16.996140 -1.674025e+01 -1.648435e+01 -1.622845e+01 -1.597255e+01 -1.571665e+01 -1.546075e+01 -1.520485e+01
  -14.948962 -1.469307e+01 -1.443719e+01 -1.418131e+01 -1.392544e+01 -1.366957e+01 -1.341371e+01 -1.315784e+01
  -12.901986 -1.264613e+01 -1.239028e+01 -1.213443e+01 -1.187858e+01 -1.162273e+01 -1.136688e+01 -1.111103e+01
  -10.855188 -1.059934e+01 -1.034350e+01 -1.008765e+01 -9.831809e+00 -9.575965e+00 -9.320122e+00 -9.064278e+00
   -8.808435 -8.552592e+00 -8.296749e+00 -8.040905e+00 -7.785062e+00 4.308825e-20 7.846935e+00 6.171856e+01
    7.970087 6.355209e+01 1.000000e+00    12.646075 -3.107646e+01 -3.081842e+01 -3.056087e+01 -3.030372e+01 -3.004686e+01 -2.979023e+01 -2.953378e+01
  -29.277468 -2.902126e+01 -2.876614e+01 -2.851008e+01 -2.825406e+01 -2.799809e+01 -2.774215e+01 -2.748623e+01
  -27.230322 -2.697443e+01 -2.671855e+01 -2.646268e+01 -2.620682e+01 -2.595096e+01 -2.569510e+01 -2.543925e+01
  -25.183398 -2.492755e+01 -2.467170e+01 -2.441586e+01 -2.416001e+01 -2.390416e+01 -2.364832e+01 -2.339248e+01
  -23.136632 -2.288079e+01 -2.262494e+01 -2.236910e+01 -2.211326e+01 -2.185741e+01 -2.160157e+01 -2.134573e+01
  -21.089881 -2.083404e+01 -2.057819e+01 -2.032235e+01 -2.006650e+01 -1.981065e+01 -1.955480e+01 -1.929895e+01
  -19.043098 -1.878724e+01 -1.853138e+01 -1.827552e+01 -1.801966e+01 -1.776379e+01 -1.750791e+01 -1.725203e+01
  -16.996140 -1.674025e+01 -1.648435e+01 -1.622845e+01 -1.597255e+01 -1.571665e+01 -1.546075e+01 -1.520485e+01
  -14.948962 -1.469307e+01 -1.443719e+01 -1.418131e+01 -1.392544e+01 -1.366957e+01 -1.341371e+01 -1.315784e+01
  -12.901986 -1.264613e+01 -1.239028e+01 -1.213443e+01 -1.187858e+01 -1.162273e+01 -1.136688e+01 -1.111103e+01
  -10.855188 -1.059934e+01 -1.034350e+01 -1.008765e+01 -9.831809e+00 -9.575965e+00 -9.320122e+00 -9.064278e+00
   -8.808435 -8.552592e+00 -8.296749e+00 -8.040905e+00 -7.785062e+00 -7.529220e+00 5.762022e-21 7.879904e+00
   62.207460 7.976664e+00 6.365044e+01 1.000000e+00    12.646075 -3.107646e+01 -3.081842e+01 -3.056087e+01 -3.030372e+01 -3.004686e+01 -2.979023e+01 -2.953378e+01
  -29.277468 -2.902126e+01 -2.876614e+01 -2.851008e+01 -2.825406e+01 -2.799809e+01 -2.774215e+01 -2.748623e+01
  -27.230322 -2.697443e+01 -2.671855e+01 -2.646268e+01 -2.620682e+01 -2.595096e+01 -2.569510e+01 -2.543925e+01
  -25.183398 -2.492755e+01 -2.467170e+01 -2.441586e+01 -2.416001e+01 -2.390416e+01 -2.364832e+01 -2.339248e+01
  -23.136632 -2.288079e+01 -2.262494e+01 -2.236910e+01 -2.211326e+01 -2.185741e+01 -2.160157e+01 -2.134573e+01
  -21.089881 -2.083404e+01 -2.057819e+01 -2.032235e+01 -2.006650e+01 -1.981065e+01 -1.955480e+01 -1.929895e+01
  -19.043098 -1.878724e+01 -1.853138e+01 -1.827552e+01 -1.801966e+01 -1.776379e+01 -1.750791e+01 -1.725203e+01
  -16.996140 -1.674025e+01 -1.648435e+01 -1.622845e+01 -1.597255e+01 -1.571665e+01 -1.546075e+01 -1.520485e+01
  -14.948962 -1.469307e+01 -1.443719e+01 -1.418131e+01 -1.392544e+01 -1.366957e+01 -1.341371e+01 -1.315784e+01
  -12.901986 -1.264613e+01 -1.239028e+01 -1.213443e+01 -1.187858e+01 -1.162273e+01 -1.136688e+01 -1.111103e+01
  -10.855188 -1.059934e+01 -1.034350e+01 -1.008765e+01 -9.831809e+00 -9.575965e+00 -9.320122e+00 -9.064278e+00
   -8.808435 -8.552592e+00 -8.296749e+00 -8.040905e+00 -7.785062e+00 -7.529220e+00 -7.273377e+00 7.647527e-22
    7.906034 6.259594e+01 7.981824e+00 6.372765e+01 1.000000e+00    12.646075 -3.107646e+01 -3.081842e+01 -3.056087e+01 -3.030372e+01 -3.004686e+01 -2.979023e+01 -2.953378e+01
  -29.277468 -2.902126e+01 -2.876614e+01 -2.851008e+01 -2.825406e+01 -2.799809e+01 -2.774215e+01 -2.748623e+01
  -27.230322 -2.697443e+01 -2.671855e+01 -2.646268e+01 -2.620682e+01 -2.595096e+01 -2.569510e+01 -2.543925e+01
  -25.183398 -2.492755e+01 -2.467170e+01 -2.441586e+01 -2.416001e+01 -2.390416e+01 -2.364832e+01 -2.339248e+01
  -23.136632 -2.288079e+01 -2.262494e+01 -2.236910e+01 -2.211326e+01 -2.185741e+01 -2.160157e+01 -2.134573e+01
  -21.089881 -2.083404e+01 -2.057819e+01 -2.032235e+01 -2.006650e+01 -1.981065e+01 -1.955480e+01 -1.929895e+01
  -19.043098 -1.878724e+01 -1.853138e+01 -1.827552e+01 -1.801966e+01 -1.776379e+01 -1.750791e+01 -1.725203e+01
  -16.996140 -1.674025e+01 -1.648435e+01 -1.622845e+01 -1.597255e+01 -1.571665e+01 -1.546075e+01 -1.520485e+01
  -14.948962 -1.469307e+01 -1.443719e+01 -1.418131e+01 -1.392544e+01 -1.366957e+01 -1.341371e+01 -1.315784e+01
  -12.901986 -1.264613e+01 -1.239028e+01 -1.213443e+01 -1.187858e+01 -1.162273e+01 -1.136688e+01 -1.111103e+01
  -10.855188 -1.059934e+01 -1.034350e+01 -1.008765e+01 -9.831809e+00 -9.575965e+00 -9.320122e+00 -9.064278e+00
   -8.808435 -8.552592e+00 -8.296749e+00 -8.040905e+00 -7.785062e+00 -7.529220e+00 -7.273377e+00 -7.017534e+00
    0.000000 7.926644e+00 6.290295e+01 7.985861e+00 6.378809e+01 1.000000e+00    12.646075 -3.107646e+01 -3.081842e+01 -3.056087e+01 -3.030372e+01 -3.004686e+01 -2.979023e+01 -2.953378e+01
  -29.277468 -2.902126e+01 -2.876614e+01 -2.851008e+01 -2.825406e+01 -2.799809e+01 -2.774215e+01 -2.748623e+01
  -27.230322 -2.697443e+01 -2.671855e+01 -2.646268e+01 -2.620682e+01 -2.595096e+01 -2.569510e+01 -2.543925e+01
  -25.183398 -2.492755e+01 -2.467170e+01 -2.441586e+01 -2.416001e+01 -2.390416e+01 -2.364832e+01 -2.339248e+01
  -23.136632 -2.288079e+01 -2.262494e+01 -2.236910e+01 -2.211326e+01 -2.185741e+01 -2.160157e+01 -2.134573e+01
  -21.089881 -2.083404e+01 -2.057819e+01 -2.032235e+01 -2.006650e+01 -1.981065e+01 -1.955480e+01 -1.929895e+01
  -19.043098 -1.878724e+01 -1.853138e+01 -1.827552e+01 -1.801966e+01 -1.776379e+01 -1.750791e+01 -1.725203e+01
  -16.996140 -1.674025e+01 -1.648435e+01 -1.622845e+01 -1.597255e+01 -1.571665e+01 -1.546075e+01 -1.520485e+01
  -14.948962 -1.469307e+01 -1.443719e+01 -1.418131e+01 -1.392544e+01 -1.366957e+01 -1.341371e+01 -1.315784e+01
  -12.901986 -1.264613e+01 -1.239028e+01 -1.213443e+01 -1.187858e+01 -1.162273e+01 -1.136688e+01 -1.111103e+01
  -10.855188 -1.059934e+01 -1.034350e+01 -1.008765e+01 -9.831809e+00 -9.575965e+00 -9.320122e+00 -9.064278e+00
   -8.808435 -8.552592e+00 -8.296749e+00 -8.040905e+00 -7.785062e+00 -7.529220e+00 -7.273377e+00 -7.017534e+00
   -6.761691 1.324974e-23 7.942834e+00 6.314451e+01 7.989012e+00 6.383529e+01 1.000000e+00    12.646075 -3.107646e+01 -3.081842e+01 -3.056087e+01 -3.030372e+01 -3.004686e+01 -2.979023e+01 -2.953378e+01
  -29.277468 -2.902126e+01 -2.876614e+01 -2.851008e+01 -2.825406e+01 -2.799809e+01 -2.774215e+01 -2.748623e+01
  -27.230322 -2.697443e+01 -2.671855e+01 -2.646268e+01 -2.620682e+01 -2.595096e+01 -2.569510e+01 -2.543925e+01
  -25.183398 -2.492755e+01 -2.467170e+01 -2.441586e+01 -2.416001e+01 -2.390416e+01 -2.364832e+01 -2.339248e+01
  -23.136632 -2.288079e+01 -2.262494e+01 -2.236910e+01 -2.211326e+01 -2.185741e+01 -2.160157e+01 -2.134573e+01
  -21.089881 -2.083404e+01 -2.057819e+01 -2.032235e+01 -2.006650e+01 -1.981065e+01 -1.955480e+01 -1.929895e+01
  -19.043098 -1.878724e+01 -1.853138e+01 -1.827552e+01 -1.801966e+01 -1.776379e+01 -1.750791e+01 -1.725203e+01
  -16.996140 -1.674025e+01 -1.648435e+01 -1.622845e+01 -1.597255e+01 -1.571665e+01 -1.546075e+01 -1.520485e+01
  -14.948962 -1.469307e+01 -1.443719e+01 -1.418131e+01 -1.392544e+01 -1.366957e+01 -1.341371e+01 -1.315784e+01
  -12.901986 -1.264613e+01 -1.239028e+01 -1.213443e+01 -1.187858e+01 -1.162273e+01 -1.136688e+01 -1.111103e+01
  -10.855188 -1.059934e+01 -1.034350e+01 -1.008765e+01 -9.831809e+00 -9.575965e+00 -9.320122e+00 -9.064278e+00
   -8.808435 -8.552592e+00 -8.296749e+00 -8.040905e+00 -7.785062e+00 -7.529220e+00 -7.273377e+00 -7.017534e+00
   -6.761691 -6.505848e+00 1.733552e-24 7.955515e+00 6.333392e+01 7.991468e+00 6.387209e+01 1.000000e+00
   12.646075 -3.107646e+01 -3.081842e+01 -3.056087e+01 -3.030372e+01 -3.004686e+01 -2.979023e+01 -2.953378e+01
  -29.277468 -2.902126e+01 -2.876614e+01 -2.851008e+01 -2.825406e+01 -2.799809e+01 -2.774215e+01 -2.748623e+01
  -27.230322 -2.697443e+01 -2.671855e+01 -2.646268e+01 -2.620682e+01 -2.595096e+01 -2.569510e+01 -2.543925e+01
  -25.183398 -2.492755e+01 -2.467170e+01 -2.441586e+01 -2.416001e+01 -2.390416e+01 -2.364832e+01 -2.339248e+01
  -23.136632 -2.288079e+01 -2.262494e+01 -2.236910e+01 -2.211326e+01 -2.185741e+01 -2.160157e+01 -2.134573e+01
  -21.089881 -2.083404e+01 -2.057819e+01 -2.032235e+01 -2.006650e+01 -1.981065e+01 -1.955480e+01 -1.929895e+01
  -19.043098 -1.878724e+01 -1.853138e+01 -1.827552e+01 -1.801966e+01 -1.776379e+01 -1.750791e+01 -1.725203e+01
  -16.996140 -1.674025e+01 -1.648435e+01 -1.622845e+01 -1.597255e+01 -1.571665e+01 -1.546075e+01 -1.520485e+01
  -14.948962 -1.469307e+01 -1.443719e+01 -1.418131e+01 -1.392544e+01 -1.366957e+01 -1.341371e+01 -1.315784e+01
  -12.901986 -1.264613e+01 -1.239028e+01 -1.213443e+01 -1.187858e+01 -1.162273e+01 -1.136688e+01 -1.111103e+01
  -10.855188 -1.059934e+01 -1.034350e+01 -1.008765e+01 -9.831809e+00 -9.575965e+00 -9.320122e+00 -9.064278e+00
   -8.808435 -8.552592e+00 -8.296749e+00 -8.040905e+00 -7.785062e+00 -7.529220e+00 -7.273377e+00 -7.017534e+00
   -6.761691 -6.505848e+00 -6.250005e+00 2.261609e-25 7.965421e+00 6.348203e+01 7.993379e+00 6.390073e+01
    1.000000    12.646075 -3.107646e+01 -3.081842e+01 -3.056087e+01 -3.030372e+01 -3.004686e+01 -2.979023e+01 -2.953378e+01
  -29.277468 -2.902126e+01 -2.876614e+01 -2.851008e+01 -2.825406e+01 -2.799809e+01 -2.774215e+01 -2.748623e+01
  -27.230322 -2.697443e+01 -2.671855e+01 -2.646268e+01 -2.620682e+01 -2.595096e+01 -2.569510e+01 -2.543925e+01
  -25.183398 -2.492755e+01 -2.467170e+01 -2.441586e+01 -2.416001e+01 -2.390416e+01 -2.364832e+01 -2.339248e+01
  -23.136632 -2.288079e+01 -2.262494e+01 -2.236910e+01 -2.211326e+01 -2.185741e+01 -2.160157e+01 -2.134573e+01
  -21.089881 -2.083404e+01 -2.057819e+01 -2.032235e+01 -2.006650e+01 -1.981065e+01 -1.955480e+01 -1.929895e+01
  -19.043098 -1.878724e+01 -1.853138e+01 -1.827552e+01 -1.801966e+01 -1.776379e+01 -1.750791e+01 -1.725203e+01
  -16.996140 -1.674025e+01 -1.648435e+01 -1.622845e+01 -1.597255e+01 -1.571665e+01 -1.546075e+01 -1.520485e+01
  -14.948962 -1.469307e+01 -1.443719e+01 -1.418131e+01 -1.392544e+01 -1.366957e+01 -1.341371e+01 -1.315784e+01
  -12.901986 -1.264613e+01 -1.239028e+01 -1.213443e+01 -1.187858e+01 -1.162273e+01 -1.136688e+01 -1.111103e+01
  -10.855188 -1.059934e+01 -1.034350e+01 -1.008765e+01 -9.831809e+00 -9.575965e+00 -9.320122e+00 -9.064278e+00
   -8.808435 -8.552592e+00 -8.296749e+00 -8.040905e+00 -7.785062e+00 -7.529220e+00 -7.273377e+00 -7.017534e+00
   -6.761691 -6.505848e+00 -6.250005e+00 -5.994162e+00 2.943905e-26 7.973144e+00 6.359760e+01 7.994865e+00
   63.922997 1.000000e+00    12.646075 -3.107646e+01 -3.081842e+01 -3.056087e+01 -3.030372e+01 -3.004686e+01 -2.979023e+01 -2.953378e+01
  -29.277468 -2.902126e+01 -2.876614e+01 -2.851008e+01 -2.825406e+01 -2.799809e+01 -2.774215e+01 -2.748623e+01
  -27.230322 -2.697443e+01 -2.671855e+01 -2.646268e+01 -2.620682e+01 -2.595096e+01 -2.569510e+01 -2.543925e+01
  -25.183398 -2.492755e+01 -2.467170e+01 -2.441586e+01 -2.416001e+01 -2.390416e+01 -2.364832e+01 -2.339248e+01
  -23.136632 -2.288079e+01 -2.262494e+01 -2.236910e+01 -2.211326e+01 -2.185741e+01 -2.160157e+01 -2.134573e+01
  -21.089881 -2.083404e+01 -2.057819e+01 -2.032235e+01 -2.006650e+01 -1.981065e+01 -1.955480e+01 -1.929895e+01
  -19.043098 -1.878724e+01 -1.853138e+01 -1.827552e+01 -1.801966e+01 -1.776379e+01 -1.750791e+01 -1.725203e+01
  -16.996140 -1.674025e+01 -1.648435e+01 -1.622845e+01 -1.597255e+01 -1.571665e+01 -1.546075e+01 -1.520485e+01
  -14.948962 -1.469307e+01 -1.443719e+01 -1.418131e+01 -1.392544e+01 -1.366957e+01 -1.341371e+01 -1.315784e+01
  -12.901986 -1.264613e+01 -1.239028e+01 -1.213443e+01 -1.187858e+01 -1.162273e+01 -1.136688e+01 -1.111103e+01
  -10.855188 -1.059934e+01 -1.034350e+01 -1.008765e+01 -9.831809e+00 -9.575965e+00 -9.320122e+00 -9.064278e+00
   -8.808435 -8.552592e+00 -8.296749e+00 -8.040905e+00 -7.785062e+00 -7.529220e+00 -7.273377e+00 -7.017534e+00
   -6.761691 -6.505848e+00 -6.250005e+00 -5.994162e+00 -5.738320e+00 3.825347e-27 7.979157e+00 6.368761e+01
    7.996019 6.394029e+01 1.000000e+00 