#Data: Data/LatticeCube/titration_FJC_ZS2_0.75.out
#           E           mu            f          <N>         <N2>          <B>         <B2>
   13.658521 -6.000000e+01 1.000000e+00 4.661790e-19 4.661790e-19 8.126092e-19 1.505470e-18 0.000000e+00
   13.658521 -5.964824e+01 1.000000e+00 6.627041e-19 6.627041e-19 1.155177e-18 2.140124e-18 0.000000e+00
   13.658521 -5.929648e+01 1.000000e+00 9.420773e-19 9.420773e-19 1.642160e-18 3.042326e-18 0.000000e+00
   13.658521 -5.894472e+01 1.000000e+00 1.339225e-18 1.339225e-18 2.334439e-18 4.324866e-18 0.000000e+00
   13.658521 -5.859296e+01 1.000000e+00 1.903796e-18 1.903796e-18 3.318557e-18 6.148081e-18 0.000000e+00
   13.658521 -5.824121e+01 1.000000e+00 2.706370e-18 2.706370e-18 4.717547e-18 8.739900e-18 0.000000e+00
   13.658521 -5.788945e+01 1.000000e+00 3.847283e-18 3.847283e-18 6.706303e-18 1.242434e-17 0.000000e+00
   13.658521 -5.753769e+01 1.000000e+00 5.469165e-18 5.469165e-18 9.533449e-18 1.766202e-17 0.000000e+00
   13.658521 -5.718593e+01 1.000000e+00 7.774777e-18 7.774777e-18 1.355242e-17 2.510772e-17 0.000000e+00
   13.658521 -5.683417e+01 1.000000e+00 1.105236e-17 1.105236e-17 1.926566e-17 3.569226e-17 0.000000e+00
   13.658521 -5.648241e+01 1.000000e+00 1.571165e-17 1.571165e-17 2.738740e-17 5.073889e-17 0.000000e+00
   13.658521 -5.613065e+01 1.000000e+00 2.233514e-17 2.233514e-17 3.893298e-17 7.212867e-17 0.000000e+00
   13.658521 -5.577889e+01 1.000000e+00 3.175087e-17 3.175087e-17 5.534579e-17 1.025356e-16 0.000000e+00
   13.658521 -5.542714e+01 1.000000e+00 4.513594e-17 4.513594e-17 7.867767e-17 1.457611e-16 0.000000e+00
   13.658521 -5.507538e+01 1.000000e+00 6.416370e-17 6.416370e-17 1.118455e-16 2.072090e-16 0.000000e+00
   13.658521 -5.472362e+01 1.000000e+00 9.121290e-17 9.121290e-17 1.589957e-16 2.945612e-16 0.000000e+00
   13.658521 -5.437186e+01 1.000000e+00 1.296651e-16 1.296651e-16 2.260228e-16 4.187380e-16 0.000000e+00
   13.658521 -5.402010e+01 1.000000e+00 1.843275e-16 1.843275e-16 3.213062e-16 5.952636e-16 2.220446e-16
   13.658521 -5.366834e+01 1.000000e+00 2.620336e-16 2.620336e-16 4.567578e-16 8.462062e-16 2.220446e-16
   13.658521 -5.331658e+01 1.000000e+00 3.724980e-16 3.724980e-16 6.493112e-16 1.202938e-15 2.220446e-16
   13.658521 -5.296482e+01 1.000000e+00 5.295303e-16 5.295303e-16 9.230385e-16 1.710055e-15 6.661338e-16
   13.658521 -5.261307e+01 1.000000e+00 7.527620e-16 7.527620e-16 1.312160e-15 2.430955e-15 8.881784e-16
   13.658521 -5.226131e+01 1.000000e+00 1.070101e-15 1.070101e-15 1.865321e-15 3.455762e-15 1.110223e-15
   13.658521 -5.190955e+01 1.000000e+00 1.521218e-15 1.521218e-15 2.651676e-15 4.912592e-15 1.554312e-15
   13.658521 -5.155779e+01 1.000000e+00 2.162511e-15 2.162511e-15 3.769532e-15 6.983572e-15 2.220446e-15
   13.658521 -5.120603e+01 1.000000e+00 3.074152e-15 3.074152e-15 5.358637e-15 9.927606e-15 3.108624e-15
   13.658521 -5.085427e+01 1.000000e+00 4.370108e-15 4.370108e-15 7.617653e-15 1.411274e-14 4.440892e-15
   13.658521 -5.050251e+01 1.000000e+00 6.212396e-15 6.212396e-15 1.082899e-14 2.006219e-14 6.217249e-15
   13.658521 -5.015075e+01 1.000000e+00 8.831328e-15 8.831328e-15 1.539413e-14 2.851972e-14 8.881784e-15
   13.658521 -4.979899e+01 1.000000e+00 1.255431e-14 1.255431e-14 2.188376e-14 4.054265e-14 1.265654e-14
   13.658521 -4.944724e+01 1.000000e+00 1.784678e-14 1.784678e-14 3.110920e-14 5.763404e-14 1.798561e-14
   13.658521 -4.909548e+01 1.000000e+00 2.537037e-14 2.537037e-14 4.422377e-14 8.193057e-14 2.531308e-14
   13.658521 -4.874372e+01 1.000000e+00 3.606564e-14 3.606564e-14 6.286698e-14 1.164697e-13 3.619327e-14
   13.658521 -4.839196e+01 1.000000e+00 5.126967e-14 5.126967e-14 8.936954e-14 1.655693e-13 5.129230e-14
   13.658521 -4.804020e+01 1.000000e+00 7.288320e-14 7.288320e-14 1.270447e-13 2.353676e-13 7.283063e-14
   13.658521 -4.768844e+01 1.000000e+00 1.036083e-13 1.036083e-13 1.806023e-13 3.345905e-13 1.036948e-13
   13.658521 -4.733668e+01 1.000000e+00 1.472859e-13 1.472859e-13 2.567381e-13 4.756423e-13 1.472156e-13
   13.658521 -4.698492e+01 1.000000e+00 2.093766e-13 2.093766e-13 3.649700e-13 6.761567e-13 2.093881e-13
   13.658521 -4.663317e+01 1.000000e+00 2.976426e-13 2.976426e-13 5.188288e-13 9.612012e-13 2.975398e-13
   13.658521 -4.628141e+01 1.000000e+00 4.231184e-13 4.231184e-13 7.375491e-13 1.366410e-12 4.229950e-13
   13.658521 -4.592965e+01 1.000000e+00 6.014906e-13 6.014906e-13 1.048474e-12 1.942442e-12 6.015188e-13
   13.658521 -4.557789e+01 1.000000e+00 8.550584e-13 8.550584e-13 1.490475e-12 2.761309e-12 8.550938e-13
   13.658521 -4.522613e+01 1.000000e+00 1.215522e-12 1.215522e-12 2.118808e-12 3.925382e-12 1.215472e-12
   13.658521 -4.487437e+01 1.000000e+00 1.727944e-12 1.727944e-12 3.012025e-12 5.580188e-12 1.727951e-12
   13.658521 -4.452261e+01 1.000000e+00 2.456385e-12 2.456385e-12 4.281791e-12 7.932603e-12 2.456479e-12
   13.658521 -4.417085e+01 1.000000e+00 3.491913e-12 3.491913e-12 6.086847e-12 1.127672e-11 3.492096e-12
   13.658521 -4.381910e+01 1.000000e+00 4.963983e-12 4.963983e-12 8.652852e-12 1.603059e-11 4.964029e-12
   13.658521 -4.346734e+01 1.000000e+00 7.056627e-12 7.056627e-12 1.230060e-11 2.278854e-11 7.056578e-12
   13.658521 -4.311558e+01 1.000000e+00 1.003146e-11 1.003146e-11 1.748611e-11 3.239540e-11 1.003153e-11
   13.658521 -4.276382e+01 1.000000e+00 1.426038e-11 1.426038e-11 2.485765e-11 4.605218e-11 1.426037e-11
   13.658521 -4.241206e+01 1.000000e+00 2.027206e-11 2.027206e-11 3.533677e-11 6.546620e-11 2.027201e-11
   13.658521 -4.206030e+01 1.000000e+00 2.881806e-11 2.881806e-11 5.023354e-11 9.306450e-11 2.881806e-11
   13.658521 -4.170854e+01 1.000000e+00 4.096677e-11 4.096677e-11 7.141027e-11 1.322973e-10 4.096679e-11
   13.658521 -4.135678e+01 1.000000e+00 5.823695e-11 5.823695e-11 1.015144e-10 1.880693e-10 5.823697e-11
   13.658521 -4.100503e+01 1.000000e+00 8.278764e-11 8.278764e-11 1.443094e-10 2.673528e-10 8.278755e-11
   13.658521 -4.065327e+01 1.000000e+00 1.176881e-10 1.176881e-10 2.051452e-10 3.800595e-10 1.176881e-10
   13.658521 -4.030151e+01 1.000000e+00 1.673013e-10 1.673013e-10 2.916274e-10 5.402796e-10 1.673013e-10
   13.658521 -3.994975e+01 1.000000e+00 2.378298e-10 2.378298e-10 4.145675e-10 7.680428e-10 2.378298e-10
   13.658521 -3.959799e+01 1.000000e+00 3.380906e-10 3.380906e-10 5.893348e-10 1.091823e-09 3.380904e-10
   13.658521 -3.924623e+01 1.000000e+00 4.806180e-10 4.806180e-10 8.377781e-10 1.552098e-09 4.806180e-10
   13.658521 -3.889447e+01 1.000000e+00 6.832300e-10 6.832300e-10 1.190957e-09 2.206410e-09 6.832299e-10
   13.658521 -3.854271e+01 1.000000e+00 9.712562e-10 9.712563e-10 1.693023e-09 3.136556e-09 9.712562e-10
   13.658521 -3.819095e+01 1.000000e+00 1.380704e-09 1.380704e-09 2.406743e-09 4.458820e-09 1.380704e-09
   13.658521 -3.783920e+01 1.000000e+00 1.962762e-09 1.962762e-09 3.421343e-09 6.338505e-09 1.962762e-09
   13.658521 -3.748744e+01 1.000000e+00 2.790195e-09 2.790195e-09 4.863664e-09 9.010601e-09 2.790195e-09
   13.658521 -3.713568e+01 1.000000e+00 3.966445e-09 3.966445e-09 6.914017e-09 1.280916e-08 3.966445e-09
   13.658521 -3.678392e+01 1.000000e+00 5.638562e-09 5.638562e-09 9.828729e-09 1.820906e-08 5.638562e-09
   13.658521 -3.643216e+01 1.000000e+00 8.015585e-09 8.015585e-09 1.397218e-08 2.588538e-08 8.015585e-09
   13.658521 -3.608040e+01 1.000000e+00 1.139468e-08 1.139468e-08 1.986237e-08 3.679776e-08 1.139468e-08
   13.658521 -3.572864e+01 1.000000e+00 1.619829e-08 1.619829e-08 2.823567e-08 5.231043e-08 1.619829e-08
   13.658521 -3.537688e+01 1.000000e+00 2.302693e-08 2.302693e-08 4.013885e-08 7.436271e-08 2.302693e-08
   13.658521 -3.502513e+01 1.000000e+00 3.273428e-08 3.273429e-08 5.706001e-08 1.057115e-07 3.273428e-08
   13.658521 -3.467337e+01 1.000000e+00 4.653393e-08 4.653393e-08 8.111455e-08 1.502758e-07 4.653393e-08
   13.658521 -3.432161e+01 9.999999e-01 6.615104e-08 6.615104e-08 1.153096e-07 2.136269e-07 6.615104e-08
   13.658521 -3.396985e+01 9.999999e-01 9.403804e-08 9.403804e-08 1.639202e-07 3.036846e-07 9.403804e-08
   13.658521 -3.361809e+01 9.999999e-01 1.336812e-07 1.336812e-07 2.330234e-07 4.317076e-07 1.336812e-07
   13.658521 -3.326633e+01 9.999998e-01 1.900366e-07 1.900367e-07 3.312580e-07 6.137007e-07 1.900366e-07
   13.658521 -3.291457e+01 9.999997e-01 2.701495e-07 2.701496e-07 4.709049e-07 8.724158e-07 2.701496e-07
   13.658521 -3.256281e+01 9.999996e-01 3.840353e-07 3.840354e-07 6.694222e-07 1.240196e-06 3.840353e-07
   13.658521 -3.221106e+01 9.999995e-01 5.459313e-07 5.459315e-07 9.516275e-07 1.763021e-06 5.459314e-07
   13.658521 -3.185930e+01 9.999992e-01 7.760771e-07 7.760775e-07 1.352801e-06 2.506250e-06 7.760772e-07
   13.658521 -3.150754e+01 9.999989e-01 1.103244e-06 1.103245e-06 1.923095e-06 3.562798e-06 1.103245e-06
   13.658521 -3.115578e+01 9.999984e-01 1.568334e-06 1.568336e-06 2.733805e-06 5.064752e-06 1.568334e-06
   13.658521 -3.080402e+01 9.999978e-01 2.229489e-06 2.229493e-06 3.886283e-06 7.199879e-06 2.229490e-06
   13.658521 -3.045226e+01 9.999968e-01 3.169364e-06 3.169371e-06 5.524604e-06 1.023510e-05 3.169366e-06
   13.658521 -3.010050e+01 9.999955e-01 4.505457e-06 4.505471e-06 7.853583e-06 1.454987e-05 4.505461e-06
   13.658521 -2.974874e+01 9.999936e-01 6.404799e-06 6.404827e-06 1.116438e-05 2.068361e-05 6.404806e-06
   13.658521 -2.939698e+01 9.999909e-01 9.104834e-06 9.104890e-06 1.587088e-05 2.940313e-05 9.104847e-06
   13.658521 -2.904523e+01 9.999871e-01 1.294310e-05 1.294322e-05 2.256147e-05 4.179852e-05 1.294313e-05
   13.658521 -2.869347e+01 9.999816e-01 1.839944e-05 1.839967e-05 3.207255e-05 5.941943e-05 1.839949e-05
   13.658521 -2.834171e+01 9.999738e-01 2.615594e-05 2.615641e-05 4.559311e-05 8.446879e-05 2.615605e-05
   13.658521 -2.798995e+01 9.999628e-01 3.718226e-05 3.718319e-05 6.481335e-05 1.200783e-04 3.718248e-05
   13.658521 -2.763819e+01 9.999471e-01 5.285675e-05 5.285864e-05 9.213595e-05 1.706998e-04 5.285720e-05
   13.658521 -2.728643e+01 9.999249e-01 7.513880e-05 7.514263e-05 1.309763e-04 2.426625e-04 7.513970e-05
   13.658521 -2.693467e+01 9.998932e-01 1.068136e-04 1.068214e-04 1.861894e-04 3.449635e-04 1.068155e-04
   13.658521 -2.658291e+01 9.998482e-01 1.518404e-04 1.518560e-04 2.646765e-04 4.903941e-04 1.518441e-04
   13.658521 -2.623116e+01 9.997842e-01 2.158466e-04 2.158783e-04 3.762469e-04 6.971392e-04 2.158541e-04
   13.658521 -2.587940e+01 9.996932e-01 3.068312e-04 3.068951e-04 5.348432e-04 9.910529e-04 3.068463e-04
   13.658521 -2.552764e+01 9.995639e-01 4.361625e-04 4.362916e-04 7.602817e-04 1.408895e-03 4.361931e-04
   13.658521 -2.517588e+01 9.993801e-01 6.199970e-04 6.202578e-04 1.080723e-03 2.002934e-03 6.200588e-04
   13.658521 -2.482412e+01 9.991190e-01 8.812923e-04 8.818193e-04 1.536184e-03 2.847499e-03 8.814172e-04
   13.658521 -2.447236e+01 9.987479e-01 1.252665e-03 1.253730e-03 2.183514e-03 4.048303e-03 1.252918e-03
   13.658521 -2.412060e+01 9.982206e-01 1.780444e-03 1.782595e-03 3.103457e-03 5.755730e-03 1.780953e-03
   13.658521 -2.376884e+01 9.974718e-01 2.530407e-03 2.534752e-03 4.410654e-03 8.183767e-03 2.531436e-03
   13.658521 -2.341709e+01 9.964085e-01 3.595906e-03 3.604681e-03 6.267785e-03 1.163703e-02 3.597986e-03
   13.658521 -2.306533e+01 9.948995e-01 5.109328e-03 5.127044e-03 8.905528e-03 1.654938e-02 5.113527e-03
   13.658521 -2.271357e+01 9.927596e-01 7.258221e-03 7.293978e-03 1.265063e-02 2.353929e-02 7.266699e-03
   13.658521 -2.236181e+01 9.897281e-01 1.030791e-02 1.038004e-02 1.796523e-02 3.348930e-02 1.032501e-02
   13.658521 -2.201005e+01 9.854396e-01 1.463295e-02 1.477834e-02 2.550151e-02 4.766073e-02 1.466744e-02
   13.658521 -2.165829e+01 9.793854e-01 2.076060e-02 2.105334e-02 3.617713e-02 6.785988e-02 2.083009e-02
   13.658521 -2.130653e+01 9.708631e-01 2.942997e-02 3.001851e-02 5.127755e-02 9.668047e-02 2.956979e-02
   13.658521 -2.095477e+01 9.589159e-01 4.167105e-02 4.285174e-02 7.259245e-02 1.378598e-01 4.195186e-02
   13.658521 -2.060302e+01 9.422640e-01 5.890722e-02 6.126872e-02 1.025915e-01 1.968056e-01 5.946977e-02
   13.658521 -2.025126e+01 9.192427e-01 8.308223e-02 8.778552e-02 1.446404e-01 2.813789e-01 8.420512e-02
   13.658521 -1.989950e+01 8.877759e-01 1.168057e-01 1.261181e-01 2.032439e-01 4.030594e-01 1.190360e-01
   13.658521 -1.954774e+01 8.454409e-01 1.634978e-01 1.817866e-01 2.842781e-01 5.786566e-01 1.678970e-01
   13.658521 -1.919598e+01 7.897141e-01 2.274882e-01 2.630091e-01 3.951282e-01 8.327524e-01 2.360843e-01
   13.658521 -1.884422e+01 7.185098e-01 3.139912e-01 3.819573e-01 5.445828e-01 1.200955e+00 3.305760e-01
   13.658521 -1.849246e+01 6.310904e-01 4.288408e-01 5.563501e-01 7.422717e-01 1.733683e+00 4.603061e-01
   13.658521 -1.814070e+01 5.292556e-01 5.778627e-01 8.111042e-01 9.974231e-01 2.499317e+00 6.362838e-01
   13.658521 -1.778894e+01 4.183575e-01 7.658354e-01 1.179295e+00 1.316861e+00 3.584164e+00 8.714191e-01
   13.658521 -1.743719e+01 3.073006e-01 9.951919e-01 1.701201e+00 1.702540e+00 5.085451e+00 1.179929e+00
   13.658521 -1.708543e+01 2.067385e-01 1.264897e+00 2.420301e+00 2.149466e+00 7.094423e+00 1.576301e+00
   13.658521 -1.673367e+01 1.256844e-01 1.570104e+00 3.376403e+00 2.645118e+00 9.671416e+00 2.073981e+00
   13.658521 -1.638191e+01 6.827952e-02 1.902982e+00 4.598455e+00 3.171119e+00 1.282208e+01 2.684145e+00
   13.658521 -1.603015e+01 3.287806e-02 2.254548e+00 6.100871e+00 3.706742e+00 1.648708e+01 3.414950e+00
   13.658521 -1.567839e+01 1.396095e-02 2.616696e+00 7.885486e+00 4.232742e+00 2.055096e+01 4.271491e+00
   13.658521 -1.532663e+01 5.214137e-03 2.983536e+00 9.947241e+00 4.733909e+00 2.486424e+01 5.256382e+00
   13.658521 -1.497487e+01 1.711135e-03 3.351605e+00 1.227949e+01 5.199707e+00 2.926668e+01 6.370598e+00
   13.658521 -1.462312e+01 4.933752e-04 3.719246e+00 1.487660e+01 5.623623e+00 3.360569e+01 7.614241e+00
   13.658521 -1.427136e+01 1.250207e-04 4.085872e+00 1.773513e+01 6.002353e+00 3.775110e+01 8.987032e+00
   13.658521 -1.391960e+01 2.785176e-05 4.451584e+00 2.085545e+01 6.335398e+00 4.160786e+01 1.048861e+01
   13.658521 -1.356784e+01 5.456194e-06 4.816950e+00 2.424177e+01 6.624791e+00 4.512293e+01 1.211876e+01
   13.658521 -1.321608e+01 9.399556e-07 5.182348e+00 2.789504e+01 6.874409e+00 4.828084e+01 1.387743e+01
   13.658521 -1.286432e+01 1.424166e-07 5.546593e+00 3.179539e+01 7.088800e+00 5.108876e+01 1.576451e+01
   13.658521 -1.251256e+01 1.899785e-08 5.905438e+00 3.588008e+01 7.272029e+00 5.355944e+01 1.777894e+01
   13.658521 -1.216080e+01 2.238273e-09 6.251175e+00 4.003230e+01 7.427140e+00 5.570170e+01 1.991756e+01
   13.658521 -1.180905e+01 2.343835e-10 6.573988e+00 4.409306e+01 7.556413e+00 5.752194e+01 2.217406e+01
   13.658521 -1.145729e+01 2.202868e-11 6.864478e+00 4.789375e+01 7.661973e+00 5.903127e+01 2.453868e+01
   13.658521 -1.110553e+01 1.881866e-12 7.115995e+00 5.129345e+01 7.746248e+00 6.025085e+01 2.699876e+01
   13.658521 -1.075377e+01 1.482322e-13 7.325796e+00 5.420463e+01 7.812048e+00 6.121199e+01 2.954000e+01
   13.658521 -1.040201e+01 1.092412e-14 7.494924e+00 5.660006e+01 7.862380e+00 6.195243e+01 3.214780e+01
   13.658521 -1.005025e+01 7.636011e-16 7.627248e+00 5.850374e+01 7.900193e+00 6.251167e+01 3.480849e+01
   13.658521 -9.698492e+00 5.123915e-17 7.728208e+00 5.997324e+01 7.928170e+00 6.292709e+01 3.751003e+01
   13.658521 -9.346734e+00 3.333762e-18 7.803686e+00 6.108127e+01 7.948614e+00 6.323153e+01 4.024243e+01
   13.658521 -8.994975e+00 2.119954e-19 7.859219e+00 6.190158e+01 7.963407e+00 6.345227e+01 4.299772e+01
   13.658521 -8.643216e+00 1.325710e-20 7.899583e+00 6.250049e+01 7.974030e+00 6.361104e+01 4.576975e+01
   13.658521 -8.291457e+00 8.190497e-22 7.928656e+00 6.293323e+01 7.981615e+00 6.372452e+01 4.855390e+01
   13.658521 -7.939698e+00 5.016445e-23 7.949456e+00 6.324354e+01 7.987008e+00 6.380527e+01 5.134674e+01
   13.658521 -7.587940e+00 3.053422e-24 7.964265e+00 6.346483e+01 7.990832e+00 6.386255e+01 5.414578e+01
   13.658521 -7.236181e+00 1.850385e-25 7.974773e+00 6.362201e+01 7.993536e+00 6.390308e+01 5.694923e+01
   13.658521 -6.884422e+00 1.117841e-26 7.982209e+00 6.373335e+01 7.995446e+00 6.393170e+01 5.975581e+01
   13.658521 -6.532663e+00 6.738108e-28 7.987463e+00 6.381205e+01 7.996793e+00 6.395190e+01 6.256460e+01
   13.658521 -6.180905e+00 4.055258e-29 7.991170e+00 6.386760e+01 7.997742e+00 6.396613e+01 6.537495e+01
   13.658521 -5.829146e+00 2.437929e-30 7.993783e+00 6.390677e+01 7.998411e+00 6.397616e+01 6.818640e+01
   13.658521 -5.477387e+00 1.464491e-31 7.995624e+00 6.393437e+01 7.998882e+00 6.398322e+01 7.099863e+01
   13.658521 -5.125628e+00 8.792558e-33 7.996920e+00 6.395381e+01 7.999213e+00 6.398820e+01 7.381140e+01
   13.658521 -4.773869e+00 5.276874e-34 7.997833e+00 6.396750e+01 7.999446e+00 6.399169e+01 7.662456e+01
   13.658521 -4.422111e+00 3.166071e-35 7.998475e+00 6.397713e+01 7.999610e+00 6.399416e+01 7.943799e+01
   13.658521 -4.070352e+00 1.899249e-36 7.998927e+00 6.398391e+01 7.999726e+00 6.399589e+01 8.225161e+01
   13.658521 -3.718593e+00 1.139160e-37 7.999245e+00 6.398868e+01 7.999807e+00 6.399711e+01 8.506536e+01
   13.658521 -3.366834e+00 6.831982e-39 7.999469e+00 6.399204e+01 7.999864e+00 6.399797e+01 8.787920e+01
   13.658521 -3.015075e+00 4.097131e-40 7.999626e+00 6.399440e+01 7.999905e+00 6.399857e+01 9.069312e+01
   13.658521 -2.663317e+00 2.456930e-41 7.999737e+00 6.399606e+01 7.999933e+00 6.399899e+01 9.350708e+01
   13.658521 -2.311558e+00 1.473301e-42 7.999815e+00 6.399723e+01 7.999953e+00 6.399929e+01 9.632107e+01
   13.658521 -1.959799e+00 8.834459e-44 7.999870e+00 6.399805e+01 7.999967e+00 6.399950e+01 9.913508e+01
   13.658521 -1.608040e+00 5.297384e-45 7.999909e+00 6.399863e+01 7.999977e+00 6.399965e+01 1.019491e+02
   13.658521 -1.256281e+00 3.176421e-46 7.999936e+00 6.399903e+01 7.999984e+00 6.399975e+01 1.047632e+02
   13.658521 -9.045226e-01 1.904632e-47 7.999955e+00 6.399932e+01 7.999988e+00 6.399983e+01 1.075772e+02
   13.658521 -5.527638e-01 1.142041e-48 7.999968e+00 6.399952e+01 7.999992e+00 6.399988e+01 1.103913e+02
   13.658521 -2.010050e-01 6.847792e-50 7.999978e+00 6.399966e+01 7.999994e+00 6.399991e+01 1.132053e+02
   13.658521 1.507538e-01 4.105993e-51 7.999984e+00 6.399976e+01 7.999996e+00 6.399994e+01 1.160194e+02
   13.658521 5.025126e-01 2.461983e-52 7.999989e+00 6.399983e+01 7.999997e+00 6.399996e+01 1.188335e+02
   13.658521 8.542714e-01 1.476221e-53 7.999992e+00 6.399988e+01 7.999998e+00 6.399997e+01 1.216475e+02
   13.658521 1.206030e+00 8.851503e-55 7.999995e+00 6.399992e+01 7.999999e+00 6.399998e+01 1.244616e+02
   13.658521 1.557789e+00 5.307408e-56 7.999996e+00 6.399994e+01 7.999999e+00 6.399999e+01 1.272757e+02
   13.658521 1.909548e+00 3.182349e-57 7.999997e+00 6.399996e+01 7.999999e+00 6.399999e+01 1.300897e+02
   13.658521 2.261307e+00 1.908152e-58 7.999998e+00 6.399997e+01 8.000000e+00 6.399999e+01 1.329038e+02
   13.658521 2.613065e+00 1.144137e-59 7.999999e+00 6.399998e+01 8.000000e+00 6.399999e+01 1.357179e+02
   13.658521 2.964824e+00 6.860296e-61 7.999999e+00 6.399999e+01 8.000000e+00 6.400000e+01 1.385319e+02
   13.658521 3.316583e+00 4.113465e-62 7.999999e+00 6.399999e+01 8.000000e+00 6.400000e+01 1.413460e+02
   13.658521 3.668342e+00 2.466452e-63 8.000000e+00 6.399999e+01 8.000000e+00 6.400000e+01 1.441601e+02
   13.658521 4.020101e+00 1.478895e-64 8.000000e+00 6.400000e+01 8.000000e+00 6.400000e+01 1.469742e+02
   13.658521 4.371859e+00 8.867522e-66 8.000000e+00 6.400000e+01 8.000000e+00 6.400000e+01 1.497882e+02
   13.658521 4.723618e+00 5.317005e-67 8.000000e+00 6.400000e+01 8.000000e+00 6.400000e+01 1.526023e+02
   13.658521 5.075377e+00 3.188100e-68 8.000000e+00 6.400000e+01 8.000000e+00 6.400000e+01 1.554164e+02
   13.658521 5.427136e+00 1.911598e-69 8.000000e+00 6.400000e+01 8.000000e+00 6.400000e+01 1.582304e+02
   13.658521 5.778894e+00 1.146203e-70 8.000000e+00 6.400000e+01 8.000000e+00 6.400000e+01 1.610445e+02
   13.658521 6.130653e+00 6.872682e-72 8.000000e+00 6.400000e+01 8.000000e+00 6.400000e+01 1.638586e+02
   13.658521 6.482412e+00 4.120890e-73 8.000000e+00 6.400000e+01 8.000000e+00 6.400000e+01 1.666726e+02
   13.658521 6.834171e+00 2.470904e-74 8.000000e+00 6.400000e+01 8.000000e+00 6.400000e+01 1.694867e+02
   13.658521 7.185930e+00 1.481565e-75 8.000000e+00 6.400000e+01 8.000000e+00 6.400000e+01 1.723008e+02
   13.658521 7.537688e+00 8.883525e-77 8.000000e+00 6.400000e+01 8.000000e+00 6.400000e+01 1.751149e+02
   13.658521 7.889447e+00 5.326600e-78 8.000000e+00 6.400000e+01 8.000000e+00 6.400000e+01 1.779289e+02
   13.658521 8.241206e+00 3.193853e-79 8.000000e+00 6.400000e+01 8.000000e+00 6.400000e+01 1.807430e+02
   13.658521 8.592965e+00 1.915048e-80 8.000000e+00 6.400000e+01 8.000000e+00 6.400000e+01 1.835571e+02
   13.658521 8.944724e+00 1.148271e-81 8.000000e+00 6.400000e+01 8.000000e+00 6.400000e+01 1.863711e+02
   13.658521 9.296482e+00 6.885084e-83 8.000000e+00 6.400000e+01 8.000000e+00 6.400000e+01 1.891852e+02
   13.658521 9.648241e+00 4.128326e-84 8.000000e+00 6.400000e+01 8.000000e+00 6.400000e+01 1.919993e+02
   13.658521 1.000000e+01 2.475362e-85 8.000000e+00 6.400000e+01 8.000000e+00 6.400000e+01 1.948133e+02
