#Data: Data/LatticeCube/titration_FJC_ZS3_0.36.out
#           E           mu            f          <N>         <N2>          <B>         <B2>
   19.004004 -3.742469e+01 9.999867e-01 1.330318e-05 1.330330e-05 2.636821e-05 5.250243e-05 1.000000e+00
   19.004004 -3.742469e+01 -3.716884e+01 9.999828e-01 1.718170e-05 1.718189e-05 3.405581e-05 6.780957e-05
    1.000000    19.004004 -3.742469e+01 -3.716884e+01 -3.691300e+01 9.999778e-01 2.219098e-05 2.219130e-05 4.398469e-05
    0.000088 1.000000e+00    19.004004 -3.742469e+01 -3.716884e+01 -3.691300e+01 -3.665716e+01 9.999713e-01 2.866068e-05 2.866122e-05
    0.000057 1.131136e-04 1.000000e+00    19.004004 -3.742469e+01 -3.716884e+01 -3.691300e+01 -3.665716e+01 -3.640131e+01 9.999630e-01 3.701659e-05
    0.000037 7.337051e-05 1.460921e-04 1.000000e+00    19.004004 -3.742469e+01 -3.716884e+01 -3.691300e+01 -3.665716e+01 -3.640131e+01 -3.614547e+01 9.999522e-01
    0.000048 4.781007e-05 9.476130e-05 1.886859e-04 1.000000e+00    19.004004 -3.742469e+01 -3.716884e+01 -3.691300e+01 -3.665716e+01 -3.640131e+01 -3.614547e+01 -3.588963e+01
    0.999938 6.174685e-05 6.174934e-05 1.223883e-04 2.436982e-04 1.000000e+00    19.004004 -3.742469e+01 -3.716884e+01 -3.691300e+01 -3.665716e+01 -3.640131e+01 -3.614547e+01 -3.588963e+01
  -35.633786 9.999203e-01 7.974863e-05 7.975277e-05 1.580696e-04 3.147499e-04 1.000000e+00    19.004004 -3.742469e+01 -3.716884e+01 -3.691300e+01 -3.665716e+01 -3.640131e+01 -3.614547e+01 -3.588963e+01
  -35.633786 -3.537794e+01 9.998970e-01 1.029985e-04 1.030054e-04 2.041531e-04 4.065180e-04 1.000000e+00
   19.004004 -3.742469e+01 -3.716884e+01 -3.691300e+01 -3.665716e+01 -3.640131e+01 -3.614547e+01 -3.588963e+01
  -35.633786 -3.537794e+01 -3.512210e+01 9.998670e-01 1.330263e-04 1.330378e-04 2.636711e-04 5.250428e-04
    1.000000    19.004004 -3.742469e+01 -3.716884e+01 -3.691300e+01 -3.665716e+01 -3.640131e+01 -3.614547e+01 -3.588963e+01
  -35.633786 -3.537794e+01 -3.512210e+01 -3.486626e+01 9.998282e-01 1.718077e-04 1.718269e-04 3.405397e-04
    0.000678 1.000000e+00    19.004004 -3.742469e+01 -3.716884e+01 -3.691300e+01 -3.665716e+01 -3.640131e+01 -3.614547e+01 -3.588963e+01
  -35.633786 -3.537794e+01 -3.512210e+01 -3.486626e+01 -3.489810e+01 9.998336e-01 1.664239e-04 1.664420e-04
    0.000330 6.568745e-04 1.000000e+00    19.004004 -3.742469e+01 -3.716884e+01 -3.691300e+01 -3.665716e+01 -3.640131e+01 -3.614547e+01 -3.588963e+01
  -35.633786 -3.537794e+01 -3.512210e+01 -3.486626e+01 -3.489810e+01 -3.464225e+01 9.997851e-01 2.149411e-04
    0.000215 4.260343e-04 8.483982e-04 1.000000e+00    19.004004 -3.742469e+01 -3.716884e+01 -3.691300e+01 -3.665716e+01 -3.640131e+01 -3.614547e+01 -3.588963e+01
  -35.633786 -3.537794e+01 -3.512210e+01 -3.486626e+01 -3.489810e+01 -3.464225e+01 -3.432212e+01 9.997040e-01
    0.000296 2.960899e-04 5.867661e-04 1.168538e-03 1.000000e+00    19.004004 -3.742469e+01 -3.716884e+01 -3.691300e+01 -3.665716e+01 -3.640131e+01 -3.614547e+01 -3.588963e+01
  -35.633786 -3.537794e+01 -3.512210e+01 -3.486626e+01 -3.489810e+01 -3.464225e+01 -3.432212e+01 -3.401131e+01
    0.999596 4.039297e-04 4.040358e-04 8.006279e-04 1.594552e-03 1.000000e+00    19.004004 -3.742469e+01 -3.716884e+01 -3.691300e+01 -3.665716e+01 -3.640131e+01 -3.614547e+01 -3.588963e+01
  -35.633786 -3.537794e+01 -3.512210e+01 -3.486626e+01 -3.489810e+01 -3.464225e+01 -3.432212e+01 -3.401131e+01
  -33.714894 9.994568e-01 5.432716e-04 5.434637e-04 1.076817e-03 2.144811e-03 1.000000e+00    19.004004 -3.742469e+01 -3.716884e+01 -3.691300e+01 -3.665716e+01 -3.640131e+01 -3.614547e+01 -3.588963e+01
  -35.633786 -3.537794e+01 -3.512210e+01 -3.486626e+01 -3.489810e+01 -3.464225e+01 -3.432212e+01 -3.401131e+01
  -33.714894 -3.342873e+01 9.992770e-01 7.232186e-04 7.235590e-04 1.433489e-03 2.855564e-03 1.000000e+00
   19.004004 -3.742469e+01 -3.716884e+01 -3.691300e+01 -3.665716e+01 -3.640131e+01 -3.614547e+01 -3.588963e+01
  -35.633786 -3.537794e+01 -3.512210e+01 -3.486626e+01 -3.489810e+01 -3.464225e+01 -3.432212e+01 -3.401131e+01
  -33.714894 -3.342873e+01 -3.315002e+01 9.990447e-01 9.555956e-04 9.561898e-04 1.894082e-03 3.773647e-03
    1.000000    19.004004 -3.742469e+01 -3.716884e+01 -3.691300e+01 -3.665716e+01 -3.640131e+01 -3.614547e+01 -3.588963e+01
  -35.633786 -3.537794e+01 -3.512210e+01 -3.486626e+01 -3.489810e+01 -3.464225e+01 -3.432212e+01 -3.401131e+01
  -33.714894 -3.342873e+01 -3.315002e+01 -3.287683e+01 9.987448e-01 1.255666e-03 1.256692e-03 2.488850e-03
    0.004960 1.000000e+00    19.004004 -3.742469e+01 -3.716884e+01 -3.691300e+01 -3.665716e+01 -3.640131e+01 -3.614547e+01 -3.588963e+01
  -35.633786 -3.537794e+01 -3.512210e+01 -3.486626e+01 -3.489810e+01 -3.464225e+01 -3.432212e+01 -3.401131e+01
  -33.714894 -3.342873e+01 -3.315002e+01 -3.287683e+01 -3.260776e+01 9.983577e-01 1.643129e-03 1.644886e-03
    0.003257 6.491587e-03 1.000000e+00    19.004004 -3.742469e+01 -3.716884e+01 -3.691300e+01 -3.665716e+01 -3.640131e+01 -3.614547e+01 -3.588963e+01
  -35.633786 -3.537794e+01 -3.512210e+01 -3.486626e+01 -3.489810e+01 -3.464225e+01 -3.432212e+01 -3.401131e+01
  -33.714894 -3.342873e+01 -3.315002e+01 -3.287683e+01 -3.260776e+01 -3.234179e+01 9.978581e-01 2.143402e-03
    0.002146 4.248422e-03 8.470761e-03 1.000000e+00    19.004004 -3.742469e+01 -3.716884e+01 -3.691300e+01 -3.665716e+01 -3.640131e+01 -3.614547e+01 -3.588963e+01
  -35.633786 -3.537794e+01 -3.512210e+01 -3.486626e+01 -3.489810e+01 -3.464225e+01 -3.432212e+01 -3.401131e+01
  -33.714894 -3.342873e+01 -3.315002e+01 -3.287683e+01 -3.260776e+01 -3.234179e+01 -3.207818e+01 9.972133e-01
    0.002789 2.794332e-03 5.528589e-03 1.102782e-02 1.000000e+00    19.004004 -3.742469e+01 -3.716884e+01 -3.691300e+01 -3.665716e+01 -3.640131e+01 -3.614547e+01 -3.588963e+01
  -35.633786 -3.537794e+01 -3.512210e+01 -3.486626e+01 -3.489810e+01 -3.464225e+01 -3.432212e+01 -3.401131e+01
  -33.714894 -3.342873e+01 -3.315002e+01 -3.287683e+01 -3.260776e+01 -3.234179e+01 -3.207818e+01 -3.181637e+01
    0.996381 3.623009e-03 3.631551e-03 7.181129e-03 1.433181e-02 1.000000e+00    19.004004 -3.742469e+01 -3.716884e+01 -3.691300e+01 -3.665716e+01 -3.640131e+01 -3.614547e+01 -3.588963e+01
  -35.633786 -3.537794e+01 -3.512210e+01 -3.486626e+01 -3.489810e+01 -3.464225e+01 -3.432212e+01 -3.401131e+01
  -33.714894 -3.342873e+01 -3.315002e+01 -3.287683e+01 -3.260776e+01 -3.234179e+01 -3.207818e+01 -3.181637e+01
  -31.572088 9.953831e-01 4.623875e-03 4.637788e-03 9.164924e-03 1.830277e-02 1.000000e+00    19.004004 -3.742469e+01 -3.716884e+01 -3.691300e+01 -3.665716e+01 -3.640131e+01 -3.614547e+01 -3.588963e+01
  -35.633786 -3.537794e+01 -3.512210e+01 -3.486626e+01 -3.489810e+01 -3.464225e+01 -3.432212e+01 -3.401131e+01
  -33.714894 -3.342873e+01 -3.315002e+01 -3.287683e+01 -3.260776e+01 -3.234179e+01 -3.207818e+01 -3.181637e+01
  -31.572088 -3.131263e+01 9.940210e-01 5.990715e-03 6.014071e-03 1.187410e-02 2.373396e-02 1.000000e+00
   19.004004 -3.742469e+01 -3.716884e+01 -3.691300e+01 -3.665716e+01 -3.640131e+01 -3.614547e+01 -3.588963e+01
  -35.633786 -3.537794e+01 -3.512210e+01 -3.486626e+01 -3.489810e+01 -3.464225e+01 -3.432212e+01 -3.401131e+01
  -33.714894 -3.342873e+01 -3.315002e+01 -3.287683e+01 -3.260776e+01 -3.234179e+01 -3.207818e+01 -3.181637e+01
  -31.572088 -3.131263e+01 -3.105400e+01 9.922654e-01 7.754156e-03 7.793285e-03 1.536936e-02 3.075508e-02
    1.000000    19.004004 -3.742469e+01 -3.716884e+01 -3.691300e+01 -3.665716e+01 -3.640131e+01 -3.614547e+01 -3.588963e+01
  -35.633786 -3.537794e+01 -3.512210e+01 -3.486626e+01 -3.489810e+01 -3.464225e+01 -3.432212e+01 -3.401131e+01
  -33.714894 -3.342873e+01 -3.315002e+01 -3.287683e+01 -3.260776e+01 -3.234179e+01 -3.207818e+01 -3.181637e+01
  -31.572088 -3.131263e+01 -3.105400e+01 -3.079599e+01 9.900041e-01 1.002856e-02 1.009401e-02 1.987735e-02
    0.039834 1.000000e+00    19.004004 -3.742469e+01 -3.716884e+01 -3.691300e+01 -3.665716e+01 -3.640131e+01 -3.614547e+01 -3.588963e+01
  -35.633786 -3.537794e+01 -3.512210e+01 -3.486626e+01 -3.489810e+01 -3.464225e+01 -3.432212e+01 -3.401131e+01
  -33.714894 -3.342873e+01 -3.315002e+01 -3.287683e+01 -3.260776e+01 -3.234179e+01 -3.207818e+01 -3.181637e+01
  -31.572088 -3.131263e+01 -3.105400e+01 -3.079599e+01 -3.053847e+01 9.870938e-01 1.296080e-02 1.307012e-02
    0.025689 5.157746e-02 1.000000e+00    19.004004 -3.742469e+01 -3.716884e+01 -3.691300e+01 -3.665716e+01 -3.640131e+01 -3.614547e+01 -3.588963e+01
  -35.633786 -3.537794e+01 -3.512210e+01 -3.486626e+01 -3.489810e+01 -3.464225e+01 -3.432212e+01 -3.401131e+01
  -33.714894 -3.342873e+01 -3.315002e+01 -3.287683e+01 -3.260776e+01 -3.234179e+01 -3.207818e+01 -3.181637e+01
  -31.572088 -3.131263e+01 -3.105400e+01 -3.079599e+01 -3.053847e+01 -3.028132e+01 9.833519e-01 1.673916e-02
    0.016922 3.317800e-02 6.677415e-02 1.000000e+00    19.004004 -3.742469e+01 -3.716884e+01 -3.691300e+01 -3.665716e+01 -3.640131e+01 -3.614547e+01 -3.588963e+01
  -35.633786 -3.537794e+01 -3.512210e+01 -3.486626e+01 -3.489810e+01 -3.464225e+01 -3.432212e+01 -3.401131e+01
  -33.714894 -3.342873e+01 -3.315002e+01 -3.287683e+01 -3.260776e+01 -3.234179e+01 -3.207818e+01 -3.181637e+01
  -31.572088 -3.131263e+01 -3.105400e+01 -3.079599e+01 -3.053847e+01 -3.028132e+01 -3.002446e+01 9.785470e-01
    0.021605 2.190837e-02 4.282124e-02 8.644975e-02 1.000000e+00    19.004004 -3.742469e+01 -3.716884e+01 -3.691300e+01 -3.665716e+01 -3.640131e+01 -3.614547e+01 -3.588963e+01
  -35.633786 -3.537794e+01 -3.512210e+01 -3.486626e+01 -3.489810e+01 -3.464225e+01 -3.432212e+01 -3.401131e+01
  -33.714894 -3.342873e+01 -3.315002e+01 -3.287683e+01 -3.260776e+01 -3.234179e+01 -3.207818e+01 -3.181637e+01
  -31.572088 -3.131263e+01 -3.105400e+01 -3.079599e+01 -3.053847e+01 -3.028132e+01 -3.002446e+01 -2.976782e+01
    0.972388 2.786429e-02 2.836972e-02 5.522791e-02 1.119411e-01 1.000000e+00    19.004004 -3.742469e+01 -3.716884e+01 -3.691300e+01 -3.665716e+01 -3.640131e+01 -3.614547e+01 -3.588963e+01
  -35.633786 -3.537794e+01 -3.512210e+01 -3.486626e+01 -3.489810e+01 -3.464225e+01 -3.432212e+01 -3.401131e+01
  -33.714894 -3.342873e+01 -3.315002e+01 -3.287683e+01 -3.260776e+01 -3.234179e+01 -3.207818e+01 -3.181637e+01
  -31.572088 -3.131263e+01 -3.105400e+01 -3.079599e+01 -3.053847e+01 -3.028132e+01 -3.002446e+01 -2.976782e+01
  -29.511333 9.645091e-01 3.590903e-02 3.674853e-02 7.117215e-02 1.449940e-01 1.000000e+00    19.004004 -3.742469e+01 -3.716884e+01 -3.691300e+01 -3.665716e+01 -3.640131e+01 -3.614547e+01 -3.588963e+01
  -35.633786 -3.537794e+01 -3.512210e+01 -3.486626e+01 -3.489810e+01 -3.464225e+01 -3.432212e+01 -3.401131e+01
  -33.714894 -3.342873e+01 -3.315002e+01 -3.287683e+01 -3.260776e+01 -3.234179e+01 -3.207818e+01 -3.181637e+01
  -31.572088 -3.131263e+01 -3.105400e+01 -3.079599e+01 -3.053847e+01 -3.028132e+01 -3.002446e+01 -2.976782e+01
  -29.511333 -2.925497e+01 9.544595e-01 4.623303e-02 4.762487e-02 9.163330e-02 1.878938e-01 1.000000e+00
   19.004004 -3.742469e+01 -3.716884e+01 -3.691300e+01 -3.665716e+01 -3.640131e+01 -3.614547e+01 -3.588963e+01
  -35.633786 -3.537794e+01 -3.512210e+01 -3.486626e+01 -3.489810e+01 -3.464225e+01 -3.432212e+01 -3.401131e+01
  -33.714894 -3.342873e+01 -3.315002e+01 -3.287683e+01 -3.260776e+01 -3.234179e+01 -3.207818e+01 -3.181637e+01
  -31.572088 -3.131263e+01 -3.105400e+01 -3.079599e+01 -3.053847e+01 -3.028132e+01 -3.002446e+01 -2.976782e+01
  -29.511333 -2.925497e+01 -2.899870e+01 9.416861e-01 5.945785e-02 6.176029e-02 1.178428e-01 2.436396e-01
    1.000000    19.004004 -3.742469e+01 -3.716884e+01 -3.691300e+01 -3.665716e+01 -3.640131e+01 -3.614547e+01 -3.588963e+01
  -35.633786 -3.537794e+01 -3.512210e+01 -3.486626e+01 -3.489810e+01 -3.464225e+01 -3.432212e+01 -3.401131e+01
  -33.714894 -3.342873e+01 -3.315002e+01 -3.287683e+01 -3.260776e+01 -3.234179e+01 -3.207818e+01 -3.181637e+01
  -31.572088 -3.131263e+01 -3.105400e+01 -3.079599e+01 -3.053847e+01 -3.028132e+01 -3.002446e+01 -2.976782e+01
  -29.511333 -2.925497e+01 -2.899870e+01 -2.874249e+01 9.255250e-01 7.635890e-02 8.015730e-02 1.513368e-01
    0.316177 1.000000e+00    19.004004 -3.742469e+01 -3.716884e+01 -3.691300e+01 -3.665716e+01 -3.640131e+01 -3.614547e+01 -3.588963e+01
  -35.633786 -3.537794e+01 -3.512210e+01 -3.486626e+01 -3.489810e+01 -3.464225e+01 -3.432212e+01 -3.401131e+01
  -33.714894 -3.342873e+01 -3.315002e+01 -3.287683e+01 -3.260776e+01 -3.234179e+01 -3.207818e+01 -3.181637e+01
  -31.572088 -3.131263e+01 -3.105400e+01 -3.079599e+01 -3.053847e+01 -3.028132e+01 -3.002446e+01 -2.976782e+01
  -29.511333 -2.925497e+01 -2.899870e+01 -2.874249e+01 -2.848631e+01 9.051965e-01 9.789364e-02 1.041386e-01
    0.194011 4.107096e-01 1.000000e+00    19.004004 -3.742469e+01 -3.716884e+01 -3.691300e+01 -3.665716e+01 -3.640131e+01 -3.614547e+01 -3.588963e+01
  -35.633786 -3.537794e+01 -3.512210e+01 -3.486626e+01 -3.489810e+01 -3.464225e+01 -3.432212e+01 -3.401131e+01
  -33.714894 -3.342873e+01 -3.315002e+01 -3.287683e+01 -3.260776e+01 -3.234179e+01 -3.207818e+01 -3.181637e+01
  -31.572088 -3.131263e+01 -3.105400e+01 -3.079599e+01 -3.053847e+01 -3.028132e+01 -3.002446e+01 -2.976782e+01
  -29.511333 -2.925497e+01 -2.899870e+01 -2.874249e+01 -2.848631e+01 -2.823015e+01 8.798157e-01 1.252283e-01
    0.135452 2.481761e-01 5.341052e-01 1.000000e+00    19.004004 -3.742469e+01 -3.716884e+01 -3.691300e+01 -3.665716e+01 -3.640131e+01 -3.614547e+01 -3.588963e+01
  -35.633786 -3.537794e+01 -3.512210e+01 -3.486626e+01 -3.489810e+01 -3.464225e+01 -3.432212e+01 -3.401131e+01
  -33.714894 -3.342873e+01 -3.315002e+01 -3.287683e+01 -3.260776e+01 -3.234179e+01 -3.207818e+01 -3.181637e+01
  -31.572088 -3.131263e+01 -3.105400e+01 -3.079599e+01 -3.053847e+01 -3.028132e+01 -3.002446e+01 -2.976782e+01
  -29.511333 -2.925497e+01 -2.899870e+01 -2.874249e+01 -2.848631e+01 -2.823015e+01 -2.797399e+01 8.484246e-01
    0.159758 1.764055e-01 3.165924e-01 6.954279e-01 1.000000e+00    19.004004 -3.742469e+01 -3.716884e+01 -3.691300e+01 -3.665716e+01 -3.640131e+01 -3.614547e+01 -3.588963e+01
  -35.633786 -3.537794e+01 -3.512210e+01 -3.486626e+01 -3.489810e+01 -3.464225e+01 -3.432212e+01 -3.401131e+01
  -33.714894 -3.342873e+01 -3.315002e+01 -3.287683e+01 -3.260776e+01 -3.234179e+01 -3.207818e+01 -3.181637e+01
  -31.572088 -3.131263e+01 -3.105400e+01 -3.079599e+01 -3.053847e+01 -3.028132e+01 -3.002446e+01 -2.976782e+01
  -29.511333 -2.925497e+01 -2.899870e+01 -2.874249e+01 -2.848631e+01 -2.823015e+01 -2.797399e+01 -2.771781e+01
    0.810060 2.031126e-01 2.300391e-01 4.024846e-01 9.065986e-01 1.000000e+00    19.004004 -3.742469e+01 -3.716884e+01 -3.691300e+01 -3.665716e+01 -3.640131e+01 -3.614547e+01 -3.588963e+01
  -35.633786 -3.537794e+01 -3.512210e+01 -3.486626e+01 -3.489810e+01 -3.464225e+01 -3.432212e+01 -3.401131e+01
  -33.714894 -3.342873e+01 -3.315002e+01 -3.287683e+01 -3.260776e+01 -3.234179e+01 -3.207818e+01 -3.181637e+01
  -31.572088 -3.131263e+01 -3.105400e+01 -3.079599e+01 -3.053847e+01 -3.028132e+01 -3.002446e+01 -2.976782e+01
  -29.511333 -2.925497e+01 -2.899870e+01 -2.874249e+01 -2.848631e+01 -2.823015e+01 -2.797399e+01 -2.771781e+01
  -27.461593 7.638677e-01 2.571352e-01 3.003249e-01 5.094962e-01 1.183174e+00 1.000000e+00    19.004004 -3.742469e+01 -3.716884e+01 -3.691300e+01 -3.665716e+01 -3.640131e+01 -3.614547e+01 -3.588963e+01
  -35.633786 -3.537794e+01 -3.512210e+01 -3.486626e+01 -3.489810e+01 -3.464225e+01 -3.432212e+01 -3.401131e+01
  -33.714894 -3.342873e+01 -3.315002e+01 -3.287683e+01 -3.260776e+01 -3.234179e+01 -3.207818e+01 -3.181637e+01
  -31.572088 -3.131263e+01 -3.105400e+01 -3.079599e+01 -3.053847e+01 -3.028132e+01 -3.002446e+01 -2.976782e+01
  -29.511333 -2.925497e+01 -2.899870e+01 -2.874249e+01 -2.848631e+01 -2.823015e+01 -2.797399e+01 -2.771781e+01
  -27.461593 -2.720532e+01 7.092770e-01 3.238182e-01 3.923820e-01 6.415614e-01 1.545166e+00 1.000000e+00
   19.004004 -3.742469e+01 -3.716884e+01 -3.691300e+01 -3.665716e+01 -3.640131e+01 -3.614547e+01 -3.588963e+01
  -35.633786 -3.537794e+01 -3.512210e+01 -3.486626e+01 -3.489810e+01 -3.464225e+01 -3.432212e+01 -3.401131e+01
  -33.714894 -3.342873e+01 -3.315002e+01 -3.287683e+01 -3.260776e+01 -3.234179e+01 -3.207818e+01 -3.181637e+01
  -31.572088 -3.131263e+01 -3.105400e+01 -3.079599e+01 -3.053847e+01 -3.028132e+01 -3.002446e+01 -2.976782e+01
  -29.511333 -2.925497e+01 -2.899870e+01 -2.874249e+01 -2.848631e+01 -2.823015e+01 -2.797399e+01 -2.771781e+01
  -27.461593 -2.720532e+01 -2.694899e+01 6.462239e-01 4.051797e-01 5.126575e-01 8.026571e-01 2.017726e+00
    1.000000    19.004004 -3.742469e+01 -3.716884e+01 -3.691300e+01 -3.665716e+01 -3.640131e+01 -3.614547e+01 -3.588963e+01
  -35.633786 -3.537794e+01 -3.512210e+01 -3.486626e+01 -3.489810e+01 -3.464225e+01 -3.432212e+01 -3.401131e+01
  -33.714894 -3.342873e+01 -3.315002e+01 -3.287683e+01 -3.260776e+01 -3.234179e+01 -3.207818e+01 -3.181637e+01
  -31.572088 -3.131263e+01 -3.105400e+01 -3.079599e+01 -3.053847e+01 -3.028132e+01 -3.002446e+01 -2.976782e+01
  -29.511333 -2.925497e+01 -2.899870e+01 -2.874249e+01 -2.848631e+01 -2.823015e+01 -2.797399e+01 -2.771781e+01
  -27.461593 -2.720532e+01 -2.694899e+01 -2.669257e+01 5.754040e-01 5.030641e-01 6.689880e-01 9.964046e-01
    2.631335 1.000000e+00    19.004004 -3.742469e+01 -3.716884e+01 -3.691300e+01 -3.665716e+01 -3.640131e+01 -3.614547e+01 -3.588963e+01
  -35.633786 -3.537794e+01 -3.512210e+01 -3.486626e+01 -3.489810e+01 -3.464225e+01 -3.432212e+01 -3.401131e+01
  -33.714894 -3.342873e+01 -3.315002e+01 -3.287683e+01 -3.260776e+01 -3.234179e+01 -3.207818e+01 -3.181637e+01
  -31.572088 -3.131263e+01 -3.105400e+01 -3.079599e+01 -3.053847e+01 -3.028132e+01 -3.002446e+01 -2.976782e+01
  -29.511333 -2.925497e+01 -2.899870e+01 -2.874249e+01 -2.848631e+01 -2.823015e+01 -2.797399e+01 -2.771781e+01
  -27.461593 -2.720532e+01 -2.694899e+01 -2.669257e+01 -2.643607e+01 4.984865e-01 6.188648e-01 8.704062e-01
    1.225516 3.420985e+00 1.000000e+00    19.004004 -3.742469e+01 -3.716884e+01 -3.691300e+01 -3.665716e+01 -3.640131e+01 -3.614547e+01 -3.588963e+01
  -35.633786 -3.537794e+01 -3.512210e+01 -3.486626e+01 -3.489810e+01 -3.464225e+01 -3.432212e+01 -3.401131e+01
  -33.714894 -3.342873e+01 -3.315002e+01 -3.287683e+01 -3.260776e+01 -3.234179e+01 -3.207818e+01 -3.181637e+01
  -31.572088 -3.131263e+01 -3.105400e+01 -3.079599e+01 -3.053847e+01 -3.028132e+01 -3.002446e+01 -2.976782e+01
  -29.511333 -2.925497e+01 -2.899870e+01 -2.874249e+01 -2.848631e+01 -2.823015e+01 -2.797399e+01 -2.771781e+01
  -27.461593 -2.720532e+01 -2.694899e+01 -2.669257e+01 -2.643607e+01 -2.617948e+01 4.181923e-01 7.531883e-01
    1.126524 1.491123e+00 4.423683e+00 1.000000e+00    19.004004 -3.742469e+01 -3.716884e+01 -3.691300e+01 -3.665716e+01 -3.640131e+01 -3.614547e+01 -3.588963e+01
  -35.633786 -3.537794e+01 -3.512210e+01 -3.486626e+01 -3.489810e+01 -3.464225e+01 -3.432212e+01 -3.401131e+01
  -33.714894 -3.342873e+01 -3.315002e+01 -3.287683e+01 -3.260776e+01 -3.234179e+01 -3.207818e+01 -3.181637e+01
  -31.572088 -3.131263e+01 -3.105400e+01 -3.079599e+01 -3.053847e+01 -3.028132e+01 -3.002446e+01 -2.976782e+01
  -29.511333 -2.925497e+01 -2.899870e+01 -2.874249e+01 -2.848631e+01 -2.823015e+01 -2.797399e+01 -2.771781e+01
  -27.461593 -2.720532e+01 -2.694899e+01 -2.669257e+01 -2.643607e+01 -2.617948e+01 -2.592280e+01 3.381306e-01
    0.905512 1.446355e+00 1.792099e+00 5.673739e+00 1.000000e+00    19.004004 -3.742469e+01 -3.716884e+01 -3.691300e+01 -3.665716e+01 -3.640131e+01 -3.614547e+01 -3.588963e+01
  -35.633786 -3.537794e+01 -3.512210e+01 -3.486626e+01 -3.489810e+01 -3.464225e+01 -3.432212e+01 -3.401131e+01
  -33.714894 -3.342873e+01 -3.315002e+01 -3.287683e+01 -3.260776e+01 -3.234179e+01 -3.207818e+01 -3.181637e+01
  -31.572088 -3.131263e+01 -3.105400e+01 -3.079599e+01 -3.053847e+01 -3.028132e+01 -3.002446e+01 -2.976782e+01
  -29.511333 -2.925497e+01 -2.899870e+01 -2.874249e+01 -2.848631e+01 -2.823015e+01 -2.797399e+01 -2.771781e+01
  -27.461593 -2.720532e+01 -2.694899e+01 -2.669257e+01 -2.643607e+01 -2.617948e+01 -2.592280e+01 -2.566604e+01
    0.262336 1.073927e+00 1.836572e+00 2.124543e+00 7.195868e+00 1.000000e+00    19.004004 -3.742469e+01 -3.716884e+01 -3.691300e+01 -3.665716e+01 -3.640131e+01 -3.614547e+01 -3.588963e+01
  -35.633786 -3.537794e+01 -3.512210e+01 -3.486626e+01 -3.489810e+01 -3.464225e+01 -3.432212e+01 -3.401131e+01
  -33.714894 -3.342873e+01 -3.315002e+01 -3.287683e+01 -3.260776e+01 -3.234179e+01 -3.207818e+01 -3.181637e+01
  -31.572088 -3.131263e+01 -3.105400e+01 -3.079599e+01 -3.053847e+01 -3.028132e+01 -3.002446e+01 -2.976782e+01
  -29.511333 -2.925497e+01 -2.899870e+01 -2.874249e+01 -2.848631e+01 -2.823015e+01 -2.797399e+01 -2.771781e+01
  -27.461593 -2.720532e+01 -2.694899e+01 -2.669257e+01 -2.643607e+01 -2.617948e+01 -2.592280e+01 -2.566604e+01
  -25.409224 1.945700e-01 1.255058e+00 2.299467e+00 2.481629e+00 8.997139e+00 1.000000e+00    19.004004 -3.742469e+01 -3.716884e+01 -3.691300e+01 -3.665716e+01 -3.640131e+01 -3.614547e+01 -3.588963e+01
  -35.633786 -3.537794e+01 -3.512210e+01 -3.486626e+01 -3.489810e+01 -3.464225e+01 -3.432212e+01 -3.401131e+01
  -33.714894 -3.342873e+01 -3.315002e+01 -3.287683e+01 -3.260776e+01 -3.234179e+01 -3.207818e+01 -3.181637e+01
  -31.572088 -3.131263e+01 -3.105400e+01 -3.079599e+01 -3.053847e+01 -3.028132e+01 -3.002446e+01 -2.976782e+01
  -29.511333 -2.925497e+01 -2.899870e+01 -2.874249e+01 -2.848631e+01 -2.823015e+01 -2.797399e+01 -2.771781e+01
  -27.461593 -2.720532e+01 -2.694899e+01 -2.669257e+01 -2.643607e+01 -2.617948e+01 -2.592280e+01 -2.566604e+01
  -25.409224 -2.515238e+01 1.375864e-01 1.444252e+00 2.831176e+00 2.853979e+00 1.106003e+01 1.000000e+00
   19.004004 -3.742469e+01 -3.716884e+01 -3.691300e+01 -3.665716e+01 -3.640131e+01 -3.614547e+01 -3.588963e+01
  -35.633786 -3.537794e+01 -3.512210e+01 -3.486626e+01 -3.489810e+01 -3.464225e+01 -3.432212e+01 -3.401131e+01
  -33.714894 -3.342873e+01 -3.315002e+01 -3.287683e+01 -3.260776e+01 -3.234179e+01 -3.207818e+01 -3.181637e+01
  -31.572088 -3.131263e+01 -3.105400e+01 -3.079599e+01 -3.053847e+01 -3.028132e+01 -3.002446e+01 -2.976782e+01
  -29.511333 -2.925497e+01 -2.899870e+01 -2.874249e+01 -2.848631e+01 -2.823015e+01 -2.797399e+01 -2.771781e+01
  -27.461593 -2.720532e+01 -2.694899e+01 -2.669257e+01 -2.643607e+01 -2.617948e+01 -2.592280e+01 -2.566604e+01
  -25.409224 -2.515238e+01 -2.489553e+01 9.263454e-02 1.636030e+00 3.420904e+00 3.230577e+00 1.333941e+01
    1.000000    19.004004 -3.742469e+01 -3.716884e+01 -3.691300e+01 -3.665716e+01 -3.640131e+01 -3.614547e+01 -3.588963e+01
  -35.633786 -3.537794e+01 -3.512210e+01 -3.486626e+01 -3.489810e+01 -3.464225e+01 -3.432212e+01 -3.401131e+01
  -33.714894 -3.342873e+01 -3.315002e+01 -3.287683e+01 -3.260776e+01 -3.234179e+01 -3.207818e+01 -3.181637e+01
  -31.572088 -3.131263e+01 -3.105400e+01 -3.079599e+01 -3.053847e+01 -3.028132e+01 -3.002446e+01 -2.976782e+01
  -29.511333 -2.925497e+01 -2.899870e+01 -2.874249e+01 -2.848631e+01 -2.823015e+01 -2.797399e+01 -2.771781e+01
  -27.461593 -2.720532e+01 -2.694899e+01 -2.669257e+01 -2.643607e+01 -2.617948e+01 -2.592280e+01 -2.566604e+01
  -25.409224 -2.515238e+01 -2.489553e+01 -2.463871e+01 5.939082e-02 1.824748e+00 4.051695e+00 3.600059e+00
   15.765603 1.000000e+00    19.004004 -3.742469e+01 -3.716884e+01 -3.691300e+01 -3.665716e+01 -3.640131e+01 -3.614547e+01 -3.588963e+01
  -35.633786 -3.537794e+01 -3.512210e+01 -3.486626e+01 -3.489810e+01 -3.464225e+01 -3.432212e+01 -3.401131e+01
  -33.714894 -3.342873e+01 -3.315002e+01 -3.287683e+01 -3.260776e+01 -3.234179e+01 -3.207818e+01 -3.181637e+01
  -31.572088 -3.131263e+01 -3.105400e+01 -3.079599e+01 -3.053847e+01 -3.028132e+01 -3.002446e+01 -2.976782e+01
  -29.511333 -2.925497e+01 -2.899870e+01 -2.874249e+01 -2.848631e+01 -2.823015e+01 -2.797399e+01 -2.771781e+01
  -27.461593 -2.720532e+01 -2.694899e+01 -2.669257e+01 -2.643607e+01 -2.617948e+01 -2.592280e+01 -2.566604e+01
  -25.409224 -2.515238e+01 -2.489553e+01 -2.463871e+01 -2.438194e+01 3.631424e-02 2.005285e+00 4.702802e+00
    3.952088 1.825361e+01 1.000000e+00    19.004004 -3.742469e+01 -3.716884e+01 -3.691300e+01 -3.665716e+01 -3.640131e+01 -3.614547e+01 -3.588963e+01
  -35.633786 -3.537794e+01 -3.512210e+01 -3.486626e+01 -3.489810e+01 -3.464225e+01 -3.432212e+01 -3.401131e+01
  -33.714894 -3.342873e+01 -3.315002e+01 -3.287683e+01 -3.260776e+01 -3.234179e+01 -3.207818e+01 -3.181637e+01
  -31.572088 -3.131263e+01 -3.105400e+01 -3.079599e+01 -3.053847e+01 -3.028132e+01 -3.002446e+01 -2.976782e+01
  -29.511333 -2.925497e+01 -2.899870e+01 -2.874249e+01 -2.848631e+01 -2.823015e+01 -2.797399e+01 -2.771781e+01
  -27.461593 -2.720532e+01 -2.694899e+01 -2.669257e+01 -2.643607e+01 -2.617948e+01 -2.592280e+01 -2.566604e+01
  -25.409224 -2.515238e+01 -2.489553e+01 -2.463871e+01 -2.438194e+01 -2.412526e+01 2.123351e-02 2.173631e+00
    5.353061 4.278494e+00 2.071618e+01 1.000000e+00    19.004004 -3.742469e+01 -3.716884e+01 -3.691300e+01 -3.665716e+01 -3.640131e+01 -3.614547e+01 -3.588963e+01
  -35.633786 -3.537794e+01 -3.512210e+01 -3.486626e+01 -3.489810e+01 -3.464225e+01 -3.432212e+01 -3.401131e+01
  -33.714894 -3.342873e+01 -3.315002e+01 -3.287683e+01 -3.260776e+01 -3.234179e+01 -3.207818e+01 -3.181637e+01
  -31.572088 -3.131263e+01 -3.105400e+01 -3.079599e+01 -3.053847e+01 -3.028132e+01 -3.002446e+01 -2.976782e+01
  -29.511333 -2.925497e+01 -2.899870e+01 -2.874249e+01 -2.848631e+01 -2.823015e+01 -2.797399e+01 -2.771781e+01
  -27.461593 -2.720532e+01 -2.694899e+01 -2.669257e+01 -2.643607e+01 -2.617948e+01 -2.592280e+01 -2.566604e+01
  -25.409224 -2.515238e+01 -2.489553e+01 -2.463871e+01 -2.438194e+01 -2.412526e+01 -2.386866e+01 1.191500e-02
    2.327241 5.984313e+00 4.573944e+00 2.307686e+01 1.000000e+00    19.004004 -3.742469e+01 -3.716884e+01 -3.691300e+01 -3.665716e+01 -3.640131e+01 -3.614547e+01 -3.588963e+01
  -35.633786 -3.537794e+01 -3.512210e+01 -3.486626e+01 -3.489810e+01 -3.464225e+01 -3.432212e+01 -3.401131e+01
  -33.714894 -3.342873e+01 -3.315002e+01 -3.287683e+01 -3.260776e+01 -3.234179e+01 -3.207818e+01 -3.181637e+01
  -31.572088 -3.131263e+01 -3.105400e+01 -3.079599e+01 -3.053847e+01 -3.028132e+01 -3.002446e+01 -2.976782e+01
  -29.511333 -2.925497e+01 -2.899870e+01 -2.874249e+01 -2.848631e+01 -2.823015e+01 -2.797399e+01 -2.771781e+01
  -27.461593 -2.720532e+01 -2.694899e+01 -2.669257e+01 -2.643607e+01 -2.617948e+01 -2.592280e+01 -2.566604e+01
  -25.409224 -2.515238e+01 -2.489553e+01 -2.463871e+01 -2.438194e+01 -2.412526e+01 -2.386866e+01 -2.361216e+01
    0.006442 2.465125e+00 6.583997e+00 4.836088e+00 2.527976e+01 1.000000e+00    19.004004 -3.742469e+01 -3.716884e+01 -3.691300e+01 -3.665716e+01 -3.640131e+01 -3.614547e+01 -3.588963e+01
  -35.633786 -3.537794e+01 -3.512210e+01 -3.486626e+01 -3.489810e+01 -3.464225e+01 -3.432212e+01 -3.401131e+01
  -33.714894 -3.342873e+01 -3.315002e+01 -3.287683e+01 -3.260776e+01 -3.234179e+01 -3.207818e+01 -3.181637e+01
  -31.572088 -3.131263e+01 -3.105400e+01 -3.079599e+01 -3.053847e+01 -3.028132e+01 -3.002446e+01 -2.976782e+01
  -29.511333 -2.925497e+01 -2.899870e+01 -2.874249e+01 -2.848631e+01 -2.823015e+01 -2.797399e+01 -2.771781e+01
  -27.461593 -2.720532e+01 -2.694899e+01 -2.669257e+01 -2.643607e+01 -2.617948e+01 -2.592280e+01 -2.566604e+01
  -25.409224 -2.515238e+01 -2.489553e+01 -2.463871e+01 -2.438194e+01 -2.412526e+01 -2.386866e+01 -2.361216e+01
  -23.355758 3.369454e-03 2.587719e+00 7.146445e+00 5.065270e+00 2.729410e+01 1.000000e+00    19.004004 -3.742469e+01 -3.716884e+01 -3.691300e+01 -3.665716e+01 -3.640131e+01 -3.614547e+01 -3.588963e+01
  -35.633786 -3.537794e+01 -3.512210e+01 -3.486626e+01 -3.489810e+01 -3.464225e+01 -3.432212e+01 -3.401131e+01
  -33.714894 -3.342873e+01 -3.315002e+01 -3.287683e+01 -3.260776e+01 -3.234179e+01 -3.207818e+01 -3.181637e+01
  -31.572088 -3.131263e+01 -3.105400e+01 -3.079599e+01 -3.053847e+01 -3.028132e+01 -3.002446e+01 -2.976782e+01
  -29.511333 -2.925497e+01 -2.899870e+01 -2.874249e+01 -2.848631e+01 -2.823015e+01 -2.797399e+01 -2.771781e+01
  -27.461593 -2.720532e+01 -2.694899e+01 -2.669257e+01 -2.643607e+01 -2.617948e+01 -2.592280e+01 -2.566604e+01
  -25.409224 -2.515238e+01 -2.489553e+01 -2.463871e+01 -2.438194e+01 -2.412526e+01 -2.386866e+01 -2.361216e+01
  -23.355758 -2.309945e+01 1.711317e-03 2.696618e+00 7.672934e+00 5.263967e+00 2.911386e+01 1.000000e+00
   19.004004 -3.742469e+01 -3.716884e+01 -3.691300e+01 -3.665716e+01 -3.640131e+01 -3.614547e+01 -3.588963e+01
  -35.633786 -3.537794e+01 -3.512210e+01 -3.486626e+01 -3.489810e+01 -3.464225e+01 -3.432212e+01 -3.401131e+01
  -33.714894 -3.342873e+01 -3.315002e+01 -3.287683e+01 -3.260776e+01 -3.234179e+01 -3.207818e+01 -3.181637e+01
  -31.572088 -3.131263e+01 -3.105400e+01 -3.079599e+01 -3.053847e+01 -3.028132e+01 -3.002446e+01 -2.976782e+01
  -29.511333 -2.925497e+01 -2.899870e+01 -2.874249e+01 -2.848631e+01 -2.823015e+01 -2.797399e+01 -2.771781e+01
  -27.461593 -2.720532e+01 -2.694899e+01 -2.669257e+01 -2.643607e+01 -2.617948e+01 -2.592280e+01 -2.566604e+01
  -25.409224 -2.515238e+01 -2.489553e+01 -2.463871e+01 -2.438194e+01 -2.412526e+01 -2.386866e+01 -2.361216e+01
  -23.355758 -2.309945e+01 -2.284322e+01 8.466981e-04 2.794267e+00 8.170895e+00 5.436145e+00 3.075410e+01
    1.000000    19.004004 -3.742469e+01 -3.716884e+01 -3.691300e+01 -3.665716e+01 -3.640131e+01 -3.614547e+01 -3.588963e+01
  -35.633786 -3.537794e+01 -3.512210e+01 -3.486626e+01 -3.489810e+01 -3.464225e+01 -3.432212e+01 -3.401131e+01
  -33.714894 -3.342873e+01 -3.315002e+01 -3.287683e+01 -3.260776e+01 -3.234179e+01 -3.207818e+01 -3.181637e+01
  -31.572088 -3.131263e+01 -3.105400e+01 -3.079599e+01 -3.053847e+01 -3.028132e+01 -3.002446e+01 -2.976782e+01
  -29.511333 -2.925497e+01 -2.899870e+01 -2.874249e+01 -2.848631e+01 -2.823015e+01 -2.797399e+01 -2.771781e+01
  -27.461593 -2.720532e+01 -2.694899e+01 -2.669257e+01 -2.643607e+01 -2.617948e+01 -2.592280e+01 -2.566604e+01
  -25.409224 -2.515238e+01 -2.489553e+01 -2.463871e+01 -2.438194e+01 -2.412526e+01 -2.386866e+01 -2.361216e+01
  -23.355758 -2.309945e+01 -2.284322e+01 -2.258706e+01 4.091074e-04 2.883666e+00 8.652728e+00 5.586665e+00
   32.245767 1.000000e+00    19.004004 -3.742469e+01 -3.716884e+01 -3.691300e+01 -3.665716e+01 -3.640131e+01 -3.614547e+01 -3.588963e+01
  -35.633786 -3.537794e+01 -3.512210e+01 -3.486626e+01 -3.489810e+01 -3.464225e+01 -3.432212e+01 -3.401131e+01
  -33.714894 -3.342873e+01 -3.315002e+01 -3.287683e+01 -3.260776e+01 -3.234179e+01 -3.207818e+01 -3.181637e+01
  -31.572088 -3.131263e+01 -3.105400e+01 -3.079599e+01 -3.053847e+01 -3.028132e+01 -3.002446e+01 -2.976782e+01
  -29.511333 -2.925497e+01 -2.899870e+01 -2.874249e+01 -2.848631e+01 -2.823015e+01 -2.797399e+01 -2.771781e+01
  -27.461593 -2.720532e+01 -2.694899e+01 -2.669257e+01 -2.643607e+01 -2.617948e+01 -2.592280e+01 -2.566604e+01
  -25.409224 -2.515238e+01 -2.489553e+01 -2.463871e+01 -2.438194e+01 -2.412526e+01 -2.386866e+01 -2.361216e+01
  -23.355758 -2.309945e+01 -2.284322e+01 -2.258706e+01 -2.233096e+01 1.933676e-04 2.968138e+00 9.134587e+00
    5.720797 3.363049e+01 1.000000e+00    19.004004 -3.742469e+01 -3.716884e+01 -3.691300e+01 -3.665716e+01 -3.640131e+01 -3.614547e+01 -3.588963e+01
  -35.633786 -3.537794e+01 -3.512210e+01 -3.486626e+01 -3.489810e+01 -3.464225e+01 -3.432212e+01 -3.401131e+01
  -33.714894 -3.342873e+01 -3.315002e+01 -3.287683e+01 -3.260776e+01 -3.234179e+01 -3.207818e+01 -3.181637e+01
  -31.572088 -3.131263e+01 -3.105400e+01 -3.079599e+01 -3.053847e+01 -3.028132e+01 -3.002446e+01 -2.976782e+01
  -29.511333 -2.925497e+01 -2.899870e+01 -2.874249e+01 -2.848631e+01 -2.823015e+01 -2.797399e+01 -2.771781e+01
  -27.461593 -2.720532e+01 -2.694899e+01 -2.669257e+01 -2.643607e+01 -2.617948e+01 -2.592280e+01 -2.566604e+01
  -25.409224 -2.515238e+01 -2.489553e+01 -2.463871e+01 -2.438194e+01 -2.412526e+01 -2.386866e+01 -2.361216e+01
  -23.355758 -2.309945e+01 -2.284322e+01 -2.258706e+01 -2.233096e+01 -2.207491e+01 8.947780e-05 3.051139e+00
    9.635268 5.843866e+00 3.495597e+01 1.000000e+00    19.004004 -3.742469e+01 -3.716884e+01 -3.691300e+01 -3.665716e+01 -3.640131e+01 -3.614547e+01 -3.588963e+01
  -35.633786 -3.537794e+01 -3.512210e+01 -3.486626e+01 -3.489810e+01 -3.464225e+01 -3.432212e+01 -3.401131e+01
  -33.714894 -3.342873e+01 -3.315002e+01 -3.287683e+01 -3.260776e+01 -3.234179e+01 -3.207818e+01 -3.181637e+01
  -31.572088 -3.131263e+01 -3.105400e+01 -3.079599e+01 -3.053847e+01 -3.028132e+01 -3.002446e+01 -2.976782e+01
  -29.511333 -2.925497e+01 -2.899870e+01 -2.874249e+01 -2.848631e+01 -2.823015e+01 -2.797399e+01 -2.771781e+01
  -27.461593 -2.720532e+01 -2.694899e+01 -2.669257e+01 -2.643607e+01 -2.617948e+01 -2.592280e+01 -2.566604e+01
  -25.409224 -2.515238e+01 -2.489553e+01 -2.463871e+01 -2.438194e+01 -2.412526e+01 -2.386866e+01 -2.361216e+01
  -23.355758 -2.309945e+01 -2.284322e+01 -2.258706e+01 -2.233096e+01 -2.207491e+01 -2.181891e+01 4.053175e-05
    3.136100 1.017517e+01 5.960983e+00 3.627212e+01 1.000000e+00    19.004004 -3.742469e+01 -3.716884e+01 -3.691300e+01 -3.665716e+01 -3.640131e+01 -3.614547e+01 -3.588963e+01
  -35.633786 -3.537794e+01 -3.512210e+01 -3.486626e+01 -3.489810e+01 -3.464225e+01 -3.432212e+01 -3.401131e+01
  -33.714894 -3.342873e+01 -3.315002e+01 -3.287683e+01 -3.260776e+01 -3.234179e+01 -3.207818e+01 -3.181637e+01
  -31.572088 -3.131263e+01 -3.105400e+01 -3.079599e+01 -3.053847e+01 -3.028132e+01 -3.002446e+01 -2.976782e+01
  -29.511333 -2.925497e+01 -2.899870e+01 -2.874249e+01 -2.848631e+01 -2.823015e+01 -2.797399e+01 -2.771781e+01
  -27.461593 -2.720532e+01 -2.694899e+01 -2.669257e+01 -2.643607e+01 -2.617948e+01 -2.592280e+01 -2.566604e+01
  -25.409224 -2.515238e+01 -2.489553e+01 -2.463871e+01 -2.438194e+01 -2.412526e+01 -2.386866e+01 -2.361216e+01
  -23.355758 -2.309945e+01 -2.284322e+01 -2.258706e+01 -2.233096e+01 -2.207491e+01 -2.181891e+01 -2.156294e+01
    0.000018 3.226264e+00 1.077509e+01 6.076820e+00 3.762754e+01 1.000000e+00    19.004004 -3.742469e+01 -3.716884e+01 -3.691300e+01 -3.665716e+01 -3.640131e+01 -3.614547e+01 -3.588963e+01
  -35.633786 -3.537794e+01 -3.512210e+01 -3.486626e+01 -3.489810e+01 -3.464225e+01 -3.432212e+01 -3.401131e+01
  -33.714894 -3.342873e+01 -3.315002e+01 -3.287683e+01 -3.260776e+01 -3.234179e+01 -3.207818e+01 -3.181637e+01
  -31.572088 -3.131263e+01 -3.105400e+01 -3.079599e+01 -3.053847e+01 -3.028132e+01 -3.002446e+01 -2.976782e+01
  -29.511333 -2.925497e+01 -2.899870e+01 -2.874249e+01 -2.848631e+01 -2.823015e+01 -2.797399e+01 -2.771781e+01
  -27.461593 -2.720532e+01 -2.694899e+01 -2.669257e+01 -2.643607e+01 -2.617948e+01 -2.592280e+01 -2.566604e+01
  -25.409224 -2.515238e+01 -2.489553e+01 -2.463871e+01 -2.438194e+01 -2.412526e+01 -2.386866e+01 -2.361216e+01
  -23.355758 -2.309945e+01 -2.284322e+01 -2.258706e+01 -2.233096e+01 -2.207491e+01 -2.181891e+01 -2.156294e+01
  -21.306992 7.766515e-06 3.324475e+00 1.145469e+01 6.195368e+00 3.906572e+01 1.000000e+00    19.004004 -3.742469e+01 -3.716884e+01 -3.691300e+01 -3.665716e+01 -3.640131e+01 -3.614547e+01 -3.588963e+01
  -35.633786 -3.537794e+01 -3.512210e+01 -3.486626e+01 -3.489810e+01 -3.464225e+01 -3.432212e+01 -3.401131e+01
  -33.714894 -3.342873e+01 -3.315002e+01 -3.287683e+01 -3.260776e+01 -3.234179e+01 -3.207818e+01 -3.181637e+01
  -31.572088 -3.131263e+01 -3.105400e+01 -3.079599e+01 -3.053847e+01 -3.028132e+01 -3.002446e+01 -2.976782e+01
  -29.511333 -2.925497e+01 -2.899870e+01 -2.874249e+01 -2.848631e+01 -2.823015e+01 -2.797399e+01 -2.771781e+01
  -27.461593 -2.720532e+01 -2.694899e+01 -2.669257e+01 -2.643607e+01 -2.617948e+01 -2.592280e+01 -2.566604e+01
  -25.409224 -2.515238e+01 -2.489553e+01 -2.463871e+01 -2.438194e+01 -2.412526e+01 -2.386866e+01 -2.361216e+01
  -23.355758 -2.309945e+01 -2.284322e+01 -2.258706e+01 -2.233096e+01 -2.207491e+01 -2.181891e+01 -2.156294e+01
  -21.306992 -2.105107e+01 3.271894e-06 3.432892e+00 1.223022e+01 6.319652e+00 4.062059e+01 1.000000e+00
   19.004004 -3.742469e+01 -3.716884e+01 -3.691300e+01 -3.665716e+01 -3.640131e+01 -3.614547e+01 -3.588963e+01
  -35.633786 -3.537794e+01 -3.512210e+01 -3.486626e+01 -3.489810e+01 -3.464225e+01 -3.432212e+01 -3.401131e+01
  -33.714894 -3.342873e+01 -3.315002e+01 -3.287683e+01 -3.260776e+01 -3.234179e+01 -3.207818e+01 -3.181637e+01
  -31.572088 -3.131263e+01 -3.105400e+01 -3.079599e+01 -3.053847e+01 -3.028132e+01 -3.002446e+01 -2.976782e+01
  -29.511333 -2.925497e+01 -2.899870e+01 -2.874249e+01 -2.848631e+01 -2.823015e+01 -2.797399e+01 -2.771781e+01
  -27.461593 -2.720532e+01 -2.694899e+01 -2.669257e+01 -2.643607e+01 -2.617948e+01 -2.592280e+01 -2.566604e+01
  -25.409224 -2.515238e+01 -2.489553e+01 -2.463871e+01 -2.438194e+01 -2.412526e+01 -2.386866e+01 -2.361216e+01
  -23.355758 -2.309945e+01 -2.284322e+01 -2.258706e+01 -2.233096e+01 -2.207491e+01 -2.181891e+01 -2.156294e+01
  -21.306992 -2.105107e+01 -2.079516e+01 1.338823e-06 3.552655e+00 1.311174e+01 6.451397e+00 4.231130e+01
    1.000000    19.004004 -3.742469e+01 -3.716884e+01 -3.691300e+01 -3.665716e+01 -3.640131e+01 -3.614547e+01 -3.588963e+01
  -35.633786 -3.537794e+01 -3.512210e+01 -3.486626e+01 -3.489810e+01 -3.464225e+01 -3.432212e+01 -3.401131e+01
  -33.714894 -3.342873e+01 -3.315002e+01 -3.287683e+01 -3.260776e+01 -3.234179e+01 -3.207818e+01 -3.181637e+01
  -31.572088 -3.131263e+01 -3.105400e+01 -3.079599e+01 -3.053847e+01 -3.028132e+01 -3.002446e+01 -2.976782e+01
  -29.511333 -2.925497e+01 -2.899870e+01 -2.874249e+01 -2.848631e+01 -2.823015e+01 -2.797399e+01 -2.771781e+01
  -27.461593 -2.720532e+01 -2.694899e+01 -2.669257e+01 -2.643607e+01 -2.617948e+01 -2.592280e+01 -2.566604e+01
  -25.409224 -2.515238e+01 -2.489553e+01 -2.463871e+01 -2.438194e+01 -2.412526e+01 -2.386866e+01 -2.361216e+01
  -23.355758 -2.309945e+01 -2.284322e+01 -2.258706e+01 -2.233096e+01 -2.207491e+01 -2.181891e+01 -2.156294e+01
  -21.306992 -2.105107e+01 -2.079516e+01 -2.053927e+01 5.305545e-07 3.683551e+00 1.410006e+01 6.590724e+00
   44.137257 1.000000e+00    19.004004 -3.742469e+01 -3.716884e+01 -3.691300e+01 -3.665716e+01 -3.640131e+01 -3.614547e+01 -3.588963e+01
  -35.633786 -3.537794e+01 -3.512210e+01 -3.486626e+01 -3.489810e+01 -3.464225e+01 -3.432212e+01 -3.401131e+01
  -33.714894 -3.342873e+01 -3.315002e+01 -3.287683e+01 -3.260776e+01 -3.234179e+01 -3.207818e+01 -3.181637e+01
  -31.572088 -3.131263e+01 -3.105400e+01 -3.079599e+01 -3.053847e+01 -3.028132e+01 -3.002446e+01 -2.976782e+01
  -29.511333 -2.925497e+01 -2.899870e+01 -2.874249e+01 -2.848631e+01 -2.823015e+01 -2.797399e+01 -2.771781e+01
  -27.461593 -2.720532e+01 -2.694899e+01 -2.669257e+01 -2.643607e+01 -2.617948e+01 -2.592280e+01 -2.566604e+01
  -25.409224 -2.515238e+01 -2.489553e+01 -2.463871e+01 -2.438194e+01 -2.412526e+01 -2.386866e+01 -2.361216e+01
  -23.355758 -2.309945e+01 -2.284322e+01 -2.258706e+01 -2.233096e+01 -2.207491e+01 -2.181891e+01 -2.156294e+01
  -21.306992 -2.105107e+01 -2.079516e+01 -2.053927e+01 -2.028338e+01 2.030774e-07 3.823831e+00 1.518450e+01
    6.736000 4.607491e+01 1.000000e+00    19.004004 -3.742469e+01 -3.716884e+01 -3.691300e+01 -3.665716e+01 -3.640131e+01 -3.614547e+01 -3.588963e+01
  -35.633786 -3.537794e+01 -3.512210e+01 -3.486626e+01 -3.489810e+01 -3.464225e+01 -3.432212e+01 -3.401131e+01
  -33.714894 -3.342873e+01 -3.315002e+01 -3.287683e+01 -3.260776e+01 -3.234179e+01 -3.207818e+01 -3.181637e+01
  -31.572088 -3.131263e+01 -3.105400e+01 -3.079599e+01 -3.053847e+01 -3.028132e+01 -3.002446e+01 -2.976782e+01
  -29.511333 -2.925497e+01 -2.899870e+01 -2.874249e+01 -2.848631e+01 -2.823015e+01 -2.797399e+01 -2.771781e+01
  -27.461593 -2.720532e+01 -2.694899e+01 -2.669257e+01 -2.643607e+01 -2.617948e+01 -2.592280e+01 -2.566604e+01
  -25.409224 -2.515238e+01 -2.489553e+01 -2.463871e+01 -2.438194e+01 -2.412526e+01 -2.386866e+01 -2.361216e+01
  -23.355758 -2.309945e+01 -2.284322e+01 -2.258706e+01 -2.233096e+01 -2.207491e+01 -2.181891e+01 -2.156294e+01
  -21.306992 -2.105107e+01 -2.079516e+01 -2.053927e+01 -2.028338e+01 -2.002751e+01 7.492696e-08 3.970308e+00
   16.342680 6.883982e+00 4.807857e+01 1.000000e+00    19.004004 -3.742469e+01 -3.716884e+01 -3.691300e+01 -3.665716e+01 -3.640131e+01 -3.614547e+01 -3.588963e+01
  -35.633786 -3.537794e+01 -3.512210e+01 -3.486626e+01 -3.489810e+01 -3.464225e+01 -3.432212e+01 -3.401131e+01
  -33.714894 -3.342873e+01 -3.315002e+01 -3.287683e+01 -3.260776e+01 -3.234179e+01 -3.207818e+01 -3.181637e+01
  -31.572088 -3.131263e+01 -3.105400e+01 -3.079599e+01 -3.053847e+01 -3.028132e+01 -3.002446e+01 -2.976782e+01
  -29.511333 -2.925497e+01 -2.899870e+01 -2.874249e+01 -2.848631e+01 -2.823015e+01 -2.797399e+01 -2.771781e+01
  -27.461593 -2.720532e+01 -2.694899e+01 -2.669257e+01 -2.643607e+01 -2.617948e+01 -2.592280e+01 -2.566604e+01
  -25.409224 -2.515238e+01 -2.489553e+01 -2.463871e+01 -2.438194e+01 -2.412526e+01 -2.386866e+01 -2.361216e+01
  -23.355758 -2.309945e+01 -2.284322e+01 -2.258706e+01 -2.233096e+01 -2.207491e+01 -2.181891e+01 -2.156294e+01
  -21.306992 -2.105107e+01 -2.079516e+01 -2.053927e+01 -2.028338e+01 -2.002751e+01 -1.977164e+01 2.661918e-08
    4.118821 1.754330e+01 7.030328e+00 5.008637e+01 1.000000e+00    19.004004 -3.742469e+01 -3.716884e+01 -3.691300e+01 -3.665716e+01 -3.640131e+01 -3.614547e+01 -3.588963e+01
  -35.633786 -3.537794e+01 -3.512210e+01 -3.486626e+01 -3.489810e+01 -3.464225e+01 -3.432212e+01 -3.401131e+01
  -33.714894 -3.342873e+01 -3.315002e+01 -3.287683e+01 -3.260776e+01 -3.234179e+01 -3.207818e+01 -3.181637e+01
  -31.572088 -3.131263e+01 -3.105400e+01 -3.079599e+01 -3.053847e+01 -3.028132e+01 -3.002446e+01 -2.976782e+01
  -29.511333 -2.925497e+01 -2.899870e+01 -2.874249e+01 -2.848631e+01 -2.823015e+01 -2.797399e+01 -2.771781e+01
  -27.461593 -2.720532e+01 -2.694899e+01 -2.669257e+01 -2.643607e+01 -2.617948e+01 -2.592280e+01 -2.566604e+01
  -25.409224 -2.515238e+01 -2.489553e+01 -2.463871e+01 -2.438194e+01 -2.412526e+01 -2.386866e+01 -2.361216e+01
  -23.355758 -2.309945e+01 -2.284322e+01 -2.258706e+01 -2.233096e+01 -2.207491e+01 -2.181891e+01 -2.156294e+01
  -21.306992 -2.105107e+01 -2.079516e+01 -2.053927e+01 -2.028338e+01 -2.002751e+01 -1.977164e+01 -1.951578e+01
    0.000000 4.265000e+00 1.875177e+01 7.170392e+00 5.203067e+01 1.000000e+00    19.004004 -3.742469e+01 -3.716884e+01 -3.691300e+01 -3.665716e+01 -3.640131e+01 -3.614547e+01 -3.588963e+01
  -35.633786 -3.537794e+01 -3.512210e+01 -3.486626e+01 -3.489810e+01 -3.464225e+01 -3.432212e+01 -3.401131e+01
  -33.714894 -3.342873e+01 -3.315002e+01 -3.287683e+01 -3.260776e+01 -3.234179e+01 -3.207818e+01 -3.181637e+01
  -31.572088 -3.131263e+01 -3.105400e+01 -3.079599e+01 -3.053847e+01 -3.028132e+01 -3.002446e+01 -2.976782e+01
  -29.511333 -2.925497e+01 -2.899870e+01 -2.874249e+01 -2.848631e+01 -2.823015e+01 -2.797399e+01 -2.771781e+01
  -27.461593 -2.720532e+01 -2.694899e+01 -2.669257e+01 -2.643607e+01 -2.617948e+01 -2.592280e+01 -2.566604e+01
  -25.409224 -2.515238e+01 -2.489553e+01 -2.463871e+01 -2.438194e+01 -2.412526e+01 -2.386866e+01 -2.361216e+01
  -23.355758 -2.309945e+01 -2.284322e+01 -2.258706e+01 -2.233096e+01 -2.207491e+01 -2.181891e+01 -2.156294e+01
  -21.306992 -2.105107e+01 -2.079516e+01 -2.053927e+01 -2.028338e+01 -2.002751e+01 -1.977164e+01 -1.951578e+01
  -19.259916 3.003114e-09 4.405111e+00 1.993706e+01 7.300064e+00 5.384974e+01 1.000000e+00    19.004004 -3.742469e+01 -3.716884e+01 -3.691300e+01 -3.665716e+01 -3.640131e+01 -3.614547e+01 -3.588963e+01
  -35.633786 -3.537794e+01 -3.512210e+01 -3.486626e+01 -3.489810e+01 -3.464225e+01 -3.432212e+01 -3.401131e+01
  -33.714894 -3.342873e+01 -3.315002e+01 -3.287683e+01 -3.260776e+01 -3.234179e+01 -3.207818e+01 -3.181637e+01
  -31.572088 -3.131263e+01 -3.105400e+01 -3.079599e+01 -3.053847e+01 -3.028132e+01 -3.002446e+01 -2.976782e+01
  -29.511333 -2.925497e+01 -2.899870e+01 -2.874249e+01 -2.848631e+01 -2.823015e+01 -2.797399e+01 -2.771781e+01
  -27.461593 -2.720532e+01 -2.694899e+01 -2.669257e+01 -2.643607e+01 -2.617948e+01 -2.592280e+01 -2.566604e+01
  -25.409224 -2.515238e+01 -2.489553e+01 -2.463871e+01 -2.438194e+01 -2.412526e+01 -2.386866e+01 -2.361216e+01
  -23.355758 -2.309945e+01 -2.284322e+01 -2.258706e+01 -2.233096e+01 -2.207491e+01 -2.181891e+01 -2.156294e+01
  -21.306992 -2.105107e+01 -2.079516e+01 -2.053927e+01 -2.028338e+01 -2.002751e+01 -1.977164e+01 -1.951578e+01
  -19.259916 -1.900406e+01 9.565153e-10 4.536704e+00 2.107771e+01 7.416398e+00 5.549709e+01 1.000000e+00
   19.004004 -3.742469e+01 -3.716884e+01 -3.691300e+01 -3.665716e+01 -3.640131e+01 -3.614547e+01 -3.588963e+01
  -35.633786 -3.537794e+01 -3.512210e+01 -3.486626e+01 -3.489810e+01 -3.464225e+01 -3.432212e+01 -3.401131e+01
  -33.714894 -3.342873e+01 -3.315002e+01 -3.287683e+01 -3.260776e+01 -3.234179e+01 -3.207818e+01 -3.181637e+01
  -31.572088 -3.131263e+01 -3.105400e+01 -3.079599e+01 -3.053847e+01 -3.028132e+01 -3.002446e+01 -2.976782e+01
  -29.511333 -2.925497e+01 -2.899870e+01 -2.874249e+01 -2.848631e+01 -2.823015e+01 -2.797399e+01 -2.771781e+01
  -27.461593 -2.720532e+01 -2.694899e+01 -2.669257e+01 -2.643607e+01 -2.617948e+01 -2.592280e+01 -2.566604e+01
  -25.409224 -2.515238e+01 -2.489553e+01 -2.463871e+01 -2.438194e+01 -2.412526e+01 -2.386866e+01 -2.361216e+01
  -23.355758 -2.309945e+01 -2.284322e+01 -2.258706e+01 -2.233096e+01 -2.207491e+01 -2.181891e+01 -2.156294e+01
  -21.306992 -2.105107e+01 -2.079516e+01 -2.053927e+01 -2.028338e+01 -2.002751e+01 -1.977164e+01 -1.951578e+01
  -19.259916 -1.900406e+01 -1.874821e+01 2.949276e-10 4.658917e+00 2.216526e+01 7.517864e+00 5.694592e+01
    1.000000    19.004004 -3.742469e+01 -3.716884e+01 -3.691300e+01 -3.665716e+01 -3.640131e+01 -3.614547e+01 -3.588963e+01
  -35.633786 -3.537794e+01 -3.512210e+01 -3.486626e+01 -3.489810e+01 -3.464225e+01 -3.432212e+01 -3.401131e+01
  -33.714894 -3.342873e+01 -3.315002e+01 -3.287683e+01 -3.260776e+01 -3.234179e+01 -3.207818e+01 -3.181637e+01
  -31.572088 -3.131263e+01 -3.105400e+01 -3.079599e+01 -3.053847e+01 -3.028132e+01 -3.002446e+01 -2.976782e+01
  -29.511333 -2.925497e+01 -2.899870e+01 -2.874249e+01 -2.848631e+01 -2.823015e+01 -2.797399e+01 -2.771781e+01
  -27.461593 -2.720532e+01 -2.694899e+01 -2.669257e+01 -2.643607e+01 -2.617948e+01 -2.592280e+01 -2.566604e+01
  -25.409224 -2.515238e+01 -2.489553e+01 -2.463871e+01 -2.438194e+01 -2.412526e+01 -2.386866e+01 -2.361216e+01
  -23.355758 -2.309945e+01 -2.284322e+01 -2.258706e+01 -2.233096e+01 -2.207491e+01 -2.181891e+01 -2.156294e+01
  -21.306992 -2.105107e+01 -2.079516e+01 -2.053927e+01 -2.028338e+01 -2.002751e+01 -1.977164e+01 -1.951578e+01
  -19.259916 -1.900406e+01 -1.874821e+01 -1.849235e+01 8.823892e-11 4.772420e+00 2.320477e+01 7.604258e+00
   58.188563 1.000000e+00    19.004004 -3.742469e+01 -3.716884e+01 -3.691300e+01 -3.665716e+01 -3.640131e+01 -3.614547e+01 -3.588963e+01
  -35.633786 -3.537794e+01 -3.512210e+01 -3.486626e+01 -3.489810e+01 -3.464225e+01 -3.432212e+01 -3.401131e+01
  -33.714894 -3.342873e+01 -3.315002e+01 -3.287683e+01 -3.260776e+01 -3.234179e+01 -3.207818e+01 -3.181637e+01
  -31.572088 -3.131263e+01 -3.105400e+01 -3.079599e+01 -3.053847e+01 -3.028132e+01 -3.002446e+01 -2.976782e+01
  -29.511333 -2.925497e+01 -2.899870e+01 -2.874249e+01 -2.848631e+01 -2.823015e+01 -2.797399e+01 -2.771781e+01
  -27.461593 -2.720532e+01 -2.694899e+01 -2.669257e+01 -2.643607e+01 -2.617948e+01 -2.592280e+01 -2.566604e+01
  -25.409224 -2.515238e+01 -2.489553e+01 -2.463871e+01 -2.438194e+01 -2.412526e+01 -2.386866e+01 -2.361216e+01
  -23.355758 -2.309945e+01 -2.284322e+01 -2.258706e+01 -2.233096e+01 -2.207491e+01 -2.181891e+01 -2.156294e+01
  -21.306992 -2.105107e+01 -2.079516e+01 -2.053927e+01 -2.028338e+01 -2.002751e+01 -1.977164e+01 -1.951578e+01
  -19.259916 -1.900406e+01 -1.874821e+01 -1.849235e+01 -1.823650e+01 2.566829e-11 4.879125e+00 2.421304e+01
    7.676384 5.923254e+01 1.000000e+00    19.004004 -3.742469e+01 -3.716884e+01 -3.691300e+01 -3.665716e+01 -3.640131e+01 -3.614547e+01 -3.588963e+01
  -35.633786 -3.537794e+01 -3.512210e+01 -3.486626e+01 -3.489810e+01 -3.464225e+01 -3.432212e+01 -3.401131e+01
  -33.714894 -3.342873e+01 -3.315002e+01 -3.287683e+01 -3.260776e+01 -3.234179e+01 -3.207818e+01 -3.181637e+01
  -31.572088 -3.131263e+01 -3.105400e+01 -3.079599e+01 -3.053847e+01 -3.028132e+01 -3.002446e+01 -2.976782e+01
  -29.511333 -2.925497e+01 -2.899870e+01 -2.874249e+01 -2.848631e+01 -2.823015e+01 -2.797399e+01 -2.771781e+01
  -27.461593 -2.720532e+01 -2.694899e+01 -2.669257e+01 -2.643607e+01 -2.617948e+01 -2.592280e+01 -2.566604e+01
  -25.409224 -2.515238e+01 -2.489553e+01 -2.463871e+01 -2.438194e+01 -2.412526e+01 -2.386866e+01 -2.361216e+01
  -23.355758 -2.309945e+01 -2.284322e+01 -2.258706e+01 -2.233096e+01 -2.207491e+01 -2.181891e+01 -2.156294e+01
  -21.306992 -2.105107e+01 -2.079516e+01 -2.053927e+01 -2.028338e+01 -2.002751e+01 -1.977164e+01 -1.951578e+01
  -19.259916 -1.900406e+01 -1.874821e+01 -1.849235e+01 -1.823650e+01 -1.798065e+01 7.269973e-12 4.981797e+00
   25.215858 7.735676e+00 6.009539e+01 1.000000e+00    19.004004 -3.742469e+01 -3.716884e+01 -3.691300e+01 -3.665716e+01 -3.640131e+01 -3.614547e+01 -3.588963e+01
  -35.633786 -3.537794e+01 -3.512210e+01 -3.486626e+01 -3.489810e+01 -3.464225e+01 -3.432212e+01 -3.401131e+01
  -33.714894 -3.342873e+01 -3.315002e+01 -3.287683e+01 -3.260776e+01 -3.234179e+01 -3.207818e+01 -3.181637e+01
  -31.572088 -3.131263e+01 -3.105400e+01 -3.079599e+01 -3.053847e+01 -3.028132e+01 -3.002446e+01 -2.976782e+01
  -29.511333 -2.925497e+01 -2.899870e+01 -2.874249e+01 -2.848631e+01 -2.823015e+01 -2.797399e+01 -2.771781e+01
  -27.461593 -2.720532e+01 -2.694899e+01 -2.669257e+01 -2.643607e+01 -2.617948e+01 -2.592280e+01 -2.566604e+01
  -25.409224 -2.515238e+01 -2.489553e+01 -2.463871e+01 -2.438194e+01 -2.412526e+01 -2.386866e+01 -2.361216e+01
  -23.355758 -2.309945e+01 -2.284322e+01 -2.258706e+01 -2.233096e+01 -2.207491e+01 -2.181891e+01 -2.156294e+01
  -21.306992 -2.105107e+01 -2.079516e+01 -2.053927e+01 -2.028338e+01 -2.002751e+01 -1.977164e+01 -1.951578e+01
  -19.259916 -1.900406e+01 -1.874821e+01 -1.849235e+01 -1.823650e+01 -1.798065e+01 -1.772481e+01 2.006034e-12
    5.083674 2.624478e+01 7.783865e+00 6.079983e+01 1.000000e+00    19.004004 -3.742469e+01 -3.716884e+01 -3.691300e+01 -3.665716e+01 -3.640131e+01 -3.614547e+01 -3.588963e+01
  -35.633786 -3.537794e+01 -3.512210e+01 -3.486626e+01 -3.489810e+01 -3.464225e+01 -3.432212e+01 -3.401131e+01
  -33.714894 -3.342873e+01 -3.315002e+01 -3.287683e+01 -3.260776e+01 -3.234179e+01 -3.207818e+01 -3.181637e+01
  -31.572088 -3.131263e+01 -3.105400e+01 -3.079599e+01 -3.053847e+01 -3.028132e+01 -3.002446e+01 -2.976782e+01
  -29.511333 -2.925497e+01 -2.899870e+01 -2.874249e+01 -2.848631e+01 -2.823015e+01 -2.797399e+01 -2.771781e+01
  -27.461593 -2.720532e+01 -2.694899e+01 -2.669257e+01 -2.643607e+01 -2.617948e+01 -2.592280e+01 -2.566604e+01
  -25.409224 -2.515238e+01 -2.489553e+01 -2.463871e+01 -2.438194e+01 -2.412526e+01 -2.386866e+01 -2.361216e+01
  -23.355758 -2.309945e+01 -2.284322e+01 -2.258706e+01 -2.233096e+01 -2.207491e+01 -2.181891e+01 -2.156294e+01
  -21.306992 -2.105107e+01 -2.079516e+01 -2.053927e+01 -2.028338e+01 -2.002751e+01 -1.977164e+01 -1.951578e+01
  -19.259916 -1.900406e+01 -1.874821e+01 -1.849235e+01 -1.823650e+01 -1.798065e+01 -1.772481e+01 -1.746896e+01
    0.000000 5.188127e+00 2.733425e+01 7.822729e+00 6.137011e+01 1.000000e+00    19.004004 -3.742469e+01 -3.716884e+01 -3.691300e+01 -3.665716e+01 -3.640131e+01 -3.614547e+01 -3.588963e+01
  -35.633786 -3.537794e+01 -3.512210e+01 -3.486626e+01 -3.489810e+01 -3.464225e+01 -3.432212e+01 -3.401131e+01
  -33.714894 -3.342873e+01 -3.315002e+01 -3.287683e+01 -3.260776e+01 -3.234179e+01 -3.207818e+01 -3.181637e+01
  -31.572088 -3.131263e+01 -3.105400e+01 -3.079599e+01 -3.053847e+01 -3.028132e+01 -3.002446e+01 -2.976782e+01
  -29.511333 -2.925497e+01 -2.899870e+01 -2.874249e+01 -2.848631e+01 -2.823015e+01 -2.797399e+01 -2.771781e+01
  -27.461593 -2.720532e+01 -2.694899e+01 -2.669257e+01 -2.643607e+01 -2.617948e+01 -2.592280e+01 -2.566604e+01
  -25.409224 -2.515238e+01 -2.489553e+01 -2.463871e+01 -2.438194e+01 -2.412526e+01 -2.386866e+01 -2.361216e+01
  -23.355758 -2.309945e+01 -2.284322e+01 -2.258706e+01 -2.233096e+01 -2.207491e+01 -2.181891e+01 -2.156294e+01
  -21.306992 -2.105107e+01 -2.079516e+01 -2.053927e+01 -2.028338e+01 -2.002751e+01 -1.977164e+01 -1.951578e+01
  -19.259916 -1.900406e+01 -1.874821e+01 -1.849235e+01 -1.823650e+01 -1.798065e+01 -1.772481e+01 -1.746896e+01
  -17.213115 1.409911e-13 5.298370e+00 2.851876e+01 7.853944e+00 6.182959e+01 1.000000e+00    19.004004 -3.742469e+01 -3.716884e+01 -3.691300e+01 -3.665716e+01 -3.640131e+01 -3.614547e+01 -3.588963e+01
  -35.633786 -3.537794e+01 -3.512210e+01 -3.486626e+01 -3.489810e+01 -3.464225e+01 -3.432212e+01 -3.401131e+01
  -33.714894 -3.342873e+01 -3.315002e+01 -3.287683e+01 -3.260776e+01 -3.234179e+01 -3.207818e+01 -3.181637e+01
  -31.572088 -3.131263e+01 -3.105400e+01 -3.079599e+01 -3.053847e+01 -3.028132e+01 -3.002446e+01 -2.976782e+01
  -29.511333 -2.925497e+01 -2.899870e+01 -2.874249e+01 -2.848631e+01 -2.823015e+01 -2.797399e+01 -2.771781e+01
  -27.461593 -2.720532e+01 -2.694899e+01 -2.669257e+01 -2.643607e+01 -2.617948e+01 -2.592280e+01 -2.566604e+01
  -25.409224 -2.515238e+01 -2.489553e+01 -2.463871e+01 -2.438194e+01 -2.412526e+01 -2.386866e+01 -2.361216e+01
  -23.355758 -2.309945e+01 -2.284322e+01 -2.258706e+01 -2.233096e+01 -2.207491e+01 -2.181891e+01 -2.156294e+01
  -21.306992 -2.105107e+01 -2.079516e+01 -2.053927e+01 -2.028338e+01 -2.002751e+01 -1.977164e+01 -1.951578e+01
  -19.259916 -1.900406e+01 -1.874821e+01 -1.849235e+01 -1.823650e+01 -1.798065e+01 -1.772481e+01 -1.746896e+01
  -17.213115 -1.695727e+01 3.580702e-14 5.417189e+00 2.983012e+01 7.879002e+00 6.219940e+01 1.000000e+00
   19.004004 -3.742469e+01 -3.716884e+01 -3.691300e+01 -3.665716e+01 -3.640131e+01 -3.614547e+01 -3.588963e+01
  -35.633786 -3.537794e+01 -3.512210e+01 -3.486626e+01 -3.489810e+01 -3.464225e+01 -3.432212e+01 -3.401131e+01
  -33.714894 -3.342873e+01 -3.315002e+01 -3.287683e+01 -3.260776e+01 -3.234179e+01 -3.207818e+01 -3.181637e+01
  -31.572088 -3.131263e+01 -3.105400e+01 -3.079599e+01 -3.053847e+01 -3.028132e+01 -3.002446e+01 -2.976782e+01
  -29.511333 -2.925497e+01 -2.899870e+01 -2.874249e+01 -2.848631e+01 -2.823015e+01 -2.797399e+01 -2.771781e+01
  -27.461593 -2.720532e+01 -2.694899e+01 -2.669257e+01 -2.643607e+01 -2.617948e+01 -2.592280e+01 -2.566604e+01
  -25.409224 -2.515238e+01 -2.489553e+01 -2.463871e+01 -2.438194e+01 -2.412526e+01 -2.386866e+01 -2.361216e+01
  -23.355758 -2.309945e+01 -2.284322e+01 -2.258706e+01 -2.233096e+01 -2.207491e+01 -2.181891e+01 -2.156294e+01
  -21.306992 -2.105107e+01 -2.079516e+01 -2.053927e+01 -2.028338e+01 -2.002751e+01 -1.977164e+01 -1.951578e+01
  -19.259916 -1.900406e+01 -1.874821e+01 -1.849235e+01 -1.823650e+01 -1.798065e+01 -1.772481e+01 -1.746896e+01
  -17.213115 -1.695727e+01 -1.670143e+01 8.809802e-15 5.546684e+00 3.129461e+01 7.899180e+00 6.249787e+01
    1.000000    19.004004 -3.742469e+01 -3.716884e+01 -3.691300e+01 -3.665716e+01 -3.640131e+01 -3.614547e+01 -3.588963e+01
  -35.633786 -3.537794e+01 -3.512210e+01 -3.486626e+01 -3.489810e+01 -3.464225e+01 -3.432212e+01 -3.401131e+01
  -33.714894 -3.342873e+01 -3.315002e+01 -3.287683e+01 -3.260776e+01 -3.234179e+01 -3.207818e+01 -3.181637e+01
  -31.572088 -3.131263e+01 -3.105400e+01 -3.079599e+01 -3.053847e+01 -3.028132e+01 -3.002446e+01 -2.976782e+01
  -29.511333 -2.925497e+01 -2.899870e+01 -2.874249e+01 -2.848631e+01 -2.823015e+01 -2.797399e+01 -2.771781e+01
  -27.461593 -2.720532e+01 -2.694899e+01 -2.669257e+01 -2.643607e+01 -2.617948e+01 -2.592280e+01 -2.566604e+01
  -25.409224 -2.515238e+01 -2.489553e+01 -2.463871e+01 -2.438194e+01 -2.412526e+01 -2.386866e+01 -2.361216e+01
  -23.355758 -2.309945e+01 -2.284322e+01 -2.258706e+01 -2.233096e+01 -2.207491e+01 -2.181891e+01 -2.156294e+01
  -21.306992 -2.105107e+01 -2.079516e+01 -2.053927e+01 -2.028338e+01 -2.002751e+01 -1.977164e+01 -1.951578e+01
  -19.259916 -1.900406e+01 -1.874821e+01 -1.849235e+01 -1.823650e+01 -1.798065e+01 -1.772481e+01 -1.746896e+01
  -17.213115 -1.695727e+01 -1.670143e+01 -1.644558e+01 2.093743e-15 5.688047e+00 3.293013e+01 7.915544e+00
   62.740351 1.000000e+00    19.004004 -3.742469e+01 -3.716884e+01 -3.691300e+01 -3.665716e+01 -3.640131e+01 -3.614547e+01 -3.588963e+01
  -35.633786 -3.537794e+01 -3.512210e+01 -3.486626e+01 -3.489810e+01 -3.464225e+01 -3.432212e+01 -3.401131e+01
  -33.714894 -3.342873e+01 -3.315002e+01 -3.287683e+01 -3.260776e+01 -3.234179e+01 -3.207818e+01 -3.181637e+01
  -31.572088 -3.131263e+01 -3.105400e+01 -3.079599e+01 -3.053847e+01 -3.028132e+01 -3.002446e+01 -2.976782e+01
  -29.511333 -2.925497e+01 -2.899870e+01 -2.874249e+01 -2.848631e+01 -2.823015e+01 -2.797399e+01 -2.771781e+01
  -27.461593 -2.720532e+01 -2.694899e+01 -2.669257e+01 -2.643607e+01 -2.617948e+01 -2.592280e+01 -2.566604e+01
  -25.409224 -2.515238e+01 -2.489553e+01 -2.463871e+01 -2.438194e+01 -2.412526e+01 -2.386866e+01 -2.361216e+01
  -23.355758 -2.309945e+01 -2.284322e+01 -2.258706e+01 -2.233096e+01 -2.207491e+01 -2.181891e+01 -2.156294e+01
  -21.306992 -2.105107e+01 -2.079516e+01 -2.053927e+01 -2.028338e+01 -2.002751e+01 -1.977164e+01 -1.951578e+01
  -19.259916 -1.900406e+01 -1.874821e+01 -1.849235e+01 -1.823650e+01 -1.798065e+01 -1.772481e+01 -1.746896e+01
  -17.213115 -1.695727e+01 -1.670143e+01 -1.644558e+01 -1.618974e+01 4.791864e-16 5.841386e+00 3.474355e+01
    7.928952 6.293938e+01 1.000000e+00    19.004004 -3.742469e+01 -3.716884e+01 -3.691300e+01 -3.665716e+01 -3.640131e+01 -3.614547e+01 -3.588963e+01
  -35.633786 -3.537794e+01 -3.512210e+01 -3.486626e+01 -3.489810e+01 -3.464225e+01 -3.432212e+01 -3.401131e+01
  -33.714894 -3.342873e+01 -3.315002e+01 -3.287683e+01 -3.260776e+01 -3.234179e+01 -3.207818e+01 -3.181637e+01
  -31.572088 -3.131263e+01 -3.105400e+01 -3.079599e+01 -3.053847e+01 -3.028132e+01 -3.002446e+01 -2.976782e+01
  -29.511333 -2.925497e+01 -2.899870e+01 -2.874249e+01 -2.848631e+01 -2.823015e+01 -2.797399e+01 -2.771781e+01
  -27.461593 -2.720532e+01 -2.694899e+01 -2.669257e+01 -2.643607e+01 -2.617948e+01 -2.592280e+01 -2.566604e+01
  -25.409224 -2.515238e+01 -2.489553e+01 -2.463871e+01 -2.438194e+01 -2.412526e+01 -2.386866e+01 -2.361216e+01
  -23.355758 -2.309945e+01 -2.284322e+01 -2.258706e+01 -2.233096e+01 -2.207491e+01 -2.181891e+01 -2.156294e+01
  -21.306992 -2.105107e+01 -2.079516e+01 -2.053927e+01 -2.028338e+01 -2.002751e+01 -1.977164e+01 -1.951578e+01
  -19.259916 -1.900406e+01 -1.874821e+01 -1.849235e+01 -1.823650e+01 -1.798065e+01 -1.772481e+01 -1.746896e+01
  -17.213115 -1.695727e+01 -1.670143e+01 -1.644558e+01 -1.618974e+01 -1.593389e+01 1.052996e-16 6.005647e+00
   36.728680 7.940082e+00 6.310484e+01 1.000000e+00    19.004004 -3.742469e+01 -3.716884e+01 -3.691300e+01 -3.665716e+01 -3.640131e+01 -3.614547e+01 -3.588963e+01
  -35.633786 -3.537794e+01 -3.512210e+01 -3.486626e+01 -3.489810e+01 -3.464225e+01 -3.432212e+01 -3.401131e+01
  -33.714894 -3.342873e+01 -3.315002e+01 -3.287683e+01 -3.260776e+01 -3.234179e+01 -3.207818e+01 -3.181637e+01
  -31.572088 -3.131263e+01 -3.105400e+01 -3.079599e+01 -3.053847e+01 -3.028132e+01 -3.002446e+01 -2.976782e+01
  -29.511333 -2.925497e+01 -2.899870e+01 -2.874249e+01 -2.848631e+01 -2.823015e+01 -2.797399e+01 -2.771781e+01
  -27.461593 -2.720532e+01 -2.694899e+01 -2.669257e+01 -2.643607e+01 -2.617948e+01 -2.592280e+01 -2.566604e+01
  -25.409224 -2.515238e+01 -2.489553e+01 -2.463871e+01 -2.438194e+01 -2.412526e+01 -2.386866e+01 -2.361216e+01
  -23.355758 -2.309945e+01 -2.284322e+01 -2.258706e+01 -2.233096e+01 -2.207491e+01 -2.181891e+01 -2.156294e+01
  -21.306992 -2.105107e+01 -2.079516e+01 -2.053927e+01 -2.028338e+01 -2.002751e+01 -1.977164e+01 -1.951578e+01
  -19.259916 -1.900406e+01 -1.874821e+01 -1.849235e+01 -1.823650e+01 -1.798065e+01 -1.772481e+01 -1.746896e+01
  -17.213115 -1.695727e+01 -1.670143e+01 -1.644558e+01 -1.618974e+01 -1.593389e+01 -1.567805e+01 2.216089e-17
    6.178654 3.886527e+01 7.949452e+00 6.324432e+01 1.000000e+00    19.004004 -3.742469e+01 -3.716884e+01 -3.691300e+01 -3.665716e+01 -3.640131e+01 -3.614547e+01 -3.588963e+01
  -35.633786 -3.537794e+01 -3.512210e+01 -3.486626e+01 -3.489810e+01 -3.464225e+01 -3.432212e+01 -3.401131e+01
  -33.714894 -3.342873e+01 -3.315002e+01 -3.287683e+01 -3.260776e+01 -3.234179e+01 -3.207818e+01 -3.181637e+01
  -31.572088 -3.131263e+01 -3.105400e+01 -3.079599e+01 -3.053847e+01 -3.028132e+01 -3.002446e+01 -2.976782e+01
  -29.511333 -2.925497e+01 -2.899870e+01 -2.874249e+01 -2.848631e+01 -2.823015e+01 -2.797399e+01 -2.771781e+01
  -27.461593 -2.720532e+01 -2.694899e+01 -2.669257e+01 -2.643607e+01 -2.617948e+01 -2.592280e+01 -2.566604e+01
  -25.409224 -2.515238e+01 -2.489553e+01 -2.463871e+01 -2.438194e+01 -2.412526e+01 -2.386866e+01 -2.361216e+01
  -23.355758 -2.309945e+01 -2.284322e+01 -2.258706e+01 -2.233096e+01 -2.207491e+01 -2.181891e+01 -2.156294e+01
  -21.306992 -2.105107e+01 -2.079516e+01 -2.053927e+01 -2.028338e+01 -2.002751e+01 -1.977164e+01 -1.951578e+01
  -19.259916 -1.900406e+01 -1.874821e+01 -1.849235e+01 -1.823650e+01 -1.798065e+01 -1.772481e+01 -1.746896e+01
  -17.213115 -1.695727e+01 -1.670143e+01 -1.644558e+01 -1.618974e+01 -1.593389e+01 -1.567805e+01 -1.542221e+01
    0.000000 6.357282e+00 4.111941e+01 7.957440e+00 6.336336e+01 1.000000e+00    19.004004 -3.742469e+01 -3.716884e+01 -3.691300e+01 -3.665716e+01 -3.640131e+01 -3.614547e+01 -3.588963e+01
  -35.633786 -3.537794e+01 -3.512210e+01 -3.486626e+01 -3.489810e+01 -3.464225e+01 -3.432212e+01 -3.401131e+01
  -33.714894 -3.342873e+01 -3.315002e+01 -3.287683e+01 -3.260776e+01 -3.234179e+01 -3.207818e+01 -3.181637e+01
  -31.572088 -3.131263e+01 -3.105400e+01 -3.079599e+01 -3.053847e+01 -3.028132e+01 -3.002446e+01 -2.976782e+01
  -29.511333 -2.925497e+01 -2.899870e+01 -2.874249e+01 -2.848631e+01 -2.823015e+01 -2.797399e+01 -2.771781e+01
  -27.461593 -2.720532e+01 -2.694899e+01 -2.669257e+01 -2.643607e+01 -2.617948e+01 -2.592280e+01 -2.566604e+01
  -25.409224 -2.515238e+01 -2.489553e+01 -2.463871e+01 -2.438194e+01 -2.412526e+01 -2.386866e+01 -2.361216e+01
  -23.355758 -2.309945e+01 -2.284322e+01 -2.258706e+01 -2.233096e+01 -2.207491e+01 -2.181891e+01 -2.156294e+01
  -21.306992 -2.105107e+01 -2.079516e+01 -2.053927e+01 -2.028338e+01 -2.002751e+01 -1.977164e+01 -1.951578e+01
  -19.259916 -1.900406e+01 -1.874821e+01 -1.849235e+01 -1.823650e+01 -1.798065e+01 -1.772481e+01 -1.746896e+01
  -17.213115 -1.695727e+01 -1.670143e+01 -1.644558e+01 -1.618974e+01 -1.593389e+01 -1.567805e+01 -1.542221e+01
  -15.166364 8.566182e-19 6.537732e+00 4.344549e+01 7.964312e+00 6.346590e+01 1.000000e+00    19.004004 -3.742469e+01 -3.716884e+01 -3.691300e+01 -3.665716e+01 -3.640131e+01 -3.614547e+01 -3.588963e+01
  -35.633786 -3.537794e+01 -3.512210e+01 -3.486626e+01 -3.489810e+01 -3.464225e+01 -3.432212e+01 -3.401131e+01
  -33.714894 -3.342873e+01 -3.315002e+01 -3.287683e+01 -3.260776e+01 -3.234179e+01 -3.207818e+01 -3.181637e+01
  -31.572088 -3.131263e+01 -3.105400e+01 -3.079599e+01 -3.053847e+01 -3.028132e+01 -3.002446e+01 -2.976782e+01
  -29.511333 -2.925497e+01 -2.899870e+01 -2.874249e+01 -2.848631e+01 -2.823015e+01 -2.797399e+01 -2.771781e+01
  -27.461593 -2.720532e+01 -2.694899e+01 -2.669257e+01 -2.643607e+01 -2.617948e+01 -2.592280e+01 -2.566604e+01
  -25.409224 -2.515238e+01 -2.489553e+01 -2.463871e+01 -2.438194e+01 -2.412526e+01 -2.386866e+01 -2.361216e+01
  -23.355758 -2.309945e+01 -2.284322e+01 -2.258706e+01 -2.233096e+01 -2.207491e+01 -2.181891e+01 -2.156294e+01
  -21.306992 -2.105107e+01 -2.079516e+01 -2.053927e+01 -2.028338e+01 -2.002751e+01 -1.977164e+01 -1.951578e+01
  -19.259916 -1.900406e+01 -1.874821e+01 -1.849235e+01 -1.823650e+01 -1.798065e+01 -1.772481e+01 -1.746896e+01
  -17.213115 -1.695727e+01 -1.670143e+01 -1.644558e+01 -1.618974e+01 -1.593389e+01 -1.567805e+01 -1.542221e+01
  -15.166364 -1.491052e+01 1.571931e-19 6.715888e+00 4.578964e+01 7.970249e+00 6.355458e+01 1.000000e+00
   19.004004 -3.742469e+01 -3.716884e+01 -3.691300e+01 -3.665716e+01 -3.640131e+01 -3.614547e+01 -3.588963e+01
  -35.633786 -3.537794e+01 -3.512210e+01 -3.486626e+01 -3.489810e+01 -3.464225e+01 -3.432212e+01 -3.401131e+01
  -33.714894 -3.342873e+01 -3.315002e+01 -3.287683e+01 -3.260776e+01 -3.234179e+01 -3.207818e+01 -3.181637e+01
  -31.572088 -3.131263e+01 -3.105400e+01 -3.079599e+01 -3.053847e+01 -3.028132e+01 -3.002446e+01 -2.976782e+01
  -29.511333 -2.925497e+01 -2.899870e+01 -2.874249e+01 -2.848631e+01 -2.823015e+01 -2.797399e+01 -2.771781e+01
  -27.461593 -2.720532e+01 -2.694899e+01 -2.669257e+01 -2.643607e+01 -2.617948e+01 -2.592280e+01 -2.566604e+01
  -25.409224 -2.515238e+01 -2.489553e+01 -2.463871e+01 -2.438194e+01 -2.412526e+01 -2.386866e+01 -2.361216e+01
  -23.355758 -2.309945e+01 -2.284322e+01 -2.258706e+01 -2.233096e+01 -2.207491e+01 -2.181891e+01 -2.156294e+01
  -21.306992 -2.105107e+01 -2.079516e+01 -2.053927e+01 -2.028338e+01 -2.002751e+01 -1.977164e+01 -1.951578e+01
  -19.259916 -1.900406e+01 -1.874821e+01 -1.849235e+01 -1.823650e+01 -1.798065e+01 -1.772481e+01 -1.746896e+01
  -17.213115 -1.695727e+01 -1.670143e+01 -1.644558e+01 -1.618974e+01 -1.593389e+01 -1.567805e+01 -1.542221e+01
  -15.166364 -1.491052e+01 -1.465468e+01 2.758048e-20 6.887688e+00 4.809438e+01 7.975376e+00 6.363120e+01
    1.000000    19.004004 -3.742469e+01 -3.716884e+01 -3.691300e+01 -3.665716e+01 -3.640131e+01 -3.614547e+01 -3.588963e+01
  -35.633786 -3.537794e+01 -3.512210e+01 -3.486626e+01 -3.489810e+01 -3.464225e+01 -3.432212e+01 -3.401131e+01
  -33.714894 -3.342873e+01 -3.315002e+01 -3.287683e+01 -3.260776e+01 -3.234179e+01 -3.207818e+01 -3.181637e+01
  -31.572088 -3.131263e+01 -3.105400e+01 -3.079599e+01 -3.053847e+01 -3.028132e+01 -3.002446e+01 -2.976782e+01
  -29.511333 -2.925497e+01 -2.899870e+01 -2.874249e+01 -2.848631e+01 -2.823015e+01 -2.797399e+01 -2.771781e+01
  -27.461593 -2.720532e+01 -2.694899e+01 -2.669257e+01 -2.643607e+01 -2.617948e+01 -2.592280e+01 -2.566604e+01
  -25.409224 -2.515238e+01 -2.489553e+01 -2.463871e+01 -2.438194e+01 -2.412526e+01 -2.386866e+01 -2.361216e+01
  -23.355758 -2.309945e+01 -2.284322e+01 -2.258706e+01 -2.233096e+01 -2.207491e+01 -2.181891e+01 -2.156294e+01
  -21.306992 -2.105107e+01 -2.079516e+01 -2.053927e+01 -2.028338e+01 -2.002751e+01 -1.977164e+01 -1.951578e+01
  -19.259916 -1.900406e+01 -1.874821e+01 -1.849235e+01 -1.823650e+01 -1.798065e+01 -1.772481e+01 -1.746896e+01
  -17.213115 -1.695727e+01 -1.670143e+01 -1.644558e+01 -1.618974e+01 -1.593389e+01 -1.567805e+01 -1.542221e+01
  -15.166364 -1.491052e+01 -1.465468e+01 -1.439883e+01 4.636669e-21 7.049485e+00 5.030399e+01 7.979778e+00
   63.697038 1.000000e+00    19.004004 -3.742469e+01 -3.716884e+01 -3.691300e+01 -3.665716e+01 -3.640131e+01 -3.614547e+01 -3.588963e+01
  -35.633786 -3.537794e+01 -3.512210e+01 -3.486626e+01 -3.489810e+01 -3.464225e+01 -3.432212e+01 -3.401131e+01
  -33.714894 -3.342873e+01 -3.315002e+01 -3.287683e+01 -3.260776e+01 -3.234179e+01 -3.207818e+01 -3.181637e+01
  -31.572088 -3.131263e+01 -3.105400e+01 -3.079599e+01 -3.053847e+01 -3.028132e+01 -3.002446e+01 -2.976782e+01
  -29.511333 -2.925497e+01 -2.899870e+01 -2.874249e+01 -2.848631e+01 -2.823015e+01 -2.797399e+01 -2.771781e+01
  -27.461593 -2.720532e+01 -2.694899e+01 -2.669257e+01 -2.643607e+01 -2.617948e+01 -2.592280e+01 -2.566604e+01
  -25.409224 -2.515238e+01 -2.489553e+01 -2.463871e+01 -2.438194e+01 -2.412526e+01 -2.386866e+01 -2.361216e+01
  -23.355758 -2.309945e+01 -2.284322e+01 -2.258706e+01 -2.233096e+01 -2.207491e+01 -2.181891e+01 -2.156294e+01
  -21.306992 -2.105107e+01 -2.079516e+01 -2.053927e+01 -2.028338e+01 -2.002751e+01 -1.977164e+01 -1.951578e+01
  -19.259916 -1.900406e+01 -1.874821e+01 -1.849235e+01 -1.823650e+01 -1.798065e+01 -1.772481e+01 -1.746896e+01
  -17.213115 -1.695727e+01 -1.670143e+01 -1.644558e+01 -1.618974e+01 -1.593389e+01 -1.567805e+01 -1.542221e+01
  -15.166364 -1.491052e+01 -1.465468e+01 -1.439883e+01 -1.414299e+01 7.490809e-22 7.198343e+00 5.236972e+01
    7.983524 6.375311e+01 1.000000e+00    19.004004 -3.742469e+01 -3.716884e+01 -3.691300e+01 -3.665716e+01 -3.640131e+01 -3.614547e+01 -3.588963e+01
  -35.633786 -3.537794e+01 -3.512210e+01 -3.486626e+01 -3.489810e+01 -3.464225e+01 -3.432212e+01 -3.401131e+01
  -33.714894 -3.342873e+01 -3.315002e+01 -3.287683e+01 -3.260776e+01 -3.234179e+01 -3.207818e+01 -3.181637e+01
  -31.572088 -3.131263e+01 -3.105400e+01 -3.079599e+01 -3.053847e+01 -3.028132e+01 -3.002446e+01 -2.976782e+01
  -29.511333 -2.925497e+01 -2.899870e+01 -2.874249e+01 -2.848631e+01 -2.823015e+01 -2.797399e+01 -2.771781e+01
  -27.461593 -2.720532e+01 -2.694899e+01 -2.669257e+01 -2.643607e+01 -2.617948e+01 -2.592280e+01 -2.566604e+01
  -25.409224 -2.515238e+01 -2.489553e+01 -2.463871e+01 -2.438194e+01 -2.412526e+01 -2.386866e+01 -2.361216e+01
  -23.355758 -2.309945e+01 -2.284322e+01 -2.258706e+01 -2.233096e+01 -2.207491e+01 -2.181891e+01 -2.156294e+01
  -21.306992 -2.105107e+01 -2.079516e+01 -2.053927e+01 -2.028338e+01 -2.002751e+01 -1.977164e+01 -1.951578e+01
  -19.259916 -1.900406e+01 -1.874821e+01 -1.849235e+01 -1.823650e+01 -1.798065e+01 -1.772481e+01 -1.746896e+01
  -17.213115 -1.695727e+01 -1.670143e+01 -1.644558e+01 -1.618974e+01 -1.593389e+01 -1.567805e+01 -1.542221e+01
  -15.166364 -1.491052e+01 -1.465468e+01 -1.439883e+01 -1.414299e+01 -1.388715e+01 1.167156e-22 7.332232e+00
   54.254001 7.986680e+00 6.380036e+01 1.000000e+00    19.004004 -3.742469e+01 -3.716884e+01 -3.691300e+01 -3.665716e+01 -3.640131e+01 -3.614547e+01 -3.588963e+01
  -35.633786 -3.537794e+01 -3.512210e+01 -3.486626e+01 -3.489810e+01 -3.464225e+01 -3.432212e+01 -3.401131e+01
  -33.714894 -3.342873e+01 -3.315002e+01 -3.287683e+01 -3.260776e+01 -3.234179e+01 -3.207818e+01 -3.181637e+01
  -31.572088 -3.131263e+01 -3.105400e+01 -3.079599e+01 -3.053847e+01 -3.028132e+01 -3.002446e+01 -2.976782e+01
  -29.511333 -2.925497e+01 -2.899870e+01 -2.874249e+01 -2.848631e+01 -2.823015e+01 -2.797399e+01 -2.771781e+01
  -27.461593 -2.720532e+01 -2.694899e+01 -2.669257e+01 -2.643607e+01 -2.617948e+01 -2.592280e+01 -2.566604e+01
  -25.409224 -2.515238e+01 -2.489553e+01 -2.463871e+01 -2.438194e+01 -2.412526e+01 -2.386866e+01 -2.361216e+01
  -23.355758 -2.309945e+01 -2.284322e+01 -2.258706e+01 -2.233096e+01 -2.207491e+01 -2.181891e+01 -2.156294e+01
  -21.306992 -2.105107e+01 -2.079516e+01 -2.053927e+01 -2.028338e+01 -2.002751e+01 -1.977164e+01 -1.951578e+01
  -19.259916 -1.900406e+01 -1.874821e+01 -1.849235e+01 -1.823650e+01 -1.798065e+01 -1.772481e+01 -1.746896e+01
  -17.213115 -1.695727e+01 -1.670143e+01 -1.644558e+01 -1.618974e+01 -1.593389e+01 -1.567805e+01 -1.542221e+01
  -15.166364 -1.491052e+01 -1.465468e+01 -1.439883e+01 -1.414299e+01 -1.388715e+01 -1.363131e+01 1.760912e-23
    7.450098 5.593291e+01 7.989308e+00 6.383972e+01 1.000000e+00    19.004004 -3.742469e+01 -3.716884e+01 -3.691300e+01 -3.665716e+01 -3.640131e+01 -3.614547e+01 -3.588963e+01
  -35.633786 -3.537794e+01 -3.512210e+01 -3.486626e+01 -3.489810e+01 -3.464225e+01 -3.432212e+01 -3.401131e+01
  -33.714894 -3.342873e+01 -3.315002e+01 -3.287683e+01 -3.260776e+01 -3.234179e+01 -3.207818e+01 -3.181637e+01
  -31.572088 -3.131263e+01 -3.105400e+01 -3.079599e+01 -3.053847e+01 -3.028132e+01 -3.002446e+01 -2.976782e+01
  -29.511333 -2.925497e+01 -2.899870e+01 -2.874249e+01 -2.848631e+01 -2.823015e+01 -2.797399e+01 -2.771781e+01
  -27.461593 -2.720532e+01 -2.694899e+01 -2.669257e+01 -2.643607e+01 -2.617948e+01 -2.592280e+01 -2.566604e+01
  -25.409224 -2.515238e+01 -2.489553e+01 -2.463871e+01 -2.438194e+01 -2.412526e+01 -2.386866e+01 -2.361216e+01
  -23.355758 -2.309945e+01 -2.284322e+01 -2.258706e+01 -2.233096e+01 -2.207491e+01 -2.181891e+01 -2.156294e+01
  -21.306992 -2.105107e+01 -2.079516e+01 -2.053927e+01 -2.028338e+01 -2.002751e+01 -1.977164e+01 -1.951578e+01
  -19.259916 -1.900406e+01 -1.874821e+01 -1.849235e+01 -1.823650e+01 -1.798065e+01 -1.772481e+01 -1.746896e+01
  -17.213115 -1.695727e+01 -1.670143e+01 -1.644558e+01 -1.618974e+01 -1.593389e+01 -1.567805e+01 -1.542221e+01
  -15.166364 -1.491052e+01 -1.465468e+01 -1.439883e+01 -1.414299e+01 -1.388715e+01 -1.363131e+01 -1.337546e+01
    0.000000 7.551815e+00 5.739655e+01 7.991471e+00 6.387214e+01 1.000000e+00    19.004004 -3.742469e+01 -3.716884e+01 -3.691300e+01 -3.665716e+01 -3.640131e+01 -3.614547e+01 -3.588963e+01
  -35.633786 -3.537794e+01 -3.512210e+01 -3.486626e+01 -3.489810e+01 -3.464225e+01 -3.432212e+01 -3.401131e+01
  -33.714894 -3.342873e+01 -3.315002e+01 -3.287683e+01 -3.260776e+01 -3.234179e+01 -3.207818e+01 -3.181637e+01
  -31.572088 -3.131263e+01 -3.105400e+01 -3.079599e+01 -3.053847e+01 -3.028132e+01 -3.002446e+01 -2.976782e+01
  -29.511333 -2.925497e+01 -2.899870e+01 -2.874249e+01 -2.848631e+01 -2.823015e+01 -2.797399e+01 -2.771781e+01
  -27.461593 -2.720532e+01 -2.694899e+01 -2.669257e+01 -2.643607e+01 -2.617948e+01 -2.592280e+01 -2.566604e+01
  -25.409224 -2.515238e+01 -2.489553e+01 -2.463871e+01 -2.438194e+01 -2.412526e+01 -2.386866e+01 -2.361216e+01
  -23.355758 -2.309945e+01 -2.284322e+01 -2.258706e+01 -2.233096e+01 -2.207491e+01 -2.181891e+01 -2.156294e+01
  -21.306992 -2.105107e+01 -2.079516e+01 -2.053927e+01 -2.028338e+01 -2.002751e+01 -1.977164e+01 -1.951578e+01
  -19.259916 -1.900406e+01 -1.874821e+01 -1.849235e+01 -1.823650e+01 -1.798065e+01 -1.772481e+01 -1.746896e+01
  -17.213115 -1.695727e+01 -1.670143e+01 -1.644558e+01 -1.618974e+01 -1.593389e+01 -1.567805e+01 -1.542221e+01
  -15.166364 -1.491052e+01 -1.465468e+01 -1.439883e+01 -1.414299e+01 -1.388715e+01 -1.363131e+01 -1.337546e+01
  -13.119620 3.699397e-25 7.638027e+00 5.864757e+01 7.993235e+00 6.389856e+01 1.000000e+00    19.004004 -3.742469e+01 -3.716884e+01 -3.691300e+01 -3.665716e+01 -3.640131e+01 -3.614547e+01 -3.588963e+01
  -35.633786 -3.537794e+01 -3.512210e+01 -3.486626e+01 -3.489810e+01 -3.464225e+01 -3.432212e+01 -3.401131e+01
  -33.714894 -3.342873e+01 -3.315002e+01 -3.287683e+01 -3.260776e+01 -3.234179e+01 -3.207818e+01 -3.181637e+01
  -31.572088 -3.131263e+01 -3.105400e+01 -3.079599e+01 -3.053847e+01 -3.028132e+01 -3.002446e+01 -2.976782e+01
  -29.511333 -2.925497e+01 -2.899870e+01 -2.874249e+01 -2.848631e+01 -2.823015e+01 -2.797399e+01 -2.771781e+01
  -27.461593 -2.720532e+01 -2.694899e+01 -2.669257e+01 -2.643607e+01 -2.617948e+01 -2.592280e+01 -2.566604e+01
  -25.409224 -2.515238e+01 -2.489553e+01 -2.463871e+01 -2.438194e+01 -2.412526e+01 -2.386866e+01 -2.361216e+01
  -23.355758 -2.309945e+01 -2.284322e+01 -2.258706e+01 -2.233096e+01 -2.207491e+01 -2.181891e+01 -2.156294e+01
  -21.306992 -2.105107e+01 -2.079516e+01 -2.053927e+01 -2.028338e+01 -2.002751e+01 -1.977164e+01 -1.951578e+01
  -19.259916 -1.900406e+01 -1.874821e+01 -1.849235e+01 -1.823650e+01 -1.798065e+01 -1.772481e+01 -1.746896e+01
  -17.213115 -1.695727e+01 -1.670143e+01 -1.644558e+01 -1.618974e+01 -1.593389e+01 -1.567805e+01 -1.542221e+01
  -15.166364 -1.491052e+01 -1.465468e+01 -1.439883e+01 -1.414299e+01 -1.388715e+01 -1.363131e+01 -1.337546e+01
  -13.119620 -1.286378e+01 5.192065e-26 7.709943e+00 5.969832e+01 7.994659e+00 6.391990e+01 1.000000e+00
   19.004004 -3.742469e+01 -3.716884e+01 -3.691300e+01 -3.665716e+01 -3.640131e+01 -3.614547e+01 -3.588963e+01
  -35.633786 -3.537794e+01 -3.512210e+01 -3.486626e+01 -3.489810e+01 -3.464225e+01 -3.432212e+01 -3.401131e+01
  -33.714894 -3.342873e+01 -3.315002e+01 -3.287683e+01 -3.260776e+01 -3.234179e+01 -3.207818e+01 -3.181637e+01
  -31.572088 -3.131263e+01 -3.105400e+01 -3.079599e+01 -3.053847e+01 -3.028132e+01 -3.002446e+01 -2.976782e+01
  -29.511333 -2.925497e+01 -2.899870e+01 -2.874249e+01 -2.848631e+01 -2.823015e+01 -2.797399e+01 -2.771781e+01
  -27.461593 -2.720532e+01 -2.694899e+01 -2.669257e+01 -2.643607e+01 -2.617948e+01 -2.592280e+01 -2.566604e+01
  -25.409224 -2.515238e+01 -2.489553e+01 -2.463871e+01 -2.438194e+01 -2.412526e+01 -2.386866e+01 -2.361216e+01
  -23.355758 -2.309945e+01 -2.284322e+01 -2.258706e+01 -2.233096e+01 -2.207491e+01 -2.181891e+01 -2.156294e+01
  -21.306992 -2.105107e+01 -2.079516e+01 -2.053927e+01 -2.028338e+01 -2.002751e+01 -1.977164e+01 -1.951578e+01
  -19.259916 -1.900406e+01 -1.874821e+01 -1.849235e+01 -1.823650e+01 -1.798065e+01 -1.772481e+01 -1.746896e+01
  -17.213115 -1.695727e+01 -1.670143e+01 -1.644558e+01 -1.618974e+01 -1.593389e+01 -1.567805e+01 -1.542221e+01
  -15.166364 -1.491052e+01 -1.465468e+01 -1.439883e+01 -1.414299e+01 -1.388715e+01 -1.363131e+01 -1.337546e+01
  -13.119620 -1.286378e+01 -1.260793e+01 7.166091e-27 7.769111e+00 6.056762e+01 7.995799e+00 6.393700e+01
    1.000000    19.004004 -3.742469e+01 -3.716884e+01 -3.691300e+01 -3.665716e+01 -3.640131e+01 -3.614547e+01 -3.588963e+01
  -35.633786 -3.537794e+01 -3.512210e+01 -3.486626e+01 -3.489810e+01 -3.464225e+01 -3.432212e+01 -3.401131e+01
  -33.714894 -3.342873e+01 -3.315002e+01 -3.287683e+01 -3.260776e+01 -3.234179e+01 -3.207818e+01 -3.181637e+01
  -31.572088 -3.131263e+01 -3.105400e+01 -3.079599e+01 -3.053847e+01 -3.028132e+01 -3.002446e+01 -2.976782e+01
  -29.511333 -2.925497e+01 -2.899870e+01 -2.874249e+01 -2.848631e+01 -2.823015e+01 -2.797399e+01 -2.771781e+01
  -27.461593 -2.720532e+01 -2.694899e+01 -2.669257e+01 -2.643607e+01 -2.617948e+01 -2.592280e+01 -2.566604e+01
  -25.409224 -2.515238e+01 -2.489553e+01 -2.463871e+01 -2.438194e+01 -2.412526e+01 -2.386866e+01 -2.361216e+01
  -23.355758 -2.309945e+01 -2.284322e+01 -2.258706e+01 -2.233096e+01 -2.207491e+01 -2.181891e+01 -2.156294e+01
  -21.306992 -2.105107e+01 -2.079516e+01 -2.053927e+01 -2.028338e+01 -2.002751e+01 -1.977164e+01 -1.951578e+01
  -19.259916 -1.900406e+01 -1.874821e+01 -1.849235e+01 -1.823650e+01 -1.798065e+01 -1.772481e+01 -1.746896e+01
  -17.213115 -1.695727e+01 -1.670143e+01 -1.644558e+01 -1.618974e+01 -1.593389e+01 -1.567805e+01 -1.542221e+01
  -15.166364 -1.491052e+01 -1.465468e+01 -1.439883e+01 -1.414299e+01 -1.388715e+01 -1.363131e+01 -1.337546e+01
  -13.119620 -1.286378e+01 -1.260793e+01 -1.235209e+01 9.756191e-28 7.817223e+00 6.127766e+01 7.996707e+00
   63.950613 1.000000e+00    19.004004 -3.742469e+01 -3.716884e+01 -3.691300e+01 -3.665716e+01 -3.640131e+01 -3.614547e+01 -3.588963e+01
  -35.633786 -3.537794e+01 -3.512210e+01 -3.486626e+01 -3.489810e+01 -3.464225e+01 -3.432212e+01 -3.401131e+01
  -33.714894 -3.342873e+01 -3.315002e+01 -3.287683e+01 -3.260776e+01 -3.234179e+01 -3.207818e+01 -3.181637e+01
  -31.572088 -3.131263e+01 -3.105400e+01 -3.079599e+01 -3.053847e+01 -3.028132e+01 -3.002446e+01 -2.976782e+01
  -29.511333 -2.925497e+01 -2.899870e+01 -2.874249e+01 -2.848631e+01 -2.823015e+01 -2.797399e+01 -2.771781e+01
  -27.461593 -2.720532e+01 -2.694899e+01 -2.669257e+01 -2.643607e+01 -2.617948e+01 -2.592280e+01 -2.566604e+01
  -25.409224 -2.515238e+01 -2.489553e+01 -2.463871e+01 -2.438194e+01 -2.412526e+01 -2.386866e+01 -2.361216e+01
  -23.355758 -2.309945e+01 -2.284322e+01 -2.258706e+01 -2.233096e+01 -2.207491e+01 -2.181891e+01 -2.156294e+01
  -21.306992 -2.105107e+01 -2.079516e+01 -2.053927e+01 -2.028338e+01 -2.002751e+01 -1.977164e+01 -1.951578e+01
  -19.259916 -1.900406e+01 -1.874821e+01 -1.849235e+01 -1.823650e+01 -1.798065e+01 -1.772481e+01 -1.746896e+01
  -17.213115 -1.695727e+01 -1.670143e+01 -1.644558e+01 -1.618974e+01 -1.593389e+01 -1.567805e+01 -1.542221e+01
  -15.166364 -1.491052e+01 -1.465468e+01 -1.439883e+01 -1.414299e+01 -1.388715e+01 -1.363131e+01 -1.337546e+01
  -13.119620 -1.286378e+01 -1.260793e+01 -1.235209e+01 -1.209625e+01 1.313615e-28 7.855967e+00 6.185144e+01
    7.997425 6.396138e+01 1.000000e+00 