#Data: Data/LatticeCube/titration_FJC_ZS4_0.88.out
#           E           mu            f          <N>         <N2>          <B>         <B2>
   11.800000 -3.025338e+01 9.999769e-01 2.311007e-05 2.311026e-05 6.085641e-05 1.688067e-04 1.000000e+00
   11.800000 -2.999657e+01 9.999701e-01 2.987651e-05 2.987684e-05 7.867467e-05 2.182324e-04 1.000000e+00
   11.800000 -2.973998e+01 9.999614e-01 3.861563e-05 3.861618e-05 1.016876e-04 2.820677e-04 1.000000e+00
   11.800000 -2.948356e+01 9.999501e-01 4.990249e-05 4.990341e-05 1.314096e-04 3.645137e-04 1.000000e+00
   11.800000 -2.922727e+01 9.999355e-01 6.447981e-05 6.448133e-05 1.697964e-04 4.709958e-04 1.000000e+00
   11.800000 -2.897108e+01 9.999167e-01 8.330675e-05 8.330930e-05 2.193738e-04 6.085211e-04 1.000000e+00
   11.800000 -2.871497e+01 9.998924e-01 1.076220e-04 1.076263e-04 2.834037e-04 7.861392e-04 1.000000e+00
   11.800000 -2.845892e+01 9.998610e-01 1.390253e-04 1.390325e-04 3.660986e-04 1.015537e-03 1.000000e+00
   11.800000 -2.820292e+01 9.998204e-01 1.795825e-04 1.795944e-04 4.728982e-04 1.311809e-03 1.000000e+00
   11.800000 -2.794695e+01 9.997680e-01 2.319611e-04 2.319809e-04 6.108271e-04 1.694446e-03 1.000000e+00
   11.800000 -2.769101e+01 9.997004e-01 2.996056e-04 2.996387e-04 7.889554e-04 2.188621e-03 1.000000e+00
   11.800000 -2.743509e+01 9.996131e-01 3.869636e-04 3.870187e-04 1.018994e-03 2.826837e-03 1.000000e+00
   11.800000 -2.717919e+01 9.995003e-01 4.997769e-04 4.998688e-04 1.316063e-03 3.651068e-03 1.000000e+00
   11.800000 -2.692330e+01 9.993546e-01 6.454578e-04 6.456110e-04 1.699679e-03 4.715508e-03 1.000000e+00
   11.800000 -2.666742e+01 9.991666e-01 8.335732e-04 8.338287e-04 2.195033e-03 6.090124e-03 1.000000e+00
   11.800000 -2.641154e+01 9.989237e-01 1.076469e-03 1.076895e-03 2.834632e-03 7.865244e-03 1.000000e+00
   11.800000 -2.615567e+01 9.986103e-01 1.390074e-03 1.390785e-03 3.660412e-03 1.015746e-02 1.000000e+00
   11.800000 -2.589981e+01 9.982057e-01 1.794932e-03 1.796117e-03 4.726461e-03 1.311722e-02 1.000000e+00
   11.800000 -2.564394e+01 9.976835e-01 2.317528e-03 2.319504e-03 6.102502e-03 1.693867e-02 1.000000e+00
   11.800000 -2.538808e+01 9.970097e-01 2.991989e-03 2.995284e-03 7.878373e-03 2.187221e-02 1.000000e+00
   11.800000 -2.513221e+01 9.961405e-01 3.862263e-03 3.867754e-03 1.016974e-02 2.824070e-02 1.000000e+00
   11.800000 -2.487634e+01 9.950197e-01 4.984887e-03 4.994038e-03 1.312540e-02 3.646022e-02 1.000000e+00
   11.800000 -2.462047e+01 9.935751e-01 6.432519e-03 6.447765e-03 1.693653e-02 4.706664e-02 1.000000e+00
   11.800000 -2.436459e+01 9.917143e-01 8.298397e-03 8.323787e-03 2.184838e-02 6.074955e-02 1.000000e+00
   11.800000 -2.410870e+01 9.893192e-01 1.070194e-02 1.074420e-02 2.817502e-02 7.839544e-02 1.000000e+00
   11.800000 -2.385280e+01 9.862394e-01 1.379572e-02 1.386603e-02 3.631751e-02 1.011423e-01 1.000000e+00
   11.800000 -2.359689e+01 9.822843e-01 1.777408e-02 1.789094e-02 4.678644e-02 1.304486e-01 1.000000e+00
   11.800000 -2.334095e+01 9.772135e-01 2.288350e-02 2.307755e-02 6.022894e-02 1.681788e-01 1.000000e+00
   11.800000 -2.308499e+01 9.707257e-01 2.943509e-02 2.975691e-02 7.746114e-02 2.167110e-01 1.000000e+00
   11.800000 -2.282900e+01 9.624476e-01 3.781851e-02 3.835129e-02 9.950386e-02 2.790639e-01 1.000000e+00
   11.800000 -2.257297e+01 9.519214e-01 4.851806e-02 4.939822e-02 1.276240e-01 3.590563e-01 1.000000e+00
   11.800000 -2.231689e+01 9.385954e-01 6.212838e-02 6.357848e-02 1.633736e-01 4.614865e-01 1.000000e+00
   11.800000 -2.206075e+01 9.218187e-01 7.936893e-02 8.174975e-02 2.086253e-01 5.923386e-01 1.000000e+00
   11.800000 -2.180452e+01 9.008467e-01 1.010934e-01 1.049853e-01 2.655918e-01 7.590043e-01 1.000000e+00
   11.800000 -2.154821e+01 8.748620e-01 1.282895e-01 1.346166e-01 3.368187e-01 9.705040e-01 1.000000e+00
   11.800000 -2.129179e+01 8.430214e-01 1.620616e-01 1.722779e-01 4.251290e-01 1.237679e+00 1.000000e+00
   11.800000 -2.103524e+01 8.045365e-01 2.035903e-01 2.199478e-01 5.335024e-01 1.573318e+00 1.000000e+00
   11.800000 -2.077854e+01 7.587945e-01 2.540608e-01 2.799832e-01 6.648687e-01 1.992158e+00 1.000000e+00
   11.800000 -2.052169e+01 7.055168e-01 3.145581e-01 3.551339e-01 8.218115e-01 2.510696e+00 1.000000e+00
   11.800000 -2.026468e+01 6.449373e-01 3.859366e-01 4.485271e-01 1.006202e+00 3.146757e+00 1.000000e+00
   11.800000 -2.000752e+01 5.779629e-01 4.686823e-01 5.636077e-01 1.218821e+00 3.918733e+00 1.000000e+00
   11.800000 -1.975022e+01 5.062591e-01 5.627991e-01 7.040188e-01 1.459045e+00 4.844486e+00 1.000000e+00
   11.800000 -1.949281e+01 4.322019e-01 6.677542e-01 8.734105e-01 1.724720e+00 5.939880e+00 1.000000e+00
   11.800000 -1.923533e+01 3.586625e-01 7.825031e-01 1.075177e+00 2.012252e+00 7.216992e+00 1.000000e+00
   11.800000 -1.897782e+01 2.886444e-01 9.055927e-01 1.312140e+00 2.316928e+00 8.682133e+00 1.000000e+00
   11.800000 -1.872034e+01 2.248516e-01 1.035311e+00 1.586228e+00 2.633367e+00 1.033397e+01 1.000000e+00
   11.800000 -1.846291e+01 1.693036e-01 1.169842e+00 1.898229e+00 2.955987e+00 1.216224e+01 1.000000e+00
   11.800000 -1.820558e+01 1.231009e-01 1.307407e+00 2.247722e+00 3.279403e+00 1.414766e+01 1.000000e+00
   11.800000 -1.794837e+01 8.638957e-02 1.446371e+00 2.633216e+00 3.598735e+00 1.626341e+01 1.000000e+00
   11.800000 -1.769129e+01 5.850785e-02 1.585338e+00 3.052480e+00 3.909848e+00 1.847803e+01 1.000000e+00
   11.800000 -1.743435e+01 3.824761e-02 1.723209e+00 3.502931e+00 4.209512e+00 2.075905e+01 1.000000e+00
   11.800000 -1.717755e+01 2.414441e-02 1.859196e+00 3.981879e+00 4.495473e+00 2.307586e+01 1.000000e+00
   11.800000 -1.692088e+01 1.472662e-02 1.992778e+00 4.486558e+00 4.766364e+00 2.540121e+01 1.000000e+00
   11.800000 -1.666433e+01 8.684781e-03 2.123601e+00 5.013965e+00 5.021498e+00 2.771089e+01 1.000000e+00
   11.800000 -1.640789e+01 4.955759e-03 2.251373e+00 5.560723e+00 5.260595e+00 2.998264e+01 1.000000e+00
   11.800000 -1.615155e+01 2.738491e-03 2.375817e+00 6.123228e+00 5.483569e+00 3.219535e+01 1.000000e+00
   11.800000 -1.589529e+01 1.466707e-03 2.496703e+00 6.698215e+00 5.690447e+00 3.432963e+01 1.000000e+00
   11.800000 -1.563911e+01 7.620864e-04 2.613962e+00 7.283673e+00 5.881432e+00 3.636975e+01 1.000000e+00
   11.800000 -1.538298e+01 3.844874e-04 2.727834e+00 7.879816e+00 6.057053e+00 3.830608e+01 1.000000e+00
   11.800000 -1.512691e+01 1.885020e-04 2.838972e+00 8.489749e+00 6.218287e+00 4.013692e+01 1.000000e+00
   11.800000 -1.487088e+01 8.985623e-05 2.948454e+00 9.119542e+00 6.366573e+00 4.186866e+01 1.000000e+00
   11.800000 -1.461489e+01 4.165638e-05 3.057683e+00 9.777658e+00 6.503693e+00 4.351392e+01 1.000000e+00
   11.800000 -1.435892e+01 1.877817e-05 3.168206e+00 1.047384e+01 6.631543e+00 4.508827e+01 1.000000e+00
   11.800000 -1.410298e+01 8.226813e-06 3.281485e+00 1.121780e+01 6.751855e+00 4.660628e+01 1.000000e+00
   11.800000 -1.384706e+01 3.499752e-06 3.398697e+00 1.201798e+01 6.865950e+00 4.807798e+01 1.000000e+00
   11.800000 -1.359115e+01 1.444052e-06 3.520607e+00 1.288081e+01 6.974591e+00 4.950673e+01 1.000000e+00
   11.800000 -1.333526e+01 5.771924e-07 3.647545e+00 1.381054e+01 7.077968e+00 5.088895e+01 1.000000e+00
   11.800000 -1.307938e+01 2.231969e-07 3.779484e+00 1.480961e+01 7.175817e+00 5.221562e+01 1.000000e+00
   11.800000 -1.282350e+01 8.339500e-08 3.916170e+00 1.587943e+01 7.267622e+00 5.347506e+01 1.000000e+00
   11.800000 -1.256763e+01 3.007222e-08 4.057268e+00 1.702105e+01 7.352834e+00 5.465588e+01 1.000000e+00
   11.800000 -1.231177e+01 1.045421e-08 4.202450e+00 1.823562e+01 7.431047e+00 5.574930e+01 1.000000e+00
   11.800000 -1.205591e+01 3.500078e-09 4.351452e+00 1.952469e+01 7.502089e+00 5.675036e+01 1.000000e+00
   11.800000 -1.180005e+01 1.127484e-09 4.504094e+00 2.089045e+01 7.566035e+00 5.765797e+01 1.000000e+00
   11.800000 -1.154420e+01 3.491309e-10 4.660310e+00 2.233608e+01 7.623172e+00 5.847437e+01 1.000000e+00
   11.800000 -1.128835e+01 1.038273e-10 4.820175e+00 2.386632e+01 7.673936e+00 5.920420e+01 1.000000e+00
   11.800000 -1.103250e+01 2.962523e-11 4.983929e+00 2.548763e+01 7.718851e+00 5.985360e+01 1.000000e+00
   11.800000 -1.077665e+01 8.101908e-12 5.151933e+00 2.720789e+01 7.758475e+00 6.042944e+01 1.000000e+00
   11.800000 -1.052080e+01 2.121260e-12 5.324563e+00 2.903513e+01 7.793353e+00 6.093865e+01 1.000000e+00
   11.800000 -1.026496e+01 5.310708e-13 5.502045e+00 3.097569e+01 7.823988e+00 6.138772e+01 1.000000e+00
   11.800000 -1.000911e+01 1.269771e-13 5.684275e+00 3.303195e+01 7.850818e+00 6.178241e+01 1.000000e+00
   11.800000 -9.753267e+00 2.896092e-14 5.870673e+00 3.520021e+01 7.874219e+00 6.212770e+01 1.000000e+00
   11.800000 -9.497422e+00 6.295182e-15 6.060089e+00 3.746884e+01 7.894517e+00 6.242798e+01 1.000000e+00
   11.800000 -9.241578e+00 1.303376e-15 6.250770e+00 3.981704e+01 7.912007e+00 6.268728e+01 1.000000e+00
   11.800000 -8.985734e+00 2.570275e-16 6.440398e+00 4.221435e+01 7.926973e+00 6.290957e+01 1.000000e+00
   11.800000 -8.729890e+00 4.830652e-17 6.626197e+00 4.462129e+01 7.939692e+00 6.309880e+01 1.000000e+00
   11.800000 -8.474047e+00 8.664449e-18 6.805127e+00 4.699169e+01 7.950437e+00 6.325888e+01 1.000000e+00
   11.800000 -8.218203e+00 1.486340e-18 6.974160e+00 4.927656e+01 7.959468e+00 6.339357e+01 1.000000e+00
   11.800000 -7.962360e+00 2.445637e-19 7.130590e+00 5.142914e+01 7.967022e+00 6.350635e+01 1.000000e+00
   11.800000 -7.706517e+00 3.873338e-20 7.272324e+00 5.340999e+01 7.973308e+00 6.360028e+01 1.000000e+00
   11.800000 -7.450674e+00 5.928037e-21 7.398074e+00 5.519095e+01 7.978511e+00 6.367809e+01 1.000000e+00
   11.800000 -7.194831e+00 8.803910e-22 7.507424e+00 5.675704e+01 7.982791e+00 6.374214e+01 1.000000e+00
   11.800000 -6.938988e+00 1.274051e-22 7.600760e+00 5.810624e+01 7.986288e+00 6.379449e+01 1.000000e+00
   11.800000 -6.683145e+00 1.803733e-23 7.679106e+00 5.924739e+01 7.989126e+00 6.383699e+01 1.000000e+00
   11.800000 -6.427302e+00 2.507378e-24 7.743911e+00 6.019714e+01 7.991412e+00 6.387125e+01 1.000000e+00
   11.800000 -6.171459e+00 3.433540e-25 7.796848e+00 6.097680e+01 7.993242e+00 6.389868e+01 1.000000e+00
   11.800000 -5.915616e+00 4.644749e-26 7.839635e+00 6.160947e+01 7.994699e+00 6.392051e+01 1.000000e+00
   11.800000 -5.659773e+00 6.221790e-27 7.873918e+00 6.211798e+01 7.995853e+00 6.393781e+01 1.000000e+00
   11.800000 -5.403930e+00 8.269163e-28 7.901194e+00 6.252354e+01 7.996762e+00 6.395144e+01 1.000000e+00
   11.800000 -5.148088e+00 1.092207e-28 7.922769e+00 6.284497e+01 7.997477e+00 6.396216e+01 1.000000e+00
   11.800000 -4.892245e+00 1.435541e-29 7.939757e+00 6.309844e+01 7.998036e+00 6.397055e+01 1.000000e+00
