#Data: Data/LatticeCube/titration_FJC_ZS3_0.89.out
#           E           mu            f          <N>         <N2>          <B>         <B2>
   12.646075 -3.109023e+01 9.999889e-01 1.110759e-05 1.110764e-05 2.560753e-05 6.186127e-05 1.000000e+00
   12.646075 -3.109023e+01 -3.083216e+01 9.999856e-01 1.437798e-05 1.437807e-05 3.314712e-05 8.007510e-05
    1.000000    12.646075 -3.109023e+01 -3.083216e+01 -3.057459e+01 9.999814e-01 1.860184e-05 1.860199e-05 4.288484e-05
    0.000104 1.000000e+00    12.646075 -3.109023e+01 -3.083216e+01 -3.057459e+01 -3.031742e+01 9.999759e-01 2.405713e-05 2.405739e-05
    0.000055 1.339816e-04 1.000000e+00    12.646075 -3.109023e+01 -3.083216e+01 -3.057459e+01 -3.031742e+01 -3.006055e+01 9.999689e-01 3.110286e-05
    0.000031 7.170480e-05 1.732219e-04 1.000000e+00    12.646075 -3.109023e+01 -3.083216e+01 -3.057459e+01 -3.031742e+01 -3.006055e+01 -2.980391e+01 9.999598e-01
    0.000040 4.020343e-05 9.268363e-05 2.239026e-04 1.000000e+00    12.646075 -3.109023e+01 -3.083216e+01 -3.057459e+01 -3.031742e+01 -3.006055e+01 -2.980391e+01 -2.954745e+01
    0.999948 5.195546e-05 5.195668e-05 1.197785e-04 2.893590e-04 1.000000e+00    12.646075 -3.109023e+01 -3.083216e+01 -3.057459e+01 -3.031742e+01 -3.006055e+01 -2.980391e+01 -2.954745e+01
  -29.291129 9.999329e-01 6.713451e-05 6.713654e-05 1.547724e-04 3.738988e-04 1.000000e+00    12.646075 -3.109023e+01 -3.083216e+01 -3.057459e+01 -3.031742e+01 -3.006055e+01 -2.980391e+01 -2.954745e+01
  -29.291129 -2.903492e+01 9.999133e-01 8.673863e-05 8.674203e-05 1.999678e-04 4.830856e-04 1.000000e+00
   12.646075 -3.109023e+01 -3.083216e+01 -3.057459e+01 -3.031742e+01 -3.006055e+01 -2.980391e+01 -2.954745e+01
  -29.291129 -2.903492e+01 -2.877879e+01 9.998879e-01 1.120577e-04 1.120634e-04 2.583385e-04 6.241046e-04
    1.000000    12.646075 -3.109023e+01 -3.083216e+01 -3.057459e+01 -3.031742e+01 -3.006055e+01 -2.980391e+01 -2.954745e+01
  -29.291129 -2.903492e+01 -2.877879e+01 -2.852272e+01 9.998552e-01 1.447576e-04 1.447670e-04 3.337247e-04
    0.000806 1.000000e+00    12.646075 -3.109023e+01 -3.083216e+01 -3.057459e+01 -3.031742e+01 -3.006055e+01 -2.980391e+01 -2.954745e+01
  -29.291129 -2.903492e+01 -2.877879e+01 -2.852272e+01 -2.826671e+01 9.998130e-01 1.869893e-04 1.870051e-04
    0.000431 1.041465e-03 1.000000e+00    12.646075 -3.109023e+01 -3.083216e+01 -3.057459e+01 -3.031742e+01 -3.006055e+01 -2.980391e+01 -2.954745e+01
  -29.291129 -2.903492e+01 -2.877879e+01 -2.852272e+01 -2.826671e+01 -2.801073e+01 9.997585e-01 2.415308e-04
    0.000242 5.568256e-04 1.345270e-03 1.000000e+00    12.646075 -3.109023e+01 -3.083216e+01 -3.057459e+01 -3.031742e+01 -3.006055e+01 -2.980391e+01 -2.954745e+01
  -29.291129 -2.903492e+01 -2.877879e+01 -2.852272e+01 -2.826671e+01 -2.801073e+01 -2.775479e+01 9.996881e-01
    0.000312 3.120131e-04 7.192135e-04 1.737641e-03 1.000000e+00    12.646075 -3.109023e+01 -3.083216e+01 -3.057459e+01 -3.031742e+01 -3.006055e+01 -2.980391e+01 -2.954745e+01
  -29.291129 -2.903492e+01 -2.877879e+01 -2.852272e+01 -2.826671e+01 -2.801073e+01 -2.775479e+01 -2.749887e+01
    0.999597 4.029359e-04 4.030092e-04 9.289269e-04 2.244394e-03 1.000000e+00    12.646075 -3.109023e+01 -3.083216e+01 -3.057459e+01 -3.031742e+01 -3.006055e+01 -2.980391e+01 -2.954745e+01
  -29.291129 -2.903492e+01 -2.877879e+01 -2.852272e+01 -2.826671e+01 -2.801073e+01 -2.775479e+01 -2.749887e+01
  -27.242961 9.994797e-01 5.204106e-04 5.205329e-04 1.199751e-03 2.898869e-03 1.000000e+00    12.646075 -3.109023e+01 -3.083216e+01 -3.057459e+01 -3.031742e+01 -3.006055e+01 -2.980391e+01 -2.954745e+01
  -29.291129 -2.903492e+01 -2.877879e+01 -2.852272e+01 -2.826671e+01 -2.801073e+01 -2.775479e+01 -2.749887e+01
  -27.242961 -2.698707e+01 9.993280e-01 6.721129e-04 6.723169e-04 1.549481e-03 3.744118e-03 1.000000e+00
   12.646075 -3.109023e+01 -3.083216e+01 -3.057459e+01 -3.031742e+01 -3.006055e+01 -2.980391e+01 -2.954745e+01
  -29.291129 -2.903492e+01 -2.877879e+01 -2.852272e+01 -2.826671e+01 -2.801073e+01 -2.775479e+01 -2.749887e+01
  -27.242961 -2.698707e+01 -2.673119e+01 9.991322e-01 8.680072e-04 8.683474e-04 2.001088e-03 4.835736e-03
    1.000000    12.646075 -3.109023e+01 -3.083216e+01 -3.057459e+01 -3.031742e+01 -3.006055e+01 -2.980391e+01 -2.954745e+01
  -29.291129 -2.903492e+01 -2.877879e+01 -2.852272e+01 -2.826671e+01 -2.801073e+01 -2.775479e+01 -2.749887e+01
  -27.242961 -2.698707e+01 -2.673119e+01 -2.647531e+01 9.988793e-01 1.120953e-03 1.121520e-03 2.584215e-03
    0.006246 1.000000e+00    12.646075 -3.109023e+01 -3.083216e+01 -3.057459e+01 -3.031742e+01 -3.006055e+01 -2.980391e+01 -2.954745e+01
  -29.291129 -2.903492e+01 -2.877879e+01 -2.852272e+01 -2.826671e+01 -2.801073e+01 -2.775479e+01 -2.749887e+01
  -27.242961 -2.698707e+01 -2.673119e+01 -2.647531e+01 -2.621945e+01 9.985529e-01 1.447542e-03 1.448489e-03
    0.003337 8.066133e-03 1.000000e+00    12.646075 -3.109023e+01 -3.083216e+01 -3.057459e+01 -3.031742e+01 -3.006055e+01 -2.980391e+01 -2.954745e+01
  -29.291129 -2.903492e+01 -2.877879e+01 -2.852272e+01 -2.826671e+01 -2.801073e+01 -2.775479e+01 -2.749887e+01
  -27.242961 -2.698707e+01 -2.673119e+01 -2.647531e+01 -2.621945e+01 -2.596358e+01 9.981316e-01 1.869178e-03
    0.001871 4.309108e-03 1.041727e-02 1.000000e+00    12.646075 -3.109023e+01 -3.083216e+01 -3.057459e+01 -3.031742e+01 -3.006055e+01 -2.980391e+01 -2.954745e+01
  -29.291129 -2.903492e+01 -2.877879e+01 -2.852272e+01 -2.826671e+01 -2.801073e+01 -2.775479e+01 -2.749887e+01
  -27.242961 -2.698707e+01 -2.673119e+01 -2.647531e+01 -2.621945e+01 -2.596358e+01 -2.570772e+01 9.975879e-01
    0.002413 2.416088e-03 5.563819e-03 1.345339e-02 1.000000e+00    12.646075 -3.109023e+01 -3.083216e+01 -3.057459e+01 -3.031742e+01 -3.006055e+01 -2.980391e+01 -2.954745e+01
  -29.291129 -2.903492e+01 -2.877879e+01 -2.852272e+01 -2.826671e+01 -2.801073e+01 -2.775479e+01 -2.749887e+01
  -27.242961 -2.698707e+01 -2.673119e+01 -2.647531e+01 -2.621945e+01 -2.596358e+01 -2.570772e+01 -2.545187e+01
    0.996886 3.115946e-03 3.120332e-03 7.183218e-03 1.737388e-02 1.000000e+00    12.646075 -3.109023e+01 -3.083216e+01 -3.057459e+01 -3.031742e+01 -3.006055e+01 -2.980391e+01 -2.954745e+01
  -29.291129 -2.903492e+01 -2.877879e+01 -2.852272e+01 -2.826671e+01 -2.801073e+01 -2.775479e+01 -2.749887e+01
  -27.242961 -2.698707e+01 -2.673119e+01 -2.647531e+01 -2.621945e+01 -2.596358e+01 -2.570772e+01 -2.545187e+01
  -25.196009 9.959812e-01 4.022455e-03 4.029766e-03 9.272884e-03 2.243605e-02 1.000000e+00    12.646075 -3.109023e+01 -3.083216e+01 -3.057459e+01 -3.031742e+01 -3.006055e+01 -2.980391e+01 -2.954745e+01
  -29.291129 -2.903492e+01 -2.877879e+01 -2.852272e+01 -2.826671e+01 -2.801073e+01 -2.775479e+01 -2.749887e+01
  -27.242961 -2.698707e+01 -2.673119e+01 -2.647531e+01 -2.621945e+01 -2.596358e+01 -2.570772e+01 -2.545187e+01
  -25.196009 -2.494015e+01 9.948142e-01 5.191940e-03 5.204125e-03 1.196868e-02 2.897186e-02 1.000000e+00
   12.646075 -3.109023e+01 -3.083216e+01 -3.057459e+01 -3.031742e+01 -3.006055e+01 -2.980391e+01 -2.954745e+01
  -29.291129 -2.903492e+01 -2.877879e+01 -2.852272e+01 -2.826671e+01 -2.801073e+01 -2.775479e+01 -2.749887e+01
  -27.242961 -2.698707e+01 -2.673119e+01 -2.647531e+01 -2.621945e+01 -2.596358e+01 -2.570772e+01 -2.545187e+01
  -25.196009 -2.494015e+01 -2.468429e+01 9.933099e-01 6.700199e-03 6.720500e-03 1.544526e-02 3.740944e-02
    1.000000    12.646075 -3.109023e+01 -3.083216e+01 -3.057459e+01 -3.031742e+01 -3.006055e+01 -2.980391e+01 -2.954745e+01
  -29.291129 -2.903492e+01 -2.877879e+01 -2.852272e+01 -2.826671e+01 -2.801073e+01 -2.775479e+01 -2.749887e+01
  -27.242961 -2.698707e+01 -2.673119e+01 -2.647531e+01 -2.621945e+01 -2.596358e+01 -2.570772e+01 -2.545187e+01
  -25.196009 -2.494015e+01 -2.468429e+01 -2.442843e+01 9.913723e-01 8.644548e-03 8.678358e-03 1.992681e-02
    0.048301 1.000000e+00    12.646075 -3.109023e+01 -3.083216e+01 -3.057459e+01 -3.031742e+01 -3.006055e+01 -2.980391e+01 -2.954745e+01
  -29.291129 -2.903492e+01 -2.877879e+01 -2.852272e+01 -2.826671e+01 -2.801073e+01 -2.775479e+01 -2.749887e+01
  -27.242961 -2.698707e+01 -2.673119e+01 -2.647531e+01 -2.621945e+01 -2.596358e+01 -2.570772e+01 -2.545187e+01
  -25.196009 -2.494015e+01 -2.468429e+01 -2.442843e+01 -2.417257e+01 9.888784e-01 1.114972e-02 1.120600e-02
    0.025701 6.235709e-02 1.000000e+00    12.646075 -3.109023e+01 -3.083216e+01 -3.057459e+01 -3.031742e+01 -3.006055e+01 -2.980391e+01 -2.954745e+01
  -29.291129 -2.903492e+01 -2.877879e+01 -2.852272e+01 -2.826671e+01 -2.801073e+01 -2.775479e+01 -2.749887e+01
  -27.242961 -2.698707e+01 -2.673119e+01 -2.647531e+01 -2.621945e+01 -2.596358e+01 -2.570772e+01 -2.545187e+01
  -25.196009 -2.494015e+01 -2.468429e+01 -2.442843e+01 -2.417257e+01 -2.391670e+01 9.856716e-01 1.437523e-02
    0.014469 3.313411e-02 8.049425e-02 1.000000e+00    12.646075 -3.109023e+01 -3.083216e+01 -3.057459e+01 -3.031742e+01 -3.006055e+01 -2.980391e+01 -2.954745e+01
  -29.291129 -2.903492e+01 -2.877879e+01 -2.852272e+01 -2.826671e+01 -2.801073e+01 -2.775479e+01 -2.749887e+01
  -27.242961 -2.698707e+01 -2.673119e+01 -2.647531e+01 -2.621945e+01 -2.596358e+01 -2.570772e+01 -2.545187e+01
  -25.196009 -2.494015e+01 -2.468429e+01 -2.442843e+01 -2.417257e+01 -2.391670e+01 -2.366082e+01 9.815533e-01
    0.018524 1.868015e-02 4.269542e-02 1.038905e-01 1.000000e+00    12.646075 -3.109023e+01 -3.083216e+01 -3.057459e+01 -3.031742e+01 -3.006055e+01 -2.980391e+01 -2.954745e+01
  -29.291129 -2.903492e+01 -2.877879e+01 -2.852272e+01 -2.826671e+01 -2.801073e+01 -2.775479e+01 -2.749887e+01
  -27.242961 -2.698707e+01 -2.673119e+01 -2.647531e+01 -2.621945e+01 -2.596358e+01 -2.570772e+01 -2.545187e+01
  -25.196009 -2.494015e+01 -2.468429e+01 -2.442843e+01 -2.417257e+01 -2.391670e+01 -2.366082e+01 -2.340494e+01
    0.976273 2.385590e-02 2.411443e-02 5.497919e-02 1.340600e-01 1.000000e+00    12.646075 -3.109023e+01 -3.083216e+01 -3.057459e+01 -3.031742e+01 -3.006055e+01 -2.980391e+01 -2.954745e+01
  -29.291129 -2.903492e+01 -2.877879e+01 -2.852272e+01 -2.826671e+01 -2.801073e+01 -2.775479e+01 -2.749887e+01
  -27.242961 -2.698707e+01 -2.673119e+01 -2.647531e+01 -2.621945e+01 -2.596358e+01 -2.570772e+01 -2.545187e+01
  -25.196009 -2.494015e+01 -2.468429e+01 -2.442843e+01 -2.417257e+01 -2.391670e+01 -2.366082e+01 -2.340494e+01
  -23.149044 9.695178e-01 3.069623e-02 3.112505e-02 7.073678e-02 1.729458e-01 1.000000e+00    12.646075 -3.109023e+01 -3.083216e+01 -3.057459e+01 -3.031742e+01 -3.006055e+01 -2.980391e+01 -2.954745e+01
  -29.291129 -2.903492e+01 -2.877879e+01 -2.852272e+01 -2.826671e+01 -2.801073e+01 -2.775479e+01 -2.749887e+01
  -27.242961 -2.698707e+01 -2.673119e+01 -2.647531e+01 -2.621945e+01 -2.596358e+01 -2.570772e+01 -2.545187e+01
  -25.196009 -2.494015e+01 -2.468429e+01 -2.442843e+01 -2.417257e+01 -2.391670e+01 -2.366082e+01 -2.340494e+01
  -23.149044 -2.289314e+01 9.608982e-01 3.945603e-02 4.016615e-02 9.091159e-02 2.230363e-01 1.000000e+00
   12.646075 -3.109023e+01 -3.083216e+01 -3.057459e+01 -3.031742e+01 -3.006055e+01 -2.980391e+01 -2.954745e+01
  -29.291129 -2.903492e+01 -2.877879e+01 -2.852272e+01 -2.826671e+01 -2.801073e+01 -2.775479e+01 -2.749887e+01
  -27.242961 -2.698707e+01 -2.673119e+01 -2.647531e+01 -2.621945e+01 -2.596358e+01 -2.570772e+01 -2.545187e+01
  -25.196009 -2.494015e+01 -2.468429e+01 -2.442843e+01 -2.417257e+01 -2.391670e+01 -2.366082e+01 -2.340494e+01
  -23.149044 -2.289314e+01 -2.263721e+01 9.499380e-01 5.064709e-02 5.182063e-02 1.166784e-01 2.875109e-01
    1.000000    12.646075 -3.109023e+01 -3.083216e+01 -3.057459e+01 -3.031742e+01 -3.006055e+01 -2.980391e+01 -2.954745e+01
  -29.291129 -2.903492e+01 -2.877879e+01 -2.852272e+01 -2.826671e+01 -2.801073e+01 -2.775479e+01 -2.749887e+01
  -27.242961 -2.698707e+01 -2.673119e+01 -2.647531e+01 -2.621945e+01 -2.596358e+01 -2.570772e+01 -2.545187e+01
  -25.196009 -2.494015e+01 -2.468429e+01 -2.442843e+01 -2.417257e+01 -2.391670e+01 -2.366082e+01 -2.340494e+01
  -23.149044 -2.289314e+01 -2.263721e+01 -2.238126e+01 9.360627e-01 6.490086e-02 6.683514e-02 1.494845e-01
    0.370419 1.000000e+00    12.646075 -3.109023e+01 -3.083216e+01 -3.057459e+01 -3.031742e+01 -3.006055e+01 -2.980391e+01 -2.954745e+01
  -29.291129 -2.903492e+01 -2.877879e+01 -2.852272e+01 -2.826671e+01 -2.801073e+01 -2.775479e+01 -2.749887e+01
  -27.242961 -2.698707e+01 -2.673119e+01 -2.647531e+01 -2.621945e+01 -2.596358e+01 -2.570772e+01 -2.545187e+01
  -25.196009 -2.494015e+01 -2.468429e+01 -2.442843e+01 -2.417257e+01 -2.391670e+01 -2.366082e+01 -2.340494e+01
  -23.149044 -2.289314e+01 -2.263721e+01 -2.238126e+01 -2.212529e+01 9.185953e-01 8.298582e-02 8.616340e-02
    0.191088 4.768950e-01 1.000000e+00    12.646075 -3.109023e+01 -3.083216e+01 -3.057459e+01 -3.031742e+01 -3.006055e+01 -2.980391e+01 -2.954745e+01
  -29.291129 -2.903492e+01 -2.877879e+01 -2.852272e+01 -2.826671e+01 -2.801073e+01 -2.775479e+01 -2.749887e+01
  -27.242961 -2.698707e+01 -2.673119e+01 -2.647531e+01 -2.621945e+01 -2.596358e+01 -2.570772e+01 -2.545187e+01
  -25.196009 -2.494015e+01 -2.468429e+01 -2.442843e+01 -2.417257e+01 -2.391670e+01 -2.366082e+01 -2.340494e+01
  -23.149044 -2.289314e+01 -2.263721e+01 -2.238126e+01 -2.212529e+01 -2.186928e+01 8.967612e-01 1.058217e-01
    0.111020 2.435886e-01 6.134188e-01 1.000000e+00    12.646075 -3.109023e+01 -3.083216e+01 -3.057459e+01 -3.031742e+01 -3.006055e+01 -2.980391e+01 -2.954745e+01
  -29.291129 -2.903492e+01 -2.877879e+01 -2.852272e+01 -2.826671e+01 -2.801073e+01 -2.775479e+01 -2.749887e+01
  -27.242961 -2.698707e+01 -2.673119e+01 -2.647531e+01 -2.621945e+01 -2.596358e+01 -2.570772e+01 -2.545187e+01
  -25.196009 -2.494015e+01 -2.468429e+01 -2.442843e+01 -2.417257e+01 -2.391670e+01 -2.366082e+01 -2.340494e+01
  -23.149044 -2.289314e+01 -2.263721e+01 -2.238126e+01 -2.212529e+01 -2.186928e+01 -2.161323e+01 8.697112e-01
    0.134484 1.429430e-01 3.094315e-01 7.881083e-01 1.000000e+00    12.646075 -3.109023e+01 -3.083216e+01 -3.057459e+01 -3.031742e+01 -3.006055e+01 -2.980391e+01 -2.954745e+01
  -29.291129 -2.903492e+01 -2.877879e+01 -2.852272e+01 -2.826671e+01 -2.801073e+01 -2.775479e+01 -2.749887e+01
  -27.242961 -2.698707e+01 -2.673119e+01 -2.647531e+01 -2.621945e+01 -2.596358e+01 -2.570772e+01 -2.545187e+01
  -25.196009 -2.494015e+01 -2.468429e+01 -2.442843e+01 -2.417257e+01 -2.391670e+01 -2.366082e+01 -2.340494e+01
  -23.149044 -2.289314e+01 -2.263721e+01 -2.238126e+01 -2.212529e+01 -2.186928e+01 -2.161323e+01 -2.135713e+01
    0.836571 1.701962e-01 1.838702e-01 3.913819e-01 1.011044e+00 1.000000e+00    12.646075 -3.109023e+01 -3.083216e+01 -3.057459e+01 -3.031742e+01 -3.006055e+01 -2.980391e+01 -2.954745e+01
  -29.291129 -2.903492e+01 -2.877879e+01 -2.852272e+01 -2.826671e+01 -2.801073e+01 -2.775479e+01 -2.749887e+01
  -27.242961 -2.698707e+01 -2.673119e+01 -2.647531e+01 -2.621945e+01 -2.596358e+01 -2.570772e+01 -2.545187e+01
  -25.196009 -2.494015e+01 -2.468429e+01 -2.442843e+01 -2.417257e+01 -2.391670e+01 -2.366082e+01 -2.340494e+01
  -23.149044 -2.289314e+01 -2.263721e+01 -2.238126e+01 -2.212529e+01 -2.186928e+01 -2.161323e+01 -2.135713e+01
  -21.100972 7.965262e-01 2.142933e-01 2.362203e-01 4.924383e-01 1.294599e+00 1.000000e+00    12.646075 -3.109023e+01 -3.083216e+01 -3.057459e+01 -3.031742e+01 -3.006055e+01 -2.980391e+01 -2.954745e+01
  -29.291129 -2.903492e+01 -2.877879e+01 -2.852272e+01 -2.826671e+01 -2.801073e+01 -2.775479e+01 -2.749887e+01
  -27.242961 -2.698707e+01 -2.673119e+01 -2.647531e+01 -2.621945e+01 -2.596358e+01 -2.570772e+01 -2.545187e+01
  -25.196009 -2.494015e+01 -2.468429e+01 -2.442843e+01 -2.417257e+01 -2.391670e+01 -2.366082e+01 -2.340494e+01
  -23.149044 -2.289314e+01 -2.263721e+01 -2.238126e+01 -2.212529e+01 -2.186928e+01 -2.161323e+01 -2.135713e+01
  -21.100972 -2.084475e+01 7.489525e-01 2.681626e-01 3.029784e-01 6.156758e-01 1.653735e+00 1.000000e+00
   12.646075 -3.109023e+01 -3.083216e+01 -3.057459e+01 -3.031742e+01 -3.006055e+01 -2.980391e+01 -2.954745e+01
  -29.291129 -2.903492e+01 -2.877879e+01 -2.852272e+01 -2.826671e+01 -2.801073e+01 -2.775479e+01 -2.749887e+01
  -27.242961 -2.698707e+01 -2.673119e+01 -2.647531e+01 -2.621945e+01 -2.596358e+01 -2.570772e+01 -2.545187e+01
  -25.196009 -2.494015e+01 -2.468429e+01 -2.442843e+01 -2.417257e+01 -2.391670e+01 -2.366082e+01 -2.340494e+01
  -23.149044 -2.289314e+01 -2.263721e+01 -2.238126e+01 -2.212529e+01 -2.186928e+01 -2.161323e+01 -2.135713e+01
  -21.100972 -2.084475e+01 -2.058846e+01 6.935830e-01 3.331447e-01 3.877740e-01 7.640044e-01 2.106187e+00
    1.000000    12.646075 -3.109023e+01 -3.083216e+01 -3.057459e+01 -3.031742e+01 -3.006055e+01 -2.980391e+01 -2.954745e+01
  -29.291129 -2.903492e+01 -2.877879e+01 -2.852272e+01 -2.826671e+01 -2.801073e+01 -2.775479e+01 -2.749887e+01
  -27.242961 -2.698707e+01 -2.673119e+01 -2.647531e+01 -2.621945e+01 -2.596358e+01 -2.570772e+01 -2.545187e+01
  -25.196009 -2.494015e+01 -2.468429e+01 -2.442843e+01 -2.417257e+01 -2.391670e+01 -2.366082e+01 -2.340494e+01
  -23.149044 -2.289314e+01 -2.263721e+01 -2.238126e+01 -2.212529e+01 -2.186928e+01 -2.161323e+01 -2.135713e+01
  -21.100972 -2.084475e+01 -2.058846e+01 -2.033209e+01 6.307018e-01 4.104050e-01 4.949317e-01 9.398544e-01
    2.672453 1.000000e+00    12.646075 -3.109023e+01 -3.083216e+01 -3.057459e+01 -3.031742e+01 -3.006055e+01 -2.980391e+01 -2.954745e+01
  -29.291129 -2.903492e+01 -2.877879e+01 -2.852272e+01 -2.826671e+01 -2.801073e+01 -2.775479e+01 -2.749887e+01
  -27.242961 -2.698707e+01 -2.673119e+01 -2.647531e+01 -2.621945e+01 -2.596358e+01 -2.570772e+01 -2.545187e+01
  -25.196009 -2.494015e+01 -2.468429e+01 -2.442843e+01 -2.417257e+01 -2.391670e+01 -2.366082e+01 -2.340494e+01
  -23.149044 -2.289314e+01 -2.263721e+01 -2.238126e+01 -2.212529e+01 -2.186928e+01 -2.161323e+01 -2.135713e+01
  -21.100972 -2.084475e+01 -2.058846e+01 -2.033209e+01 -2.007566e+01 5.613174e-01 5.007899e-01 6.294722e-01
    1.144823 3.375442e+00 1.000000e+00    12.646075 -3.109023e+01 -3.083216e+01 -3.057459e+01 -3.031742e+01 -3.006055e+01 -2.980391e+01 -2.954745e+01
  -29.291129 -2.903492e+01 -2.877879e+01 -2.852272e+01 -2.826671e+01 -2.801073e+01 -2.775479e+01 -2.749887e+01
  -27.242961 -2.698707e+01 -2.673119e+01 -2.647531e+01 -2.621945e+01 -2.596358e+01 -2.570772e+01 -2.545187e+01
  -25.196009 -2.494015e+01 -2.468429e+01 -2.442843e+01 -2.417257e+01 -2.391670e+01 -2.366082e+01 -2.340494e+01
  -23.149044 -2.289314e+01 -2.263721e+01 -2.238126e+01 -2.212529e+01 -2.186928e+01 -2.161323e+01 -2.135713e+01
  -21.100972 -2.084475e+01 -2.058846e+01 -2.033209e+01 -2.007566e+01 -1.981915e+01 4.872581e-01 6.046944e-01
    0.797031 1.379352e+00 4.239639e+00 1.000000e+00    12.646075 -3.109023e+01 -3.083216e+01 -3.057459e+01 -3.031742e+01 -3.006055e+01 -2.980391e+01 -2.954745e+01
  -29.291129 -2.903492e+01 -2.877879e+01 -2.852272e+01 -2.826671e+01 -2.801073e+01 -2.775479e+01 -2.749887e+01
  -27.242961 -2.698707e+01 -2.673119e+01 -2.647531e+01 -2.621945e+01 -2.596358e+01 -2.570772e+01 -2.545187e+01
  -25.196009 -2.494015e+01 -2.468429e+01 -2.442843e+01 -2.417257e+01 -2.391670e+01 -2.366082e+01 -2.340494e+01
  -23.149044 -2.289314e+01 -2.263721e+01 -2.238126e+01 -2.212529e+01 -2.186928e+01 -2.161323e+01 -2.135713e+01
  -21.100972 -2.084475e+01 -2.058846e+01 -2.033209e+01 -2.007566e+01 -1.981915e+01 -1.956259e+01 4.111210e-01
    0.721975 1.003668e+00 1.642512e+00 5.289694e+00 1.000000e+00    12.646075 -3.109023e+01 -3.083216e+01 -3.057459e+01 -3.031742e+01 -3.006055e+01 -2.980391e+01 -2.954745e+01
  -29.291129 -2.903492e+01 -2.877879e+01 -2.852272e+01 -2.826671e+01 -2.801073e+01 -2.775479e+01 -2.749887e+01
  -27.242961 -2.698707e+01 -2.673119e+01 -2.647531e+01 -2.621945e+01 -2.596358e+01 -2.570772e+01 -2.545187e+01
  -25.196009 -2.494015e+01 -2.468429e+01 -2.442843e+01 -2.417257e+01 -2.391670e+01 -2.366082e+01 -2.340494e+01
  -23.149044 -2.289314e+01 -2.263721e+01 -2.238126e+01 -2.212529e+01 -2.186928e+01 -2.161323e+01 -2.135713e+01
  -21.100972 -2.084475e+01 -2.058846e+01 -2.033209e+01 -2.007566e+01 -1.981915e+01 -1.956259e+01 -1.930599e+01
    0.336034 8.519382e-01 1.255559e+00 1.931970e+00 6.548403e+00 1.000000e+00    12.646075 -3.109023e+01 -3.083216e+01 -3.057459e+01 -3.031742e+01 -3.006055e+01 -2.980391e+01 -2.954745e+01
  -29.291129 -2.903492e+01 -2.877879e+01 -2.852272e+01 -2.826671e+01 -2.801073e+01 -2.775479e+01 -2.749887e+01
  -27.242961 -2.698707e+01 -2.673119e+01 -2.647531e+01 -2.621945e+01 -2.596358e+01 -2.570772e+01 -2.545187e+01
  -25.196009 -2.494015e+01 -2.468429e+01 -2.442843e+01 -2.417257e+01 -2.391670e+01 -2.366082e+01 -2.340494e+01
  -23.149044 -2.289314e+01 -2.263721e+01 -2.238126e+01 -2.212529e+01 -2.186928e+01 -2.161323e+01 -2.135713e+01
  -21.100972 -2.084475e+01 -2.058846e+01 -2.033209e+01 -2.007566e+01 -1.981915e+01 -1.956259e+01 -1.930599e+01
  -19.049363 2.652480e-01 9.934014e-01 1.558581e+00 2.244147e+00 8.034260e+00 1.000000e+00    12.646075 -3.109023e+01 -3.083216e+01 -3.057459e+01 -3.031742e+01 -3.006055e+01 -2.980391e+01 -2.954745e+01
  -29.291129 -2.903492e+01 -2.877879e+01 -2.852272e+01 -2.826671e+01 -2.801073e+01 -2.775479e+01 -2.749887e+01
  -27.242961 -2.698707e+01 -2.673119e+01 -2.647531e+01 -2.621945e+01 -2.596358e+01 -2.570772e+01 -2.545187e+01
  -25.196009 -2.494015e+01 -2.468429e+01 -2.442843e+01 -2.417257e+01 -2.391670e+01 -2.366082e+01 -2.340494e+01
  -23.149044 -2.289314e+01 -2.263721e+01 -2.238126e+01 -2.212529e+01 -2.186928e+01 -2.161323e+01 -2.135713e+01
  -21.100972 -2.084475e+01 -2.058846e+01 -2.033209e+01 -2.007566e+01 -1.981915e+01 -1.956259e+01 -1.930599e+01
  -19.049363 -1.879274e+01 2.016435e-01 1.144823e+00 1.917855e+00 2.574535e+00 9.758972e+00 1.000000e+00
   12.646075 -3.109023e+01 -3.083216e+01 -3.057459e+01 -3.031742e+01 -3.006055e+01 -2.980391e+01 -2.954745e+01
  -29.291129 -2.903492e+01 -2.877879e+01 -2.852272e+01 -2.826671e+01 -2.801073e+01 -2.775479e+01 -2.749887e+01
  -27.242961 -2.698707e+01 -2.673119e+01 -2.647531e+01 -2.621945e+01 -2.596358e+01 -2.570772e+01 -2.545187e+01
  -25.196009 -2.494015e+01 -2.468429e+01 -2.442843e+01 -2.417257e+01 -2.391670e+01 -2.366082e+01 -2.340494e+01
  -23.149044 -2.289314e+01 -2.263721e+01 -2.238126e+01 -2.212529e+01 -2.186928e+01 -2.161323e+01 -2.135713e+01
  -21.100972 -2.084475e+01 -2.058846e+01 -2.033209e+01 -2.007566e+01 -1.981915e+01 -1.956259e+01 -1.930599e+01
  -19.049363 -1.879274e+01 -1.853614e+01 1.472913e-01 1.304450e+00 2.337327e+00 2.918087e+00 1.172547e+01
    1.000000    12.646075 -3.109023e+01 -3.083216e+01 -3.057459e+01 -3.031742e+01 -3.006055e+01 -2.980391e+01 -2.954745e+01
  -29.291129 -2.903492e+01 -2.877879e+01 -2.852272e+01 -2.826671e+01 -2.801073e+01 -2.775479e+01 -2.749887e+01
  -27.242961 -2.698707e+01 -2.673119e+01 -2.647531e+01 -2.621945e+01 -2.596358e+01 -2.570772e+01 -2.545187e+01
  -25.196009 -2.494015e+01 -2.468429e+01 -2.442843e+01 -2.417257e+01 -2.391670e+01 -2.366082e+01 -2.340494e+01
  -23.149044 -2.289314e+01 -2.263721e+01 -2.238126e+01 -2.212529e+01 -2.186928e+01 -2.161323e+01 -2.135713e+01
  -21.100972 -2.084475e+01 -2.058846e+01 -2.033209e+01 -2.007566e+01 -1.981915e+01 -1.956259e+01 -1.930599e+01
  -19.049363 -1.879274e+01 -1.853614e+01 -1.827957e+01 1.031882e-01 1.470461e+00 2.819459e+00 3.269602e+00
   13.926974 1.000000e+00    12.646075 -3.109023e+01 -3.083216e+01 -3.057459e+01 -3.031742e+01 -3.006055e+01 -2.980391e+01 -2.954745e+01
  -29.291129 -2.903492e+01 -2.877879e+01 -2.852272e+01 -2.826671e+01 -2.801073e+01 -2.775479e+01 -2.749887e+01
  -27.242961 -2.698707e+01 -2.673119e+01 -2.647531e+01 -2.621945e+01 -2.596358e+01 -2.570772e+01 -2.545187e+01
  -25.196009 -2.494015e+01 -2.468429e+01 -2.442843e+01 -2.417257e+01 -2.391670e+01 -2.366082e+01 -2.340494e+01
  -23.149044 -2.289314e+01 -2.263721e+01 -2.238126e+01 -2.212529e+01 -2.186928e+01 -2.161323e+01 -2.135713e+01
  -21.100972 -2.084475e+01 -2.058846e+01 -2.033209e+01 -2.007566e+01 -1.981915e+01 -1.956259e+01 -1.930599e+01
  -19.049363 -1.879274e+01 -1.853614e+01 -1.827957e+01 -1.802305e+01 6.923829e-02 1.641075e+00 3.365071e+00
    3.624059 1.634724e+01 1.000000e+00    12.646075 -3.109023e+01 -3.083216e+01 -3.057459e+01 -3.031742e+01 -3.006055e+01 -2.980391e+01 -2.954745e+01
  -29.291129 -2.903492e+01 -2.877879e+01 -2.852272e+01 -2.826671e+01 -2.801073e+01 -2.775479e+01 -2.749887e+01
  -27.242961 -2.698707e+01 -2.673119e+01 -2.647531e+01 -2.621945e+01 -2.596358e+01 -2.570772e+01 -2.545187e+01
  -25.196009 -2.494015e+01 -2.468429e+01 -2.442843e+01 -2.417257e+01 -2.391670e+01 -2.366082e+01 -2.340494e+01
  -23.149044 -2.289314e+01 -2.263721e+01 -2.238126e+01 -2.212529e+01 -2.186928e+01 -2.161323e+01 -2.135713e+01
  -21.100972 -2.084475e+01 -2.058846e+01 -2.033209e+01 -2.007566e+01 -1.981915e+01 -1.956259e+01 -1.930599e+01
  -19.049363 -1.879274e+01 -1.853614e+01 -1.827957e+01 -1.802305e+01 -1.776659e+01 4.445501e-02 1.814619e+00
    3.973285 3.976865e+00 1.896190e+01 1.000000e+00    12.646075 -3.109023e+01 -3.083216e+01 -3.057459e+01 -3.031742e+01 -3.006055e+01 -2.980391e+01 -2.954745e+01
  -29.291129 -2.903492e+01 -2.877879e+01 -2.852272e+01 -2.826671e+01 -2.801073e+01 -2.775479e+01 -2.749887e+01
  -27.242961 -2.698707e+01 -2.673119e+01 -2.647531e+01 -2.621945e+01 -2.596358e+01 -2.570772e+01 -2.545187e+01
  -25.196009 -2.494015e+01 -2.468429e+01 -2.442843e+01 -2.417257e+01 -2.391670e+01 -2.366082e+01 -2.340494e+01
  -23.149044 -2.289314e+01 -2.263721e+01 -2.238126e+01 -2.212529e+01 -2.186928e+01 -2.161323e+01 -2.135713e+01
  -21.100972 -2.084475e+01 -2.058846e+01 -2.033209e+01 -2.007566e+01 -1.981915e+01 -1.956259e+01 -1.930599e+01
  -19.049363 -1.879274e+01 -1.853614e+01 -1.827957e+01 -1.802305e+01 -1.776659e+01 -1.751020e+01 2.729773e-02
    1.989552 4.641493e+00 4.324008e+00 2.174011e+01 1.000000e+00    12.646075 -3.109023e+01 -3.083216e+01 -3.057459e+01 -3.031742e+01 -3.006055e+01 -2.980391e+01 -2.954745e+01
  -29.291129 -2.903492e+01 -2.877879e+01 -2.852272e+01 -2.826671e+01 -2.801073e+01 -2.775479e+01 -2.749887e+01
  -27.242961 -2.698707e+01 -2.673119e+01 -2.647531e+01 -2.621945e+01 -2.596358e+01 -2.570772e+01 -2.545187e+01
  -25.196009 -2.494015e+01 -2.468429e+01 -2.442843e+01 -2.417257e+01 -2.391670e+01 -2.366082e+01 -2.340494e+01
  -23.149044 -2.289314e+01 -2.263721e+01 -2.238126e+01 -2.212529e+01 -2.186928e+01 -2.161323e+01 -2.135713e+01
  -21.100972 -2.084475e+01 -2.058846e+01 -2.033209e+01 -2.007566e+01 -1.981915e+01 -1.956259e+01 -1.930599e+01
  -19.049363 -1.879274e+01 -1.853614e+01 -1.827957e+01 -1.802305e+01 -1.776659e+01 -1.751020e+01 -1.725386e+01
    0.016029 2.164441e+00 5.365285e+00 4.662087e+00 2.464616e+01 1.000000e+00    12.646075 -3.109023e+01 -3.083216e+01 -3.057459e+01 -3.031742e+01 -3.006055e+01 -2.980391e+01 -2.954745e+01
  -29.291129 -2.903492e+01 -2.877879e+01 -2.852272e+01 -2.826671e+01 -2.801073e+01 -2.775479e+01 -2.749887e+01
  -27.242961 -2.698707e+01 -2.673119e+01 -2.647531e+01 -2.621945e+01 -2.596358e+01 -2.570772e+01 -2.545187e+01
  -25.196009 -2.494015e+01 -2.468429e+01 -2.442843e+01 -2.417257e+01 -2.391670e+01 -2.366082e+01 -2.340494e+01
  -23.149044 -2.289314e+01 -2.263721e+01 -2.238126e+01 -2.212529e+01 -2.186928e+01 -2.161323e+01 -2.135713e+01
  -21.100972 -2.084475e+01 -2.058846e+01 -2.033209e+01 -2.007566e+01 -1.981915e+01 -1.956259e+01 -1.930599e+01
  -19.049363 -1.879274e+01 -1.853614e+01 -1.827957e+01 -1.802305e+01 -1.776659e+01 -1.751020e+01 -1.725386e+01
  -16.997591 9.001830e-03 2.337916e+00 6.138325e+00 4.988266e+00 2.764049e+01 1.000000e+00    12.646075 -3.109023e+01 -3.083216e+01 -3.057459e+01 -3.031742e+01 -3.006055e+01 -2.980391e+01 -2.954745e+01
  -29.291129 -2.903492e+01 -2.877879e+01 -2.852272e+01 -2.826671e+01 -2.801073e+01 -2.775479e+01 -2.749887e+01
  -27.242961 -2.698707e+01 -2.673119e+01 -2.647531e+01 -2.621945e+01 -2.596358e+01 -2.570772e+01 -2.545187e+01
  -25.196009 -2.494015e+01 -2.468429e+01 -2.442843e+01 -2.417257e+01 -2.391670e+01 -2.366082e+01 -2.340494e+01
  -23.149044 -2.289314e+01 -2.263721e+01 -2.238126e+01 -2.212529e+01 -2.186928e+01 -2.161323e+01 -2.135713e+01
  -21.100972 -2.084475e+01 -2.058846e+01 -2.033209e+01 -2.007566e+01 -1.981915e+01 -1.956259e+01 -1.930599e+01
  -19.049363 -1.879274e+01 -1.853614e+01 -1.827957e+01 -1.802305e+01 -1.776659e+01 -1.751020e+01 -1.725386e+01
  -16.997591 -1.674138e+01 4.837903e-03 2.508616e+00 6.952258e+00 5.300157e+00 3.068055e+01 1.000000e+00
   12.646075 -3.109023e+01 -3.083216e+01 -3.057459e+01 -3.031742e+01 -3.006055e+01 -2.980391e+01 -2.954745e+01
  -29.291129 -2.903492e+01 -2.877879e+01 -2.852272e+01 -2.826671e+01 -2.801073e+01 -2.775479e+01 -2.749887e+01
  -27.242961 -2.698707e+01 -2.673119e+01 -2.647531e+01 -2.621945e+01 -2.596358e+01 -2.570772e+01 -2.545187e+01
  -25.196009 -2.494015e+01 -2.468429e+01 -2.442843e+01 -2.417257e+01 -2.391670e+01 -2.366082e+01 -2.340494e+01
  -23.149044 -2.289314e+01 -2.263721e+01 -2.238126e+01 -2.212529e+01 -2.186928e+01 -2.161323e+01 -2.135713e+01
  -21.100972 -2.084475e+01 -2.058846e+01 -2.033209e+01 -2.007566e+01 -1.981915e+01 -1.956259e+01 -1.930599e+01
  -19.049363 -1.879274e+01 -1.853614e+01 -1.827957e+01 -1.802305e+01 -1.776659e+01 -1.751020e+01 -1.725386e+01
  -16.997591 -1.674138e+01 -1.648522e+01 2.490394e-03 2.675156e+00 7.796712e+00 5.595714e+00 3.372157e+01
    1.000000    12.646075 -3.109023e+01 -3.083216e+01 -3.057459e+01 -3.031742e+01 -3.006055e+01 -2.980391e+01 -2.954745e+01
  -29.291129 -2.903492e+01 -2.877879e+01 -2.852272e+01 -2.826671e+01 -2.801073e+01 -2.775479e+01 -2.749887e+01
  -27.242961 -2.698707e+01 -2.673119e+01 -2.647531e+01 -2.621945e+01 -2.596358e+01 -2.570772e+01 -2.545187e+01
  -25.196009 -2.494015e+01 -2.468429e+01 -2.442843e+01 -2.417257e+01 -2.391670e+01 -2.366082e+01 -2.340494e+01
  -23.149044 -2.289314e+01 -2.263721e+01 -2.238126e+01 -2.212529e+01 -2.186928e+01 -2.161323e+01 -2.135713e+01
  -21.100972 -2.084475e+01 -2.058846e+01 -2.033209e+01 -2.007566e+01 -1.981915e+01 -1.956259e+01 -1.930599e+01
  -19.049363 -1.879274e+01 -1.853614e+01 -1.827957e+01 -1.802305e+01 -1.776659e+01 -1.751020e+01 -1.725386e+01
  -16.997591 -1.674138e+01 -1.648522e+01 -1.622911e+01 1.229436e-03 2.836127e+00 8.659475e+00 5.873159e+00
   36.717523 1.000000e+00    12.646075 -3.109023e+01 -3.083216e+01 -3.057459e+01 -3.031742e+01 -3.006055e+01 -2.980391e+01 -2.954745e+01
  -29.291129 -2.903492e+01 -2.877879e+01 -2.852272e+01 -2.826671e+01 -2.801073e+01 -2.775479e+01 -2.749887e+01
  -27.242961 -2.698707e+01 -2.673119e+01 -2.647531e+01 -2.621945e+01 -2.596358e+01 -2.570772e+01 -2.545187e+01
  -25.196009 -2.494015e+01 -2.468429e+01 -2.442843e+01 -2.417257e+01 -2.391670e+01 -2.366082e+01 -2.340494e+01
  -23.149044 -2.289314e+01 -2.263721e+01 -2.238126e+01 -2.212529e+01 -2.186928e+01 -2.161323e+01 -2.135713e+01
  -21.100972 -2.084475e+01 -2.058846e+01 -2.033209e+01 -2.007566e+01 -1.981915e+01 -1.956259e+01 -1.930599e+01
  -19.049363 -1.879274e+01 -1.853614e+01 -1.827957e+01 -1.802305e+01 -1.776659e+01 -1.751020e+01 -1.725386e+01
  -16.997591 -1.674138e+01 -1.648522e+01 -1.622911e+01 -1.597304e+01 5.829993e-04 2.990127e+00 9.526922e+00
    6.130938 3.962240e+01 1.000000e+00    12.646075 -3.109023e+01 -3.083216e+01 -3.057459e+01 -3.031742e+01 -3.006055e+01 -2.980391e+01 -2.954745e+01
  -29.291129 -2.903492e+01 -2.877879e+01 -2.852272e+01 -2.826671e+01 -2.801073e+01 -2.775479e+01 -2.749887e+01
  -27.242961 -2.698707e+01 -2.673119e+01 -2.647531e+01 -2.621945e+01 -2.596358e+01 -2.570772e+01 -2.545187e+01
  -25.196009 -2.494015e+01 -2.468429e+01 -2.442843e+01 -2.417257e+01 -2.391670e+01 -2.366082e+01 -2.340494e+01
  -23.149044 -2.289314e+01 -2.263721e+01 -2.238126e+01 -2.212529e+01 -2.186928e+01 -2.161323e+01 -2.135713e+01
  -21.100972 -2.084475e+01 -2.058846e+01 -2.033209e+01 -2.007566e+01 -1.981915e+01 -1.956259e+01 -1.930599e+01
  -19.049363 -1.879274e+01 -1.853614e+01 -1.827957e+01 -1.802305e+01 -1.776659e+01 -1.751020e+01 -1.725386e+01
  -16.997591 -1.674138e+01 -1.648522e+01 -1.622911e+01 -1.597304e+01 -1.571700e+01 2.660744e-04 3.135830e+00
   10.384771 6.367738e+00 4.239192e+01 1.000000e+00    12.646075 -3.109023e+01 -3.083216e+01 -3.057459e+01 -3.031742e+01 -3.006055e+01 -2.980391e+01 -2.954745e+01
  -29.291129 -2.903492e+01 -2.877879e+01 -2.852272e+01 -2.826671e+01 -2.801073e+01 -2.775479e+01 -2.749887e+01
  -27.242961 -2.698707e+01 -2.673119e+01 -2.647531e+01 -2.621945e+01 -2.596358e+01 -2.570772e+01 -2.545187e+01
  -25.196009 -2.494015e+01 -2.468429e+01 -2.442843e+01 -2.417257e+01 -2.391670e+01 -2.366082e+01 -2.340494e+01
  -23.149044 -2.289314e+01 -2.263721e+01 -2.238126e+01 -2.212529e+01 -2.186928e+01 -2.161323e+01 -2.135713e+01
  -21.100972 -2.084475e+01 -2.058846e+01 -2.033209e+01 -2.007566e+01 -1.981915e+01 -1.956259e+01 -1.930599e+01
  -19.049363 -1.879274e+01 -1.853614e+01 -1.827957e+01 -1.802305e+01 -1.776659e+01 -1.751020e+01 -1.725386e+01
  -16.997591 -1.674138e+01 -1.648522e+01 -1.622911e+01 -1.597304e+01 -1.571700e+01 -1.546100e+01 1.171379e-04
    3.272092 1.121924e+01 6.582547e+00 4.498570e+01 1.000000e+00    12.646075 -3.109023e+01 -3.083216e+01 -3.057459e+01 -3.031742e+01 -3.006055e+01 -2.980391e+01 -2.954745e+01
  -29.291129 -2.903492e+01 -2.877879e+01 -2.852272e+01 -2.826671e+01 -2.801073e+01 -2.775479e+01 -2.749887e+01
  -27.242961 -2.698707e+01 -2.673119e+01 -2.647531e+01 -2.621945e+01 -2.596358e+01 -2.570772e+01 -2.545187e+01
  -25.196009 -2.494015e+01 -2.468429e+01 -2.442843e+01 -2.417257e+01 -2.391670e+01 -2.366082e+01 -2.340494e+01
  -23.149044 -2.289314e+01 -2.263721e+01 -2.238126e+01 -2.212529e+01 -2.186928e+01 -2.161323e+01 -2.135713e+01
  -21.100972 -2.084475e+01 -2.058846e+01 -2.033209e+01 -2.007566e+01 -1.981915e+01 -1.956259e+01 -1.930599e+01
  -19.049363 -1.879274e+01 -1.853614e+01 -1.827957e+01 -1.802305e+01 -1.776659e+01 -1.751020e+01 -1.725386e+01
  -16.997591 -1.674138e+01 -1.648522e+01 -1.622911e+01 -1.597304e+01 -1.571700e+01 -1.546100e+01 -1.520503e+01
    0.000050 3.398089e+00 1.201856e+01 6.774749e+00 4.737005e+01 1.000000e+00    12.646075 -3.109023e+01 -3.083216e+01 -3.057459e+01 -3.031742e+01 -3.006055e+01 -2.980391e+01 -2.954745e+01
  -29.291129 -2.903492e+01 -2.877879e+01 -2.852272e+01 -2.826671e+01 -2.801073e+01 -2.775479e+01 -2.749887e+01
  -27.242961 -2.698707e+01 -2.673119e+01 -2.647531e+01 -2.621945e+01 -2.596358e+01 -2.570772e+01 -2.545187e+01
  -25.196009 -2.494015e+01 -2.468429e+01 -2.442843e+01 -2.417257e+01 -2.391670e+01 -2.366082e+01 -2.340494e+01
  -23.149044 -2.289314e+01 -2.263721e+01 -2.238126e+01 -2.212529e+01 -2.186928e+01 -2.161323e+01 -2.135713e+01
  -21.100972 -2.084475e+01 -2.058846e+01 -2.033209e+01 -2.007566e+01 -1.981915e+01 -1.956259e+01 -1.930599e+01
  -19.049363 -1.879274e+01 -1.853614e+01 -1.827957e+01 -1.802305e+01 -1.776659e+01 -1.751020e+01 -1.725386e+01
  -16.997591 -1.674138e+01 -1.648522e+01 -1.622911e+01 -1.597304e+01 -1.571700e+01 -1.546100e+01 -1.520503e+01
  -14.949084 2.058804e-05 3.513460e+00 1.277451e+01 6.944247e+00 4.952065e+01 1.000000e+00    12.646075 -3.109023e+01 -3.083216e+01 -3.057459e+01 -3.031742e+01 -3.006055e+01 -2.980391e+01 -2.954745e+01
  -29.291129 -2.903492e+01 -2.877879e+01 -2.852272e+01 -2.826671e+01 -2.801073e+01 -2.775479e+01 -2.749887e+01
  -27.242961 -2.698707e+01 -2.673119e+01 -2.647531e+01 -2.621945e+01 -2.596358e+01 -2.570772e+01 -2.545187e+01
  -25.196009 -2.494015e+01 -2.468429e+01 -2.442843e+01 -2.417257e+01 -2.391670e+01 -2.366082e+01 -2.340494e+01
  -23.149044 -2.289314e+01 -2.263721e+01 -2.238126e+01 -2.212529e+01 -2.186928e+01 -2.161323e+01 -2.135713e+01
  -21.100972 -2.084475e+01 -2.058846e+01 -2.033209e+01 -2.007566e+01 -1.981915e+01 -1.956259e+01 -1.930599e+01
  -19.049363 -1.879274e+01 -1.853614e+01 -1.827957e+01 -1.802305e+01 -1.776659e+01 -1.751020e+01 -1.725386e+01
  -16.997591 -1.674138e+01 -1.648522e+01 -1.622911e+01 -1.597304e+01 -1.571700e+01 -1.546100e+01 -1.520503e+01
  -14.949084 -1.469316e+01 8.263659e-06 3.618430e+00 1.348380e+01 7.091542e+00 5.142457e+01 1.000000e+00
   12.646075 -3.109023e+01 -3.083216e+01 -3.057459e+01 -3.031742e+01 -3.006055e+01 -2.980391e+01 -2.954745e+01
  -29.291129 -2.903492e+01 -2.877879e+01 -2.852272e+01 -2.826671e+01 -2.801073e+01 -2.775479e+01 -2.749887e+01
  -27.242961 -2.698707e+01 -2.673119e+01 -2.647531e+01 -2.621945e+01 -2.596358e+01 -2.570772e+01 -2.545187e+01
  -25.196009 -2.494015e+01 -2.468429e+01 -2.442843e+01 -2.417257e+01 -2.391670e+01 -2.366082e+01 -2.340494e+01
  -23.149044 -2.289314e+01 -2.263721e+01 -2.238126e+01 -2.212529e+01 -2.186928e+01 -2.161323e+01 -2.135713e+01
  -21.100972 -2.084475e+01 -2.058846e+01 -2.033209e+01 -2.007566e+01 -1.981915e+01 -1.956259e+01 -1.930599e+01
  -19.049363 -1.879274e+01 -1.853614e+01 -1.827957e+01 -1.802305e+01 -1.776659e+01 -1.751020e+01 -1.725386e+01
  -16.997591 -1.674138e+01 -1.648522e+01 -1.622911e+01 -1.597304e+01 -1.571700e+01 -1.546100e+01 -1.520503e+01
  -14.949084 -1.469316e+01 -1.443724e+01 3.233179e-06 3.713861e+00 1.414878e+01 7.217753e+00 5.308093e+01
    1.000000    12.646075 -3.109023e+01 -3.083216e+01 -3.057459e+01 -3.031742e+01 -3.006055e+01 -2.980391e+01 -2.954745e+01
  -29.291129 -2.903492e+01 -2.877879e+01 -2.852272e+01 -2.826671e+01 -2.801073e+01 -2.775479e+01 -2.749887e+01
  -27.242961 -2.698707e+01 -2.673119e+01 -2.647531e+01 -2.621945e+01 -2.596358e+01 -2.570772e+01 -2.545187e+01
  -25.196009 -2.494015e+01 -2.468429e+01 -2.442843e+01 -2.417257e+01 -2.391670e+01 -2.366082e+01 -2.340494e+01
  -23.149044 -2.289314e+01 -2.263721e+01 -2.238126e+01 -2.212529e+01 -2.186928e+01 -2.161323e+01 -2.135713e+01
  -21.100972 -2.084475e+01 -2.058846e+01 -2.033209e+01 -2.007566e+01 -1.981915e+01 -1.956259e+01 -1.930599e+01
  -19.049363 -1.879274e+01 -1.853614e+01 -1.827957e+01 -1.802305e+01 -1.776659e+01 -1.751020e+01 -1.725386e+01
  -16.997591 -1.674138e+01 -1.648522e+01 -1.622911e+01 -1.597304e+01 -1.571700e+01 -1.546100e+01 -1.520503e+01
  -14.949084 -1.469316e+01 -1.443724e+01 -1.418134e+01 1.235855e-06 3.801236e+00 1.477760e+01 7.324539e+00
   54.499841 1.000000e+00    12.646075 -3.109023e+01 -3.083216e+01 -3.057459e+01 -3.031742e+01 -3.006055e+01 -2.980391e+01 -2.954745e+01
  -29.291129 -2.903492e+01 -2.877879e+01 -2.852272e+01 -2.826671e+01 -2.801073e+01 -2.775479e+01 -2.749887e+01
  -27.242961 -2.698707e+01 -2.673119e+01 -2.647531e+01 -2.621945e+01 -2.596358e+01 -2.570772e+01 -2.545187e+01
  -25.196009 -2.494015e+01 -2.468429e+01 -2.442843e+01 -2.417257e+01 -2.391670e+01 -2.366082e+01 -2.340494e+01
  -23.149044 -2.289314e+01 -2.263721e+01 -2.238126e+01 -2.212529e+01 -2.186928e+01 -2.161323e+01 -2.135713e+01
  -21.100972 -2.084475e+01 -2.058846e+01 -2.033209e+01 -2.007566e+01 -1.981915e+01 -1.956259e+01 -1.930599e+01
  -19.049363 -1.879274e+01 -1.853614e+01 -1.827957e+01 -1.802305e+01 -1.776659e+01 -1.751020e+01 -1.725386e+01
  -16.997591 -1.674138e+01 -1.648522e+01 -1.622911e+01 -1.597304e+01 -1.571700e+01 -1.546100e+01 -1.520503e+01
  -14.949084 -1.469316e+01 -1.443724e+01 -1.418134e+01 -1.392546e+01 4.623480e-07 3.882586e+00 1.538371e+01
    7.413961 5.570022e+01 1.000000e+00    12.646075 -3.109023e+01 -3.083216e+01 -3.057459e+01 -3.031742e+01 -3.006055e+01 -2.980391e+01 -2.954745e+01
  -29.291129 -2.903492e+01 -2.877879e+01 -2.852272e+01 -2.826671e+01 -2.801073e+01 -2.775479e+01 -2.749887e+01
  -27.242961 -2.698707e+01 -2.673119e+01 -2.647531e+01 -2.621945e+01 -2.596358e+01 -2.570772e+01 -2.545187e+01
  -25.196009 -2.494015e+01 -2.468429e+01 -2.442843e+01 -2.417257e+01 -2.391670e+01 -2.366082e+01 -2.340494e+01
  -23.149044 -2.289314e+01 -2.263721e+01 -2.238126e+01 -2.212529e+01 -2.186928e+01 -2.161323e+01 -2.135713e+01
  -21.100972 -2.084475e+01 -2.058846e+01 -2.033209e+01 -2.007566e+01 -1.981915e+01 -1.956259e+01 -1.930599e+01
  -19.049363 -1.879274e+01 -1.853614e+01 -1.827957e+01 -1.802305e+01 -1.776659e+01 -1.751020e+01 -1.725386e+01
  -16.997591 -1.674138e+01 -1.648522e+01 -1.622911e+01 -1.597304e+01 -1.571700e+01 -1.546100e+01 -1.520503e+01
  -14.949084 -1.469316e+01 -1.443724e+01 -1.418134e+01 -1.392546e+01 -1.366958e+01 1.694994e-07 3.960374e+00
   15.985146 7.488310e+00 5.670685e+01 1.000000e+00    12.646075 -3.109023e+01 -3.083216e+01 -3.057459e+01 -3.031742e+01 -3.006055e+01 -2.980391e+01 -2.954745e+01
  -29.291129 -2.903492e+01 -2.877879e+01 -2.852272e+01 -2.826671e+01 -2.801073e+01 -2.775479e+01 -2.749887e+01
  -27.242961 -2.698707e+01 -2.673119e+01 -2.647531e+01 -2.621945e+01 -2.596358e+01 -2.570772e+01 -2.545187e+01
  -25.196009 -2.494015e+01 -2.468429e+01 -2.442843e+01 -2.417257e+01 -2.391670e+01 -2.366082e+01 -2.340494e+01
  -23.149044 -2.289314e+01 -2.263721e+01 -2.238126e+01 -2.212529e+01 -2.186928e+01 -2.161323e+01 -2.135713e+01
  -21.100972 -2.084475e+01 -2.058846e+01 -2.033209e+01 -2.007566e+01 -1.981915e+01 -1.956259e+01 -1.930599e+01
  -19.049363 -1.879274e+01 -1.853614e+01 -1.827957e+01 -1.802305e+01 -1.776659e+01 -1.751020e+01 -1.725386e+01
  -16.997591 -1.674138e+01 -1.648522e+01 -1.622911e+01 -1.597304e+01 -1.571700e+01 -1.546100e+01 -1.520503e+01
  -14.949084 -1.469316e+01 -1.443724e+01 -1.418134e+01 -1.392546e+01 -1.366958e+01 -1.341371e+01 6.092651e-08
    4.037374 1.660360e+01 7.549936e+00 5.754747e+01 1.000000e+00    12.646075 -3.109023e+01 -3.083216e+01 -3.057459e+01 -3.031742e+01 -3.006055e+01 -2.980391e+01 -2.954745e+01
  -29.291129 -2.903492e+01 -2.877879e+01 -2.852272e+01 -2.826671e+01 -2.801073e+01 -2.775479e+01 -2.749887e+01
  -27.242961 -2.698707e+01 -2.673119e+01 -2.647531e+01 -2.621945e+01 -2.596358e+01 -2.570772e+01 -2.545187e+01
  -25.196009 -2.494015e+01 -2.468429e+01 -2.442843e+01 -2.417257e+01 -2.391670e+01 -2.366082e+01 -2.340494e+01
  -23.149044 -2.289314e+01 -2.263721e+01 -2.238126e+01 -2.212529e+01 -2.186928e+01 -2.161323e+01 -2.135713e+01
  -21.100972 -2.084475e+01 -2.058846e+01 -2.033209e+01 -2.007566e+01 -1.981915e+01 -1.956259e+01 -1.930599e+01
  -19.049363 -1.879274e+01 -1.853614e+01 -1.827957e+01 -1.802305e+01 -1.776659e+01 -1.751020e+01 -1.725386e+01
  -16.997591 -1.674138e+01 -1.648522e+01 -1.622911e+01 -1.597304e+01 -1.571700e+01 -1.546100e+01 -1.520503e+01
  -14.949084 -1.469316e+01 -1.443724e+01 -1.418134e+01 -1.392546e+01 -1.366958e+01 -1.341371e+01 -1.315784e+01
    0.000000 4.116547e+00 1.726359e+01 7.601112e+00 5.825034e+01 1.000000e+00    12.646075 -3.109023e+01 -3.083216e+01 -3.057459e+01 -3.031742e+01 -3.006055e+01 -2.980391e+01 -2.954745e+01
  -29.291129 -2.903492e+01 -2.877879e+01 -2.852272e+01 -2.826671e+01 -2.801073e+01 -2.775479e+01 -2.749887e+01
  -27.242961 -2.698707e+01 -2.673119e+01 -2.647531e+01 -2.621945e+01 -2.596358e+01 -2.570772e+01 -2.545187e+01
  -25.196009 -2.494015e+01 -2.468429e+01 -2.442843e+01 -2.417257e+01 -2.391670e+01 -2.366082e+01 -2.340494e+01
  -23.149044 -2.289314e+01 -2.263721e+01 -2.238126e+01 -2.212529e+01 -2.186928e+01 -2.161323e+01 -2.135713e+01
  -21.100972 -2.084475e+01 -2.058846e+01 -2.033209e+01 -2.007566e+01 -1.981915e+01 -1.956259e+01 -1.930599e+01
  -19.049363 -1.879274e+01 -1.853614e+01 -1.827957e+01 -1.802305e+01 -1.776659e+01 -1.751020e+01 -1.725386e+01
  -16.997591 -1.674138e+01 -1.648522e+01 -1.622911e+01 -1.597304e+01 -1.571700e+01 -1.546100e+01 -1.520503e+01
  -14.949084 -1.469316e+01 -1.443724e+01 -1.418134e+01 -1.392546e+01 -1.366958e+01 -1.341371e+01 -1.315784e+01
  -12.901983 7.408919e-09 4.200920e+00 1.799156e+01 7.643932e+00 5.884239e+01 1.000000e+00    12.646075 -3.109023e+01 -3.083216e+01 -3.057459e+01 -3.031742e+01 -3.006055e+01 -2.980391e+01 -2.954745e+01
  -29.291129 -2.903492e+01 -2.877879e+01 -2.852272e+01 -2.826671e+01 -2.801073e+01 -2.775479e+01 -2.749887e+01
  -27.242961 -2.698707e+01 -2.673119e+01 -2.647531e+01 -2.621945e+01 -2.596358e+01 -2.570772e+01 -2.545187e+01
  -25.196009 -2.494015e+01 -2.468429e+01 -2.442843e+01 -2.417257e+01 -2.391670e+01 -2.366082e+01 -2.340494e+01
  -23.149044 -2.289314e+01 -2.263721e+01 -2.238126e+01 -2.212529e+01 -2.186928e+01 -2.161323e+01 -2.135713e+01
  -21.100972 -2.084475e+01 -2.058846e+01 -2.033209e+01 -2.007566e+01 -1.981915e+01 -1.956259e+01 -1.930599e+01
  -19.049363 -1.879274e+01 -1.853614e+01 -1.827957e+01 -1.802305e+01 -1.776659e+01 -1.751020e+01 -1.725386e+01
  -16.997591 -1.674138e+01 -1.648522e+01 -1.622911e+01 -1.597304e+01 -1.571700e+01 -1.546100e+01 -1.520503e+01
  -14.949084 -1.469316e+01 -1.443724e+01 -1.418134e+01 -1.392546e+01 -1.366958e+01 -1.341371e+01 -1.315784e+01
  -12.901983 -1.264613e+01 2.499821e-09 4.293448e+00 1.881493e+01 7.680250e+00 5.934799e+01 1.000000e+00
   12.646075 -3.109023e+01 -3.083216e+01 -3.057459e+01 -3.031742e+01 -3.006055e+01 -2.980391e+01 -2.954745e+01
  -29.291129 -2.903492e+01 -2.877879e+01 -2.852272e+01 -2.826671e+01 -2.801073e+01 -2.775479e+01 -2.749887e+01
  -27.242961 -2.698707e+01 -2.673119e+01 -2.647531e+01 -2.621945e+01 -2.596358e+01 -2.570772e+01 -2.545187e+01
  -25.196009 -2.494015e+01 -2.468429e+01 -2.442843e+01 -2.417257e+01 -2.391670e+01 -2.366082e+01 -2.340494e+01
  -23.149044 -2.289314e+01 -2.263721e+01 -2.238126e+01 -2.212529e+01 -2.186928e+01 -2.161323e+01 -2.135713e+01
  -21.100972 -2.084475e+01 -2.058846e+01 -2.033209e+01 -2.007566e+01 -1.981915e+01 -1.956259e+01 -1.930599e+01
  -19.049363 -1.879274e+01 -1.853614e+01 -1.827957e+01 -1.802305e+01 -1.776659e+01 -1.751020e+01 -1.725386e+01
  -16.997591 -1.674138e+01 -1.648522e+01 -1.622911e+01 -1.597304e+01 -1.571700e+01 -1.546100e+01 -1.520503e+01
  -14.949084 -1.469316e+01 -1.443724e+01 -1.418134e+01 -1.392546e+01 -1.366958e+01 -1.341371e+01 -1.315784e+01
  -12.901983 -1.264613e+01 -1.239027e+01 8.226337e-10 4.396850e+00 1.976086e+01 7.711644e+00 5.978820e+01
    1.000000    12.646075 -3.109023e+01 -3.083216e+01 -3.057459e+01 -3.031742e+01 -3.006055e+01 -2.980391e+01 -2.954745e+01
  -29.291129 -2.903492e+01 -2.877879e+01 -2.852272e+01 -2.826671e+01 -2.801073e+01 -2.775479e+01 -2.749887e+01
  -27.242961 -2.698707e+01 -2.673119e+01 -2.647531e+01 -2.621945e+01 -2.596358e+01 -2.570772e+01 -2.545187e+01
  -25.196009 -2.494015e+01 -2.468429e+01 -2.442843e+01 -2.417257e+01 -2.391670e+01 -2.366082e+01 -2.340494e+01
  -23.149044 -2.289314e+01 -2.263721e+01 -2.238126e+01 -2.212529e+01 -2.186928e+01 -2.161323e+01 -2.135713e+01
  -21.100972 -2.084475e+01 -2.058846e+01 -2.033209e+01 -2.007566e+01 -1.981915e+01 -1.956259e+01 -1.930599e+01
  -19.049363 -1.879274e+01 -1.853614e+01 -1.827957e+01 -1.802305e+01 -1.776659e+01 -1.751020e+01 -1.725386e+01
  -16.997591 -1.674138e+01 -1.648522e+01 -1.622911e+01 -1.597304e+01 -1.571700e+01 -1.546100e+01 -1.520503e+01
  -14.949084 -1.469316e+01 -1.443724e+01 -1.418134e+01 -1.392546e+01 -1.366958e+01 -1.341371e+01 -1.315784e+01
  -12.901983 -1.264613e+01 -1.239027e+01 -1.213442e+01 2.632122e-10 4.513419e+00 2.085470e+01 7.739402e+00
   60.180346 1.000000e+00    12.646075 -3.109023e+01 -3.083216e+01 -3.057459e+01 -3.031742e+01 -3.006055e+01 -2.980391e+01 -2.954745e+01
  -29.291129 -2.903492e+01 -2.877879e+01 -2.852272e+01 -2.826671e+01 -2.801073e+01 -2.775479e+01 -2.749887e+01
  -27.242961 -2.698707e+01 -2.673119e+01 -2.647531e+01 -2.621945e+01 -2.596358e+01 -2.570772e+01 -2.545187e+01
  -25.196009 -2.494015e+01 -2.468429e+01 -2.442843e+01 -2.417257e+01 -2.391670e+01 -2.366082e+01 -2.340494e+01
  -23.149044 -2.289314e+01 -2.263721e+01 -2.238126e+01 -2.212529e+01 -2.186928e+01 -2.161323e+01 -2.135713e+01
  -21.100972 -2.084475e+01 -2.058846e+01 -2.033209e+01 -2.007566e+01 -1.981915e+01 -1.956259e+01 -1.930599e+01
  -19.049363 -1.879274e+01 -1.853614e+01 -1.827957e+01 -1.802305e+01 -1.776659e+01 -1.751020e+01 -1.725386e+01
  -16.997591 -1.674138e+01 -1.648522e+01 -1.622911e+01 -1.597304e+01 -1.571700e+01 -1.546100e+01 -1.520503e+01
  -14.949084 -1.469316e+01 -1.443724e+01 -1.418134e+01 -1.392546e+01 -1.366958e+01 -1.341371e+01 -1.315784e+01
  -12.901983 -1.264613e+01 -1.239027e+01 -1.213442e+01 -1.187857e+01 8.159150e-11 4.644810e+00 2.211814e+01
    7.764520 6.053787e+01 1.000000e+00    12.646075 -3.109023e+01 -3.083216e+01 -3.057459e+01 -3.031742e+01 -3.006055e+01 -2.980391e+01 -2.954745e+01
  -29.291129 -2.903492e+01 -2.877879e+01 -2.852272e+01 -2.826671e+01 -2.801073e+01 -2.775479e+01 -2.749887e+01
  -27.242961 -2.698707e+01 -2.673119e+01 -2.647531e+01 -2.621945e+01 -2.596358e+01 -2.570772e+01 -2.545187e+01
  -25.196009 -2.494015e+01 -2.468429e+01 -2.442843e+01 -2.417257e+01 -2.391670e+01 -2.366082e+01 -2.340494e+01
  -23.149044 -2.289314e+01 -2.263721e+01 -2.238126e+01 -2.212529e+01 -2.186928e+01 -2.161323e+01 -2.135713e+01
  -21.100972 -2.084475e+01 -2.058846e+01 -2.033209e+01 -2.007566e+01 -1.981915e+01 -1.956259e+01 -1.930599e+01
  -19.049363 -1.879274e+01 -1.853614e+01 -1.827957e+01 -1.802305e+01 -1.776659e+01 -1.751020e+01 -1.725386e+01
  -16.997591 -1.674138e+01 -1.648522e+01 -1.622911e+01 -1.597304e+01 -1.571700e+01 -1.546100e+01 -1.520503e+01
  -14.949084 -1.469316e+01 -1.443724e+01 -1.418134e+01 -1.392546e+01 -1.366958e+01 -1.341371e+01 -1.315784e+01
  -12.901983 -1.264613e+01 -1.239027e+01 -1.213442e+01 -1.187857e+01 -1.162272e+01 2.440741e-11 4.791842e+00
   23.567146 7.787711e+00 6.087038e+01 1.000000e+00    12.646075 -3.109023e+01 -3.083216e+01 -3.057459e+01 -3.031742e+01 -3.006055e+01 -2.980391e+01 -2.954745e+01
  -29.291129 -2.903492e+01 -2.877879e+01 -2.852272e+01 -2.826671e+01 -2.801073e+01 -2.775479e+01 -2.749887e+01
  -27.242961 -2.698707e+01 -2.673119e+01 -2.647531e+01 -2.621945e+01 -2.596358e+01 -2.570772e+01 -2.545187e+01
  -25.196009 -2.494015e+01 -2.468429e+01 -2.442843e+01 -2.417257e+01 -2.391670e+01 -2.366082e+01 -2.340494e+01
  -23.149044 -2.289314e+01 -2.263721e+01 -2.238126e+01 -2.212529e+01 -2.186928e+01 -2.161323e+01 -2.135713e+01
  -21.100972 -2.084475e+01 -2.058846e+01 -2.033209e+01 -2.007566e+01 -1.981915e+01 -1.956259e+01 -1.930599e+01
  -19.049363 -1.879274e+01 -1.853614e+01 -1.827957e+01 -1.802305e+01 -1.776659e+01 -1.751020e+01 -1.725386e+01
  -16.997591 -1.674138e+01 -1.648522e+01 -1.622911e+01 -1.597304e+01 -1.571700e+01 -1.546100e+01 -1.520503e+01
  -14.949084 -1.469316e+01 -1.443724e+01 -1.418134e+01 -1.392546e+01 -1.366958e+01 -1.341371e+01 -1.315784e+01
  -12.901983 -1.264613e+01 -1.239027e+01 -1.213442e+01 -1.187857e+01 -1.162272e+01 -1.136688e+01 7.017726e-12
    4.954373 2.521021e+01 7.809434e+00 6.118393e+01 1.000000e+00    12.646075 -3.109023e+01 -3.083216e+01 -3.057459e+01 -3.031742e+01 -3.006055e+01 -2.980391e+01 -2.954745e+01
  -29.291129 -2.903492e+01 -2.877879e+01 -2.852272e+01 -2.826671e+01 -2.801073e+01 -2.775479e+01 -2.749887e+01
  -27.242961 -2.698707e+01 -2.673119e+01 -2.647531e+01 -2.621945e+01 -2.596358e+01 -2.570772e+01 -2.545187e+01
  -25.196009 -2.494015e+01 -2.468429e+01 -2.442843e+01 -2.417257e+01 -2.391670e+01 -2.366082e+01 -2.340494e+01
  -23.149044 -2.289314e+01 -2.263721e+01 -2.238126e+01 -2.212529e+01 -2.186928e+01 -2.161323e+01 -2.135713e+01
  -21.100972 -2.084475e+01 -2.058846e+01 -2.033209e+01 -2.007566e+01 -1.981915e+01 -1.956259e+01 -1.930599e+01
  -19.049363 -1.879274e+01 -1.853614e+01 -1.827957e+01 -1.802305e+01 -1.776659e+01 -1.751020e+01 -1.725386e+01
  -16.997591 -1.674138e+01 -1.648522e+01 -1.622911e+01 -1.597304e+01 -1.571700e+01 -1.546100e+01 -1.520503e+01
  -14.949084 -1.469316e+01 -1.443724e+01 -1.418134e+01 -1.392546e+01 -1.366958e+01 -1.341371e+01 -1.315784e+01
  -12.901983 -1.264613e+01 -1.239027e+01 -1.213442e+01 -1.187857e+01 -1.162272e+01 -1.136688e+01 -1.111103e+01
    0.000000 5.131276e+00 2.704716e+01 7.829933e+00 6.148155e+01 1.000000e+00    12.646075 -3.109023e+01 -3.083216e+01 -3.057459e+01 -3.031742e+01 -3.006055e+01 -2.980391e+01 -2.954745e+01
  -29.291129 -2.903492e+01 -2.877879e+01 -2.852272e+01 -2.826671e+01 -2.801073e+01 -2.775479e+01 -2.749887e+01
  -27.242961 -2.698707e+01 -2.673119e+01 -2.647531e+01 -2.621945e+01 -2.596358e+01 -2.570772e+01 -2.545187e+01
  -25.196009 -2.494015e+01 -2.468429e+01 -2.442843e+01 -2.417257e+01 -2.391670e+01 -2.366082e+01 -2.340494e+01
  -23.149044 -2.289314e+01 -2.263721e+01 -2.238126e+01 -2.212529e+01 -2.186928e+01 -2.161323e+01 -2.135713e+01
  -21.100972 -2.084475e+01 -2.058846e+01 -2.033209e+01 -2.007566e+01 -1.981915e+01 -1.956259e+01 -1.930599e+01
  -19.049363 -1.879274e+01 -1.853614e+01 -1.827957e+01 -1.802305e+01 -1.776659e+01 -1.751020e+01 -1.725386e+01
  -16.997591 -1.674138e+01 -1.648522e+01 -1.622911e+01 -1.597304e+01 -1.571700e+01 -1.546100e+01 -1.520503e+01
  -14.949084 -1.469316e+01 -1.443724e+01 -1.418134e+01 -1.392546e+01 -1.366958e+01 -1.341371e+01 -1.315784e+01
  -12.901983 -1.264613e+01 -1.239027e+01 -1.213442e+01 -1.187857e+01 -1.162272e+01 -1.136688e+01 -1.111103e+01
  -10.855186 5.075054e-13 5.320547e+00 2.906887e+01 7.849289e+00 6.176403e+01 1.000000e+00    12.646075 -3.109023e+01 -3.083216e+01 -3.057459e+01 -3.031742e+01 -3.006055e+01 -2.980391e+01 -2.954745e+01
  -29.291129 -2.903492e+01 -2.877879e+01 -2.852272e+01 -2.826671e+01 -2.801073e+01 -2.775479e+01 -2.749887e+01
  -27.242961 -2.698707e+01 -2.673119e+01 -2.647531e+01 -2.621945e+01 -2.596358e+01 -2.570772e+01 -2.545187e+01
  -25.196009 -2.494015e+01 -2.468429e+01 -2.442843e+01 -2.417257e+01 -2.391670e+01 -2.366082e+01 -2.340494e+01
  -23.149044 -2.289314e+01 -2.263721e+01 -2.238126e+01 -2.212529e+01 -2.186928e+01 -2.161323e+01 -2.135713e+01
  -21.100972 -2.084475e+01 -2.058846e+01 -2.033209e+01 -2.007566e+01 -1.981915e+01 -1.956259e+01 -1.930599e+01
  -19.049363 -1.879274e+01 -1.853614e+01 -1.827957e+01 -1.802305e+01 -1.776659e+01 -1.751020e+01 -1.725386e+01
  -16.997591 -1.674138e+01 -1.648522e+01 -1.622911e+01 -1.597304e+01 -1.571700e+01 -1.546100e+01 -1.520503e+01
  -14.949084 -1.469316e+01 -1.443724e+01 -1.418134e+01 -1.392546e+01 -1.366958e+01 -1.341371e+01 -1.315784e+01
  -12.901983 -1.264613e+01 -1.239027e+01 -1.213442e+01 -1.187857e+01 -1.162272e+01 -1.136688e+01 -1.111103e+01
  -10.855186 -1.059934e+01 1.268486e-13 5.519525e+00 3.125795e+01 7.867482e+00 6.203071e+01 1.000000e+00
   12.646075 -3.109023e+01 -3.083216e+01 -3.057459e+01 -3.031742e+01 -3.006055e+01 -2.980391e+01 -2.954745e+01
  -29.291129 -2.903492e+01 -2.877879e+01 -2.852272e+01 -2.826671e+01 -2.801073e+01 -2.775479e+01 -2.749887e+01
  -27.242961 -2.698707e+01 -2.673119e+01 -2.647531e+01 -2.621945e+01 -2.596358e+01 -2.570772e+01 -2.545187e+01
  -25.196009 -2.494015e+01 -2.468429e+01 -2.442843e+01 -2.417257e+01 -2.391670e+01 -2.366082e+01 -2.340494e+01
  -23.149044 -2.289314e+01 -2.263721e+01 -2.238126e+01 -2.212529e+01 -2.186928e+01 -2.161323e+01 -2.135713e+01
  -21.100972 -2.084475e+01 -2.058846e+01 -2.033209e+01 -2.007566e+01 -1.981915e+01 -1.956259e+01 -1.930599e+01
  -19.049363 -1.879274e+01 -1.853614e+01 -1.827957e+01 -1.802305e+01 -1.776659e+01 -1.751020e+01 -1.725386e+01
  -16.997591 -1.674138e+01 -1.648522e+01 -1.622911e+01 -1.597304e+01 -1.571700e+01 -1.546100e+01 -1.520503e+01
  -14.949084 -1.469316e+01 -1.443724e+01 -1.418134e+01 -1.392546e+01 -1.366958e+01 -1.341371e+01 -1.315784e+01
  -12.901983 -1.264613e+01 -1.239027e+01 -1.213442e+01 -1.187857e+01 -1.162272e+01 -1.136688e+01 -1.111103e+01
  -10.855186 -1.059934e+01 -1.034350e+01 3.010398e-14 5.725153e+00 3.358992e+01 7.884444e+00 6.228030e+01
    1.000000    12.646075 -3.109023e+01 -3.083216e+01 -3.057459e+01 -3.031742e+01 -3.006055e+01 -2.980391e+01 -2.954745e+01
  -29.291129 -2.903492e+01 -2.877879e+01 -2.852272e+01 -2.826671e+01 -2.801073e+01 -2.775479e+01 -2.749887e+01
  -27.242961 -2.698707e+01 -2.673119e+01 -2.647531e+01 -2.621945e+01 -2.596358e+01 -2.570772e+01 -2.545187e+01
  -25.196009 -2.494015e+01 -2.468429e+01 -2.442843e+01 -2.417257e+01 -2.391670e+01 -2.366082e+01 -2.340494e+01
  -23.149044 -2.289314e+01 -2.263721e+01 -2.238126e+01 -2.212529e+01 -2.186928e+01 -2.161323e+01 -2.135713e+01
  -21.100972 -2.084475e+01 -2.058846e+01 -2.033209e+01 -2.007566e+01 -1.981915e+01 -1.956259e+01 -1.930599e+01
  -19.049363 -1.879274e+01 -1.853614e+01 -1.827957e+01 -1.802305e+01 -1.776659e+01 -1.751020e+01 -1.725386e+01
  -16.997591 -1.674138e+01 -1.648522e+01 -1.622911e+01 -1.597304e+01 -1.571700e+01 -1.546100e+01 -1.520503e+01
  -14.949084 -1.469316e+01 -1.443724e+01 -1.418134e+01 -1.392546e+01 -1.366958e+01 -1.341371e+01 -1.315784e+01
  -12.901983 -1.264613e+01 -1.239027e+01 -1.213442e+01 -1.187857e+01 -1.162272e+01 -1.136688e+01 -1.111103e+01
  -10.855186 -1.059934e+01 -1.034350e+01 -1.008765e+01 6.774775e-15 5.934209e+00 3.603443e+01 7.900103e+00
   62.511456 1.000000e+00    12.646075 -3.109023e+01 -3.083216e+01 -3.057459e+01 -3.031742e+01 -3.006055e+01 -2.980391e+01 -2.954745e+01
  -29.291129 -2.903492e+01 -2.877879e+01 -2.852272e+01 -2.826671e+01 -2.801073e+01 -2.775479e+01 -2.749887e+01
  -27.242961 -2.698707e+01 -2.673119e+01 -2.647531e+01 -2.621945e+01 -2.596358e+01 -2.570772e+01 -2.545187e+01
  -25.196009 -2.494015e+01 -2.468429e+01 -2.442843e+01 -2.417257e+01 -2.391670e+01 -2.366082e+01 -2.340494e+01
  -23.149044 -2.289314e+01 -2.263721e+01 -2.238126e+01 -2.212529e+01 -2.186928e+01 -2.161323e+01 -2.135713e+01
  -21.100972 -2.084475e+01 -2.058846e+01 -2.033209e+01 -2.007566e+01 -1.981915e+01 -1.956259e+01 -1.930599e+01
  -19.049363 -1.879274e+01 -1.853614e+01 -1.827957e+01 -1.802305e+01 -1.776659e+01 -1.751020e+01 -1.725386e+01
  -16.997591 -1.674138e+01 -1.648522e+01 -1.622911e+01 -1.597304e+01 -1.571700e+01 -1.546100e+01 -1.520503e+01
  -14.949084 -1.469316e+01 -1.443724e+01 -1.418134e+01 -1.392546e+01 -1.366958e+01 -1.341371e+01 -1.315784e+01
  -12.901983 -1.264613e+01 -1.239027e+01 -1.213442e+01 -1.187857e+01 -1.162272e+01 -1.136688e+01 -1.111103e+01
  -10.855186 -1.059934e+01 -1.034350e+01 -1.008765e+01 -9.831808e+00 1.445099e-15 6.143453e+00 3.855607e+01
    7.914404 6.272316e+01 1.000000e+00    12.646075 -3.109023e+01 -3.083216e+01 -3.057459e+01 -3.031742e+01 -3.006055e+01 -2.980391e+01 -2.954745e+01
  -29.291129 -2.903492e+01 -2.877879e+01 -2.852272e+01 -2.826671e+01 -2.801073e+01 -2.775479e+01 -2.749887e+01
  -27.242961 -2.698707e+01 -2.673119e+01 -2.647531e+01 -2.621945e+01 -2.596358e+01 -2.570772e+01 -2.545187e+01
  -25.196009 -2.494015e+01 -2.468429e+01 -2.442843e+01 -2.417257e+01 -2.391670e+01 -2.366082e+01 -2.340494e+01
  -23.149044 -2.289314e+01 -2.263721e+01 -2.238126e+01 -2.212529e+01 -2.186928e+01 -2.161323e+01 -2.135713e+01
  -21.100972 -2.084475e+01 -2.058846e+01 -2.033209e+01 -2.007566e+01 -1.981915e+01 -1.956259e+01 -1.930599e+01
  -19.049363 -1.879274e+01 -1.853614e+01 -1.827957e+01 -1.802305e+01 -1.776659e+01 -1.751020e+01 -1.725386e+01
  -16.997591 -1.674138e+01 -1.648522e+01 -1.622911e+01 -1.597304e+01 -1.571700e+01 -1.546100e+01 -1.520503e+01
  -14.949084 -1.469316e+01 -1.443724e+01 -1.418134e+01 -1.392546e+01 -1.366958e+01 -1.341371e+01 -1.315784e+01
  -12.901983 -1.264613e+01 -1.239027e+01 -1.213442e+01 -1.187857e+01 -1.162272e+01 -1.136688e+01 -1.111103e+01
  -10.855186 -1.059934e+01 -1.034350e+01 -1.008765e+01 -9.831808e+00 -9.575965e+00 2.922732e-16 6.349695e+00
   41.114801 7.927321e+00 6.291481e+01 1.000000e+00    12.646075 -3.109023e+01 -3.083216e+01 -3.057459e+01 -3.031742e+01 -3.006055e+01 -2.980391e+01 -2.954745e+01
  -29.291129 -2.903492e+01 -2.877879e+01 -2.852272e+01 -2.826671e+01 -2.801073e+01 -2.775479e+01 -2.749887e+01
  -27.242961 -2.698707e+01 -2.673119e+01 -2.647531e+01 -2.621945e+01 -2.596358e+01 -2.570772e+01 -2.545187e+01
  -25.196009 -2.494015e+01 -2.468429e+01 -2.442843e+01 -2.417257e+01 -2.391670e+01 -2.366082e+01 -2.340494e+01
  -23.149044 -2.289314e+01 -2.263721e+01 -2.238126e+01 -2.212529e+01 -2.186928e+01 -2.161323e+01 -2.135713e+01
  -21.100972 -2.084475e+01 -2.058846e+01 -2.033209e+01 -2.007566e+01 -1.981915e+01 -1.956259e+01 -1.930599e+01
  -19.049363 -1.879274e+01 -1.853614e+01 -1.827957e+01 -1.802305e+01 -1.776659e+01 -1.751020e+01 -1.725386e+01
  -16.997591 -1.674138e+01 -1.648522e+01 -1.622911e+01 -1.597304e+01 -1.571700e+01 -1.546100e+01 -1.520503e+01
  -14.949084 -1.469316e+01 -1.443724e+01 -1.418134e+01 -1.392546e+01 -1.366958e+01 -1.341371e+01 -1.315784e+01
  -12.901983 -1.264613e+01 -1.239027e+01 -1.213442e+01 -1.187857e+01 -1.162272e+01 -1.136688e+01 -1.111103e+01
  -10.855186 -1.059934e+01 -1.034350e+01 -1.008765e+01 -9.831808e+00 -9.575965e+00 -9.320121e+00 5.611468e-17
    6.549820 4.366645e+01 7.938854e+00 6.308629e+01 1.000000e+00    12.646075 -3.109023e+01 -3.083216e+01 -3.057459e+01 -3.031742e+01 -3.006055e+01 -2.980391e+01 -2.954745e+01
  -29.291129 -2.903492e+01 -2.877879e+01 -2.852272e+01 -2.826671e+01 -2.801073e+01 -2.775479e+01 -2.749887e+01
  -27.242961 -2.698707e+01 -2.673119e+01 -2.647531e+01 -2.621945e+01 -2.596358e+01 -2.570772e+01 -2.545187e+01
  -25.196009 -2.494015e+01 -2.468429e+01 -2.442843e+01 -2.417257e+01 -2.391670e+01 -2.366082e+01 -2.340494e+01
  -23.149044 -2.289314e+01 -2.263721e+01 -2.238126e+01 -2.212529e+01 -2.186928e+01 -2.161323e+01 -2.135713e+01
  -21.100972 -2.084475e+01 -2.058846e+01 -2.033209e+01 -2.007566e+01 -1.981915e+01 -1.956259e+01 -1.930599e+01
  -19.049363 -1.879274e+01 -1.853614e+01 -1.827957e+01 -1.802305e+01 -1.776659e+01 -1.751020e+01 -1.725386e+01
  -16.997591 -1.674138e+01 -1.648522e+01 -1.622911e+01 -1.597304e+01 -1.571700e+01 -1.546100e+01 -1.520503e+01
  -14.949084 -1.469316e+01 -1.443724e+01 -1.418134e+01 -1.392546e+01 -1.366958e+01 -1.341371e+01 -1.315784e+01
  -12.901983 -1.264613e+01 -1.239027e+01 -1.213442e+01 -1.187857e+01 -1.162272e+01 -1.136688e+01 -1.111103e+01
  -10.855186 -1.059934e+01 -1.034350e+01 -1.008765e+01 -9.831808e+00 -9.575965e+00 -9.320121e+00 -9.064278e+00
    0.000000 6.740838e+00 4.616402e+01 7.949031e+00 6.323783e+01 1.000000e+00    12.646075 -3.109023e+01 -3.083216e+01 -3.057459e+01 -3.031742e+01 -3.006055e+01 -2.980391e+01 -2.954745e+01
  -29.291129 -2.903492e+01 -2.877879e+01 -2.852272e+01 -2.826671e+01 -2.801073e+01 -2.775479e+01 -2.749887e+01
  -27.242961 -2.698707e+01 -2.673119e+01 -2.647531e+01 -2.621945e+01 -2.596358e+01 -2.570772e+01 -2.545187e+01
  -25.196009 -2.494015e+01 -2.468429e+01 -2.442843e+01 -2.417257e+01 -2.391670e+01 -2.366082e+01 -2.340494e+01
  -23.149044 -2.289314e+01 -2.263721e+01 -2.238126e+01 -2.212529e+01 -2.186928e+01 -2.161323e+01 -2.135713e+01
  -21.100972 -2.084475e+01 -2.058846e+01 -2.033209e+01 -2.007566e+01 -1.981915e+01 -1.956259e+01 -1.930599e+01
  -19.049363 -1.879274e+01 -1.853614e+01 -1.827957e+01 -1.802305e+01 -1.776659e+01 -1.751020e+01 -1.725386e+01
  -16.997591 -1.674138e+01 -1.648522e+01 -1.622911e+01 -1.597304e+01 -1.571700e+01 -1.546100e+01 -1.520503e+01
  -14.949084 -1.469316e+01 -1.443724e+01 -1.418134e+01 -1.392546e+01 -1.366958e+01 -1.341371e+01 -1.315784e+01
  -12.901983 -1.264613e+01 -1.239027e+01 -1.213442e+01 -1.187857e+01 -1.162272e+01 -1.136688e+01 -1.111103e+01
  -10.855186 -1.059934e+01 -1.034350e+01 -1.008765e+01 -9.831808e+00 -9.575965e+00 -9.320121e+00 -9.064278e+00
   -8.808435 1.784635e-18 6.919993e+00 4.856015e+01 7.957898e+00 6.337007e+01 1.000000e+00    12.646075 -3.109023e+01 -3.083216e+01 -3.057459e+01 -3.031742e+01 -3.006055e+01 -2.980391e+01 -2.954745e+01
  -29.291129 -2.903492e+01 -2.877879e+01 -2.852272e+01 -2.826671e+01 -2.801073e+01 -2.775479e+01 -2.749887e+01
  -27.242961 -2.698707e+01 -2.673119e+01 -2.647531e+01 -2.621945e+01 -2.596358e+01 -2.570772e+01 -2.545187e+01
  -25.196009 -2.494015e+01 -2.468429e+01 -2.442843e+01 -2.417257e+01 -2.391670e+01 -2.366082e+01 -2.340494e+01
  -23.149044 -2.289314e+01 -2.263721e+01 -2.238126e+01 -2.212529e+01 -2.186928e+01 -2.161323e+01 -2.135713e+01
  -21.100972 -2.084475e+01 -2.058846e+01 -2.033209e+01 -2.007566e+01 -1.981915e+01 -1.956259e+01 -1.930599e+01
  -19.049363 -1.879274e+01 -1.853614e+01 -1.827957e+01 -1.802305e+01 -1.776659e+01 -1.751020e+01 -1.725386e+01
  -16.997591 -1.674138e+01 -1.648522e+01 -1.622911e+01 -1.597304e+01 -1.571700e+01 -1.546100e+01 -1.520503e+01
  -14.949084 -1.469316e+01 -1.443724e+01 -1.418134e+01 -1.392546e+01 -1.366958e+01 -1.341371e+01 -1.315784e+01
  -12.901983 -1.264613e+01 -1.239027e+01 -1.213442e+01 -1.187857e+01 -1.162272e+01 -1.136688e+01 -1.111103e+01
  -10.855186 -1.059934e+01 -1.034350e+01 -1.008765e+01 -9.831808e+00 -9.575965e+00 -9.320121e+00 -9.064278e+00
   -8.808435 -8.552592e+00 2.974100e-19 7.084936e+00 5.081074e+01 7.965527e+00 6.348397e+01 1.000000e+00
   12.646075 -3.109023e+01 -3.083216e+01 -3.057459e+01 -3.031742e+01 -3.006055e+01 -2.980391e+01 -2.954745e+01
  -29.291129 -2.903492e+01 -2.877879e+01 -2.852272e+01 -2.826671e+01 -2.801073e+01 -2.775479e+01 -2.749887e+01
  -27.242961 -2.698707e+01 -2.673119e+01 -2.647531e+01 -2.621945e+01 -2.596358e+01 -2.570772e+01 -2.545187e+01
  -25.196009 -2.494015e+01 -2.468429e+01 -2.442843e+01 -2.417257e+01 -2.391670e+01 -2.366082e+01 -2.340494e+01
  -23.149044 -2.289314e+01 -2.263721e+01 -2.238126e+01 -2.212529e+01 -2.186928e+01 -2.161323e+01 -2.135713e+01
  -21.100972 -2.084475e+01 -2.058846e+01 -2.033209e+01 -2.007566e+01 -1.981915e+01 -1.956259e+01 -1.930599e+01
  -19.049363 -1.879274e+01 -1.853614e+01 -1.827957e+01 -1.802305e+01 -1.776659e+01 -1.751020e+01 -1.725386e+01
  -16.997591 -1.674138e+01 -1.648522e+01 -1.622911e+01 -1.597304e+01 -1.571700e+01 -1.546100e+01 -1.520503e+01
  -14.949084 -1.469316e+01 -1.443724e+01 -1.418134e+01 -1.392546e+01 -1.366958e+01 -1.341371e+01 -1.315784e+01
  -12.901983 -1.264613e+01 -1.239027e+01 -1.213442e+01 -1.187857e+01 -1.162272e+01 -1.136688e+01 -1.111103e+01
  -10.855186 -1.059934e+01 -1.034350e+01 -1.008765e+01 -9.831808e+00 -9.575965e+00 -9.320121e+00 -9.064278e+00
   -8.808435 -8.552592e+00 -8.296748e+00 4.761123e-20 7.233908e+00 5.287888e+01 7.972006e+00 6.358078e+01
    1.000000    12.646075 -3.109023e+01 -3.083216e+01 -3.057459e+01 -3.031742e+01 -3.006055e+01 -2.980391e+01 -2.954745e+01
  -29.291129 -2.903492e+01 -2.877879e+01 -2.852272e+01 -2.826671e+01 -2.801073e+01 -2.775479e+01 -2.749887e+01
  -27.242961 -2.698707e+01 -2.673119e+01 -2.647531e+01 -2.621945e+01 -2.596358e+01 -2.570772e+01 -2.545187e+01
  -25.196009 -2.494015e+01 -2.468429e+01 -2.442843e+01 -2.417257e+01 -2.391670e+01 -2.366082e+01 -2.340494e+01
  -23.149044 -2.289314e+01 -2.263721e+01 -2.238126e+01 -2.212529e+01 -2.186928e+01 -2.161323e+01 -2.135713e+01
  -21.100972 -2.084475e+01 -2.058846e+01 -2.033209e+01 -2.007566e+01 -1.981915e+01 -1.956259e+01 -1.930599e+01
  -19.049363 -1.879274e+01 -1.853614e+01 -1.827957e+01 -1.802305e+01 -1.776659e+01 -1.751020e+01 -1.725386e+01
  -16.997591 -1.674138e+01 -1.648522e+01 -1.622911e+01 -1.597304e+01 -1.571700e+01 -1.546100e+01 -1.520503e+01
  -14.949084 -1.469316e+01 -1.443724e+01 -1.418134e+01 -1.392546e+01 -1.366958e+01 -1.341371e+01 -1.315784e+01
  -12.901983 -1.264613e+01 -1.239027e+01 -1.213442e+01 -1.187857e+01 -1.162272e+01 -1.136688e+01 -1.111103e+01
  -10.855186 -1.059934e+01 -1.034350e+01 -1.008765e+01 -9.831808e+00 -9.575965e+00 -9.320121e+00 -9.064278e+00
   -8.808435 -8.552592e+00 -8.296748e+00 -8.040905e+00 7.352745e-21 7.365880e+00 5.473824e+01 7.977439e+00
   63.662035 1.000000e+00    12.646075 -3.109023e+01 -3.083216e+01 -3.057459e+01 -3.031742e+01 -3.006055e+01 -2.980391e+01 -2.954745e+01
  -29.291129 -2.903492e+01 -2.877879e+01 -2.852272e+01 -2.826671e+01 -2.801073e+01 -2.775479e+01 -2.749887e+01
  -27.242961 -2.698707e+01 -2.673119e+01 -2.647531e+01 -2.621945e+01 -2.596358e+01 -2.570772e+01 -2.545187e+01
  -25.196009 -2.494015e+01 -2.468429e+01 -2.442843e+01 -2.417257e+01 -2.391670e+01 -2.366082e+01 -2.340494e+01
  -23.149044 -2.289314e+01 -2.263721e+01 -2.238126e+01 -2.212529e+01 -2.186928e+01 -2.161323e+01 -2.135713e+01
  -21.100972 -2.084475e+01 -2.058846e+01 -2.033209e+01 -2.007566e+01 -1.981915e+01 -1.956259e+01 -1.930599e+01
  -19.049363 -1.879274e+01 -1.853614e+01 -1.827957e+01 -1.802305e+01 -1.776659e+01 -1.751020e+01 -1.725386e+01
  -16.997591 -1.674138e+01 -1.648522e+01 -1.622911e+01 -1.597304e+01 -1.571700e+01 -1.546100e+01 -1.520503e+01
  -14.949084 -1.469316e+01 -1.443724e+01 -1.418134e+01 -1.392546e+01 -1.366958e+01 -1.341371e+01 -1.315784e+01
  -12.901983 -1.264613e+01 -1.239027e+01 -1.213442e+01 -1.187857e+01 -1.162272e+01 -1.136688e+01 -1.111103e+01
  -10.855186 -1.059934e+01 -1.034350e+01 -1.008765e+01 -9.831808e+00 -9.575965e+00 -9.320121e+00 -9.064278e+00
   -8.808435 -8.552592e+00 -8.296748e+00 -8.040905e+00 -7.785062e+00 1.100234e-21 7.480615e+00 5.637481e+01
    7.981941 6.372940e+01 1.000000e+00    12.646075 -3.109023e+01 -3.083216e+01 -3.057459e+01 -3.031742e+01 -3.006055e+01 -2.980391e+01 -2.954745e+01
  -29.291129 -2.903492e+01 -2.877879e+01 -2.852272e+01 -2.826671e+01 -2.801073e+01 -2.775479e+01 -2.749887e+01
  -27.242961 -2.698707e+01 -2.673119e+01 -2.647531e+01 -2.621945e+01 -2.596358e+01 -2.570772e+01 -2.545187e+01
  -25.196009 -2.494015e+01 -2.468429e+01 -2.442843e+01 -2.417257e+01 -2.391670e+01 -2.366082e+01 -2.340494e+01
  -23.149044 -2.289314e+01 -2.263721e+01 -2.238126e+01 -2.212529e+01 -2.186928e+01 -2.161323e+01 -2.135713e+01
  -21.100972 -2.084475e+01 -2.058846e+01 -2.033209e+01 -2.007566e+01 -1.981915e+01 -1.956259e+01 -1.930599e+01
  -19.049363 -1.879274e+01 -1.853614e+01 -1.827957e+01 -1.802305e+01 -1.776659e+01 -1.751020e+01 -1.725386e+01
  -16.997591 -1.674138e+01 -1.648522e+01 -1.622911e+01 -1.597304e+01 -1.571700e+01 -1.546100e+01 -1.520503e+01
  -14.949084 -1.469316e+01 -1.443724e+01 -1.418134e+01 -1.392546e+01 -1.366958e+01 -1.341371e+01 -1.315784e+01
  -12.901983 -1.264613e+01 -1.239027e+01 -1.213442e+01 -1.187857e+01 -1.162272e+01 -1.136688e+01 -1.111103e+01
  -10.855186 -1.059934e+01 -1.034350e+01 -1.008765e+01 -9.831808e+00 -9.575965e+00 -9.320121e+00 -9.064278e+00
   -8.808435 -8.552592e+00 -8.296748e+00 -8.040905e+00 -7.785062e+00 -7.529219e+00 1.602176e-22 7.578611e+00
   57.786925 7.985631e+00 6.378464e+01 1.000000e+00    12.646075 -3.109023e+01 -3.083216e+01 -3.057459e+01 -3.031742e+01 -3.006055e+01 -2.980391e+01 -2.954745e+01
  -29.291129 -2.903492e+01 -2.877879e+01 -2.852272e+01 -2.826671e+01 -2.801073e+01 -2.775479e+01 -2.749887e+01
  -27.242961 -2.698707e+01 -2.673119e+01 -2.647531e+01 -2.621945e+01 -2.596358e+01 -2.570772e+01 -2.545187e+01
  -25.196009 -2.494015e+01 -2.468429e+01 -2.442843e+01 -2.417257e+01 -2.391670e+01 -2.366082e+01 -2.340494e+01
  -23.149044 -2.289314e+01 -2.263721e+01 -2.238126e+01 -2.212529e+01 -2.186928e+01 -2.161323e+01 -2.135713e+01
  -21.100972 -2.084475e+01 -2.058846e+01 -2.033209e+01 -2.007566e+01 -1.981915e+01 -1.956259e+01 -1.930599e+01
  -19.049363 -1.879274e+01 -1.853614e+01 -1.827957e+01 -1.802305e+01 -1.776659e+01 -1.751020e+01 -1.725386e+01
  -16.997591 -1.674138e+01 -1.648522e+01 -1.622911e+01 -1.597304e+01 -1.571700e+01 -1.546100e+01 -1.520503e+01
  -14.949084 -1.469316e+01 -1.443724e+01 -1.418134e+01 -1.392546e+01 -1.366958e+01 -1.341371e+01 -1.315784e+01
  -12.901983 -1.264613e+01 -1.239027e+01 -1.213442e+01 -1.187857e+01 -1.162272e+01 -1.136688e+01 -1.111103e+01
  -10.855186 -1.059934e+01 -1.034350e+01 -1.008765e+01 -9.831808e+00 -9.575965e+00 -9.320121e+00 -9.064278e+00
   -8.808435 -8.552592e+00 -8.296748e+00 -8.040905e+00 -7.785062e+00 -7.529219e+00 -7.273377e+00 2.279966e-23
    7.660962 5.898351e+01 7.988625e+00 6.382949e+01 1.000000e+00    12.646075 -3.109023e+01 -3.083216e+01 -3.057459e+01 -3.031742e+01 -3.006055e+01 -2.980391e+01 -2.954745e+01
  -29.291129 -2.903492e+01 -2.877879e+01 -2.852272e+01 -2.826671e+01 -2.801073e+01 -2.775479e+01 -2.749887e+01
  -27.242961 -2.698707e+01 -2.673119e+01 -2.647531e+01 -2.621945e+01 -2.596358e+01 -2.570772e+01 -2.545187e+01
  -25.196009 -2.494015e+01 -2.468429e+01 -2.442843e+01 -2.417257e+01 -2.391670e+01 -2.366082e+01 -2.340494e+01
  -23.149044 -2.289314e+01 -2.263721e+01 -2.238126e+01 -2.212529e+01 -2.186928e+01 -2.161323e+01 -2.135713e+01
  -21.100972 -2.084475e+01 -2.058846e+01 -2.033209e+01 -2.007566e+01 -1.981915e+01 -1.956259e+01 -1.930599e+01
  -19.049363 -1.879274e+01 -1.853614e+01 -1.827957e+01 -1.802305e+01 -1.776659e+01 -1.751020e+01 -1.725386e+01
  -16.997591 -1.674138e+01 -1.648522e+01 -1.622911e+01 -1.597304e+01 -1.571700e+01 -1.546100e+01 -1.520503e+01
  -14.949084 -1.469316e+01 -1.443724e+01 -1.418134e+01 -1.392546e+01 -1.366958e+01 -1.341371e+01 -1.315784e+01
  -12.901983 -1.264613e+01 -1.239027e+01 -1.213442e+01 -1.187857e+01 -1.162272e+01 -1.136688e+01 -1.111103e+01
  -10.855186 -1.059934e+01 -1.034350e+01 -1.008765e+01 -9.831808e+00 -9.575965e+00 -9.320121e+00 -9.064278e+00
   -8.808435 -8.552592e+00 -8.296748e+00 -8.040905e+00 -7.785062e+00 -7.529219e+00 -7.273377e+00 -7.017534e+00
    0.000000 7.729175e+00 5.998135e+01 7.991034e+00 6.386558e+01 1.000000e+00    12.646075 -3.109023e+01 -3.083216e+01 -3.057459e+01 -3.031742e+01 -3.006055e+01 -2.980391e+01 -2.954745e+01
  -29.291129 -2.903492e+01 -2.877879e+01 -2.852272e+01 -2.826671e+01 -2.801073e+01 -2.775479e+01 -2.749887e+01
  -27.242961 -2.698707e+01 -2.673119e+01 -2.647531e+01 -2.621945e+01 -2.596358e+01 -2.570772e+01 -2.545187e+01
  -25.196009 -2.494015e+01 -2.468429e+01 -2.442843e+01 -2.417257e+01 -2.391670e+01 -2.366082e+01 -2.340494e+01
  -23.149044 -2.289314e+01 -2.263721e+01 -2.238126e+01 -2.212529e+01 -2.186928e+01 -2.161323e+01 -2.135713e+01
  -21.100972 -2.084475e+01 -2.058846e+01 -2.033209e+01 -2.007566e+01 -1.981915e+01 -1.956259e+01 -1.930599e+01
  -19.049363 -1.879274e+01 -1.853614e+01 -1.827957e+01 -1.802305e+01 -1.776659e+01 -1.751020e+01 -1.725386e+01
  -16.997591 -1.674138e+01 -1.648522e+01 -1.622911e+01 -1.597304e+01 -1.571700e+01 -1.546100e+01 -1.520503e+01
  -14.949084 -1.469316e+01 -1.443724e+01 -1.418134e+01 -1.392546e+01 -1.366958e+01 -1.341371e+01 -1.315784e+01
  -12.901983 -1.264613e+01 -1.239027e+01 -1.213442e+01 -1.187857e+01 -1.162272e+01 -1.136688e+01 -1.111103e+01
  -10.855186 -1.059934e+01 -1.034350e+01 -1.008765e+01 -9.831808e+00 -9.575965e+00 -9.320121e+00 -9.064278e+00
   -8.808435 -8.552592e+00 -8.296748e+00 -8.040905e+00 -7.785062e+00 -7.529219e+00 -7.273377e+00 -7.017534e+00
   -6.761691 4.373138e-25 7.784975e+00 6.080200e+01 7.992958e+00 6.389441e+01 1.000000e+00    12.646075 -3.109023e+01 -3.083216e+01 -3.057459e+01 -3.031742e+01 -3.006055e+01 -2.980391e+01 -2.954745e+01
  -29.291129 -2.903492e+01 -2.877879e+01 -2.852272e+01 -2.826671e+01 -2.801073e+01 -2.775479e+01 -2.749887e+01
  -27.242961 -2.698707e+01 -2.673119e+01 -2.647531e+01 -2.621945e+01 -2.596358e+01 -2.570772e+01 -2.545187e+01
  -25.196009 -2.494015e+01 -2.468429e+01 -2.442843e+01 -2.417257e+01 -2.391670e+01 -2.366082e+01 -2.340494e+01
  -23.149044 -2.289314e+01 -2.263721e+01 -2.238126e+01 -2.212529e+01 -2.186928e+01 -2.161323e+01 -2.135713e+01
  -21.100972 -2.084475e+01 -2.058846e+01 -2.033209e+01 -2.007566e+01 -1.981915e+01 -1.956259e+01 -1.930599e+01
  -19.049363 -1.879274e+01 -1.853614e+01 -1.827957e+01 -1.802305e+01 -1.776659e+01 -1.751020e+01 -1.725386e+01
  -16.997591 -1.674138e+01 -1.648522e+01 -1.622911e+01 -1.597304e+01 -1.571700e+01 -1.546100e+01 -1.520503e+01
  -14.949084 -1.469316e+01 -1.443724e+01 -1.418134e+01 -1.392546e+01 -1.366958e+01 -1.341371e+01 -1.315784e+01
  -12.901983 -1.264613e+01 -1.239027e+01 -1.213442e+01 -1.187857e+01 -1.162272e+01 -1.136688e+01 -1.111103e+01
  -10.855186 -1.059934e+01 -1.034350e+01 -1.008765e+01 -9.831808e+00 -9.575965e+00 -9.320121e+00 -9.064278e+00
   -8.808435 -8.552592e+00 -8.296748e+00 -8.040905e+00 -7.785062e+00 -7.529219e+00 -7.273377e+00 -7.017534e+00
   -6.761691 -6.505848e+00 5.931935e-26 7.830137e+00 6.146905e+01 7.994486e+00 6.391731e+01 1.000000e+00
   12.646075 -3.109023e+01 -3.083216e+01 -3.057459e+01 -3.031742e+01 -3.006055e+01 -2.980391e+01 -2.954745e+01
  -29.291129 -2.903492e+01 -2.877879e+01 -2.852272e+01 -2.826671e+01 -2.801073e+01 -2.775479e+01 -2.749887e+01
  -27.242961 -2.698707e+01 -2.673119e+01 -2.647531e+01 -2.621945e+01 -2.596358e+01 -2.570772e+01 -2.545187e+01
  -25.196009 -2.494015e+01 -2.468429e+01 -2.442843e+01 -2.417257e+01 -2.391670e+01 -2.366082e+01 -2.340494e+01
  -23.149044 -2.289314e+01 -2.263721e+01 -2.238126e+01 -2.212529e+01 -2.186928e+01 -2.161323e+01 -2.135713e+01
  -21.100972 -2.084475e+01 -2.058846e+01 -2.033209e+01 -2.007566e+01 -1.981915e+01 -1.956259e+01 -1.930599e+01
  -19.049363 -1.879274e+01 -1.853614e+01 -1.827957e+01 -1.802305e+01 -1.776659e+01 -1.751020e+01 -1.725386e+01
  -16.997591 -1.674138e+01 -1.648522e+01 -1.622911e+01 -1.597304e+01 -1.571700e+01 -1.546100e+01 -1.520503e+01
  -14.949084 -1.469316e+01 -1.443724e+01 -1.418134e+01 -1.392546e+01 -1.366958e+01 -1.341371e+01 -1.315784e+01
  -12.901983 -1.264613e+01 -1.239027e+01 -1.213442e+01 -1.187857e+01 -1.162272e+01 -1.136688e+01 -1.111103e+01
  -10.855186 -1.059934e+01 -1.034350e+01 -1.008765e+01 -9.831808e+00 -9.575965e+00 -9.320121e+00 -9.064278e+00
   -8.808435 -8.552592e+00 -8.296748e+00 -8.040905e+00 -7.785062e+00 -7.529219e+00 -7.273377e+00 -7.017534e+00
   -6.761691 -6.505848e+00 -6.250005e+00 7.963298e-27 7.866368e+00 6.200599e+01 7.995692e+00 6.393540e+01
    1.000000    12.646075 -3.109023e+01 -3.083216e+01 -3.057459e+01 -3.031742e+01 -3.006055e+01 -2.980391e+01 -2.954745e+01
  -29.291129 -2.903492e+01 -2.877879e+01 -2.852272e+01 -2.826671e+01 -2.801073e+01 -2.775479e+01 -2.749887e+01
  -27.242961 -2.698707e+01 -2.673119e+01 -2.647531e+01 -2.621945e+01 -2.596358e+01 -2.570772e+01 -2.545187e+01
  -25.196009 -2.494015e+01 -2.468429e+01 -2.442843e+01 -2.417257e+01 -2.391670e+01 -2.366082e+01 -2.340494e+01
  -23.149044 -2.289314e+01 -2.263721e+01 -2.238126e+01 -2.212529e+01 -2.186928e+01 -2.161323e+01 -2.135713e+01
  -21.100972 -2.084475e+01 -2.058846e+01 -2.033209e+01 -2.007566e+01 -1.981915e+01 -1.956259e+01 -1.930599e+01
  -19.049363 -1.879274e+01 -1.853614e+01 -1.827957e+01 -1.802305e+01 -1.776659e+01 -1.751020e+01 -1.725386e+01
  -16.997591 -1.674138e+01 -1.648522e+01 -1.622911e+01 -1.597304e+01 -1.571700e+01 -1.546100e+01 -1.520503e+01
  -14.949084 -1.469316e+01 -1.443724e+01 -1.418134e+01 -1.392546e+01 -1.366958e+01 -1.341371e+01 -1.315784e+01
  -12.901983 -1.264613e+01 -1.239027e+01 -1.213442e+01 -1.187857e+01 -1.162272e+01 -1.136688e+01 -1.111103e+01
  -10.855186 -1.059934e+01 -1.034350e+01 -1.008765e+01 -9.831808e+00 -9.575965e+00 -9.320121e+00 -9.064278e+00
   -8.808435 -8.552592e+00 -8.296748e+00 -8.040905e+00 -7.785062e+00 -7.529219e+00 -7.273377e+00 -7.017534e+00
   -6.761691 -6.505848e+00 -6.250005e+00 -5.994162e+00 1.060199e-27 7.895222e+00 6.243475e+01 7.996641e+00
   63.949622 1.000000e+00    12.646075 -3.109023e+01 -3.083216e+01 -3.057459e+01 -3.031742e+01 -3.006055e+01 -2.980391e+01 -2.954745e+01
  -29.291129 -2.903492e+01 -2.877879e+01 -2.852272e+01 -2.826671e+01 -2.801073e+01 -2.775479e+01 -2.749887e+01
  -27.242961 -2.698707e+01 -2.673119e+01 -2.647531e+01 -2.621945e+01 -2.596358e+01 -2.570772e+01 -2.545187e+01
  -25.196009 -2.494015e+01 -2.468429e+01 -2.442843e+01 -2.417257e+01 -2.391670e+01 -2.366082e+01 -2.340494e+01
  -23.149044 -2.289314e+01 -2.263721e+01 -2.238126e+01 -2.212529e+01 -2.186928e+01 -2.161323e+01 -2.135713e+01
  -21.100972 -2.084475e+01 -2.058846e+01 -2.033209e+01 -2.007566e+01 -1.981915e+01 -1.956259e+01 -1.930599e+01
  -19.049363 -1.879274e+01 -1.853614e+01 -1.827957e+01 -1.802305e+01 -1.776659e+01 -1.751020e+01 -1.725386e+01
  -16.997591 -1.674138e+01 -1.648522e+01 -1.622911e+01 -1.597304e+01 -1.571700e+01 -1.546100e+01 -1.520503e+01
  -14.949084 -1.469316e+01 -1.443724e+01 -1.418134e+01 -1.392546e+01 -1.366958e+01 -1.341371e+01 -1.315784e+01
  -12.901983 -1.264613e+01 -1.239027e+01 -1.213442e+01 -1.187857e+01 -1.162272e+01 -1.136688e+01 -1.111103e+01
  -10.855186 -1.059934e+01 -1.034350e+01 -1.008765e+01 -9.831808e+00 -9.575965e+00 -9.320121e+00 -9.064278e+00
   -8.808435 -8.552592e+00 -8.296748e+00 -8.040905e+00 -7.785062e+00 -7.529219e+00 -7.273377e+00 -7.017534e+00
   -6.761691 -6.505848e+00 -6.250005e+00 -5.994162e+00 -5.738320e+00 1.402237e-28 7.918067e+00 6.277491e+01
    7.997385 6.396078e+01 1.000000e+00 