#Data: Data/LatticeCube/titration_FJC_ZS5_0.89.out
#           E           mu            f          <N>         <N2>          <B>         <B2>
   12.646075 -3.207109e+01 9.994965e-01 5.034835e-04 5.035111e-04 1.785369e-03 6.554488e-03 1.000000e+00
   12.646075 -3.207109e+01 -3.180922e+01 9.993459e-01 6.541168e-04 6.541634e-04 2.319517e-03 8.515566e-03
    1.000000    12.646075 -3.207109e+01 -3.180922e+01 -3.154869e+01 9.991514e-01 8.486489e-04 8.487274e-04 3.009329e-03
    0.011048 1.000000e+00    12.646075 -3.207109e+01 -3.180922e+01 -3.154869e+01 -3.128917e+01 9.989002e-01 1.099866e-03 1.099998e-03
    0.003900 1.431897e-02 1.000000e+00    12.646075 -3.207109e+01 -3.180922e+01 -3.154869e+01 -3.128917e+01 -3.103040e+01 9.985758e-01 1.424274e-03
    0.001424 5.050482e-03 1.854281e-02 1.000000e+00    12.646075 -3.207109e+01 -3.180922e+01 -3.154869e+01 -3.128917e+01 -3.103040e+01 -3.077220e+01 9.981570e-01
    0.001843 1.843548e-03 6.535891e-03 2.399728e-02 1.000000e+00    12.646075 -3.207109e+01 -3.180922e+01 -3.154869e+01 -3.128917e+01 -3.103040e+01 -3.077220e+01 -3.051440e+01
    0.997616 2.384069e-03 2.384689e-03 8.453847e-03 3.104063e-02 1.000000e+00    12.646075 -3.207109e+01 -3.180922e+01 -3.154869e+01 -3.128917e+01 -3.103040e+01 -3.077220e+01 -3.051440e+01
  -30.256871 9.969181e-01 3.082419e-03 3.083455e-03 1.093011e-02 4.013515e-02 1.000000e+00    12.646075 -3.207109e+01 -3.180922e+01 -3.154869e+01 -3.128917e+01 -3.103040e+01 -3.077220e+01 -3.051440e+01
  -30.256871 -2.999950e+01 9.960169e-01 3.983972e-03 3.985705e-03 1.412685e-02 5.187731e-02 1.000000e+00
   12.646075 -3.207109e+01 -3.180922e+01 -3.154869e+01 -3.128917e+01 -3.103040e+01 -3.077220e+01 -3.051440e+01
  -30.256871 -2.999950e+01 -2.974219e+01 9.948537e-01 5.147705e-03 5.150601e-03 1.825317e-02 6.703643e-02
    1.000000    12.646075 -3.207109e+01 -3.180922e+01 -3.154869e+01 -3.128917e+01 -3.103040e+01 -3.077220e+01 -3.051440e+01
  -30.256871 -2.999950e+01 -2.974219e+01 -2.948484e+01 9.933528e-01 6.649604e-03 6.654443e-03 2.357841e-02
    0.086604 1.000000e+00    12.646075 -3.207109e+01 -3.180922e+01 -3.154869e+01 -3.128917e+01 -3.103040e+01 -3.077220e+01 -3.051440e+01
  -30.256871 -2.999950e+01 -2.974219e+01 -2.948484e+01 -2.922735e+01 9.914165e-01 8.587508e-03 8.595590e-03
    0.030449 1.118592e-01 1.000000e+00    12.646075 -3.207109e+01 -3.180922e+01 -3.154869e+01 -3.128917e+01 -3.103040e+01 -3.077220e+01 -3.051440e+01
  -30.256871 -2.999950e+01 -2.974219e+01 -2.948484e+01 -2.922735e+01 -2.896961e+01 9.889195e-01 1.108726e-02
    0.011101 3.931202e-02 1.444465e-01 1.000000e+00    12.646075 -3.207109e+01 -3.180922e+01 -3.154869e+01 -3.128917e+01 -3.103040e+01 -3.077220e+01 -3.051440e+01
  -30.256871 -2.999950e+01 -2.974219e+01 -2.948484e+01 -2.922735e+01 -2.896961e+01 -2.871151e+01 9.857007e-01
    0.014311 1.433308e-02 5.073924e-02 1.864832e-01 1.000000e+00    12.646075 -3.207109e+01 -3.180922e+01 -3.154869e+01 -3.128917e+01 -3.103040e+01 -3.077220e+01 -3.051440e+01
  -30.256871 -2.999950e+01 -2.974219e+01 -2.948484e+01 -2.922735e+01 -2.896961e+01 -2.871151e+01 -2.845399e+01
    0.981574 1.844480e-02 1.848237e-02 6.539510e-02 2.404297e-01 1.000000e+00    12.646075 -3.207109e+01 -3.180922e+01 -3.154869e+01 -3.128917e+01 -3.103040e+01 -3.077220e+01 -3.051440e+01
  -30.256871 -2.999950e+01 -2.974219e+01 -2.948484e+01 -2.922735e+01 -2.896961e+01 -2.871151e+01 -2.845399e+01
  -28.194992 9.762489e-01 2.378242e-02 2.384516e-02 8.431518e-02 3.101274e-01 1.000000e+00    12.646075 -3.207109e+01 -3.180922e+01 -3.154869e+01 -3.128917e+01 -3.103040e+01 -3.077220e+01 -3.051440e+01
  -30.256871 -2.999950e+01 -2.974219e+01 -2.948484e+01 -2.922735e+01 -2.896961e+01 -2.871151e+01 -2.845399e+01
  -28.194992 -2.793516e+01 9.694056e-01 3.064681e-02 3.075156e-02 1.086443e-01 3.998433e-01 1.000000e+00
   12.646075 -3.207109e+01 -3.180922e+01 -3.154869e+01 -3.128917e+01 -3.103040e+01 -3.077220e+01 -3.051440e+01
  -30.256871 -2.999950e+01 -2.974219e+01 -2.948484e+01 -2.922735e+01 -2.896961e+01 -2.871151e+01 -2.845399e+01
  -28.194992 -2.793516e+01 -2.767424e+01 9.606242e-01 3.946328e-02 3.963821e-02 1.398872e-01 5.152098e-01
    1.000000    12.646075 -3.207109e+01 -3.180922e+01 -3.154869e+01 -3.128917e+01 -3.103040e+01 -3.077220e+01 -3.051440e+01
  -30.256871 -2.999950e+01 -2.974219e+01 -2.948484e+01 -2.922735e+01 -2.896961e+01 -2.871151e+01 -2.845399e+01
  -28.194992 -2.793516e+01 -2.767424e+01 -2.741190e+01 9.493783e-01 5.076774e-02 5.105990e-02 1.799389e-01
    0.663364 1.000000e+00    12.646075 -3.207109e+01 -3.180922e+01 -3.154869e+01 -3.128917e+01 -3.103040e+01 -3.077220e+01 -3.051440e+01
  -30.256871 -2.999950e+01 -2.974219e+01 -2.948484e+01 -2.922735e+01 -2.896961e+01 -2.871151e+01 -2.845399e+01
  -28.194992 -2.793516e+01 -2.767424e+01 -2.741190e+01 -2.714773e+01 9.350142e-01 6.522981e-02 6.571786e-02
    0.231164 8.532903e-01 1.000000e+00    12.646075 -3.207109e+01 -3.180922e+01 -3.154869e+01 -3.128917e+01 -3.103040e+01 -3.077220e+01 -3.051440e+01
  -30.256871 -2.999950e+01 -2.974219e+01 -2.948484e+01 -2.922735e+01 -2.896961e+01 -2.871151e+01 -2.845399e+01
  -28.194992 -2.793516e+01 -2.767424e+01 -2.741190e+01 -2.714773e+01 -2.688123e+01 9.167312e-01 8.367647e-02
    0.084492 2.964807e-01 1.096203e+00 1.000000e+00    12.646075 -3.207109e+01 -3.180922e+01 -3.154869e+01 -3.128917e+01 -3.103040e+01 -3.077220e+01 -3.051440e+01
  -30.256871 -2.999950e+01 -2.974219e+01 -2.948484e+01 -2.922735e+01 -2.896961e+01 -2.871151e+01 -2.845399e+01
  -28.194992 -2.793516e+01 -2.767424e+01 -2.741190e+01 -2.714773e+01 -2.688123e+01 -2.661173e+01 8.935692e-01
    0.107112 1.084747e-01 3.794231e-01 1.405925e+00 1.000000e+00    12.646075 -3.207109e+01 -3.180922e+01 -3.154869e+01 -3.128917e+01 -3.103040e+01 -3.077220e+01 -3.051440e+01
  -30.256871 -2.999950e+01 -2.974219e+01 -2.948484e+01 -2.922735e+01 -2.896961e+01 -2.871151e+01 -2.845399e+01
  -28.194992 -2.793516e+01 -2.767424e+01 -2.741190e+01 -2.714773e+01 -2.688123e+01 -2.661173e+01 -2.633844e+01
    0.864412 1.367266e-01 1.390038e-01 4.841685e-01 1.799200e+00 1.000000e+00    12.646075 -3.207109e+01 -3.180922e+01 -3.154869e+01 -3.128917e+01 -3.103040e+01 -3.077220e+01 -3.051440e+01
  -30.256871 -2.999950e+01 -2.974219e+01 -2.948484e+01 -2.922735e+01 -2.896961e+01 -2.871151e+01 -2.845399e+01
  -28.194992 -2.793516e+01 -2.767424e+01 -2.741190e+01 -2.714773e+01 -2.688123e+01 -2.661173e+01 -2.633844e+01
  -26.060382 8.280234e-01 1.738785e-01 1.776829e-01 6.154606e-01 2.295789e+00 1.000000e+00    12.646075 -3.207109e+01 -3.180922e+01 -3.154869e+01 -3.128917e+01 -3.103040e+01 -3.077220e+01 -3.051440e+01
  -30.256871 -2.999950e+01 -2.974219e+01 -2.948484e+01 -2.922735e+01 -2.896961e+01 -2.871151e+01 -2.845399e+01
  -28.194992 -2.793516e+01 -2.767424e+01 -2.741190e+01 -2.714773e+01 -2.688123e+01 -2.661173e+01 -2.633844e+01
  -26.060382 -2.577643e+01 7.831486e-01 2.200258e-01 2.263762e-01 7.783510e-01 2.918118e+00 1.000000e+00
   12.646075 -3.207109e+01 -3.180922e+01 -3.154869e+01 -3.128917e+01 -3.103040e+01 -3.077220e+01 -3.051440e+01
  -30.256871 -2.999950e+01 -2.974219e+01 -2.948484e+01 -2.922735e+01 -2.896961e+01 -2.871151e+01 -2.845399e+01
  -28.194992 -2.793516e+01 -2.767424e+01 -2.741190e+01 -2.714773e+01 -2.688123e+01 -2.661173e+01 -2.633844e+01
  -26.060382 -2.577643e+01 -2.548537e+01 7.287144e-01 2.765733e-01 2.871518e-01 9.776244e-01 3.690092e+00
    1.000000    12.646075 -3.207109e+01 -3.180922e+01 -3.154869e+01 -3.128917e+01 -3.103040e+01 -3.077220e+01 -3.051440e+01
  -30.256871 -2.999950e+01 -2.974219e+01 -2.948484e+01 -2.922735e+01 -2.896961e+01 -2.871151e+01 -2.845399e+01
  -28.194992 -2.793516e+01 -2.767424e+01 -2.741190e+01 -2.714773e+01 -2.688123e+01 -2.661173e+01 -2.633844e+01
  -26.060382 -2.577643e+01 -2.548537e+01 -2.518602e+01 6.641806e-01 3.445914e-01 3.621422e-01 1.216763e+00
    4.634639 1.000000e+00    12.646075 -3.207109e+01 -3.180922e+01 -3.154869e+01 -3.128917e+01 -3.103040e+01 -3.077220e+01 -3.051440e+01
  -30.256871 -2.999950e+01 -2.974219e+01 -2.948484e+01 -2.922735e+01 -2.896961e+01 -2.871151e+01 -2.845399e+01
  -28.194992 -2.793516e+01 -2.767424e+01 -2.741190e+01 -2.714773e+01 -2.688123e+01 -2.661173e+01 -2.633844e+01
  -26.060382 -2.577643e+01 -2.548537e+01 -2.518602e+01 -2.487761e+01 5.900508e-01 4.243938e-01 4.532987e-01
    1.496396 5.769697e+00 1.000000e+00    12.646075 -3.207109e+01 -3.180922e+01 -3.154869e+01 -3.128917e+01 -3.103040e+01 -3.077220e+01 -3.051440e+01
  -30.256871 -2.999950e+01 -2.974219e+01 -2.948484e+01 -2.922735e+01 -2.896961e+01 -2.871151e+01 -2.845399e+01
  -28.194992 -2.793516e+01 -2.767424e+01 -2.741190e+01 -2.714773e+01 -2.688123e+01 -2.661173e+01 -2.633844e+01
  -26.060382 -2.577643e+01 -2.548537e+01 -2.518602e+01 -2.487761e+01 -2.456024e+01 5.084321e-01 5.150582e-01
    0.562073 1.812549e+00 7.103312e+00 1.000000e+00    12.646075 -3.207109e+01 -3.180922e+01 -3.154869e+01 -3.128917e+01 -3.103040e+01 -3.077220e+01 -3.051440e+01
  -30.256871 -2.999950e+01 -2.974219e+01 -2.948484e+01 -2.922735e+01 -2.896961e+01 -2.871151e+01 -2.845399e+01
  -28.194992 -2.793516e+01 -2.767424e+01 -2.741190e+01 -2.714773e+01 -2.688123e+01 -2.661173e+01 -2.633844e+01
  -26.060382 -2.577643e+01 -2.548537e+01 -2.518602e+01 -2.487761e+01 -2.456024e+01 -2.423550e+01 4.233133e-01
    0.614152 6.891602e-01 2.155668e+00 8.630156e+00 1.000000e+00    12.646075 -3.207109e+01 -3.180922e+01 -3.154869e+01 -3.128917e+01 -3.103040e+01 -3.077220e+01 -3.051440e+01
  -30.256871 -2.999950e+01 -2.974219e+01 -2.948484e+01 -2.922735e+01 -2.896961e+01 -2.871151e+01 -2.845399e+01
  -28.194992 -2.793516e+01 -2.767424e+01 -2.741190e+01 -2.714773e+01 -2.688123e+01 -2.661173e+01 -2.633844e+01
  -26.060382 -2.577643e+01 -2.548537e+01 -2.518602e+01 -2.487761e+01 -2.456024e+01 -2.423550e+01 -2.390658e+01
    0.340043 7.181071e-01 8.345717e-01 2.512027e+00 1.033377e+01 1.000000e+00    12.646075 -3.207109e+01 -3.180922e+01 -3.154869e+01 -3.128917e+01 -3.103040e+01 -3.077220e+01 -3.051440e+01
  -30.256871 -2.999950e+01 -2.974219e+01 -2.948484e+01 -2.922735e+01 -2.896961e+01 -2.871151e+01 -2.845399e+01
  -28.194992 -2.793516e+01 -2.767424e+01 -2.741190e+01 -2.714773e+01 -2.688123e+01 -2.661173e+01 -2.633844e+01
  -26.060382 -2.577643e+01 -2.548537e+01 -2.518602e+01 -2.487761e+01 -2.456024e+01 -2.423550e+01 -2.390658e+01
  -23.577767 2.639267e-01 8.232853e-01 9.980537e-01 2.867703e+00 1.219482e+01 1.000000e+00    12.646075 -3.207109e+01 -3.180922e+01 -3.154869e+01 -3.128917e+01 -3.103040e+01 -3.077220e+01 -3.051440e+01
  -30.256871 -2.999950e+01 -2.974219e+01 -2.948484e+01 -2.922735e+01 -2.896961e+01 -2.871151e+01 -2.845399e+01
  -28.194992 -2.793516e+01 -2.767424e+01 -2.741190e+01 -2.714773e+01 -2.688123e+01 -2.661173e+01 -2.633844e+01
  -26.060382 -2.577643e+01 -2.548537e+01 -2.518602e+01 -2.487761e+01 -2.456024e+01 -2.423550e+01 -2.390658e+01
  -23.577767 -2.325316e+01 1.986526e-01 9.271813e-01 1.179536e+00 3.213047e+00 1.420018e+01 1.000000e+00
   12.646075 -3.207109e+01 -3.180922e+01 -3.154869e+01 -3.128917e+01 -3.103040e+01 -3.077220e+01 -3.051440e+01
  -30.256871 -2.999950e+01 -2.974219e+01 -2.948484e+01 -2.922735e+01 -2.896961e+01 -2.871151e+01 -2.845399e+01
  -28.194992 -2.793516e+01 -2.767424e+01 -2.741190e+01 -2.714773e+01 -2.688123e+01 -2.661173e+01 -2.633844e+01
  -26.060382 -2.577643e+01 -2.548537e+01 -2.518602e+01 -2.487761e+01 -2.456024e+01 -2.423550e+01 -2.390658e+01
  -23.577767 -2.325316e+01 -2.293551e+01 1.456061e-01 1.028843e+00 1.379045e+00 3.544321e+00 1.634395e+01
    1.000000    12.646075 -3.207109e+01 -3.180922e+01 -3.154869e+01 -3.128917e+01 -3.103040e+01 -3.077220e+01 -3.051440e+01
  -30.256871 -2.999950e+01 -2.974219e+01 -2.948484e+01 -2.922735e+01 -2.896961e+01 -2.871151e+01 -2.845399e+01
  -28.194992 -2.793516e+01 -2.767424e+01 -2.741190e+01 -2.714773e+01 -2.688123e+01 -2.661173e+01 -2.633844e+01
  -26.060382 -2.577643e+01 -2.548537e+01 -2.518602e+01 -2.487761e+01 -2.456024e+01 -2.423550e+01 -2.390658e+01
  -23.577767 -2.325316e+01 -2.293551e+01 -2.262600e+01 1.042794e-01 1.128374e+00 1.596045e+00 3.861976e+00
   18.619392 1.000000e+00    12.646075 -3.207109e+01 -3.180922e+01 -3.154869e+01 -3.128917e+01 -3.103040e+01 -3.077220e+01 -3.051440e+01
  -30.256871 -2.999950e+01 -2.974219e+01 -2.948484e+01 -2.922735e+01 -2.896961e+01 -2.871151e+01 -2.845399e+01
  -28.194992 -2.793516e+01 -2.767424e+01 -2.741190e+01 -2.714773e+01 -2.688123e+01 -2.661173e+01 -2.633844e+01
  -26.060382 -2.577643e+01 -2.548537e+01 -2.518602e+01 -2.487761e+01 -2.456024e+01 -2.423550e+01 -2.390658e+01
  -23.577767 -2.325316e+01 -2.293551e+01 -2.262600e+01 -2.232452e+01 7.312651e-02 1.226093e+00 1.828631e+00
    4.167652 2.100810e+01 1.000000e+00    12.646075 -3.207109e+01 -3.180922e+01 -3.154869e+01 -3.128917e+01 -3.103040e+01 -3.077220e+01 -3.051440e+01
  -30.256871 -2.999950e+01 -2.974219e+01 -2.948484e+01 -2.922735e+01 -2.896961e+01 -2.871151e+01 -2.845399e+01
  -28.194992 -2.793516e+01 -2.767424e+01 -2.741190e+01 -2.714773e+01 -2.688123e+01 -2.661173e+01 -2.633844e+01
  -26.060382 -2.577643e+01 -2.548537e+01 -2.518602e+01 -2.487761e+01 -2.456024e+01 -2.423550e+01 -2.390658e+01
  -23.577767 -2.325316e+01 -2.293551e+01 -2.262600e+01 -2.232452e+01 -2.203035e+01 5.027051e-02 1.321925e+00
    2.073126 4.461940e+00 2.347360e+01 1.000000e+00    12.646075 -3.207109e+01 -3.180922e+01 -3.154869e+01 -3.128917e+01 -3.103040e+01 -3.077220e+01 -3.051440e+01
  -30.256871 -2.999950e+01 -2.974219e+01 -2.948484e+01 -2.922735e+01 -2.896961e+01 -2.871151e+01 -2.845399e+01
  -28.194992 -2.793516e+01 -2.767424e+01 -2.741190e+01 -2.714773e+01 -2.688123e+01 -2.661173e+01 -2.633844e+01
  -26.060382 -2.577643e+01 -2.548537e+01 -2.518602e+01 -2.487761e+01 -2.456024e+01 -2.423550e+01 -2.390658e+01
  -23.577767 -2.325316e+01 -2.293551e+01 -2.262600e+01 -2.232452e+01 -2.203035e+01 -2.174252e+01 3.390197e-02
    1.415189 2.324266e+00 4.743531e+00 2.596187e+01 1.000000e+00    12.646075 -3.207109e+01 -3.180922e+01 -3.154869e+01 -3.128917e+01 -3.103040e+01 -3.077220e+01 -3.051440e+01
  -30.256871 -2.999950e+01 -2.974219e+01 -2.948484e+01 -2.922735e+01 -2.896961e+01 -2.871151e+01 -2.845399e+01
  -28.194992 -2.793516e+01 -2.767424e+01 -2.741190e+01 -2.714773e+01 -2.688123e+01 -2.661173e+01 -2.633844e+01
  -26.060382 -2.577643e+01 -2.548537e+01 -2.518602e+01 -2.487761e+01 -2.456024e+01 -2.423550e+01 -2.390658e+01
  -23.577767 -2.325316e+01 -2.293551e+01 -2.262600e+01 -2.232452e+01 -2.203035e+01 -2.174252e+01 -2.146008e+01
    0.022445 1.504753e+00 2.575981e+00 5.009547e+00 2.840848e+01 1.000000e+00    12.646075 -3.207109e+01 -3.180922e+01 -3.154869e+01 -3.128917e+01 -3.103040e+01 -3.077220e+01 -3.051440e+01
  -30.256871 -2.999950e+01 -2.974219e+01 -2.948484e+01 -2.922735e+01 -2.896961e+01 -2.871151e+01 -2.845399e+01
  -28.194992 -2.793516e+01 -2.767424e+01 -2.741190e+01 -2.714773e+01 -2.688123e+01 -2.661173e+01 -2.633844e+01
  -26.060382 -2.577643e+01 -2.548537e+01 -2.518602e+01 -2.487761e+01 -2.456024e+01 -2.423550e+01 -2.390658e+01
  -23.577767 -2.325316e+01 -2.293551e+01 -2.262600e+01 -2.232452e+01 -2.203035e+01 -2.174252e+01 -2.146008e+01
  -21.182204 1.460063e-02 1.589364e+00 2.822510e+00 5.256511e+00 3.074952e+01 1.000000e+00    12.646075 -3.207109e+01 -3.180922e+01 -3.154869e+01 -3.128917e+01 -3.103040e+01 -3.077220e+01 -3.051440e+01
  -30.256871 -2.999950e+01 -2.974219e+01 -2.948484e+01 -2.922735e+01 -2.896961e+01 -2.871151e+01 -2.845399e+01
  -28.194992 -2.793516e+01 -2.767424e+01 -2.741190e+01 -2.714773e+01 -2.688123e+01 -2.661173e+01 -2.633844e+01
  -26.060382 -2.577643e+01 -2.548537e+01 -2.518602e+01 -2.487761e+01 -2.456024e+01 -2.423550e+01 -2.390658e+01
  -23.577767 -2.325316e+01 -2.293551e+01 -2.262600e+01 -2.232452e+01 -2.203035e+01 -2.174252e+01 -2.146008e+01
  -21.182204 -2.090820e+01 9.343385e-03 1.668025e+00 3.059492e+00 5.481422e+00 3.293236e+01 1.000000e+00
   12.646075 -3.207109e+01 -3.180922e+01 -3.154869e+01 -3.128917e+01 -3.103040e+01 -3.077220e+01 -3.051440e+01
  -30.256871 -2.999950e+01 -2.974219e+01 -2.948484e+01 -2.922735e+01 -2.896961e+01 -2.871151e+01 -2.845399e+01
  -28.194992 -2.793516e+01 -2.767424e+01 -2.741190e+01 -2.714773e+01 -2.688123e+01 -2.661173e+01 -2.633844e+01
  -26.060382 -2.577643e+01 -2.548537e+01 -2.518602e+01 -2.487761e+01 -2.456024e+01 -2.423550e+01 -2.390658e+01
  -23.577767 -2.325316e+01 -2.293551e+01 -2.262600e+01 -2.232452e+01 -2.203035e+01 -2.174252e+01 -2.146008e+01
  -21.182204 -2.090820e+01 -2.063746e+01 5.889518e-03 1.740250e+00 3.284726e+00 5.682551e+00 3.492303e+01
    1.000000    12.646075 -3.207109e+01 -3.180922e+01 -3.154869e+01 -3.128917e+01 -3.103040e+01 -3.077220e+01 -3.051440e+01
  -30.256871 -2.999950e+01 -2.974219e+01 -2.948484e+01 -2.922735e+01 -2.896961e+01 -2.871151e+01 -2.845399e+01
  -28.194992 -2.793516e+01 -2.767424e+01 -2.741190e+01 -2.714773e+01 -2.688123e+01 -2.661173e+01 -2.633844e+01
  -26.060382 -2.577643e+01 -2.548537e+01 -2.518602e+01 -2.487761e+01 -2.456024e+01 -2.423550e+01 -2.390658e+01
  -23.577767 -2.325316e+01 -2.293551e+01 -2.262600e+01 -2.232452e+01 -2.203035e+01 -2.174252e+01 -2.146008e+01
  -21.182204 -2.090820e+01 -2.063746e+01 -2.036949e+01 3.661554e-03 1.806183e+00 3.498442e+00 5.859770e+00
   36.708856 1.000000e+00    12.646075 -3.207109e+01 -3.180922e+01 -3.154869e+01 -3.128917e+01 -3.103040e+01 -3.077220e+01 -3.051440e+01
  -30.256871 -2.999950e+01 -2.974219e+01 -2.948484e+01 -2.922735e+01 -2.896961e+01 -2.871151e+01 -2.845399e+01
  -28.194992 -2.793516e+01 -2.767424e+01 -2.741190e+01 -2.714773e+01 -2.688123e+01 -2.661173e+01 -2.633844e+01
  -26.060382 -2.577643e+01 -2.548537e+01 -2.518602e+01 -2.487761e+01 -2.456024e+01 -2.423550e+01 -2.390658e+01
  -23.577767 -2.325316e+01 -2.293551e+01 -2.262600e+01 -2.232452e+01 -2.203035e+01 -2.174252e+01 -2.146008e+01
  -21.182204 -2.090820e+01 -2.063746e+01 -2.036949e+01 -2.010384e+01 2.247806e-03 1.866564e+00 3.703148e+00
    6.014472 3.829663e+01 1.000000e+00    12.646075 -3.207109e+01 -3.180922e+01 -3.154869e+01 -3.128917e+01 -3.103040e+01 -3.077220e+01 -3.051440e+01
  -30.256871 -2.999950e+01 -2.974219e+01 -2.948484e+01 -2.922735e+01 -2.896961e+01 -2.871151e+01 -2.845399e+01
  -28.194992 -2.793516e+01 -2.767424e+01 -2.741190e+01 -2.714773e+01 -2.688123e+01 -2.661173e+01 -2.633844e+01
  -26.060382 -2.577643e+01 -2.548537e+01 -2.518602e+01 -2.487761e+01 -2.456024e+01 -2.423550e+01 -2.390658e+01
  -23.577767 -2.325316e+01 -2.293551e+01 -2.262600e+01 -2.232452e+01 -2.203035e+01 -2.174252e+01 -2.146008e+01
  -21.182204 -2.090820e+01 -2.063746e+01 -2.036949e+01 -2.010384e+01 -1.984012e+01 1.363748e-03 1.922603e+00
    3.903181 6.149225e+00 3.970829e+01 1.000000e+00    12.646075 -3.207109e+01 -3.180922e+01 -3.154869e+01 -3.128917e+01 -3.103040e+01 -3.077220e+01 -3.051440e+01
  -30.256871 -2.999950e+01 -2.974219e+01 -2.948484e+01 -2.922735e+01 -2.896961e+01 -2.871151e+01 -2.845399e+01
  -28.194992 -2.793516e+01 -2.767424e+01 -2.741190e+01 -2.714773e+01 -2.688123e+01 -2.661173e+01 -2.633844e+01
  -26.060382 -2.577643e+01 -2.548537e+01 -2.518602e+01 -2.487761e+01 -2.456024e+01 -2.423550e+01 -2.390658e+01
  -23.577767 -2.325316e+01 -2.293551e+01 -2.262600e+01 -2.232452e+01 -2.203035e+01 -2.174252e+01 -2.146008e+01
  -21.182204 -2.090820e+01 -2.063746e+01 -2.036949e+01 -2.010384e+01 -1.984012e+01 -1.957798e+01 8.181040e-04
    1.975822 4.104146e+00 6.267329e+00 4.097558e+01 1.000000e+00    12.646075 -3.207109e+01 -3.180922e+01 -3.154869e+01 -3.128917e+01 -3.103040e+01 -3.077220e+01 -3.051440e+01
  -30.256871 -2.999950e+01 -2.974219e+01 -2.948484e+01 -2.922735e+01 -2.896961e+01 -2.871151e+01 -2.845399e+01
  -28.194992 -2.793516e+01 -2.767424e+01 -2.741190e+01 -2.714773e+01 -2.688123e+01 -2.661173e+01 -2.633844e+01
  -26.060382 -2.577643e+01 -2.548537e+01 -2.518602e+01 -2.487761e+01 -2.456024e+01 -2.423550e+01 -2.390658e+01
  -23.577767 -2.325316e+01 -2.293551e+01 -2.262600e+01 -2.232452e+01 -2.203035e+01 -2.174252e+01 -2.146008e+01
  -21.182204 -2.090820e+01 -2.063746e+01 -2.036949e+01 -2.010384e+01 -1.984012e+01 -1.957798e+01 -1.931713e+01
    0.000485 2.027889e+00 4.312308e+00 6.372394e+00 4.213503e+01 1.000000e+00    12.646075 -3.207109e+01 -3.180922e+01 -3.154869e+01 -3.128917e+01 -3.103040e+01 -3.077220e+01 -3.051440e+01
  -30.256871 -2.999950e+01 -2.974219e+01 -2.948484e+01 -2.922735e+01 -2.896961e+01 -2.871151e+01 -2.845399e+01
  -28.194992 -2.793516e+01 -2.767424e+01 -2.741190e+01 -2.714773e+01 -2.688123e+01 -2.661173e+01 -2.633844e+01
  -26.060382 -2.577643e+01 -2.548537e+01 -2.518602e+01 -2.487761e+01 -2.456024e+01 -2.423550e+01 -2.390658e+01
  -23.577767 -2.325316e+01 -2.293551e+01 -2.262600e+01 -2.232452e+01 -2.203035e+01 -2.174252e+01 -2.146008e+01
  -21.182204 -2.090820e+01 -2.063746e+01 -2.036949e+01 -2.010384e+01 -1.984012e+01 -1.957798e+01 -1.931713e+01
  -19.057322 2.846159e-04 2.080461e+00 4.533989e+00 6.467993e+00 4.322371e+01 1.000000e+00    12.646075 -3.207109e+01 -3.180922e+01 -3.154869e+01 -3.128917e+01 -3.103040e+01 -3.077220e+01 -3.051440e+01
  -30.256871 -2.999950e+01 -2.974219e+01 -2.948484e+01 -2.922735e+01 -2.896961e+01 -2.871151e+01 -2.845399e+01
  -28.194992 -2.793516e+01 -2.767424e+01 -2.741190e+01 -2.714773e+01 -2.688123e+01 -2.661173e+01 -2.633844e+01
  -26.060382 -2.577643e+01 -2.548537e+01 -2.518602e+01 -2.487761e+01 -2.456024e+01 -2.423550e+01 -2.390658e+01
  -23.577767 -2.325316e+01 -2.293551e+01 -2.262600e+01 -2.232452e+01 -2.203035e+01 -2.174252e+01 -2.146008e+01
  -21.182204 -2.090820e+01 -2.063746e+01 -2.036949e+01 -2.010384e+01 -1.984012e+01 -1.957798e+01 -1.931713e+01
  -19.057322 -1.879834e+01 1.648998e-04 2.135036e+00 4.774941e+00 6.557379e+00 4.427572e+01 1.000000e+00
   12.646075 -3.207109e+01 -3.180922e+01 -3.154869e+01 -3.128917e+01 -3.103040e+01 -3.077220e+01 -3.051440e+01
  -30.256871 -2.999950e+01 -2.974219e+01 -2.948484e+01 -2.922735e+01 -2.896961e+01 -2.871151e+01 -2.845399e+01
  -28.194992 -2.793516e+01 -2.767424e+01 -2.741190e+01 -2.714773e+01 -2.688123e+01 -2.661173e+01 -2.633844e+01
  -26.060382 -2.577643e+01 -2.548537e+01 -2.518602e+01 -2.487761e+01 -2.456024e+01 -2.423550e+01 -2.390658e+01
  -23.577767 -2.325316e+01 -2.293551e+01 -2.262600e+01 -2.232452e+01 -2.203035e+01 -2.174252e+01 -2.146008e+01
  -21.182204 -2.090820e+01 -2.063746e+01 -2.036949e+01 -2.010384e+01 -1.984012e+01 -1.957798e+01 -1.931713e+01
  -19.057322 -1.879834e+01 -1.854002e+01 9.429558e-05 2.192814e+00 5.039699e+00 6.643268e+00 4.531928e+01
    1.000000    12.646075 -3.207109e+01 -3.180922e+01 -3.154869e+01 -3.128917e+01 -3.103040e+01 -3.077220e+01 -3.051440e+01
  -30.256871 -2.999950e+01 -2.974219e+01 -2.948484e+01 -2.922735e+01 -2.896961e+01 -2.871151e+01 -2.845399e+01
  -28.194992 -2.793516e+01 -2.767424e+01 -2.741190e+01 -2.714773e+01 -2.688123e+01 -2.661173e+01 -2.633844e+01
  -26.060382 -2.577643e+01 -2.548537e+01 -2.518602e+01 -2.487761e+01 -2.456024e+01 -2.423550e+01 -2.390658e+01
  -23.577767 -2.325316e+01 -2.293551e+01 -2.262600e+01 -2.232452e+01 -2.203035e+01 -2.174252e+01 -2.146008e+01
  -21.182204 -2.090820e+01 -2.063746e+01 -2.036949e+01 -2.010384e+01 -1.984012e+01 -1.957798e+01 -1.931713e+01
  -19.057322 -1.879834e+01 -1.854002e+01 -1.828222e+01 5.315750e-05 2.254559e+00 5.330936e+00 6.727675e+00
   46.374393 1.000000e+00    12.646075 -3.207109e+01 -3.180922e+01 -3.154869e+01 -3.128917e+01 -3.103040e+01 -3.077220e+01 -3.051440e+01
  -30.256871 -2.999950e+01 -2.974219e+01 -2.948484e+01 -2.922735e+01 -2.896961e+01 -2.871151e+01 -2.845399e+01
  -28.194992 -2.793516e+01 -2.767424e+01 -2.741190e+01 -2.714773e+01 -2.688123e+01 -2.661173e+01 -2.633844e+01
  -26.060382 -2.577643e+01 -2.548537e+01 -2.518602e+01 -2.487761e+01 -2.456024e+01 -2.423550e+01 -2.390658e+01
  -23.577767 -2.325316e+01 -2.293551e+01 -2.262600e+01 -2.232452e+01 -2.203035e+01 -2.174252e+01 -2.146008e+01
  -21.182204 -2.090820e+01 -2.063746e+01 -2.036949e+01 -2.010384e+01 -1.984012e+01 -1.957798e+01 -1.931713e+01
  -19.057322 -1.879834e+01 -1.854002e+01 -1.828222e+01 -1.802483e+01 2.950494e-05 2.320498e+00 5.648936e+00
    6.811793 4.745108e+01 1.000000e+00    12.646075 -3.207109e+01 -3.180922e+01 -3.154869e+01 -3.128917e+01 -3.103040e+01 -3.077220e+01 -3.051440e+01
  -30.256871 -2.999950e+01 -2.974219e+01 -2.948484e+01 -2.922735e+01 -2.896961e+01 -2.871151e+01 -2.845399e+01
  -28.194992 -2.793516e+01 -2.767424e+01 -2.741190e+01 -2.714773e+01 -2.688123e+01 -2.661173e+01 -2.633844e+01
  -26.060382 -2.577643e+01 -2.548537e+01 -2.518602e+01 -2.487761e+01 -2.456024e+01 -2.423550e+01 -2.390658e+01
  -23.577767 -2.325316e+01 -2.293551e+01 -2.262600e+01 -2.232452e+01 -2.203035e+01 -2.174252e+01 -2.146008e+01
  -21.182204 -2.090820e+01 -2.063746e+01 -2.036949e+01 -2.010384e+01 -1.984012e+01 -1.957798e+01 -1.931713e+01
  -19.057322 -1.879834e+01 -1.854002e+01 -1.828222e+01 -1.802483e+01 -1.776776e+01 1.610502e-05 2.390267e+00
    5.991349 6.895956e+00 4.854869e+01 1.000000e+00    12.646075 -3.207109e+01 -3.180922e+01 -3.154869e+01 -3.128917e+01 -3.103040e+01 -3.077220e+01 -3.051440e+01
  -30.256871 -2.999950e+01 -2.974219e+01 -2.948484e+01 -2.922735e+01 -2.896961e+01 -2.871151e+01 -2.845399e+01
  -28.194992 -2.793516e+01 -2.767424e+01 -2.741190e+01 -2.714773e+01 -2.688123e+01 -2.661173e+01 -2.633844e+01
  -26.060382 -2.577643e+01 -2.548537e+01 -2.518602e+01 -2.487761e+01 -2.456024e+01 -2.423550e+01 -2.390658e+01
  -23.577767 -2.325316e+01 -2.293551e+01 -2.262600e+01 -2.232452e+01 -2.203035e+01 -2.174252e+01 -2.146008e+01
  -21.182204 -2.090820e+01 -2.063746e+01 -2.036949e+01 -2.010384e+01 -1.984012e+01 -1.957798e+01 -1.931713e+01
  -19.057322 -1.879834e+01 -1.854002e+01 -1.828222e+01 -1.802483e+01 -1.776776e+01 -1.751094e+01 8.636332e-06
    2.462957 6.353391e+00 6.979702e+00 4.965656e+01 1.000000e+00    12.646075 -3.207109e+01 -3.180922e+01 -3.154869e+01 -3.128917e+01 -3.103040e+01 -3.077220e+01 -3.051440e+01
  -30.256871 -2.999950e+01 -2.974219e+01 -2.948484e+01 -2.922735e+01 -2.896961e+01 -2.871151e+01 -2.845399e+01
  -28.194992 -2.793516e+01 -2.767424e+01 -2.741190e+01 -2.714773e+01 -2.688123e+01 -2.661173e+01 -2.633844e+01
  -26.060382 -2.577643e+01 -2.548537e+01 -2.518602e+01 -2.487761e+01 -2.456024e+01 -2.423550e+01 -2.390658e+01
  -23.577767 -2.325316e+01 -2.293551e+01 -2.262600e+01 -2.232452e+01 -2.203035e+01 -2.174252e+01 -2.146008e+01
  -21.182204 -2.090820e+01 -2.063746e+01 -2.036949e+01 -2.010384e+01 -1.984012e+01 -1.957798e+01 -1.931713e+01
  -19.057322 -1.879834e+01 -1.854002e+01 -1.828222e+01 -1.802483e+01 -1.776776e+01 -1.751094e+01 -1.725431e+01
    0.000005 2.537262e+00 6.728588e+00 7.061948e+00 5.075632e+01 1.000000e+00    12.646075 -3.207109e+01 -3.180922e+01 -3.154869e+01 -3.128917e+01 -3.103040e+01 -3.077220e+01 -3.051440e+01
  -30.256871 -2.999950e+01 -2.974219e+01 -2.948484e+01 -2.922735e+01 -2.896961e+01 -2.871151e+01 -2.845399e+01
  -28.194992 -2.793516e+01 -2.767424e+01 -2.741190e+01 -2.714773e+01 -2.688123e+01 -2.661173e+01 -2.633844e+01
  -26.060382 -2.577643e+01 -2.548537e+01 -2.518602e+01 -2.487761e+01 -2.456024e+01 -2.423550e+01 -2.390658e+01
  -23.577767 -2.325316e+01 -2.293551e+01 -2.262600e+01 -2.232452e+01 -2.203035e+01 -2.174252e+01 -2.146008e+01
  -21.182204 -2.090820e+01 -2.063746e+01 -2.036949e+01 -2.010384e+01 -1.984012e+01 -1.957798e+01 -1.931713e+01
  -19.057322 -1.879834e+01 -1.854002e+01 -1.828222e+01 -1.802483e+01 -1.776776e+01 -1.751094e+01 -1.725431e+01
  -16.997847 2.349330e-06 2.611722e+00 7.109974e+00 7.141270e+00 5.182559e+01 1.000000e+00    12.646075 -3.207109e+01 -3.180922e+01 -3.154869e+01 -3.128917e+01 -3.103040e+01 -3.077220e+01 -3.051440e+01
  -30.256871 -2.999950e+01 -2.974219e+01 -2.948484e+01 -2.922735e+01 -2.896961e+01 -2.871151e+01 -2.845399e+01
  -28.194992 -2.793516e+01 -2.767424e+01 -2.741190e+01 -2.714773e+01 -2.688123e+01 -2.661173e+01 -2.633844e+01
  -26.060382 -2.577643e+01 -2.548537e+01 -2.518602e+01 -2.487761e+01 -2.456024e+01 -2.423550e+01 -2.390658e+01
  -23.577767 -2.325316e+01 -2.293551e+01 -2.262600e+01 -2.232452e+01 -2.203035e+01 -2.174252e+01 -2.146008e+01
  -21.182204 -2.090820e+01 -2.063746e+01 -2.036949e+01 -2.010384e+01 -1.984012e+01 -1.957798e+01 -1.931713e+01
  -19.057322 -1.879834e+01 -1.854002e+01 -1.828222e+01 -1.802483e+01 -1.776776e+01 -1.751094e+01 -1.725431e+01
  -16.997847 -1.674151e+01 1.191492e-06 2.685006e+00 7.491503e+00 7.216219e+00 5.284221e+01 1.000000e+00
   12.646075 -3.207109e+01 -3.180922e+01 -3.154869e+01 -3.128917e+01 -3.103040e+01 -3.077220e+01 -3.051440e+01
  -30.256871 -2.999950e+01 -2.974219e+01 -2.948484e+01 -2.922735e+01 -2.896961e+01 -2.871151e+01 -2.845399e+01
  -28.194992 -2.793516e+01 -2.767424e+01 -2.741190e+01 -2.714773e+01 -2.688123e+01 -2.661173e+01 -2.633844e+01
  -26.060382 -2.577643e+01 -2.548537e+01 -2.518602e+01 -2.487761e+01 -2.456024e+01 -2.423550e+01 -2.390658e+01
  -23.577767 -2.325316e+01 -2.293551e+01 -2.262600e+01 -2.232452e+01 -2.203035e+01 -2.174252e+01 -2.146008e+01
  -21.182204 -2.090820e+01 -2.063746e+01 -2.036949e+01 -2.010384e+01 -1.984012e+01 -1.957798e+01 -1.931713e+01
  -19.057322 -1.879834e+01 -1.854002e+01 -1.828222e+01 -1.802483e+01 -1.776776e+01 -1.751094e+01 -1.725431e+01
  -16.997847 -1.674151e+01 -1.648526e+01 5.933480e-07 2.756164e+00 7.869323e+00 7.285603e+00 5.378809e+01
    1.000000    12.646075 -3.207109e+01 -3.180922e+01 -3.154869e+01 -3.128917e+01 -3.103040e+01 -3.077220e+01 -3.051440e+01
  -30.256871 -2.999950e+01 -2.974219e+01 -2.948484e+01 -2.922735e+01 -2.896961e+01 -2.871151e+01 -2.845399e+01
  -28.194992 -2.793516e+01 -2.767424e+01 -2.741190e+01 -2.714773e+01 -2.688123e+01 -2.661173e+01 -2.633844e+01
  -26.060382 -2.577643e+01 -2.548537e+01 -2.518602e+01 -2.487761e+01 -2.456024e+01 -2.423550e+01 -2.390658e+01
  -23.577767 -2.325316e+01 -2.293551e+01 -2.262600e+01 -2.232452e+01 -2.203035e+01 -2.174252e+01 -2.146008e+01
  -21.182204 -2.090820e+01 -2.063746e+01 -2.036949e+01 -2.010384e+01 -1.984012e+01 -1.957798e+01 -1.931713e+01
  -19.057322 -1.879834e+01 -1.854002e+01 -1.828222e+01 -1.802483e+01 -1.776776e+01 -1.751094e+01 -1.725431e+01
  -16.997847 -1.674151e+01 -1.648526e+01 -1.622910e+01 2.902990e-07 2.824799e+00 8.242616e+00 7.348680e+00
   54.651770 1.000000e+00    12.646075 -3.207109e+01 -3.180922e+01 -3.154869e+01 -3.128917e+01 -3.103040e+01 -3.077220e+01 -3.051440e+01
  -30.256871 -2.999950e+01 -2.974219e+01 -2.948484e+01 -2.922735e+01 -2.896961e+01 -2.871151e+01 -2.845399e+01
  -28.194992 -2.793516e+01 -2.767424e+01 -2.741190e+01 -2.714773e+01 -2.688123e+01 -2.661173e+01 -2.633844e+01
  -26.060382 -2.577643e+01 -2.548537e+01 -2.518602e+01 -2.487761e+01 -2.456024e+01 -2.423550e+01 -2.390658e+01
  -23.577767 -2.325316e+01 -2.293551e+01 -2.262600e+01 -2.232452e+01 -2.203035e+01 -2.174252e+01 -2.146008e+01
  -21.182204 -2.090820e+01 -2.063746e+01 -2.036949e+01 -2.010384e+01 -1.984012e+01 -1.957798e+01 -1.931713e+01
  -19.057322 -1.879834e+01 -1.854002e+01 -1.828222e+01 -1.802483e+01 -1.776776e+01 -1.751094e+01 -1.725431e+01
  -16.997847 -1.674151e+01 -1.648526e+01 -1.622910e+01 -1.597300e+01 1.396239e-07 2.891118e+00 8.613859e+00
    7.405230 5.542934e+01 1.000000e+00    12.646075 -3.207109e+01 -3.180922e+01 -3.154869e+01 -3.128917e+01 -3.103040e+01 -3.077220e+01 -3.051440e+01
  -30.256871 -2.999950e+01 -2.974219e+01 -2.948484e+01 -2.922735e+01 -2.896961e+01 -2.871151e+01 -2.845399e+01
  -28.194992 -2.793516e+01 -2.767424e+01 -2.741190e+01 -2.714773e+01 -2.688123e+01 -2.661173e+01 -2.633844e+01
  -26.060382 -2.577643e+01 -2.548537e+01 -2.518602e+01 -2.487761e+01 -2.456024e+01 -2.423550e+01 -2.390658e+01
  -23.577767 -2.325316e+01 -2.293551e+01 -2.262600e+01 -2.232452e+01 -2.203035e+01 -2.174252e+01 -2.146008e+01
  -21.182204 -2.090820e+01 -2.063746e+01 -2.036949e+01 -2.010384e+01 -1.984012e+01 -1.957798e+01 -1.931713e+01
  -19.057322 -1.879834e+01 -1.854002e+01 -1.828222e+01 -1.802483e+01 -1.776776e+01 -1.751094e+01 -1.725431e+01
  -16.997847 -1.674151e+01 -1.648526e+01 -1.622910e+01 -1.597300e+01 -1.571696e+01 6.604803e-08 2.955877e+00
    8.988520 7.455515e+00 5.612382e+01 1.000000e+00    12.646075 -3.207109e+01 -3.180922e+01 -3.154869e+01 -3.128917e+01 -3.103040e+01 -3.077220e+01 -3.051440e+01
  -30.256871 -2.999950e+01 -2.974219e+01 -2.948484e+01 -2.922735e+01 -2.896961e+01 -2.871151e+01 -2.845399e+01
  -28.194992 -2.793516e+01 -2.767424e+01 -2.741190e+01 -2.714773e+01 -2.688123e+01 -2.661173e+01 -2.633844e+01
  -26.060382 -2.577643e+01 -2.548537e+01 -2.518602e+01 -2.487761e+01 -2.456024e+01 -2.423550e+01 -2.390658e+01
  -23.577767 -2.325316e+01 -2.293551e+01 -2.262600e+01 -2.232452e+01 -2.203035e+01 -2.174252e+01 -2.146008e+01
  -21.182204 -2.090820e+01 -2.063746e+01 -2.036949e+01 -2.010384e+01 -1.984012e+01 -1.957798e+01 -1.931713e+01
  -19.057322 -1.879834e+01 -1.854002e+01 -1.828222e+01 -1.802483e+01 -1.776776e+01 -1.751094e+01 -1.725431e+01
  -16.997847 -1.674151e+01 -1.648526e+01 -1.622910e+01 -1.597300e+01 -1.571696e+01 -1.546095e+01 3.073600e-08
    3.020243 9.374327e+00 7.500168e+00 5.674358e+01 1.000000e+00    12.646075 -3.207109e+01 -3.180922e+01 -3.154869e+01 -3.128917e+01 -3.103040e+01 -3.077220e+01 -3.051440e+01
  -30.256871 -2.999950e+01 -2.974219e+01 -2.948484e+01 -2.922735e+01 -2.896961e+01 -2.871151e+01 -2.845399e+01
  -28.194992 -2.793516e+01 -2.767424e+01 -2.741190e+01 -2.714773e+01 -2.688123e+01 -2.661173e+01 -2.633844e+01
  -26.060382 -2.577643e+01 -2.548537e+01 -2.518602e+01 -2.487761e+01 -2.456024e+01 -2.423550e+01 -2.390658e+01
  -23.577767 -2.325316e+01 -2.293551e+01 -2.262600e+01 -2.232452e+01 -2.203035e+01 -2.174252e+01 -2.146008e+01
  -21.182204 -2.090820e+01 -2.063746e+01 -2.036949e+01 -2.010384e+01 -1.984012e+01 -1.957798e+01 -1.931713e+01
  -19.057322 -1.879834e+01 -1.854002e+01 -1.828222e+01 -1.802483e+01 -1.776776e+01 -1.751094e+01 -1.725431e+01
  -16.997847 -1.674151e+01 -1.648526e+01 -1.622910e+01 -1.597300e+01 -1.571696e+01 -1.546095e+01 -1.520498e+01
    0.000000 3.085613e+00 9.780257e+00 7.540051e+00 5.730025e+01 1.000000e+00    12.646075 -3.207109e+01 -3.180922e+01 -3.154869e+01 -3.128917e+01 -3.103040e+01 -3.077220e+01 -3.051440e+01
  -30.256871 -2.999950e+01 -2.974219e+01 -2.948484e+01 -2.922735e+01 -2.896961e+01 -2.871151e+01 -2.845399e+01
  -28.194992 -2.793516e+01 -2.767424e+01 -2.741190e+01 -2.714773e+01 -2.688123e+01 -2.661173e+01 -2.633844e+01
  -26.060382 -2.577643e+01 -2.548537e+01 -2.518602e+01 -2.487761e+01 -2.456024e+01 -2.423550e+01 -2.390658e+01
  -23.577767 -2.325316e+01 -2.293551e+01 -2.262600e+01 -2.232452e+01 -2.203035e+01 -2.174252e+01 -2.146008e+01
  -21.182204 -2.090820e+01 -2.063746e+01 -2.036949e+01 -2.010384e+01 -1.984012e+01 -1.957798e+01 -1.931713e+01
  -19.057322 -1.879834e+01 -1.854002e+01 -1.828222e+01 -1.802483e+01 -1.776776e+01 -1.751094e+01 -1.725431e+01
  -16.997847 -1.674151e+01 -1.648526e+01 -1.622910e+01 -1.597300e+01 -1.571696e+01 -1.546095e+01 -1.520498e+01
  -14.949041 6.332287e-09 3.153413e+00 1.021539e+01 7.576104e+00 5.780668e+01 1.000000e+00    12.646075 -3.207109e+01 -3.180922e+01 -3.154869e+01 -3.128917e+01 -3.103040e+01 -3.077220e+01 -3.051440e+01
  -30.256871 -2.999950e+01 -2.974219e+01 -2.948484e+01 -2.922735e+01 -2.896961e+01 -2.871151e+01 -2.845399e+01
  -28.194992 -2.793516e+01 -2.767424e+01 -2.741190e+01 -2.714773e+01 -2.688123e+01 -2.661173e+01 -2.633844e+01
  -26.060382 -2.577643e+01 -2.548537e+01 -2.518602e+01 -2.487761e+01 -2.456024e+01 -2.423550e+01 -2.390658e+01
  -23.577767 -2.325316e+01 -2.293551e+01 -2.262600e+01 -2.232452e+01 -2.203035e+01 -2.174252e+01 -2.146008e+01
  -21.182204 -2.090820e+01 -2.063746e+01 -2.036949e+01 -2.010384e+01 -1.984012e+01 -1.957798e+01 -1.931713e+01
  -19.057322 -1.879834e+01 -1.854002e+01 -1.828222e+01 -1.802483e+01 -1.776776e+01 -1.751094e+01 -1.725431e+01
  -16.997847 -1.674151e+01 -1.648526e+01 -1.622910e+01 -1.597300e+01 -1.571696e+01 -1.546095e+01 -1.520498e+01
  -14.949041 -1.469312e+01 2.799880e-09 3.224894e+00 1.068777e+01 7.609225e+00 5.827509e+01 1.000000e+00
   12.646075 -3.207109e+01 -3.180922e+01 -3.154869e+01 -3.128917e+01 -3.103040e+01 -3.077220e+01 -3.051440e+01
  -30.256871 -2.999950e+01 -2.974219e+01 -2.948484e+01 -2.922735e+01 -2.896961e+01 -2.871151e+01 -2.845399e+01
  -28.194992 -2.793516e+01 -2.767424e+01 -2.741190e+01 -2.714773e+01 -2.688123e+01 -2.661173e+01 -2.633844e+01
  -26.060382 -2.577643e+01 -2.548537e+01 -2.518602e+01 -2.487761e+01 -2.456024e+01 -2.423550e+01 -2.390658e+01
  -23.577767 -2.325316e+01 -2.293551e+01 -2.262600e+01 -2.232452e+01 -2.203035e+01 -2.174252e+01 -2.146008e+01
  -21.182204 -2.090820e+01 -2.063746e+01 -2.036949e+01 -2.010384e+01 -1.984012e+01 -1.957798e+01 -1.931713e+01
  -19.057322 -1.879834e+01 -1.854002e+01 -1.828222e+01 -1.802483e+01 -1.776776e+01 -1.751094e+01 -1.725431e+01
  -16.997847 -1.674151e+01 -1.648526e+01 -1.622910e+01 -1.597300e+01 -1.571696e+01 -1.546095e+01 -1.520498e+01
  -14.949041 -1.469312e+01 -1.443721e+01 1.214922e-09 3.300965e+00 1.120335e+01 7.640168e+00 5.871572e+01
    1.000000    12.646075 -3.207109e+01 -3.180922e+01 -3.154869e+01 -3.128917e+01 -3.103040e+01 -3.077220e+01 -3.051440e+01
  -30.256871 -2.999950e+01 -2.974219e+01 -2.948484e+01 -2.922735e+01 -2.896961e+01 -2.871151e+01 -2.845399e+01
  -28.194992 -2.793516e+01 -2.767424e+01 -2.741190e+01 -2.714773e+01 -2.688123e+01 -2.661173e+01 -2.633844e+01
  -26.060382 -2.577643e+01 -2.548537e+01 -2.518602e+01 -2.487761e+01 -2.456024e+01 -2.423550e+01 -2.390658e+01
  -23.577767 -2.325316e+01 -2.293551e+01 -2.262600e+01 -2.232452e+01 -2.203035e+01 -2.174252e+01 -2.146008e+01
  -21.182204 -2.090820e+01 -2.063746e+01 -2.036949e+01 -2.010384e+01 -1.984012e+01 -1.957798e+01 -1.931713e+01
  -19.057322 -1.879834e+01 -1.854002e+01 -1.828222e+01 -1.802483e+01 -1.776776e+01 -1.751094e+01 -1.725431e+01
  -16.997847 -1.674151e+01 -1.648526e+01 -1.622910e+01 -1.597300e+01 -1.571696e+01 -1.546095e+01 -1.520498e+01
  -14.949041 -1.469312e+01 -1.443721e+01 -1.418132e+01 5.167068e-10 3.382076e+00 1.176538e+01 7.669480e+00
   59.135848 1.000000e+00    12.646075 -3.207109e+01 -3.180922e+01 -3.154869e+01 -3.128917e+01 -3.103040e+01 -3.077220e+01 -3.051440e+01
  -30.256871 -2.999950e+01 -2.974219e+01 -2.948484e+01 -2.922735e+01 -2.896961e+01 -2.871151e+01 -2.845399e+01
  -28.194992 -2.793516e+01 -2.767424e+01 -2.741190e+01 -2.714773e+01 -2.688123e+01 -2.661173e+01 -2.633844e+01
  -26.060382 -2.577643e+01 -2.548537e+01 -2.518602e+01 -2.487761e+01 -2.456024e+01 -2.423550e+01 -2.390658e+01
  -23.577767 -2.325316e+01 -2.293551e+01 -2.262600e+01 -2.232452e+01 -2.203035e+01 -2.174252e+01 -2.146008e+01
  -21.182204 -2.090820e+01 -2.063746e+01 -2.036949e+01 -2.010384e+01 -1.984012e+01 -1.957798e+01 -1.931713e+01
  -19.057322 -1.879834e+01 -1.854002e+01 -1.828222e+01 -1.802483e+01 -1.776776e+01 -1.751094e+01 -1.725431e+01
  -16.997847 -1.674151e+01 -1.648526e+01 -1.622910e+01 -1.597300e+01 -1.571696e+01 -1.546095e+01 -1.520498e+01
  -14.949041 -1.469312e+01 -1.443721e+01 -1.418132e+01 -1.392544e+01 2.151099e-10 3.468192e+00 1.237421e+01
    7.697480 5.953949e+01 1.000000e+00    12.646075 -3.207109e+01 -3.180922e+01 -3.154869e+01 -3.128917e+01 -3.103040e+01 -3.077220e+01 -3.051440e+01
  -30.256871 -2.999950e+01 -2.974219e+01 -2.948484e+01 -2.922735e+01 -2.896961e+01 -2.871151e+01 -2.845399e+01
  -28.194992 -2.793516e+01 -2.767424e+01 -2.741190e+01 -2.714773e+01 -2.688123e+01 -2.661173e+01 -2.633844e+01
  -26.060382 -2.577643e+01 -2.548537e+01 -2.518602e+01 -2.487761e+01 -2.456024e+01 -2.423550e+01 -2.390658e+01
  -23.577767 -2.325316e+01 -2.293551e+01 -2.262600e+01 -2.232452e+01 -2.203035e+01 -2.174252e+01 -2.146008e+01
  -21.182204 -2.090820e+01 -2.063746e+01 -2.036949e+01 -2.010384e+01 -1.984012e+01 -1.957798e+01 -1.931713e+01
  -19.057322 -1.879834e+01 -1.854002e+01 -1.828222e+01 -1.802483e+01 -1.776776e+01 -1.751094e+01 -1.725431e+01
  -16.997847 -1.674151e+01 -1.648526e+01 -1.622910e+01 -1.597300e+01 -1.571696e+01 -1.546095e+01 -1.520498e+01
  -14.949041 -1.469312e+01 -1.443721e+01 -1.418132e+01 -1.392544e+01 -1.366957e+01 8.755083e-11 3.558869e+00
   13.027996 7.724273e+00 5.992765e+01 1.000000e+00    12.646075 -3.207109e+01 -3.180922e+01 -3.154869e+01 -3.128917e+01 -3.103040e+01 -3.077220e+01 -3.051440e+01
  -30.256871 -2.999950e+01 -2.974219e+01 -2.948484e+01 -2.922735e+01 -2.896961e+01 -2.871151e+01 -2.845399e+01
  -28.194992 -2.793516e+01 -2.767424e+01 -2.741190e+01 -2.714773e+01 -2.688123e+01 -2.661173e+01 -2.633844e+01
  -26.060382 -2.577643e+01 -2.548537e+01 -2.518602e+01 -2.487761e+01 -2.456024e+01 -2.423550e+01 -2.390658e+01
  -23.577767 -2.325316e+01 -2.293551e+01 -2.262600e+01 -2.232452e+01 -2.203035e+01 -2.174252e+01 -2.146008e+01
  -21.182204 -2.090820e+01 -2.063746e+01 -2.036949e+01 -2.010384e+01 -1.984012e+01 -1.957798e+01 -1.931713e+01
  -19.057322 -1.879834e+01 -1.854002e+01 -1.828222e+01 -1.802483e+01 -1.776776e+01 -1.751094e+01 -1.725431e+01
  -16.997847 -1.674151e+01 -1.648526e+01 -1.622910e+01 -1.597300e+01 -1.571696e+01 -1.546095e+01 -1.520498e+01
  -14.949041 -1.469312e+01 -1.443721e+01 -1.418132e+01 -1.392544e+01 -1.366957e+01 -1.341370e+01 3.479934e-11
    3.653436 1.372390e+01 7.749804e+00 6.029905e+01 1.000000e+00    12.646075 -3.207109e+01 -3.180922e+01 -3.154869e+01 -3.128917e+01 -3.103040e+01 -3.077220e+01 -3.051440e+01
  -30.256871 -2.999950e+01 -2.974219e+01 -2.948484e+01 -2.922735e+01 -2.896961e+01 -2.871151e+01 -2.845399e+01
  -28.194992 -2.793516e+01 -2.767424e+01 -2.741190e+01 -2.714773e+01 -2.688123e+01 -2.661173e+01 -2.633844e+01
  -26.060382 -2.577643e+01 -2.548537e+01 -2.518602e+01 -2.487761e+01 -2.456024e+01 -2.423550e+01 -2.390658e+01
  -23.577767 -2.325316e+01 -2.293551e+01 -2.262600e+01 -2.232452e+01 -2.203035e+01 -2.174252e+01 -2.146008e+01
  -21.182204 -2.090820e+01 -2.063746e+01 -2.036949e+01 -2.010384e+01 -1.984012e+01 -1.957798e+01 -1.931713e+01
  -19.057322 -1.879834e+01 -1.854002e+01 -1.828222e+01 -1.802483e+01 -1.776776e+01 -1.751094e+01 -1.725431e+01
  -16.997847 -1.674151e+01 -1.648526e+01 -1.622910e+01 -1.597300e+01 -1.571696e+01 -1.546095e+01 -1.520498e+01
  -14.949041 -1.469312e+01 -1.443721e+01 -1.418132e+01 -1.392544e+01 -1.366957e+01 -1.341370e+01 -1.315784e+01
    0.000000 3.751248e+00 1.445985e+01 7.773933e+00 6.065125e+01 1.000000e+00    12.646075 -3.207109e+01 -3.180922e+01 -3.154869e+01 -3.128917e+01 -3.103040e+01 -3.077220e+01 -3.051440e+01
  -30.256871 -2.999950e+01 -2.974219e+01 -2.948484e+01 -2.922735e+01 -2.896961e+01 -2.871151e+01 -2.845399e+01
  -28.194992 -2.793516e+01 -2.767424e+01 -2.741190e+01 -2.714773e+01 -2.688123e+01 -2.661173e+01 -2.633844e+01
  -26.060382 -2.577643e+01 -2.548537e+01 -2.518602e+01 -2.487761e+01 -2.456024e+01 -2.423550e+01 -2.390658e+01
  -23.577767 -2.325316e+01 -2.293551e+01 -2.262600e+01 -2.232452e+01 -2.203035e+01 -2.174252e+01 -2.146008e+01
  -21.182204 -2.090820e+01 -2.063746e+01 -2.036949e+01 -2.010384e+01 -1.984012e+01 -1.957798e+01 -1.931713e+01
  -19.057322 -1.879834e+01 -1.854002e+01 -1.828222e+01 -1.802483e+01 -1.776776e+01 -1.751094e+01 -1.725431e+01
  -16.997847 -1.674151e+01 -1.648526e+01 -1.622910e+01 -1.597300e+01 -1.571696e+01 -1.546095e+01 -1.520498e+01
  -14.949041 -1.469312e+01 -1.443721e+01 -1.418132e+01 -1.392544e+01 -1.366957e+01 -1.341370e+01 -1.315784e+01
  -12.901978 5.102681e-12 3.851913e+00 1.523614e+01 7.796511e+00 6.098176e+01 1.000000e+00    12.646075 -3.207109e+01 -3.180922e+01 -3.154869e+01 -3.128917e+01 -3.103040e+01 -3.077220e+01 -3.051440e+01
  -30.256871 -2.999950e+01 -2.974219e+01 -2.948484e+01 -2.922735e+01 -2.896961e+01 -2.871151e+01 -2.845399e+01
  -28.194992 -2.793516e+01 -2.767424e+01 -2.741190e+01 -2.714773e+01 -2.688123e+01 -2.661173e+01 -2.633844e+01
  -26.060382 -2.577643e+01 -2.548537e+01 -2.518602e+01 -2.487761e+01 -2.456024e+01 -2.423550e+01 -2.390658e+01
  -23.577767 -2.325316e+01 -2.293551e+01 -2.262600e+01 -2.232452e+01 -2.203035e+01 -2.174252e+01 -2.146008e+01
  -21.182204 -2.090820e+01 -2.063746e+01 -2.036949e+01 -2.010384e+01 -1.984012e+01 -1.957798e+01 -1.931713e+01
  -19.057322 -1.879834e+01 -1.854002e+01 -1.828222e+01 -1.802483e+01 -1.776776e+01 -1.751094e+01 -1.725431e+01
  -16.997847 -1.674151e+01 -1.648526e+01 -1.622910e+01 -1.597300e+01 -1.571696e+01 -1.546095e+01 -1.520498e+01
  -14.949041 -1.469312e+01 -1.443721e+01 -1.418132e+01 -1.392544e+01 -1.366957e+01 -1.341370e+01 -1.315784e+01
  -12.901978 -1.264612e+01 1.879589e-12 3.955458e+00 1.605647e+01 7.817442e+00 6.128892e+01 1.000000e+00
   12.646075 -3.207109e+01 -3.180922e+01 -3.154869e+01 -3.128917e+01 -3.103040e+01 -3.077220e+01 -3.051440e+01
  -30.256871 -2.999950e+01 -2.974219e+01 -2.948484e+01 -2.922735e+01 -2.896961e+01 -2.871151e+01 -2.845399e+01
  -28.194992 -2.793516e+01 -2.767424e+01 -2.741190e+01 -2.714773e+01 -2.688123e+01 -2.661173e+01 -2.633844e+01
  -26.060382 -2.577643e+01 -2.548537e+01 -2.518602e+01 -2.487761e+01 -2.456024e+01 -2.423550e+01 -2.390658e+01
  -23.577767 -2.325316e+01 -2.293551e+01 -2.262600e+01 -2.232452e+01 -2.203035e+01 -2.174252e+01 -2.146008e+01
  -21.182204 -2.090820e+01 -2.063746e+01 -2.036949e+01 -2.010384e+01 -1.984012e+01 -1.957798e+01 -1.931713e+01
  -19.057322 -1.879834e+01 -1.854002e+01 -1.828222e+01 -1.802483e+01 -1.776776e+01 -1.751094e+01 -1.725431e+01
  -16.997847 -1.674151e+01 -1.648526e+01 -1.622910e+01 -1.597300e+01 -1.571696e+01 -1.546095e+01 -1.520498e+01
  -14.949041 -1.469312e+01 -1.443721e+01 -1.418132e+01 -1.392544e+01 -1.366957e+01 -1.341370e+01 -1.315784e+01
  -12.901978 -1.264612e+01 -1.239027e+01 6.739784e-13 4.062360e+00 1.692816e+01 7.836709e+00 6.157230e+01
    1.000000    12.646075 -3.207109e+01 -3.180922e+01 -3.154869e+01 -3.128917e+01 -3.103040e+01 -3.077220e+01 -3.051440e+01
  -30.256871 -2.999950e+01 -2.974219e+01 -2.948484e+01 -2.922735e+01 -2.896961e+01 -2.871151e+01 -2.845399e+01
  -28.194992 -2.793516e+01 -2.767424e+01 -2.741190e+01 -2.714773e+01 -2.688123e+01 -2.661173e+01 -2.633844e+01
  -26.060382 -2.577643e+01 -2.548537e+01 -2.518602e+01 -2.487761e+01 -2.456024e+01 -2.423550e+01 -2.390658e+01
  -23.577767 -2.325316e+01 -2.293551e+01 -2.262600e+01 -2.232452e+01 -2.203035e+01 -2.174252e+01 -2.146008e+01
  -21.182204 -2.090820e+01 -2.063746e+01 -2.036949e+01 -2.010384e+01 -1.984012e+01 -1.957798e+01 -1.931713e+01
  -19.057322 -1.879834e+01 -1.854002e+01 -1.828222e+01 -1.802483e+01 -1.776776e+01 -1.751094e+01 -1.725431e+01
  -16.997847 -1.674151e+01 -1.648526e+01 -1.622910e+01 -1.597300e+01 -1.571696e+01 -1.546095e+01 -1.520498e+01
  -14.949041 -1.469312e+01 -1.443721e+01 -1.418132e+01 -1.392544e+01 -1.366957e+01 -1.341370e+01 -1.315784e+01
  -12.901978 -1.264612e+01 -1.239027e+01 -1.213442e+01 2.350338e-13 4.173455e+00 1.786146e+01 7.854374e+00
   61.832674 1.000000e+00    12.646075 -3.207109e+01 -3.180922e+01 -3.154869e+01 -3.128917e+01 -3.103040e+01 -3.077220e+01 -3.051440e+01
  -30.256871 -2.999950e+01 -2.974219e+01 -2.948484e+01 -2.922735e+01 -2.896961e+01 -2.871151e+01 -2.845399e+01
  -28.194992 -2.793516e+01 -2.767424e+01 -2.741190e+01 -2.714773e+01 -2.688123e+01 -2.661173e+01 -2.633844e+01
  -26.060382 -2.577643e+01 -2.548537e+01 -2.518602e+01 -2.487761e+01 -2.456024e+01 -2.423550e+01 -2.390658e+01
  -23.577767 -2.325316e+01 -2.293551e+01 -2.262600e+01 -2.232452e+01 -2.203035e+01 -2.174252e+01 -2.146008e+01
  -21.182204 -2.090820e+01 -2.063746e+01 -2.036949e+01 -2.010384e+01 -1.984012e+01 -1.957798e+01 -1.931713e+01
  -19.057322 -1.879834e+01 -1.854002e+01 -1.828222e+01 -1.802483e+01 -1.776776e+01 -1.751094e+01 -1.725431e+01
  -16.997847 -1.674151e+01 -1.648526e+01 -1.622910e+01 -1.597300e+01 -1.571696e+01 -1.546095e+01 -1.520498e+01
  -14.949041 -1.469312e+01 -1.443721e+01 -1.418132e+01 -1.392544e+01 -1.366957e+01 -1.341370e+01 -1.315784e+01
  -12.901978 -1.264612e+01 -1.239027e+01 -1.213442e+01 -1.187857e+01 7.961465e-14 4.289770e+00 1.886831e+01
    7.870552 6.207162e+01 1.000000e+00    12.646075 -3.207109e+01 -3.180922e+01 -3.154869e+01 -3.128917e+01 -3.103040e+01 -3.077220e+01 -3.051440e+01
  -30.256871 -2.999950e+01 -2.974219e+01 -2.948484e+01 -2.922735e+01 -2.896961e+01 -2.871151e+01 -2.845399e+01
  -28.194992 -2.793516e+01 -2.767424e+01 -2.741190e+01 -2.714773e+01 -2.688123e+01 -2.661173e+01 -2.633844e+01
  -26.060382 -2.577643e+01 -2.548537e+01 -2.518602e+01 -2.487761e+01 -2.456024e+01 -2.423550e+01 -2.390658e+01
  -23.577767 -2.325316e+01 -2.293551e+01 -2.262600e+01 -2.232452e+01 -2.203035e+01 -2.174252e+01 -2.146008e+01
  -21.182204 -2.090820e+01 -2.063746e+01 -2.036949e+01 -2.010384e+01 -1.984012e+01 -1.957798e+01 -1.931713e+01
  -19.057322 -1.879834e+01 -1.854002e+01 -1.828222e+01 -1.802483e+01 -1.776776e+01 -1.751094e+01 -1.725431e+01
  -16.997847 -1.674151e+01 -1.648526e+01 -1.622910e+01 -1.597300e+01 -1.571696e+01 -1.546095e+01 -1.520498e+01
  -14.949041 -1.469312e+01 -1.443721e+01 -1.418132e+01 -1.392544e+01 -1.366957e+01 -1.341370e+01 -1.315784e+01
  -12.901978 -1.264612e+01 -1.239027e+01 -1.213442e+01 -1.187857e+01 -1.162272e+01 2.615749e-14 4.412327e+00
   19.961072 7.885376e+00 6.229099e+01 1.000000e+00    12.646075 -3.207109e+01 -3.180922e+01 -3.154869e+01 -3.128917e+01 -3.103040e+01 -3.077220e+01 -3.051440e+01
  -30.256871 -2.999950e+01 -2.974219e+01 -2.948484e+01 -2.922735e+01 -2.896961e+01 -2.871151e+01 -2.845399e+01
  -28.194992 -2.793516e+01 -2.767424e+01 -2.741190e+01 -2.714773e+01 -2.688123e+01 -2.661173e+01 -2.633844e+01
  -26.060382 -2.577643e+01 -2.548537e+01 -2.518602e+01 -2.487761e+01 -2.456024e+01 -2.423550e+01 -2.390658e+01
  -23.577767 -2.325316e+01 -2.293551e+01 -2.262600e+01 -2.232452e+01 -2.203035e+01 -2.174252e+01 -2.146008e+01
  -21.182204 -2.090820e+01 -2.063746e+01 -2.036949e+01 -2.010384e+01 -1.984012e+01 -1.957798e+01 -1.931713e+01
  -19.057322 -1.879834e+01 -1.854002e+01 -1.828222e+01 -1.802483e+01 -1.776776e+01 -1.751094e+01 -1.725431e+01
  -16.997847 -1.674151e+01 -1.648526e+01 -1.622910e+01 -1.597300e+01 -1.571696e+01 -1.546095e+01 -1.520498e+01
  -14.949041 -1.469312e+01 -1.443721e+01 -1.418132e+01 -1.392544e+01 -1.366957e+01 -1.341370e+01 -1.315784e+01
  -12.901978 -1.264612e+01 -1.239027e+01 -1.213442e+01 -1.187857e+01 -1.162272e+01 -1.136688e+01 8.321371e-15
    4.542010 2.115161e+01 7.898967e+00 6.249247e+01 1.000000e+00    12.646075 -3.207109e+01 -3.180922e+01 -3.154869e+01 -3.128917e+01 -3.103040e+01 -3.077220e+01 -3.051440e+01
  -30.256871 -2.999950e+01 -2.974219e+01 -2.948484e+01 -2.922735e+01 -2.896961e+01 -2.871151e+01 -2.845399e+01
  -28.194992 -2.793516e+01 -2.767424e+01 -2.741190e+01 -2.714773e+01 -2.688123e+01 -2.661173e+01 -2.633844e+01
  -26.060382 -2.577643e+01 -2.548537e+01 -2.518602e+01 -2.487761e+01 -2.456024e+01 -2.423550e+01 -2.390658e+01
  -23.577767 -2.325316e+01 -2.293551e+01 -2.262600e+01 -2.232452e+01 -2.203035e+01 -2.174252e+01 -2.146008e+01
  -21.182204 -2.090820e+01 -2.063746e+01 -2.036949e+01 -2.010384e+01 -1.984012e+01 -1.957798e+01 -1.931713e+01
  -19.057322 -1.879834e+01 -1.854002e+01 -1.828222e+01 -1.802483e+01 -1.776776e+01 -1.751094e+01 -1.725431e+01
  -16.997847 -1.674151e+01 -1.648526e+01 -1.622910e+01 -1.597300e+01 -1.571696e+01 -1.546095e+01 -1.520498e+01
  -14.949041 -1.469312e+01 -1.443721e+01 -1.418132e+01 -1.392544e+01 -1.366957e+01 -1.341370e+01 -1.315784e+01
  -12.901978 -1.264612e+01 -1.239027e+01 -1.213442e+01 -1.187857e+01 -1.162272e+01 -1.136688e+01 -1.111103e+01
    0.000000 4.679504e+00 2.245115e+01 7.911413e+00 6.267729e+01 1.000000e+00    12.646075 -3.207109e+01 -3.180922e+01 -3.154869e+01 -3.128917e+01 -3.103040e+01 -3.077220e+01 -3.051440e+01
  -30.256871 -2.999950e+01 -2.974219e+01 -2.948484e+01 -2.922735e+01 -2.896961e+01 -2.871151e+01 -2.845399e+01
  -28.194992 -2.793516e+01 -2.767424e+01 -2.741190e+01 -2.714773e+01 -2.688123e+01 -2.661173e+01 -2.633844e+01
  -26.060382 -2.577643e+01 -2.548537e+01 -2.518602e+01 -2.487761e+01 -2.456024e+01 -2.423550e+01 -2.390658e+01
  -23.577767 -2.325316e+01 -2.293551e+01 -2.262600e+01 -2.232452e+01 -2.203035e+01 -2.174252e+01 -2.146008e+01
  -21.182204 -2.090820e+01 -2.063746e+01 -2.036949e+01 -2.010384e+01 -1.984012e+01 -1.957798e+01 -1.931713e+01
  -19.057322 -1.879834e+01 -1.854002e+01 -1.828222e+01 -1.802483e+01 -1.776776e+01 -1.751094e+01 -1.725431e+01
  -16.997847 -1.674151e+01 -1.648526e+01 -1.622910e+01 -1.597300e+01 -1.571696e+01 -1.546095e+01 -1.520498e+01
  -14.949041 -1.469312e+01 -1.443721e+01 -1.418132e+01 -1.392544e+01 -1.366957e+01 -1.341370e+01 -1.315784e+01
  -12.901978 -1.264612e+01 -1.239027e+01 -1.213442e+01 -1.187857e+01 -1.162272e+01 -1.136688e+01 -1.111103e+01
  -10.855185 7.585516e-16 4.825330e+00 2.387064e+01 7.922772e+00 6.284621e+01 1.000000e+00    12.646075 -3.207109e+01 -3.180922e+01 -3.154869e+01 -3.128917e+01 -3.103040e+01 -3.077220e+01 -3.051440e+01
  -30.256871 -2.999950e+01 -2.974219e+01 -2.948484e+01 -2.922735e+01 -2.896961e+01 -2.871151e+01 -2.845399e+01
  -28.194992 -2.793516e+01 -2.767424e+01 -2.741190e+01 -2.714773e+01 -2.688123e+01 -2.661173e+01 -2.633844e+01
  -26.060382 -2.577643e+01 -2.548537e+01 -2.518602e+01 -2.487761e+01 -2.456024e+01 -2.423550e+01 -2.390658e+01
  -23.577767 -2.325316e+01 -2.293551e+01 -2.262600e+01 -2.232452e+01 -2.203035e+01 -2.174252e+01 -2.146008e+01
  -21.182204 -2.090820e+01 -2.063746e+01 -2.036949e+01 -2.010384e+01 -1.984012e+01 -1.957798e+01 -1.931713e+01
  -19.057322 -1.879834e+01 -1.854002e+01 -1.828222e+01 -1.802483e+01 -1.776776e+01 -1.751094e+01 -1.725431e+01
  -16.997847 -1.674151e+01 -1.648526e+01 -1.622910e+01 -1.597300e+01 -1.571696e+01 -1.546095e+01 -1.520498e+01
  -14.949041 -1.469312e+01 -1.443721e+01 -1.418132e+01 -1.392544e+01 -1.366957e+01 -1.341370e+01 -1.315784e+01
  -12.901978 -1.264612e+01 -1.239027e+01 -1.213442e+01 -1.187857e+01 -1.162272e+01 -1.136688e+01 -1.111103e+01
  -10.855185 -1.059934e+01 2.164354e-16 4.979910e+00 2.542129e+01 7.933076e+00 6.299965e+01 1.000000e+00
   12.646075 -3.207109e+01 -3.180922e+01 -3.154869e+01 -3.128917e+01 -3.103040e+01 -3.077220e+01 -3.051440e+01
  -30.256871 -2.999950e+01 -2.974219e+01 -2.948484e+01 -2.922735e+01 -2.896961e+01 -2.871151e+01 -2.845399e+01
  -28.194992 -2.793516e+01 -2.767424e+01 -2.741190e+01 -2.714773e+01 -2.688123e+01 -2.661173e+01 -2.633844e+01
  -26.060382 -2.577643e+01 -2.548537e+01 -2.518602e+01 -2.487761e+01 -2.456024e+01 -2.423550e+01 -2.390658e+01
  -23.577767 -2.325316e+01 -2.293551e+01 -2.262600e+01 -2.232452e+01 -2.203035e+01 -2.174252e+01 -2.146008e+01
  -21.182204 -2.090820e+01 -2.063746e+01 -2.036949e+01 -2.010384e+01 -1.984012e+01 -1.957798e+01 -1.931713e+01
  -19.057322 -1.879834e+01 -1.854002e+01 -1.828222e+01 -1.802483e+01 -1.776776e+01 -1.751094e+01 -1.725431e+01
  -16.997847 -1.674151e+01 -1.648526e+01 -1.622910e+01 -1.597300e+01 -1.571696e+01 -1.546095e+01 -1.520498e+01
  -14.949041 -1.469312e+01 -1.443721e+01 -1.418132e+01 -1.392544e+01 -1.366957e+01 -1.341370e+01 -1.315784e+01
  -12.901978 -1.264612e+01 -1.239027e+01 -1.213442e+01 -1.187857e+01 -1.162272e+01 -1.136688e+01 -1.111103e+01
  -10.855185 -1.059934e+01 -1.034350e+01 5.929165e-17 5.143593e+00 2.711446e+01 7.942352e+00 6.313791e+01
    1.000000    12.646075 -3.207109e+01 -3.180922e+01 -3.154869e+01 -3.128917e+01 -3.103040e+01 -3.077220e+01 -3.051440e+01
  -30.256871 -2.999950e+01 -2.974219e+01 -2.948484e+01 -2.922735e+01 -2.896961e+01 -2.871151e+01 -2.845399e+01
  -28.194992 -2.793516e+01 -2.767424e+01 -2.741190e+01 -2.714773e+01 -2.688123e+01 -2.661173e+01 -2.633844e+01
  -26.060382 -2.577643e+01 -2.548537e+01 -2.518602e+01 -2.487761e+01 -2.456024e+01 -2.423550e+01 -2.390658e+01
  -23.577767 -2.325316e+01 -2.293551e+01 -2.262600e+01 -2.232452e+01 -2.203035e+01 -2.174252e+01 -2.146008e+01
  -21.182204 -2.090820e+01 -2.063746e+01 -2.036949e+01 -2.010384e+01 -1.984012e+01 -1.957798e+01 -1.931713e+01
  -19.057322 -1.879834e+01 -1.854002e+01 -1.828222e+01 -1.802483e+01 -1.776776e+01 -1.751094e+01 -1.725431e+01
  -16.997847 -1.674151e+01 -1.648526e+01 -1.622910e+01 -1.597300e+01 -1.571696e+01 -1.546095e+01 -1.520498e+01
  -14.949041 -1.469312e+01 -1.443721e+01 -1.418132e+01 -1.392544e+01 -1.366957e+01 -1.341370e+01 -1.315784e+01
  -12.901978 -1.264612e+01 -1.239027e+01 -1.213442e+01 -1.187857e+01 -1.162272e+01 -1.136688e+01 -1.111103e+01
  -10.855185 -1.059934e+01 -1.034350e+01 -1.008765e+01 1.555809e-17 5.316583e+00 2.896037e+01 7.950631e+00
   63.261424 1.000000e+00    12.646075 -3.207109e+01 -3.180922e+01 -3.154869e+01 -3.128917e+01 -3.103040e+01 -3.077220e+01 -3.051440e+01
  -30.256871 -2.999950e+01 -2.974219e+01 -2.948484e+01 -2.922735e+01 -2.896961e+01 -2.871151e+01 -2.845399e+01
  -28.194992 -2.793516e+01 -2.767424e+01 -2.741190e+01 -2.714773e+01 -2.688123e+01 -2.661173e+01 -2.633844e+01
  -26.060382 -2.577643e+01 -2.548537e+01 -2.518602e+01 -2.487761e+01 -2.456024e+01 -2.423550e+01 -2.390658e+01
  -23.577767 -2.325316e+01 -2.293551e+01 -2.262600e+01 -2.232452e+01 -2.203035e+01 -2.174252e+01 -2.146008e+01
  -21.182204 -2.090820e+01 -2.063746e+01 -2.036949e+01 -2.010384e+01 -1.984012e+01 -1.957798e+01 -1.931713e+01
  -19.057322 -1.879834e+01 -1.854002e+01 -1.828222e+01 -1.802483e+01 -1.776776e+01 -1.751094e+01 -1.725431e+01
  -16.997847 -1.674151e+01 -1.648526e+01 -1.622910e+01 -1.597300e+01 -1.571696e+01 -1.546095e+01 -1.520498e+01
  -14.949041 -1.469312e+01 -1.443721e+01 -1.418132e+01 -1.392544e+01 -1.366957e+01 -1.341370e+01 -1.315784e+01
  -12.901978 -1.264612e+01 -1.239027e+01 -1.213442e+01 -1.187857e+01 -1.162272e+01 -1.136688e+01 -1.111103e+01
  -10.855185 -1.059934e+01 -1.034350e+01 -1.008765e+01 -9.831808e+00 3.901083e-18 5.498743e+00 3.096539e+01
    7.957958 6.337082e+01 1.000000e+00    12.646075 -3.207109e+01 -3.180922e+01 -3.154869e+01 -3.128917e+01 -3.103040e+01 -3.077220e+01 -3.051440e+01
  -30.256871 -2.999950e+01 -2.974219e+01 -2.948484e+01 -2.922735e+01 -2.896961e+01 -2.871151e+01 -2.845399e+01
  -28.194992 -2.793516e+01 -2.767424e+01 -2.741190e+01 -2.714773e+01 -2.688123e+01 -2.661173e+01 -2.633844e+01
  -26.060382 -2.577643e+01 -2.548537e+01 -2.518602e+01 -2.487761e+01 -2.456024e+01 -2.423550e+01 -2.390658e+01
  -23.577767 -2.325316e+01 -2.293551e+01 -2.262600e+01 -2.232452e+01 -2.203035e+01 -2.174252e+01 -2.146008e+01
  -21.182204 -2.090820e+01 -2.063746e+01 -2.036949e+01 -2.010384e+01 -1.984012e+01 -1.957798e+01 -1.931713e+01
  -19.057322 -1.879834e+01 -1.854002e+01 -1.828222e+01 -1.802483e+01 -1.776776e+01 -1.751094e+01 -1.725431e+01
  -16.997847 -1.674151e+01 -1.648526e+01 -1.622910e+01 -1.597300e+01 -1.571696e+01 -1.546095e+01 -1.520498e+01
  -14.949041 -1.469312e+01 -1.443721e+01 -1.418132e+01 -1.392544e+01 -1.366957e+01 -1.341370e+01 -1.315784e+01
  -12.901978 -1.264612e+01 -1.239027e+01 -1.213442e+01 -1.187857e+01 -1.162272e+01 -1.136688e+01 -1.111103e+01
  -10.855185 -1.059934e+01 -1.034350e+01 -1.008765e+01 -9.831808e+00 -9.575964e+00 9.325997e-19 5.689347e+00
   33.128462 7.964394e+00 6.346697e+01 1.000000e+00    12.646075 -3.207109e+01 -3.180922e+01 -3.154869e+01 -3.128917e+01 -3.103040e+01 -3.077220e+01 -3.051440e+01
  -30.256871 -2.999950e+01 -2.974219e+01 -2.948484e+01 -2.922735e+01 -2.896961e+01 -2.871151e+01 -2.845399e+01
  -28.194992 -2.793516e+01 -2.767424e+01 -2.741190e+01 -2.714773e+01 -2.688123e+01 -2.661173e+01 -2.633844e+01
  -26.060382 -2.577643e+01 -2.548537e+01 -2.518602e+01 -2.487761e+01 -2.456024e+01 -2.423550e+01 -2.390658e+01
  -23.577767 -2.325316e+01 -2.293551e+01 -2.262600e+01 -2.232452e+01 -2.203035e+01 -2.174252e+01 -2.146008e+01
  -21.182204 -2.090820e+01 -2.063746e+01 -2.036949e+01 -2.010384e+01 -1.984012e+01 -1.957798e+01 -1.931713e+01
  -19.057322 -1.879834e+01 -1.854002e+01 -1.828222e+01 -1.802483e+01 -1.776776e+01 -1.751094e+01 -1.725431e+01
  -16.997847 -1.674151e+01 -1.648526e+01 -1.622910e+01 -1.597300e+01 -1.571696e+01 -1.546095e+01 -1.520498e+01
  -14.949041 -1.469312e+01 -1.443721e+01 -1.418132e+01 -1.392544e+01 -1.366957e+01 -1.341370e+01 -1.315784e+01
  -12.901978 -1.264612e+01 -1.239027e+01 -1.213442e+01 -1.187857e+01 -1.162272e+01 -1.136688e+01 -1.111103e+01
  -10.855185 -1.059934e+01 -1.034350e+01 -1.008765e+01 -9.831808e+00 -9.575964e+00 -9.320121e+00 2.121415e-19
    5.886851 3.543757e+01 7.970008e+00 6.355088e+01 1.000000e+00    12.646075 -3.207109e+01 -3.180922e+01 -3.154869e+01 -3.128917e+01 -3.103040e+01 -3.077220e+01 -3.051440e+01
  -30.256871 -2.999950e+01 -2.974219e+01 -2.948484e+01 -2.922735e+01 -2.896961e+01 -2.871151e+01 -2.845399e+01
  -28.194992 -2.793516e+01 -2.767424e+01 -2.741190e+01 -2.714773e+01 -2.688123e+01 -2.661173e+01 -2.633844e+01
  -26.060382 -2.577643e+01 -2.548537e+01 -2.518602e+01 -2.487761e+01 -2.456024e+01 -2.423550e+01 -2.390658e+01
  -23.577767 -2.325316e+01 -2.293551e+01 -2.262600e+01 -2.232452e+01 -2.203035e+01 -2.174252e+01 -2.146008e+01
  -21.182204 -2.090820e+01 -2.063746e+01 -2.036949e+01 -2.010384e+01 -1.984012e+01 -1.957798e+01 -1.931713e+01
  -19.057322 -1.879834e+01 -1.854002e+01 -1.828222e+01 -1.802483e+01 -1.776776e+01 -1.751094e+01 -1.725431e+01
  -16.997847 -1.674151e+01 -1.648526e+01 -1.622910e+01 -1.597300e+01 -1.571696e+01 -1.546095e+01 -1.520498e+01
  -14.949041 -1.469312e+01 -1.443721e+01 -1.418132e+01 -1.392544e+01 -1.366957e+01 -1.341370e+01 -1.315784e+01
  -12.901978 -1.264612e+01 -1.239027e+01 -1.213442e+01 -1.187857e+01 -1.162272e+01 -1.136688e+01 -1.111103e+01
  -10.855185 -1.059934e+01 -1.034350e+01 -1.008765e+01 -9.831808e+00 -9.575964e+00 -9.320121e+00 -9.064278e+00
    0.000000 6.088802e+00 3.786751e+01 7.974874e+00 6.362365e+01 1.000000e+00    12.646075 -3.207109e+01 -3.180922e+01 -3.154869e+01 -3.128917e+01 -3.103040e+01 -3.077220e+01 -3.051440e+01
  -30.256871 -2.999950e+01 -2.974219e+01 -2.948484e+01 -2.922735e+01 -2.896961e+01 -2.871151e+01 -2.845399e+01
  -28.194992 -2.793516e+01 -2.767424e+01 -2.741190e+01 -2.714773e+01 -2.688123e+01 -2.661173e+01 -2.633844e+01
  -26.060382 -2.577643e+01 -2.548537e+01 -2.518602e+01 -2.487761e+01 -2.456024e+01 -2.423550e+01 -2.390658e+01
  -23.577767 -2.325316e+01 -2.293551e+01 -2.262600e+01 -2.232452e+01 -2.203035e+01 -2.174252e+01 -2.146008e+01
  -21.182204 -2.090820e+01 -2.063746e+01 -2.036949e+01 -2.010384e+01 -1.984012e+01 -1.957798e+01 -1.931713e+01
  -19.057322 -1.879834e+01 -1.854002e+01 -1.828222e+01 -1.802483e+01 -1.776776e+01 -1.751094e+01 -1.725431e+01
  -16.997847 -1.674151e+01 -1.648526e+01 -1.622910e+01 -1.597300e+01 -1.571696e+01 -1.546095e+01 -1.520498e+01
  -14.949041 -1.469312e+01 -1.443721e+01 -1.418132e+01 -1.392544e+01 -1.366957e+01 -1.341370e+01 -1.315784e+01
  -12.901978 -1.264612e+01 -1.239027e+01 -1.213442e+01 -1.187857e+01 -1.162272e+01 -1.136688e+01 -1.111103e+01
  -10.855185 -1.059934e+01 -1.034350e+01 -1.008765e+01 -9.831808e+00 -9.575964e+00 -9.320121e+00 -9.064278e+00
   -8.808435 9.408312e-21 6.291933e+00 4.037985e+01 7.979067e+00 6.368639e+01 1.000000e+00    12.646075 -3.207109e+01 -3.180922e+01 -3.154869e+01 -3.128917e+01 -3.103040e+01 -3.077220e+01 -3.051440e+01
  -30.256871 -2.999950e+01 -2.974219e+01 -2.948484e+01 -2.922735e+01 -2.896961e+01 -2.871151e+01 -2.845399e+01
  -28.194992 -2.793516e+01 -2.767424e+01 -2.741190e+01 -2.714773e+01 -2.688123e+01 -2.661173e+01 -2.633844e+01
  -26.060382 -2.577643e+01 -2.548537e+01 -2.518602e+01 -2.487761e+01 -2.456024e+01 -2.423550e+01 -2.390658e+01
  -23.577767 -2.325316e+01 -2.293551e+01 -2.262600e+01 -2.232452e+01 -2.203035e+01 -2.174252e+01 -2.146008e+01
  -21.182204 -2.090820e+01 -2.063746e+01 -2.036949e+01 -2.010384e+01 -1.984012e+01 -1.957798e+01 -1.931713e+01
  -19.057322 -1.879834e+01 -1.854002e+01 -1.828222e+01 -1.802483e+01 -1.776776e+01 -1.751094e+01 -1.725431e+01
  -16.997847 -1.674151e+01 -1.648526e+01 -1.622910e+01 -1.597300e+01 -1.571696e+01 -1.546095e+01 -1.520498e+01
  -14.949041 -1.469312e+01 -1.443721e+01 -1.418132e+01 -1.392544e+01 -1.366957e+01 -1.341370e+01 -1.315784e+01
  -12.901978 -1.264612e+01 -1.239027e+01 -1.213442e+01 -1.187857e+01 -1.162272e+01 -1.136688e+01 -1.111103e+01
  -10.855185 -1.059934e+01 -1.034350e+01 -1.008765e+01 -9.831808e+00 -9.575964e+00 -9.320121e+00 -9.064278e+00
   -8.808435 -8.552591e+00 1.833264e-21 6.492445e+00 4.292528e+01 7.982658e+00 6.374014e+01 1.000000e+00
   12.646075 -3.207109e+01 -3.180922e+01 -3.154869e+01 -3.128917e+01 -3.103040e+01 -3.077220e+01 -3.051440e+01
  -30.256871 -2.999950e+01 -2.974219e+01 -2.948484e+01 -2.922735e+01 -2.896961e+01 -2.871151e+01 -2.845399e+01
  -28.194992 -2.793516e+01 -2.767424e+01 -2.741190e+01 -2.714773e+01 -2.688123e+01 -2.661173e+01 -2.633844e+01
  -26.060382 -2.577643e+01 -2.548537e+01 -2.518602e+01 -2.487761e+01 -2.456024e+01 -2.423550e+01 -2.390658e+01
  -23.577767 -2.325316e+01 -2.293551e+01 -2.262600e+01 -2.232452e+01 -2.203035e+01 -2.174252e+01 -2.146008e+01
  -21.182204 -2.090820e+01 -2.063746e+01 -2.036949e+01 -2.010384e+01 -1.984012e+01 -1.957798e+01 -1.931713e+01
  -19.057322 -1.879834e+01 -1.854002e+01 -1.828222e+01 -1.802483e+01 -1.776776e+01 -1.751094e+01 -1.725431e+01
  -16.997847 -1.674151e+01 -1.648526e+01 -1.622910e+01 -1.597300e+01 -1.571696e+01 -1.546095e+01 -1.520498e+01
  -14.949041 -1.469312e+01 -1.443721e+01 -1.418132e+01 -1.392544e+01 -1.366957e+01 -1.341370e+01 -1.315784e+01
  -12.901978 -1.264612e+01 -1.239027e+01 -1.213442e+01 -1.187857e+01 -1.162272e+01 -1.136688e+01 -1.111103e+01
  -10.855185 -1.059934e+01 -1.034350e+01 -1.008765e+01 -9.831808e+00 -9.575964e+00 -9.320121e+00 -9.064278e+00
   -8.808435 -8.552591e+00 -8.296748e+00 3.396160e-22 6.686387e+00 4.544801e+01 7.985716e+00 6.378592e+01
    1.000000    12.646075 -3.207109e+01 -3.180922e+01 -3.154869e+01 -3.128917e+01 -3.103040e+01 -3.077220e+01 -3.051440e+01
  -30.256871 -2.999950e+01 -2.974219e+01 -2.948484e+01 -2.922735e+01 -2.896961e+01 -2.871151e+01 -2.845399e+01
  -28.194992 -2.793516e+01 -2.767424e+01 -2.741190e+01 -2.714773e+01 -2.688123e+01 -2.661173e+01 -2.633844e+01
  -26.060382 -2.577643e+01 -2.548537e+01 -2.518602e+01 -2.487761e+01 -2.456024e+01 -2.423550e+01 -2.390658e+01
  -23.577767 -2.325316e+01 -2.293551e+01 -2.262600e+01 -2.232452e+01 -2.203035e+01 -2.174252e+01 -2.146008e+01
  -21.182204 -2.090820e+01 -2.063746e+01 -2.036949e+01 -2.010384e+01 -1.984012e+01 -1.957798e+01 -1.931713e+01
  -19.057322 -1.879834e+01 -1.854002e+01 -1.828222e+01 -1.802483e+01 -1.776776e+01 -1.751094e+01 -1.725431e+01
  -16.997847 -1.674151e+01 -1.648526e+01 -1.622910e+01 -1.597300e+01 -1.571696e+01 -1.546095e+01 -1.520498e+01
  -14.949041 -1.469312e+01 -1.443721e+01 -1.418132e+01 -1.392544e+01 -1.366957e+01 -1.341370e+01 -1.315784e+01
  -12.901978 -1.264612e+01 -1.239027e+01 -1.213442e+01 -1.187857e+01 -1.162272e+01 -1.136688e+01 -1.111103e+01
  -10.855185 -1.059934e+01 -1.034350e+01 -1.008765e+01 -9.831808e+00 -9.575964e+00 -9.320121e+00 -9.064278e+00
   -8.808435 -8.552591e+00 -8.296748e+00 -8.040905e+00 5.994335e-23 6.870054e+00 4.789113e+01 7.988302e+00
   63.824657 1.000000e+00    12.646075 -3.207109e+01 -3.180922e+01 -3.154869e+01 -3.128917e+01 -3.103040e+01 -3.077220e+01 -3.051440e+01
  -30.256871 -2.999950e+01 -2.974219e+01 -2.948484e+01 -2.922735e+01 -2.896961e+01 -2.871151e+01 -2.845399e+01
  -28.194992 -2.793516e+01 -2.767424e+01 -2.741190e+01 -2.714773e+01 -2.688123e+01 -2.661173e+01 -2.633844e+01
  -26.060382 -2.577643e+01 -2.548537e+01 -2.518602e+01 -2.487761e+01 -2.456024e+01 -2.423550e+01 -2.390658e+01
  -23.577767 -2.325316e+01 -2.293551e+01 -2.262600e+01 -2.232452e+01 -2.203035e+01 -2.174252e+01 -2.146008e+01
  -21.182204 -2.090820e+01 -2.063746e+01 -2.036949e+01 -2.010384e+01 -1.984012e+01 -1.957798e+01 -1.931713e+01
  -19.057322 -1.879834e+01 -1.854002e+01 -1.828222e+01 -1.802483e+01 -1.776776e+01 -1.751094e+01 -1.725431e+01
  -16.997847 -1.674151e+01 -1.648526e+01 -1.622910e+01 -1.597300e+01 -1.571696e+01 -1.546095e+01 -1.520498e+01
  -14.949041 -1.469312e+01 -1.443721e+01 -1.418132e+01 -1.392544e+01 -1.366957e+01 -1.341370e+01 -1.315784e+01
  -12.901978 -1.264612e+01 -1.239027e+01 -1.213442e+01 -1.187857e+01 -1.162272e+01 -1.136688e+01 -1.111103e+01
  -10.855185 -1.059934e+01 -1.034350e+01 -1.008765e+01 -9.831808e+00 -9.575964e+00 -9.320121e+00 -9.064278e+00
   -8.808435 -8.552591e+00 -8.296748e+00 -8.040905e+00 -7.785062e+00 1.011127e-23 7.040319e+00 5.020210e+01
    7.990476 6.385723e+01 1.000000e+00    12.646075 -3.207109e+01 -3.180922e+01 -3.154869e+01 -3.128917e+01 -3.103040e+01 -3.077220e+01 -3.051440e+01
  -30.256871 -2.999950e+01 -2.974219e+01 -2.948484e+01 -2.922735e+01 -2.896961e+01 -2.871151e+01 -2.845399e+01
  -28.194992 -2.793516e+01 -2.767424e+01 -2.741190e+01 -2.714773e+01 -2.688123e+01 -2.661173e+01 -2.633844e+01
  -26.060382 -2.577643e+01 -2.548537e+01 -2.518602e+01 -2.487761e+01 -2.456024e+01 -2.423550e+01 -2.390658e+01
  -23.577767 -2.325316e+01 -2.293551e+01 -2.262600e+01 -2.232452e+01 -2.203035e+01 -2.174252e+01 -2.146008e+01
  -21.182204 -2.090820e+01 -2.063746e+01 -2.036949e+01 -2.010384e+01 -1.984012e+01 -1.957798e+01 -1.931713e+01
  -19.057322 -1.879834e+01 -1.854002e+01 -1.828222e+01 -1.802483e+01 -1.776776e+01 -1.751094e+01 -1.725431e+01
  -16.997847 -1.674151e+01 -1.648526e+01 -1.622910e+01 -1.597300e+01 -1.571696e+01 -1.546095e+01 -1.520498e+01
  -14.949041 -1.469312e+01 -1.443721e+01 -1.418132e+01 -1.392544e+01 -1.366957e+01 -1.341370e+01 -1.315784e+01
  -12.901978 -1.264612e+01 -1.239027e+01 -1.213442e+01 -1.187857e+01 -1.162272e+01 -1.136688e+01 -1.111103e+01
  -10.855185 -1.059934e+01 -1.034350e+01 -1.008765e+01 -9.831808e+00 -9.575964e+00 -9.320121e+00 -9.064278e+00
   -8.808435 -8.552591e+00 -8.296748e+00 -8.040905e+00 -7.785062e+00 -7.529219e+00 1.636093e-24 7.194869e+00
   52.337395 7.992292e+00 6.388443e+01 1.000000e+00    12.646075 -3.207109e+01 -3.180922e+01 -3.154869e+01 -3.128917e+01 -3.103040e+01 -3.077220e+01 -3.051440e+01
  -30.256871 -2.999950e+01 -2.974219e+01 -2.948484e+01 -2.922735e+01 -2.896961e+01 -2.871151e+01 -2.845399e+01
  -28.194992 -2.793516e+01 -2.767424e+01 -2.741190e+01 -2.714773e+01 -2.688123e+01 -2.661173e+01 -2.633844e+01
  -26.060382 -2.577643e+01 -2.548537e+01 -2.518602e+01 -2.487761e+01 -2.456024e+01 -2.423550e+01 -2.390658e+01
  -23.577767 -2.325316e+01 -2.293551e+01 -2.262600e+01 -2.232452e+01 -2.203035e+01 -2.174252e+01 -2.146008e+01
  -21.182204 -2.090820e+01 -2.063746e+01 -2.036949e+01 -2.010384e+01 -1.984012e+01 -1.957798e+01 -1.931713e+01
  -19.057322 -1.879834e+01 -1.854002e+01 -1.828222e+01 -1.802483e+01 -1.776776e+01 -1.751094e+01 -1.725431e+01
  -16.997847 -1.674151e+01 -1.648526e+01 -1.622910e+01 -1.597300e+01 -1.571696e+01 -1.546095e+01 -1.520498e+01
  -14.949041 -1.469312e+01 -1.443721e+01 -1.418132e+01 -1.392544e+01 -1.366957e+01 -1.341370e+01 -1.315784e+01
  -12.901978 -1.264612e+01 -1.239027e+01 -1.213442e+01 -1.187857e+01 -1.162272e+01 -1.136688e+01 -1.111103e+01
  -10.855185 -1.059934e+01 -1.034350e+01 -1.008765e+01 -9.831808e+00 -9.575964e+00 -9.320121e+00 -9.064278e+00
   -8.808435 -8.552591e+00 -8.296748e+00 -8.040905e+00 -7.785062e+00 -7.529219e+00 -7.273377e+00 2.550232e-25
    7.332314 5.426574e+01 7.993796e+00 6.390698e+01 1.000000e+00    12.646075 -3.207109e+01 -3.180922e+01 -3.154869e+01 -3.128917e+01 -3.103040e+01 -3.077220e+01 -3.051440e+01
  -30.256871 -2.999950e+01 -2.974219e+01 -2.948484e+01 -2.922735e+01 -2.896961e+01 -2.871151e+01 -2.845399e+01
  -28.194992 -2.793516e+01 -2.767424e+01 -2.741190e+01 -2.714773e+01 -2.688123e+01 -2.661173e+01 -2.633844e+01
  -26.060382 -2.577643e+01 -2.548537e+01 -2.518602e+01 -2.487761e+01 -2.456024e+01 -2.423550e+01 -2.390658e+01
  -23.577767 -2.325316e+01 -2.293551e+01 -2.262600e+01 -2.232452e+01 -2.203035e+01 -2.174252e+01 -2.146008e+01
  -21.182204 -2.090820e+01 -2.063746e+01 -2.036949e+01 -2.010384e+01 -1.984012e+01 -1.957798e+01 -1.931713e+01
  -19.057322 -1.879834e+01 -1.854002e+01 -1.828222e+01 -1.802483e+01 -1.776776e+01 -1.751094e+01 -1.725431e+01
  -16.997847 -1.674151e+01 -1.648526e+01 -1.622910e+01 -1.597300e+01 -1.571696e+01 -1.546095e+01 -1.520498e+01
  -14.949041 -1.469312e+01 -1.443721e+01 -1.418132e+01 -1.392544e+01 -1.366957e+01 -1.341370e+01 -1.315784e+01
  -12.901978 -1.264612e+01 -1.239027e+01 -1.213442e+01 -1.187857e+01 -1.162272e+01 -1.136688e+01 -1.111103e+01
  -10.855185 -1.059934e+01 -1.034350e+01 -1.008765e+01 -9.831808e+00 -9.575964e+00 -9.320121e+00 -9.064278e+00
   -8.808435 -8.552591e+00 -8.296748e+00 -8.040905e+00 -7.785062e+00 -7.529219e+00 -7.273377e+00 -7.017534e+00
    0.000000 7.452191e+00 5.596960e+01 7.995035e+00 6.392554e+01 1.000000e+00    12.646075 -3.207109e+01 -3.180922e+01 -3.154869e+01 -3.128917e+01 -3.103040e+01 -3.077220e+01 -3.051440e+01
  -30.256871 -2.999950e+01 -2.974219e+01 -2.948484e+01 -2.922735e+01 -2.896961e+01 -2.871151e+01 -2.845399e+01
  -28.194992 -2.793516e+01 -2.767424e+01 -2.741190e+01 -2.714773e+01 -2.688123e+01 -2.661173e+01 -2.633844e+01
  -26.060382 -2.577643e+01 -2.548537e+01 -2.518602e+01 -2.487761e+01 -2.456024e+01 -2.423550e+01 -2.390658e+01
  -23.577767 -2.325316e+01 -2.293551e+01 -2.262600e+01 -2.232452e+01 -2.203035e+01 -2.174252e+01 -2.146008e+01
  -21.182204 -2.090820e+01 -2.063746e+01 -2.036949e+01 -2.010384e+01 -1.984012e+01 -1.957798e+01 -1.931713e+01
  -19.057322 -1.879834e+01 -1.854002e+01 -1.828222e+01 -1.802483e+01 -1.776776e+01 -1.751094e+01 -1.725431e+01
  -16.997847 -1.674151e+01 -1.648526e+01 -1.622910e+01 -1.597300e+01 -1.571696e+01 -1.546095e+01 -1.520498e+01
  -14.949041 -1.469312e+01 -1.443721e+01 -1.418132e+01 -1.392544e+01 -1.366957e+01 -1.341370e+01 -1.315784e+01
  -12.901978 -1.264612e+01 -1.239027e+01 -1.213442e+01 -1.187857e+01 -1.162272e+01 -1.136688e+01 -1.111103e+01
  -10.855185 -1.059934e+01 -1.034350e+01 -1.008765e+01 -9.831808e+00 -9.575964e+00 -9.320121e+00 -9.064278e+00
   -8.808435 -8.552591e+00 -8.296748e+00 -8.040905e+00 -7.785062e+00 -7.529219e+00 -7.273377e+00 -7.017534e+00
   -6.761691 5.638646e-27 7.554865e+00 5.744485e+01 7.996046e+00 6.394070e+01 1.000000e+00    12.646075 -3.207109e+01 -3.180922e+01 -3.154869e+01 -3.128917e+01 -3.103040e+01 -3.077220e+01 -3.051440e+01
  -30.256871 -2.999950e+01 -2.974219e+01 -2.948484e+01 -2.922735e+01 -2.896961e+01 -2.871151e+01 -2.845399e+01
  -28.194992 -2.793516e+01 -2.767424e+01 -2.741190e+01 -2.714773e+01 -2.688123e+01 -2.661173e+01 -2.633844e+01
  -26.060382 -2.577643e+01 -2.548537e+01 -2.518602e+01 -2.487761e+01 -2.456024e+01 -2.423550e+01 -2.390658e+01
  -23.577767 -2.325316e+01 -2.293551e+01 -2.262600e+01 -2.232452e+01 -2.203035e+01 -2.174252e+01 -2.146008e+01
  -21.182204 -2.090820e+01 -2.063746e+01 -2.036949e+01 -2.010384e+01 -1.984012e+01 -1.957798e+01 -1.931713e+01
  -19.057322 -1.879834e+01 -1.854002e+01 -1.828222e+01 -1.802483e+01 -1.776776e+01 -1.751094e+01 -1.725431e+01
  -16.997847 -1.674151e+01 -1.648526e+01 -1.622910e+01 -1.597300e+01 -1.571696e+01 -1.546095e+01 -1.520498e+01
  -14.949041 -1.469312e+01 -1.443721e+01 -1.418132e+01 -1.392544e+01 -1.366957e+01 -1.341370e+01 -1.315784e+01
  -12.901978 -1.264612e+01 -1.239027e+01 -1.213442e+01 -1.187857e+01 -1.162272e+01 -1.136688e+01 -1.111103e+01
  -10.855185 -1.059934e+01 -1.034350e+01 -1.008765e+01 -9.831808e+00 -9.575964e+00 -9.320121e+00 -9.064278e+00
   -8.808435 -8.552591e+00 -8.296748e+00 -8.040905e+00 -7.785062e+00 -7.529219e+00 -7.273377e+00 -7.017534e+00
   -6.761691 -6.505848e+00 8.068560e-28 7.641366e+00 5.869880e+01 7.996866e+00 6.395300e+01 1.000000e+00
   12.646075 -3.207109e+01 -3.180922e+01 -3.154869e+01 -3.128917e+01 -3.103040e+01 -3.077220e+01 -3.051440e+01
  -30.256871 -2.999950e+01 -2.974219e+01 -2.948484e+01 -2.922735e+01 -2.896961e+01 -2.871151e+01 -2.845399e+01
  -28.194992 -2.793516e+01 -2.767424e+01 -2.741190e+01 -2.714773e+01 -2.688123e+01 -2.661173e+01 -2.633844e+01
  -26.060382 -2.577643e+01 -2.548537e+01 -2.518602e+01 -2.487761e+01 -2.456024e+01 -2.423550e+01 -2.390658e+01
  -23.577767 -2.325316e+01 -2.293551e+01 -2.262600e+01 -2.232452e+01 -2.203035e+01 -2.174252e+01 -2.146008e+01
  -21.182204 -2.090820e+01 -2.063746e+01 -2.036949e+01 -2.010384e+01 -1.984012e+01 -1.957798e+01 -1.931713e+01
  -19.057322 -1.879834e+01 -1.854002e+01 -1.828222e+01 -1.802483e+01 -1.776776e+01 -1.751094e+01 -1.725431e+01
  -16.997847 -1.674151e+01 -1.648526e+01 -1.622910e+01 -1.597300e+01 -1.571696e+01 -1.546095e+01 -1.520498e+01
  -14.949041 -1.469312e+01 -1.443721e+01 -1.418132e+01 -1.392544e+01 -1.366957e+01 -1.341370e+01 -1.315784e+01
  -12.901978 -1.264612e+01 -1.239027e+01 -1.213442e+01 -1.187857e+01 -1.162272e+01 -1.136688e+01 -1.111103e+01
  -10.855185 -1.059934e+01 -1.034350e+01 -1.008765e+01 -9.831808e+00 -9.575964e+00 -9.320121e+00 -9.064278e+00
   -8.808435 -8.552591e+00 -8.296748e+00 -8.040905e+00 -7.785062e+00 -7.529219e+00 -7.273377e+00 -7.017534e+00
   -6.761691 -6.505848e+00 -6.250005e+00 1.131455e-28 7.713179e+00 5.974734e+01 7.997526e+00 6.396290e+01
    1.000000    12.646075 -3.207109e+01 -3.180922e+01 -3.154869e+01 -3.128917e+01 -3.103040e+01 -3.077220e+01 -3.051440e+01
  -30.256871 -2.999950e+01 -2.974219e+01 -2.948484e+01 -2.922735e+01 -2.896961e+01 -2.871151e+01 -2.845399e+01
  -28.194992 -2.793516e+01 -2.767424e+01 -2.741190e+01 -2.714773e+01 -2.688123e+01 -2.661173e+01 -2.633844e+01
  -26.060382 -2.577643e+01 -2.548537e+01 -2.518602e+01 -2.487761e+01 -2.456024e+01 -2.423550e+01 -2.390658e+01
  -23.577767 -2.325316e+01 -2.293551e+01 -2.262600e+01 -2.232452e+01 -2.203035e+01 -2.174252e+01 -2.146008e+01
  -21.182204 -2.090820e+01 -2.063746e+01 -2.036949e+01 -2.010384e+01 -1.984012e+01 -1.957798e+01 -1.931713e+01
  -19.057322 -1.879834e+01 -1.854002e+01 -1.828222e+01 -1.802483e+01 -1.776776e+01 -1.751094e+01 -1.725431e+01
  -16.997847 -1.674151e+01 -1.648526e+01 -1.622910e+01 -1.597300e+01 -1.571696e+01 -1.546095e+01 -1.520498e+01
  -14.949041 -1.469312e+01 -1.443721e+01 -1.418132e+01 -1.392544e+01 -1.366957e+01 -1.341370e+01 -1.315784e+01
  -12.901978 -1.264612e+01 -1.239027e+01 -1.213442e+01 -1.187857e+01 -1.162272e+01 -1.136688e+01 -1.111103e+01
  -10.855185 -1.059934e+01 -1.034350e+01 -1.008765e+01 -9.831808e+00 -9.575964e+00 -9.320121e+00 -9.064278e+00
   -8.808435 -8.552591e+00 -8.296748e+00 -8.040905e+00 -7.785062e+00 -7.529219e+00 -7.273377e+00 -7.017534e+00
   -6.761691 -6.505848e+00 -6.250005e+00 -5.994162e+00 1.560399e-29 7.772041e+00 6.061175e+01 7.998054e+00
   63.970816 1.000000e+00    12.646075 -3.207109e+01 -3.180922e+01 -3.154869e+01 -3.128917e+01 -3.103040e+01 -3.077220e+01 -3.051440e+01
  -30.256871 -2.999950e+01 -2.974219e+01 -2.948484e+01 -2.922735e+01 -2.896961e+01 -2.871151e+01 -2.845399e+01
  -28.194992 -2.793516e+01 -2.767424e+01 -2.741190e+01 -2.714773e+01 -2.688123e+01 -2.661173e+01 -2.633844e+01
  -26.060382 -2.577643e+01 -2.548537e+01 -2.518602e+01 -2.487761e+01 -2.456024e+01 -2.423550e+01 -2.390658e+01
  -23.577767 -2.325316e+01 -2.293551e+01 -2.262600e+01 -2.232452e+01 -2.203035e+01 -2.174252e+01 -2.146008e+01
  -21.182204 -2.090820e+01 -2.063746e+01 -2.036949e+01 -2.010384e+01 -1.984012e+01 -1.957798e+01 -1.931713e+01
  -19.057322 -1.879834e+01 -1.854002e+01 -1.828222e+01 -1.802483e+01 -1.776776e+01 -1.751094e+01 -1.725431e+01
  -16.997847 -1.674151e+01 -1.648526e+01 -1.622910e+01 -1.597300e+01 -1.571696e+01 -1.546095e+01 -1.520498e+01
  -14.949041 -1.469312e+01 -1.443721e+01 -1.418132e+01 -1.392544e+01 -1.366957e+01 -1.341370e+01 -1.315784e+01
  -12.901978 -1.264612e+01 -1.239027e+01 -1.213442e+01 -1.187857e+01 -1.162272e+01 -1.136688e+01 -1.111103e+01
  -10.855185 -1.059934e+01 -1.034350e+01 -1.008765e+01 -9.831808e+00 -9.575964e+00 -9.320121e+00 -9.064278e+00
   -8.808435 -8.552591e+00 -8.296748e+00 -8.040905e+00 -7.785062e+00 -7.529219e+00 -7.273377e+00 -7.017534e+00
   -6.761691 -6.505848e+00 -6.250005e+00 -5.994162e+00 -5.738320e+00 2.122899e-30 7.819765e+00 6.131581e+01
    7.998474 6.397711e+01 1.000000e+00 