#Data: Data/LatticeCube/titration_FJC_ZS2_1.00.out
#           E           mu            f          <N>         <N2>          <B>         <B2>
   12.700000 -3.113092e+01 9.999982e-01 1.771142e-06 1.771144e-06 3.383914e-06 6.609466e-06 1.000000e+00
   12.700000 -3.087276e+01 9.999977e-01 2.292833e-06 2.292836e-06 4.380648e-06 8.556289e-06 1.000000e+00
   12.700000 -3.061512e+01 9.999970e-01 2.966622e-06 2.966627e-06 5.667978e-06 1.107071e-05 1.000000e+00
   12.700000 -3.035789e+01 9.999962e-01 3.836853e-06 3.836862e-06 7.330627e-06 1.431821e-05 1.000000e+00
   12.700000 -3.010098e+01 9.999950e-01 4.960800e-06 4.960815e-06 9.478020e-06 1.851252e-05 1.000000e+00
   12.700000 -2.984431e+01 9.999936e-01 6.412431e-06 6.412456e-06 1.225148e-05 2.392968e-05 1.000000e+00
   12.700000 -2.958782e+01 9.999917e-01 8.287282e-06 8.287325e-06 1.583354e-05 3.092621e-05 1.000000e+00
   12.700000 -2.933364e+01 9.999893e-01 1.068561e-05 1.068568e-05 2.041575e-05 3.987627e-05 1.000000e+00
   12.700000 -2.907742e+01 9.999862e-01 1.380630e-05 1.380641e-05 2.637807e-05 5.152205e-05 1.000000e+00
   12.700000 -2.882128e+01 9.999822e-01 1.783680e-05 1.783700e-05 3.407869e-05 6.656318e-05 1.000000e+00
   12.700000 -2.856520e+01 9.999770e-01 2.304239e-05 2.304272e-05 4.402439e-05 8.598959e-05 1.000000e+00
   12.700000 -2.830918e+01 9.999702e-01 2.976563e-05 2.976618e-05 5.686970e-05 1.110798e-04 1.000000e+00
   12.700000 -2.805320e+01 9.999616e-01 3.844898e-05 3.844990e-05 7.345995e-05 1.434852e-04 1.000000e+00
   12.700000 -2.779725e+01 9.999503e-01 4.966387e-05 4.966540e-05 9.488692e-05 1.853385e-04 1.000000e+00
   12.700000 -2.754132e+01 9.999359e-01 6.414832e-05 6.415088e-05 1.225606e-04 2.393945e-04 1.000000e+00
   12.700000 -2.728542e+01 9.999171e-01 8.285547e-05 8.285974e-05 1.583022e-04 3.092109e-04 1.000000e+00
   12.700000 -2.702953e+01 9.998930e-01 1.070163e-04 1.070234e-04 2.044634e-04 3.993830e-04 1.000000e+00
   12.700000 -2.677364e+01 9.998618e-01 1.382205e-04 1.382324e-04 2.640816e-04 5.158462e-04 1.000000e+00
   12.700000 -2.651777e+01 9.998215e-01 1.785213e-04 1.785411e-04 3.410794e-04 6.662665e-04 1.000000e+00
   12.700000 -2.626191e+01 9.997694e-01 2.305699e-04 2.306030e-04 4.405223e-04 8.605454e-04 1.000000e+00
   12.700000 -2.600604e+01 9.997022e-01 2.977903e-04 2.978454e-04 5.689520e-04 1.111473e-03 1.000000e+00
   12.700000 -2.575019e+01 9.996154e-01 3.846036e-04 3.846957e-04 7.348154e-04 1.435568e-03 1.000000e+00
   12.700000 -2.549433e+01 9.995034e-01 4.967190e-04 4.968725e-04 9.490199e-04 1.854170e-03 1.000000e+00
   12.700000 -2.523848e+01 9.993586e-01 6.415075e-04 6.417636e-04 1.225648e-03 2.394845e-03 1.000000e+00
   12.700000 -2.498263e+01 9.991717e-01 8.284857e-04 8.289128e-04 1.582882e-03 3.093201e-03 1.000000e+00
   12.700000 -2.472679e+01 9.989304e-01 1.069938e-03 1.070651e-03 2.044192e-03 3.995244e-03 1.000000e+00
   12.700000 -2.447094e+01 9.986189e-01 1.381721e-03 1.382909e-03 2.639870e-03 5.160410e-03 1.000000e+00
   12.700000 -2.421509e+01 9.982167e-01 1.784296e-03 1.786277e-03 3.409006e-03 6.665504e-03 1.000000e+00
   12.700000 -2.395925e+01 9.976976e-01 2.304060e-03 2.307363e-03 4.402033e-03 8.609779e-03 1.000000e+00
   12.700000 -2.370340e+01 9.970277e-01 2.975060e-03 2.980567e-03 5.683989e-03 1.112152e-02 1.000000e+00
   12.700000 -2.344756e+01 9.961634e-01 3.841187e-03 3.850369e-03 7.338724e-03 1.436660e-02 1.000000e+00
   12.700000 -2.319171e+01 9.950487e-01 4.958996e-03 4.974300e-03 9.474267e-03 1.855948e-02 1.000000e+00
   12.700000 -2.293587e+01 9.936114e-01 6.401308e-03 6.426809e-03 1.222972e-02 2.397765e-02 1.000000e+00
   12.700000 -2.268002e+01 9.917594e-01 8.261802e-03 8.304286e-03 1.578400e-02 3.098019e-02 1.000000e+00
   12.700000 -2.242418e+01 9.893745e-01 1.066086e-02 1.073161e-02 2.036703e-02 4.003213e-02 1.000000e+00
   12.700000 -2.216833e+01 9.863059e-01 1.375293e-02 1.387070e-02 2.627375e-02 5.173608e-02 1.000000e+00
   12.700000 -2.191249e+01 9.823619e-01 1.773583e-02 1.793173e-02 3.388182e-02 6.687359e-02 1.000000e+00
   12.700000 -2.165664e+01 9.773002e-01 2.286222e-02 2.318784e-02 4.367359e-02 8.645941e-02 1.000000e+00
   12.700000 -2.140079e+01 9.708157e-01 2.945386e-02 2.999453e-02 5.626311e-02 1.118126e-01 1.000000e+00
   12.700000 -2.114494e+01 9.625278e-01 3.791875e-02 3.881531e-02 7.242877e-02 1.446505e-01 1.000000e+00
   12.700000 -2.088909e+01 9.519669e-01 4.877152e-02 5.025572e-02 9.315191e-02 1.872121e-01 1.000000e+00
   12.700000 -2.063323e+01 9.385612e-01 6.265675e-02 6.510844e-02 1.196610e-01 2.424217e-01 1.000000e+00
   12.700000 -2.037738e+01 9.216280e-01 8.037460e-02 8.441330e-02 1.534799e-01 3.141042e-01 1.000000e+00
   12.700000 -2.012152e+01 9.003727e-01 1.029068e-01 1.095365e-01 1.964760e-01 4.072674e-01 1.000000e+00
   12.700000 -1.986565e+01 8.739038e-01 1.314397e-01 1.422746e-01 2.509030e-01 5.284690e-01 1.000000e+00
   12.700000 -1.960978e+01 8.412721e-01 1.673785e-01 1.849877e-01 3.194249e-01 6.862813e-01 1.000000e+00
   12.700000 -1.935390e+01 8.015478e-01 2.123449e-01 2.407662e-01 4.051076e-01 8.918619e-01 1.000000e+00
   12.700000 -1.909801e+01 7.539455e-01 2.681464e-01 3.136268e-01 5.113538e-01 1.159612e+00 1.000000e+00
   12.700000 -1.884212e+01 6.980028e-01 3.367043e-01 4.087248e-01 6.417573e-01 1.507862e+00 1.000000e+00
   12.700000 -1.858621e+01 6.338049e-01 4.199293e-01 5.325482e-01 7.998550e-01 1.959442e+00 1.000000e+00
   12.700000 -1.833029e+01 5.622194e-01 5.195403e-01 6.930314e-01 9.887668e-01 2.541916e+00 1.000000e+00
   12.700000 -1.807436e+01 4.850743e-01 6.368369e-01 8.995030e-01 1.210745e+00 3.287142e+00 1.000000e+00
   12.700000 -1.781841e+01 4.051851e-01 7.724568e-01 1.162370e+00 1.466700e+00 4.229819e+00 1.000000e+00
   12.700000 -1.756246e+01 3.261427e-01 9.261746e-01 1.492475e+00 1.755801e+00 5.404815e+00 1.000000e+00
   12.700000 -1.730650e+01 2.518347e-01 1.096802e+00 1.900144e+00 2.075285e+00 6.843390e+00 1.000000e+00
   12.700000 -1.705053e+01 1.857832e-01 1.282243e+00 2.394067e+00 2.420567e+00 8.568879e+00 1.000000e+00
   12.700000 -1.679456e+01 1.304926e-01 1.479694e+00 2.980228e+00 2.785643e+00 1.059273e+01 1.000000e+00
   12.700000 -1.653859e+01 8.703542e-02 1.685950e+00 3.661109e+00 3.163705e+00 1.291171e+01 1.000000e+00
   12.700000 -1.628262e+01 5.502308e-02 1.897719e+00 4.435270e+00 3.547761e+00 1.550675e+01 1.000000e+00
   12.700000 -1.602667e+01 3.293820e-02 2.111851e+00 5.297300e+00 3.931126e+00 1.834320e+01 1.000000e+00
   12.700000 -1.577072e+01 1.866654e-02 2.325475e+00 6.238059e+00 4.307686e+00 2.137228e+01 1.000000e+00
   12.700000 -1.551478e+01 1.001939e-02 2.536034e+00 7.245201e+00 4.671988e+00 2.453342e+01 1.000000e+00
   12.700000 -1.525886e+01 5.099198e-03 2.741314e+00 8.304084e+00 5.019256e+00 2.775761e+01 1.000000e+00
   12.700000 -1.500294e+01 2.464560e-03 2.939486e+00 9.399150e+00 5.345433e+00 3.097195e+01 1.000000e+00
   12.700000 -1.474703e+01 1.133507e-03 3.129219e+00 1.051582e+01 5.647291e+00 3.410518e+01 1.000000e+00
   12.700000 -1.449114e+01 4.972104e-04 3.309823e+00 1.164271e+01 5.922592e+00 3.709389e+01 1.000000e+00
   12.700000 -1.423525e+01 2.084992e-04 3.481384e+00 1.277378e+01 6.170230e+00 3.988810e+01 1.000000e+00
   12.700000 -1.397937e+01 8.376787e-05 3.644846e+00 1.390996e+01 6.390300e+00 4.245513e+01 1.000000e+00
   12.700000 -1.372350e+01 3.230485e-05 3.801975e+00 1.505975e+01 6.584024e+00 4.478093e+01 1.000000e+00
   12.700000 -1.346763e+01 1.197423e-05 3.955215e+00 1.623868e+01 6.753552e+00 4.686853e+01 1.000000e+00
   12.700000 -1.321177e+01 4.268665e-06 4.107430e+00 1.746780e+01 6.901650e+00 4.873424e+01 1.000000e+00
   12.700000 -1.295591e+01 1.463350e-06 4.261595e+00 1.877127e+01 7.031353e+00 5.040258e+01 1.000000e+00
   12.700000 -1.270005e+01 4.819941e-07 4.420468e+00 2.017383e+01 7.145635e+00 5.190111e+01 1.000000e+00
   12.700000 -1.244420e+01 1.523063e-07 4.586304e+00 2.169825e+01 7.247149e+00 5.325609e+01 1.000000e+00
   12.700000 -1.218835e+01 4.607961e-08 4.760662e+00 2.336329e+01 7.338073e+00 5.448958e+01 1.000000e+00
   12.700000 -1.193250e+01 1.331733e-08 4.944301e+00 2.518222e+01 7.420055e+00 5.561806e+01 1.000000e+00
   12.700000 -1.167665e+01 3.667802e-09 5.137183e+00 2.716180e+01 7.494254e+00 5.665257e+01 1.000000e+00
   12.700000 -1.142080e+01 9.604727e-10 5.338523e+00 2.930164e+01 7.561439e+00 5.759971e+01 1.000000e+00
   12.700000 -1.116496e+01 2.386650e-10 5.546880e+00 3.159351e+01 7.622108e+00 5.846317e+01 1.000000e+00
   12.700000 -1.090911e+01 5.618810e-11 5.760228e+00 3.402072e+01 7.676608e+00 5.924516e+01 1.000000e+00
   12.700000 -1.065327e+01 1.252085e-11 5.976028e+00 3.655742e+01 7.725227e+00 5.994761e+01 1.000000e+00
   12.700000 -1.039742e+01 2.640259e-12 6.191301e+00 3.916837e+01 7.768248e+00 6.057290e+01 1.000000e+00
   12.700000 -1.014158e+01 5.271354e-13 6.402738e+00 4.180948e+01 7.805984e+00 6.112419e+01 1.000000e+00
   12.700000 -9.885734e+00 9.978819e-14 6.606867e+00 4.442976e+01 7.838786e+00 6.160553e+01 1.000000e+00
   12.700000 -9.629890e+00 1.795231e-14 6.800286e+00 4.697481e+01 7.867036e+00 6.202166e+01 1.000000e+00
   12.700000 -9.374047e+00 3.079000e-15 6.979947e+00 4.939161e+01 7.891139e+00 6.237786e+01 1.000000e+00
   12.700000 -9.118203e+00 5.053785e-16 7.143437e+00 5.163376e+01 7.911506e+00 6.267969e+01 1.000000e+00
   12.700000 -8.862360e+00 7.973227e-17 7.289184e+00 5.366607e+01 7.928551e+00 6.293287e+01 1.000000e+00
   12.700000 -8.606517e+00 1.214723e-17 7.416552e+00 5.546722e+01 7.942679e+00 6.314313e+01 1.000000e+00
   12.700000 -8.350674e+00 1.795483e-18 7.525797e+00 5.703030e+01 7.954278e+00 6.331604e+01 1.000000e+00
   12.700000 -8.094831e+00 2.586490e-19 7.617917e+00 5.836110e+01 7.963718e+00 6.345695e+01 1.000000e+00
   12.700000 -7.838988e+00 3.646597e-20 7.694431e+00 5.947516e+01 7.971338e+00 6.357081e+01 1.000000e+00
   12.700000 -7.583145e+00 5.050643e-21 7.757160e+00 6.039426e+01 7.977445e+00 6.366212e+01 1.000000e+00
   12.700000 -7.327302e+00 6.894664e-22 7.808019e+00 6.114323e+01 7.982307e+00 6.373488e+01 1.000000e+00
   12.700000 -7.071459e+00 9.302526e-23 7.848876e+00 6.174731e+01 7.986158e+00 6.379254e+01 1.000000e+00
   12.700000 -6.815616e+00 1.243438e-23 7.881451e+00 6.223046e+01 7.989194e+00 6.383801e+01 1.000000e+00
   12.700000 -6.559773e+00 1.649746e-24 7.907264e+00 6.261426e+01 7.991579e+00 6.387374e+01 1.000000e+00
   12.700000 -6.303930e+00 2.175986e-25 7.927617e+00 6.291748e+01 7.993446e+00 6.390173e+01 1.000000e+00
   12.700000 -6.048088e+00 2.856838e-26 7.943602e+00 6.315599e+01 7.994906e+00 6.392361e+01 1.000000e+00
   12.700000 -5.792245e+00 3.737139e-27 7.956118e+00 6.334295e+01 7.996043e+00 6.394066e+01 1.000000e+00
