#Data: Data/LatticeCube/titration_FJC_ZS5_0.88_0.88.out
#           E           mu            f          <N>         <N2>          <B>         <B2>
   11.800000 -3.040685e+01 9.998635e-01 1.365378e-04 1.365404e-04 4.270116e-04 1.389701e-03 1.000000e+00
   11.800000 -3.014987e+01 9.998235e-01 1.765390e-04 1.765433e-04 5.521120e-04 1.796845e-03 1.000000e+00
   11.800000 -2.989315e+01 9.997718e-01 2.281992e-04 2.282063e-04 7.136746e-04 2.322662e-03 1.000000e+00
   11.800000 -2.963662e+01 9.997051e-01 2.949153e-04 2.949271e-04 9.223229e-04 3.001729e-03 1.000000e+00
   11.800000 -2.938025e+01 9.996189e-01 3.810730e-04 3.810928e-04 1.191773e-03 3.878695e-03 1.000000e+00
   11.800000 -2.912398e+01 9.995077e-01 4.923345e-04 4.923675e-04 1.539731e-03 5.011199e-03 1.000000e+00
   11.800000 -2.886781e+01 9.993640e-01 6.360082e-04 6.360633e-04 1.989054e-03 6.473651e-03 1.000000e+00
   11.800000 -2.861169e+01 9.991785e-01 8.215265e-04 8.216185e-04 2.569238e-03 8.362092e-03 1.000000e+00
   11.800000 -2.835563e+01 9.989390e-01 1.061060e-03 1.061214e-03 3.318345e-03 1.080046e-02 1.000000e+00
   11.800000 -2.809959e+01 9.986298e-01 1.370310e-03 1.370566e-03 4.285470e-03 1.394865e-02 1.000000e+00
   11.800000 -2.784357e+01 9.982307e-01 1.769520e-03 1.769946e-03 5.533919e-03 1.801288e-02 1.000000e+00
   11.800000 -2.758756e+01 9.977156e-01 2.284784e-03 2.285496e-03 7.145287e-03 2.325904e-02 1.000000e+00
   11.800000 -2.733155e+01 9.970509e-01 2.949715e-03 2.950902e-03 9.224671e-03 3.002969e-02 1.000000e+00
   11.800000 -2.707552e+01 9.961934e-01 3.807577e-03 3.809556e-03 1.190734e-02 3.876598e-02 1.000000e+00
   11.800000 -2.681947e+01 9.950877e-01 4.913998e-03 4.917298e-03 1.536720e-02 5.003541e-02 1.000000e+00
   11.800000 -2.656338e+01 9.936623e-01 6.340417e-03 6.345916e-03 1.982756e-02 6.456727e-02 1.000000e+00
   11.800000 -2.630723e+01 9.918262e-01 8.178345e-03 8.187506e-03 2.557446e-02 8.329661e-02 1.000000e+00
   11.800000 -2.605099e+01 9.894624e-01 1.054520e-02 1.056046e-02 3.297483e-02 1.074246e-01 1.000000e+00
   11.800000 -2.579472e+01 9.864233e-01 1.358936e-02 1.361476e-02 4.249218e-02 1.384715e-01 1.000000e+00
   11.800000 -2.553833e+01 9.825201e-01 1.750104e-02 1.754329e-02 5.472066e-02 1.783899e-01 1.000000e+00
   11.800000 -2.528178e+01 9.775149e-01 2.252018e-02 2.259041e-02 7.040933e-02 2.296495e-01 1.000000e+00
   11.800000 -2.502502e+01 9.711101e-01 2.894819e-02 2.906480e-02 9.049863e-02 2.953635e-01 1.000000e+00
   11.800000 -2.476801e+01 9.629361e-01 3.716060e-02 3.735397e-02 1.161595e-01 3.794289e-01 1.000000e+00
   11.800000 -2.451067e+01 9.525398e-01 4.762023e-02 4.794037e-02 1.488334e-01 4.866785e-01 1.000000e+00
   11.800000 -2.425293e+01 9.393750e-01 6.088925e-02 6.141812e-02 1.902691e-01 6.230335e-01 1.000000e+00
   11.800000 -2.399469e+01 9.227979e-01 7.763741e-02 7.850864e-02 2.425457e-01 7.956327e-01 1.000000e+00
   11.800000 -2.373584e+01 9.020725e-01 9.864191e-02 1.000721e-01 3.080691e-01 1.012903e+00 1.000000e+00
   11.800000 -2.347625e+01 8.763945e-01 1.247726e-01 1.271098e-01 3.895205e-01 1.284516e+00 1.000000e+00
   11.800000 -2.321580e+01 8.449415e-01 1.569543e-01 1.607521e-01 4.897307e-01 1.621162e+00 1.000000e+00
   11.800000 -2.295436e+01 8.069598e-01 1.960974e-01 2.022245e-01 6.114524e-01 2.034063e+00 1.000000e+00
   11.800000 -2.269183e+01 7.618945e-01 2.429914e-01 2.527897e-01 7.570136e-01 2.534182e+00 1.000000e+00
   11.800000 -2.242814e+01 7.095568e-01 2.981661e-01 3.136664e-01 9.278650e-01 3.131166e+00 1.000000e+00
   11.800000 -2.216332e+01 6.503043e-01 3.617420e-01 3.859453e-01 1.124091e+00 3.832198e+00 1.000000e+00
   11.800000 -2.189749e+01 5.851850e-01 4.333138e-01 4.705322e-01 1.344031e+00 4.641156e+00 1.000000e+00
   11.800000 -2.163087e+01 5.159740e-01 5.119284e-01 5.681668e-01 1.584191e+00 5.558565e+00 1.000000e+00
   11.800000 -2.136379e+01 4.450485e-01 5.962054e-01 6.795469e-01 1.839621e+00 6.582742e+00 1.000000e+00
   11.800000 -2.109664e+01 3.750927e-01 6.846003e-01 8.055526e-01 2.104747e+00 7.712061e+00 1.000000e+00
   11.800000 -2.082980e+01 3.087058e-01 7.757392e-01 9.475011e-01 2.374433e+00 8.947616e+00 1.000000e+00
   11.800000 -2.056362e+01 2.480335e-01 8.687090e-01 1.107325e+00 2.644915e+00 1.029514e+01 1.000000e+00
   11.800000 -2.029832e+01 1.945340e-01 9.631949e-01 1.287580e+00 2.914265e+00 1.176513e+01 1.000000e+00
   11.800000 -2.003404e+01 1.489177e-01 1.059428e+00 1.491236e+00 3.182257e+00 1.337087e+01 1.000000e+00
   11.800000 -1.977082e+01 1.112325e-01 1.157981e+00 1.721310e+00 3.449764e+00 1.512470e+01 1.000000e+00
   11.800000 -1.950860e+01 8.102471e-02 1.259485e+00 1.980410e+00 3.717926e+00 1.703368e+01 1.000000e+00
   11.800000 -1.924731e+01 5.751476e-02 1.364377e+00 2.270336e+00 3.987383e+00 1.909583e+01 1.000000e+00
   11.800000 -1.898684e+01 3.975060e-02 1.472728e+00 2.591837e+00 4.257775e+00 2.129827e+01 1.000000e+00
   11.800000 -1.872707e+01 2.672639e-02 1.584199e+00 2.944571e+00 4.527625e+00 2.361779e+01 1.000000e+00
   11.800000 -1.846792e+01 1.746829e-02 1.698114e+00 3.327245e+00 4.794576e+00 2.602362e+01 1.000000e+00
   11.800000 -1.820929e+01 1.109280e-02 1.813590e+00 3.737792e+00 5.055842e+00 2.848146e+01 1.000000e+00
   11.800000 -1.795110e+01 6.841987e-03 1.929665e+00 4.173445e+00 5.308677e+00 3.095694e+01 1.000000e+00
   11.800000 -1.769330e+01 4.098733e-03 2.045367e+00 4.630636e+00 5.550685e+00 3.341759e+01 1.000000e+00
   11.800000 -1.743583e+01 2.385212e-03 2.159714e+00 5.104803e+00 5.779922e+00 3.583294e+01 1.000000e+00
   11.800000 -1.717863e+01 1.348984e-03 2.271701e+00 5.590321e+00 5.994844e+00 3.817375e+01 1.000000e+00
   11.800000 -1.692166e+01 7.419829e-04 2.380304e+00 6.080787e+00 6.194212e+00 4.041162e+01 1.000000e+00
   11.800000 -1.666490e+01 3.972864e-04 2.484568e+00 6.569766e+00 6.377070e+00 4.252001e+01 1.000000e+00
   11.800000 -1.640830e+01 2.073229e-04 2.583751e+00 7.051884e+00 6.542819e+00 4.447666e+01 1.000000e+00
   11.800000 -1.615183e+01 1.055842e-04 2.677491e+00 7.523952e+00 6.691349e+00 4.626646e+01 1.000000e+00
   11.800000 -1.589549e+01 5.254683e-05 2.765929e+00 7.985796e+00 6.823141e+00 4.788372e+01 1.000000e+00
   11.800000 -1.563924e+01 2.558774e-05 2.849743e+00 8.440524e+00 6.939290e+00 4.933280e+01 1.000000e+00
   11.800000 -1.538307e+01 1.220380e-05 2.930090e+00 8.894206e+00 7.041414e+00 5.062705e+01 1.000000e+00
   11.800000 -1.512697e+01 5.704648e-06 3.008452e+00 9.355014e+00 7.131488e+00 5.178634e+01 1.000000e+00
   11.800000 -1.487092e+01 2.614281e-06 3.086440e+00 9.832046e+00 7.211620e+00 5.283383e+01 1.000000e+00
   11.800000 -1.461491e+01 1.174385e-06 3.165577e+00 1.033399e+01 7.283835e+00 5.379268e+01 1.000000e+00
   11.800000 -1.435893e+01 5.168861e-07 3.247092e+00 1.086791e+01 7.349888e+00 5.468317e+01 1.000000e+00
   11.800000 -1.410299e+01 2.227333e-07 3.331770e+00 1.143826e+01 7.411124e+00 5.552056e+01 1.000000e+00
   11.800000 -1.384706e+01 9.388659e-08 3.419891e+00 1.204661e+01 7.468415e+00 5.631398e+01 1.000000e+00
   11.800000 -1.359115e+01 3.867838e-08 3.511280e+00 1.269204e+01 7.522173e+00 5.706652e+01 1.000000e+00
   11.800000 -1.333526e+01 1.556094e-08 3.605477e+00 1.337238e+01 7.572438e+00 5.777637e+01 1.000000e+00
   11.800000 -1.307937e+01 6.109694e-09 3.701992e+00 1.408601e+01 7.619020e+00 5.843888e+01 1.000000e+00
   11.800000 -1.282350e+01 2.339783e-09 3.800579e+00 1.483385e+01 7.661662e+00 5.904875e+01 1.000000e+00
   11.800000 -1.256763e+01 8.735040e-10 3.901452e+00 1.562087e+01 7.700177e+00 5.960208e+01 1.000000e+00
   11.800000 -1.231177e+01 3.176830e-10 4.005386e+00 1.645684e+01 7.734534e+00 6.009751e+01 1.000000e+00
   11.800000 -1.205591e+01 1.124485e-10 4.113672e+00 1.735611e+01 7.764891e+00 6.053665e+01 1.000000e+00
   11.800000 -1.180005e+01 3.868740e-11 4.227962e+00 1.833640e+01 7.791564e+00 6.092361e+01 1.000000e+00
   11.800000 -1.154420e+01 1.291445e-11 4.350014e+00 1.941703e+01 7.814976e+00 6.126422e+01 1.000000e+00
   11.800000 -1.128835e+01 4.173662e-12 4.481431e+00 2.061691e+01 7.835596e+00 6.156502e+01 1.000000e+00
   11.800000 -1.103250e+01 1.302511e-12 4.623416e+00 2.195262e+01 7.853877e+00 6.183243e+01 1.000000e+00
   11.800000 -1.077665e+01 3.914281e-13 4.776614e+00 2.343698e+01 7.870217e+00 6.207211e+01 1.000000e+00
   11.800000 -1.052080e+01 1.129471e-13 4.941058e+00 2.507825e+01 7.884941e+00 6.228865e+01 1.000000e+00
   11.800000 -1.026496e+01 3.120511e-14 5.116215e+00 2.688005e+01 7.898294e+00 6.248554e+01 1.000000e+00
   11.800000 -1.000911e+01 8.233123e-15 5.301098e+00 2.884166e+01 7.910454e+00 6.266525e+01 1.000000e+00
   11.800000 -9.753266e+00 2.069576e-15 5.494390e+00 3.095829e+01 7.921545e+00 6.282951e+01 1.000000e+00
   11.800000 -9.497422e+00 4.946824e-16 5.694519e+00 3.322085e+01 7.931655e+00 6.297953e+01 1.000000e+00
   11.800000 -9.241578e+00 1.122637e-16 5.899653e+00 3.561478e+01 7.940851e+00 6.311621e+01 1.000000e+00
   11.800000 -8.985734e+00 2.416469e-17 6.107602e+00 3.811778e+01 7.949183e+00 6.324024e+01 1.000000e+00
   11.800000 -8.729890e+00 4.931555e-18 6.315676e+00 4.069723e+01 7.956694e+00 6.335219e+01 1.000000e+00
   11.800000 -8.474047e+00 9.545723e-19 6.520616e+00 4.330858e+01 7.963421e+00 6.345256e+01 1.000000e+00
   11.800000 -8.218203e+00 1.754724e-19 6.718684e+00 4.589634e+01 7.969392e+00 6.354174e+01 1.000000e+00
   11.800000 -7.962360e+00 3.070183e-20 6.905983e+00 4.839878e+01 7.974635e+00 6.362011e+01 1.000000e+00
   11.800000 -7.706517e+00 5.129505e-21 7.078944e+00 5.075553e+01 7.979182e+00 6.368812e+01 1.000000e+00
   11.800000 -7.450674e+00 8.216714e-22 7.234811e+00 5.291581e+01 7.983070e+00 6.374630e+01 1.000000e+00
   11.800000 -7.194831e+00 1.267746e-22 7.371975e+00 5.484472e+01 7.986347e+00 6.379537e+01 1.000000e+00
   11.800000 -6.938988e+00 1.893165e-23 7.490051e+00 5.652567e+01 7.989072e+00 6.383619e+01 1.000000e+00
   11.800000 -6.683145e+00 2.749528e-24 7.589721e+00 5.795918e+01 7.991310e+00 6.386971e+01 1.000000e+00
   11.800000 -6.427302e+00 3.901315e-25 7.672447e+00 5.915908e+01 7.993126e+00 6.389693e+01 1.000000e+00
   11.800000 -6.171459e+00 5.430327e-26 7.740147e+00 6.014783e+01 7.994587e+00 6.391883e+01 1.000000e+00
   11.800000 -5.915616e+00 7.441438e-27 7.794912e+00 6.095215e+01 7.995753e+00 6.393631e+01 1.000000e+00
   11.800000 -5.659773e+00 1.006991e-27 7.838801e+00 6.159963e+01 7.996677e+00 6.395016e+01 1.000000e+00
   11.800000 -5.403930e+00 1.349066e-28 7.873711e+00 6.211650e+01 7.997406e+00 6.396110e+01 1.000000e+00
   11.800000 -5.148088e+00 1.793007e-29 7.901317e+00 6.252637e+01 7.997979e+00 6.396968e+01 1.000000e+00
   11.800000 -4.892245e+00 2.368111e-30 7.923045e+00 6.284970e+01 7.998427e+00 6.397641e+01 1.000000e+00
