#Data: Data/LatticeCube/titration_FJC_ZS2_0.88.out
#           E           mu            f          <N>         <N2>          <B>         <B2>
   11.800000 -3.022483e+01 9.999996e-01 4.212772e-07 4.212774e-07 6.832173e-07 1.207098e-06 1.000000e+00
   11.800000 -2.996805e+01 9.999995e-01 5.446114e-07 5.446116e-07 8.832376e-07 1.560490e-06 1.000000e+00
   11.800000 -2.971148e+01 9.999993e-01 7.039035e-07 7.039038e-07 1.141574e-06 2.016915e-06 1.000000e+00
   11.800000 -2.945508e+01 9.999991e-01 9.096371e-07 9.096377e-07 1.475228e-06 2.606410e-06 1.000000e+00
   11.800000 -2.919880e+01 9.999988e-01 1.175352e-06 1.175353e-06 1.906158e-06 3.367772e-06 1.000000e+00
   11.800000 -2.894262e+01 9.999985e-01 1.518537e-06 1.518538e-06 2.462726e-06 4.351109e-06 1.000000e+00
   11.800000 -2.868652e+01 9.999980e-01 1.961776e-06 1.961779e-06 3.181561e-06 5.621138e-06 1.000000e+00
   11.800000 -2.843047e+01 9.999975e-01 2.534242e-06 2.534246e-06 4.109972e-06 7.261444e-06 1.000000e+00
   11.800000 -2.817447e+01 9.999967e-01 3.273609e-06 3.273617e-06 5.309060e-06 9.379981e-06 1.000000e+00
   11.800000 -2.791902e+01 9.999958e-01 4.226379e-06 4.226391e-06 6.854238e-06 1.210999e-05 1.000000e+00
   11.800000 -2.766308e+01 9.999945e-01 5.459087e-06 5.459108e-06 8.853414e-06 1.564212e-05 1.000000e+00
   11.800000 -2.740717e+01 9.999929e-01 7.051189e-06 7.051225e-06 1.143545e-05 2.020405e-05 1.000000e+00
   11.800000 -2.715127e+01 9.999909e-01 9.107467e-06 9.107526e-06 1.477027e-05 2.609601e-05 1.000000e+00
   11.800000 -2.689538e+01 9.999882e-01 1.176325e-05 1.176335e-05 1.907735e-05 3.370579e-05 1.000000e+00
   11.800000 -2.663951e+01 9.999848e-01 1.519331e-05 1.519348e-05 2.464014e-05 4.353421e-05 1.000000e+00
   11.800000 -2.638364e+01 9.999804e-01 1.962341e-05 1.962368e-05 3.182475e-05 5.622813e-05 1.000000e+00
   11.800000 -2.612778e+01 9.999747e-01 2.534507e-05 2.534553e-05 4.110400e-05 7.262300e-05 1.000000e+00
   11.800000 -2.587192e+01 9.999673e-01 3.273486e-05 3.273562e-05 5.308857e-05 9.379788e-05 1.000000e+00
   11.800000 -2.561606e+01 9.999577e-01 4.227909e-05 4.228036e-05 6.856715e-05 1.211464e-04 1.000000e+00
   11.800000 -2.536021e+01 9.999454e-01 5.460586e-05 5.460799e-05 8.855837e-05 1.564686e-04 1.000000e+00
   11.800000 -2.510436e+01 9.999295e-01 7.052637e-05 7.052991e-05 1.143778e-04 2.020894e-04 1.000000e+00
   11.800000 -2.484851e+01 9.999089e-01 9.108828e-05 9.109419e-05 1.477245e-04 2.610115e-04 1.000000e+00
   11.800000 -2.459267e+01 9.998824e-01 1.176447e-04 1.176545e-04 1.907928e-04 3.371134e-04 1.000000e+00
   11.800000 -2.433682e+01 9.998481e-01 1.519429e-04 1.519593e-04 2.464166e-04 4.354045e-04 1.000000e+00
   11.800000 -2.408097e+01 9.998038e-01 1.962398e-04 1.962672e-04 3.182557e-04 5.623553e-04 1.000000e+00
   11.800000 -2.382513e+01 9.997466e-01 2.534498e-04 2.534955e-04 4.110366e-04 7.263233e-04 1.000000e+00
   11.800000 -2.356928e+01 9.996727e-01 3.273366e-04 3.274128e-04 5.308629e-04 9.381042e-04 1.000000e+00
   11.800000 -2.331344e+01 9.995773e-01 4.227603e-04 4.228875e-04 6.856164e-04 1.211643e-03 1.000000e+00
   11.800000 -2.305760e+01 9.994541e-01 5.459970e-04 5.462092e-04 8.854748e-04 1.564955e-03 1.000000e+00
   11.800000 -2.280175e+01 9.992950e-01 7.051504e-04 7.055042e-04 1.143579e-03 2.021312e-03 1.000000e+00
   11.800000 -2.254591e+01 9.990896e-01 9.106833e-04 9.112735e-04 1.476896e-03 2.610782e-03 1.000000e+00
   11.800000 -2.229007e+01 9.988244e-01 1.176103e-03 1.177087e-03 1.907329e-03 3.372215e-03 1.000000e+00
   11.800000 -2.203422e+01 9.984820e-01 1.518846e-03 1.520488e-03 2.463150e-03 4.355818e-03 1.000000e+00
   11.800000 -2.177838e+01 9.980400e-01 1.961415e-03 1.964153e-03 3.180846e-03 5.626478e-03 1.000000e+00
   11.800000 -2.152254e+01 9.974694e-01 2.532848e-03 2.537413e-03 4.107496e-03 7.268079e-03 1.000000e+00
   11.800000 -2.126669e+01 9.967332e-01 3.270604e-03 3.278216e-03 5.303825e-03 9.389090e-03 1.000000e+00
   11.800000 -2.101085e+01 9.957834e-01 4.222987e-03 4.235678e-03 6.848136e-03 1.212982e-02 1.000000e+00
   11.800000 -2.075501e+01 9.945583e-01 5.452263e-03 5.473419e-03 8.841344e-03 1.567182e-02 1.000000e+00
   11.800000 -2.049916e+01 9.929790e-01 7.038645e-03 7.073905e-03 1.141343e-02 2.025018e-02 1.000000e+00
   11.800000 -2.024332e+01 9.909439e-01 9.085388e-03 9.144141e-03 1.473167e-02 2.616949e-02 1.000000e+00
   11.800000 -1.998748e+01 9.883236e-01 1.172528e-02 1.182315e-02 1.901113e-02 3.382475e-02 1.000000e+00
   11.800000 -1.973164e+01 9.849524e-01 1.512890e-02 1.529185e-02 2.452793e-02 4.372876e-02 1.000000e+00
   11.800000 -1.947579e+01 9.806202e-01 1.951494e-02 1.978613e-02 3.163597e-02 5.654813e-02 1.000000e+00
   11.800000 -1.921995e+01 9.750613e-01 2.516333e-02 2.561432e-02 4.078781e-02 7.315095e-02 1.000000e+00
   11.800000 -1.896410e+01 9.679415e-01 3.243129e-02 3.318064e-02 5.256057e-02 9.466984e-02 1.000000e+00
   11.800000 -1.870826e+01 9.588447e-01 4.177316e-02 4.301687e-02 6.768736e-02 1.225861e-01 1.000000e+00
   11.800000 -1.845242e+01 9.472578e-01 5.376421e-02 5.582544e-02 8.709501e-02 1.588425e-01 1.000000e+00
   11.800000 -1.819657e+01 9.325580e-01 6.912865e-02 7.253847e-02 1.119479e-01 2.059941e-01 1.000000e+00
   11.800000 -1.794072e+01 9.140036e-01 8.877133e-02 9.439879e-02 1.436971e-01 2.674123e-01 1.000000e+00
   11.800000 -1.768488e+01 8.907360e-01 1.138120e-01 1.230716e-01 1.841316e-01 3.475570e-01 1.000000e+00
   11.800000 -1.742903e+01 8.617984e-01 1.456189e-01 1.607972e-01 2.354273e-01 4.523416e-01 1.000000e+00
   11.800000 -1.717318e+01 8.261852e-01 1.858375e-01 2.105991e-01 3.001832e-01 5.896097e-01 1.000000e+00
   11.800000 -1.691733e+01 7.829327e-01 2.364047e-01 2.765594e-01 3.814309e-01 7.697449e-01 1.000000e+00
   11.800000 -1.666148e+01 7.312673e-01 2.995389e-01 3.641747e-01 4.825967e-01 1.006414e+00 1.000000e+00
   11.800000 -1.640563e+01 6.708132e-01 3.776896e-01 4.807891e-01 6.073912e-01 1.317401e+00 1.000000e+00
   11.800000 -1.614977e+01 6.018515e-01 4.734333e-01 6.360815e-01 7.595989e-01 1.725430e+00 1.000000e+00
   11.800000 -1.589391e+01 5.255842e-01 5.893015e-01 8.425381e-01 9.427517e-01 2.258731e+00 1.000000e+00
   11.800000 -1.563805e+01 4.443191e-01 7.275453e-01 1.115793e+00 1.159689e+00 2.951022e+00 1.000000e+00
   11.800000 -1.538219e+01 3.614600e-01 8.898557e-01 1.474666e+00 1.412051e+00 3.840439e+00 1.000000e+00
   11.800000 -1.512632e+01 2.811946e-01 1.077090e+00 1.940715e+00 1.699793e+00 4.967029e+00 1.000000e+00
   11.800000 -1.487045e+01 2.078572e-01 1.289070e+00 2.537211e+00 2.020853e+00 6.368703e+00 1.000000e+00
   11.800000 -1.461458e+01 1.450927e-01 1.524522e+00 3.287569e+00 2.371089e+00 8.076040e+00 1.000000e+00
   11.800000 -1.435871e+01 9.509491e-02 1.781192e+00 4.213522e+00 2.744552e+00 1.010693e+01 1.000000e+00
   11.800000 -1.410283e+01 5.822413e-02 2.056112e+00 5.333412e+00 3.134043e+00 1.246229e+01 1.000000e+00
   11.800000 -1.384696e+01 3.316184e-02 2.345953e+00 6.660997e+00 3.531815e+00 1.512393e+01 1.000000e+00
   11.800000 -1.359109e+01 1.751033e-02 2.647362e+00 8.204925e+00 3.930242e+00 1.805499e+01 1.000000e+00
   11.800000 -1.333522e+01 8.549926e-03 2.957212e+00 9.968850e+00 4.322325e+00 2.120260e+01 1.000000e+00
   11.800000 -1.307936e+01 3.853565e-03 3.272744e+00 1.195196e+01 4.701994e+00 2.450239e+01 1.000000e+00
   11.800000 -1.282349e+01 1.601398e-03 3.591607e+00 1.414971e+01 5.064265e+00 2.788392e+01 1.000000e+00
   11.800000 -1.256763e+01 6.132178e-04 3.911841e+00 1.655457e+01 5.405305e+00 3.127661e+01 1.000000e+00
   11.800000 -1.231177e+01 2.163470e-04 4.231817e+00 1.915650e+01 5.722458e+00 3.461528e+01 1.000000e+00
   11.800000 -1.205591e+01 7.034224e-05 4.550130e+00 2.194281e+01 6.014215e+00 3.784457e+01 1.000000e+00
   11.800000 -1.180006e+01 2.108969e-05 4.865428e+00 2.489695e+01 6.280107e+00 4.092124e+01 1.000000e+00
   11.800000 -1.154421e+01 5.836202e-06 5.176176e+00 2.799609e+01 6.520495e+00 4.381425e+01 1.000000e+00
   11.800000 -1.128835e+01 1.492817e-06 5.480406e+00 3.120807e+01 6.736297e+00 4.650289e+01 1.000000e+00
   11.800000 -1.103250e+01 3.536388e-07 5.775553e+00 3.448892e+01 6.928715e+00 4.897407e+01 1.000000e+00
   11.800000 -1.077666e+01 7.779818e-08 6.058469e+00 3.778243e+01 7.099041e+00 5.121997e+01 1.000000e+00
   11.800000 -1.052081e+01 1.595096e-08 6.325659e+00 4.102299e+01 7.248558e+00 5.323675e+01 1.000000e+00
   11.800000 -1.026496e+01 3.061628e-09 6.573693e+00 4.414141e+01 7.378550e+00 5.502439e+01 1.000000e+00
   11.800000 -1.000911e+01 5.530482e-10 6.799662e+00 4.707257e+01 7.490354e+00 5.658716e+01 1.000000e+00
   11.800000 -9.753269e+00 9.457810e-11 7.001572e+00 4.976266e+01 7.585409e+00 5.793402e+01 1.000000e+00
   11.800000 -9.497424e+00 1.540876e-11 7.178547e+00 5.217452e+01 7.665276e+00 5.907849e+01 1.000000e+00
   11.800000 -9.241579e+00 2.406913e-12 7.330846e+00 5.428970e+01 7.731611e+00 6.003787e+01 1.000000e+00
   11.800000 -8.985735e+00 3.627015e-13 7.459707e+00 5.610748e+01 7.786110e+00 6.083202e+01 1.000000e+00
   11.800000 -8.729891e+00 5.303165e-14 7.567093e+00 5.764168e+01 7.830443e+00 6.148198e+01 1.000000e+00
   11.800000 -8.474047e+00 7.562639e-15 7.655397e+00 5.891630e+01 7.866193e+00 6.200865e+01 1.000000e+00
   11.800000 -8.218204e+00 1.056676e-15 7.727189e+00 5.996112e+01 7.894803e+00 6.243177e+01 1.000000e+00
   11.800000 -7.962360e+00 1.452224e-16 7.784998e+00 6.080796e+01 7.917552e+00 6.276926e+01 1.000000e+00
   11.800000 -7.706517e+00 1.969560e-17 7.831179e+00 6.148798e+01 7.935546e+00 6.303683e+01 1.000000e+00
   11.800000 -7.450674e+00 2.643147e-18 7.867835e+00 6.202993e+01 7.949715e+00 6.324794e+01 1.000000e+00
   11.800000 -7.194831e+00 3.517586e-19 7.896776e+00 6.245920e+01 7.960833e+00 6.341384e+01 1.000000e+00
   11.800000 -6.938988e+00 4.650603e-20 7.919532e+00 6.279757e+01 7.969532e+00 6.354380e+01 1.000000e+00
   11.800000 -6.683145e+00 6.116873e-21 7.937365e+00 6.306325e+01 7.976324e+00 6.364535e+01 1.000000e+00
   11.800000 -6.427302e+00 8.012968e-22 7.951302e+00 6.327121e+01 7.981616e+00 6.372454e+01 1.000000e+00
   11.800000 -6.171459e+00 1.046372e-22 7.962174e+00 6.343361e+01 7.985735e+00 6.378620e+01 1.000000e+00
   11.800000 -5.915616e+00 1.363044e-23 7.970639e+00 6.356019e+01 7.988936e+00 6.383414e+01 1.000000e+00
   11.800000 -5.659773e+00 1.772156e-24 7.977222e+00 6.365870e+01 7.991422e+00 6.387139e+01 1.000000e+00
   11.800000 -5.403930e+00 2.300635e-25 7.982337e+00 6.373528e+01 7.993351e+00 6.390031e+01 1.000000e+00
   11.800000 -5.148088e+00 2.983261e-26 7.986308e+00 6.379476e+01 7.994848e+00 6.392274e+01 1.000000e+00
   11.800000 -4.892245e+00 3.864961e-27 7.989390e+00 6.384092e+01 7.996009e+00 6.394014e+01 1.000000e+00
