#Data: Data/LatticeCube/titration_FJC_ZS3_0.90.out
#           E           mu            f          <N>         <N2>          <B>         <B2>
   12.582650 -3.102635e+01 9.999888e-01 1.123581e-05 1.123586e-05 2.601913e-05 6.315017e-05 1.000000e+00
   12.582650 -3.102635e+01 -3.076842e+01 9.999855e-01 1.454195e-05 1.454204e-05 3.367527e-05 8.173223e-05
    1.000000    12.582650 -3.102635e+01 -3.076842e+01 -3.051096e+01 9.999812e-01 1.881197e-05 1.881213e-05 4.356351e-05
    0.000106 1.000000e+00    12.582650 -3.102635e+01 -3.076842e+01 -3.051096e+01 -3.025387e+01 9.999757e-01 2.432690e-05 2.432716e-05
    0.000056 1.367285e-04 1.000000e+00    12.582650 -3.102635e+01 -3.076842e+01 -3.051096e+01 -3.025387e+01 -2.999706e+01 9.999686e-01 3.144964e-05
    0.000031 7.282896e-05 1.767621e-04 1.000000e+00    12.582650 -3.102635e+01 -3.076842e+01 -3.051096e+01 -3.025387e+01 -2.999706e+01 -2.974047e+01 9.999594e-01
    0.000041 4.064969e-05 9.413207e-05 2.284674e-04 1.000000e+00    12.582650 -3.102635e+01 -3.076842e+01 -3.051096e+01 -3.025387e+01 -2.999706e+01 -2.974047e+01 -2.948405e+01
    0.999947 5.253016e-05 5.253140e-05 1.216458e-04 2.952471e-04 1.000000e+00    12.582650 -3.102635e+01 -3.076842e+01 -3.051096e+01 -3.025387e+01 -2.999706e+01 -2.974047e+01 -2.948405e+01
  -29.227755 9.999321e-01 6.787512e-05 6.787718e-05 1.571805e-04 3.814960e-04 1.000000e+00    12.582650 -3.102635e+01 -3.076842e+01 -3.051096e+01 -3.025387e+01 -2.999706e+01 -2.974047e+01 -2.948405e+01
  -29.227755 -2.897157e+01 9.999123e-01 8.769351e-05 8.769696e-05 2.030745e-04 4.928901e-04 1.000000e+00
   12.582650 -3.102635e+01 -3.076842e+01 -3.051096e+01 -3.025387e+01 -2.999706e+01 -2.974047e+01 -2.948405e+01
  -29.227755 -2.897157e+01 -2.871545e+01 9.998867e-01 1.132893e-04 1.132951e-04 2.623474e-04 6.367599e-04
    1.000000    12.582650 -3.102635e+01 -3.076842e+01 -3.051096e+01 -3.025387e+01 -2.999706e+01 -2.974047e+01 -2.948405e+01
  -29.227755 -2.897157e+01 -2.871545e+01 -2.845940e+01 9.998537e-01 1.463465e-04 1.463561e-04 3.388988e-04
    0.000823 1.000000e+00    12.582650 -3.102635e+01 -3.076842e+01 -3.051096e+01 -3.025387e+01 -2.999706e+01 -2.974047e+01 -2.948405e+01
  -29.227755 -2.897157e+01 -2.871545e+01 -2.845940e+01 -2.820340e+01 9.998110e-01 1.890398e-04 1.890558e-04
    0.000438 1.062557e-03 1.000000e+00    12.582650 -3.102635e+01 -3.076842e+01 -3.051096e+01 -3.025387e+01 -2.999706e+01 -2.974047e+01 -2.948405e+01
  -29.227755 -2.897157e+01 -2.871545e+01 -2.845940e+01 -2.820340e+01 -2.794743e+01 9.997558e-01 2.441773e-04
    0.000244 5.654476e-04 1.372503e-03 1.000000e+00    12.582650 -3.102635e+01 -3.076842e+01 -3.051096e+01 -3.025387e+01 -2.999706e+01 -2.974047e+01 -2.948405e+01
  -29.227755 -2.897157e+01 -2.871545e+01 -2.845940e+01 -2.820340e+01 -2.794743e+01 -2.769149e+01 9.996846e-01
    0.000315 3.154299e-04 7.303449e-04 1.772805e-03 1.000000e+00    12.582650 -3.102635e+01 -3.076842e+01 -3.051096e+01 -3.025387e+01 -2.999706e+01 -2.974047e+01 -2.948405e+01
  -29.227755 -2.897157e+01 -2.871545e+01 -2.845940e+01 -2.820340e+01 -2.794743e+01 -2.769149e+01 -2.743557e+01
    0.999593 4.073457e-04 4.074201e-04 9.432986e-04 2.289800e-03 1.000000e+00    12.582650 -3.102635e+01 -3.076842e+01 -3.051096e+01 -3.025387e+01 -2.999706e+01 -2.974047e+01 -2.948405e+01
  -29.227755 -2.897157e+01 -2.871545e+01 -2.845940e+01 -2.820340e+01 -2.794743e+01 -2.769149e+01 -2.743557e+01
  -27.179673 9.994740e-01 5.261036e-04 5.262277e-04 1.218307e-03 2.957501e-03 1.000000e+00    12.582650 -3.102635e+01 -3.076842e+01 -3.051096e+01 -3.025387e+01 -2.999706e+01 -2.974047e+01 -2.948405e+01
  -29.227755 -2.897157e+01 -2.871545e+01 -2.845940e+01 -2.820340e+01 -2.794743e+01 -2.769149e+01 -2.743557e+01
  -27.179673 -2.692378e+01 9.993206e-01 6.794626e-04 6.796696e-04 1.573439e-03 3.819830e-03 1.000000e+00
   12.582650 -3.102635e+01 -3.076842e+01 -3.051096e+01 -3.025387e+01 -2.999706e+01 -2.974047e+01 -2.948405e+01
  -29.227755 -2.897157e+01 -2.871545e+01 -2.845940e+01 -2.820340e+01 -2.794743e+01 -2.769149e+01 -2.743557e+01
  -27.179673 -2.692378e+01 -2.666791e+01 9.991227e-01 8.774955e-04 8.778409e-04 2.032020e-03 4.933503e-03
    1.000000    12.582650 -3.102635e+01 -3.076842e+01 -3.051096e+01 -3.025387e+01 -2.999706e+01 -2.974047e+01 -2.948405e+01
  -29.227755 -2.897157e+01 -2.871545e+01 -2.845940e+01 -2.820340e+01 -2.794743e+01 -2.769149e+01 -2.743557e+01
  -27.179673 -2.692378e+01 -2.666791e+01 -2.641203e+01 9.988671e-01 1.133202e-03 1.133778e-03 2.624151e-03
    0.006372 1.000000e+00    12.582650 -3.102635e+01 -3.076842e+01 -3.051096e+01 -3.025387e+01 -2.999706e+01 -2.974047e+01 -2.948405e+01
  -29.227755 -2.897157e+01 -2.871545e+01 -2.845940e+01 -2.820340e+01 -2.794743e+01 -2.769149e+01 -2.743557e+01
  -27.179673 -2.692378e+01 -2.666791e+01 -2.641203e+01 -2.615617e+01 9.985371e-01 1.463354e-03 1.464314e-03
    0.003389 8.229145e-03 1.000000e+00    12.582650 -3.102635e+01 -3.076842e+01 -3.051096e+01 -3.025387e+01 -2.999706e+01 -2.974047e+01 -2.948405e+01
  -29.227755 -2.897157e+01 -2.871545e+01 -2.845940e+01 -2.820340e+01 -2.794743e+01 -2.769149e+01 -2.743557e+01
  -27.179673 -2.692378e+01 -2.666791e+01 -2.641203e+01 -2.615617e+01 -2.590031e+01 9.981112e-01 1.889586e-03
    0.001891 4.375660e-03 1.062774e-02 1.000000e+00    12.582650 -3.102635e+01 -3.076842e+01 -3.051096e+01 -3.025387e+01 -2.999706e+01 -2.974047e+01 -2.948405e+01
  -29.227755 -2.897157e+01 -2.871545e+01 -2.845940e+01 -2.820340e+01 -2.794743e+01 -2.769149e+01 -2.743557e+01
  -27.179673 -2.692378e+01 -2.666791e+01 -2.641203e+01 -2.615617e+01 -2.590031e+01 -2.564445e+01 9.975615e-01
    0.002440 2.442465e-03 5.649716e-03 1.372514e-02 1.000000e+00    12.582650 -3.102635e+01 -3.076842e+01 -3.051096e+01 -3.025387e+01 -2.999706e+01 -2.974047e+01 -2.948405e+01
  -29.227755 -2.897157e+01 -2.871545e+01 -2.845940e+01 -2.820340e+01 -2.794743e+01 -2.769149e+01 -2.743557e+01
  -27.179673 -2.692378e+01 -2.666791e+01 -2.641203e+01 -2.615617e+01 -2.590031e+01 -2.564445e+01 -2.538859e+01
    0.996852 3.149927e-03 3.154380e-03 7.294065e-03 1.772471e-02 1.000000e+00    12.582650 -3.102635e+01 -3.076842e+01 -3.051096e+01 -3.025387e+01 -2.999706e+01 -2.974047e+01 -2.948405e+01
  -29.227755 -2.897157e+01 -2.871545e+01 -2.845940e+01 -2.820340e+01 -2.794743e+01 -2.769149e+01 -2.743557e+01
  -27.179673 -2.692378e+01 -2.666791e+01 -2.641203e+01 -2.615617e+01 -2.590031e+01 -2.564445e+01 -2.538859e+01
  -25.132732 9.959374e-01 4.066287e-03 4.073710e-03 9.415894e-03 2.288891e-02 1.000000e+00    12.582650 -3.102635e+01 -3.076842e+01 -3.051096e+01 -3.025387e+01 -2.999706e+01 -2.974047e+01 -2.948405e+01
  -29.227755 -2.897157e+01 -2.871545e+01 -2.845940e+01 -2.820340e+01 -2.794743e+01 -2.769149e+01 -2.743557e+01
  -27.179673 -2.692378e+01 -2.666791e+01 -2.641203e+01 -2.615617e+01 -2.590031e+01 -2.564445e+01 -2.538859e+01
  -25.132732 -2.487687e+01 9.947577e-01 5.248460e-03 5.260830e-03 1.215313e-02 2.955634e-02 1.000000e+00
   12.582650 -3.102635e+01 -3.076842e+01 -3.051096e+01 -3.025387e+01 -2.999706e+01 -2.974047e+01 -2.948405e+01
  -29.227755 -2.897157e+01 -2.871545e+01 -2.845940e+01 -2.820340e+01 -2.794743e+01 -2.769149e+01 -2.743557e+01
  -27.179673 -2.692378e+01 -2.666791e+01 -2.641203e+01 -2.615617e+01 -2.590031e+01 -2.564445e+01 -2.538859e+01
  -25.132732 -2.487687e+01 -2.462102e+01 9.932373e-01 6.773047e-03 6.793655e-03 1.568306e-02 3.816364e-02
    1.000000    12.582650 -3.102635e+01 -3.076842e+01 -3.051096e+01 -3.025387e+01 -2.999706e+01 -2.974047e+01 -2.948405e+01
  -29.227755 -2.897157e+01 -2.871545e+01 -2.845940e+01 -2.820340e+01 -2.794743e+01 -2.769149e+01 -2.743557e+01
  -27.179673 -2.692378e+01 -2.666791e+01 -2.641203e+01 -2.615617e+01 -2.590031e+01 -2.564445e+01 -2.538859e+01
  -25.132732 -2.487687e+01 -2.462102e+01 -2.436515e+01 9.912788e-01 8.738385e-03 8.772706e-03 2.023326e-02
    0.049274 1.000000e+00    12.582650 -3.102635e+01 -3.076842e+01 -3.051096e+01 -3.025387e+01 -2.999706e+01 -2.974047e+01 -2.948405e+01
  -29.227755 -2.897157e+01 -2.871545e+01 -2.845940e+01 -2.820340e+01 -2.794743e+01 -2.769149e+01 -2.743557e+01
  -27.179673 -2.692378e+01 -2.666791e+01 -2.641203e+01 -2.615617e+01 -2.590031e+01 -2.564445e+01 -2.538859e+01
  -25.132732 -2.487687e+01 -2.462102e+01 -2.436515e+01 -2.410929e+01 9.887580e-01 1.127050e-02 1.132763e-02
    0.026095 6.361185e-02 1.000000e+00    12.582650 -3.102635e+01 -3.076842e+01 -3.051096e+01 -3.025387e+01 -2.999706e+01 -2.974047e+01 -2.948405e+01
  -29.227755 -2.897157e+01 -2.871545e+01 -2.845940e+01 -2.820340e+01 -2.794743e+01 -2.769149e+01 -2.743557e+01
  -27.179673 -2.692378e+01 -2.666791e+01 -2.641203e+01 -2.615617e+01 -2.590031e+01 -2.564445e+01 -2.538859e+01
  -25.132732 -2.487687e+01 -2.462102e+01 -2.436515e+01 -2.410929e+01 -2.385342e+01 9.855169e-01 1.453054e-02
    0.014626 3.364189e-02 8.211171e-02 1.000000e+00    12.582650 -3.102635e+01 -3.076842e+01 -3.051096e+01 -3.025387e+01 -2.999706e+01 -2.974047e+01 -2.948405e+01
  -29.227755 -2.897157e+01 -2.871545e+01 -2.845940e+01 -2.820340e+01 -2.794743e+01 -2.769149e+01 -2.743557e+01
  -27.179673 -2.692378e+01 -2.666791e+01 -2.641203e+01 -2.615617e+01 -2.590031e+01 -2.564445e+01 -2.538859e+01
  -25.132732 -2.487687e+01 -2.462102e+01 -2.436515e+01 -2.410929e+01 -2.385342e+01 -2.359754e+01 9.813550e-01
    0.018724 1.888193e-02 4.334808e-02 1.059744e-01 1.000000e+00    12.582650 -3.102635e+01 -3.076842e+01 -3.051096e+01 -3.025387e+01 -2.999706e+01 -2.974047e+01 -2.948405e+01
  -29.227755 -2.897157e+01 -2.871545e+01 -2.845940e+01 -2.820340e+01 -2.794743e+01 -2.769149e+01 -2.743557e+01
  -27.179673 -2.692378e+01 -2.666791e+01 -2.641203e+01 -2.615617e+01 -2.590031e+01 -2.564445e+01 -2.538859e+01
  -25.132732 -2.487687e+01 -2.462102e+01 -2.436515e+01 -2.410929e+01 -2.385342e+01 -2.359754e+01 -2.334166e+01
    0.976019 2.411163e-02 2.437401e-02 5.581689e-02 1.367429e-01 1.000000e+00    12.582650 -3.102635e+01 -3.076842e+01 -3.051096e+01 -3.025387e+01 -2.999706e+01 -2.974047e+01 -2.948405e+01
  -29.227755 -2.897157e+01 -2.871545e+01 -2.845940e+01 -2.820340e+01 -2.794743e+01 -2.769149e+01 -2.743557e+01
  -27.179673 -2.692378e+01 -2.666791e+01 -2.641203e+01 -2.615617e+01 -2.590031e+01 -2.564445e+01 -2.538859e+01
  -25.132732 -2.487687e+01 -2.462102e+01 -2.436515e+01 -2.410929e+01 -2.385342e+01 -2.359754e+01 -2.334166e+01
  -23.085763 9.691938e-01 3.102342e-02 3.145857e-02 7.181009e-02 1.763965e-01 1.000000e+00    12.582650 -3.102635e+01 -3.076842e+01 -3.051096e+01 -3.025387e+01 -2.999706e+01 -2.974047e+01 -2.948405e+01
  -29.227755 -2.897157e+01 -2.871545e+01 -2.845940e+01 -2.820340e+01 -2.794743e+01 -2.769149e+01 -2.743557e+01
  -27.179673 -2.692378e+01 -2.666791e+01 -2.641203e+01 -2.615617e+01 -2.590031e+01 -2.564445e+01 -2.538859e+01
  -25.132732 -2.487687e+01 -2.462102e+01 -2.436515e+01 -2.410929e+01 -2.385342e+01 -2.359754e+01 -2.334166e+01
  -23.085763 -2.282985e+01 9.604859e-01 3.987354e-02 4.059405e-02 9.228363e-02 2.274695e-01 1.000000e+00
   12.582650 -3.102635e+01 -3.076842e+01 -3.051096e+01 -3.025387e+01 -2.999706e+01 -2.974047e+01 -2.948405e+01
  -29.227755 -2.897157e+01 -2.871545e+01 -2.845940e+01 -2.820340e+01 -2.794743e+01 -2.769149e+01 -2.743557e+01
  -27.179673 -2.692378e+01 -2.666791e+01 -2.641203e+01 -2.615617e+01 -2.590031e+01 -2.564445e+01 -2.538859e+01
  -25.132732 -2.487687e+01 -2.462102e+01 -2.436515e+01 -2.410929e+01 -2.385342e+01 -2.359754e+01 -2.334166e+01
  -23.085763 -2.282985e+01 -2.257392e+01 9.494156e-01 5.117799e-02 5.236850e-02 1.184272e-01 2.931974e-01
    1.000000    12.582650 -3.102635e+01 -3.076842e+01 -3.051096e+01 -3.025387e+01 -2.999706e+01 -2.974047e+01 -2.948405e+01
  -29.227755 -2.897157e+01 -2.871545e+01 -2.845940e+01 -2.820340e+01 -2.794743e+01 -2.769149e+01 -2.743557e+01
  -27.179673 -2.692378e+01 -2.666791e+01 -2.641203e+01 -2.615617e+01 -2.590031e+01 -2.564445e+01 -2.538859e+01
  -25.132732 -2.487687e+01 -2.462102e+01 -2.436515e+01 -2.410929e+01 -2.385342e+01 -2.359754e+01 -2.334166e+01
  -23.085763 -2.282985e+01 -2.257392e+01 -2.231797e+01 9.354043e-01 6.557301e-02 6.753483e-02 1.517054e-01
    0.377699 1.000000e+00    12.582650 -3.102635e+01 -3.076842e+01 -3.051096e+01 -3.025387e+01 -2.999706e+01 -2.974047e+01 -2.948405e+01
  -29.227755 -2.897157e+01 -2.871545e+01 -2.845940e+01 -2.820340e+01 -2.794743e+01 -2.769149e+01 -2.743557e+01
  -27.179673 -2.692378e+01 -2.666791e+01 -2.641203e+01 -2.615617e+01 -2.590031e+01 -2.564445e+01 -2.538859e+01
  -25.132732 -2.487687e+01 -2.462102e+01 -2.436515e+01 -2.410929e+01 -2.385342e+01 -2.359754e+01 -2.334166e+01
  -23.085763 -2.282985e+01 -2.257392e+01 -2.231797e+01 -2.206199e+01 9.177714e-01 8.383206e-02 8.705393e-02
    0.193895 4.861910e-01 1.000000e+00    12.582650 -3.102635e+01 -3.076842e+01 -3.051096e+01 -3.025387e+01 -2.999706e+01 -2.974047e+01 -2.948405e+01
  -29.227755 -2.897157e+01 -2.871545e+01 -2.845940e+01 -2.820340e+01 -2.794743e+01 -2.769149e+01 -2.743557e+01
  -27.179673 -2.692378e+01 -2.666791e+01 -2.641203e+01 -2.615617e+01 -2.590031e+01 -2.564445e+01 -2.538859e+01
  -25.132732 -2.487687e+01 -2.462102e+01 -2.436515e+01 -2.410929e+01 -2.385342e+01 -2.359754e+01 -2.334166e+01
  -23.085763 -2.282985e+01 -2.257392e+01 -2.231797e+01 -2.206199e+01 -2.180598e+01 8.957389e-01 1.068796e-01
    0.112148 2.471157e-01 6.252510e-01 1.000000e+00    12.582650 -3.102635e+01 -3.076842e+01 -3.051096e+01 -3.025387e+01 -2.999706e+01 -2.974047e+01 -2.948405e+01
  -29.227755 -2.897157e+01 -2.871545e+01 -2.845940e+01 -2.820340e+01 -2.794743e+01 -2.769149e+01 -2.743557e+01
  -27.179673 -2.692378e+01 -2.666791e+01 -2.641203e+01 -2.615617e+01 -2.590031e+01 -2.564445e+01 -2.538859e+01
  -25.132732 -2.487687e+01 -2.462102e+01 -2.436515e+01 -2.410929e+01 -2.385342e+01 -2.359754e+01 -2.334166e+01
  -23.085763 -2.282985e+01 -2.257392e+01 -2.231797e+01 -2.206199e+01 -2.180598e+01 -2.154993e+01 8.684565e-01
    0.135795 1.443646e-01 3.138308e-01 8.031061e-01 1.000000e+00    12.582650 -3.102635e+01 -3.076842e+01 -3.051096e+01 -3.025387e+01 -2.999706e+01 -2.974047e+01 -2.948405e+01
  -29.227755 -2.897157e+01 -2.871545e+01 -2.845940e+01 -2.820340e+01 -2.794743e+01 -2.769149e+01 -2.743557e+01
  -27.179673 -2.692378e+01 -2.666791e+01 -2.641203e+01 -2.615617e+01 -2.590031e+01 -2.564445e+01 -2.538859e+01
  -25.132732 -2.487687e+01 -2.462102e+01 -2.436515e+01 -2.410929e+01 -2.385342e+01 -2.359754e+01 -2.334166e+01
  -23.085763 -2.282985e+01 -2.257392e+01 -2.231797e+01 -2.206199e+01 -2.180598e+01 -2.154993e+01 -2.129382e+01
    0.835052 1.718020e-01 1.856476e-01 3.968188e-01 1.029954e+00 1.000000e+00    12.582650 -3.102635e+01 -3.076842e+01 -3.051096e+01 -3.025387e+01 -2.999706e+01 -2.974047e+01 -2.948405e+01
  -29.227755 -2.897157e+01 -2.871545e+01 -2.845940e+01 -2.820340e+01 -2.794743e+01 -2.769149e+01 -2.743557e+01
  -27.179673 -2.692378e+01 -2.666791e+01 -2.641203e+01 -2.615617e+01 -2.590031e+01 -2.564445e+01 -2.538859e+01
  -25.132732 -2.487687e+01 -2.462102e+01 -2.436515e+01 -2.410929e+01 -2.385342e+01 -2.359754e+01 -2.334166e+01
  -23.085763 -2.282985e+01 -2.257392e+01 -2.231797e+01 -2.206199e+01 -2.180598e+01 -2.154993e+01 -2.129382e+01
  -21.037657 7.947185e-01 2.162333e-01 2.384198e-01 4.990821e-01 1.318281e+00 1.000000e+00    12.582650 -3.102635e+01 -3.076842e+01 -3.051096e+01 -3.025387e+01 -2.999706e+01 -2.974047e+01 -2.948405e+01
  -29.227755 -2.897157e+01 -2.871545e+01 -2.845940e+01 -2.820340e+01 -2.794743e+01 -2.769149e+01 -2.743557e+01
  -27.179673 -2.692378e+01 -2.666791e+01 -2.641203e+01 -2.615617e+01 -2.590031e+01 -2.564445e+01 -2.538859e+01
  -25.132732 -2.487687e+01 -2.462102e+01 -2.436515e+01 -2.410929e+01 -2.385342e+01 -2.359754e+01 -2.334166e+01
  -23.085763 -2.282985e+01 -2.257392e+01 -2.231797e+01 -2.206199e+01 -2.180598e+01 -2.154993e+01 -2.129382e+01
  -21.037657 -2.078143e+01 7.468453e-01 2.704660e-01 3.056638e-01 6.236834e-01 1.683140e+00 1.000000e+00
   12.582650 -3.102635e+01 -3.076842e+01 -3.051096e+01 -3.025387e+01 -2.999706e+01 -2.974047e+01 -2.948405e+01
  -29.227755 -2.897157e+01 -2.871545e+01 -2.845940e+01 -2.820340e+01 -2.794743e+01 -2.769149e+01 -2.743557e+01
  -27.179673 -2.692378e+01 -2.666791e+01 -2.641203e+01 -2.615617e+01 -2.590031e+01 -2.564445e+01 -2.538859e+01
  -25.132732 -2.487687e+01 -2.462102e+01 -2.436515e+01 -2.410929e+01 -2.385342e+01 -2.359754e+01 -2.334166e+01
  -23.085763 -2.282985e+01 -2.257392e+01 -2.231797e+01 -2.206199e+01 -2.180598e+01 -2.154993e+01 -2.129382e+01
  -21.037657 -2.078143e+01 -2.052513e+01 6.911882e-01 3.358215e-01 3.909934e-01 7.734978e-01 2.142308e+00
    1.000000    12.582650 -3.102635e+01 -3.076842e+01 -3.051096e+01 -3.025387e+01 -2.999706e+01 -2.974047e+01 -2.948405e+01
  -29.227755 -2.897157e+01 -2.871545e+01 -2.845940e+01 -2.820340e+01 -2.794743e+01 -2.769149e+01 -2.743557e+01
  -27.179673 -2.692378e+01 -2.666791e+01 -2.641203e+01 -2.615617e+01 -2.590031e+01 -2.564445e+01 -2.538859e+01
  -25.132732 -2.487687e+01 -2.462102e+01 -2.436515e+01 -2.410929e+01 -2.385342e+01 -2.359754e+01 -2.334166e+01
  -23.085763 -2.282985e+01 -2.257392e+01 -2.231797e+01 -2.206199e+01 -2.180598e+01 -2.154993e+01 -2.129382e+01
  -21.037657 -2.078143e+01 -2.052513e+01 -2.026875e+01 6.280613e-01 4.134347e-01 4.986972e-01 9.508915e-01
    2.716231 1.000000e+00    12.582650 -3.102635e+01 -3.076842e+01 -3.051096e+01 -3.025387e+01 -2.999706e+01 -2.974047e+01 -2.948405e+01
  -29.227755 -2.897157e+01 -2.871545e+01 -2.845940e+01 -2.820340e+01 -2.794743e+01 -2.769149e+01 -2.743557e+01
  -27.179673 -2.692378e+01 -2.666791e+01 -2.641203e+01 -2.615617e+01 -2.590031e+01 -2.564445e+01 -2.538859e+01
  -25.132732 -2.487687e+01 -2.462102e+01 -2.436515e+01 -2.410929e+01 -2.385342e+01 -2.359754e+01 -2.334166e+01
  -23.085763 -2.282985e+01 -2.257392e+01 -2.231797e+01 -2.206199e+01 -2.180598e+01 -2.154993e+01 -2.129382e+01
  -21.037657 -2.078143e+01 -2.052513e+01 -2.026875e+01 -2.001230e+01 5.585084e-01 5.041092e-01 6.337283e-01
    1.157366 3.427617e+00 1.000000e+00    12.582650 -3.102635e+01 -3.076842e+01 -3.051096e+01 -3.025387e+01 -2.999706e+01 -2.974047e+01 -2.948405e+01
  -29.227755 -2.897157e+01 -2.871545e+01 -2.845940e+01 -2.820340e+01 -2.794743e+01 -2.769149e+01 -2.743557e+01
  -27.179673 -2.692378e+01 -2.666791e+01 -2.641203e+01 -2.615617e+01 -2.590031e+01 -2.564445e+01 -2.538859e+01
  -25.132732 -2.487687e+01 -2.462102e+01 -2.436515e+01 -2.410929e+01 -2.385342e+01 -2.359754e+01 -2.334166e+01
  -23.085763 -2.282985e+01 -2.257392e+01 -2.231797e+01 -2.206199e+01 -2.180598e+01 -2.154993e+01 -2.129382e+01
  -21.037657 -2.078143e+01 -2.052513e+01 -2.026875e+01 -2.001230e+01 -1.975578e+01 4.843915e-01 6.081863e-01
    0.801613 1.393236e+00 4.300557e+00 1.000000e+00    12.582650 -3.102635e+01 -3.076842e+01 -3.051096e+01 -3.025387e+01 -2.999706e+01 -2.974047e+01 -2.948405e+01
  -29.227755 -2.897157e+01 -2.871545e+01 -2.845940e+01 -2.820340e+01 -2.794743e+01 -2.769149e+01 -2.743557e+01
  -27.179673 -2.692378e+01 -2.666791e+01 -2.641203e+01 -2.615617e+01 -2.590031e+01 -2.564445e+01 -2.538859e+01
  -25.132732 -2.487687e+01 -2.462102e+01 -2.436515e+01 -2.410929e+01 -2.385342e+01 -2.359754e+01 -2.334166e+01
  -23.085763 -2.282985e+01 -2.257392e+01 -2.231797e+01 -2.206199e+01 -2.180598e+01 -2.154993e+01 -2.129382e+01
  -21.037657 -2.078143e+01 -2.052513e+01 -2.026875e+01 -2.001230e+01 -1.975578e+01 -1.949921e+01 4.083314e-01
    0.725463 1.008256e+00 1.657430e+00 5.359069e+00 1.000000e+00    12.582650 -3.102635e+01 -3.076842e+01 -3.051096e+01 -3.025387e+01 -2.999706e+01 -2.974047e+01 -2.948405e+01
  -29.227755 -2.897157e+01 -2.871545e+01 -2.845940e+01 -2.820340e+01 -2.794743e+01 -2.769149e+01 -2.743557e+01
  -27.179673 -2.692378e+01 -2.666791e+01 -2.641203e+01 -2.615617e+01 -2.590031e+01 -2.564445e+01 -2.538859e+01
  -25.132732 -2.487687e+01 -2.462102e+01 -2.436515e+01 -2.410929e+01 -2.385342e+01 -2.359754e+01 -2.334166e+01
  -23.085763 -2.282985e+01 -2.257392e+01 -2.231797e+01 -2.206199e+01 -2.180598e+01 -2.154993e+01 -2.129382e+01
  -21.037657 -2.078143e+01 -2.052513e+01 -2.026875e+01 -2.001230e+01 -1.975578e+01 -1.949921e+01 -1.924259e+01
    0.333461 8.551878e-01 1.259633e+00 1.947472e+00 6.625100e+00 1.000000e+00    12.582650 -3.102635e+01 -3.076842e+01 -3.051096e+01 -3.025387e+01 -2.999706e+01 -2.974047e+01 -2.948405e+01
  -29.227755 -2.897157e+01 -2.871545e+01 -2.845940e+01 -2.820340e+01 -2.794743e+01 -2.769149e+01 -2.743557e+01
  -27.179673 -2.692378e+01 -2.666791e+01 -2.641203e+01 -2.615617e+01 -2.590031e+01 -2.564445e+01 -2.538859e+01
  -25.132732 -2.487687e+01 -2.462102e+01 -2.436515e+01 -2.410929e+01 -2.385342e+01 -2.359754e+01 -2.334166e+01
  -23.085763 -2.282985e+01 -2.257392e+01 -2.231797e+01 -2.206199e+01 -2.180598e+01 -2.154993e+01 -2.129382e+01
  -21.037657 -2.078143e+01 -2.052513e+01 -2.026875e+01 -2.001230e+01 -1.975578e+01 -1.949921e+01 -1.924259e+01
  -18.985958 2.630103e-01 9.961348e-01 1.561413e+00 2.259671e+00 8.116204e+00 1.000000e+00    12.582650 -3.102635e+01 -3.076842e+01 -3.051096e+01 -3.025387e+01 -2.999706e+01 -2.974047e+01 -2.948405e+01
  -29.227755 -2.897157e+01 -2.871545e+01 -2.845940e+01 -2.820340e+01 -2.794743e+01 -2.769149e+01 -2.743557e+01
  -27.179673 -2.692378e+01 -2.666791e+01 -2.641203e+01 -2.615617e+01 -2.590031e+01 -2.564445e+01 -2.538859e+01
  -25.132732 -2.487687e+01 -2.462102e+01 -2.436515e+01 -2.410929e+01 -2.385342e+01 -2.359754e+01 -2.334166e+01
  -23.085763 -2.282985e+01 -2.257392e+01 -2.231797e+01 -2.206199e+01 -2.180598e+01 -2.154993e+01 -2.129382e+01
  -21.037657 -2.078143e+01 -2.052513e+01 -2.026875e+01 -2.001230e+01 -1.975578e+01 -1.949921e+01 -1.924259e+01
  -18.985958 -1.872933e+01 1.998198e-01 1.146749e+00 1.918559e+00 2.589469e+00 9.843317e+00 1.000000e+00
   12.582650 -3.102635e+01 -3.076842e+01 -3.051096e+01 -3.025387e+01 -2.999706e+01 -2.974047e+01 -2.948405e+01
  -29.227755 -2.897157e+01 -2.871545e+01 -2.845940e+01 -2.820340e+01 -2.794743e+01 -2.769149e+01 -2.743557e+01
  -27.179673 -2.692378e+01 -2.666791e+01 -2.641203e+01 -2.615617e+01 -2.590031e+01 -2.564445e+01 -2.538859e+01
  -25.132732 -2.487687e+01 -2.462102e+01 -2.436515e+01 -2.410929e+01 -2.385342e+01 -2.359754e+01 -2.334166e+01
  -23.085763 -2.282985e+01 -2.257392e+01 -2.231797e+01 -2.206199e+01 -2.180598e+01 -2.154993e+01 -2.129382e+01
  -21.037657 -2.078143e+01 -2.052513e+01 -2.026875e+01 -2.001230e+01 -1.975578e+01 -1.949921e+01 -1.924259e+01
  -18.985958 -1.872933e+01 -1.847272e+01 1.459050e-01 1.305311e+00 2.335021e+00 2.931869e+00 1.180920e+01
    1.000000    12.582650 -3.102635e+01 -3.076842e+01 -3.051096e+01 -3.025387e+01 -2.999706e+01 -2.974047e+01 -2.948405e+01
  -29.227755 -2.897157e+01 -2.871545e+01 -2.845940e+01 -2.820340e+01 -2.794743e+01 -2.769149e+01 -2.743557e+01
  -27.179673 -2.692378e+01 -2.666791e+01 -2.641203e+01 -2.615617e+01 -2.590031e+01 -2.564445e+01 -2.538859e+01
  -25.132732 -2.487687e+01 -2.462102e+01 -2.436515e+01 -2.410929e+01 -2.385342e+01 -2.359754e+01 -2.334166e+01
  -23.085763 -2.282985e+01 -2.257392e+01 -2.231797e+01 -2.206199e+01 -2.180598e+01 -2.154993e+01 -2.129382e+01
  -21.037657 -2.078143e+01 -2.052513e+01 -2.026875e+01 -2.001230e+01 -1.975578e+01 -1.949921e+01 -1.924259e+01
  -18.985958 -1.872933e+01 -1.847272e+01 -1.821614e+01 1.022096e-01 1.470103e+00 2.813552e+00 3.281853e+00
   14.007972 1.000000e+00    12.582650 -3.102635e+01 -3.076842e+01 -3.051096e+01 -3.025387e+01 -2.999706e+01 -2.974047e+01 -2.948405e+01
  -29.227755 -2.897157e+01 -2.871545e+01 -2.845940e+01 -2.820340e+01 -2.794743e+01 -2.769149e+01 -2.743557e+01
  -27.179673 -2.692378e+01 -2.666791e+01 -2.641203e+01 -2.615617e+01 -2.590031e+01 -2.564445e+01 -2.538859e+01
  -25.132732 -2.487687e+01 -2.462102e+01 -2.436515e+01 -2.410929e+01 -2.385342e+01 -2.359754e+01 -2.334166e+01
  -23.085763 -2.282985e+01 -2.257392e+01 -2.231797e+01 -2.206199e+01 -2.180598e+01 -2.154993e+01 -2.129382e+01
  -21.037657 -2.078143e+01 -2.052513e+01 -2.026875e+01 -2.001230e+01 -1.975578e+01 -1.949921e+01 -1.924259e+01
  -18.985958 -1.872933e+01 -1.847272e+01 -1.821614e+01 -1.795962e+01 6.859831e-02 1.639523e+00 3.355678e+00
    3.634729 1.642587e+01 1.000000e+00    12.582650 -3.102635e+01 -3.076842e+01 -3.051096e+01 -3.025387e+01 -2.999706e+01 -2.974047e+01 -2.948405e+01
  -29.227755 -2.897157e+01 -2.871545e+01 -2.845940e+01 -2.820340e+01 -2.794743e+01 -2.769149e+01 -2.743557e+01
  -27.179673 -2.692378e+01 -2.666791e+01 -2.641203e+01 -2.615617e+01 -2.590031e+01 -2.564445e+01 -2.538859e+01
  -25.132732 -2.487687e+01 -2.462102e+01 -2.436515e+01 -2.410929e+01 -2.385342e+01 -2.359754e+01 -2.334166e+01
  -23.085763 -2.282985e+01 -2.257392e+01 -2.231797e+01 -2.206199e+01 -2.180598e+01 -2.154993e+01 -2.129382e+01
  -21.037657 -2.078143e+01 -2.052513e+01 -2.026875e+01 -2.001230e+01 -1.975578e+01 -1.949921e+01 -1.924259e+01
  -18.985958 -1.872933e+01 -1.847272e+01 -1.821614e+01 -1.795962e+01 -1.770316e+01 4.406715e-02 1.812151e+00
    3.961681 3.986363e+00 1.904263e+01 1.000000e+00    12.582650 -3.102635e+01 -3.076842e+01 -3.051096e+01 -3.025387e+01 -2.999706e+01 -2.974047e+01 -2.948405e+01
  -29.227755 -2.897157e+01 -2.871545e+01 -2.845940e+01 -2.820340e+01 -2.794743e+01 -2.769149e+01 -2.743557e+01
  -27.179673 -2.692378e+01 -2.666791e+01 -2.641203e+01 -2.615617e+01 -2.590031e+01 -2.564445e+01 -2.538859e+01
  -25.132732 -2.487687e+01 -2.462102e+01 -2.436515e+01 -2.410929e+01 -2.385342e+01 -2.359754e+01 -2.334166e+01
  -23.085763 -2.282985e+01 -2.257392e+01 -2.231797e+01 -2.206199e+01 -2.180598e+01 -2.154993e+01 -2.129382e+01
  -21.037657 -2.078143e+01 -2.052513e+01 -2.026875e+01 -2.001230e+01 -1.975578e+01 -1.949921e+01 -1.924259e+01
  -18.985958 -1.872933e+01 -1.847272e+01 -1.821614e+01 -1.795962e+01 -1.770316e+01 -1.744677e+01 2.707833e-02
    1.986740 4.630478e+00 4.333266e+00 2.183279e+01 1.000000e+00    12.582650 -3.102635e+01 -3.076842e+01 -3.051096e+01 -3.025387e+01 -2.999706e+01 -2.974047e+01 -2.948405e+01
  -29.227755 -2.897157e+01 -2.871545e+01 -2.845940e+01 -2.820340e+01 -2.794743e+01 -2.769149e+01 -2.743557e+01
  -27.179673 -2.692378e+01 -2.666791e+01 -2.641203e+01 -2.615617e+01 -2.590031e+01 -2.564445e+01 -2.538859e+01
  -25.132732 -2.487687e+01 -2.462102e+01 -2.436515e+01 -2.410929e+01 -2.385342e+01 -2.359754e+01 -2.334166e+01
  -23.085763 -2.282985e+01 -2.257392e+01 -2.231797e+01 -2.206199e+01 -2.180598e+01 -2.154993e+01 -2.129382e+01
  -21.037657 -2.078143e+01 -2.052513e+01 -2.026875e+01 -2.001230e+01 -1.975578e+01 -1.949921e+01 -1.924259e+01
  -18.985958 -1.872933e+01 -1.847272e+01 -1.821614e+01 -1.795962e+01 -1.770316e+01 -1.744677e+01 -1.719043e+01
    0.015911 2.162138e+00 5.359257e+00 4.672522e+00 2.476607e+01 1.000000e+00    12.582650 -3.102635e+01 -3.076842e+01 -3.051096e+01 -3.025387e+01 -2.999706e+01 -2.974047e+01 -2.948405e+01
  -29.227755 -2.897157e+01 -2.871545e+01 -2.845940e+01 -2.820340e+01 -2.794743e+01 -2.769149e+01 -2.743557e+01
  -27.179673 -2.692378e+01 -2.666791e+01 -2.641203e+01 -2.615617e+01 -2.590031e+01 -2.564445e+01 -2.538859e+01
  -25.132732 -2.487687e+01 -2.462102e+01 -2.436515e+01 -2.410929e+01 -2.385342e+01 -2.359754e+01 -2.334166e+01
  -23.085763 -2.282985e+01 -2.257392e+01 -2.231797e+01 -2.206199e+01 -2.180598e+01 -2.154993e+01 -2.129382e+01
  -21.037657 -2.078143e+01 -2.052513e+01 -2.026875e+01 -2.001230e+01 -1.975578e+01 -1.949921e+01 -1.924259e+01
  -18.985958 -1.872933e+01 -1.847272e+01 -1.821614e+01 -1.795962e+01 -1.770316e+01 -1.744677e+01 -1.719043e+01
  -16.934165 8.939305e-03 2.337157e+00 6.142905e+00 5.001596e+00 2.780695e+01 1.000000e+00    12.582650 -3.102635e+01 -3.076842e+01 -3.051096e+01 -3.025387e+01 -2.999706e+01 -2.974047e+01 -2.948405e+01
  -29.227755 -2.897157e+01 -2.871545e+01 -2.845940e+01 -2.820340e+01 -2.794743e+01 -2.769149e+01 -2.743557e+01
  -27.179673 -2.692378e+01 -2.666791e+01 -2.641203e+01 -2.615617e+01 -2.590031e+01 -2.564445e+01 -2.538859e+01
  -25.132732 -2.487687e+01 -2.462102e+01 -2.436515e+01 -2.410929e+01 -2.385342e+01 -2.359754e+01 -2.334166e+01
  -23.085763 -2.282985e+01 -2.257392e+01 -2.231797e+01 -2.206199e+01 -2.180598e+01 -2.154993e+01 -2.129382e+01
  -21.037657 -2.078143e+01 -2.052513e+01 -2.026875e+01 -2.001230e+01 -1.975578e+01 -1.949921e+01 -1.924259e+01
  -18.985958 -1.872933e+01 -1.847272e+01 -1.821614e+01 -1.795962e+01 -1.770316e+01 -1.744677e+01 -1.719043e+01
  -16.934165 -1.667795e+01 4.803766e-03 2.510446e+00 6.973408e+00 5.318107e+00 3.091369e+01 1.000000e+00
   12.582650 -3.102635e+01 -3.076842e+01 -3.051096e+01 -3.025387e+01 -2.999706e+01 -2.974047e+01 -2.948405e+01
  -29.227755 -2.897157e+01 -2.871545e+01 -2.845940e+01 -2.820340e+01 -2.794743e+01 -2.769149e+01 -2.743557e+01
  -27.179673 -2.692378e+01 -2.666791e+01 -2.641203e+01 -2.615617e+01 -2.590031e+01 -2.564445e+01 -2.538859e+01
  -25.132732 -2.487687e+01 -2.462102e+01 -2.436515e+01 -2.410929e+01 -2.385342e+01 -2.359754e+01 -2.334166e+01
  -23.085763 -2.282985e+01 -2.257392e+01 -2.231797e+01 -2.206199e+01 -2.180598e+01 -2.154993e+01 -2.129382e+01
  -21.037657 -2.078143e+01 -2.052513e+01 -2.026875e+01 -2.001230e+01 -1.975578e+01 -1.949921e+01 -1.924259e+01
  -18.985958 -1.872933e+01 -1.847272e+01 -1.821614e+01 -1.795962e+01 -1.770316e+01 -1.744677e+01 -1.719043e+01
  -16.934165 -1.667795e+01 -1.642180e+01 2.470622e-03 2.680418e+00 7.839471e+00 5.619660e+00 3.403810e+01
    1.000000    12.582650 -3.102635e+01 -3.076842e+01 -3.051096e+01 -3.025387e+01 -2.999706e+01 -2.974047e+01 -2.948405e+01
  -29.227755 -2.897157e+01 -2.871545e+01 -2.845940e+01 -2.820340e+01 -2.794743e+01 -2.769149e+01 -2.743557e+01
  -27.179673 -2.692378e+01 -2.666791e+01 -2.641203e+01 -2.615617e+01 -2.590031e+01 -2.564445e+01 -2.538859e+01
  -25.132732 -2.487687e+01 -2.462102e+01 -2.436515e+01 -2.410929e+01 -2.385342e+01 -2.359754e+01 -2.334166e+01
  -23.085763 -2.282985e+01 -2.257392e+01 -2.231797e+01 -2.206199e+01 -2.180598e+01 -2.154993e+01 -2.129382e+01
  -21.037657 -2.078143e+01 -2.052513e+01 -2.026875e+01 -2.001230e+01 -1.975578e+01 -1.949921e+01 -1.924259e+01
  -18.985958 -1.872933e+01 -1.847272e+01 -1.821614e+01 -1.795962e+01 -1.770316e+01 -1.744677e+01 -1.719043e+01
  -16.934165 -1.667795e+01 -1.642180e+01 -1.616568e+01 1.217437e-03 2.845259e+00 8.726655e+00 5.903809e+00
   37.126550 1.000000e+00    12.582650 -3.102635e+01 -3.076842e+01 -3.051096e+01 -3.025387e+01 -2.999706e+01 -2.974047e+01 -2.948405e+01
  -29.227755 -2.897157e+01 -2.871545e+01 -2.845940e+01 -2.820340e+01 -2.794743e+01 -2.769149e+01 -2.743557e+01
  -27.179673 -2.692378e+01 -2.666791e+01 -2.641203e+01 -2.615617e+01 -2.590031e+01 -2.564445e+01 -2.538859e+01
  -25.132732 -2.487687e+01 -2.462102e+01 -2.436515e+01 -2.410929e+01 -2.385342e+01 -2.359754e+01 -2.334166e+01
  -23.085763 -2.282985e+01 -2.257392e+01 -2.231797e+01 -2.206199e+01 -2.180598e+01 -2.154993e+01 -2.129382e+01
  -21.037657 -2.078143e+01 -2.052513e+01 -2.026875e+01 -2.001230e+01 -1.975578e+01 -1.949921e+01 -1.924259e+01
  -18.985958 -1.872933e+01 -1.847272e+01 -1.821614e+01 -1.795962e+01 -1.770316e+01 -1.744677e+01 -1.719043e+01
  -16.934165 -1.667795e+01 -1.642180e+01 -1.616568e+01 -1.590962e+01 5.756784e-04 3.003037e+00 9.618160e+00
    6.168158 4.012272e+01 1.000000e+00    12.582650 -3.102635e+01 -3.076842e+01 -3.051096e+01 -3.025387e+01 -2.999706e+01 -2.974047e+01 -2.948405e+01
  -29.227755 -2.897157e+01 -2.871545e+01 -2.845940e+01 -2.820340e+01 -2.794743e+01 -2.769149e+01 -2.743557e+01
  -27.179673 -2.692378e+01 -2.666791e+01 -2.641203e+01 -2.615617e+01 -2.590031e+01 -2.564445e+01 -2.538859e+01
  -25.132732 -2.487687e+01 -2.462102e+01 -2.436515e+01 -2.410929e+01 -2.385342e+01 -2.359754e+01 -2.334166e+01
  -23.085763 -2.282985e+01 -2.257392e+01 -2.231797e+01 -2.206199e+01 -2.180598e+01 -2.154993e+01 -2.129382e+01
  -21.037657 -2.078143e+01 -2.052513e+01 -2.026875e+01 -2.001230e+01 -1.975578e+01 -1.949921e+01 -1.924259e+01
  -18.985958 -1.872933e+01 -1.847272e+01 -1.821614e+01 -1.795962e+01 -1.770316e+01 -1.744677e+01 -1.719043e+01
  -16.934165 -1.667795e+01 -1.642180e+01 -1.616568e+01 -1.590962e+01 -1.565358e+01 2.617555e-04 3.151895e+00
   10.496291 6.410571e+00 4.297161e+01 1.000000e+00    12.582650 -3.102635e+01 -3.076842e+01 -3.051096e+01 -3.025387e+01 -2.999706e+01 -2.974047e+01 -2.948405e+01
  -29.227755 -2.897157e+01 -2.871545e+01 -2.845940e+01 -2.820340e+01 -2.794743e+01 -2.769149e+01 -2.743557e+01
  -27.179673 -2.692378e+01 -2.666791e+01 -2.641203e+01 -2.615617e+01 -2.590031e+01 -2.564445e+01 -2.538859e+01
  -25.132732 -2.487687e+01 -2.462102e+01 -2.436515e+01 -2.410929e+01 -2.385342e+01 -2.359754e+01 -2.334166e+01
  -23.085763 -2.282985e+01 -2.257392e+01 -2.231797e+01 -2.206199e+01 -2.180598e+01 -2.154993e+01 -2.129382e+01
  -21.037657 -2.078143e+01 -2.052513e+01 -2.026875e+01 -2.001230e+01 -1.975578e+01 -1.949921e+01 -1.924259e+01
  -18.985958 -1.872933e+01 -1.847272e+01 -1.821614e+01 -1.795962e+01 -1.770316e+01 -1.744677e+01 -1.719043e+01
  -16.934165 -1.667795e+01 -1.642180e+01 -1.616568e+01 -1.590962e+01 -1.565358e+01 -1.539758e+01 1.147294e-04
    3.290272 1.134441e+01 6.629411e+00 4.562432e+01 1.000000e+00    12.582650 -3.102635e+01 -3.076842e+01 -3.051096e+01 -3.025387e+01 -2.999706e+01 -2.974047e+01 -2.948405e+01
  -29.227755 -2.897157e+01 -2.871545e+01 -2.845940e+01 -2.820340e+01 -2.794743e+01 -2.769149e+01 -2.743557e+01
  -27.179673 -2.692378e+01 -2.666791e+01 -2.641203e+01 -2.615617e+01 -2.590031e+01 -2.564445e+01 -2.538859e+01
  -25.132732 -2.487687e+01 -2.462102e+01 -2.436515e+01 -2.410929e+01 -2.385342e+01 -2.359754e+01 -2.334166e+01
  -23.085763 -2.282985e+01 -2.257392e+01 -2.231797e+01 -2.206199e+01 -2.180598e+01 -2.154993e+01 -2.129382e+01
  -21.037657 -2.078143e+01 -2.052513e+01 -2.026875e+01 -2.001230e+01 -1.975578e+01 -1.949921e+01 -1.924259e+01
  -18.985958 -1.872933e+01 -1.847272e+01 -1.821614e+01 -1.795962e+01 -1.770316e+01 -1.744677e+01 -1.719043e+01
  -16.934165 -1.667795e+01 -1.642180e+01 -1.616568e+01 -1.590962e+01 -1.565358e+01 -1.539758e+01 -1.514161e+01
    0.000049 3.417117e+00 1.214900e+01 6.823753e+00 4.804248e+01 1.000000e+00    12.582650 -3.102635e+01 -3.076842e+01 -3.051096e+01 -3.025387e+01 -2.999706e+01 -2.974047e+01 -2.948405e+01
  -29.227755 -2.897157e+01 -2.871545e+01 -2.845940e+01 -2.820340e+01 -2.794743e+01 -2.769149e+01 -2.743557e+01
  -27.179673 -2.692378e+01 -2.666791e+01 -2.641203e+01 -2.615617e+01 -2.590031e+01 -2.564445e+01 -2.538859e+01
  -25.132732 -2.487687e+01 -2.462102e+01 -2.436515e+01 -2.410929e+01 -2.385342e+01 -2.359754e+01 -2.334166e+01
  -23.085763 -2.282985e+01 -2.257392e+01 -2.231797e+01 -2.206199e+01 -2.180598e+01 -2.154993e+01 -2.129382e+01
  -21.037657 -2.078143e+01 -2.052513e+01 -2.026875e+01 -2.001230e+01 -1.975578e+01 -1.949921e+01 -1.924259e+01
  -18.985958 -1.872933e+01 -1.847272e+01 -1.821614e+01 -1.795962e+01 -1.770316e+01 -1.744677e+01 -1.719043e+01
  -16.934165 -1.667795e+01 -1.642180e+01 -1.616568e+01 -1.590962e+01 -1.565358e+01 -1.539758e+01 -1.514161e+01
  -14.885662 1.997135e-05 3.532057e+00 1.290151e+01 6.993517e+00 5.020140e+01 1.000000e+00    12.582650 -3.102635e+01 -3.076842e+01 -3.051096e+01 -3.025387e+01 -2.999706e+01 -2.974047e+01 -2.948405e+01
  -29.227755 -2.897157e+01 -2.871545e+01 -2.845940e+01 -2.820340e+01 -2.794743e+01 -2.769149e+01 -2.743557e+01
  -27.179673 -2.692378e+01 -2.666791e+01 -2.641203e+01 -2.615617e+01 -2.590031e+01 -2.564445e+01 -2.538859e+01
  -25.132732 -2.487687e+01 -2.462102e+01 -2.436515e+01 -2.410929e+01 -2.385342e+01 -2.359754e+01 -2.334166e+01
  -23.085763 -2.282985e+01 -2.257392e+01 -2.231797e+01 -2.206199e+01 -2.180598e+01 -2.154993e+01 -2.129382e+01
  -21.037657 -2.078143e+01 -2.052513e+01 -2.026875e+01 -2.001230e+01 -1.975578e+01 -1.949921e+01 -1.924259e+01
  -18.985958 -1.872933e+01 -1.847272e+01 -1.821614e+01 -1.795962e+01 -1.770316e+01 -1.744677e+01 -1.719043e+01
  -16.934165 -1.667795e+01 -1.642180e+01 -1.616568e+01 -1.590962e+01 -1.565358e+01 -1.539758e+01 -1.514161e+01
  -14.885662 -1.462973e+01 7.979468e-06 3.635466e+00 1.359936e+01 7.139475e+00 5.209131e+01 1.000000e+00
   12.582650 -3.102635e+01 -3.076842e+01 -3.051096e+01 -3.025387e+01 -2.999706e+01 -2.974047e+01 -2.948405e+01
  -29.227755 -2.897157e+01 -2.871545e+01 -2.845940e+01 -2.820340e+01 -2.794743e+01 -2.769149e+01 -2.743557e+01
  -27.179673 -2.692378e+01 -2.666791e+01 -2.641203e+01 -2.615617e+01 -2.590031e+01 -2.564445e+01 -2.538859e+01
  -25.132732 -2.487687e+01 -2.462102e+01 -2.436515e+01 -2.410929e+01 -2.385342e+01 -2.359754e+01 -2.334166e+01
  -23.085763 -2.282985e+01 -2.257392e+01 -2.231797e+01 -2.206199e+01 -2.180598e+01 -2.154993e+01 -2.129382e+01
  -21.037657 -2.078143e+01 -2.052513e+01 -2.026875e+01 -2.001230e+01 -1.975578e+01 -1.949921e+01 -1.924259e+01
  -18.985958 -1.872933e+01 -1.847272e+01 -1.821614e+01 -1.795962e+01 -1.770316e+01 -1.744677e+01 -1.719043e+01
  -16.934165 -1.667795e+01 -1.642180e+01 -1.616568e+01 -1.590962e+01 -1.565358e+01 -1.539758e+01 -1.514161e+01
  -14.885662 -1.462973e+01 -1.437382e+01 3.109326e-06 3.728448e+00 1.424638e+01 7.263149e+00 5.371654e+01
    1.000000    12.582650 -3.102635e+01 -3.076842e+01 -3.051096e+01 -3.025387e+01 -2.999706e+01 -2.974047e+01 -2.948405e+01
  -29.227755 -2.897157e+01 -2.871545e+01 -2.845940e+01 -2.820340e+01 -2.794743e+01 -2.769149e+01 -2.743557e+01
  -27.179673 -2.692378e+01 -2.666791e+01 -2.641203e+01 -2.615617e+01 -2.590031e+01 -2.564445e+01 -2.538859e+01
  -25.132732 -2.487687e+01 -2.462102e+01 -2.436515e+01 -2.410929e+01 -2.385342e+01 -2.359754e+01 -2.334166e+01
  -23.085763 -2.282985e+01 -2.257392e+01 -2.231797e+01 -2.206199e+01 -2.180598e+01 -2.154993e+01 -2.129382e+01
  -21.037657 -2.078143e+01 -2.052513e+01 -2.026875e+01 -2.001230e+01 -1.975578e+01 -1.949921e+01 -1.924259e+01
  -18.985958 -1.872933e+01 -1.847272e+01 -1.821614e+01 -1.795962e+01 -1.770316e+01 -1.744677e+01 -1.719043e+01
  -16.934165 -1.667795e+01 -1.642180e+01 -1.616568e+01 -1.590962e+01 -1.565358e+01 -1.539758e+01 -1.514161e+01
  -14.885662 -1.462973e+01 -1.437382e+01 -1.411792e+01 1.184536e-06 3.812748e+00 1.485233e+01 7.366631e+00
   55.092934 1.000000e+00    12.582650 -3.102635e+01 -3.076842e+01 -3.051096e+01 -3.025387e+01 -2.999706e+01 -2.974047e+01 -2.948405e+01
  -29.227755 -2.897157e+01 -2.871545e+01 -2.845940e+01 -2.820340e+01 -2.794743e+01 -2.769149e+01 -2.743557e+01
  -27.179673 -2.692378e+01 -2.666791e+01 -2.641203e+01 -2.615617e+01 -2.590031e+01 -2.564445e+01 -2.538859e+01
  -25.132732 -2.487687e+01 -2.462102e+01 -2.436515e+01 -2.410929e+01 -2.385342e+01 -2.359754e+01 -2.334166e+01
  -23.085763 -2.282985e+01 -2.257392e+01 -2.231797e+01 -2.206199e+01 -2.180598e+01 -2.154993e+01 -2.129382e+01
  -21.037657 -2.078143e+01 -2.052513e+01 -2.026875e+01 -2.001230e+01 -1.975578e+01 -1.949921e+01 -1.924259e+01
  -18.985958 -1.872933e+01 -1.847272e+01 -1.821614e+01 -1.795962e+01 -1.770316e+01 -1.744677e+01 -1.719043e+01
  -16.934165 -1.667795e+01 -1.642180e+01 -1.616568e+01 -1.590962e+01 -1.565358e+01 -1.539758e+01 -1.514161e+01
  -14.885662 -1.462973e+01 -1.437382e+01 -1.411792e+01 -1.386203e+01 4.420384e-07 3.890626e+00 1.543210e+01
    7.452354 5.624450e+01 1.000000e+00    12.582650 -3.102635e+01 -3.076842e+01 -3.051096e+01 -3.025387e+01 -2.999706e+01 -2.974047e+01 -2.948405e+01
  -29.227755 -2.897157e+01 -2.871545e+01 -2.845940e+01 -2.820340e+01 -2.794743e+01 -2.769149e+01 -2.743557e+01
  -27.179673 -2.692378e+01 -2.666791e+01 -2.641203e+01 -2.615617e+01 -2.590031e+01 -2.564445e+01 -2.538859e+01
  -25.132732 -2.487687e+01 -2.462102e+01 -2.436515e+01 -2.410929e+01 -2.385342e+01 -2.359754e+01 -2.334166e+01
  -23.085763 -2.282985e+01 -2.257392e+01 -2.231797e+01 -2.206199e+01 -2.180598e+01 -2.154993e+01 -2.129382e+01
  -21.037657 -2.078143e+01 -2.052513e+01 -2.026875e+01 -2.001230e+01 -1.975578e+01 -1.949921e+01 -1.924259e+01
  -18.985958 -1.872933e+01 -1.847272e+01 -1.821614e+01 -1.795962e+01 -1.770316e+01 -1.744677e+01 -1.719043e+01
  -16.934165 -1.667795e+01 -1.642180e+01 -1.616568e+01 -1.590962e+01 -1.565358e+01 -1.539758e+01 -1.514161e+01
  -14.885662 -1.462973e+01 -1.437382e+01 -1.411792e+01 -1.386203e+01 -1.360615e+01 1.617966e-07 3.964715e+00
   16.004816 7.522884e+00 5.719987e+01 1.000000e+00    12.582650 -3.102635e+01 -3.076842e+01 -3.051096e+01 -3.025387e+01 -2.999706e+01 -2.974047e+01 -2.948405e+01
  -29.227755 -2.897157e+01 -2.871545e+01 -2.845940e+01 -2.820340e+01 -2.794743e+01 -2.769149e+01 -2.743557e+01
  -27.179673 -2.692378e+01 -2.666791e+01 -2.641203e+01 -2.615617e+01 -2.590031e+01 -2.564445e+01 -2.538859e+01
  -25.132732 -2.487687e+01 -2.462102e+01 -2.436515e+01 -2.410929e+01 -2.385342e+01 -2.359754e+01 -2.334166e+01
  -23.085763 -2.282985e+01 -2.257392e+01 -2.231797e+01 -2.206199e+01 -2.180598e+01 -2.154993e+01 -2.129382e+01
  -21.037657 -2.078143e+01 -2.052513e+01 -2.026875e+01 -2.001230e+01 -1.975578e+01 -1.949921e+01 -1.924259e+01
  -18.985958 -1.872933e+01 -1.847272e+01 -1.821614e+01 -1.795962e+01 -1.770316e+01 -1.744677e+01 -1.719043e+01
  -16.934165 -1.667795e+01 -1.642180e+01 -1.616568e+01 -1.590962e+01 -1.565358e+01 -1.539758e+01 -1.514161e+01
  -14.885662 -1.462973e+01 -1.437382e+01 -1.411792e+01 -1.386203e+01 -1.360615e+01 -1.335028e+01 5.812140e-08
    4.037905 1.659291e+01 7.580748e+00 5.798929e+01 1.000000e+00    12.582650 -3.102635e+01 -3.076842e+01 -3.051096e+01 -3.025387e+01 -2.999706e+01 -2.974047e+01 -2.948405e+01
  -29.227755 -2.897157e+01 -2.871545e+01 -2.845940e+01 -2.820340e+01 -2.794743e+01 -2.769149e+01 -2.743557e+01
  -27.179673 -2.692378e+01 -2.666791e+01 -2.641203e+01 -2.615617e+01 -2.590031e+01 -2.564445e+01 -2.538859e+01
  -25.132732 -2.487687e+01 -2.462102e+01 -2.436515e+01 -2.410929e+01 -2.385342e+01 -2.359754e+01 -2.334166e+01
  -23.085763 -2.282985e+01 -2.257392e+01 -2.231797e+01 -2.206199e+01 -2.180598e+01 -2.154993e+01 -2.129382e+01
  -21.037657 -2.078143e+01 -2.052513e+01 -2.026875e+01 -2.001230e+01 -1.975578e+01 -1.949921e+01 -1.924259e+01
  -18.985958 -1.872933e+01 -1.847272e+01 -1.821614e+01 -1.795962e+01 -1.770316e+01 -1.744677e+01 -1.719043e+01
  -16.934165 -1.667795e+01 -1.642180e+01 -1.616568e+01 -1.590962e+01 -1.565358e+01 -1.539758e+01 -1.514161e+01
  -14.885662 -1.462973e+01 -1.437382e+01 -1.411792e+01 -1.386203e+01 -1.360615e+01 -1.335028e+01 -1.309442e+01
    0.000000 4.113240e+00 1.722141e+01 7.628309e+00 5.864235e+01 1.000000e+00    12.582650 -3.102635e+01 -3.076842e+01 -3.051096e+01 -3.025387e+01 -2.999706e+01 -2.974047e+01 -2.948405e+01
  -29.227755 -2.897157e+01 -2.871545e+01 -2.845940e+01 -2.820340e+01 -2.794743e+01 -2.769149e+01 -2.743557e+01
  -27.179673 -2.692378e+01 -2.666791e+01 -2.641203e+01 -2.615617e+01 -2.590031e+01 -2.564445e+01 -2.538859e+01
  -25.132732 -2.487687e+01 -2.462102e+01 -2.436515e+01 -2.410929e+01 -2.385342e+01 -2.359754e+01 -2.334166e+01
  -23.085763 -2.282985e+01 -2.257392e+01 -2.231797e+01 -2.206199e+01 -2.180598e+01 -2.154993e+01 -2.129382e+01
  -21.037657 -2.078143e+01 -2.052513e+01 -2.026875e+01 -2.001230e+01 -1.975578e+01 -1.949921e+01 -1.924259e+01
  -18.985958 -1.872933e+01 -1.847272e+01 -1.821614e+01 -1.795962e+01 -1.770316e+01 -1.744677e+01 -1.719043e+01
  -16.934165 -1.667795e+01 -1.642180e+01 -1.616568e+01 -1.590962e+01 -1.565358e+01 -1.539758e+01 -1.514161e+01
  -14.885662 -1.462973e+01 -1.437382e+01 -1.411792e+01 -1.386203e+01 -1.360615e+01 -1.335028e+01 -1.309442e+01
  -12.838558 7.079746e-09 4.193818e+00 1.791729e+01 7.667693e+00 5.918652e+01 1.000000e+00    12.582650 -3.102635e+01 -3.076842e+01 -3.051096e+01 -3.025387e+01 -2.999706e+01 -2.974047e+01 -2.948405e+01
  -29.227755 -2.897157e+01 -2.871545e+01 -2.845940e+01 -2.820340e+01 -2.794743e+01 -2.769149e+01 -2.743557e+01
  -27.179673 -2.692378e+01 -2.666791e+01 -2.641203e+01 -2.615617e+01 -2.590031e+01 -2.564445e+01 -2.538859e+01
  -25.132732 -2.487687e+01 -2.462102e+01 -2.436515e+01 -2.410929e+01 -2.385342e+01 -2.359754e+01 -2.334166e+01
  -23.085763 -2.282985e+01 -2.257392e+01 -2.231797e+01 -2.206199e+01 -2.180598e+01 -2.154993e+01 -2.129382e+01
  -21.037657 -2.078143e+01 -2.052513e+01 -2.026875e+01 -2.001230e+01 -1.975578e+01 -1.949921e+01 -1.924259e+01
  -18.985958 -1.872933e+01 -1.847272e+01 -1.821614e+01 -1.795962e+01 -1.770316e+01 -1.744677e+01 -1.719043e+01
  -16.934165 -1.667795e+01 -1.642180e+01 -1.616568e+01 -1.590962e+01 -1.565358e+01 -1.539758e+01 -1.514161e+01
  -14.885662 -1.462973e+01 -1.437382e+01 -1.411792e+01 -1.386203e+01 -1.360615e+01 -1.335028e+01 -1.309442e+01
  -12.838558 -1.258270e+01 2.394231e-09 4.282685e+00 1.870874e+01 7.700755e+00 5.964625e+01 1.000000e+00
   12.582650 -3.102635e+01 -3.076842e+01 -3.051096e+01 -3.025387e+01 -2.999706e+01 -2.974047e+01 -2.948405e+01
  -29.227755 -2.897157e+01 -2.871545e+01 -2.845940e+01 -2.820340e+01 -2.794743e+01 -2.769149e+01 -2.743557e+01
  -27.179673 -2.692378e+01 -2.666791e+01 -2.641203e+01 -2.615617e+01 -2.590031e+01 -2.564445e+01 -2.538859e+01
  -25.132732 -2.487687e+01 -2.462102e+01 -2.436515e+01 -2.410929e+01 -2.385342e+01 -2.359754e+01 -2.334166e+01
  -23.085763 -2.282985e+01 -2.257392e+01 -2.231797e+01 -2.206199e+01 -2.180598e+01 -2.154993e+01 -2.129382e+01
  -21.037657 -2.078143e+01 -2.052513e+01 -2.026875e+01 -2.001230e+01 -1.975578e+01 -1.949921e+01 -1.924259e+01
  -18.985958 -1.872933e+01 -1.847272e+01 -1.821614e+01 -1.795962e+01 -1.770316e+01 -1.744677e+01 -1.719043e+01
  -16.934165 -1.667795e+01 -1.642180e+01 -1.616568e+01 -1.590962e+01 -1.565358e+01 -1.539758e+01 -1.514161e+01
  -14.885662 -1.462973e+01 -1.437382e+01 -1.411792e+01 -1.386203e+01 -1.360615e+01 -1.335028e+01 -1.309442e+01
  -12.838558 -1.258270e+01 -1.232685e+01 7.904079e-10 4.382697e+00 1.962410e+01 7.729065e+00 6.004258e+01
    1.000000    12.582650 -3.102635e+01 -3.076842e+01 -3.051096e+01 -3.025387e+01 -2.999706e+01 -2.974047e+01 -2.948405e+01
  -29.227755 -2.897157e+01 -2.871545e+01 -2.845940e+01 -2.820340e+01 -2.794743e+01 -2.769149e+01 -2.743557e+01
  -27.179673 -2.692378e+01 -2.666791e+01 -2.641203e+01 -2.615617e+01 -2.590031e+01 -2.564445e+01 -2.538859e+01
  -25.132732 -2.487687e+01 -2.462102e+01 -2.436515e+01 -2.410929e+01 -2.385342e+01 -2.359754e+01 -2.334166e+01
  -23.085763 -2.282985e+01 -2.257392e+01 -2.231797e+01 -2.206199e+01 -2.180598e+01 -2.154993e+01 -2.129382e+01
  -21.037657 -2.078143e+01 -2.052513e+01 -2.026875e+01 -2.001230e+01 -1.975578e+01 -1.949921e+01 -1.924259e+01
  -18.985958 -1.872933e+01 -1.847272e+01 -1.821614e+01 -1.795962e+01 -1.770316e+01 -1.744677e+01 -1.719043e+01
  -16.934165 -1.667795e+01 -1.642180e+01 -1.616568e+01 -1.590962e+01 -1.565358e+01 -1.539758e+01 -1.514161e+01
  -14.885662 -1.462973e+01 -1.437382e+01 -1.411792e+01 -1.386203e+01 -1.360615e+01 -1.335028e+01 -1.309442e+01
  -12.838558 -1.258270e+01 -1.232685e+01 -1.207100e+01 2.539170e-10 4.496332e+00 2.069046e+01 7.753911e+00
   60.392938 1.000000e+00    12.582650 -3.102635e+01 -3.076842e+01 -3.051096e+01 -3.025387e+01 -2.999706e+01 -2.974047e+01 -2.948405e+01
  -29.227755 -2.897157e+01 -2.871545e+01 -2.845940e+01 -2.820340e+01 -2.794743e+01 -2.769149e+01 -2.743557e+01
  -27.179673 -2.692378e+01 -2.666791e+01 -2.641203e+01 -2.615617e+01 -2.590031e+01 -2.564445e+01 -2.538859e+01
  -25.132732 -2.487687e+01 -2.462102e+01 -2.436515e+01 -2.410929e+01 -2.385342e+01 -2.359754e+01 -2.334166e+01
  -23.085763 -2.282985e+01 -2.257392e+01 -2.231797e+01 -2.206199e+01 -2.180598e+01 -2.154993e+01 -2.129382e+01
  -21.037657 -2.078143e+01 -2.052513e+01 -2.026875e+01 -2.001230e+01 -1.975578e+01 -1.949921e+01 -1.924259e+01
  -18.985958 -1.872933e+01 -1.847272e+01 -1.821614e+01 -1.795962e+01 -1.770316e+01 -1.744677e+01 -1.719043e+01
  -16.934165 -1.667795e+01 -1.642180e+01 -1.616568e+01 -1.590962e+01 -1.565358e+01 -1.539758e+01 -1.514161e+01
  -14.885662 -1.462973e+01 -1.437382e+01 -1.411792e+01 -1.386203e+01 -1.360615e+01 -1.335028e+01 -1.309442e+01
  -12.838558 -1.258270e+01 -1.232685e+01 -1.207100e+01 -1.181515e+01 7.907914e-11 4.625468e+00 2.193167e+01
    7.776309 6.071114e+01 1.000000e+00    12.582650 -3.102635e+01 -3.076842e+01 -3.051096e+01 -3.025387e+01 -2.999706e+01 -2.974047e+01 -2.948405e+01
  -29.227755 -2.897157e+01 -2.871545e+01 -2.845940e+01 -2.820340e+01 -2.794743e+01 -2.769149e+01 -2.743557e+01
  -27.179673 -2.692378e+01 -2.666791e+01 -2.641203e+01 -2.615617e+01 -2.590031e+01 -2.564445e+01 -2.538859e+01
  -25.132732 -2.487687e+01 -2.462102e+01 -2.436515e+01 -2.410929e+01 -2.385342e+01 -2.359754e+01 -2.334166e+01
  -23.085763 -2.282985e+01 -2.257392e+01 -2.231797e+01 -2.206199e+01 -2.180598e+01 -2.154993e+01 -2.129382e+01
  -21.037657 -2.078143e+01 -2.052513e+01 -2.026875e+01 -2.001230e+01 -1.975578e+01 -1.949921e+01 -1.924259e+01
  -18.985958 -1.872933e+01 -1.847272e+01 -1.821614e+01 -1.795962e+01 -1.770316e+01 -1.744677e+01 -1.719043e+01
  -16.934165 -1.667795e+01 -1.642180e+01 -1.616568e+01 -1.590962e+01 -1.565358e+01 -1.539758e+01 -1.514161e+01
  -14.885662 -1.462973e+01 -1.437382e+01 -1.411792e+01 -1.386203e+01 -1.360615e+01 -1.335028e+01 -1.309442e+01
  -12.838558 -1.258270e+01 -1.232685e+01 -1.207100e+01 -1.181515e+01 -1.155930e+01 2.377781e-11 4.771155e+00
   23.366086 7.797011e+00 6.100742e+01 1.000000e+00    12.582650 -3.102635e+01 -3.076842e+01 -3.051096e+01 -3.025387e+01 -2.999706e+01 -2.974047e+01 -2.948405e+01
  -29.227755 -2.897157e+01 -2.871545e+01 -2.845940e+01 -2.820340e+01 -2.794743e+01 -2.769149e+01 -2.743557e+01
  -27.179673 -2.692378e+01 -2.666791e+01 -2.641203e+01 -2.615617e+01 -2.590031e+01 -2.564445e+01 -2.538859e+01
  -25.132732 -2.487687e+01 -2.462102e+01 -2.436515e+01 -2.410929e+01 -2.385342e+01 -2.359754e+01 -2.334166e+01
  -23.085763 -2.282985e+01 -2.257392e+01 -2.231797e+01 -2.206199e+01 -2.180598e+01 -2.154993e+01 -2.129382e+01
  -21.037657 -2.078143e+01 -2.052513e+01 -2.026875e+01 -2.001230e+01 -1.975578e+01 -1.949921e+01 -1.924259e+01
  -18.985958 -1.872933e+01 -1.847272e+01 -1.821614e+01 -1.795962e+01 -1.770316e+01 -1.744677e+01 -1.719043e+01
  -16.934165 -1.667795e+01 -1.642180e+01 -1.616568e+01 -1.590962e+01 -1.565358e+01 -1.539758e+01 -1.514161e+01
  -14.885662 -1.462973e+01 -1.437382e+01 -1.411792e+01 -1.386203e+01 -1.360615e+01 -1.335028e+01 -1.309442e+01
  -12.838558 -1.258270e+01 -1.232685e+01 -1.207100e+01 -1.181515e+01 -1.155930e+01 -1.130345e+01 6.873382e-12
    4.933421 2.500425e+01 7.816525e+00 6.128863e+01 1.000000e+00    12.582650 -3.102635e+01 -3.076842e+01 -3.051096e+01 -3.025387e+01 -2.999706e+01 -2.974047e+01 -2.948405e+01
  -29.227755 -2.897157e+01 -2.871545e+01 -2.845940e+01 -2.820340e+01 -2.794743e+01 -2.769149e+01 -2.743557e+01
  -27.179673 -2.692378e+01 -2.666791e+01 -2.641203e+01 -2.615617e+01 -2.590031e+01 -2.564445e+01 -2.538859e+01
  -25.132732 -2.487687e+01 -2.462102e+01 -2.436515e+01 -2.410929e+01 -2.385342e+01 -2.359754e+01 -2.334166e+01
  -23.085763 -2.282985e+01 -2.257392e+01 -2.231797e+01 -2.206199e+01 -2.180598e+01 -2.154993e+01 -2.129382e+01
  -21.037657 -2.078143e+01 -2.052513e+01 -2.026875e+01 -2.001230e+01 -1.975578e+01 -1.949921e+01 -1.924259e+01
  -18.985958 -1.872933e+01 -1.847272e+01 -1.821614e+01 -1.795962e+01 -1.770316e+01 -1.744677e+01 -1.719043e+01
  -16.934165 -1.667795e+01 -1.642180e+01 -1.616568e+01 -1.590962e+01 -1.565358e+01 -1.539758e+01 -1.514161e+01
  -14.885662 -1.462973e+01 -1.437382e+01 -1.411792e+01 -1.386203e+01 -1.360615e+01 -1.335028e+01 -1.309442e+01
  -12.838558 -1.258270e+01 -1.232685e+01 -1.207100e+01 -1.181515e+01 -1.155930e+01 -1.130345e+01 -1.104761e+01
    0.000000 5.111200e+00 2.684713e+01 7.835139e+00 6.155858e+01 1.000000e+00    12.582650 -3.102635e+01 -3.076842e+01 -3.051096e+01 -3.025387e+01 -2.999706e+01 -2.974047e+01 -2.948405e+01
  -29.227755 -2.897157e+01 -2.871545e+01 -2.845940e+01 -2.820340e+01 -2.794743e+01 -2.769149e+01 -2.743557e+01
  -27.179673 -2.692378e+01 -2.666791e+01 -2.641203e+01 -2.615617e+01 -2.590031e+01 -2.564445e+01 -2.538859e+01
  -25.132732 -2.487687e+01 -2.462102e+01 -2.436515e+01 -2.410929e+01 -2.385342e+01 -2.359754e+01 -2.334166e+01
  -23.085763 -2.282985e+01 -2.257392e+01 -2.231797e+01 -2.206199e+01 -2.180598e+01 -2.154993e+01 -2.129382e+01
  -21.037657 -2.078143e+01 -2.052513e+01 -2.026875e+01 -2.001230e+01 -1.975578e+01 -1.949921e+01 -1.924259e+01
  -18.985958 -1.872933e+01 -1.847272e+01 -1.821614e+01 -1.795962e+01 -1.770316e+01 -1.744677e+01 -1.719043e+01
  -16.934165 -1.667795e+01 -1.642180e+01 -1.616568e+01 -1.590962e+01 -1.565358e+01 -1.539758e+01 -1.514161e+01
  -14.885662 -1.462973e+01 -1.437382e+01 -1.411792e+01 -1.386203e+01 -1.360615e+01 -1.335028e+01 -1.309442e+01
  -12.838558 -1.258270e+01 -1.232685e+01 -1.207100e+01 -1.181515e+01 -1.155930e+01 -1.130345e+01 -1.104761e+01
  -10.791761 5.021542e-13 5.302399e+00 2.888541e+01 7.852963e+00 6.181849e+01 1.000000e+00    12.582650 -3.102635e+01 -3.076842e+01 -3.051096e+01 -3.025387e+01 -2.999706e+01 -2.974047e+01 -2.948405e+01
  -29.227755 -2.897157e+01 -2.871545e+01 -2.845940e+01 -2.820340e+01 -2.794743e+01 -2.769149e+01 -2.743557e+01
  -27.179673 -2.692378e+01 -2.666791e+01 -2.641203e+01 -2.615617e+01 -2.590031e+01 -2.564445e+01 -2.538859e+01
  -25.132732 -2.487687e+01 -2.462102e+01 -2.436515e+01 -2.410929e+01 -2.385342e+01 -2.359754e+01 -2.334166e+01
  -23.085763 -2.282985e+01 -2.257392e+01 -2.231797e+01 -2.206199e+01 -2.180598e+01 -2.154993e+01 -2.129382e+01
  -21.037657 -2.078143e+01 -2.052513e+01 -2.026875e+01 -2.001230e+01 -1.975578e+01 -1.949921e+01 -1.924259e+01
  -18.985958 -1.872933e+01 -1.847272e+01 -1.821614e+01 -1.795962e+01 -1.770316e+01 -1.744677e+01 -1.719043e+01
  -16.934165 -1.667795e+01 -1.642180e+01 -1.616568e+01 -1.590962e+01 -1.565358e+01 -1.539758e+01 -1.514161e+01
  -14.885662 -1.462973e+01 -1.437382e+01 -1.411792e+01 -1.386203e+01 -1.360615e+01 -1.335028e+01 -1.309442e+01
  -12.838558 -1.258270e+01 -1.232685e+01 -1.207100e+01 -1.181515e+01 -1.155930e+01 -1.130345e+01 -1.104761e+01
  -10.791761 -1.053592e+01 1.260527e-13 5.504119e+00 3.110001e+01 7.869977e+00 6.206775e+01 1.000000e+00
   12.582650 -3.102635e+01 -3.076842e+01 -3.051096e+01 -3.025387e+01 -2.999706e+01 -2.974047e+01 -2.948405e+01
  -29.227755 -2.897157e+01 -2.871545e+01 -2.845940e+01 -2.820340e+01 -2.794743e+01 -2.769149e+01 -2.743557e+01
  -27.179673 -2.692378e+01 -2.666791e+01 -2.641203e+01 -2.615617e+01 -2.590031e+01 -2.564445e+01 -2.538859e+01
  -25.132732 -2.487687e+01 -2.462102e+01 -2.436515e+01 -2.410929e+01 -2.385342e+01 -2.359754e+01 -2.334166e+01
  -23.085763 -2.282985e+01 -2.257392e+01 -2.231797e+01 -2.206199e+01 -2.180598e+01 -2.154993e+01 -2.129382e+01
  -21.037657 -2.078143e+01 -2.052513e+01 -2.026875e+01 -2.001230e+01 -1.975578e+01 -1.949921e+01 -1.924259e+01
  -18.985958 -1.872933e+01 -1.847272e+01 -1.821614e+01 -1.795962e+01 -1.770316e+01 -1.744677e+01 -1.719043e+01
  -16.934165 -1.667795e+01 -1.642180e+01 -1.616568e+01 -1.590962e+01 -1.565358e+01 -1.539758e+01 -1.514161e+01
  -14.885662 -1.462973e+01 -1.437382e+01 -1.411792e+01 -1.386203e+01 -1.360615e+01 -1.335028e+01 -1.309442e+01
  -12.838558 -1.258270e+01 -1.232685e+01 -1.207100e+01 -1.181515e+01 -1.155930e+01 -1.130345e+01 -1.104761e+01
  -10.791761 -1.053592e+01 -1.028007e+01 3.002109e-14 5.712962e+00 3.346348e+01 7.886084e+00 6.230467e+01
    1.000000    12.582650 -3.102635e+01 -3.076842e+01 -3.051096e+01 -3.025387e+01 -2.999706e+01 -2.974047e+01 -2.948405e+01
  -29.227755 -2.897157e+01 -2.871545e+01 -2.845940e+01 -2.820340e+01 -2.794743e+01 -2.769149e+01 -2.743557e+01
  -27.179673 -2.692378e+01 -2.666791e+01 -2.641203e+01 -2.615617e+01 -2.590031e+01 -2.564445e+01 -2.538859e+01
  -25.132732 -2.487687e+01 -2.462102e+01 -2.436515e+01 -2.410929e+01 -2.385342e+01 -2.359754e+01 -2.334166e+01
  -23.085763 -2.282985e+01 -2.257392e+01 -2.231797e+01 -2.206199e+01 -2.180598e+01 -2.154993e+01 -2.129382e+01
  -21.037657 -2.078143e+01 -2.052513e+01 -2.026875e+01 -2.001230e+01 -1.975578e+01 -1.949921e+01 -1.924259e+01
  -18.985958 -1.872933e+01 -1.847272e+01 -1.821614e+01 -1.795962e+01 -1.770316e+01 -1.744677e+01 -1.719043e+01
  -16.934165 -1.667795e+01 -1.642180e+01 -1.616568e+01 -1.590962e+01 -1.565358e+01 -1.539758e+01 -1.514161e+01
  -14.885662 -1.462973e+01 -1.437382e+01 -1.411792e+01 -1.386203e+01 -1.360615e+01 -1.335028e+01 -1.309442e+01
  -12.838558 -1.258270e+01 -1.232685e+01 -1.207100e+01 -1.181515e+01 -1.155930e+01 -1.130345e+01 -1.104761e+01
  -10.791761 -1.053592e+01 -1.028007e+01 -1.002423e+01 6.774339e-15 5.925334e+00 3.594188e+01 7.901157e+00
   62.527143 1.000000e+00    12.582650 -3.102635e+01 -3.076842e+01 -3.051096e+01 -3.025387e+01 -2.999706e+01 -2.974047e+01 -2.948405e+01
  -29.227755 -2.897157e+01 -2.871545e+01 -2.845940e+01 -2.820340e+01 -2.794743e+01 -2.769149e+01 -2.743557e+01
  -27.179673 -2.692378e+01 -2.666791e+01 -2.641203e+01 -2.615617e+01 -2.590031e+01 -2.564445e+01 -2.538859e+01
  -25.132732 -2.487687e+01 -2.462102e+01 -2.436515e+01 -2.410929e+01 -2.385342e+01 -2.359754e+01 -2.334166e+01
  -23.085763 -2.282985e+01 -2.257392e+01 -2.231797e+01 -2.206199e+01 -2.180598e+01 -2.154993e+01 -2.129382e+01
  -21.037657 -2.078143e+01 -2.052513e+01 -2.026875e+01 -2.001230e+01 -1.975578e+01 -1.949921e+01 -1.924259e+01
  -18.985958 -1.872933e+01 -1.847272e+01 -1.821614e+01 -1.795962e+01 -1.770316e+01 -1.744677e+01 -1.719043e+01
  -16.934165 -1.667795e+01 -1.642180e+01 -1.616568e+01 -1.590962e+01 -1.565358e+01 -1.539758e+01 -1.514161e+01
  -14.885662 -1.462973e+01 -1.437382e+01 -1.411792e+01 -1.386203e+01 -1.360615e+01 -1.335028e+01 -1.309442e+01
  -12.838558 -1.258270e+01 -1.232685e+01 -1.207100e+01 -1.181515e+01 -1.155930e+01 -1.130345e+01 -1.104761e+01
  -10.791761 -1.053592e+01 -1.028007e+01 -1.002423e+01 -9.768384e+00 1.447708e-15 6.137664e+00 3.849623e+01
    7.915079 6.273321e+01 1.000000e+00    12.582650 -3.102635e+01 -3.076842e+01 -3.051096e+01 -3.025387e+01 -2.999706e+01 -2.974047e+01 -2.948405e+01
  -29.227755 -2.897157e+01 -2.871545e+01 -2.845940e+01 -2.820340e+01 -2.794743e+01 -2.769149e+01 -2.743557e+01
  -27.179673 -2.692378e+01 -2.666791e+01 -2.641203e+01 -2.615617e+01 -2.590031e+01 -2.564445e+01 -2.538859e+01
  -25.132732 -2.487687e+01 -2.462102e+01 -2.436515e+01 -2.410929e+01 -2.385342e+01 -2.359754e+01 -2.334166e+01
  -23.085763 -2.282985e+01 -2.257392e+01 -2.231797e+01 -2.206199e+01 -2.180598e+01 -2.154993e+01 -2.129382e+01
  -21.037657 -2.078143e+01 -2.052513e+01 -2.026875e+01 -2.001230e+01 -1.975578e+01 -1.949921e+01 -1.924259e+01
  -18.985958 -1.872933e+01 -1.847272e+01 -1.821614e+01 -1.795962e+01 -1.770316e+01 -1.744677e+01 -1.719043e+01
  -16.934165 -1.667795e+01 -1.642180e+01 -1.616568e+01 -1.590962e+01 -1.565358e+01 -1.539758e+01 -1.514161e+01
  -14.885662 -1.462973e+01 -1.437382e+01 -1.411792e+01 -1.386203e+01 -1.360615e+01 -1.335028e+01 -1.309442e+01
  -12.838558 -1.258270e+01 -1.232685e+01 -1.207100e+01 -1.181515e+01 -1.155930e+01 -1.130345e+01 -1.104761e+01
  -10.791761 -1.053592e+01 -1.028007e+01 -1.002423e+01 -9.768384e+00 -9.512540e+00 2.931333e-16 6.346523e+00
   41.083630 7.927761e+00 6.292137e+01 1.000000e+00    12.582650 -3.102635e+01 -3.076842e+01 -3.051096e+01 -3.025387e+01 -2.999706e+01 -2.974047e+01 -2.948405e+01
  -29.227755 -2.897157e+01 -2.871545e+01 -2.845940e+01 -2.820340e+01 -2.794743e+01 -2.769149e+01 -2.743557e+01
  -27.179673 -2.692378e+01 -2.666791e+01 -2.641203e+01 -2.615617e+01 -2.590031e+01 -2.564445e+01 -2.538859e+01
  -25.132732 -2.487687e+01 -2.462102e+01 -2.436515e+01 -2.410929e+01 -2.385342e+01 -2.359754e+01 -2.334166e+01
  -23.085763 -2.282985e+01 -2.257392e+01 -2.231797e+01 -2.206199e+01 -2.180598e+01 -2.154993e+01 -2.129382e+01
  -21.037657 -2.078143e+01 -2.052513e+01 -2.026875e+01 -2.001230e+01 -1.975578e+01 -1.949921e+01 -1.924259e+01
  -18.985958 -1.872933e+01 -1.847272e+01 -1.821614e+01 -1.795962e+01 -1.770316e+01 -1.744677e+01 -1.719043e+01
  -16.934165 -1.667795e+01 -1.642180e+01 -1.616568e+01 -1.590962e+01 -1.565358e+01 -1.539758e+01 -1.514161e+01
  -14.885662 -1.462973e+01 -1.437382e+01 -1.411792e+01 -1.386203e+01 -1.360615e+01 -1.335028e+01 -1.309442e+01
  -12.838558 -1.258270e+01 -1.232685e+01 -1.207100e+01 -1.181515e+01 -1.155930e+01 -1.130345e+01 -1.104761e+01
  -10.791761 -1.053592e+01 -1.028007e+01 -1.002423e+01 -9.768384e+00 -9.512540e+00 -9.256697e+00 5.631019e-17
    6.548671 4.365809e+01 7.939151e+00 6.309071e+01 1.000000e+00    12.582650 -3.102635e+01 -3.076842e+01 -3.051096e+01 -3.025387e+01 -2.999706e+01 -2.974047e+01 -2.948405e+01
  -29.227755 -2.897157e+01 -2.871545e+01 -2.845940e+01 -2.820340e+01 -2.794743e+01 -2.769149e+01 -2.743557e+01
  -27.179673 -2.692378e+01 -2.666791e+01 -2.641203e+01 -2.615617e+01 -2.590031e+01 -2.564445e+01 -2.538859e+01
  -25.132732 -2.487687e+01 -2.462102e+01 -2.436515e+01 -2.410929e+01 -2.385342e+01 -2.359754e+01 -2.334166e+01
  -23.085763 -2.282985e+01 -2.257392e+01 -2.231797e+01 -2.206199e+01 -2.180598e+01 -2.154993e+01 -2.129382e+01
  -21.037657 -2.078143e+01 -2.052513e+01 -2.026875e+01 -2.001230e+01 -1.975578e+01 -1.949921e+01 -1.924259e+01
  -18.985958 -1.872933e+01 -1.847272e+01 -1.821614e+01 -1.795962e+01 -1.770316e+01 -1.744677e+01 -1.719043e+01
  -16.934165 -1.667795e+01 -1.642180e+01 -1.616568e+01 -1.590962e+01 -1.565358e+01 -1.539758e+01 -1.514161e+01
  -14.885662 -1.462973e+01 -1.437382e+01 -1.411792e+01 -1.386203e+01 -1.360615e+01 -1.335028e+01 -1.309442e+01
  -12.838558 -1.258270e+01 -1.232685e+01 -1.207100e+01 -1.181515e+01 -1.155930e+01 -1.130345e+01 -1.104761e+01
  -10.791761 -1.053592e+01 -1.028007e+01 -1.002423e+01 -9.768384e+00 -9.512540e+00 -9.256697e+00 -9.000853e+00
    0.000000 6.741102e+00 4.617198e+01 7.949239e+00 6.324095e+01 1.000000e+00    12.582650 -3.102635e+01 -3.076842e+01 -3.051096e+01 -3.025387e+01 -2.999706e+01 -2.974047e+01 -2.948405e+01
  -29.227755 -2.897157e+01 -2.871545e+01 -2.845940e+01 -2.820340e+01 -2.794743e+01 -2.769149e+01 -2.743557e+01
  -27.179673 -2.692378e+01 -2.666791e+01 -2.641203e+01 -2.615617e+01 -2.590031e+01 -2.564445e+01 -2.538859e+01
  -25.132732 -2.487687e+01 -2.462102e+01 -2.436515e+01 -2.410929e+01 -2.385342e+01 -2.359754e+01 -2.334166e+01
  -23.085763 -2.282985e+01 -2.257392e+01 -2.231797e+01 -2.206199e+01 -2.180598e+01 -2.154993e+01 -2.129382e+01
  -21.037657 -2.078143e+01 -2.052513e+01 -2.026875e+01 -2.001230e+01 -1.975578e+01 -1.949921e+01 -1.924259e+01
  -18.985958 -1.872933e+01 -1.847272e+01 -1.821614e+01 -1.795962e+01 -1.770316e+01 -1.744677e+01 -1.719043e+01
  -16.934165 -1.667795e+01 -1.642180e+01 -1.616568e+01 -1.590962e+01 -1.565358e+01 -1.539758e+01 -1.514161e+01
  -14.885662 -1.462973e+01 -1.437382e+01 -1.411792e+01 -1.386203e+01 -1.360615e+01 -1.335028e+01 -1.309442e+01
  -12.838558 -1.258270e+01 -1.232685e+01 -1.207100e+01 -1.181515e+01 -1.155930e+01 -1.130345e+01 -1.104761e+01
  -10.791761 -1.053592e+01 -1.028007e+01 -1.002423e+01 -9.768384e+00 -9.512540e+00 -9.256697e+00 -9.000853e+00
   -8.745010 1.790694e-18 6.921126e+00 4.857829e+01 7.958049e+00 6.337233e+01 1.000000e+00    12.582650 -3.102635e+01 -3.076842e+01 -3.051096e+01 -3.025387e+01 -2.999706e+01 -2.974047e+01 -2.948405e+01
  -29.227755 -2.897157e+01 -2.871545e+01 -2.845940e+01 -2.820340e+01 -2.794743e+01 -2.769149e+01 -2.743557e+01
  -27.179673 -2.692378e+01 -2.666791e+01 -2.641203e+01 -2.615617e+01 -2.590031e+01 -2.564445e+01 -2.538859e+01
  -25.132732 -2.487687e+01 -2.462102e+01 -2.436515e+01 -2.410929e+01 -2.385342e+01 -2.359754e+01 -2.334166e+01
  -23.085763 -2.282985e+01 -2.257392e+01 -2.231797e+01 -2.206199e+01 -2.180598e+01 -2.154993e+01 -2.129382e+01
  -21.037657 -2.078143e+01 -2.052513e+01 -2.026875e+01 -2.001230e+01 -1.975578e+01 -1.949921e+01 -1.924259e+01
  -18.985958 -1.872933e+01 -1.847272e+01 -1.821614e+01 -1.795962e+01 -1.770316e+01 -1.744677e+01 -1.719043e+01
  -16.934165 -1.667795e+01 -1.642180e+01 -1.616568e+01 -1.590962e+01 -1.565358e+01 -1.539758e+01 -1.514161e+01
  -14.885662 -1.462973e+01 -1.437382e+01 -1.411792e+01 -1.386203e+01 -1.360615e+01 -1.335028e+01 -1.309442e+01
  -12.838558 -1.258270e+01 -1.232685e+01 -1.207100e+01 -1.181515e+01 -1.155930e+01 -1.130345e+01 -1.104761e+01
  -10.791761 -1.053592e+01 -1.028007e+01 -1.002423e+01 -9.768384e+00 -9.512540e+00 -9.256697e+00 -9.000853e+00
   -8.745010 -8.489167e+00 2.983144e-19 7.086505e+00 5.083399e+01 7.965638e+00 6.348563e+01 1.000000e+00
   12.582650 -3.102635e+01 -3.076842e+01 -3.051096e+01 -3.025387e+01 -2.999706e+01 -2.974047e+01 -2.948405e+01
  -29.227755 -2.897157e+01 -2.871545e+01 -2.845940e+01 -2.820340e+01 -2.794743e+01 -2.769149e+01 -2.743557e+01
  -27.179673 -2.692378e+01 -2.666791e+01 -2.641203e+01 -2.615617e+01 -2.590031e+01 -2.564445e+01 -2.538859e+01
  -25.132732 -2.487687e+01 -2.462102e+01 -2.436515e+01 -2.410929e+01 -2.385342e+01 -2.359754e+01 -2.334166e+01
  -23.085763 -2.282985e+01 -2.257392e+01 -2.231797e+01 -2.206199e+01 -2.180598e+01 -2.154993e+01 -2.129382e+01
  -21.037657 -2.078143e+01 -2.052513e+01 -2.026875e+01 -2.001230e+01 -1.975578e+01 -1.949921e+01 -1.924259e+01
  -18.985958 -1.872933e+01 -1.847272e+01 -1.821614e+01 -1.795962e+01 -1.770316e+01 -1.744677e+01 -1.719043e+01
  -16.934165 -1.667795e+01 -1.642180e+01 -1.616568e+01 -1.590962e+01 -1.565358e+01 -1.539758e+01 -1.514161e+01
  -14.885662 -1.462973e+01 -1.437382e+01 -1.411792e+01 -1.386203e+01 -1.360615e+01 -1.335028e+01 -1.309442e+01
  -12.838558 -1.258270e+01 -1.232685e+01 -1.207100e+01 -1.181515e+01 -1.155930e+01 -1.130345e+01 -1.104761e+01
  -10.791761 -1.053592e+01 -1.028007e+01 -1.002423e+01 -9.768384e+00 -9.512540e+00 -9.256697e+00 -9.000853e+00
   -8.745010 -8.489167e+00 -8.233324e+00 4.773581e-20 7.235604e+00 5.290349e+01 7.972087e+00 6.358199e+01
    1.000000    12.582650 -3.102635e+01 -3.076842e+01 -3.051096e+01 -3.025387e+01 -2.999706e+01 -2.974047e+01 -2.948405e+01
  -29.227755 -2.897157e+01 -2.871545e+01 -2.845940e+01 -2.820340e+01 -2.794743e+01 -2.769149e+01 -2.743557e+01
  -27.179673 -2.692378e+01 -2.666791e+01 -2.641203e+01 -2.615617e+01 -2.590031e+01 -2.564445e+01 -2.538859e+01
  -25.132732 -2.487687e+01 -2.462102e+01 -2.436515e+01 -2.410929e+01 -2.385342e+01 -2.359754e+01 -2.334166e+01
  -23.085763 -2.282985e+01 -2.257392e+01 -2.231797e+01 -2.206199e+01 -2.180598e+01 -2.154993e+01 -2.129382e+01
  -21.037657 -2.078143e+01 -2.052513e+01 -2.026875e+01 -2.001230e+01 -1.975578e+01 -1.949921e+01 -1.924259e+01
  -18.985958 -1.872933e+01 -1.847272e+01 -1.821614e+01 -1.795962e+01 -1.770316e+01 -1.744677e+01 -1.719043e+01
  -16.934165 -1.667795e+01 -1.642180e+01 -1.616568e+01 -1.590962e+01 -1.565358e+01 -1.539758e+01 -1.514161e+01
  -14.885662 -1.462973e+01 -1.437382e+01 -1.411792e+01 -1.386203e+01 -1.360615e+01 -1.335028e+01 -1.309442e+01
  -12.838558 -1.258270e+01 -1.232685e+01 -1.207100e+01 -1.181515e+01 -1.155930e+01 -1.130345e+01 -1.104761e+01
  -10.791761 -1.053592e+01 -1.028007e+01 -1.002423e+01 -9.768384e+00 -9.512540e+00 -9.256697e+00 -9.000853e+00
   -8.745010 -8.489167e+00 -8.233324e+00 -7.977481e+00 7.368824e-21 7.367512e+00 5.476178e+01 7.977497e+00
   63.662905 1.000000e+00    12.582650 -3.102635e+01 -3.076842e+01 -3.051096e+01 -3.025387e+01 -2.999706e+01 -2.974047e+01 -2.948405e+01
  -29.227755 -2.897157e+01 -2.871545e+01 -2.845940e+01 -2.820340e+01 -2.794743e+01 -2.769149e+01 -2.743557e+01
  -27.179673 -2.692378e+01 -2.666791e+01 -2.641203e+01 -2.615617e+01 -2.590031e+01 -2.564445e+01 -2.538859e+01
  -25.132732 -2.487687e+01 -2.462102e+01 -2.436515e+01 -2.410929e+01 -2.385342e+01 -2.359754e+01 -2.334166e+01
  -23.085763 -2.282985e+01 -2.257392e+01 -2.231797e+01 -2.206199e+01 -2.180598e+01 -2.154993e+01 -2.129382e+01
  -21.037657 -2.078143e+01 -2.052513e+01 -2.026875e+01 -2.001230e+01 -1.975578e+01 -1.949921e+01 -1.924259e+01
  -18.985958 -1.872933e+01 -1.847272e+01 -1.821614e+01 -1.795962e+01 -1.770316e+01 -1.744677e+01 -1.719043e+01
  -16.934165 -1.667795e+01 -1.642180e+01 -1.616568e+01 -1.590962e+01 -1.565358e+01 -1.539758e+01 -1.514161e+01
  -14.885662 -1.462973e+01 -1.437382e+01 -1.411792e+01 -1.386203e+01 -1.360615e+01 -1.335028e+01 -1.309442e+01
  -12.838558 -1.258270e+01 -1.232685e+01 -1.207100e+01 -1.181515e+01 -1.155930e+01 -1.130345e+01 -1.104761e+01
  -10.791761 -1.053592e+01 -1.028007e+01 -1.002423e+01 -9.768384e+00 -9.512540e+00 -9.256697e+00 -9.000853e+00
   -8.745010 -8.489167e+00 -8.233324e+00 -7.977481e+00 -7.721638e+00 1.102202e-21 7.482079e+00 5.639593e+01
    7.981982 6.373001e+01 1.000000e+00    12.582650 -3.102635e+01 -3.076842e+01 -3.051096e+01 -3.025387e+01 -2.999706e+01 -2.974047e+01 -2.948405e+01
  -29.227755 -2.897157e+01 -2.871545e+01 -2.845940e+01 -2.820340e+01 -2.794743e+01 -2.769149e+01 -2.743557e+01
  -27.179673 -2.692378e+01 -2.666791e+01 -2.641203e+01 -2.615617e+01 -2.590031e+01 -2.564445e+01 -2.538859e+01
  -25.132732 -2.487687e+01 -2.462102e+01 -2.436515e+01 -2.410929e+01 -2.385342e+01 -2.359754e+01 -2.334166e+01
  -23.085763 -2.282985e+01 -2.257392e+01 -2.231797e+01 -2.206199e+01 -2.180598e+01 -2.154993e+01 -2.129382e+01
  -21.037657 -2.078143e+01 -2.052513e+01 -2.026875e+01 -2.001230e+01 -1.975578e+01 -1.949921e+01 -1.924259e+01
  -18.985958 -1.872933e+01 -1.847272e+01 -1.821614e+01 -1.795962e+01 -1.770316e+01 -1.744677e+01 -1.719043e+01
  -16.934165 -1.667795e+01 -1.642180e+01 -1.616568e+01 -1.590962e+01 -1.565358e+01 -1.539758e+01 -1.514161e+01
  -14.885662 -1.462973e+01 -1.437382e+01 -1.411792e+01 -1.386203e+01 -1.360615e+01 -1.335028e+01 -1.309442e+01
  -12.838558 -1.258270e+01 -1.232685e+01 -1.207100e+01 -1.181515e+01 -1.155930e+01 -1.130345e+01 -1.104761e+01
  -10.791761 -1.053592e+01 -1.028007e+01 -1.002423e+01 -9.768384e+00 -9.512540e+00 -9.256697e+00 -9.000853e+00
   -8.745010 -8.489167e+00 -8.233324e+00 -7.977481e+00 -7.721638e+00 -7.465795e+00 1.604483e-22 7.579864e+00
   57.805083 7.985659e+00 6.378506e+01 1.000000e+00    12.582650 -3.102635e+01 -3.076842e+01 -3.051096e+01 -3.025387e+01 -2.999706e+01 -2.974047e+01 -2.948405e+01
  -29.227755 -2.897157e+01 -2.871545e+01 -2.845940e+01 -2.820340e+01 -2.794743e+01 -2.769149e+01 -2.743557e+01
  -27.179673 -2.692378e+01 -2.666791e+01 -2.641203e+01 -2.615617e+01 -2.590031e+01 -2.564445e+01 -2.538859e+01
  -25.132732 -2.487687e+01 -2.462102e+01 -2.436515e+01 -2.410929e+01 -2.385342e+01 -2.359754e+01 -2.334166e+01
  -23.085763 -2.282985e+01 -2.257392e+01 -2.231797e+01 -2.206199e+01 -2.180598e+01 -2.154993e+01 -2.129382e+01
  -21.037657 -2.078143e+01 -2.052513e+01 -2.026875e+01 -2.001230e+01 -1.975578e+01 -1.949921e+01 -1.924259e+01
  -18.985958 -1.872933e+01 -1.847272e+01 -1.821614e+01 -1.795962e+01 -1.770316e+01 -1.744677e+01 -1.719043e+01
  -16.934165 -1.667795e+01 -1.642180e+01 -1.616568e+01 -1.590962e+01 -1.565358e+01 -1.539758e+01 -1.514161e+01
  -14.885662 -1.462973e+01 -1.437382e+01 -1.411792e+01 -1.386203e+01 -1.360615e+01 -1.335028e+01 -1.309442e+01
  -12.838558 -1.258270e+01 -1.232685e+01 -1.207100e+01 -1.181515e+01 -1.155930e+01 -1.130345e+01 -1.104761e+01
  -10.791761 -1.053592e+01 -1.028007e+01 -1.002423e+01 -9.768384e+00 -9.512540e+00 -9.256697e+00 -9.000853e+00
   -8.745010 -8.489167e+00 -8.233324e+00 -7.977481e+00 -7.721638e+00 -7.465795e+00 -7.209952e+00 2.282580e-23
    7.662003 5.899866e+01 7.988644e+00 6.382977e+01 1.000000e+00    12.582650 -3.102635e+01 -3.076842e+01 -3.051096e+01 -3.025387e+01 -2.999706e+01 -2.974047e+01 -2.948405e+01
  -29.227755 -2.897157e+01 -2.871545e+01 -2.845940e+01 -2.820340e+01 -2.794743e+01 -2.769149e+01 -2.743557e+01
  -27.179673 -2.692378e+01 -2.666791e+01 -2.641203e+01 -2.615617e+01 -2.590031e+01 -2.564445e+01 -2.538859e+01
  -25.132732 -2.487687e+01 -2.462102e+01 -2.436515e+01 -2.410929e+01 -2.385342e+01 -2.359754e+01 -2.334166e+01
  -23.085763 -2.282985e+01 -2.257392e+01 -2.231797e+01 -2.206199e+01 -2.180598e+01 -2.154993e+01 -2.129382e+01
  -21.037657 -2.078143e+01 -2.052513e+01 -2.026875e+01 -2.001230e+01 -1.975578e+01 -1.949921e+01 -1.924259e+01
  -18.985958 -1.872933e+01 -1.847272e+01 -1.821614e+01 -1.795962e+01 -1.770316e+01 -1.744677e+01 -1.719043e+01
  -16.934165 -1.667795e+01 -1.642180e+01 -1.616568e+01 -1.590962e+01 -1.565358e+01 -1.539758e+01 -1.514161e+01
  -14.885662 -1.462973e+01 -1.437382e+01 -1.411792e+01 -1.386203e+01 -1.360615e+01 -1.335028e+01 -1.309442e+01
  -12.838558 -1.258270e+01 -1.232685e+01 -1.207100e+01 -1.181515e+01 -1.155930e+01 -1.130345e+01 -1.104761e+01
  -10.791761 -1.053592e+01 -1.028007e+01 -1.002423e+01 -9.768384e+00 -9.512540e+00 -9.256697e+00 -9.000853e+00
   -8.745010 -8.489167e+00 -8.233324e+00 -7.977481e+00 -7.721638e+00 -7.465795e+00 -7.209952e+00 -6.954109e+00
    0.000000 7.730021e+00 5.999372e+01 7.991046e+00 6.386576e+01 1.000000e+00    12.582650 -3.102635e+01 -3.076842e+01 -3.051096e+01 -3.025387e+01 -2.999706e+01 -2.974047e+01 -2.948405e+01
  -29.227755 -2.897157e+01 -2.871545e+01 -2.845940e+01 -2.820340e+01 -2.794743e+01 -2.769149e+01 -2.743557e+01
  -27.179673 -2.692378e+01 -2.666791e+01 -2.641203e+01 -2.615617e+01 -2.590031e+01 -2.564445e+01 -2.538859e+01
  -25.132732 -2.487687e+01 -2.462102e+01 -2.436515e+01 -2.410929e+01 -2.385342e+01 -2.359754e+01 -2.334166e+01
  -23.085763 -2.282985e+01 -2.257392e+01 -2.231797e+01 -2.206199e+01 -2.180598e+01 -2.154993e+01 -2.129382e+01
  -21.037657 -2.078143e+01 -2.052513e+01 -2.026875e+01 -2.001230e+01 -1.975578e+01 -1.949921e+01 -1.924259e+01
  -18.985958 -1.872933e+01 -1.847272e+01 -1.821614e+01 -1.795962e+01 -1.770316e+01 -1.744677e+01 -1.719043e+01
  -16.934165 -1.667795e+01 -1.642180e+01 -1.616568e+01 -1.590962e+01 -1.565358e+01 -1.539758e+01 -1.514161e+01
  -14.885662 -1.462973e+01 -1.437382e+01 -1.411792e+01 -1.386203e+01 -1.360615e+01 -1.335028e+01 -1.309442e+01
  -12.838558 -1.258270e+01 -1.232685e+01 -1.207100e+01 -1.181515e+01 -1.155930e+01 -1.130345e+01 -1.104761e+01
  -10.791761 -1.053592e+01 -1.028007e+01 -1.002423e+01 -9.768384e+00 -9.512540e+00 -9.256697e+00 -9.000853e+00
   -8.745010 -8.489167e+00 -8.233324e+00 -7.977481e+00 -7.721638e+00 -7.465795e+00 -7.209952e+00 -6.954109e+00
   -6.698266 4.376246e-25 7.785653e+00 6.081195e+01 7.992966e+00 6.389453e+01 1.000000e+00    12.582650 -3.102635e+01 -3.076842e+01 -3.051096e+01 -3.025387e+01 -2.999706e+01 -2.974047e+01 -2.948405e+01
  -29.227755 -2.897157e+01 -2.871545e+01 -2.845940e+01 -2.820340e+01 -2.794743e+01 -2.769149e+01 -2.743557e+01
  -27.179673 -2.692378e+01 -2.666791e+01 -2.641203e+01 -2.615617e+01 -2.590031e+01 -2.564445e+01 -2.538859e+01
  -25.132732 -2.487687e+01 -2.462102e+01 -2.436515e+01 -2.410929e+01 -2.385342e+01 -2.359754e+01 -2.334166e+01
  -23.085763 -2.282985e+01 -2.257392e+01 -2.231797e+01 -2.206199e+01 -2.180598e+01 -2.154993e+01 -2.129382e+01
  -21.037657 -2.078143e+01 -2.052513e+01 -2.026875e+01 -2.001230e+01 -1.975578e+01 -1.949921e+01 -1.924259e+01
  -18.985958 -1.872933e+01 -1.847272e+01 -1.821614e+01 -1.795962e+01 -1.770316e+01 -1.744677e+01 -1.719043e+01
  -16.934165 -1.667795e+01 -1.642180e+01 -1.616568e+01 -1.590962e+01 -1.565358e+01 -1.539758e+01 -1.514161e+01
  -14.885662 -1.462973e+01 -1.437382e+01 -1.411792e+01 -1.386203e+01 -1.360615e+01 -1.335028e+01 -1.309442e+01
  -12.838558 -1.258270e+01 -1.232685e+01 -1.207100e+01 -1.181515e+01 -1.155930e+01 -1.130345e+01 -1.104761e+01
  -10.791761 -1.053592e+01 -1.028007e+01 -1.002423e+01 -9.768384e+00 -9.512540e+00 -9.256697e+00 -9.000853e+00
   -8.745010 -8.489167e+00 -8.233324e+00 -7.977481e+00 -7.721638e+00 -7.465795e+00 -7.209952e+00 -6.954109e+00
   -6.698266 -6.442423e+00 5.935232e-26 7.830675e+00 6.147697e+01 7.994491e+00 6.391738e+01 1.000000e+00
   12.582650 -3.102635e+01 -3.076842e+01 -3.051096e+01 -3.025387e+01 -2.999706e+01 -2.974047e+01 -2.948405e+01
  -29.227755 -2.897157e+01 -2.871545e+01 -2.845940e+01 -2.820340e+01 -2.794743e+01 -2.769149e+01 -2.743557e+01
  -27.179673 -2.692378e+01 -2.666791e+01 -2.641203e+01 -2.615617e+01 -2.590031e+01 -2.564445e+01 -2.538859e+01
  -25.132732 -2.487687e+01 -2.462102e+01 -2.436515e+01 -2.410929e+01 -2.385342e+01 -2.359754e+01 -2.334166e+01
  -23.085763 -2.282985e+01 -2.257392e+01 -2.231797e+01 -2.206199e+01 -2.180598e+01 -2.154993e+01 -2.129382e+01
  -21.037657 -2.078143e+01 -2.052513e+01 -2.026875e+01 -2.001230e+01 -1.975578e+01 -1.949921e+01 -1.924259e+01
  -18.985958 -1.872933e+01 -1.847272e+01 -1.821614e+01 -1.795962e+01 -1.770316e+01 -1.744677e+01 -1.719043e+01
  -16.934165 -1.667795e+01 -1.642180e+01 -1.616568e+01 -1.590962e+01 -1.565358e+01 -1.539758e+01 -1.514161e+01
  -14.885662 -1.462973e+01 -1.437382e+01 -1.411792e+01 -1.386203e+01 -1.360615e+01 -1.335028e+01 -1.309442e+01
  -12.838558 -1.258270e+01 -1.232685e+01 -1.207100e+01 -1.181515e+01 -1.155930e+01 -1.130345e+01 -1.104761e+01
  -10.791761 -1.053592e+01 -1.028007e+01 -1.002423e+01 -9.768384e+00 -9.512540e+00 -9.256697e+00 -9.000853e+00
   -8.745010 -8.489167e+00 -8.233324e+00 -7.977481e+00 -7.721638e+00 -7.465795e+00 -7.209952e+00 -6.954109e+00
   -6.698266 -6.442423e+00 -6.186580e+00 7.966749e-27 7.866791e+00 6.201224e+01 7.995695e+00 6.393544e+01
    1.000000    12.582650 -3.102635e+01 -3.076842e+01 -3.051096e+01 -3.025387e+01 -2.999706e+01 -2.974047e+01 -2.948405e+01
  -29.227755 -2.897157e+01 -2.871545e+01 -2.845940e+01 -2.820340e+01 -2.794743e+01 -2.769149e+01 -2.743557e+01
  -27.179673 -2.692378e+01 -2.666791e+01 -2.641203e+01 -2.615617e+01 -2.590031e+01 -2.564445e+01 -2.538859e+01
  -25.132732 -2.487687e+01 -2.462102e+01 -2.436515e+01 -2.410929e+01 -2.385342e+01 -2.359754e+01 -2.334166e+01
  -23.085763 -2.282985e+01 -2.257392e+01 -2.231797e+01 -2.206199e+01 -2.180598e+01 -2.154993e+01 -2.129382e+01
  -21.037657 -2.078143e+01 -2.052513e+01 -2.026875e+01 -2.001230e+01 -1.975578e+01 -1.949921e+01 -1.924259e+01
  -18.985958 -1.872933e+01 -1.847272e+01 -1.821614e+01 -1.795962e+01 -1.770316e+01 -1.744677e+01 -1.719043e+01
  -16.934165 -1.667795e+01 -1.642180e+01 -1.616568e+01 -1.590962e+01 -1.565358e+01 -1.539758e+01 -1.514161e+01
  -14.885662 -1.462973e+01 -1.437382e+01 -1.411792e+01 -1.386203e+01 -1.360615e+01 -1.335028e+01 -1.309442e+01
  -12.838558 -1.258270e+01 -1.232685e+01 -1.207100e+01 -1.181515e+01 -1.155930e+01 -1.130345e+01 -1.104761e+01
  -10.791761 -1.053592e+01 -1.028007e+01 -1.002423e+01 -9.768384e+00 -9.512540e+00 -9.256697e+00 -9.000853e+00
   -8.745010 -8.489167e+00 -8.233324e+00 -7.977481e+00 -7.721638e+00 -7.465795e+00 -7.209952e+00 -6.954109e+00
   -6.698266 -6.442423e+00 -6.186580e+00 -5.930738e+00 1.060556e-27 7.895554e+00 6.243966e+01 7.996643e+00
   63.949651 1.000000e+00    12.582650 -3.102635e+01 -3.076842e+01 -3.051096e+01 -3.025387e+01 -2.999706e+01 -2.974047e+01 -2.948405e+01
  -29.227755 -2.897157e+01 -2.871545e+01 -2.845940e+01 -2.820340e+01 -2.794743e+01 -2.769149e+01 -2.743557e+01
  -27.179673 -2.692378e+01 -2.666791e+01 -2.641203e+01 -2.615617e+01 -2.590031e+01 -2.564445e+01 -2.538859e+01
  -25.132732 -2.487687e+01 -2.462102e+01 -2.436515e+01 -2.410929e+01 -2.385342e+01 -2.359754e+01 -2.334166e+01
  -23.085763 -2.282985e+01 -2.257392e+01 -2.231797e+01 -2.206199e+01 -2.180598e+01 -2.154993e+01 -2.129382e+01
  -21.037657 -2.078143e+01 -2.052513e+01 -2.026875e+01 -2.001230e+01 -1.975578e+01 -1.949921e+01 -1.924259e+01
  -18.985958 -1.872933e+01 -1.847272e+01 -1.821614e+01 -1.795962e+01 -1.770316e+01 -1.744677e+01 -1.719043e+01
  -16.934165 -1.667795e+01 -1.642180e+01 -1.616568e+01 -1.590962e+01 -1.565358e+01 -1.539758e+01 -1.514161e+01
  -14.885662 -1.462973e+01 -1.437382e+01 -1.411792e+01 -1.386203e+01 -1.360615e+01 -1.335028e+01 -1.309442e+01
  -12.838558 -1.258270e+01 -1.232685e+01 -1.207100e+01 -1.181515e+01 -1.155930e+01 -1.130345e+01 -1.104761e+01
  -10.791761 -1.053592e+01 -1.028007e+01 -1.002423e+01 -9.768384e+00 -9.512540e+00 -9.256697e+00 -9.000853e+00
   -8.745010 -8.489167e+00 -8.233324e+00 -7.977481e+00 -7.721638e+00 -7.465795e+00 -7.209952e+00 -6.954109e+00
   -6.698266 -6.442423e+00 -6.186580e+00 -5.930738e+00 -5.674895e+00 1.402604e-28 7.918326e+00 6.277876e+01
    7.997386 6.396079e+01 1.000000e+00 