#Data: Data/LatticeCube/titration_FJC_ZS3_0.60.out
#           E           mu            f          <N>         <N2>          <B>         <B2>
   15.101260 -3.352194e+01 9.999895e-01 1.045647e-05 1.045654e-05 2.115085e-05 4.349570e-05 1.045649e-05
   15.101260 -3.326610e+01 9.999865e-01 1.350504e-05 1.350514e-05 2.731735e-05 5.617688e-05 1.350507e-05
   15.101260 -3.301026e+01 9.999826e-01 1.744240e-05 1.744258e-05 3.528165e-05 7.255528e-05 1.744246e-05
   15.101260 -3.275441e+01 9.999775e-01 2.252768e-05 2.252798e-05 4.556791e-05 9.370882e-05 2.252778e-05
   15.101260 -3.249857e+01 9.999709e-01 2.909553e-05 2.909604e-05 5.885306e-05 1.210297e-04 2.909571e-05
   15.101260 -3.224273e+01 9.999624e-01 3.757820e-05 3.757904e-05 7.601138e-05 1.563161e-04 3.757848e-05
   15.101260 -3.198688e+01 9.999515e-01 4.853389e-05 4.853529e-05 9.817203e-05 2.018903e-04 4.853437e-05
   15.101260 -3.173104e+01 9.999373e-01 6.268357e-05 6.268591e-05 1.267933e-04 2.607520e-04 6.268437e-05
   15.101260 -3.147520e+01 9.999190e-01 8.095835e-05 8.096224e-05 1.637586e-04 3.367750e-04 8.095968e-05
   15.101260 -3.121936e+01 9.998954e-01 1.045607e-04 1.045672e-04 2.115003e-04 4.349633e-04 1.045629e-04
   15.101260 -3.096351e+01 9.998650e-01 1.350437e-04 1.350545e-04 2.731598e-04 5.617793e-04 1.350474e-04
   15.101260 -3.070767e+01 9.998256e-01 1.744129e-04 1.744309e-04 3.527937e-04 7.255702e-04 1.744190e-04
   15.101260 -3.045183e+01 9.997748e-01 2.252582e-04 2.252883e-04 4.556410e-04 9.371172e-04 2.252685e-04
   15.101260 -3.019598e+01 9.997091e-01 2.909244e-04 2.909747e-04 5.884671e-04 1.210346e-03 2.909416e-04
   15.101260 -2.994014e+01 9.996243e-01 3.757304e-04 3.758142e-04 7.600079e-04 1.563242e-03 3.757590e-04
   15.101260 -2.968430e+01 9.995148e-01 4.852529e-04 4.853927e-04 9.815436e-04 2.019038e-03 4.853007e-04
   15.101260 -2.942846e+01 9.993734e-01 6.266922e-04 6.269254e-04 1.267638e-03 2.607744e-03 6.267719e-04
   15.101260 -2.917261e+01 9.991909e-01 8.093440e-04 8.097331e-04 1.637095e-03 3.368125e-03 8.094770e-04
   15.101260 -2.891677e+01 9.989551e-01 1.045208e-03 1.045857e-03 2.114183e-03 4.350256e-03 1.045430e-03
   15.101260 -2.866093e+01 9.986508e-01 1.349771e-03 1.350853e-03 2.730230e-03 5.618833e-03 1.350141e-03
   15.101260 -2.840508e+01 9.982579e-01 1.743018e-03 1.744822e-03 3.525656e-03 7.257435e-03 1.743635e-03
   15.101260 -2.814924e+01 9.977508e-01 2.250729e-03 2.253738e-03 4.552606e-03 9.374061e-03 2.251758e-03
   15.101260 -2.789340e+01 9.970964e-01 2.906154e-03 2.911171e-03 5.878327e-03 1.210827e-02 2.907870e-03
   15.101260 -2.763756e+01 9.962520e-01 3.752152e-03 3.760515e-03 7.589501e-03 1.564043e-02 3.755013e-03
   15.101260 -2.738171e+01 9.951630e-01 4.843940e-03 4.857879e-03 9.797801e-03 2.020373e-02 4.848709e-03
   15.101260 -2.712587e+01 9.937590e-01 6.252605e-03 6.275833e-03 1.264699e-02 2.609966e-02 6.260553e-03
   15.101260 -2.687003e+01 9.919498e-01 8.069580e-03 8.108273e-03 1.632195e-02 3.371819e-02 8.082824e-03
   15.101260 -2.661419e+01 9.896199e-01 1.041232e-02 1.047675e-02 2.106021e-02 4.356394e-02 1.043439e-02
   15.101260 -2.635834e+01 9.866221e-01 1.343149e-02 1.353873e-02 2.716635e-02 5.629016e-02 1.346823e-02
   15.101260 -2.610250e+01 9.827691e-01 1.731994e-02 1.749829e-02 3.503022e-02 7.274307e-02 1.738107e-02
   15.101260 -2.584666e+01 9.778241e-01 2.232386e-02 2.262025e-02 4.514945e-02 9.401957e-02 2.242553e-02
   15.101260 -2.559081e+01 9.714889e-01 2.875655e-02 2.924855e-02 5.815709e-02 1.215427e-01 2.892548e-02
   15.101260 -2.533497e+01 9.633917e-01 3.701486e-02 3.783045e-02 7.485485e-02 1.571605e-01 3.729524e-02
   15.101260 -2.507913e+01 9.530733e-01 4.759874e-02 4.894832e-02 9.625223e-02 2.032746e-01 4.806342e-02
   15.101260 -2.482329e+01 9.399750e-01 6.113333e-02 6.336140e-02 1.236109e-01 2.630099e-01 6.190204e-02
   15.101260 -2.456744e+01 9.234287e-01 7.839294e-02 8.206063e-02 1.584926e-01 3.404335e-01 7.966164e-02
   15.101260 -2.431160e+01 9.026571e-01 1.003248e-01 1.063400e-01 2.028061e-01 4.408401e-01 1.024125e-01
   15.101260 -2.405576e+01 8.767867e-01 1.280691e-01 1.378882e-01 2.588459e-01 5.711135e-01 1.314915e-01
   15.101260 -2.379991e+01 8.448862e-01 1.629695e-01 1.789037e-01 3.293115e-01 7.401775e-01 1.685533e-01
   15.101260 -2.354407e+01 8.060402e-01 2.065649e-01 2.322338e-01 4.172881e-01 9.595305e-01 2.156217e-01
   15.101260 -2.328823e+01 7.594691e-01 2.605529e-01 3.015297e-01 5.261672e-01 1.243836e+00 2.751356e-01
   15.101260 -2.303239e+01 7.047016e-01 3.267100e-01 3.914016e-01 6.594800e-01 1.611488e+00 3.499808e-01
   15.101260 -2.277654e+01 6.417902e-01 4.067583e-01 5.075307e-01 8.206220e-01 2.084984e+00 4.434938e-01
   15.101260 -2.252070e+01 5.715375e-01 5.021760e-01 6.566774e-01 1.012463e+00 2.690856e+00 5.594252e-01
   15.101260 -2.226486e+01 4.956685e-01 6.139605e-01 8.464929e-01 1.236863e+00 3.458789e+00 7.018478e-01
   15.101260 -2.200902e+01 4.168615e-01 7.423798e-01 1.085045e+00 1.494171e+00 4.419583e+00 8.750013e-01
   15.101260 -2.175317e+01 3.385521e-01 8.867634e-01 1.380004e+00 1.782806e+00 5.601761e+00 1.083077e+00
   15.101260 -2.149733e+01 2.644869e-01 1.045399e+00 1.737533e+00 2.099058e+00 7.027032e+00 1.329964e+00
   15.101260 -2.124149e+01 1.981006e-01 1.215584e+00 2.161071e+00 2.437210e+00 8.705356e+00 1.618980e+00
   15.101260 -2.098564e+01 1.418975e-01 1.393842e+00 2.650296e+00 2.789985e+00 1.063082e+01 1.952650e+00
   15.101260 -2.072980e+01 9.704847e-02 1.576268e+00 3.200607e+00 3.149252e+00 1.277960e+01 2.332545e+00
   15.101260 -2.047396e+01 6.334100e-02 1.758924e+00 3.803343e+00 3.506821e+00 1.511086e+01 2.759223e+00
   15.101260 -2.021812e+01 3.946773e-02 1.938215e+00 4.446786e+00 3.855174e+00 1.757076e+01 3.232272e+00
   15.101260 -1.996227e+01 2.350745e-02 2.111189e+00 5.117817e+00 4.188039e+00 2.009888e+01 3.750438e+00
   15.101260 -1.970643e+01 1.340918e-02 2.275741e+00 5.803908e+00 4.500774e+00 2.263599e+01 4.311816e+00
   15.101260 -1.945059e+01 7.342442e-03 2.430734e+00 6.495093e+00 4.790568e+00 2.513162e+01 4.914084e+00
   15.101260 -1.919474e+01 3.869010e-03 2.576018e+00 7.185476e+00 5.056457e+00 2.754979e+01 5.554757e+00
   15.101260 -1.893890e+01 1.966639e-03 2.712350e+00 7.873975e+00 5.299170e+00 2.987190e+01 6.231429e+00
   15.101260 -1.868306e+01 9.663450e-04 2.841222e+00 8.564146e+00 5.520796e+00 3.209612e+01 6.941990e+00
   15.101260 -1.842722e+01 4.597751e-04 2.964601e+00 9.263162e+00 5.724319e+00 3.423374e+01 7.684773e+00
   15.101260 -1.817137e+01 2.120587e-04 3.084626e+00 9.980206e+00 5.913078e+00 3.630350e+01 8.458648e+00
   15.101260 -1.791553e+01 9.486861e-05 3.203302e+00 1.072464e+01 6.090242e+00 3.832521e+01 9.263018e+00
   15.101260 -1.765969e+01 4.117187e-05 3.322245e+00 1.150433e+01 6.258381e+00 4.031414e+01 1.009776e+01
   15.101260 -1.740385e+01 1.732989e-05 3.442518e+00 1.232442e+01 6.419197e+00 4.227721e+01 1.096308e+01
   15.101260 -1.714800e+01 7.071797e-06 3.564577e+00 1.318683e+01 6.573458e+00 4.421172e+01 1.185940e+01
   15.101260 -1.689216e+01 2.796432e-06 3.688335e+00 1.409032e+01 6.721127e+00 4.610654e+01 1.278717e+01
   15.101260 -1.663632e+01 1.071161e-06 3.813296e+00 1.503107e+01 6.861616e+00 4.794507e+01 1.374677e+01
   15.101260 -1.638047e+01 3.973639e-07 3.938701e+00 1.600326e+01 6.994085e+00 4.970870e+01 1.473841e+01
   15.101260 -1.612463e+01 1.427594e-07 4.063655e+00 1.699958e+01 7.117692e+00 5.137971e+01 1.576211e+01
   15.101260 -1.586879e+01 4.968277e-08 4.187210e+00 1.801169e+01 7.231745e+00 5.294300e+01 1.681761e+01
   15.101260 -1.561295e+01 1.675714e-08 4.308437e+00 1.903080e+01 7.335763e+00 5.438664e+01 1.790444e+01
   15.101260 -1.535710e+01 5.481404e-09 4.426530e+00 2.004881e+01 7.429483e+00 5.570201e+01 1.902190e+01
   15.101260 -1.510126e+01 1.740455e-09 4.540956e+00 2.106008e+01 7.512858e+00 5.688381e+01 2.016912e+01
   15.101260 -1.484542e+01 5.369452e-10 4.651636e+00 2.206349e+01 7.586060e+00 5.793036e+01 2.134513e+01
   15.101260 -1.458957e+01 1.610962e-10 4.759117e+00 2.306446e+01 7.649492e+00 5.884386e+01 2.254902e+01
   15.101260 -1.433373e+01 4.703494e-11 4.864675e+00 2.407629e+01 7.703778e+00 5.963042e+01 2.378013e+01
   15.101260 -1.407789e+01 1.336731e-11 4.970322e+00 2.512049e+01 7.749734e+00 6.029967e+01 2.503821e+01
   15.101260 -1.382205e+01 3.696612e-12 5.078706e+00 2.622616e+01 7.788315e+00 6.086385e+01 2.632360e+01
   15.101260 -1.356620e+01 9.936367e-13 5.192904e+00 2.742817e+01 7.820544e+00 6.133678e+01 2.763740e+01
   15.101260 -1.331036e+01 2.591141e-13 5.316115e+00 2.876427e+01 7.847446e+00 6.173267e+01 2.898151e+01
   15.101260 -1.305452e+01 6.537716e-14 5.451251e+00 3.027077e+01 7.869987e+00 6.206520e+01 3.035860e+01
   15.101260 -1.279867e+01 1.590670e-14 5.600435e+00 3.197700e+01 7.889027e+00 6.234669e+01 3.177204e+01
   15.101260 -1.254283e+01 3.718200e-15 5.764471e+00 3.389872e+01 7.905290e+00 6.258758e+01 3.322554e+01
   15.101260 -1.228699e+01 8.318952e-16 5.942421e+00 3.603201e+01 7.919344e+00 6.279613e+01 3.472283e+01
   15.101260 -1.203115e+01 1.775753e-16 6.131441e+00 3.834958e+01 7.931608e+00 6.297839e+01 3.626714e+01
   15.101260 -1.177530e+01 3.608126e-17 6.327028e+00 4.080158e+01 7.942363e+00 6.313846e+01 3.786076e+01
   15.101260 -1.151946e+01 6.971675e-18 6.523667e+00 4.332136e+01 7.951789e+00 6.327894e+01 3.950468e+01
   15.101260 -1.126362e+01 1.281593e-18 6.715680e+00 4.583492e+01 7.960003e+00 6.340149e+01 4.119843e+01
   15.101260 -1.100778e+01 2.245556e-19 6.898011e+00 4.827075e+01 7.967094e+00 6.350739e+01 4.294016e+01
   15.101260 -1.075193e+01 3.761531e-20 7.066729e+00 5.056768e+01 7.973147e+00 6.359785e+01 4.472688e+01
   15.101260 -1.049609e+01 6.047031e-21 7.219222e+00 5.267937e+01 7.978251e+00 6.367419e+01 4.655472e+01
   15.101260 -1.024025e+01 9.370120e-22 7.354143e+00 5.457579e+01 7.982506e+00 6.373787e+01 4.841935e+01
   15.101260 -9.984404e+00 1.405885e-22 7.471231e+00 5.624263e+01 7.986016e+00 6.379041e+01 5.031621e+01
   15.101260 -9.728561e+00 2.051686e-23 7.571079e+00 5.767925e+01 7.988882e+00 6.383334e+01 5.224080e+01
   15.101260 -9.472719e+00 2.924703e-24 7.654899e+00 5.889578e+01 7.991202e+00 6.386811e+01 5.418885e+01
   15.101260 -9.216876e+00 4.088432e-25 7.724292e+00 5.991003e+01 7.993067e+00 6.389604e+01 5.615647e+01
   15.101260 -8.961033e+00 5.623936e-26 7.781049e+00 6.074425e+01 7.994555e+00 6.391835e+01 5.814018e+01
   15.101260 -8.705190e+00 7.635460e-27 7.826992e+00 6.142255e+01 7.995735e+00 6.393605e+01 6.013699e+01
   15.101260 -8.449347e+00 1.025758e-27 7.863859e+00 6.196875e+01 7.996668e+00 6.395003e+01 6.214437e+01
   15.101260 -8.193505e+00 1.366433e-28 7.893230e+00 6.240510e+01 7.997401e+00 6.396103e+01 6.416018e+01
