#Data: Data/LatticeCube/titration_FJC_ZS3_0.70.out
#           E           mu            f          <N>         <N2>          <B>         <B2>
   14.089226 -3.250991e+01 9.999899e-01 1.007520e-05 1.007526e-05 2.113917e-05 4.572490e-05 1.007522e-05
   14.089226 -3.225406e+01 9.999870e-01 1.301261e-05 1.301271e-05 2.730226e-05 5.905601e-05 1.301264e-05
   14.089226 -3.199822e+01 9.999832e-01 1.680641e-05 1.680658e-05 3.526217e-05 7.627381e-05 1.680646e-05
   14.089226 -3.174238e+01 9.999783e-01 2.170626e-05 2.170655e-05 4.554275e-05 9.851148e-05 2.170636e-05
   14.089226 -3.148654e+01 9.999720e-01 2.803465e-05 2.803512e-05 5.882057e-05 1.272326e-04 2.803480e-05
   14.089226 -3.123069e+01 9.999638e-01 3.620802e-05 3.620881e-05 7.596943e-05 1.643274e-04 3.620828e-05
   14.089226 -3.097485e+01 9.999532e-01 4.676426e-05 4.676558e-05 9.811787e-05 2.122373e-04 4.676470e-05
   14.089226 -3.071901e+01 9.999396e-01 6.039804e-05 6.040024e-05 1.267234e-04 2.741155e-04 6.039877e-05
   14.089226 -3.046316e+01 9.999220e-01 7.800653e-05 7.801020e-05 1.636684e-04 3.540347e-04 7.800773e-05
   14.089226 -3.020732e+01 9.998993e-01 1.007484e-04 1.007545e-04 2.113839e-04 4.572548e-04 1.007504e-04
   14.089226 -2.995148e+01 9.998699e-01 1.301200e-04 1.301302e-04 2.730095e-04 5.905698e-04 1.301234e-04
   14.089226 -2.969564e+01 9.998320e-01 1.680540e-04 1.680710e-04 3.525999e-04 7.627542e-04 1.680596e-04
   14.089226 -2.943979e+01 9.997830e-01 2.170458e-04 2.170742e-04 4.553911e-04 9.851417e-04 2.170552e-04
   14.089226 -2.918395e+01 9.997197e-01 2.803184e-04 2.803658e-04 5.881451e-04 1.272371e-03 2.803340e-04
   14.089226 -2.892811e+01 9.996380e-01 3.620334e-04 3.621124e-04 7.595932e-04 1.643349e-03 3.620594e-04
   14.089226 -2.867226e+01 9.995325e-01 4.675645e-04 4.676964e-04 9.810100e-04 2.122498e-03 4.676079e-04
   14.089226 -2.841642e+01 9.993963e-01 6.038501e-04 6.040700e-04 1.266953e-03 2.741364e-03 6.039225e-04
   14.089226 -2.816058e+01 9.992203e-01 7.798479e-04 7.802146e-04 1.636215e-03 3.540694e-03 7.799687e-04
   14.089226 -2.790474e+01 9.989932e-01 1.007121e-03 1.007733e-03 2.113056e-03 4.573128e-03 1.007323e-03
   14.089226 -2.764889e+01 9.986999e-01 1.300596e-03 1.301616e-03 2.728789e-03 5.906663e-03 1.300932e-03
   14.089226 -2.739305e+01 9.983213e-01 1.679531e-03 1.681232e-03 3.523821e-03 7.629152e-03 1.680091e-03
   14.089226 -2.713721e+01 9.978326e-01 2.168776e-03 2.171612e-03 4.550280e-03 9.854099e-03 2.169710e-03
   14.089226 -2.688137e+01 9.972020e-01 2.800379e-03 2.805108e-03 5.875394e-03 1.272817e-02 2.801937e-03
   14.089226 -2.662552e+01 9.963883e-01 3.615657e-03 3.623539e-03 7.585832e-03 1.644092e-02 3.618254e-03
   14.089226 -2.636968e+01 9.953387e-01 4.667846e-03 4.680983e-03 9.793260e-03 2.123735e-02 4.672177e-03
   14.089226 -2.611384e+01 9.939854e-01 6.025499e-03 6.047387e-03 1.264145e-02 2.743420e-02 6.032719e-03
   14.089226 -2.585799e+01 9.922414e-01 7.776805e-03 7.813264e-03 1.631535e-02 3.544110e-02 7.788838e-03
   14.089226 -2.560215e+01 9.899952e-01 1.003509e-02 1.009579e-02 2.105257e-02 4.578793e-02 1.005514e-02
   14.089226 -2.534631e+01 9.871047e-01 1.294577e-02 1.304678e-02 2.715796e-02 5.916046e-02 1.297917e-02
   14.089226 -2.509047e+01 9.833888e-01 1.669507e-02 1.686303e-02 3.502180e-02 7.644657e-02 1.675068e-02
   14.089226 -2.483462e+01 9.786185e-01 2.152088e-02 2.179992e-02 4.514253e-02 9.879650e-02 2.161342e-02
   14.089226 -2.457878e+01 9.725050e-01 2.772612e-02 2.818915e-02 5.815454e-02 1.277013e-01 2.788001e-02
   14.089226 -2.432294e+01 9.646880e-01 3.569489e-02 3.646208e-02 7.486183e-02 1.650948e-01 3.595059e-02
   14.089226 -2.406709e+01 9.547212e-01 4.591156e-02 4.718028e-02 9.627754e-02 2.134870e-01 4.633593e-02
   14.089226 -2.381125e+01 9.420604e-01 5.898263e-02 6.107554e-02 1.236691e-01 2.761357e-01 5.968588e-02
   14.089226 -2.355541e+01 9.260532e-01 7.566040e-02 7.910208e-02 1.586066e-01 3.572693e-01 7.682359e-02
   14.089226 -2.329957e+01 9.059367e-01 9.686658e-02 1.025037e-01 2.030110e-01 4.623685e-01 9.878586e-02
   14.089226 -2.304372e+01 8.808489e-01 1.237122e-01 1.328986e-01 2.591924e-01 5.985171e-01 1.268692e-01
   14.089226 -2.278788e+01 8.498633e-01 1.575076e-01 1.723832e-01 3.298676e-01 7.748214e-01 1.626797e-01
   14.089226 -2.253204e+01 8.120578e-01 1.997529e-01 2.236509e-01 4.181348e-01 1.002878e+00 2.081837e-01
   14.089226 -2.227619e+01 7.666296e-01 2.520969e-01 2.901149e-01 5.273792e-01 1.297232e+00 2.657515e-01
   14.089226 -2.202035e+01 7.130632e-01 3.162482e-01 3.760091e-01 6.610782e-01 1.675712e+00 3.381853e-01
   14.089226 -2.176451e+01 6.513443e-01 3.938255e-01 4.864215e-01 8.224785e-01 2.159438e+00 4.287169e-01
   14.089226 -2.150867e+01 5.821898e-01 4.861437e-01 6.271971e-01 1.014138e+00 2.772236e+00 5.409588e-01
   14.089226 -2.125282e+01 5.072289e-01 5.939515e-01 8.046458e-01 1.237370e+00 3.539192e+00 6.787930e-01
   14.089226 -2.099698e+01 4.290454e-01 7.171730e-01 1.025031e+00 1.491709e+00 4.484268e+00 8.461926e-01
   14.089226 -2.074114e+01 3.509940e-01 8.547378e-01 1.293918e+00 1.774556e+00 5.627313e+00 1.046986e+00
   14.089226 -2.048530e+01 2.767611e-01 1.004601e+00 1.615584e+00 2.081239e+00 6.981411e+00 1.284601e+00
   14.089226 -2.022945e+01 2.097495e-01 1.164018e+00 1.992831e+00 2.405599e+00 8.551885e+00 1.561841e+00
   14.089226 -1.997361e+01 1.524719e-01 1.330053e+00 2.427420e+00 2.741041e+00 1.033801e+01 1.880775e+00
   14.089226 -1.971777e+01 1.061654e-01 1.500190e+00 2.921146e+00 3.081797e+00 1.233732e+01 2.242757e+00
   14.089226 -1.946192e+01 7.074944e-02 1.672833e+00 3.477111e+00 3.423938e+00 1.455085e+01 2.648611e+00
   14.089226 -1.920608e+01 4.509909e-02 1.847519e+00 4.100499e+00 3.765797e+00 1.698634e+01 3.098893e+00
   14.089226 -1.895024e+01 2.748342e-02 2.024715e+00 4.798090e+00 4.107592e+00 1.965677e+01 3.594172e+00
   14.089226 -1.869440e+01 1.599952e-02 2.205248e+00 5.576070e+00 4.450325e+00 2.257260e+01 4.135197e+00
   14.089226 -1.843855e+01 8.889494e-03 2.389481e+00 6.436324e+00 4.794268e+00 2.572879e+01 4.722885e+00
   14.089226 -1.818271e+01 4.709827e-03 2.576523e+00 7.372230e+00 5.137544e+00 2.909084e+01 5.358104e+00
   14.089226 -1.792687e+01 2.378518e-03 2.763781e+00 8.365842e+00 5.475374e+00 3.258615e+01 6.041278e+00
   14.089226 -1.767102e+01 1.145447e-03 2.947136e+00 9.388364e+00 5.800464e+00 3.610732e+01 6.771960e+00
   14.089226 -1.741518e+01 5.268797e-04 3.121753e+00 1.040469e+01 6.104471e+00 3.952880e+01 7.548538e+00
   14.089226 -1.715934e+01 2.321349e-04 3.283232e+00 1.138061e+01 6.379978e+00 4.273143e+01 8.368192e+00
   14.089226 -1.690350e+01 9.833405e-05 3.428589e+00 1.228982e+01 6.622103e+00 4.562465e+01 9.227140e+00
   14.089226 -1.664765e+01 4.022273e-05 3.556735e+00 1.311802e+01 6.829161e+00 4.815824e+01 1.012108e+01
   14.089226 -1.639181e+01 1.595626e-05 3.668381e+00 1.386353e+01 7.002366e+00 5.032167e+01 1.104566e+01
   14.089226 -1.613597e+01 6.163268e-06 3.765601e+00 1.453516e+01 7.144965e+00 5.213523e+01 1.199690e+01
   14.089226 -1.588013e+01 2.325726e-06 3.851285e+00 1.514895e+01 7.261270e+00 5.363825e+01 1.297148e+01
   14.089226 -1.562428e+01 8.595615e-07 3.928679e+00 1.572513e+01 7.355871e+00 5.487865e+01 1.396684e+01
   14.089226 -1.536844e+01 3.116767e-07 4.001057e+00 1.628568e+01 7.433134e+00 5.590547e+01 1.498130e+01
   14.089226 -1.511260e+01 1.109747e-07 4.071513e+00 1.685260e+01 7.496927e+00 5.676432e+01 1.601396e+01
   14.089226 -1.485675e+01 3.880532e-08 4.142829e+00 1.744671e+01 7.550514e+00 5.749501e+01 1.706471e+01
   14.089226 -1.460091e+01 1.331909e-08 4.217384e+00 1.808672e+01 7.596542e+00 5.813054e+01 1.813407e+01
   14.089226 -1.434507e+01 4.482328e-09 4.297085e+00 1.878850e+01 7.637059e+00 5.869681e+01 1.922312e+01
   14.089226 -1.408923e+01 1.476809e-09 4.383323e+00 1.956469e+01 7.673565e+00 5.921278e+01 2.033338e+01
   14.089226 -1.383338e+01 4.755061e-10 4.476992e+00 2.042484e+01 7.707063e+00 5.969100e+01 2.146664e+01
   14.089226 -1.357754e+01 1.493288e-10 4.578579e+00 2.137629e+01 7.738139e+00 6.013839e+01 2.262487e+01
   14.089226 -1.332170e+01 4.564477e-11 4.688350e+00 2.242600e+01 7.767054e+00 6.055751e+01 2.381013e+01
   14.089226 -1.306585e+01 1.355109e-11 4.806602e+00 2.358282e+01 7.793854e+00 6.094810e+01 2.502455e+01
   14.089226 -1.281001e+01 3.898726e-12 4.933904e+00 2.485981e+01 7.818486e+00 6.130861e+01 2.627037e+01
   14.089226 -1.255417e+01 1.084377e-12 5.071233e+00 2.627544e+01 7.840893e+00 6.163764e+01 2.755002e+01
   14.089226 -1.229833e+01 2.907779e-13 5.219921e+00 2.785281e+01 7.861078e+00 6.193483e+01 2.886622e+01
   14.089226 -1.204248e+01 7.494206e-14 5.381346e+00 2.961619e+01 7.879130e+00 6.220119e+01 3.022206e+01
   14.089226 -1.178664e+01 1.850121e-14 5.556411e+00 3.158484e+01 7.895212e+00 6.243896e+01 3.162094e+01
   14.089226 -1.153080e+01 4.359815e-15 5.744907e+00 3.376516e+01 7.909532e+00 6.265103e+01 3.306635e+01
   14.089226 -1.127496e+01 9.775141e-16 5.944983e+00 3.614326e+01 7.922298e+00 6.284039e+01 3.456152e+01
   14.089226 -1.101911e+01 2.080013e-16 6.152968e+00 3.868104e+01 7.933686e+00 6.300959e+01 3.610899e+01
   14.089226 -1.076327e+01 4.194636e-17 6.363695e+00 4.131801e+01 7.943830e+00 6.316051e+01 3.771014e+01
   14.089226 -1.050743e+01 8.017306e-18 6.571271e+00 4.397914e+01 7.952818e+00 6.329442e+01 3.936493e+01
   14.089226 -1.025158e+01 1.454589e-18 6.770010e+00 4.658601e+01 7.960715e+00 6.341219e+01 4.107181e+01
   14.089226 -9.995741e+00 2.512378e-19 6.955209e+00 4.906756e+01 7.967575e+00 6.351462e+01 4.282789e+01
   14.089226 -9.739898e+00 4.147287e-20 7.123563e+00 5.136741e+01 7.973464e+00 6.360261e+01 4.462925e+01
   14.089226 -9.484056e+00 6.573021e-21 7.273223e+00 5.344711e+01 7.978455e+00 6.367725e+01 4.647131e+01
   14.089226 -9.228213e+00 1.005094e-21 7.403627e+00 5.528609e+01 7.982634e+00 6.373979e+01 4.834921e+01
   14.089226 -8.972370e+00 1.490087e-22 7.515233e+00 5.687958e+01 7.986094e+00 6.379159e+01 5.025804e+01
   14.089226 -8.716527e+00 2.151829e-23 7.609231e+00 5.823546e+01 7.988929e+00 6.383405e+01 5.219314e+01
   14.089226 -8.460684e+00 3.039921e-24 7.687285e+00 5.937071e+01 7.991231e+00 6.386853e+01 5.415021e+01
   14.089226 -8.204842e+00 4.217376e-25 7.751299e+00 6.030798e+01 7.993083e+00 6.389630e+01 5.612541e+01
   14.089226 -7.948999e+00 5.764988e-26 7.803241e+00 6.107252e+01 7.994564e+00 6.391849e+01 5.811541e+01
   14.089226 -7.693156e+00 7.786913e-27 7.845009e+00 6.168987e+01 7.995741e+00 6.393613e+01 6.011735e+01
   14.089226 -7.437313e+00 1.041778e-27 7.878343e+00 6.218417e+01 7.996671e+00 6.395008e+01 6.212887e+01
   14.089226 -7.181470e+00 1.383176e-28 7.904782e+00 6.257724e+01 7.997403e+00 6.396106e+01 6.414800e+01
