#Data: Data/LatticeCube/titration_FJC_ZS3_0.88_0.88.out
#           E           mu            f          <N>         <N2>          <B>         <B2>
   11.800000 -3.022939e+01 9.999963e-01 3.734306e-06 3.734314e-06 7.793219e-06 1.703613e-05 1.000000e+00
   11.800000 -3.022939e+01 -2.997260e+01 9.999952e-01 4.827589e-06 4.827602e-06 1.007482e-05 2.202376e-05
    1.000000    11.800000 -3.022939e+01 -2.997260e+01 -2.971603e+01 9.999938e-01 6.239616e-06 6.239637e-06 1.302161e-05
    0.000028 1.000000e+00    11.800000 -3.022939e+01 -2.997260e+01 -2.971603e+01 -2.945962e+01 9.999919e-01 8.063317e-06 8.063352e-06
    0.000017 3.678541e-05 1.000000e+00    11.800000 -3.022939e+01 -2.997260e+01 -2.971603e+01 -2.945962e+01 -2.920335e+01 9.999896e-01 1.041871e-05
    0.000010 2.174308e-05 4.753093e-05 1.000000e+00    11.800000 -3.022939e+01 -2.997260e+01 -2.971603e+01 -2.945962e+01 -2.920335e+01 -2.894716e+01 9.999865e-01
    0.000013 1.346091e-05 2.809172e-05 6.140932e-05 1.000000e+00    11.800000 -3.022939e+01 -2.997260e+01 -2.971603e+01 -2.945962e+01 -2.920335e+01 -2.894716e+01 -2.869106e+01
    0.999983 1.738983e-05 1.738999e-05 3.629127e-05 7.933394e-05 1.000000e+00    11.800000 -3.022939e+01 -2.997260e+01 -2.971603e+01 -2.945962e+01 -2.920335e+01 -2.894716e+01 -2.869106e+01
  -28.435015 9.999775e-01 2.246433e-05 2.246460e-05 4.688136e-05 1.024845e-04 1.000000e+00    11.800000 -3.022939e+01 -2.997260e+01 -2.971603e+01 -2.945962e+01 -2.920335e+01 -2.894716e+01 -2.869106e+01
  -28.435015 -2.817902e+01 9.999710e-01 2.901825e-05 2.901871e-05 6.055892e-05 1.323846e-04 1.000000e+00
   11.800000 -3.022939e+01 -2.997260e+01 -2.971603e+01 -2.945962e+01 -2.920335e+01 -2.894716e+01 -2.869106e+01
  -28.435015 -2.817902e+01 -2.792305e+01 9.999625e-01 3.748292e-05 3.748369e-05 7.822403e-05 1.710020e-04
    1.000000    11.800000 -3.022939e+01 -2.997260e+01 -2.971603e+01 -2.945962e+01 -2.920335e+01 -2.894716e+01 -2.869106e+01
  -28.435015 -2.817902e+01 -2.792305e+01 -2.766711e+01 9.999516e-01 4.841536e-05 4.841664e-05 1.010392e-04
    0.000221 1.000000e+00    11.800000 -3.022939e+01 -2.997260e+01 -2.971603e+01 -2.945962e+01 -2.920335e+01 -2.894716e+01 -2.869106e+01
  -28.435015 -2.817902e+01 -2.792305e+01 -2.766711e+01 -2.741120e+01 9.999375e-01 6.253500e-05 6.253712e-05
    0.000131 2.852961e-04 1.000000e+00    11.800000 -3.022939e+01 -2.997260e+01 -2.971603e+01 -2.945962e+01 -2.920335e+01 -2.894716e+01 -2.869106e+01
  -28.435015 -2.817902e+01 -2.792305e+01 -2.766711e+01 -2.741120e+01 -2.715530e+01 9.999192e-01 8.077093e-05
    0.000081 1.685627e-04 3.684949e-04 1.000000e+00    11.800000 -3.022939e+01 -2.997260e+01 -2.971603e+01 -2.945962e+01 -2.920335e+01 -2.894716e+01 -2.869106e+01
  -28.435015 -2.817902e+01 -2.792305e+01 -2.766711e+01 -2.741120e+01 -2.715530e+01 -2.689941e+01 9.998957e-01
    0.000104 1.043290e-04 2.177142e-04 4.759503e-04 1.000000e+00    11.800000 -3.022939e+01 -2.997260e+01 -2.971603e+01 -2.945962e+01 -2.920335e+01 -2.894716e+01 -2.869106e+01
  -28.435015 -2.817902e+01 -2.792305e+01 -2.766711e+01 -2.741120e+01 -2.715530e+01 -2.689941e+01 -2.664354e+01
    0.999865 1.347412e-04 1.347510e-04 2.811942e-04 6.147343e-04 1.000000e+00    11.800000 -3.022939e+01 -2.997260e+01 -2.971603e+01 -2.945962e+01 -2.920335e+01 -2.894716e+01 -2.869106e+01
  -28.435015 -2.817902e+01 -2.792305e+01 -2.766711e+01 -2.741120e+01 -2.715530e+01 -2.689941e+01 -2.664354e+01
  -26.387667 9.998260e-01 1.740263e-04 1.740428e-04 3.631791e-04 7.939809e-04 1.000000e+00    11.800000 -3.022939e+01 -2.997260e+01 -2.971603e+01 -2.945962e+01 -2.920335e+01 -2.894716e+01 -2.869106e+01
  -28.435015 -2.817902e+01 -2.792305e+01 -2.766711e+01 -2.741120e+01 -2.715530e+01 -2.689941e+01 -2.664354e+01
  -26.387667 -2.613180e+01 9.997753e-01 2.247630e-04 2.247904e-04 4.690621e-04 1.025487e-03 1.000000e+00
   11.800000 -3.022939e+01 -2.997260e+01 -2.971603e+01 -2.945962e+01 -2.920335e+01 -2.894716e+01 -2.869106e+01
  -28.435015 -2.817902e+01 -2.792305e+01 -2.766711e+01 -2.741120e+01 -2.715530e+01 -2.689941e+01 -2.664354e+01
  -26.387667 -2.613180e+01 -2.587595e+01 9.997097e-01 2.902885e-04 2.903342e-04 6.058079e-04 1.324488e-03
    1.000000    11.800000 -3.022939e+01 -2.997260e+01 -2.971603e+01 -2.945962e+01 -2.920335e+01 -2.894716e+01 -2.869106e+01
  -28.435015 -2.817902e+01 -2.792305e+01 -2.766711e+01 -2.741120e+01 -2.715530e+01 -2.689941e+01 -2.664354e+01
  -26.387667 -2.613180e+01 -2.587595e+01 -2.562009e+01 9.996251e-01 3.749121e-04 3.749884e-04 7.824094e-04
    0.001711 1.000000e+00    11.800000 -3.022939e+01 -2.997260e+01 -2.971603e+01 -2.945962e+01 -2.920335e+01 -2.894716e+01 -2.869106e+01
  -28.435015 -2.817902e+01 -2.792305e+01 -2.766711e+01 -2.741120e+01 -2.715530e+01 -2.689941e+01 -2.664354e+01
  -26.387667 -2.613180e+01 -2.587595e+01 -2.562009e+01 -2.536424e+01 9.995159e-01 4.841981e-04 4.843254e-04
    0.001010 2.209430e-03 1.000000e+00    11.800000 -3.022939e+01 -2.997260e+01 -2.971603e+01 -2.945962e+01 -2.920335e+01 -2.894716e+01 -2.869106e+01
  -28.435015 -2.817902e+01 -2.792305e+01 -2.766711e+01 -2.741120e+01 -2.715530e+01 -2.689941e+01 -2.664354e+01
  -26.387667 -2.613180e+01 -2.587595e+01 -2.562009e+01 -2.536424e+01 -2.510839e+01 9.993748e-01 6.253303e-04
    0.000626 1.305006e-03 2.853612e-03 1.000000e+00    11.800000 -3.022939e+01 -2.997260e+01 -2.971603e+01 -2.945962e+01 -2.920335e+01 -2.894716e+01 -2.869106e+01
  -28.435015 -2.817902e+01 -2.792305e+01 -2.766711e+01 -2.741120e+01 -2.715530e+01 -2.689941e+01 -2.664354e+01
  -26.387667 -2.613180e+01 -2.587595e+01 -2.562009e+01 -2.536424e+01 -2.510839e+01 -2.485254e+01 9.991926e-01
    0.000808 8.079368e-04 1.685345e-03 3.685607e-03 1.000000e+00    11.800000 -3.022939e+01 -2.997260e+01 -2.971603e+01 -2.945962e+01 -2.920335e+01 -2.894716e+01 -2.869106e+01
  -28.435015 -2.817902e+01 -2.792305e+01 -2.766711e+01 -2.741120e+01 -2.715530e+01 -2.689941e+01 -2.664354e+01
  -26.387667 -2.613180e+01 -2.587595e+01 -2.562009e+01 -2.536424e+01 -2.510839e+01 -2.485254e+01 -2.459669e+01
    0.998957 1.042926e-03 1.043517e-03 2.176476e-03 4.760172e-03 1.000000e+00    11.800000 -3.022939e+01 -2.997260e+01 -2.971603e+01 -2.945962e+01 -2.920335e+01 -2.894716e+01 -2.869106e+01
  -28.435015 -2.817902e+01 -2.792305e+01 -2.766711e+01 -2.741120e+01 -2.715530e+01 -2.689941e+01 -2.664354e+01
  -26.387667 -2.613180e+01 -2.587595e+01 -2.562009e+01 -2.536424e+01 -2.510839e+01 -2.485254e+01 -2.459669e+01
  -24.340845 9.986537e-01 1.346809e-03 1.347794e-03 2.810634e-03 6.148031e-03 1.000000e+00    11.800000 -3.022939e+01 -2.997260e+01 -2.971603e+01 -2.945962e+01 -2.920335e+01 -2.894716e+01 -2.869106e+01
  -28.435015 -2.817902e+01 -2.792305e+01 -2.766711e+01 -2.741120e+01 -2.715530e+01 -2.689941e+01 -2.664354e+01
  -26.387667 -2.613180e+01 -2.587595e+01 -2.562009e+01 -2.536424e+01 -2.510839e+01 -2.485254e+01 -2.459669e+01
  -24.340845 -2.408500e+01 9.982617e-01 1.739165e-03 1.740808e-03 3.629414e-03 7.940527e-03 1.000000e+00
   11.800000 -3.022939e+01 -2.997260e+01 -2.971603e+01 -2.945962e+01 -2.920335e+01 -2.894716e+01 -2.869106e+01
  -28.435015 -2.817902e+01 -2.792305e+01 -2.766711e+01 -2.741120e+01 -2.715530e+01 -2.689941e+01 -2.664354e+01
  -26.387667 -2.613180e+01 -2.587595e+01 -2.562009e+01 -2.536424e+01 -2.510839e+01 -2.485254e+01 -2.459669e+01
  -24.340845 -2.408500e+01 -2.382915e+01 9.977557e-01 2.245704e-03 2.248444e-03 4.686463e-03 1.025564e-02
    1.000000    11.800000 -3.022939e+01 -2.997260e+01 -2.971603e+01 -2.945962e+01 -2.920335e+01 -2.894716e+01 -2.869106e+01
  -28.435015 -2.817902e+01 -2.792305e+01 -2.766711e+01 -2.741120e+01 -2.715530e+01 -2.689941e+01 -2.664354e+01
  -26.387667 -2.613180e+01 -2.587595e+01 -2.562009e+01 -2.536424e+01 -2.510839e+01 -2.485254e+01 -2.459669e+01
  -24.340845 -2.408500e+01 -2.382915e+01 -2.357331e+01 9.971027e-01 2.899580e-03 2.904147e-03 6.050949e-03
    0.013246 1.000000e+00    11.800000 -3.022939e+01 -2.997260e+01 -2.971603e+01 -2.945962e+01 -2.920335e+01 -2.894716e+01 -2.869106e+01
  -28.435015 -2.817902e+01 -2.792305e+01 -2.766711e+01 -2.741120e+01 -2.715530e+01 -2.689941e+01 -2.664354e+01
  -26.387667 -2.613180e+01 -2.587595e+01 -2.562009e+01 -2.536424e+01 -2.510839e+01 -2.485254e+01 -2.459669e+01
  -24.340845 -2.408500e+01 -2.382915e+01 -2.357331e+01 -2.331746e+01 9.962603e-01 3.743517e-03 3.751131e-03
    0.007812 1.710763e-02 1.000000e+00    11.800000 -3.022939e+01 -2.997260e+01 -2.971603e+01 -2.945962e+01 -2.920335e+01 -2.894716e+01 -2.869106e+01
  -28.435015 -2.817902e+01 -2.792305e+01 -2.766711e+01 -2.741120e+01 -2.715530e+01 -2.689941e+01 -2.664354e+01
  -26.387667 -2.613180e+01 -2.587595e+01 -2.562009e+01 -2.536424e+01 -2.510839e+01 -2.485254e+01 -2.459669e+01
  -24.340845 -2.408500e+01 -2.382915e+01 -2.357331e+01 -2.331746e+01 -2.306162e+01 9.951738e-01 4.832545e-03
    0.004845 1.008444e-02 2.209550e-02 1.000000e+00    11.800000 -3.022939e+01 -2.997260e+01 -2.971603e+01 -2.945962e+01 -2.920335e+01 -2.894716e+01 -2.869106e+01
  -28.435015 -2.817902e+01 -2.792305e+01 -2.766711e+01 -2.741120e+01 -2.715530e+01 -2.689941e+01 -2.664354e+01
  -26.387667 -2.613180e+01 -2.587595e+01 -2.562009e+01 -2.536424e+01 -2.510839e+01 -2.485254e+01 -2.459669e+01
  -24.340845 -2.408500e+01 -2.382915e+01 -2.357331e+01 -2.331746e+01 -2.306162e+01 -2.280577e+01 9.937731e-01
    0.006237 6.258628e-03 1.301596e-02 2.853766e-02 1.000000e+00    11.800000 -3.022939e+01 -2.997260e+01 -2.971603e+01 -2.945962e+01 -2.920335e+01 -2.894716e+01 -2.869106e+01
  -28.435015 -2.817902e+01 -2.792305e+01 -2.766711e+01 -2.741120e+01 -2.715530e+01 -2.689941e+01 -2.664354e+01
  -26.387667 -2.613180e+01 -2.587595e+01 -2.562009e+01 -2.536424e+01 -2.510839e+01 -2.485254e+01 -2.459669e+01
  -24.340845 -2.408500e+01 -2.382915e+01 -2.357331e+01 -2.331746e+01 -2.306162e+01 -2.280577e+01 -2.254992e+01
    0.991968 8.049372e-03 8.084596e-03 1.679644e-02 3.685815e-02 1.000000e+00    11.800000 -3.022939e+01 -2.997260e+01 -2.971603e+01 -2.945962e+01 -2.920335e+01 -2.894716e+01 -2.869106e+01
  -28.435015 -2.817902e+01 -2.792305e+01 -2.766711e+01 -2.741120e+01 -2.715530e+01 -2.689941e+01 -2.664354e+01
  -26.387667 -2.613180e+01 -2.587595e+01 -2.562009e+01 -2.536424e+01 -2.510839e+01 -2.485254e+01 -2.459669e+01
  -24.340845 -2.408500e+01 -2.382915e+01 -2.357331e+01 -2.331746e+01 -2.306162e+01 -2.280577e+01 -2.254992e+01
  -22.294073 9.896442e-01 1.038510e-02 1.044375e-02 2.166960e-02 4.760463e-02 1.000000e+00    11.800000 -3.022939e+01 -2.997260e+01 -2.971603e+01 -2.945962e+01 -2.920335e+01 -2.894716e+01 -2.869106e+01
  -28.435015 -2.817902e+01 -2.792305e+01 -2.766711e+01 -2.741120e+01 -2.715530e+01 -2.689941e+01 -2.664354e+01
  -26.387667 -2.613180e+01 -2.587595e+01 -2.562009e+01 -2.536424e+01 -2.510839e+01 -2.485254e+01 -2.459669e+01
  -24.340845 -2.408500e+01 -2.382915e+01 -2.357331e+01 -2.331746e+01 -2.306162e+01 -2.280577e+01 -2.254992e+01
  -22.294073 -2.203822e+01 9.866543e-01 1.339446e-02 1.349207e-02 2.794771e-02 6.148443e-02 1.000000e+00
   11.800000 -3.022939e+01 -2.997260e+01 -2.971603e+01 -2.945962e+01 -2.920335e+01 -2.894716e+01 -2.869106e+01
  -28.435015 -2.817902e+01 -2.792305e+01 -2.766711e+01 -2.741120e+01 -2.715530e+01 -2.689941e+01 -2.664354e+01
  -26.387667 -2.613180e+01 -2.587595e+01 -2.562009e+01 -2.536424e+01 -2.510839e+01 -2.485254e+01 -2.459669e+01
  -24.340845 -2.408500e+01 -2.382915e+01 -2.357331e+01 -2.331746e+01 -2.306162e+01 -2.280577e+01 -2.254992e+01
  -22.294073 -2.203822e+01 -2.178237e+01 9.828120e-01 1.726902e-02 1.743136e-02 3.602994e-02 7.941108e-02
    1.000000    11.800000 -3.022939e+01 -2.997260e+01 -2.971603e+01 -2.945962e+01 -2.920335e+01 -2.894716e+01 -2.869106e+01
  -28.435015 -2.817902e+01 -2.792305e+01 -2.766711e+01 -2.741120e+01 -2.715530e+01 -2.689941e+01 -2.664354e+01
  -26.387667 -2.613180e+01 -2.587595e+01 -2.562009e+01 -2.536424e+01 -2.510839e+01 -2.485254e+01 -2.459669e+01
  -24.340845 -2.408500e+01 -2.382915e+01 -2.357331e+01 -2.331746e+01 -2.306162e+01 -2.280577e+01 -2.254992e+01
  -22.294073 -2.203822e+01 -2.178237e+01 -2.152652e+01 9.778816e-01 2.225300e-02 2.252277e-02 4.642503e-02
    0.102564 1.000000e+00    11.800000 -3.022939e+01 -2.997260e+01 -2.971603e+01 -2.945962e+01 -2.920335e+01 -2.894716e+01 -2.869106e+01
  -28.435015 -2.817902e+01 -2.792305e+01 -2.766711e+01 -2.741120e+01 -2.715530e+01 -2.689941e+01 -2.664354e+01
  -26.387667 -2.613180e+01 -2.587595e+01 -2.562009e+01 -2.536424e+01 -2.510839e+01 -2.485254e+01 -2.459669e+01
  -24.340845 -2.408500e+01 -2.382915e+01 -2.357331e+01 -2.331746e+01 -2.306162e+01 -2.280577e+01 -2.254992e+01
  -22.294073 -2.203822e+01 -2.178237e+01 -2.152652e+01 -2.127066e+01 9.715667e-01 2.865665e-02 2.910442e-02
    0.059779 1.324672e-01 1.000000e+00    11.800000 -3.022939e+01 -2.997260e+01 -2.971603e+01 -2.945962e+01 -2.920335e+01 -2.894716e+01 -2.869106e+01
  -28.435015 -2.817902e+01 -2.792305e+01 -2.766711e+01 -2.741120e+01 -2.715530e+01 -2.689941e+01 -2.664354e+01
  -26.387667 -2.613180e+01 -2.587595e+01 -2.562009e+01 -2.536424e+01 -2.510839e+01 -2.485254e+01 -2.459669e+01
  -24.340845 -2.408500e+01 -2.382915e+01 -2.357331e+01 -2.331746e+01 -2.306162e+01 -2.280577e+01 -2.254992e+01
  -22.294073 -2.203822e+01 -2.178237e+01 -2.152652e+01 -2.127066e+01 -2.101480e+01 9.634979e-01 3.687212e-02
    0.037614 7.690713e-02 1.710861e-01 1.000000e+00    11.800000 -3.022939e+01 -2.997260e+01 -2.971603e+01 -2.945962e+01 -2.920335e+01 -2.894716e+01 -2.869106e+01
  -28.435015 -2.817902e+01 -2.792305e+01 -2.766711e+01 -2.741120e+01 -2.715530e+01 -2.689941e+01 -2.664354e+01
  -26.387667 -2.613180e+01 -2.587595e+01 -2.562009e+01 -2.536424e+01 -2.510839e+01 -2.485254e+01 -2.459669e+01
  -24.340845 -2.408500e+01 -2.382915e+01 -2.357331e+01 -2.331746e+01 -2.306162e+01 -2.280577e+01 -2.254992e+01
  -22.294073 -2.203822e+01 -2.178237e+01 -2.152652e+01 -2.127066e+01 -2.101480e+01 -2.075894e+01 9.532197e-01
    0.047392 4.862003e-02 9.883374e-02 2.209579e-01 1.000000e+00    11.800000 -3.022939e+01 -2.997260e+01 -2.971603e+01 -2.945962e+01 -2.920335e+01 -2.894716e+01 -2.869106e+01
  -28.435015 -2.817902e+01 -2.792305e+01 -2.766711e+01 -2.741120e+01 -2.715530e+01 -2.689941e+01 -2.664354e+01
  -26.387667 -2.613180e+01 -2.587595e+01 -2.562009e+01 -2.536424e+01 -2.510839e+01 -2.485254e+01 -2.459669e+01
  -24.340845 -2.408500e+01 -2.382915e+01 -2.357331e+01 -2.331746e+01 -2.306162e+01 -2.280577e+01 -2.254992e+01
  -22.294073 -2.203822e+01 -2.178237e+01 -2.152652e+01 -2.127066e+01 -2.101480e+01 -2.075894e+01 -2.050307e+01
    0.940178 6.083030e-02 6.285732e-02 1.268327e-01 2.853532e-01 1.000000e+00    11.800000 -3.022939e+01 -2.997260e+01 -2.971603e+01 -2.945962e+01 -2.920335e+01 -2.894716e+01 -2.869106e+01
  -28.435015 -2.817902e+01 -2.792305e+01 -2.766711e+01 -2.741120e+01 -2.715530e+01 -2.689941e+01 -2.664354e+01
  -26.387667 -2.613180e+01 -2.587595e+01 -2.562009e+01 -2.536424e+01 -2.510839e+01 -2.485254e+01 -2.459669e+01
  -24.340845 -2.408500e+01 -2.382915e+01 -2.357331e+01 -2.331746e+01 -2.306162e+01 -2.280577e+01 -2.254992e+01
  -22.294073 -2.203822e+01 -2.178237e+01 -2.152652e+01 -2.127066e+01 -2.101480e+01 -2.075894e+01 -2.050307e+01
  -20.247191 9.237140e-01 7.794385e-02 8.128001e-02 1.624724e-01 3.684842e-01 1.000000e+00    11.800000 -3.022939e+01 -2.997260e+01 -2.971603e+01 -2.945962e+01 -2.920335e+01 -2.894716e+01 -2.869106e+01
  -28.435015 -2.817902e+01 -2.792305e+01 -2.766711e+01 -2.741120e+01 -2.715530e+01 -2.689941e+01 -2.664354e+01
  -26.387667 -2.613180e+01 -2.587595e+01 -2.562009e+01 -2.536424e+01 -2.510839e+01 -2.485254e+01 -2.459669e+01
  -24.340845 -2.408500e+01 -2.382915e+01 -2.357331e+01 -2.331746e+01 -2.306162e+01 -2.280577e+01 -2.254992e+01
  -22.294073 -2.203822e+01 -2.178237e+01 -2.152652e+01 -2.127066e+01 -2.101480e+01 -2.075894e+01 -2.050307e+01
  -20.247191 -1.999130e+01 9.030600e-01 9.965355e-02 1.051239e-01 2.076563e-01 4.757629e-01 1.000000e+00
   11.800000 -3.022939e+01 -2.997260e+01 -2.971603e+01 -2.945962e+01 -2.920335e+01 -2.894716e+01 -2.869106e+01
  -28.435015 -2.817902e+01 -2.792305e+01 -2.766711e+01 -2.741120e+01 -2.715530e+01 -2.689941e+01 -2.664354e+01
  -26.387667 -2.613180e+01 -2.587595e+01 -2.562009e+01 -2.536424e+01 -2.510839e+01 -2.485254e+01 -2.459669e+01
  -24.340845 -2.408500e+01 -2.382915e+01 -2.357331e+01 -2.331746e+01 -2.306162e+01 -2.280577e+01 -2.254992e+01
  -22.294073 -2.203822e+01 -2.178237e+01 -2.152652e+01 -2.127066e+01 -2.101480e+01 -2.075894e+01 -2.050307e+01
  -20.247191 -1.999130e+01 -1.973541e+01 8.773585e-01 1.270601e-01 1.359878e-01 2.646525e-01 6.141225e-01
    1.000000    11.800000 -3.022939e+01 -2.997260e+01 -2.971603e+01 -2.945962e+01 -2.920335e+01 -2.894716e+01 -2.869106e+01
  -28.435015 -2.817902e+01 -2.792305e+01 -2.766711e+01 -2.741120e+01 -2.715530e+01 -2.689941e+01 -2.664354e+01
  -26.387667 -2.613180e+01 -2.587595e+01 -2.562009e+01 -2.536424e+01 -2.510839e+01 -2.485254e+01 -2.459669e+01
  -24.340845 -2.408500e+01 -2.382915e+01 -2.357331e+01 -2.331746e+01 -2.306162e+01 -2.280577e+01 -2.254992e+01
  -22.294073 -2.203822e+01 -2.178237e+01 -2.152652e+01 -2.127066e+01 -2.101480e+01 -2.075894e+01 -2.050307e+01
  -20.247191 -1.999130e+01 -1.973541e+01 -1.947949e+01 8.456985e-01 1.614497e-01 1.759342e-01 3.360990e-01
    0.792400 1.000000e+00    11.800000 -3.022939e+01 -2.997260e+01 -2.971603e+01 -2.945962e+01 -2.920335e+01 -2.894716e+01 -2.869106e+01
  -28.435015 -2.817902e+01 -2.792305e+01 -2.766711e+01 -2.741120e+01 -2.715530e+01 -2.689941e+01 -2.664354e+01
  -26.387667 -2.613180e+01 -2.587595e+01 -2.562009e+01 -2.536424e+01 -2.510839e+01 -2.485254e+01 -2.459669e+01
  -24.340845 -2.408500e+01 -2.382915e+01 -2.357331e+01 -2.331746e+01 -2.306162e+01 -2.280577e+01 -2.254992e+01
  -22.294073 -2.203822e+01 -2.178237e+01 -2.152652e+01 -2.127066e+01 -2.101480e+01 -2.075894e+01 -2.050307e+01
  -20.247191 -1.999130e+01 -1.973541e+01 -1.947949e+01 -1.922356e+01 8.071900e-01 2.042804e-01 2.276094e-01
    0.424968 1.021775e+00 1.000000e+00    11.800000 -3.022939e+01 -2.997260e+01 -2.971603e+01 -2.945962e+01 -2.920335e+01 -2.894716e+01 -2.869106e+01
  -28.435015 -2.817902e+01 -2.792305e+01 -2.766711e+01 -2.741120e+01 -2.715530e+01 -2.689941e+01 -2.664354e+01
  -26.387667 -2.613180e+01 -2.587595e+01 -2.562009e+01 -2.536424e+01 -2.510839e+01 -2.485254e+01 -2.459669e+01
  -24.340845 -2.408500e+01 -2.382915e+01 -2.357331e+01 -2.331746e+01 -2.306162e+01 -2.280577e+01 -2.254992e+01
  -22.294073 -2.203822e+01 -2.178237e+01 -2.152652e+01 -2.127066e+01 -2.101480e+01 -2.075894e+01 -2.050307e+01
  -20.247191 -1.999130e+01 -1.973541e+01 -1.947949e+01 -1.922356e+01 -1.896762e+01 7.610815e-01 2.571415e-01
    0.294379 5.344684e-01 1.316229e+00 1.000000e+00    11.800000 -3.022939e+01 -2.997260e+01 -2.971603e+01 -2.945962e+01 -2.920335e+01 -2.894716e+01 -2.869106e+01
  -28.435015 -2.817902e+01 -2.792305e+01 -2.766711e+01 -2.741120e+01 -2.715530e+01 -2.689941e+01 -2.664354e+01
  -26.387667 -2.613180e+01 -2.587595e+01 -2.562009e+01 -2.536424e+01 -2.510839e+01 -2.485254e+01 -2.459669e+01
  -24.340845 -2.408500e+01 -2.382915e+01 -2.357331e+01 -2.331746e+01 -2.306162e+01 -2.280577e+01 -2.254992e+01
  -22.294073 -2.203822e+01 -2.178237e+01 -2.152652e+01 -2.127066e+01 -2.101480e+01 -2.075894e+01 -2.050307e+01
  -20.247191 -1.999130e+01 -1.973541e+01 -1.947949e+01 -1.922356e+01 -1.896762e+01 -1.871165e+01 7.069268e-01
    0.321674 3.804670e-01 6.678644e-01 1.692963e+00 1.000000e+00    11.800000 -3.022939e+01 -2.997260e+01 -2.971603e+01 -2.945962e+01 -2.920335e+01 -2.894716e+01 -2.869106e+01
  -28.435015 -2.817902e+01 -2.792305e+01 -2.766711e+01 -2.741120e+01 -2.715530e+01 -2.689941e+01 -2.664354e+01
  -26.387667 -2.613180e+01 -2.587595e+01 -2.562009e+01 -2.536424e+01 -2.510839e+01 -2.485254e+01 -2.459669e+01
  -24.340845 -2.408500e+01 -2.382915e+01 -2.357331e+01 -2.331746e+01 -2.306162e+01 -2.280577e+01 -2.254992e+01
  -22.294073 -2.203822e+01 -2.178237e+01 -2.152652e+01 -2.127066e+01 -2.101480e+01 -2.075894e+01 -2.050307e+01
  -20.247191 -1.999130e+01 -1.973541e+01 -1.947949e+01 -1.922356e+01 -1.896762e+01 -1.871165e+01 -1.845565e+01
    0.644789 3.994477e-01 4.910698e-01 8.282022e-01 2.172646e+00 1.000000e+00    11.800000 -3.022939e+01 -2.997260e+01 -2.971603e+01 -2.945962e+01 -2.920335e+01 -2.894716e+01 -2.869106e+01
  -28.435015 -2.817902e+01 -2.792305e+01 -2.766711e+01 -2.741120e+01 -2.715530e+01 -2.689941e+01 -2.664354e+01
  -26.387667 -2.613180e+01 -2.587595e+01 -2.562009e+01 -2.536424e+01 -2.510839e+01 -2.485254e+01 -2.459669e+01
  -24.340845 -2.408500e+01 -2.382915e+01 -2.357331e+01 -2.331746e+01 -2.306162e+01 -2.280577e+01 -2.254992e+01
  -22.294073 -2.203822e+01 -2.178237e+01 -2.152652e+01 -2.127066e+01 -2.101480e+01 -2.075894e+01 -2.050307e+01
  -20.247191 -1.999130e+01 -1.973541e+01 -1.947949e+01 -1.922356e+01 -1.896762e+01 -1.871165e+01 -1.845565e+01
  -18.199637 5.754538e-01 4.917993e-01 6.324063e-01 1.017948e+00 2.779303e+00 1.000000e+00    11.800000 -3.022939e+01 -2.997260e+01 -2.971603e+01 -2.945962e+01 -2.920335e+01 -2.894716e+01 -2.869106e+01
  -28.435015 -2.817902e+01 -2.792305e+01 -2.766711e+01 -2.741120e+01 -2.715530e+01 -2.689941e+01 -2.664354e+01
  -26.387667 -2.613180e+01 -2.587595e+01 -2.562009e+01 -2.536424e+01 -2.510839e+01 -2.485254e+01 -2.459669e+01
  -24.340845 -2.408500e+01 -2.382915e+01 -2.357331e+01 -2.331746e+01 -2.306162e+01 -2.280577e+01 -2.254992e+01
  -22.294073 -2.203822e+01 -2.178237e+01 -2.152652e+01 -2.127066e+01 -2.101480e+01 -2.075894e+01 -2.050307e+01
  -20.247191 -1.999130e+01 -1.973541e+01 -1.947949e+01 -1.922356e+01 -1.896762e+01 -1.871165e+01 -1.845565e+01
  -18.199637 -1.794359e+01 5.005799e-01 5.996441e-01 8.116431e-01 1.238580e+00 3.539622e+00 1.000000e+00
   11.800000 -3.022939e+01 -2.997260e+01 -2.971603e+01 -2.945962e+01 -2.920335e+01 -2.894716e+01 -2.869106e+01
  -28.435015 -2.817902e+01 -2.792305e+01 -2.766711e+01 -2.741120e+01 -2.715530e+01 -2.689941e+01 -2.664354e+01
  -26.387667 -2.613180e+01 -2.587595e+01 -2.562009e+01 -2.536424e+01 -2.510839e+01 -2.485254e+01 -2.459669e+01
  -24.340845 -2.408500e+01 -2.382915e+01 -2.357331e+01 -2.331746e+01 -2.306162e+01 -2.280577e+01 -2.254992e+01
  -22.294073 -2.203822e+01 -2.178237e+01 -2.152652e+01 -2.127066e+01 -2.101480e+01 -2.075894e+01 -2.050307e+01
  -20.247191 -1.999130e+01 -1.973541e+01 -1.947949e+01 -1.922356e+01 -1.896762e+01 -1.871165e+01 -1.845565e+01
  -18.199637 -1.794359e+01 -1.768753e+01 4.227254e-01 7.232995e-01 1.036639e+00 1.490205e+00 4.481436e+00
    1.000000    11.800000 -3.022939e+01 -2.997260e+01 -2.971603e+01 -2.945962e+01 -2.920335e+01 -2.894716e+01 -2.869106e+01
  -28.435015 -2.817902e+01 -2.792305e+01 -2.766711e+01 -2.741120e+01 -2.715530e+01 -2.689941e+01 -2.664354e+01
  -26.387667 -2.613180e+01 -2.587595e+01 -2.562009e+01 -2.536424e+01 -2.510839e+01 -2.485254e+01 -2.459669e+01
  -24.340845 -2.408500e+01 -2.382915e+01 -2.357331e+01 -2.331746e+01 -2.306162e+01 -2.280577e+01 -2.254992e+01
  -22.294073 -2.203822e+01 -2.178237e+01 -2.152652e+01 -2.127066e+01 -2.101480e+01 -2.075894e+01 -2.050307e+01
  -20.247191 -1.999130e+01 -1.973541e+01 -1.947949e+01 -1.922356e+01 -1.896762e+01 -1.871165e+01 -1.845565e+01
  -18.199637 -1.794359e+01 -1.768753e+01 -1.743144e+01 3.451607e-01 8.623594e-01 1.315471e+00 1.771294e+00
    5.631319 1.000000e+00    11.800000 -3.022939e+01 -2.997260e+01 -2.971603e+01 -2.945962e+01 -2.920335e+01 -2.894716e+01 -2.869106e+01
  -28.435015 -2.817902e+01 -2.792305e+01 -2.766711e+01 -2.741120e+01 -2.715530e+01 -2.689941e+01 -2.664354e+01
  -26.387667 -2.613180e+01 -2.587595e+01 -2.562009e+01 -2.536424e+01 -2.510839e+01 -2.485254e+01 -2.459669e+01
  -24.340845 -2.408500e+01 -2.382915e+01 -2.357331e+01 -2.331746e+01 -2.306162e+01 -2.280577e+01 -2.254992e+01
  -22.294073 -2.203822e+01 -2.178237e+01 -2.152652e+01 -2.127066e+01 -2.101480e+01 -2.075894e+01 -2.050307e+01
  -20.247191 -1.999130e+01 -1.973541e+01 -1.947949e+01 -1.922356e+01 -1.896762e+01 -1.871165e+01 -1.845565e+01
  -18.199637 -1.794359e+01 -1.768753e+01 -1.743144e+01 -1.717534e+01 2.714607e-01 1.015662e+00 1.655770e+00
    2.078631 7.011459e+00 1.000000e+00    11.800000 -3.022939e+01 -2.997260e+01 -2.971603e+01 -2.945962e+01 -2.920335e+01 -2.894716e+01 -2.869106e+01
  -28.435015 -2.817902e+01 -2.792305e+01 -2.766711e+01 -2.741120e+01 -2.715530e+01 -2.689941e+01 -2.664354e+01
  -26.387667 -2.613180e+01 -2.587595e+01 -2.562009e+01 -2.536424e+01 -2.510839e+01 -2.485254e+01 -2.459669e+01
  -24.340845 -2.408500e+01 -2.382915e+01 -2.357331e+01 -2.331746e+01 -2.306162e+01 -2.280577e+01 -2.254992e+01
  -22.294073 -2.203822e+01 -2.178237e+01 -2.152652e+01 -2.127066e+01 -2.101480e+01 -2.075894e+01 -2.050307e+01
  -20.247191 -1.999130e+01 -1.973541e+01 -1.947949e+01 -1.922356e+01 -1.896762e+01 -1.871165e+01 -1.845565e+01
  -18.199637 -1.794359e+01 -1.768753e+01 -1.743144e+01 -1.717534e+01 -1.691924e+01 2.049409e-01 1.181370e+00
    2.063957 2.407512e+00 8.636328e+00 1.000000e+00    11.800000 -3.022939e+01 -2.997260e+01 -2.971603e+01 -2.945962e+01 -2.920335e+01 -2.894716e+01 -2.869106e+01
  -28.435015 -2.817902e+01 -2.792305e+01 -2.766711e+01 -2.741120e+01 -2.715530e+01 -2.689941e+01 -2.664354e+01
  -26.387667 -2.613180e+01 -2.587595e+01 -2.562009e+01 -2.536424e+01 -2.510839e+01 -2.485254e+01 -2.459669e+01
  -24.340845 -2.408500e+01 -2.382915e+01 -2.357331e+01 -2.331746e+01 -2.306162e+01 -2.280577e+01 -2.254992e+01
  -22.294073 -2.203822e+01 -2.178237e+01 -2.152652e+01 -2.127066e+01 -2.101480e+01 -2.075894e+01 -2.050307e+01
  -20.247191 -1.999130e+01 -1.973541e+01 -1.947949e+01 -1.922356e+01 -1.896762e+01 -1.871165e+01 -1.845565e+01
  -18.199637 -1.794359e+01 -1.768753e+01 -1.743144e+01 -1.717534e+01 -1.691924e+01 -1.666313e+01 1.480935e-01
    1.357150 2.544549e+00 2.752168e+00 1.050993e+01 1.000000e+00    11.800000 -3.022939e+01 -2.997260e+01 -2.971603e+01 -2.945962e+01 -2.920335e+01 -2.894716e+01 -2.869106e+01
  -28.435015 -2.817902e+01 -2.792305e+01 -2.766711e+01 -2.741120e+01 -2.715530e+01 -2.689941e+01 -2.664354e+01
  -26.387667 -2.613180e+01 -2.587595e+01 -2.562009e+01 -2.536424e+01 -2.510839e+01 -2.485254e+01 -2.459669e+01
  -24.340845 -2.408500e+01 -2.382915e+01 -2.357331e+01 -2.331746e+01 -2.306162e+01 -2.280577e+01 -2.254992e+01
  -22.294073 -2.203822e+01 -2.178237e+01 -2.152652e+01 -2.127066e+01 -2.101480e+01 -2.075894e+01 -2.050307e+01
  -20.247191 -1.999130e+01 -1.973541e+01 -1.947949e+01 -1.922356e+01 -1.896762e+01 -1.871165e+01 -1.845565e+01
  -18.199637 -1.794359e+01 -1.768753e+01 -1.743144e+01 -1.717534e+01 -1.691924e+01 -1.666313e+01 -1.640703e+01
    0.102201 1.540415e+00 3.099687e+00 3.106321e+00 1.262431e+01 1.000000e+00    11.800000 -3.022939e+01 -2.997260e+01 -2.971603e+01 -2.945962e+01 -2.920335e+01 -2.894716e+01 -2.869106e+01
  -28.435015 -2.817902e+01 -2.792305e+01 -2.766711e+01 -2.741120e+01 -2.715530e+01 -2.689941e+01 -2.664354e+01
  -26.387667 -2.613180e+01 -2.587595e+01 -2.562009e+01 -2.536424e+01 -2.510839e+01 -2.485254e+01 -2.459669e+01
  -24.340845 -2.408500e+01 -2.382915e+01 -2.357331e+01 -2.331746e+01 -2.306162e+01 -2.280577e+01 -2.254992e+01
  -22.294073 -2.203822e+01 -2.178237e+01 -2.152652e+01 -2.127066e+01 -2.101480e+01 -2.075894e+01 -2.050307e+01
  -20.247191 -1.999130e+01 -1.973541e+01 -1.947949e+01 -1.922356e+01 -1.896762e+01 -1.871165e+01 -1.845565e+01
  -18.199637 -1.794359e+01 -1.768753e+01 -1.743144e+01 -1.717534e+01 -1.691924e+01 -1.666313e+01 -1.640703e+01
  -16.150945 6.725211e-02 1.728566e+00 3.728980e+00 3.463748e+00 1.495966e+01 1.000000e+00    11.800000 -3.022939e+01 -2.997260e+01 -2.971603e+01 -2.945962e+01 -2.920335e+01 -2.894716e+01 -2.869106e+01
  -28.435015 -2.817902e+01 -2.792305e+01 -2.766711e+01 -2.741120e+01 -2.715530e+01 -2.689941e+01 -2.664354e+01
  -26.387667 -2.613180e+01 -2.587595e+01 -2.562009e+01 -2.536424e+01 -2.510839e+01 -2.485254e+01 -2.459669e+01
  -24.340845 -2.408500e+01 -2.382915e+01 -2.357331e+01 -2.331746e+01 -2.306162e+01 -2.280577e+01 -2.254992e+01
  -22.294073 -2.203822e+01 -2.178237e+01 -2.152652e+01 -2.127066e+01 -2.101480e+01 -2.075894e+01 -2.050307e+01
  -20.247191 -1.999130e+01 -1.973541e+01 -1.947949e+01 -1.922356e+01 -1.896762e+01 -1.871165e+01 -1.845565e+01
  -18.199637 -1.794359e+01 -1.768753e+01 -1.743144e+01 -1.717534e+01 -1.691924e+01 -1.666313e+01 -1.640703e+01
  -16.150945 -1.589488e+01 4.215856e-02 1.919185e+00 4.429658e+00 3.818731e+00 1.748590e+01 1.000000e+00
   11.800000 -3.022939e+01 -2.997260e+01 -2.971603e+01 -2.945962e+01 -2.920335e+01 -2.894716e+01 -2.869106e+01
  -28.435015 -2.817902e+01 -2.792305e+01 -2.766711e+01 -2.741120e+01 -2.715530e+01 -2.689941e+01 -2.664354e+01
  -26.387667 -2.613180e+01 -2.587595e+01 -2.562009e+01 -2.536424e+01 -2.510839e+01 -2.485254e+01 -2.459669e+01
  -24.340845 -2.408500e+01 -2.382915e+01 -2.357331e+01 -2.331746e+01 -2.306162e+01 -2.280577e+01 -2.254992e+01
  -22.294073 -2.203822e+01 -2.178237e+01 -2.152652e+01 -2.127066e+01 -2.101480e+01 -2.075894e+01 -2.050307e+01
  -20.247191 -1.999130e+01 -1.973541e+01 -1.947949e+01 -1.922356e+01 -1.896762e+01 -1.871165e+01 -1.845565e+01
  -18.199637 -1.794359e+01 -1.768753e+01 -1.743144e+01 -1.717534e+01 -1.691924e+01 -1.666313e+01 -1.640703e+01
  -16.150945 -1.589488e+01 -1.563883e+01 2.516790e-02 2.110159e+00 5.196940e+00 4.166341e+00 2.016507e+01
    1.000000    11.800000 -3.022939e+01 -2.997260e+01 -2.971603e+01 -2.945962e+01 -2.920335e+01 -2.894716e+01 -2.869106e+01
  -28.435015 -2.817902e+01 -2.792305e+01 -2.766711e+01 -2.741120e+01 -2.715530e+01 -2.689941e+01 -2.664354e+01
  -26.387667 -2.613180e+01 -2.587595e+01 -2.562009e+01 -2.536424e+01 -2.510839e+01 -2.485254e+01 -2.459669e+01
  -24.340845 -2.408500e+01 -2.382915e+01 -2.357331e+01 -2.331746e+01 -2.306162e+01 -2.280577e+01 -2.254992e+01
  -22.294073 -2.203822e+01 -2.178237e+01 -2.152652e+01 -2.127066e+01 -2.101480e+01 -2.075894e+01 -2.050307e+01
  -20.247191 -1.999130e+01 -1.973541e+01 -1.947949e+01 -1.922356e+01 -1.896762e+01 -1.871165e+01 -1.845565e+01
  -18.199637 -1.794359e+01 -1.768753e+01 -1.743144e+01 -1.717534e+01 -1.691924e+01 -1.666313e+01 -1.640703e+01
  -16.150945 -1.589488e+01 -1.563883e+01 -1.538280e+01 1.431054e-02 2.299730e+00 6.024537e+00 4.502541e+00
   22.954132 1.000000e+00    11.800000 -3.022939e+01 -2.997260e+01 -2.971603e+01 -2.945962e+01 -2.920335e+01 -2.894716e+01 -2.869106e+01
  -28.435015 -2.817902e+01 -2.792305e+01 -2.766711e+01 -2.741120e+01 -2.715530e+01 -2.689941e+01 -2.664354e+01
  -26.387667 -2.613180e+01 -2.587595e+01 -2.562009e+01 -2.536424e+01 -2.510839e+01 -2.485254e+01 -2.459669e+01
  -24.340845 -2.408500e+01 -2.382915e+01 -2.357331e+01 -2.331746e+01 -2.306162e+01 -2.280577e+01 -2.254992e+01
  -22.294073 -2.203822e+01 -2.178237e+01 -2.152652e+01 -2.127066e+01 -2.101480e+01 -2.075894e+01 -2.050307e+01
  -20.247191 -1.999130e+01 -1.973541e+01 -1.947949e+01 -1.922356e+01 -1.896762e+01 -1.871165e+01 -1.845565e+01
  -18.199637 -1.794359e+01 -1.768753e+01 -1.743144e+01 -1.717534e+01 -1.691924e+01 -1.666313e+01 -1.640703e+01
  -16.150945 -1.589488e+01 -1.563883e+01 -1.538280e+01 -1.512679e+01 7.754511e-03 2.486491e+00 6.905203e+00
    4.824164 2.580758e+01 1.000000e+00    11.800000 -3.022939e+01 -2.997260e+01 -2.971603e+01 -2.945962e+01 -2.920335e+01 -2.894716e+01 -2.869106e+01
  -28.435015 -2.817902e+01 -2.792305e+01 -2.766711e+01 -2.741120e+01 -2.715530e+01 -2.689941e+01 -2.664354e+01
  -26.387667 -2.613180e+01 -2.587595e+01 -2.562009e+01 -2.536424e+01 -2.510839e+01 -2.485254e+01 -2.459669e+01
  -24.340845 -2.408500e+01 -2.382915e+01 -2.357331e+01 -2.331746e+01 -2.306162e+01 -2.280577e+01 -2.254992e+01
  -22.294073 -2.203822e+01 -2.178237e+01 -2.152652e+01 -2.127066e+01 -2.101480e+01 -2.075894e+01 -2.050307e+01
  -20.247191 -1.999130e+01 -1.973541e+01 -1.947949e+01 -1.922356e+01 -1.896762e+01 -1.871165e+01 -1.845565e+01
  -18.199637 -1.794359e+01 -1.768753e+01 -1.743144e+01 -1.717534e+01 -1.691924e+01 -1.666313e+01 -1.640703e+01
  -16.150945 -1.589488e+01 -1.563883e+01 -1.538280e+01 -1.512679e+01 -1.487081e+01 4.007927e-03 2.669369e+00
    7.831289 5.128819e+00 2.867971e+01 1.000000e+00    11.800000 -3.022939e+01 -2.997260e+01 -2.971603e+01 -2.945962e+01 -2.920335e+01 -2.894716e+01 -2.869106e+01
  -28.435015 -2.817902e+01 -2.792305e+01 -2.766711e+01 -2.741120e+01 -2.715530e+01 -2.689941e+01 -2.664354e+01
  -26.387667 -2.613180e+01 -2.587595e+01 -2.562009e+01 -2.536424e+01 -2.510839e+01 -2.485254e+01 -2.459669e+01
  -24.340845 -2.408500e+01 -2.382915e+01 -2.357331e+01 -2.331746e+01 -2.306162e+01 -2.280577e+01 -2.254992e+01
  -22.294073 -2.203822e+01 -2.178237e+01 -2.152652e+01 -2.127066e+01 -2.101480e+01 -2.075894e+01 -2.050307e+01
  -20.247191 -1.999130e+01 -1.973541e+01 -1.947949e+01 -1.922356e+01 -1.896762e+01 -1.871165e+01 -1.845565e+01
  -18.199637 -1.794359e+01 -1.768753e+01 -1.743144e+01 -1.717534e+01 -1.691924e+01 -1.666313e+01 -1.640703e+01
  -16.150945 -1.589488e+01 -1.563883e+01 -1.538280e+01 -1.512679e+01 -1.487081e+01 -1.461484e+01 1.978023e-03
    2.847592 8.795271e+00 5.414767e+00 3.152633e+01 1.000000e+00    11.800000 -3.022939e+01 -2.997260e+01 -2.971603e+01 -2.945962e+01 -2.920335e+01 -2.894716e+01 -2.869106e+01
  -28.435015 -2.817902e+01 -2.792305e+01 -2.766711e+01 -2.741120e+01 -2.715530e+01 -2.689941e+01 -2.664354e+01
  -26.387667 -2.613180e+01 -2.587595e+01 -2.562009e+01 -2.536424e+01 -2.510839e+01 -2.485254e+01 -2.459669e+01
  -24.340845 -2.408500e+01 -2.382915e+01 -2.357331e+01 -2.331746e+01 -2.306162e+01 -2.280577e+01 -2.254992e+01
  -22.294073 -2.203822e+01 -2.178237e+01 -2.152652e+01 -2.127066e+01 -2.101480e+01 -2.075894e+01 -2.050307e+01
  -20.247191 -1.999130e+01 -1.973541e+01 -1.947949e+01 -1.922356e+01 -1.896762e+01 -1.871165e+01 -1.845565e+01
  -18.199637 -1.794359e+01 -1.768753e+01 -1.743144e+01 -1.717534e+01 -1.691924e+01 -1.666313e+01 -1.640703e+01
  -16.150945 -1.589488e+01 -1.563883e+01 -1.538280e+01 -1.512679e+01 -1.487081e+01 -1.461484e+01 -1.435890e+01
    0.000933 3.020671e+00 9.790295e+00 5.680792e+00 3.430591e+01 1.000000e+00    11.800000 -3.022939e+01 -2.997260e+01 -2.971603e+01 -2.945962e+01 -2.920335e+01 -2.894716e+01 -2.869106e+01
  -28.435015 -2.817902e+01 -2.792305e+01 -2.766711e+01 -2.741120e+01 -2.715530e+01 -2.689941e+01 -2.664354e+01
  -26.387667 -2.613180e+01 -2.587595e+01 -2.562009e+01 -2.536424e+01 -2.510839e+01 -2.485254e+01 -2.459669e+01
  -24.340845 -2.408500e+01 -2.382915e+01 -2.357331e+01 -2.331746e+01 -2.306162e+01 -2.280577e+01 -2.254992e+01
  -22.294073 -2.203822e+01 -2.178237e+01 -2.152652e+01 -2.127066e+01 -2.101480e+01 -2.075894e+01 -2.050307e+01
  -20.247191 -1.999130e+01 -1.973541e+01 -1.947949e+01 -1.922356e+01 -1.896762e+01 -1.871165e+01 -1.845565e+01
  -18.199637 -1.794359e+01 -1.768753e+01 -1.743144e+01 -1.717534e+01 -1.691924e+01 -1.666313e+01 -1.640703e+01
  -16.150945 -1.589488e+01 -1.563883e+01 -1.538280e+01 -1.512679e+01 -1.487081e+01 -1.461484e+01 -1.435890e+01
  -14.102970 4.216216e-04 3.188400e+00 1.081088e+01 5.926097e+00 3.698053e+01 1.000000e+00    11.800000 -3.022939e+01 -2.997260e+01 -2.971603e+01 -2.945962e+01 -2.920335e+01 -2.894716e+01 -2.869106e+01
  -28.435015 -2.817902e+01 -2.792305e+01 -2.766711e+01 -2.741120e+01 -2.715530e+01 -2.689941e+01 -2.664354e+01
  -26.387667 -2.613180e+01 -2.587595e+01 -2.562009e+01 -2.536424e+01 -2.510839e+01 -2.485254e+01 -2.459669e+01
  -24.340845 -2.408500e+01 -2.382915e+01 -2.357331e+01 -2.331746e+01 -2.306162e+01 -2.280577e+01 -2.254992e+01
  -22.294073 -2.203822e+01 -2.178237e+01 -2.152652e+01 -2.127066e+01 -2.101480e+01 -2.075894e+01 -2.050307e+01
  -20.247191 -1.999130e+01 -1.973541e+01 -1.947949e+01 -1.922356e+01 -1.896762e+01 -1.871165e+01 -1.845565e+01
  -18.199637 -1.794359e+01 -1.768753e+01 -1.743144e+01 -1.717534e+01 -1.691924e+01 -1.666313e+01 -1.640703e+01
  -16.150945 -1.589488e+01 -1.563883e+01 -1.538280e+01 -1.512679e+01 -1.487081e+01 -1.461484e+01 -1.435890e+01
  -14.102970 -1.384706e+01 1.825912e-04 3.350902e+00 1.185387e+01 6.150255e+00 3.951705e+01 1.000000e+00
   11.800000 -3.022939e+01 -2.997260e+01 -2.971603e+01 -2.945962e+01 -2.920335e+01 -2.894716e+01 -2.869106e+01
  -28.435015 -2.817902e+01 -2.792305e+01 -2.766711e+01 -2.741120e+01 -2.715530e+01 -2.689941e+01 -2.664354e+01
  -26.387667 -2.613180e+01 -2.587595e+01 -2.562009e+01 -2.536424e+01 -2.510839e+01 -2.485254e+01 -2.459669e+01
  -24.340845 -2.408500e+01 -2.382915e+01 -2.357331e+01 -2.331746e+01 -2.306162e+01 -2.280577e+01 -2.254992e+01
  -22.294073 -2.203822e+01 -2.178237e+01 -2.152652e+01 -2.127066e+01 -2.101480e+01 -2.075894e+01 -2.050307e+01
  -20.247191 -1.999130e+01 -1.973541e+01 -1.947949e+01 -1.922356e+01 -1.896762e+01 -1.871165e+01 -1.845565e+01
  -18.199637 -1.794359e+01 -1.768753e+01 -1.743144e+01 -1.717534e+01 -1.691924e+01 -1.666313e+01 -1.640703e+01
  -16.150945 -1.589488e+01 -1.563883e+01 -1.538280e+01 -1.512679e+01 -1.487081e+01 -1.461484e+01 -1.435890e+01
  -14.102970 -1.384706e+01 -1.359115e+01 7.590359e-05 3.508712e+00 1.291978e+01 6.353230e+00 4.188889e+01
    1.000000    11.800000 -3.022939e+01 -2.997260e+01 -2.971603e+01 -2.945962e+01 -2.920335e+01 -2.894716e+01 -2.869106e+01
  -28.435015 -2.817902e+01 -2.792305e+01 -2.766711e+01 -2.741120e+01 -2.715530e+01 -2.689941e+01 -2.664354e+01
  -26.387667 -2.613180e+01 -2.587595e+01 -2.562009e+01 -2.536424e+01 -2.510839e+01 -2.485254e+01 -2.459669e+01
  -24.340845 -2.408500e+01 -2.382915e+01 -2.357331e+01 -2.331746e+01 -2.306162e+01 -2.280577e+01 -2.254992e+01
  -22.294073 -2.203822e+01 -2.178237e+01 -2.152652e+01 -2.127066e+01 -2.101480e+01 -2.075894e+01 -2.050307e+01
  -20.247191 -1.999130e+01 -1.973541e+01 -1.947949e+01 -1.922356e+01 -1.896762e+01 -1.871165e+01 -1.845565e+01
  -18.199637 -1.794359e+01 -1.768753e+01 -1.743144e+01 -1.717534e+01 -1.691924e+01 -1.666313e+01 -1.640703e+01
  -16.150945 -1.589488e+01 -1.563883e+01 -1.538280e+01 -1.512679e+01 -1.487081e+01 -1.461484e+01 -1.435890e+01
  -14.102970 -1.384706e+01 -1.359115e+01 -1.333526e+01 3.032056e-05 3.662887e+00 1.401410e+01 6.535450e+00
   44.078236 1.000000e+00    11.800000 -3.022939e+01 -2.997260e+01 -2.971603e+01 -2.945962e+01 -2.920335e+01 -2.894716e+01 -2.869106e+01
  -28.435015 -2.817902e+01 -2.792305e+01 -2.766711e+01 -2.741120e+01 -2.715530e+01 -2.689941e+01 -2.664354e+01
  -26.387667 -2.613180e+01 -2.587595e+01 -2.562009e+01 -2.536424e+01 -2.510839e+01 -2.485254e+01 -2.459669e+01
  -24.340845 -2.408500e+01 -2.382915e+01 -2.357331e+01 -2.331746e+01 -2.306162e+01 -2.280577e+01 -2.254992e+01
  -22.294073 -2.203822e+01 -2.178237e+01 -2.152652e+01 -2.127066e+01 -2.101480e+01 -2.075894e+01 -2.050307e+01
  -20.247191 -1.999130e+01 -1.973541e+01 -1.947949e+01 -1.922356e+01 -1.896762e+01 -1.871165e+01 -1.845565e+01
  -18.199637 -1.794359e+01 -1.768753e+01 -1.743144e+01 -1.717534e+01 -1.691924e+01 -1.666313e+01 -1.640703e+01
  -16.150945 -1.589488e+01 -1.563883e+01 -1.538280e+01 -1.512679e+01 -1.487081e+01 -1.461484e+01 -1.435890e+01
  -14.102970 -1.384706e+01 -1.359115e+01 -1.333526e+01 -1.307938e+01 1.164720e-05 3.815074e+00 1.514839e+01
    6.697891 4.607780e+01 1.000000e+00    11.800000 -3.022939e+01 -2.997260e+01 -2.971603e+01 -2.945962e+01 -2.920335e+01 -2.894716e+01 -2.869106e+01
  -28.435015 -2.817902e+01 -2.792305e+01 -2.766711e+01 -2.741120e+01 -2.715530e+01 -2.689941e+01 -2.664354e+01
  -26.387667 -2.613180e+01 -2.587595e+01 -2.562009e+01 -2.536424e+01 -2.510839e+01 -2.485254e+01 -2.459669e+01
  -24.340845 -2.408500e+01 -2.382915e+01 -2.357331e+01 -2.331746e+01 -2.306162e+01 -2.280577e+01 -2.254992e+01
  -22.294073 -2.203822e+01 -2.178237e+01 -2.152652e+01 -2.127066e+01 -2.101480e+01 -2.075894e+01 -2.050307e+01
  -20.247191 -1.999130e+01 -1.973541e+01 -1.947949e+01 -1.922356e+01 -1.896762e+01 -1.871165e+01 -1.845565e+01
  -18.199637 -1.794359e+01 -1.768753e+01 -1.743144e+01 -1.717534e+01 -1.691924e+01 -1.666313e+01 -1.640703e+01
  -16.150945 -1.589488e+01 -1.563883e+01 -1.538280e+01 -1.512679e+01 -1.487081e+01 -1.461484e+01 -1.435890e+01
  -14.102970 -1.384706e+01 -1.359115e+01 -1.333526e+01 -1.307938e+01 -1.282350e+01 4.303446e-06 3.967484e+00
   16.340329 6.842098e+00 4.789155e+01 1.000000e+00    11.800000 -3.022939e+01 -2.997260e+01 -2.971603e+01 -2.945962e+01 -2.920335e+01 -2.894716e+01 -2.869106e+01
  -28.435015 -2.817902e+01 -2.792305e+01 -2.766711e+01 -2.741120e+01 -2.715530e+01 -2.689941e+01 -2.664354e+01
  -26.387667 -2.613180e+01 -2.587595e+01 -2.562009e+01 -2.536424e+01 -2.510839e+01 -2.485254e+01 -2.459669e+01
  -24.340845 -2.408500e+01 -2.382915e+01 -2.357331e+01 -2.331746e+01 -2.306162e+01 -2.280577e+01 -2.254992e+01
  -22.294073 -2.203822e+01 -2.178237e+01 -2.152652e+01 -2.127066e+01 -2.101480e+01 -2.075894e+01 -2.050307e+01
  -20.247191 -1.999130e+01 -1.973541e+01 -1.947949e+01 -1.922356e+01 -1.896762e+01 -1.871165e+01 -1.845565e+01
  -18.199637 -1.794359e+01 -1.768753e+01 -1.743144e+01 -1.717534e+01 -1.691924e+01 -1.666313e+01 -1.640703e+01
  -16.150945 -1.589488e+01 -1.563883e+01 -1.538280e+01 -1.512679e+01 -1.487081e+01 -1.461484e+01 -1.435890e+01
  -14.102970 -1.384706e+01 -1.359115e+01 -1.333526e+01 -1.307938e+01 -1.282350e+01 -1.256764e+01 1.528810e-06
    4.122722 1.761263e+01 6.970111e+00 4.953363e+01 1.000000e+00    11.800000 -3.022939e+01 -2.997260e+01 -2.971603e+01 -2.945962e+01 -2.920335e+01 -2.894716e+01 -2.869106e+01
  -28.435015 -2.817902e+01 -2.792305e+01 -2.766711e+01 -2.741120e+01 -2.715530e+01 -2.689941e+01 -2.664354e+01
  -26.387667 -2.613180e+01 -2.587595e+01 -2.562009e+01 -2.536424e+01 -2.510839e+01 -2.485254e+01 -2.459669e+01
  -24.340845 -2.408500e+01 -2.382915e+01 -2.357331e+01 -2.331746e+01 -2.306162e+01 -2.280577e+01 -2.254992e+01
  -22.294073 -2.203822e+01 -2.178237e+01 -2.152652e+01 -2.127066e+01 -2.101480e+01 -2.075894e+01 -2.050307e+01
  -20.247191 -1.999130e+01 -1.973541e+01 -1.947949e+01 -1.922356e+01 -1.896762e+01 -1.871165e+01 -1.845565e+01
  -18.199637 -1.794359e+01 -1.768753e+01 -1.743144e+01 -1.717534e+01 -1.691924e+01 -1.666313e+01 -1.640703e+01
  -16.150945 -1.589488e+01 -1.563883e+01 -1.538280e+01 -1.512679e+01 -1.487081e+01 -1.461484e+01 -1.435890e+01
  -14.102970 -1.384706e+01 -1.359115e+01 -1.333526e+01 -1.307938e+01 -1.282350e+01 -1.256764e+01 -1.231177e+01
    0.000001 4.283471e+00 1.899040e+01 7.084283e+00 5.102555e+01 1.000000e+00    11.800000 -3.022939e+01 -2.997260e+01 -2.971603e+01 -2.945962e+01 -2.920335e+01 -2.894716e+01 -2.869106e+01
  -28.435015 -2.817902e+01 -2.792305e+01 -2.766711e+01 -2.741120e+01 -2.715530e+01 -2.689941e+01 -2.664354e+01
  -26.387667 -2.613180e+01 -2.587595e+01 -2.562009e+01 -2.536424e+01 -2.510839e+01 -2.485254e+01 -2.459669e+01
  -24.340845 -2.408500e+01 -2.382915e+01 -2.357331e+01 -2.331746e+01 -2.306162e+01 -2.280577e+01 -2.254992e+01
  -22.294073 -2.203822e+01 -2.178237e+01 -2.152652e+01 -2.127066e+01 -2.101480e+01 -2.075894e+01 -2.050307e+01
  -20.247191 -1.999130e+01 -1.973541e+01 -1.947949e+01 -1.922356e+01 -1.896762e+01 -1.871165e+01 -1.845565e+01
  -18.199637 -1.794359e+01 -1.768753e+01 -1.743144e+01 -1.717534e+01 -1.691924e+01 -1.666313e+01 -1.640703e+01
  -16.150945 -1.589488e+01 -1.563883e+01 -1.538280e+01 -1.512679e+01 -1.487081e+01 -1.461484e+01 -1.435890e+01
  -14.102970 -1.384706e+01 -1.359115e+01 -1.333526e+01 -1.307938e+01 -1.282350e+01 -1.256764e+01 -1.231177e+01
  -12.055912 1.706513e-07 4.452052e+00 2.049726e+01 7.187031e+00 5.239219e+01 1.000000e+00    11.800000 -3.022939e+01 -2.997260e+01 -2.971603e+01 -2.945962e+01 -2.920335e+01 -2.894716e+01 -2.869106e+01
  -28.435015 -2.817902e+01 -2.792305e+01 -2.766711e+01 -2.741120e+01 -2.715530e+01 -2.689941e+01 -2.664354e+01
  -26.387667 -2.613180e+01 -2.587595e+01 -2.562009e+01 -2.536424e+01 -2.510839e+01 -2.485254e+01 -2.459669e+01
  -24.340845 -2.408500e+01 -2.382915e+01 -2.357331e+01 -2.331746e+01 -2.306162e+01 -2.280577e+01 -2.254992e+01
  -22.294073 -2.203822e+01 -2.178237e+01 -2.152652e+01 -2.127066e+01 -2.101480e+01 -2.075894e+01 -2.050307e+01
  -20.247191 -1.999130e+01 -1.973541e+01 -1.947949e+01 -1.922356e+01 -1.896762e+01 -1.871165e+01 -1.845565e+01
  -18.199637 -1.794359e+01 -1.768753e+01 -1.743144e+01 -1.717534e+01 -1.691924e+01 -1.666313e+01 -1.640703e+01
  -16.150945 -1.589488e+01 -1.563883e+01 -1.538280e+01 -1.512679e+01 -1.487081e+01 -1.461484e+01 -1.435890e+01
  -14.102970 -1.384706e+01 -1.359115e+01 -1.333526e+01 -1.307938e+01 -1.282350e+01 -1.256764e+01 -1.231177e+01
  -12.055912 -1.180006e+01 5.340929e-08 4.629960e+00 2.215093e+01 7.280548e+00 5.365728e+01 1.000000e+00
   11.800000 -3.022939e+01 -2.997260e+01 -2.971603e+01 -2.945962e+01 -2.920335e+01 -2.894716e+01 -2.869106e+01
  -28.435015 -2.817902e+01 -2.792305e+01 -2.766711e+01 -2.741120e+01 -2.715530e+01 -2.689941e+01 -2.664354e+01
  -26.387667 -2.613180e+01 -2.587595e+01 -2.562009e+01 -2.536424e+01 -2.510839e+01 -2.485254e+01 -2.459669e+01
  -24.340845 -2.408500e+01 -2.382915e+01 -2.357331e+01 -2.331746e+01 -2.306162e+01 -2.280577e+01 -2.254992e+01
  -22.294073 -2.203822e+01 -2.178237e+01 -2.152652e+01 -2.127066e+01 -2.101480e+01 -2.075894e+01 -2.050307e+01
  -20.247191 -1.999130e+01 -1.973541e+01 -1.947949e+01 -1.922356e+01 -1.896762e+01 -1.871165e+01 -1.845565e+01
  -18.199637 -1.794359e+01 -1.768753e+01 -1.743144e+01 -1.717534e+01 -1.691924e+01 -1.666313e+01 -1.640703e+01
  -16.150945 -1.589488e+01 -1.563883e+01 -1.538280e+01 -1.512679e+01 -1.487081e+01 -1.461484e+01 -1.435890e+01
  -14.102970 -1.384706e+01 -1.359115e+01 -1.333526e+01 -1.307938e+01 -1.282350e+01 -1.256764e+01 -1.231177e+01
  -12.055912 -1.180006e+01 -1.154420e+01 1.595226e-08 4.817500e+00 2.395923e+01 7.366558e+00 5.483930e+01
    1.000000    11.800000 -3.022939e+01 -2.997260e+01 -2.971603e+01 -2.945962e+01 -2.920335e+01 -2.894716e+01 -2.869106e+01
  -28.435015 -2.817902e+01 -2.792305e+01 -2.766711e+01 -2.741120e+01 -2.715530e+01 -2.689941e+01 -2.664354e+01
  -26.387667 -2.613180e+01 -2.587595e+01 -2.562009e+01 -2.536424e+01 -2.510839e+01 -2.485254e+01 -2.459669e+01
  -24.340845 -2.408500e+01 -2.382915e+01 -2.357331e+01 -2.331746e+01 -2.306162e+01 -2.280577e+01 -2.254992e+01
  -22.294073 -2.203822e+01 -2.178237e+01 -2.152652e+01 -2.127066e+01 -2.101480e+01 -2.075894e+01 -2.050307e+01
  -20.247191 -1.999130e+01 -1.973541e+01 -1.947949e+01 -1.922356e+01 -1.896762e+01 -1.871165e+01 -1.845565e+01
  -18.199637 -1.794359e+01 -1.768753e+01 -1.743144e+01 -1.717534e+01 -1.691924e+01 -1.666313e+01 -1.640703e+01
  -16.150945 -1.589488e+01 -1.563883e+01 -1.538280e+01 -1.512679e+01 -1.487081e+01 -1.461484e+01 -1.435890e+01
  -14.102970 -1.384706e+01 -1.359115e+01 -1.333526e+01 -1.307938e+01 -1.282350e+01 -1.256764e+01 -1.231177e+01
  -12.055912 -1.180006e+01 -1.154420e+01 -1.128835e+01 4.536273e-09 5.013672e+00 2.591806e+01 7.446161e+00
   55.948881 1.000000e+00    11.800000 -3.022939e+01 -2.997260e+01 -2.971603e+01 -2.945962e+01 -2.920335e+01 -2.894716e+01 -2.869106e+01
  -28.435015 -2.817902e+01 -2.792305e+01 -2.766711e+01 -2.741120e+01 -2.715530e+01 -2.689941e+01 -2.664354e+01
  -26.387667 -2.613180e+01 -2.587595e+01 -2.562009e+01 -2.536424e+01 -2.510839e+01 -2.485254e+01 -2.459669e+01
  -24.340845 -2.408500e+01 -2.382915e+01 -2.357331e+01 -2.331746e+01 -2.306162e+01 -2.280577e+01 -2.254992e+01
  -22.294073 -2.203822e+01 -2.178237e+01 -2.152652e+01 -2.127066e+01 -2.101480e+01 -2.075894e+01 -2.050307e+01
  -20.247191 -1.999130e+01 -1.973541e+01 -1.947949e+01 -1.922356e+01 -1.896762e+01 -1.871165e+01 -1.845565e+01
  -18.199637 -1.794359e+01 -1.768753e+01 -1.743144e+01 -1.717534e+01 -1.691924e+01 -1.666313e+01 -1.640703e+01
  -16.150945 -1.589488e+01 -1.563883e+01 -1.538280e+01 -1.512679e+01 -1.487081e+01 -1.461484e+01 -1.435890e+01
  -14.102970 -1.384706e+01 -1.359115e+01 -1.333526e+01 -1.307938e+01 -1.282350e+01 -1.256764e+01 -1.231177e+01
  -12.055912 -1.180006e+01 -1.154420e+01 -1.128835e+01 -1.103250e+01 1.225732e-09 5.216386e+00 2.801238e+01
    7.519821 5.698832e+01 1.000000e+00    11.800000 -3.022939e+01 -2.997260e+01 -2.971603e+01 -2.945962e+01 -2.920335e+01 -2.894716e+01 -2.869106e+01
  -28.435015 -2.817902e+01 -2.792305e+01 -2.766711e+01 -2.741120e+01 -2.715530e+01 -2.689941e+01 -2.664354e+01
  -26.387667 -2.613180e+01 -2.587595e+01 -2.562009e+01 -2.536424e+01 -2.510839e+01 -2.485254e+01 -2.459669e+01
  -24.340845 -2.408500e+01 -2.382915e+01 -2.357331e+01 -2.331746e+01 -2.306162e+01 -2.280577e+01 -2.254992e+01
  -22.294073 -2.203822e+01 -2.178237e+01 -2.152652e+01 -2.127066e+01 -2.101480e+01 -2.075894e+01 -2.050307e+01
  -20.247191 -1.999130e+01 -1.973541e+01 -1.947949e+01 -1.922356e+01 -1.896762e+01 -1.871165e+01 -1.845565e+01
  -18.199637 -1.794359e+01 -1.768753e+01 -1.743144e+01 -1.717534e+01 -1.691924e+01 -1.666313e+01 -1.640703e+01
  -16.150945 -1.589488e+01 -1.563883e+01 -1.538280e+01 -1.512679e+01 -1.487081e+01 -1.461484e+01 -1.435890e+01
  -14.102970 -1.384706e+01 -1.359115e+01 -1.333526e+01 -1.307938e+01 -1.282350e+01 -1.256764e+01 -1.231177e+01
  -12.055912 -1.180006e+01 -1.154420e+01 -1.128835e+01 -1.103250e+01 -1.077665e+01 3.142895e-10 5.422978e+00
   30.220191 7.587508e+00 5.795337e+01 1.000000e+00    11.800000 -3.022939e+01 -2.997260e+01 -2.971603e+01 -2.945962e+01 -2.920335e+01 -2.894716e+01 -2.869106e+01
  -28.435015 -2.817902e+01 -2.792305e+01 -2.766711e+01 -2.741120e+01 -2.715530e+01 -2.689941e+01 -2.664354e+01
  -26.387667 -2.613180e+01 -2.587595e+01 -2.562009e+01 -2.536424e+01 -2.510839e+01 -2.485254e+01 -2.459669e+01
  -24.340845 -2.408500e+01 -2.382915e+01 -2.357331e+01 -2.331746e+01 -2.306162e+01 -2.280577e+01 -2.254992e+01
  -22.294073 -2.203822e+01 -2.178237e+01 -2.152652e+01 -2.127066e+01 -2.101480e+01 -2.075894e+01 -2.050307e+01
  -20.247191 -1.999130e+01 -1.973541e+01 -1.947949e+01 -1.922356e+01 -1.896762e+01 -1.871165e+01 -1.845565e+01
  -18.199637 -1.794359e+01 -1.768753e+01 -1.743144e+01 -1.717534e+01 -1.691924e+01 -1.666313e+01 -1.640703e+01
  -16.150945 -1.589488e+01 -1.563883e+01 -1.538280e+01 -1.512679e+01 -1.487081e+01 -1.461484e+01 -1.435890e+01
  -14.102970 -1.384706e+01 -1.359115e+01 -1.333526e+01 -1.307938e+01 -1.282350e+01 -1.256764e+01 -1.231177e+01
  -12.055912 -1.180006e+01 -1.154420e+01 -1.128835e+01 -1.103250e+01 -1.077665e+01 -1.052080e+01 7.642226e-11
    5.630814 3.251785e+01 7.648940e+00 5.883666e+01 1.000000e+00    11.800000 -3.022939e+01 -2.997260e+01 -2.971603e+01 -2.945962e+01 -2.920335e+01 -2.894716e+01 -2.869106e+01
  -28.435015 -2.817902e+01 -2.792305e+01 -2.766711e+01 -2.741120e+01 -2.715530e+01 -2.689941e+01 -2.664354e+01
  -26.387667 -2.613180e+01 -2.587595e+01 -2.562009e+01 -2.536424e+01 -2.510839e+01 -2.485254e+01 -2.459669e+01
  -24.340845 -2.408500e+01 -2.382915e+01 -2.357331e+01 -2.331746e+01 -2.306162e+01 -2.280577e+01 -2.254992e+01
  -22.294073 -2.203822e+01 -2.178237e+01 -2.152652e+01 -2.127066e+01 -2.101480e+01 -2.075894e+01 -2.050307e+01
  -20.247191 -1.999130e+01 -1.973541e+01 -1.947949e+01 -1.922356e+01 -1.896762e+01 -1.871165e+01 -1.845565e+01
  -18.199637 -1.794359e+01 -1.768753e+01 -1.743144e+01 -1.717534e+01 -1.691924e+01 -1.666313e+01 -1.640703e+01
  -16.150945 -1.589488e+01 -1.563883e+01 -1.538280e+01 -1.512679e+01 -1.487081e+01 -1.461484e+01 -1.435890e+01
  -14.102970 -1.384706e+01 -1.359115e+01 -1.333526e+01 -1.307938e+01 -1.282350e+01 -1.256764e+01 -1.231177e+01
  -12.055912 -1.180006e+01 -1.154420e+01 -1.128835e+01 -1.103250e+01 -1.077665e+01 -1.052080e+01 -1.026496e+01
    0.000000 5.837752e+00 3.488426e+01 7.703830e+00 5.963136e+01 1.000000e+00    11.800000 -3.022939e+01 -2.997260e+01 -2.971603e+01 -2.945962e+01 -2.920335e+01 -2.894716e+01 -2.869106e+01
  -28.435015 -2.817902e+01 -2.792305e+01 -2.766711e+01 -2.741120e+01 -2.715530e+01 -2.689941e+01 -2.664354e+01
  -26.387667 -2.613180e+01 -2.587595e+01 -2.562009e+01 -2.536424e+01 -2.510839e+01 -2.485254e+01 -2.459669e+01
  -24.340845 -2.408500e+01 -2.382915e+01 -2.357331e+01 -2.331746e+01 -2.306162e+01 -2.280577e+01 -2.254992e+01
  -22.294073 -2.203822e+01 -2.178237e+01 -2.152652e+01 -2.127066e+01 -2.101480e+01 -2.075894e+01 -2.050307e+01
  -20.247191 -1.999130e+01 -1.973541e+01 -1.947949e+01 -1.922356e+01 -1.896762e+01 -1.871165e+01 -1.845565e+01
  -18.199637 -1.794359e+01 -1.768753e+01 -1.743144e+01 -1.717534e+01 -1.691924e+01 -1.666313e+01 -1.640703e+01
  -16.150945 -1.589488e+01 -1.563883e+01 -1.538280e+01 -1.512679e+01 -1.487081e+01 -1.461484e+01 -1.435890e+01
  -14.102970 -1.384706e+01 -1.359115e+01 -1.333526e+01 -1.307938e+01 -1.282350e+01 -1.256764e+01 -1.231177e+01
  -12.055912 -1.180006e+01 -1.154420e+01 -1.128835e+01 -1.103250e+01 -1.077665e+01 -1.052080e+01 -1.026496e+01
  -10.009113 3.854919e-12 6.042254e+00 3.730184e+01 7.752084e+00 6.033391e+01 1.000000e+00    11.800000 -3.022939e+01 -2.997260e+01 -2.971603e+01 -2.945962e+01 -2.920335e+01 -2.894716e+01 -2.869106e+01
  -28.435015 -2.817902e+01 -2.792305e+01 -2.766711e+01 -2.741120e+01 -2.715530e+01 -2.689941e+01 -2.664354e+01
  -26.387667 -2.613180e+01 -2.587595e+01 -2.562009e+01 -2.536424e+01 -2.510839e+01 -2.485254e+01 -2.459669e+01
  -24.340845 -2.408500e+01 -2.382915e+01 -2.357331e+01 -2.331746e+01 -2.306162e+01 -2.280577e+01 -2.254992e+01
  -22.294073 -2.203822e+01 -2.178237e+01 -2.152652e+01 -2.127066e+01 -2.101480e+01 -2.075894e+01 -2.050307e+01
  -20.247191 -1.999130e+01 -1.973541e+01 -1.947949e+01 -1.922356e+01 -1.896762e+01 -1.871165e+01 -1.845565e+01
  -18.199637 -1.794359e+01 -1.768753e+01 -1.743144e+01 -1.717534e+01 -1.691924e+01 -1.666313e+01 -1.640703e+01
  -16.150945 -1.589488e+01 -1.563883e+01 -1.538280e+01 -1.512679e+01 -1.487081e+01 -1.461484e+01 -1.435890e+01
  -14.102970 -1.384706e+01 -1.359115e+01 -1.333526e+01 -1.307938e+01 -1.282350e+01 -1.256764e+01 -1.231177e+01
  -12.055912 -1.180006e+01 -1.154420e+01 -1.128835e+01 -1.103250e+01 -1.077665e+01 -1.052080e+01 -1.026496e+01
  -10.009113 -9.753267e+00 8.006582e-13 6.243168e+00 3.975399e+01 7.793872e+00 6.094513e+01 1.000000e+00
   11.800000 -3.022939e+01 -2.997260e+01 -2.971603e+01 -2.945962e+01 -2.920335e+01 -2.894716e+01 -2.869106e+01
  -28.435015 -2.817902e+01 -2.792305e+01 -2.766711e+01 -2.741120e+01 -2.715530e+01 -2.689941e+01 -2.664354e+01
  -26.387667 -2.613180e+01 -2.587595e+01 -2.562009e+01 -2.536424e+01 -2.510839e+01 -2.485254e+01 -2.459669e+01
  -24.340845 -2.408500e+01 -2.382915e+01 -2.357331e+01 -2.331746e+01 -2.306162e+01 -2.280577e+01 -2.254992e+01
  -22.294073 -2.203822e+01 -2.178237e+01 -2.152652e+01 -2.127066e+01 -2.101480e+01 -2.075894e+01 -2.050307e+01
  -20.247191 -1.999130e+01 -1.973541e+01 -1.947949e+01 -1.922356e+01 -1.896762e+01 -1.871165e+01 -1.845565e+01
  -18.199637 -1.794359e+01 -1.768753e+01 -1.743144e+01 -1.717534e+01 -1.691924e+01 -1.666313e+01 -1.640703e+01
  -16.150945 -1.589488e+01 -1.563883e+01 -1.538280e+01 -1.512679e+01 -1.487081e+01 -1.461484e+01 -1.435890e+01
  -14.102970 -1.384706e+01 -1.359115e+01 -1.333526e+01 -1.307938e+01 -1.282350e+01 -1.256764e+01 -1.231177e+01
  -12.055912 -1.180006e+01 -1.154420e+01 -1.128835e+01 -1.103250e+01 -1.077665e+01 -1.052080e+01 -1.026496e+01
  -10.009113 -9.753267e+00 -9.497423e+00 1.580551e-13 6.439326e+00 4.222050e+01 7.829608e+00 6.146988e+01
    1.000000    11.800000 -3.022939e+01 -2.997260e+01 -2.971603e+01 -2.945962e+01 -2.920335e+01 -2.894716e+01 -2.869106e+01
  -28.435015 -2.817902e+01 -2.792305e+01 -2.766711e+01 -2.741120e+01 -2.715530e+01 -2.689941e+01 -2.664354e+01
  -26.387667 -2.613180e+01 -2.587595e+01 -2.562009e+01 -2.536424e+01 -2.510839e+01 -2.485254e+01 -2.459669e+01
  -24.340845 -2.408500e+01 -2.382915e+01 -2.357331e+01 -2.331746e+01 -2.306162e+01 -2.280577e+01 -2.254992e+01
  -22.294073 -2.203822e+01 -2.178237e+01 -2.152652e+01 -2.127066e+01 -2.101480e+01 -2.075894e+01 -2.050307e+01
  -20.247191 -1.999130e+01 -1.973541e+01 -1.947949e+01 -1.922356e+01 -1.896762e+01 -1.871165e+01 -1.845565e+01
  -18.199637 -1.794359e+01 -1.768753e+01 -1.743144e+01 -1.717534e+01 -1.691924e+01 -1.666313e+01 -1.640703e+01
  -16.150945 -1.589488e+01 -1.563883e+01 -1.538280e+01 -1.512679e+01 -1.487081e+01 -1.461484e+01 -1.435890e+01
  -14.102970 -1.384706e+01 -1.359115e+01 -1.333526e+01 -1.307938e+01 -1.282350e+01 -1.256764e+01 -1.231177e+01
  -12.055912 -1.180006e+01 -1.154420e+01 -1.128835e+01 -1.103250e+01 -1.077665e+01 -1.052080e+01 -1.026496e+01
  -10.009113 -9.753267e+00 -9.497423e+00 -9.241578e+00 2.969671e-14 6.629190e+00 4.467344e+01 7.859874e+00
   61.915782 1.000000e+00    11.800000 -3.022939e+01 -2.997260e+01 -2.971603e+01 -2.945962e+01 -2.920335e+01 -2.894716e+01 -2.869106e+01
  -28.435015 -2.817902e+01 -2.792305e+01 -2.766711e+01 -2.741120e+01 -2.715530e+01 -2.689941e+01 -2.664354e+01
  -26.387667 -2.613180e+01 -2.587595e+01 -2.562009e+01 -2.536424e+01 -2.510839e+01 -2.485254e+01 -2.459669e+01
  -24.340845 -2.408500e+01 -2.382915e+01 -2.357331e+01 -2.331746e+01 -2.306162e+01 -2.280577e+01 -2.254992e+01
  -22.294073 -2.203822e+01 -2.178237e+01 -2.152652e+01 -2.127066e+01 -2.101480e+01 -2.075894e+01 -2.050307e+01
  -20.247191 -1.999130e+01 -1.973541e+01 -1.947949e+01 -1.922356e+01 -1.896762e+01 -1.871165e+01 -1.845565e+01
  -18.199637 -1.794359e+01 -1.768753e+01 -1.743144e+01 -1.717534e+01 -1.691924e+01 -1.666313e+01 -1.640703e+01
  -16.150945 -1.589488e+01 -1.563883e+01 -1.538280e+01 -1.512679e+01 -1.487081e+01 -1.461484e+01 -1.435890e+01
  -14.102970 -1.384706e+01 -1.359115e+01 -1.333526e+01 -1.307938e+01 -1.282350e+01 -1.256764e+01 -1.231177e+01
  -12.055912 -1.180006e+01 -1.154420e+01 -1.128835e+01 -1.103250e+01 -1.077665e+01 -1.052080e+01 -1.026496e+01
  -10.009113 -9.753267e+00 -9.497423e+00 -9.241578e+00 -8.985734e+00 5.320539e-15 6.810707e+00 4.707582e+01
    7.885324 6.229182e+01 1.000000e+00    11.800000 -3.022939e+01 -2.997260e+01 -2.971603e+01 -2.945962e+01 -2.920335e+01 -2.894716e+01 -2.869106e+01
  -28.435015 -2.817902e+01 -2.792305e+01 -2.766711e+01 -2.741120e+01 -2.715530e+01 -2.689941e+01 -2.664354e+01
  -26.387667 -2.613180e+01 -2.587595e+01 -2.562009e+01 -2.536424e+01 -2.510839e+01 -2.485254e+01 -2.459669e+01
  -24.340845 -2.408500e+01 -2.382915e+01 -2.357331e+01 -2.331746e+01 -2.306162e+01 -2.280577e+01 -2.254992e+01
  -22.294073 -2.203822e+01 -2.178237e+01 -2.152652e+01 -2.127066e+01 -2.101480e+01 -2.075894e+01 -2.050307e+01
  -20.247191 -1.999130e+01 -1.973541e+01 -1.947949e+01 -1.922356e+01 -1.896762e+01 -1.871165e+01 -1.845565e+01
  -18.199637 -1.794359e+01 -1.768753e+01 -1.743144e+01 -1.717534e+01 -1.691924e+01 -1.666313e+01 -1.640703e+01
  -16.150945 -1.589488e+01 -1.563883e+01 -1.538280e+01 -1.512679e+01 -1.487081e+01 -1.461484e+01 -1.435890e+01
  -14.102970 -1.384706e+01 -1.359115e+01 -1.333526e+01 -1.307938e+01 -1.282350e+01 -1.256764e+01 -1.231177e+01
  -12.055912 -1.180006e+01 -1.154420e+01 -1.128835e+01 -1.103250e+01 -1.077665e+01 -1.052080e+01 -1.026496e+01
  -10.009113 -9.753267e+00 -9.497423e+00 -9.241578e+00 -8.985734e+00 -8.729890e+00 9.111914e-16 6.981463e+00
   49.383986 7.906607e+00 6.260708e+01 1.000000e+00    11.800000 -3.022939e+01 -2.997260e+01 -2.971603e+01 -2.945962e+01 -2.920335e+01 -2.894716e+01 -2.869106e+01
  -28.435015 -2.817902e+01 -2.792305e+01 -2.766711e+01 -2.741120e+01 -2.715530e+01 -2.689941e+01 -2.664354e+01
  -26.387667 -2.613180e+01 -2.587595e+01 -2.562009e+01 -2.536424e+01 -2.510839e+01 -2.485254e+01 -2.459669e+01
  -24.340845 -2.408500e+01 -2.382915e+01 -2.357331e+01 -2.331746e+01 -2.306162e+01 -2.280577e+01 -2.254992e+01
  -22.294073 -2.203822e+01 -2.178237e+01 -2.152652e+01 -2.127066e+01 -2.101480e+01 -2.075894e+01 -2.050307e+01
  -20.247191 -1.999130e+01 -1.973541e+01 -1.947949e+01 -1.922356e+01 -1.896762e+01 -1.871165e+01 -1.845565e+01
  -18.199637 -1.794359e+01 -1.768753e+01 -1.743144e+01 -1.717534e+01 -1.691924e+01 -1.666313e+01 -1.640703e+01
  -16.150945 -1.589488e+01 -1.563883e+01 -1.538280e+01 -1.512679e+01 -1.487081e+01 -1.461484e+01 -1.435890e+01
  -14.102970 -1.384706e+01 -1.359115e+01 -1.333526e+01 -1.307938e+01 -1.282350e+01 -1.256764e+01 -1.231177e+01
  -12.055912 -1.180006e+01 -1.154420e+01 -1.128835e+01 -1.103250e+01 -1.077665e+01 -1.052080e+01 -1.026496e+01
  -10.009113 -9.753267e+00 -9.497423e+00 -9.241578e+00 -8.985734e+00 -8.729890e+00 -8.474047e+00 1.496244e-16
    7.139036 5.155314e+01 7.924320e+00 6.287004e+01 1.000000e+00    11.800000 -3.022939e+01 -2.997260e+01 -2.971603e+01 -2.945962e+01 -2.920335e+01 -2.894716e+01 -2.869106e+01
  -28.435015 -2.817902e+01 -2.792305e+01 -2.766711e+01 -2.741120e+01 -2.715530e+01 -2.689941e+01 -2.664354e+01
  -26.387667 -2.613180e+01 -2.587595e+01 -2.562009e+01 -2.536424e+01 -2.510839e+01 -2.485254e+01 -2.459669e+01
  -24.340845 -2.408500e+01 -2.382915e+01 -2.357331e+01 -2.331746e+01 -2.306162e+01 -2.280577e+01 -2.254992e+01
  -22.294073 -2.203822e+01 -2.178237e+01 -2.152652e+01 -2.127066e+01 -2.101480e+01 -2.075894e+01 -2.050307e+01
  -20.247191 -1.999130e+01 -1.973541e+01 -1.947949e+01 -1.922356e+01 -1.896762e+01 -1.871165e+01 -1.845565e+01
  -18.199637 -1.794359e+01 -1.768753e+01 -1.743144e+01 -1.717534e+01 -1.691924e+01 -1.666313e+01 -1.640703e+01
  -16.150945 -1.589488e+01 -1.563883e+01 -1.538280e+01 -1.512679e+01 -1.487081e+01 -1.461484e+01 -1.435890e+01
  -14.102970 -1.384706e+01 -1.359115e+01 -1.333526e+01 -1.307938e+01 -1.282350e+01 -1.256764e+01 -1.231177e+01
  -12.055912 -1.180006e+01 -1.154420e+01 -1.128835e+01 -1.103250e+01 -1.077665e+01 -1.052080e+01 -1.026496e+01
  -10.009113 -9.753267e+00 -9.497423e+00 -9.241578e+00 -8.985734e+00 -8.729890e+00 -8.474047e+00 -8.218203e+00
    0.000000 7.281417e+00 5.354394e+01 7.938988e+00 6.308823e+01 1.000000e+00    11.800000 -3.022939e+01 -2.997260e+01 -2.971603e+01 -2.945962e+01 -2.920335e+01 -2.894716e+01 -2.869106e+01
  -28.435015 -2.817902e+01 -2.792305e+01 -2.766711e+01 -2.741120e+01 -2.715530e+01 -2.689941e+01 -2.664354e+01
  -26.387667 -2.613180e+01 -2.587595e+01 -2.562009e+01 -2.536424e+01 -2.510839e+01 -2.485254e+01 -2.459669e+01
  -24.340845 -2.408500e+01 -2.382915e+01 -2.357331e+01 -2.331746e+01 -2.306162e+01 -2.280577e+01 -2.254992e+01
  -22.294073 -2.203822e+01 -2.178237e+01 -2.152652e+01 -2.127066e+01 -2.101480e+01 -2.075894e+01 -2.050307e+01
  -20.247191 -1.999130e+01 -1.973541e+01 -1.947949e+01 -1.922356e+01 -1.896762e+01 -1.871165e+01 -1.845565e+01
  -18.199637 -1.794359e+01 -1.768753e+01 -1.743144e+01 -1.717534e+01 -1.691924e+01 -1.666313e+01 -1.640703e+01
  -16.150945 -1.589488e+01 -1.563883e+01 -1.538280e+01 -1.512679e+01 -1.487081e+01 -1.461484e+01 -1.435890e+01
  -14.102970 -1.384706e+01 -1.359115e+01 -1.333526e+01 -1.307938e+01 -1.282350e+01 -1.256764e+01 -1.231177e+01
  -12.055912 -1.180006e+01 -1.154420e+01 -1.128835e+01 -1.103250e+01 -1.077665e+01 -1.052080e+01 -1.026496e+01
  -10.009113 -9.753267e+00 -9.497423e+00 -9.241578e+00 -8.985734e+00 -8.729890e+00 -8.474047e+00 -8.218203e+00
   -7.962360 3.610079e-18 7.407345e+00 5.532802e+01 7.951068e+00 6.326820e+01 1.000000e+00    11.800000 -3.022939e+01 -2.997260e+01 -2.971603e+01 -2.945962e+01 -2.920335e+01 -2.894716e+01 -2.869106e+01
  -28.435015 -2.817902e+01 -2.792305e+01 -2.766711e+01 -2.741120e+01 -2.715530e+01 -2.689941e+01 -2.664354e+01
  -26.387667 -2.613180e+01 -2.587595e+01 -2.562009e+01 -2.536424e+01 -2.510839e+01 -2.485254e+01 -2.459669e+01
  -24.340845 -2.408500e+01 -2.382915e+01 -2.357331e+01 -2.331746e+01 -2.306162e+01 -2.280577e+01 -2.254992e+01
  -22.294073 -2.203822e+01 -2.178237e+01 -2.152652e+01 -2.127066e+01 -2.101480e+01 -2.075894e+01 -2.050307e+01
  -20.247191 -1.999130e+01 -1.973541e+01 -1.947949e+01 -1.922356e+01 -1.896762e+01 -1.871165e+01 -1.845565e+01
  -18.199637 -1.794359e+01 -1.768753e+01 -1.743144e+01 -1.717534e+01 -1.691924e+01 -1.666313e+01 -1.640703e+01
  -16.150945 -1.589488e+01 -1.563883e+01 -1.538280e+01 -1.512679e+01 -1.487081e+01 -1.461484e+01 -1.435890e+01
  -14.102970 -1.384706e+01 -1.359115e+01 -1.333526e+01 -1.307938e+01 -1.282350e+01 -1.256764e+01 -1.231177e+01
  -12.055912 -1.180006e+01 -1.154420e+01 -1.128835e+01 -1.103250e+01 -1.077665e+01 -1.052080e+01 -1.026496e+01
  -10.009113 -9.753267e+00 -9.497423e+00 -9.241578e+00 -8.985734e+00 -8.729890e+00 -8.474047e+00 -8.218203e+00
   -7.962360 -7.706517e+00 5.348857e-19 7.516444e+00 5.689084e+01 7.960954e+00 6.341569e+01 1.000000e+00
   11.800000 -3.022939e+01 -2.997260e+01 -2.971603e+01 -2.945962e+01 -2.920335e+01 -2.894716e+01 -2.869106e+01
  -28.435015 -2.817902e+01 -2.792305e+01 -2.766711e+01 -2.741120e+01 -2.715530e+01 -2.689941e+01 -2.664354e+01
  -26.387667 -2.613180e+01 -2.587595e+01 -2.562009e+01 -2.536424e+01 -2.510839e+01 -2.485254e+01 -2.459669e+01
  -24.340845 -2.408500e+01 -2.382915e+01 -2.357331e+01 -2.331746e+01 -2.306162e+01 -2.280577e+01 -2.254992e+01
  -22.294073 -2.203822e+01 -2.178237e+01 -2.152652e+01 -2.127066e+01 -2.101480e+01 -2.075894e+01 -2.050307e+01
  -20.247191 -1.999130e+01 -1.973541e+01 -1.947949e+01 -1.922356e+01 -1.896762e+01 -1.871165e+01 -1.845565e+01
  -18.199637 -1.794359e+01 -1.768753e+01 -1.743144e+01 -1.717534e+01 -1.691924e+01 -1.666313e+01 -1.640703e+01
  -16.150945 -1.589488e+01 -1.563883e+01 -1.538280e+01 -1.512679e+01 -1.487081e+01 -1.461484e+01 -1.435890e+01
  -14.102970 -1.384706e+01 -1.359115e+01 -1.333526e+01 -1.307938e+01 -1.282350e+01 -1.256764e+01 -1.231177e+01
  -12.055912 -1.180006e+01 -1.154420e+01 -1.128835e+01 -1.103250e+01 -1.077665e+01 -1.052080e+01 -1.026496e+01
  -10.009113 -9.753267e+00 -9.497423e+00 -9.241578e+00 -8.985734e+00 -8.729890e+00 -8.474047e+00 -8.218203e+00
   -7.962360 -7.706517e+00 -7.450674e+00 7.723248e-20 7.609186e+00 5.823154e+01 7.968990e+00 6.353572e+01
    1.000000    11.800000 -3.022939e+01 -2.997260e+01 -2.971603e+01 -2.945962e+01 -2.920335e+01 -2.894716e+01 -2.869106e+01
  -28.435015 -2.817902e+01 -2.792305e+01 -2.766711e+01 -2.741120e+01 -2.715530e+01 -2.689941e+01 -2.664354e+01
  -26.387667 -2.613180e+01 -2.587595e+01 -2.562009e+01 -2.536424e+01 -2.510839e+01 -2.485254e+01 -2.459669e+01
  -24.340845 -2.408500e+01 -2.382915e+01 -2.357331e+01 -2.331746e+01 -2.306162e+01 -2.280577e+01 -2.254992e+01
  -22.294073 -2.203822e+01 -2.178237e+01 -2.152652e+01 -2.127066e+01 -2.101480e+01 -2.075894e+01 -2.050307e+01
  -20.247191 -1.999130e+01 -1.973541e+01 -1.947949e+01 -1.922356e+01 -1.896762e+01 -1.871165e+01 -1.845565e+01
  -18.199637 -1.794359e+01 -1.768753e+01 -1.743144e+01 -1.717534e+01 -1.691924e+01 -1.666313e+01 -1.640703e+01
  -16.150945 -1.589488e+01 -1.563883e+01 -1.538280e+01 -1.512679e+01 -1.487081e+01 -1.461484e+01 -1.435890e+01
  -14.102970 -1.384706e+01 -1.359115e+01 -1.333526e+01 -1.307938e+01 -1.282350e+01 -1.256764e+01 -1.231177e+01
  -12.055912 -1.180006e+01 -1.154420e+01 -1.128835e+01 -1.103250e+01 -1.077665e+01 -1.052080e+01 -1.026496e+01
  -10.009113 -9.753267e+00 -9.497423e+00 -9.241578e+00 -8.985734e+00 -8.729890e+00 -8.474047e+00 -8.218203e+00
   -7.962360 -7.706517e+00 -7.450674e+00 -7.194831e+00 1.091172e-20 7.686704e+00 5.936059e+01 7.975479e+00
   63.632725 1.000000e+00    11.800000 -3.022939e+01 -2.997260e+01 -2.971603e+01 -2.945962e+01 -2.920335e+01 -2.894716e+01 -2.869106e+01
  -28.435015 -2.817902e+01 -2.792305e+01 -2.766711e+01 -2.741120e+01 -2.715530e+01 -2.689941e+01 -2.664354e+01
  -26.387667 -2.613180e+01 -2.587595e+01 -2.562009e+01 -2.536424e+01 -2.510839e+01 -2.485254e+01 -2.459669e+01
  -24.340845 -2.408500e+01 -2.382915e+01 -2.357331e+01 -2.331746e+01 -2.306162e+01 -2.280577e+01 -2.254992e+01
  -22.294073 -2.203822e+01 -2.178237e+01 -2.152652e+01 -2.127066e+01 -2.101480e+01 -2.075894e+01 -2.050307e+01
  -20.247191 -1.999130e+01 -1.973541e+01 -1.947949e+01 -1.922356e+01 -1.896762e+01 -1.871165e+01 -1.845565e+01
  -18.199637 -1.794359e+01 -1.768753e+01 -1.743144e+01 -1.717534e+01 -1.691924e+01 -1.666313e+01 -1.640703e+01
  -16.150945 -1.589488e+01 -1.563883e+01 -1.538280e+01 -1.512679e+01 -1.487081e+01 -1.461484e+01 -1.435890e+01
  -14.102970 -1.384706e+01 -1.359115e+01 -1.333526e+01 -1.307938e+01 -1.282350e+01 -1.256764e+01 -1.231177e+01
  -12.055912 -1.180006e+01 -1.154420e+01 -1.128835e+01 -1.103250e+01 -1.077665e+01 -1.052080e+01 -1.026496e+01
  -10.009113 -9.753267e+00 -9.497423e+00 -9.241578e+00 -8.985734e+00 -8.729890e+00 -8.474047e+00 -8.218203e+00
   -7.962360 -7.706517e+00 -7.450674e+00 -7.194831e+00 -6.938988e+00 1.514078e-21 7.750561e+00 6.029638e+01
    7.980684 6.371059e+01 1.000000e+00    11.800000 -3.022939e+01 -2.997260e+01 -2.971603e+01 -2.945962e+01 -2.920335e+01 -2.894716e+01 -2.869106e+01
  -28.435015 -2.817902e+01 -2.792305e+01 -2.766711e+01 -2.741120e+01 -2.715530e+01 -2.689941e+01 -2.664354e+01
  -26.387667 -2.613180e+01 -2.587595e+01 -2.562009e+01 -2.536424e+01 -2.510839e+01 -2.485254e+01 -2.459669e+01
  -24.340845 -2.408500e+01 -2.382915e+01 -2.357331e+01 -2.331746e+01 -2.306162e+01 -2.280577e+01 -2.254992e+01
  -22.294073 -2.203822e+01 -2.178237e+01 -2.152652e+01 -2.127066e+01 -2.101480e+01 -2.075894e+01 -2.050307e+01
  -20.247191 -1.999130e+01 -1.973541e+01 -1.947949e+01 -1.922356e+01 -1.896762e+01 -1.871165e+01 -1.845565e+01
  -18.199637 -1.794359e+01 -1.768753e+01 -1.743144e+01 -1.717534e+01 -1.691924e+01 -1.666313e+01 -1.640703e+01
  -16.150945 -1.589488e+01 -1.563883e+01 -1.538280e+01 -1.512679e+01 -1.487081e+01 -1.461484e+01 -1.435890e+01
  -14.102970 -1.384706e+01 -1.359115e+01 -1.333526e+01 -1.307938e+01 -1.282350e+01 -1.256764e+01 -1.231177e+01
  -12.055912 -1.180006e+01 -1.154420e+01 -1.128835e+01 -1.103250e+01 -1.077665e+01 -1.052080e+01 -1.026496e+01
  -10.009113 -9.753267e+00 -9.497423e+00 -9.241578e+00 -8.985734e+00 -8.729890e+00 -8.474047e+00 -8.218203e+00
   -7.962360 -7.706517e+00 -7.450674e+00 -7.194831e+00 -6.938988e+00 -6.683145e+00 2.070073e-22 7.802526e+00
   61.061633 7.984834e+00 6.377271e+01 1.000000e+00    11.800000 -3.022939e+01 -2.997260e+01 -2.971603e+01 -2.945962e+01 -2.920335e+01 -2.894716e+01 -2.869106e+01
  -28.435015 -2.817902e+01 -2.792305e+01 -2.766711e+01 -2.741120e+01 -2.715530e+01 -2.689941e+01 -2.664354e+01
  -26.387667 -2.613180e+01 -2.587595e+01 -2.562009e+01 -2.536424e+01 -2.510839e+01 -2.485254e+01 -2.459669e+01
  -24.340845 -2.408500e+01 -2.382915e+01 -2.357331e+01 -2.331746e+01 -2.306162e+01 -2.280577e+01 -2.254992e+01
  -22.294073 -2.203822e+01 -2.178237e+01 -2.152652e+01 -2.127066e+01 -2.101480e+01 -2.075894e+01 -2.050307e+01
  -20.247191 -1.999130e+01 -1.973541e+01 -1.947949e+01 -1.922356e+01 -1.896762e+01 -1.871165e+01 -1.845565e+01
  -18.199637 -1.794359e+01 -1.768753e+01 -1.743144e+01 -1.717534e+01 -1.691924e+01 -1.666313e+01 -1.640703e+01
  -16.150945 -1.589488e+01 -1.563883e+01 -1.538280e+01 -1.512679e+01 -1.487081e+01 -1.461484e+01 -1.435890e+01
  -14.102970 -1.384706e+01 -1.359115e+01 -1.333526e+01 -1.307938e+01 -1.282350e+01 -1.256764e+01 -1.231177e+01
  -12.055912 -1.180006e+01 -1.154420e+01 -1.128835e+01 -1.103250e+01 -1.077665e+01 -1.052080e+01 -1.026496e+01
  -10.009113 -9.753267e+00 -9.497423e+00 -9.241578e+00 -8.985734e+00 -8.729890e+00 -8.474047e+00 -8.218203e+00
   -7.962360 -7.706517e+00 -7.450674e+00 -7.194831e+00 -6.938988e+00 -6.683145e+00 -6.427302e+00 2.796577e-23
    7.844386 6.168051e+01 7.988125e+00 6.382199e+01 1.000000e+00    11.800000 -3.022939e+01 -2.997260e+01 -2.971603e+01 -2.945962e+01 -2.920335e+01 -2.894716e+01 -2.869106e+01
  -28.435015 -2.817902e+01 -2.792305e+01 -2.766711e+01 -2.741120e+01 -2.715530e+01 -2.689941e+01 -2.664354e+01
  -26.387667 -2.613180e+01 -2.587595e+01 -2.562009e+01 -2.536424e+01 -2.510839e+01 -2.485254e+01 -2.459669e+01
  -24.340845 -2.408500e+01 -2.382915e+01 -2.357331e+01 -2.331746e+01 -2.306162e+01 -2.280577e+01 -2.254992e+01
  -22.294073 -2.203822e+01 -2.178237e+01 -2.152652e+01 -2.127066e+01 -2.101480e+01 -2.075894e+01 -2.050307e+01
  -20.247191 -1.999130e+01 -1.973541e+01 -1.947949e+01 -1.922356e+01 -1.896762e+01 -1.871165e+01 -1.845565e+01
  -18.199637 -1.794359e+01 -1.768753e+01 -1.743144e+01 -1.717534e+01 -1.691924e+01 -1.666313e+01 -1.640703e+01
  -16.150945 -1.589488e+01 -1.563883e+01 -1.538280e+01 -1.512679e+01 -1.487081e+01 -1.461484e+01 -1.435890e+01
  -14.102970 -1.384706e+01 -1.359115e+01 -1.333526e+01 -1.307938e+01 -1.282350e+01 -1.256764e+01 -1.231177e+01
  -12.055912 -1.180006e+01 -1.154420e+01 -1.128835e+01 -1.103250e+01 -1.077665e+01 -1.052080e+01 -1.026496e+01
  -10.009113 -9.753267e+00 -9.497423e+00 -9.241578e+00 -8.985734e+00 -8.729890e+00 -8.474047e+00 -8.218203e+00
   -7.962360 -7.706517e+00 -7.450674e+00 -7.194831e+00 -6.938988e+00 -6.683145e+00 -6.427302e+00 -6.171459e+00
    0.000000 7.877830e+00 6.217651e+01 7.990723e+00 6.386092e+01 1.000000e+00    11.800000 -3.022939e+01 -2.997260e+01 -2.971603e+01 -2.945962e+01 -2.920335e+01 -2.894716e+01 -2.869106e+01
  -28.435015 -2.817902e+01 -2.792305e+01 -2.766711e+01 -2.741120e+01 -2.715530e+01 -2.689941e+01 -2.664354e+01
  -26.387667 -2.613180e+01 -2.587595e+01 -2.562009e+01 -2.536424e+01 -2.510839e+01 -2.485254e+01 -2.459669e+01
  -24.340845 -2.408500e+01 -2.382915e+01 -2.357331e+01 -2.331746e+01 -2.306162e+01 -2.280577e+01 -2.254992e+01
  -22.294073 -2.203822e+01 -2.178237e+01 -2.152652e+01 -2.127066e+01 -2.101480e+01 -2.075894e+01 -2.050307e+01
  -20.247191 -1.999130e+01 -1.973541e+01 -1.947949e+01 -1.922356e+01 -1.896762e+01 -1.871165e+01 -1.845565e+01
  -18.199637 -1.794359e+01 -1.768753e+01 -1.743144e+01 -1.717534e+01 -1.691924e+01 -1.666313e+01 -1.640703e+01
  -16.150945 -1.589488e+01 -1.563883e+01 -1.538280e+01 -1.512679e+01 -1.487081e+01 -1.461484e+01 -1.435890e+01
  -14.102970 -1.384706e+01 -1.359115e+01 -1.333526e+01 -1.307938e+01 -1.282350e+01 -1.256764e+01 -1.231177e+01
  -12.055912 -1.180006e+01 -1.154420e+01 -1.128835e+01 -1.103250e+01 -1.077665e+01 -1.052080e+01 -1.026496e+01
  -10.009113 -9.753267e+00 -9.497423e+00 -9.241578e+00 -8.985734e+00 -8.729890e+00 -8.474047e+00 -8.218203e+00
   -7.962360 -7.706517e+00 -7.450674e+00 -7.194831e+00 -6.938988e+00 -6.683145e+00 -6.427302e+00 -6.171459e+00
   -5.915616 4.968814e-25 7.904371e+00 6.257111e+01 7.992766e+00 6.389153e+01 1.000000e+00    11.800000 -3.022939e+01 -2.997260e+01 -2.971603e+01 -2.945962e+01 -2.920335e+01 -2.894716e+01 -2.869106e+01
  -28.435015 -2.817902e+01 -2.792305e+01 -2.766711e+01 -2.741120e+01 -2.715530e+01 -2.689941e+01 -2.664354e+01
  -26.387667 -2.613180e+01 -2.587595e+01 -2.562009e+01 -2.536424e+01 -2.510839e+01 -2.485254e+01 -2.459669e+01
  -24.340845 -2.408500e+01 -2.382915e+01 -2.357331e+01 -2.331746e+01 -2.306162e+01 -2.280577e+01 -2.254992e+01
  -22.294073 -2.203822e+01 -2.178237e+01 -2.152652e+01 -2.127066e+01 -2.101480e+01 -2.075894e+01 -2.050307e+01
  -20.247191 -1.999130e+01 -1.973541e+01 -1.947949e+01 -1.922356e+01 -1.896762e+01 -1.871165e+01 -1.845565e+01
  -18.199637 -1.794359e+01 -1.768753e+01 -1.743144e+01 -1.717534e+01 -1.691924e+01 -1.666313e+01 -1.640703e+01
  -16.150945 -1.589488e+01 -1.563883e+01 -1.538280e+01 -1.512679e+01 -1.487081e+01 -1.461484e+01 -1.435890e+01
  -14.102970 -1.384706e+01 -1.359115e+01 -1.333526e+01 -1.307938e+01 -1.282350e+01 -1.256764e+01 -1.231177e+01
  -12.055912 -1.180006e+01 -1.154420e+01 -1.128835e+01 -1.103250e+01 -1.077665e+01 -1.052080e+01 -1.026496e+01
  -10.009113 -9.753267e+00 -9.497423e+00 -9.241578e+00 -8.985734e+00 -8.729890e+00 -8.474047e+00 -8.218203e+00
   -7.962360 -7.706517e+00 -7.450674e+00 -7.194831e+00 -6.938988e+00 -6.683145e+00 -6.427302e+00 -6.171459e+00
   -5.915616 -5.659773e+00 6.558110e-26 7.925324e+00 6.288323e+01 7.994368e+00 6.391554e+01 1.000000e+00
   11.800000 -3.022939e+01 -2.997260e+01 -2.971603e+01 -2.945962e+01 -2.920335e+01 -2.894716e+01 -2.869106e+01
  -28.435015 -2.817902e+01 -2.792305e+01 -2.766711e+01 -2.741120e+01 -2.715530e+01 -2.689941e+01 -2.664354e+01
  -26.387667 -2.613180e+01 -2.587595e+01 -2.562009e+01 -2.536424e+01 -2.510839e+01 -2.485254e+01 -2.459669e+01
  -24.340845 -2.408500e+01 -2.382915e+01 -2.357331e+01 -2.331746e+01 -2.306162e+01 -2.280577e+01 -2.254992e+01
  -22.294073 -2.203822e+01 -2.178237e+01 -2.152652e+01 -2.127066e+01 -2.101480e+01 -2.075894e+01 -2.050307e+01
  -20.247191 -1.999130e+01 -1.973541e+01 -1.947949e+01 -1.922356e+01 -1.896762e+01 -1.871165e+01 -1.845565e+01
  -18.199637 -1.794359e+01 -1.768753e+01 -1.743144e+01 -1.717534e+01 -1.691924e+01 -1.666313e+01 -1.640703e+01
  -16.150945 -1.589488e+01 -1.563883e+01 -1.538280e+01 -1.512679e+01 -1.487081e+01 -1.461484e+01 -1.435890e+01
  -14.102970 -1.384706e+01 -1.359115e+01 -1.333526e+01 -1.307938e+01 -1.282350e+01 -1.256764e+01 -1.231177e+01
  -12.055912 -1.180006e+01 -1.154420e+01 -1.128835e+01 -1.103250e+01 -1.077665e+01 -1.052080e+01 -1.026496e+01
  -10.009113 -9.753267e+00 -9.497423e+00 -9.241578e+00 -8.985734e+00 -8.729890e+00 -8.474047e+00 -8.218203e+00
   -7.962360 -7.706517e+00 -7.450674e+00 -7.194831e+00 -6.938988e+00 -6.683145e+00 -6.427302e+00 -6.171459e+00
   -5.915616 -5.659773e+00 -5.403930e+00 8.614599e-27 7.941794e+00 6.312897e+01 7.995620e+00 6.393431e+01
    1.000000    11.800000 -3.022939e+01 -2.997260e+01 -2.971603e+01 -2.945962e+01 -2.920335e+01 -2.894716e+01 -2.869106e+01
  -28.435015 -2.817902e+01 -2.792305e+01 -2.766711e+01 -2.741120e+01 -2.715530e+01 -2.689941e+01 -2.664354e+01
  -26.387667 -2.613180e+01 -2.587595e+01 -2.562009e+01 -2.536424e+01 -2.510839e+01 -2.485254e+01 -2.459669e+01
  -24.340845 -2.408500e+01 -2.382915e+01 -2.357331e+01 -2.331746e+01 -2.306162e+01 -2.280577e+01 -2.254992e+01
  -22.294073 -2.203822e+01 -2.178237e+01 -2.152652e+01 -2.127066e+01 -2.101480e+01 -2.075894e+01 -2.050307e+01
  -20.247191 -1.999130e+01 -1.973541e+01 -1.947949e+01 -1.922356e+01 -1.896762e+01 -1.871165e+01 -1.845565e+01
  -18.199637 -1.794359e+01 -1.768753e+01 -1.743144e+01 -1.717534e+01 -1.691924e+01 -1.666313e+01 -1.640703e+01
  -16.150945 -1.589488e+01 -1.563883e+01 -1.538280e+01 -1.512679e+01 -1.487081e+01 -1.461484e+01 -1.435890e+01
  -14.102970 -1.384706e+01 -1.359115e+01 -1.333526e+01 -1.307938e+01 -1.282350e+01 -1.256764e+01 -1.231177e+01
  -12.055912 -1.180006e+01 -1.154420e+01 -1.128835e+01 -1.103250e+01 -1.077665e+01 -1.052080e+01 -1.026496e+01
  -10.009113 -9.753267e+00 -9.497423e+00 -9.241578e+00 -8.985734e+00 -8.729890e+00 -8.474047e+00 -8.218203e+00
   -7.962360 -7.706517e+00 -7.450674e+00 -7.194831e+00 -6.938988e+00 -6.683145e+00 -6.427302e+00 -6.171459e+00
   -5.915616 -5.659773e+00 -5.403930e+00 -5.148088e+00 1.127372e-27 7.954699e+00 6.332172e+01 7.996597e+00
   63.948965 1.000000e+00    11.800000 -3.022939e+01 -2.997260e+01 -2.971603e+01 -2.945962e+01 -2.920335e+01 -2.894716e+01 -2.869106e+01
  -28.435015 -2.817902e+01 -2.792305e+01 -2.766711e+01 -2.741120e+01 -2.715530e+01 -2.689941e+01 -2.664354e+01
  -26.387667 -2.613180e+01 -2.587595e+01 -2.562009e+01 -2.536424e+01 -2.510839e+01 -2.485254e+01 -2.459669e+01
  -24.340845 -2.408500e+01 -2.382915e+01 -2.357331e+01 -2.331746e+01 -2.306162e+01 -2.280577e+01 -2.254992e+01
  -22.294073 -2.203822e+01 -2.178237e+01 -2.152652e+01 -2.127066e+01 -2.101480e+01 -2.075894e+01 -2.050307e+01
  -20.247191 -1.999130e+01 -1.973541e+01 -1.947949e+01 -1.922356e+01 -1.896762e+01 -1.871165e+01 -1.845565e+01
  -18.199637 -1.794359e+01 -1.768753e+01 -1.743144e+01 -1.717534e+01 -1.691924e+01 -1.666313e+01 -1.640703e+01
  -16.150945 -1.589488e+01 -1.563883e+01 -1.538280e+01 -1.512679e+01 -1.487081e+01 -1.461484e+01 -1.435890e+01
  -14.102970 -1.384706e+01 -1.359115e+01 -1.333526e+01 -1.307938e+01 -1.282350e+01 -1.256764e+01 -1.231177e+01
  -12.055912 -1.180006e+01 -1.154420e+01 -1.128835e+01 -1.103250e+01 -1.077665e+01 -1.052080e+01 -1.026496e+01
  -10.009113 -9.753267e+00 -9.497423e+00 -9.241578e+00 -8.985734e+00 -8.729890e+00 -8.474047e+00 -8.218203e+00
   -7.962360 -7.706517e+00 -7.450674e+00 -7.194831e+00 -6.938988e+00 -6.683145e+00 -6.427302e+00 -6.171459e+00
   -5.915616 -5.659773e+00 -5.403930e+00 -5.148088e+00 -4.892245e+00 1.471053e-28 7.964783e+00 6.347249e+01
    7.997358 6.396038e+01 1.000000e+00 