   B    M       Omega0    psiMB          ZMB         ZSEM
   1    1 2.400000e+01 1.000000 2.400000e+01 0.000000e+00
   2    1 1.680000e+02 1.000000 4.214192e-03 2.327085e-02
   2    2 2.520000e+02 1.000000 2.520000e+02 0.000000e+00
   3    1 3.360000e+02 1.000000 2.194409e-08 3.333176e-02
   3    2 3.024000e+03 1.000000 7.445439e-02 2.324029e-02
   3    3 1.512000e+03 1.000000 1.512000e+03 0.000000e+00
   4    2 1.260000e+04 1.000000 4.943054e-06 6.258627e-02
   4    3 2.268000e+04 1.000000 5.571619e-01 2.351085e-02
   4    4 5.670000e+03 1.000000 5.670000e+03 0.000000e+00
   5    2 2.016000e+04 1.000000 3.491376e-11 6.685664e-02
   5    3 1.209600e+05 1.000000 6.059151e-05 5.684473e-02
   5    4 9.072000e+04 1.000000 2.230746e+00 2.354928e-02
   5    5 1.360800e+04 1.000000 1.360800e+04 0.000000e+00
   6    2 1.008000e+04 1.000000 5.272035e-17 8.256350e-02
   6    3 2.721600e+05 1.000000 2.172863e-09 1.396124e-01
   6    4 4.989600e+05 1.000000 2.790290e-04 5.366989e-02
   6    5 2.041200e+05 1.000000 5.301175e+00 2.286320e-02
   6    6 2.041200e+04 1.000000 2.041200e+04 0.000000e+00
   7    3 2.419200e+05 1.000000 8.451811e-15 1.328826e-01
   7    4 1.088640e+06 1.000000 1.067754e-08 1.224341e-01
   7    5 9.525600e+05 1.000000 5.709469e-04 5.241275e-02
   7    6 2.449440e+05 1.000000 6.000231e+00 2.349137e-02
   7    7 1.749600e+04 1.000000 1.749600e+04 0.000000e+00
   8    3 6.048000e+04 1.000000 1.126235e-20 1.365277e-01
   8    4 7.711200e+05 1.000000 1.282850e-13 2.977249e-01
   8    5 1.360800e+06 1.000000 1.607096e-08 1.128700e-01
   8    6 6.940080e+05 1.000000 3.979722e-04 5.131152e-02
   8    7 1.224720e+05 1.000000 3.083770e+00 2.327319e-02
   8    8 6.561000e+03 1.000000 6.561000e+03 0.000000e+00
