   B    M       Omega0    psiMB          ZMB         ZSEM
   1    1 1.600000e+01 1.000000 1.600000e+01 0.000000e+00
   2    1 5.600000e+01 1.000000 5.168590e-04 1.577296e-02
   2    2 1.120000e+02 1.000000 1.120000e+02 0.000000e+00
   3    2 6.720000e+02 1.000000 6.110365e-03 1.598514e-02
   3    3 4.480000e+02 1.000000 4.480000e+02 0.000000e+00
   4    2 8.400000e+02 1.000000 7.337535e-08 2.796957e-02
   4    3 3.360000e+03 1.000000 3.030166e-02 1.610181e-02
   4    4 1.120000e+03 1.000000 1.120000e+03 0.000000e+00
   5    3 6.720000e+03 1.000000 5.933741e-07 2.778063e-02
   5    4 8.960000e+03 1.000000 7.661047e-02 1.686202e-02
   5    5 1.792000e+03 1.000000 1.792000e+03 0.000000e+00
   6    3 3.360000e+03 1.000000 3.237547e-12 4.057718e-02
   6    4 2.016000e+04 1.000000 1.816615e-06 2.742748e-02
   6    5 1.344000e+04 1.000000 1.170836e-01 1.659525e-02
   6    6 1.792000e+03 1.000000 1.792000e+03 0.000000e+00
   7    4 1.344000e+04 1.000000 1.330902e-11 3.996276e-02
   7    5 2.688000e+04 1.000000 2.354941e-06 2.791807e-02
   7    6 1.075200e+04 1.000000 9.740935e-02 1.603707e-02
   7    7 1.024000e+03 1.000000 1.024000e+03 0.000000e+00
   8    4 1.680000e+03 1.000000 2.860926e-17 4.443691e-02
   8    5 1.344000e+04 1.000000 1.208714e-11 4.216380e-02
   8    6 1.344000e+04 1.000000 1.134680e-06 2.856990e-02
   8    7 3.584000e+03 1.000000 3.140245e-02 1.651222e-02
   8    8 2.560000e+02 1.000000 2.560000e+02 0.000000e+00
