   B    M       Omega0    psiMB          ZMB         ZSEM
   1    1 3.200000e+01 1.000000 3.200000e+01 0.000000e+00
   2    1 3.360000e+02 1.000000 1.609210e-03 3.467148e-02
   2    2 4.480000e+02 1.000000 4.480000e+02 0.000000e+00
   3    1 1.344000e+03 1.000000 2.826631e-09 6.340860e-02
   3    2 8.064000e+03 1.000000 4.132159e-02 3.295448e-02
   3    3 3.584000e+03 1.000000 3.584000e+03 0.000000e+00
   4    1 1.680000e+03 1.000000 3.506283e-16 8.020840e-02
   4    2 5.712000e+04 1.000000 9.068269e-07 9.475793e-02
   4    3 8.064000e+04 1.000000 4.284150e-01 3.253733e-02
   4    4 1.792000e+04 1.000000 1.792000e+04 0.000000e+00
   5    2 1.881600e+05 1.000000 2.345639e-12 1.194900e-01
   5    3 6.988800e+05 1.000000 1.553438e-05 7.689625e-02
   5    4 4.300800e+05 1.000000 2.094838e+00 3.440602e-02
   5    5 5.734400e+04 1.000000 5.734400e+04 0.000000e+00
   6    2 2.822400e+05 1.000000 1.347127e-18 2.106107e-01
   6    3 2.822400e+06 1.000000 1.500762e-10 2.449135e-01
   6    4 3.763200e+06 1.000000 9.563130e-05 7.539752e-02
   6    5 1.290240e+06 1.000000 6.934574e+00 3.255269e-02
   6    6 1.146880e+05 1.000000 1.146880e+05 0.000000e+00
   7    2 1.612800e+05 1.000000 9.475607e-26 2.270090e-01
   7    3 5.160960e+06 1.000000 2.486721e-16 2.611195e-01
   7    4 1.397760e+07 1.000000 1.075812e-09 1.861416e-01
   7    5 9.461760e+06 1.000000 2.145139e-04 7.654994e-02
   7    6 2.064384e+06 1.000000 1.082180e+01 3.278029e-02
   7    7 1.310720e+05 1.000000 1.310720e+05 0.000000e+00
   8    2 2.016000e+04 1.000000 1.954746e-33 2.281701e-01
   8    3 3.306240e+06 1.000000 3.874210e-23 4.561819e-01
   8    4 1.830528e+07 1.000000 3.130232e-15 3.662797e-01
   8    5 2.236416e+07 1.000000 1.774329e-09 1.882112e-01
   8    6 9.117696e+06 1.000000 1.967878e-04 7.858155e-02
   8    7 1.376256e+06 1.000000 7.259080e+00 3.241063e-02
   8    8 6.553600e+04 1.000000 6.553600e+04 0.000000e+00
