   B    M       Omega0    psiMB          ZMB         ZSEM
   1    1 4.000000e+01 1.000000 4.000000e+01 0.000000e+00
   2    1 5.600000e+02 1.000000 8.089926e-03 2.148803e-02
   2    2 7.000000e+02 1.000000 7.000000e+02 0.000000e+00
   3    1 3.360000e+03 1.000000 9.512381e-08 7.303570e-02
   3    2 1.680000e+04 1.000000 2.496965e-01 2.140290e-02
   3    3 7.000000e+03 1.000000 7.000000e+03 0.000000e+00
   4    1 8.400000e+03 1.000000 8.091485e-14 6.602793e-02
   4    2 1.680000e+05 1.000000 2.403626e-05 5.251528e-02
   4    3 2.100000e+05 1.000000 3.129000e+00 2.144588e-02
   4    4 4.375000e+04 1.000000 4.375000e+04 0.000000e+00
   5    1 6.720000e+03 1.000000 6.052016e-21 9.550512e-02
   5    2 8.400000e+05 1.000000 3.240515e-10 1.464733e-01
   5    3 2.520000e+06 1.000000 4.132502e-04 4.961217e-02
   5    4 1.400000e+06 1.000000 2.035620e+01 2.161112e-02
   5    5 1.750000e+05 1.000000 1.750000e+05 0.000000e+00
   6    2 2.116800e+06 1.000000 7.982227e-16 1.653947e-01
   6    3 1.470000e+07 1.000000 2.341976e-08 1.218963e-01
   6    4 1.680000e+07 1.000000 2.847048e-03 5.017714e-02
   6    5 5.250000e+06 1.000000 8.156994e+01 2.108910e-02
   6    6 4.375000e+05 1.000000 4.375000e+05 0.000000e+00
   7    2 2.419200e+06 1.000000 8.874414e-22 3.133447e-01
   7    3 4.082400e+07 1.000000 2.031914e-13 2.891443e-01
   7    4 8.820000e+07 1.000000 1.624618e-07 1.021673e-01
   7    5 5.250000e+07 1.000000 9.910740e-03 4.803416e-02
   7    6 1.050000e+07 1.000000 1.592277e+02 2.108512e-02
   7    7 6.250000e+05 1.000000 6.250000e+05 0.000000e+00
   8    2 9.072000e+05 1.000000 1.594788e-28 2.344679e-01
   8    3 4.233600e+07 1.000000 2.705079e-19 1.835557e-01
   8    4 1.688400e+08 1.000000 3.862092e-12 2.762926e-01
   8    5 1.732500e+08 1.000000 3.866186e-07 1.012584e-01
   8    6 6.300000e+07 1.000000 1.227551e-02 4.650209e-02
   8    7 8.750000e+06 1.000000 1.239868e+02 2.197782e-02
   8    8 3.906250e+05 1.000000 3.906250e+05 0.000000e+00
