   B    M       Omega0    psiMB          ZMB         ZSEM
   1    1 1.600000e+01 1.000000 1.600000e+01 0.000000e+00
   2    1 5.600000e+01 1.000000 5.532587e-03 1.583603e-02
   2    2 1.120000e+02 1.000000 1.120000e+02 0.000000e+00
   3    2 6.720000e+02 1.000000 6.689611e-02 1.573209e-02
   3    3 4.480000e+02 1.000000 4.480000e+02 0.000000e+00
   4    2 8.400000e+02 1.000000 9.010723e-06 2.698407e-02
   4    3 3.360000e+03 1.000000 3.382730e-01 1.557418e-02
   4    4 1.120000e+03 1.000000 1.120000e+03 0.000000e+00
   5    3 6.720000e+03 1.000000 6.873269e-05 2.780480e-02
   5    4 8.960000e+03 1.000000 8.694331e-01 1.608183e-02
   5    5 1.792000e+03 1.000000 1.792000e+03 0.000000e+00
   6    3 3.360000e+03 1.000000 4.156492e-09 4.012604e-02
   6    4 2.016000e+04 1.000000 2.059835e-04 2.780566e-02
   6    5 1.344000e+04 1.000000 1.284950e+00 1.628770e-02
   6    6 1.792000e+03 1.000000 1.792000e+03 0.000000e+00
   7    4 1.344000e+04 1.000000 1.852192e-08 3.780450e-02
   7    5 2.688000e+04 1.000000 2.815992e-04 2.739241e-02
   7    6 1.075200e+04 1.000000 1.071986e+00 1.570799e-02
   7    7 1.024000e+03 1.000000 1.024000e+03 0.000000e+00
   8    4 1.680000e+03 1.000000 3.834769e-13 4.559970e-02
   8    5 1.344000e+04 1.000000 1.644107e-08 4.036999e-02
   8    6 1.344000e+04 1.000000 1.440254e-04 2.700217e-02
   8    7 3.584000e+03 1.000000 3.571496e-01 1.571570e-02
   8    8 2.560000e+02 1.000000 2.560000e+02 0.000000e+00
