   B    M       Omega0    psiMB          ZMB         ZSEM
   1    1 4.000000e+01 1.000000 4.000000e+01 0.000000e+00
   2    1 5.600000e+02 1.000000 2.512325e-02 1.797567e-02
   2    2 7.000000e+02 1.000000 7.000000e+02 0.000000e+00
   3    1 3.360000e+03 1.000000 1.787016e-06 4.910112e-02
   3    2 1.680000e+04 1.000000 7.850768e-01 1.754507e-02
   3    3 7.000000e+03 1.000000 7.000000e+03 0.000000e+00
   4    1 8.400000e+03 1.000000 1.778054e-11 6.383277e-02
   4    2 1.680000e+05 1.000000 2.384074e-04 3.986614e-02
   4    3 2.100000e+05 1.000000 9.461629e+00 1.793679e-02
   4    4 4.375000e+04 1.000000 4.375000e+04 0.000000e+00
   5    1 6.720000e+03 1.000000 3.337158e-17 8.481737e-02
   5    2 8.400000e+05 1.000000 1.677207e-08 7.648934e-02
   5    3 2.520000e+06 1.000000 4.249356e-03 3.792985e-02
   5    4 1.400000e+06 1.000000 6.434135e+01 1.775124e-02
   5    5 1.750000e+05 1.000000 1.750000e+05 0.000000e+00
   6    2 2.116800e+06 1.000000 5.619177e-13 1.977092e-01
   6    3 1.470000e+07 1.000000 7.506745e-07 7.674205e-02
   6    4 1.680000e+07 1.000000 2.971868e-02 3.669764e-02
   6    5 5.250000e+06 1.000000 2.379058e+02 1.786028e-02
   6    6 4.375000e+05 1.000000 4.375000e+05 0.000000e+00
   7    2 2.419200e+06 1.000000 4.907539e-18 1.906016e-01
   7    3 4.082400e+07 1.000000 3.311813e-11 1.462311e-01
   7    4 8.820000e+07 1.000000 5.622409e-06 6.917731e-02
   7    5 5.250000e+07 1.000000 9.710266e-02 3.580487e-02
   7    6 1.050000e+07 1.000000 4.762109e+02 1.791405e-02
   7    7 6.250000e+05 1.000000 6.250000e+05 0.000000e+00
   8    2 9.072000e+05 1.000000 8.068460e-24 2.138972e-01
   8    3 4.233600e+07 1.000000 6.705633e-16 1.883434e-01
   8    4 1.688400e+08 1.000000 2.740608e-10 1.494990e-01
   8    5 1.732500e+08 1.000000 1.125246e-05 6.789250e-02
   8    6 6.300000e+07 1.000000 1.177344e-01 3.567633e-02
   8    7 8.750000e+06 1.000000 3.902314e+02 1.802767e-02
   8    8 3.906250e+05 1.000000 3.906250e+05 0.000000e+00
