   B    M       Omega0    psiMB          ZMB         ZSEM
   1    1 2.400000e+01 1.000000 2.400000e+01 0.000000e+00
   2    1 1.680000e+02 1.000000 7.236725e-06 3.493563e-02
   2    2 2.520000e+02 1.000000 2.520000e+02 0.000000e+00
   3    1 3.360000e+02 1.000000 5.174823e-18 3.586640e-02
   3    2 3.024000e+03 1.000000 1.324776e-04 3.459630e-02
   3    3 1.512000e+03 1.000000 1.512000e+03 0.000000e+00
   4    2 1.260000e+04 1.000000 1.526853e-11 1.234660e-01
   4    3 2.268000e+04 1.000000 9.964560e-04 3.453633e-02
   4    4 5.670000e+03 1.000000 5.670000e+03 0.000000e+00
   5    2 2.016000e+04 1.000000 1.561596e-23 9.401231e-02
   5    3 1.209600e+05 1.000000 1.695663e-10 1.146445e-01
   5    4 9.072000e+04 1.000000 3.957989e-03 3.467746e-02
   5    5 1.360800e+04 1.000000 1.360800e+04 0.000000e+00
   6    2 1.008000e+04 1.000000 3.695224e-36 8.334047e-02
   6    3 2.721600e+05 1.000000 1.422518e-17 3.311360e-01
   6    4 4.989600e+05 1.000000 8.308843e-10 1.050954e-01
   6    5 2.041200e+05 1.000000 8.905828e-03 3.467586e-02
   6    6 2.041200e+04 1.000000 2.041200e+04 0.000000e+00
   7    3 2.419200e+05 1.000000 5.788171e-30 2.982405e-01
   7    4 1.088640e+06 1.000000 1.936330e-17 5.621434e-01
   7    5 9.525600e+05 1.000000 2.017899e-09 9.297117e-02
   7    6 2.449440e+05 1.000000 1.140806e-02 3.337740e-02
   7    7 1.749600e+04 1.000000 1.749600e+04 0.000000e+00
   8    3 6.048000e+04 1.000000 1.217653e-42 1.990226e-01
   8    4 7.711200e+05 1.000000 2.743460e-24 7.039854e-01
   8    5 1.360800e+06 1.000000 7.139461e-17 3.298880e-01
   8    6 6.940080e+05 1.000000 1.143977e-09 1.055746e-01
   8    7 1.224720e+05 1.000000 5.651347e-03 3.356018e-02
   8    8 6.561000e+03 1.000000 6.561000e+03 0.000000e+00
