   B    M       Omega0    psiMB          ZMB         ZSEM
   1    1 1.600000e+01 1.000000 1.600000e+01 0.000000e+00
   2    1 5.600000e+01 1.000000 8.273290e-07 1.663586e-02
   2    2 1.120000e+02 1.000000 1.120000e+02 0.000000e+00
   3    2 6.720000e+02 1.000000 9.667685e-06 1.701730e-02
   3    3 4.480000e+02 1.000000 4.480000e+02 0.000000e+00
   4    2 8.400000e+02 1.000000 2.065998e-13 2.843196e-02
   4    3 3.360000e+03 1.000000 5.094106e-05 1.626563e-02
   4    4 1.120000e+03 1.000000 1.120000e+03 0.000000e+00
   5    3 6.720000e+03 1.000000 1.731106e-12 2.761808e-02
   5    4 8.960000e+03 1.000000 1.351488e-04 1.633882e-02
   5    5 1.792000e+03 1.000000 1.792000e+03 0.000000e+00
   6    3 3.360000e+03 1.000000 1.560427e-20 4.099202e-02
   6    4 2.016000e+04 1.000000 5.173325e-12 2.768537e-02
   6    5 1.344000e+04 1.000000 2.056571e-04 1.613364e-02
   6    6 1.792000e+03 1.000000 1.792000e+03 0.000000e+00
   7    4 1.344000e+04 1.000000 6.147847e-20 4.134073e-02
   7    5 2.688000e+04 1.000000 6.611196e-12 2.843195e-02
   7    6 1.075200e+04 1.000000 1.615729e-04 1.639231e-02
   7    7 1.024000e+03 1.000000 1.024000e+03 0.000000e+00
   8    4 1.680000e+03 1.000000 2.086092e-28 4.770910e-02
   8    5 1.344000e+04 1.000000 6.523285e-20 3.998974e-02
   8    6 1.344000e+04 1.000000 3.382239e-12 2.802721e-02
   8    7 3.584000e+03 1.000000 5.451380e-05 1.621928e-02
   8    8 2.560000e+02 1.000000 2.560000e+02 0.000000e+00
