   B    M       Omega0    psiMB          ZMB         ZSEM
   1    1 2.400000e+01 1.000000 2.400000e+01 0.000000e+00
   2    1 1.680000e+02 1.000000 2.692172e-04 3.251743e-02
   2    2 2.520000e+02 1.000000 2.520000e+02 0.000000e+00
   3    1 3.360000e+02 1.000000 3.652257e-12 3.442796e-02
   3    2 3.024000e+03 1.000000 4.780359e-03 3.274094e-02
   3    3 1.512000e+03 1.000000 1.512000e+03 0.000000e+00
   4    2 1.260000e+04 1.000000 2.204107e-08 1.065160e-01
   4    3 2.268000e+04 1.000000 3.816947e-02 3.157195e-02
   4    4 5.670000e+03 1.000000 5.670000e+03 0.000000e+00
   5    2 2.016000e+04 1.000000 3.896079e-16 8.759603e-02
   5    3 1.209600e+05 1.000000 2.651606e-07 9.496392e-02
   5    4 9.072000e+04 1.000000 1.498408e-01 3.197284e-02
   5    5 1.360800e+04 1.000000 1.360800e+04 0.000000e+00
   6    2 1.008000e+04 1.000000 1.644939e-24 8.212939e-02
   6    3 2.721600e+05 1.000000 4.901510e-13 3.343422e-01
   6    4 4.989600e+05 1.000000 1.181343e-06 9.193308e-02
   6    5 2.041200e+05 1.000000 3.434981e-01 3.162494e-02
   6    6 2.041200e+04 1.000000 2.041200e+04 0.000000e+00
   7    3 2.419200e+05 1.000000 8.687238e-21 2.092353e-01
   7    4 1.088640e+06 1.000000 3.200895e-12 2.641855e-01
   7    5 9.525600e+05 1.000000 2.416476e-06 8.848006e-02
   7    6 2.449440e+05 1.000000 3.998101e-01 3.218763e-02
   7    7 1.749600e+04 1.000000 1.749600e+04 0.000000e+00
   8    3 6.048000e+04 1.000000 2.017503e-29 1.850527e-01
   8    4 7.711200e+05 1.000000 3.713893e-19 3.430028e-01
   8    5 1.360800e+06 1.000000 5.444626e-12 2.295402e-01
   8    6 6.940080e+05 1.000000 1.681951e-06 8.978911e-02
   8    7 1.224720e+05 1.000000 1.979500e-01 3.235053e-02
   8    8 6.561000e+03 1.000000 6.561000e+03 0.000000e+00
