   B    M       Omega0    psiMB          ZMB         ZSEM
   1    1 2.400000e+01 1.000000 2.400000e+01 0.000000e+00
   2    1 1.680000e+02 1.000000 2.209488e-03 2.606176e-02
   2    2 2.520000e+02 1.000000 2.520000e+02 0.000000e+00
   3    1 3.360000e+02 1.000000 3.218831e-09 3.498755e-02
   3    2 3.024000e+03 1.000000 3.982000e-02 2.596660e-02
   3    3 1.512000e+03 1.000000 1.512000e+03 0.000000e+00
   4    2 1.260000e+04 1.000000 1.444717e-06 7.401457e-02
   4    3 2.268000e+04 1.000000 2.993141e-01 2.602135e-02
   4    4 5.670000e+03 1.000000 5.670000e+03 0.000000e+00
   5    2 2.016000e+04 1.000000 3.153883e-12 6.933167e-02
   5    3 1.209600e+05 1.000000 1.770870e-05 6.686277e-02
   5    4 9.072000e+04 1.000000 1.216396e+00 2.584214e-02
   5    5 1.360800e+04 1.000000 1.360800e+04 0.000000e+00
   6    2 1.008000e+04 1.000000 1.418099e-18 8.013724e-02
   6    3 2.721600e+05 1.000000 2.561848e-10 1.850572e-01
   6    4 4.989600e+05 1.000000 7.243330e-05 6.499733e-02
   6    5 2.041200e+05 1.000000 2.707077e+00 2.576423e-02
   6    6 2.041200e+04 1.000000 2.041200e+04 0.000000e+00
   7    3 2.419200e+05 1.000000 4.336765e-16 1.566835e-01
   7    4 1.088640e+06 1.000000 1.434346e-09 1.570193e-01
   7    5 9.525600e+05 1.000000 1.390763e-04 6.499713e-02
   7    6 2.449440e+05 1.000000 3.265847e+00 2.579618e-02
   7    7 1.749600e+04 1.000000 1.749600e+04 0.000000e+00
   8    3 6.048000e+04 1.000000 1.277555e-22 1.634181e-01
   8    4 7.711200e+05 1.000000 2.053741e-14 3.565386e-01
   8    5 1.360800e+06 1.000000 2.167158e-09 1.401149e-01
   8    6 6.940080e+05 1.000000 1.289266e-04 5.953307e-02
   8    7 1.224720e+05 1.000000 1.669093e+00 2.556984e-02
   8    8 6.561000e+03 1.000000 6.561000e+03 0.000000e+00
