   B    M       Omega0    psiMB          ZMB         ZSEM
   1    1 2.400000e+01 1.000000 2.400000e+01 0.000000e+00
   2    1 1.680000e+02 1.000000 9.339057e-04 2.960080e-02
   2    2 2.520000e+02 1.000000 2.520000e+02 0.000000e+00
   3    1 3.360000e+02 1.000000 2.428078e-10 3.505905e-02
   3    2 3.024000e+03 1.000000 1.678801e-02 2.960015e-02
   3    3 1.512000e+03 1.000000 1.512000e+03 0.000000e+00
   4    2 1.260000e+04 1.000000 2.756119e-07 8.894586e-02
   4    3 2.268000e+04 1.000000 1.272440e-01 2.940138e-02
   4    4 5.670000e+03 1.000000 5.670000e+03 0.000000e+00
   5    2 2.016000e+04 1.000000 9.666408e-14 7.858304e-02
   5    3 1.209600e+05 1.000000 3.119526e-06 8.123409e-02
   5    4 9.072000e+04 1.000000 5.286360e-01 2.890598e-02
   5    5 1.360800e+04 1.000000 1.360800e+04 0.000000e+00
   6    2 1.008000e+04 1.000000 8.292684e-21 7.926273e-02
   6    3 2.721600e+05 1.000000 2.475058e-11 2.422559e-01
   6    4 4.989600e+05 1.000000 1.528845e-05 7.559676e-02
   6    5 2.041200e+05 1.000000 1.225736e+00 2.834227e-02
   6    6 2.041200e+04 1.000000 2.041200e+04 0.000000e+00
   7    3 2.419200e+05 1.000000 5.110555e-18 2.037450e-01
   7    4 1.088640e+06 1.000000 1.656045e-10 1.965154e-01
   7    5 9.525600e+05 1.000000 2.610811e-05 7.832722e-02
   7    6 2.449440e+05 1.000000 1.454841e+00 2.851971e-02
   7    7 1.749600e+04 1.000000 1.749600e+04 0.000000e+00
   8    3 6.048000e+04 1.000000 3.466272e-25 1.700875e-01
   8    4 7.711200e+05 1.000000 1.474682e-16 2.615547e-01
   8    5 1.360800e+06 1.000000 1.625274e-10 2.092036e-01
   8    6 6.940080e+05 1.000000 2.163587e-05 7.430523e-02
   8    7 1.224720e+05 1.000000 6.658583e-01 2.991048e-02
   8    8 6.561000e+03 1.000000 6.561000e+03 0.000000e+00
