   B    M       Omega0    psiMB          ZMB         ZSEM
   1    1 2.400000e+01 1.000000 2.400000e+01 0.000000e+00
   2    1 1.680000e+02 1.000000 1.074555e-03 2.820131e-02
   2    2 2.520000e+02 1.000000 2.520000e+02 0.000000e+00
   3    1 3.360000e+02 1.000000 3.073425e-10 3.488189e-02
   3    2 3.024000e+03 1.000000 1.848881e-02 2.895139e-02
   3    3 1.512000e+03 1.000000 1.512000e+03 0.000000e+00
   4    2 1.260000e+04 1.000000 3.487500e-07 8.545596e-02
   4    3 2.268000e+04 1.000000 1.402088e-01 2.861649e-02
   4    4 5.670000e+03 1.000000 5.670000e+03 0.000000e+00
   5    2 2.016000e+04 1.000000 1.310273e-13 7.854930e-02
   5    3 1.209600e+05 1.000000 3.066586e-06 8.475248e-02
   5    4 9.072000e+04 1.000000 5.690131e-01 2.851243e-02
   5    5 1.360800e+04 1.000000 1.360800e+04 0.000000e+00
   6    2 1.008000e+04 1.000000 1.145077e-20 8.480298e-02
   6    3 2.721600e+05 1.000000 2.242540e-11 2.183879e-01
   6    4 4.989600e+05 1.000000 1.606624e-05 7.712906e-02
   6    5 2.041200e+05 1.000000 1.230524e+00 2.910938e-02
   6    6 2.041200e+04 1.000000 2.041200e+04 0.000000e+00
   7    3 2.419200e+05 1.000000 9.407245e-18 1.767186e-01
   7    4 1.088640e+06 1.000000 1.950548e-10 1.946377e-01
   7    5 9.525600e+05 1.000000 3.069165e-05 7.666089e-02
   7    6 2.449440e+05 1.000000 1.491904e+00 2.896576e-02
   7    7 1.749600e+04 1.000000 1.749600e+04 0.000000e+00
   8    3 6.048000e+04 1.000000 5.608720e-25 1.702801e-01
   8    4 7.711200e+05 1.000000 2.961013e-16 2.300852e-01
   8    5 1.360800e+06 1.000000 2.888137e-10 1.775246e-01
   8    6 6.940080e+05 1.000000 2.843258e-05 7.069428e-02
   8    7 1.224720e+05 1.000000 7.515784e-01 2.896350e-02
   8    8 6.561000e+03 1.000000 6.561000e+03 0.000000e+00
