   B    M       Omega0    psiMB          ZMB         ZSEM
   1    1 4.000000e+01 1.000000 4.000000e+01 0.000000e+00
   2    1 5.600000e+02 1.000000 2.605431e-02 1.740973e-02
   2    2 7.000000e+02 1.000000 7.000000e+02 0.000000e+00
   3    1 3.360000e+03 1.000000 2.288875e-06 4.420420e-02
   3    2 1.680000e+04 1.000000 7.823292e-01 1.753633e-02
   3    3 7.000000e+03 1.000000 7.000000e+03 0.000000e+00
   4    1 8.400000e+03 1.000000 3.370598e-11 5.885452e-02
   4    2 1.680000e+05 1.000000 2.496671e-04 3.855847e-02
   4    3 2.100000e+05 1.000000 9.668114e+00 1.765432e-02
   4    4 4.375000e+04 1.000000 4.375000e+04 0.000000e+00
   5    1 6.720000e+03 1.000000 5.002008e-17 9.119545e-02
   5    2 8.400000e+05 1.000000 2.574279e-08 7.474394e-02
   5    3 2.520000e+06 1.000000 4.210387e-03 3.706139e-02
   5    4 1.400000e+06 1.000000 6.553124e+01 1.742237e-02
   5    5 1.750000e+05 1.000000 1.750000e+05 0.000000e+00
   6    2 2.116800e+06 1.000000 7.537515e-13 1.260990e-01
   6    3 1.470000e+07 1.000000 7.508224e-07 6.918698e-02
   6    4 1.680000e+07 1.000000 3.165756e-02 3.554952e-02
   6    5 5.250000e+06 1.000000 2.392588e+02 1.760011e-02
   6    6 4.375000e+05 1.000000 4.375000e+05 0.000000e+00
   7    2 2.419200e+06 1.000000 8.442010e-18 2.029644e-01
   7    3 4.082400e+07 1.000000 4.235856e-11 1.045751e-01
   7    4 8.820000e+07 1.000000 5.750885e-06 6.581249e-02
   7    5 5.250000e+07 1.000000 9.914808e-02 3.532526e-02
   7    6 1.050000e+07 1.000000 4.749405e+02 1.770141e-02
   7    7 6.250000e+05 1.000000 6.250000e+05 0.000000e+00
   8    2 9.072000e+05 1.000000 2.447543e-23 2.043383e-01
   8    3 4.233600e+07 1.000000 5.993130e-16 1.491389e-01
   8    4 1.688400e+08 1.000000 2.722721e-10 1.147723e-01
   8    5 1.732500e+08 1.000000 1.309325e-05 6.236406e-02
   8    6 6.300000e+07 1.000000 1.211728e-01 3.460634e-02
   8    7 8.750000e+06 1.000000 4.094205e+02 1.745926e-02
   8    8 3.906250e+05 1.000000 3.906250e+05 0.000000e+00
