   B    M       Omega0    psiMB          ZMB         ZSEM
   1    1 2.400000e+01 1.000000 2.400000e+01 0.000000e+00
   2    1 1.680000e+02 1.000000 8.923335e-05 3.313444e-02
   2    2 2.520000e+02 1.000000 2.520000e+02 0.000000e+00
   3    1 3.360000e+02 1.000000 5.814814e-14 3.511591e-02
   3    2 3.024000e+03 1.000000 1.655633e-03 3.258008e-02
   3    3 1.512000e+03 1.000000 1.512000e+03 0.000000e+00
   4    2 1.260000e+04 1.000000 2.395331e-09 1.111881e-01
   4    3 2.268000e+04 1.000000 1.164579e-02 3.378545e-02
   4    4 5.670000e+03 1.000000 5.670000e+03 0.000000e+00
   5    2 2.016000e+04 1.000000 1.887312e-18 9.433039e-02
   5    3 1.209600e+05 1.000000 2.957152e-08 9.788573e-02
   5    4 9.072000e+04 1.000000 4.831187e-02 3.308554e-02
   5    5 1.360800e+04 1.000000 1.360800e+04 0.000000e+00
   6    2 1.008000e+04 1.000000 4.306511e-28 8.364688e-02
   6    3 2.721600e+05 1.000000 1.283071e-14 4.174166e-01
   6    4 4.989600e+05 1.000000 1.153362e-07 1.002200e-01
   6    5 2.041200e+05 1.000000 9.823802e-02 3.504238e-02
   6    6 2.041200e+04 1.000000 2.041200e+04 0.000000e+00
   7    3 2.419200e+05 1.000000 1.115056e-23 2.505960e-01
   7    4 1.088640e+06 1.000000 5.497443e-14 3.898007e-01
   7    5 9.525600e+05 1.000000 2.774688e-07 8.949622e-02
   7    6 2.449440e+05 1.000000 1.237902e-01 3.407913e-02
   7    7 1.749600e+04 1.000000 1.749600e+04 0.000000e+00
   8    3 6.048000e+04 1.000000 1.541205e-33 2.037888e-01
   8    4 7.711200e+05 1.000000 5.064917e-20 6.691914e-01
   8    5 1.360800e+06 1.000000 1.402002e-13 2.831104e-01
   8    6 6.940080e+05 1.000000 1.548365e-07 1.014778e-01
   8    7 1.224720e+05 1.000000 6.385621e-02 3.348490e-02
   8    8 6.561000e+03 1.000000 6.561000e+03 0.000000e+00
