   B    M       Omega0    psiMB          ZMB         ZSEM
   1    1 4.000000e+01 1.000000 4.000000e+01 0.000000e+00
   2    1 5.600000e+02 1.000000 1.528394e-02 1.951206e-02
   2    2 7.000000e+02 1.000000 7.000000e+02 0.000000e+00
   3    1 3.360000e+03 1.000000 5.158549e-07 5.933230e-02
   3    2 1.680000e+04 1.000000 4.452040e-01 1.974920e-02
   3    3 7.000000e+03 1.000000 7.000000e+03 0.000000e+00
   4    1 8.400000e+03 1.000000 1.613305e-12 6.509484e-02
   4    2 1.680000e+05 1.000000 7.595404e-05 4.697852e-02
   4    3 2.100000e+05 1.000000 5.840670e+00 1.922971e-02
   4    4 4.375000e+04 1.000000 4.375000e+04 0.000000e+00
   5    1 6.720000e+03 1.000000 6.502808e-19 9.700989e-02
   5    2 8.400000e+05 1.000000 3.783820e-09 1.022601e-01
   5    3 2.520000e+06 1.000000 1.514662e-03 4.229651e-02
   5    4 1.400000e+06 1.000000 3.882785e+01 1.936384e-02
   5    5 1.750000e+05 1.000000 1.750000e+05 0.000000e+00
   6    2 2.116800e+06 1.000000 4.251230e-14 2.891105e-01
   6    3 1.470000e+07 1.000000 1.293666e-07 9.245835e-02
   6    4 1.680000e+07 1.000000 1.048083e-02 4.235424e-02
   6    5 5.250000e+06 1.000000 1.422344e+02 1.960500e-02
   6    6 4.375000e+05 1.000000 4.375000e+05 0.000000e+00
   7    2 2.419200e+06 1.000000 7.983102e-20 2.409443e-01
   7    3 4.082400e+07 1.000000 4.323248e-12 1.945560e-01
   7    4 8.820000e+07 1.000000 1.014504e-06 9.067579e-02
   7    5 5.250000e+07 1.000000 3.626740e-02 4.039730e-02
   7    6 1.050000e+07 1.000000 2.871396e+02 1.937326e-02
   7    7 6.250000e+05 1.000000 6.250000e+05 0.000000e+00
   8    2 9.072000e+05 1.000000 6.326218e-26 2.236716e-01
   8    3 4.233600e+07 1.000000 4.437641e-17 5.567481e-01
   8    4 1.688400e+08 1.000000 3.342134e-11 1.806177e-01
   8    5 1.732500e+08 1.000000 2.805429e-06 7.838799e-02
   8    6 6.300000e+07 1.000000 3.874072e-02 4.174220e-02
   8    7 8.750000e+06 1.000000 2.349446e+02 1.956845e-02
   8    8 3.906250e+05 1.000000 3.906250e+05 0.000000e+00
