   B    M       Omega0    psiMB          ZMB         ZSEM
   1    1 1.600000e+01 1.000000 1.600000e+01 0.000000e+00
   2    1 5.600000e+01 1.000000 8.035525e-09 1.647982e-02
   2    2 1.120000e+02 1.000000 1.120000e+02 0.000000e+00
   3    2 6.720000e+02 1.000000 1.005179e-07 1.588663e-02
   3    3 4.480000e+02 1.000000 4.480000e+02 0.000000e+00
   4    2 8.400000e+02 1.000000 1.803114e-17 2.943543e-02
   4    3 3.360000e+03 1.000000 4.819042e-07 1.648656e-02
   4    4 1.120000e+03 1.000000 1.120000e+03 0.000000e+00
   5    3 6.720000e+03 1.000000 1.545526e-16 2.820182e-02
   5    4 8.960000e+03 1.000000 1.297201e-06 1.635227e-02
   5    5 1.792000e+03 1.000000 1.792000e+03 0.000000e+00
   6    3 3.360000e+03 1.000000 1.422733e-26 4.035845e-02
   6    4 2.016000e+04 1.000000 4.488947e-16 2.877638e-02
   6    5 1.344000e+04 1.000000 1.911250e-06 1.660866e-02
   6    6 1.792000e+03 1.000000 1.792000e+03 0.000000e+00
   7    4 1.344000e+04 1.000000 5.638911e-26 4.056694e-02
   7    5 2.688000e+04 1.000000 6.366646e-16 2.768556e-02
   7    6 1.075200e+04 1.000000 1.584283e-06 1.610095e-02
   7    7 1.024000e+03 1.000000 1.024000e+03 0.000000e+00
   8    4 1.680000e+03 1.000000 1.957589e-36 4.525495e-02
   8    5 1.344000e+04 1.000000 5.337198e-26 4.183321e-02
   8    6 1.344000e+04 1.000000 3.146415e-16 2.788957e-02
   8    7 3.584000e+03 1.000000 5.198503e-07 1.632558e-02
   8    8 2.560000e+02 1.000000 2.560000e+02 0.000000e+00
