   B    M       Omega0    psiMB          ZMB         ZSEM
   1    1 3.200000e+01 1.000000 3.200000e+01 0.000000e+00
   2    1 3.360000e+02 1.000000 1.223693e-02 2.025770e-02
   2    2 4.480000e+02 1.000000 4.480000e+02 0.000000e+00
   3    1 1.344000e+03 1.000000 3.427873e-07 3.781361e-02
   3    2 8.064000e+03 1.000000 3.005660e-01 1.998061e-02
   3    3 3.584000e+03 1.000000 3.584000e+03 0.000000e+00
   4    1 1.680000e+03 1.000000 8.215760e-13 5.851770e-02
   4    2 5.712000e+04 1.000000 5.156267e-05 4.738781e-02
   4    3 8.064000e+04 1.000000 2.914127e+00 2.043789e-02
   4    4 1.792000e+04 1.000000 1.792000e+04 0.000000e+00
   5    2 1.881600e+05 1.000000 1.701944e-09 7.098394e-02
   5    3 6.988800e+05 1.000000 7.251039e-04 4.596044e-02
   5    4 4.300800e+05 1.000000 1.546023e+01 2.031773e-02
   5    5 5.734400e+04 1.000000 5.734400e+04 0.000000e+00
   6    2 2.822400e+05 1.000000 1.363577e-14 1.185268e-01
   6    3 2.822400e+06 1.000000 5.878729e-08 9.758490e-02
   6    4 3.763200e+06 1.000000 4.481378e-03 4.353010e-02
   6    5 1.290240e+06 1.000000 4.715631e+01 2.018628e-02
   6    6 1.146880e+05 1.000000 1.146880e+05 0.000000e+00
   7    2 1.612800e+05 1.000000 3.605888e-20 1.309187e-01
   7    3 5.160960e+06 1.000000 1.228758e-12 1.504119e-01
   7    4 1.397760e+07 1.000000 4.713317e-07 9.195976e-02
   7    5 9.461760e+06 1.000000 1.207905e-02 4.197202e-02
   7    6 2.064384e+06 1.000000 7.439430e+01 2.041393e-02
   7    7 1.310720e+05 1.000000 1.310720e+05 0.000000e+00
   8    2 2.016000e+04 1.000000 1.773561e-26 1.335446e-01
   8    3 3.306240e+06 1.000000 8.962545e-18 1.948853e-01
   8    4 1.830528e+07 1.000000 1.151527e-11 2.058137e-01
   8    5 2.236416e+07 1.000000 7.813578e-07 8.656810e-02
   8    6 9.117696e+06 1.000000 1.140020e-02 4.199142e-02
   8    7 1.376256e+06 1.000000 5.023655e+01 2.018917e-02
   8    8 6.553600e+04 1.000000 6.553600e+04 0.000000e+00
