   B    M       Omega0    psiMB          ZMB         ZSEM
   1    1 1.600000e+01 1.000000 1.600000e+01 0.000000e+00
   2    1 5.600000e+01 1.000000 6.004098e-05 1.658081e-02
   2    2 1.120000e+02 1.000000 1.120000e+02 0.000000e+00
   3    2 6.720000e+02 1.000000 7.263124e-04 1.646558e-02
   3    3 4.480000e+02 1.000000 4.480000e+02 0.000000e+00
   4    2 8.400000e+02 1.000000 1.109109e-09 2.796042e-02
   4    3 3.360000e+03 1.000000 3.590506e-03 1.662831e-02
   4    4 1.120000e+03 1.000000 1.120000e+03 0.000000e+00
   5    3 6.720000e+03 1.000000 8.750905e-09 2.820397e-02
   5    4 8.960000e+03 1.000000 9.743445e-03 1.637836e-02
   5    5 1.792000e+03 1.000000 1.792000e+03 0.000000e+00
   6    3 3.360000e+03 1.000000 5.503932e-15 4.259988e-02
   6    4 2.016000e+04 1.000000 2.559932e-08 2.865068e-02
   6    5 1.344000e+04 1.000000 1.481362e-02 1.618577e-02
   6    6 1.792000e+03 1.000000 1.792000e+03 0.000000e+00
   7    4 1.344000e+04 1.000000 2.175030e-14 4.288654e-02
   7    5 2.688000e+04 1.000000 3.538690e-08 2.801227e-02
   7    6 1.075200e+04 1.000000 1.158811e-02 1.650616e-02
   7    7 1.024000e+03 1.000000 1.024000e+03 0.000000e+00
   8    4 1.680000e+03 1.000000 5.774616e-21 4.739076e-02
   8    5 1.344000e+04 1.000000 2.352396e-14 4.105658e-02
   8    6 1.344000e+04 1.000000 1.729273e-08 2.841644e-02
   8    7 3.584000e+03 1.000000 3.968530e-03 1.612014e-02
   8    8 2.560000e+02 1.000000 2.560000e+02 0.000000e+00
