   B    M       Omega0    psiMB          ZMB         ZSEM
   1    1 4.000000e+01 1.000000 4.000000e+01 0.000000e+00
   2    1 5.600000e+02 1.000000 1.917289e-04 3.490518e-02
   2    2 7.000000e+02 1.000000 7.000000e+02 0.000000e+00
   3    1 3.360000e+03 1.000000 4.457649e-12 1.170157e-01
   3    2 1.680000e+04 1.000000 6.200328e-03 3.419686e-02
   3    3 7.000000e+03 1.000000 7.000000e+03 0.000000e+00
   4    1 8.400000e+03 1.000000 1.110240e-23 7.145307e-02
   4    2 1.680000e+05 1.000000 1.171148e-08 1.267956e-01
   4    3 2.100000e+05 1.000000 7.650676e-02 3.402081e-02
   4    4 4.375000e+04 1.000000 4.375000e+04 0.000000e+00
   5    1 6.720000e+03 1.000000 1.636457e-36 1.027468e-01
   5    2 8.400000e+05 1.000000 2.695008e-16 3.628434e-01
   5    3 2.520000e+06 1.000000 2.541133e-07 1.059425e-01
   5    4 1.400000e+06 1.000000 4.951489e-01 3.404934e-02
   5    5 1.750000e+05 1.000000 1.750000e+05 0.000000e+00
   6    2 2.116800e+06 1.000000 3.872844e-24 9.681725e-01
   6    3 1.470000e+07 1.000000 6.039302e-14 4.148316e-01
   6    4 1.680000e+07 1.000000 1.722581e-06 1.047607e-01
   6    5 5.250000e+06 1.000000 1.973491e+00 3.340894e-02
   6    6 4.375000e+05 1.000000 4.375000e+05 0.000000e+00
   7    2 2.419200e+06 1.000000 4.946670e-36 5.595508e-01
   7    3 4.082400e+07 1.000000 6.041158e-21 5.950604e-01
   7    4 8.820000e+07 1.000000 1.191996e-12 3.249319e-01
   7    5 5.250000e+07 1.000000 6.447648e-06 1.012789e-01
   7    6 1.050000e+07 1.000000 3.709338e+00 3.407026e-02
   7    7 6.250000e+05 1.000000 6.250000e+05 0.000000e+00
   8    2 9.072000e+05 1.000000 3.589082e-48 2.487812e-01
   8    3 4.233600e+07 1.000000 5.051836e-31 4.694852e-01
   8    4 1.688400e+08 1.000000 4.098064e-19 6.927876e-01
   8    5 1.732500e+08 1.000000 3.042628e-12 2.871589e-01
   8    6 6.300000e+07 1.000000 7.271894e-06 9.785452e-02
   8    7 8.750000e+06 1.000000 3.143240e+00 3.398456e-02
   8    8 3.906250e+05 1.000000 3.906250e+05 0.000000e+00
