   B    M       Omega0    psiMB          ZMB         ZSEM
   1    1 3.200000e+01 1.000000 3.200000e+01 0.000000e+00
   2    1 3.360000e+02 1.000000 1.268916e-03 3.463810e-02
   2    2 4.480000e+02 1.000000 4.480000e+02 0.000000e+00
   3    1 1.344000e+03 1.000000 9.764064e-09 4.593858e-02
   3    2 8.064000e+03 1.000000 8.746356e-02 2.418884e-02
   3    3 3.584000e+03 1.000000 3.584000e+03 0.000000e+00
   4    1 1.680000e+03 1.000000 1.798202e-15 5.368870e-02
   4    2 5.712000e+04 1.000000 4.163110e-06 7.229265e-02
   4    3 8.064000e+04 1.000000 8.545899e-01 2.471828e-02
   4    4 1.792000e+04 1.000000 1.792000e+04 0.000000e+00
   5    2 1.881600e+05 1.000000 1.568605e-11 9.243113e-02
   5    3 6.988800e+05 1.000000 6.133917e-05 6.249349e-02
   5    4 4.300800e+05 1.000000 4.618431e+00 2.439450e-02
   5    5 5.734400e+04 1.000000 5.734400e+04 0.000000e+00
   6    2 2.822400e+05 1.000000 1.519687e-17 1.575238e-01
   6    3 2.822400e+06 1.000000 1.631043e-09 1.784808e-01
   6    4 3.763200e+06 1.000000 3.861462e-04 5.946727e-02
   6    5 1.290240e+06 1.000000 1.448743e+01 2.423287e-02
   6    6 1.146880e+05 1.000000 1.146880e+05 0.000000e+00
   7    2 1.612800e+05 1.000000 1.526143e-24 1.698444e-01
   7    3 5.160960e+06 1.000000 3.473961e-15 2.182978e-01
   7    4 1.397760e+07 1.000000 7.652498e-09 1.437180e-01
   7    5 9.461760e+06 1.000000 9.122146e-04 6.020726e-02
   7    6 2.064384e+06 1.000000 2.310278e+01 2.412165e-02
   7    7 1.310720e+05 1.000000 1.310720e+05 0.000000e+00
   8    2 2.016000e+04 1.000000 6.483610e-32 1.293679e-01
   8    3 3.306240e+06 1.000000 2.252949e-21 2.970876e-01
   8    4 1.830528e+07 1.000000 9.562773e-14 3.458463e-01
   8    5 2.236416e+07 1.000000 2.065712e-08 1.376554e-01
   8    6 9.117696e+06 1.000000 9.738197e-04 5.793941e-02
   8    7 1.376256e+06 1.000000 1.493689e+01 2.432832e-02
   8    8 6.553600e+04 1.000000 6.553600e+04 0.000000e+00
