   B    M       Omega0    psiMB          ZMB         ZSEM
   1    1 4.000000e+01 1.000000 4.000000e+01 0.000000e+00
   2    1 5.600000e+02 1.000000 1.309207e-02 2.002997e-02
   2    2 7.000000e+02 1.000000 7.000000e+02 0.000000e+00
   3    1 3.360000e+03 1.000000 3.814858e-07 5.824499e-02
   3    2 1.680000e+04 1.000000 3.992583e-01 1.983818e-02
   3    3 7.000000e+03 1.000000 7.000000e+03 0.000000e+00
   4    1 8.400000e+03 1.000000 7.965194e-13 6.662237e-02
   4    2 1.680000e+05 1.000000 5.825149e-05 5.032447e-02
   4    3 2.100000e+05 1.000000 4.970121e+00 1.996721e-02
   4    4 4.375000e+04 1.000000 4.375000e+04 0.000000e+00
   5    1 6.720000e+03 1.000000 2.607739e-19 8.989232e-02
   5    2 8.400000e+05 1.000000 2.295587e-09 1.096679e-01
   5    3 2.520000e+06 1.000000 1.045074e-03 4.643735e-02
   5    4 1.400000e+06 1.000000 3.318082e+01 1.997400e-02
   5    5 1.750000e+05 1.000000 1.750000e+05 0.000000e+00
   6    2 2.116800e+06 1.000000 2.268685e-14 2.922932e-01
   6    3 1.470000e+07 1.000000 9.086824e-08 9.886066e-02
   6    4 1.680000e+07 1.000000 7.823742e-03 4.365477e-02
   6    5 5.250000e+06 1.000000 1.189022e+02 2.048877e-02
   6    6 4.375000e+05 1.000000 4.375000e+05 0.000000e+00
   7    2 2.419200e+06 1.000000 2.678378e-20 2.072828e-01
   7    3 4.082400e+07 1.000000 1.399720e-12 2.486657e-01
   7    4 8.820000e+07 1.000000 5.826706e-07 9.186967e-02
   7    5 5.250000e+07 1.000000 2.372592e-02 4.463307e-02
   7    6 1.050000e+07 1.000000 2.435254e+02 2.021976e-02
   7    7 6.250000e+05 1.000000 6.250000e+05 0.000000e+00
   8    2 9.072000e+05 1.000000 1.826338e-26 2.217763e-01
   8    3 4.233600e+07 1.000000 1.102784e-17 2.721608e-01
   8    4 1.688400e+08 1.000000 1.490306e-11 2.344793e-01
   8    5 1.732500e+08 1.000000 1.596760e-06 8.507317e-02
   8    6 6.300000e+07 1.000000 3.175166e-02 4.259874e-02
   8    7 8.750000e+06 1.000000 2.026361e+02 2.034506e-02
   8    8 3.906250e+05 1.000000 3.906250e+05 0.000000e+00
