   B    M       Omega0    psiMB          ZMB         ZSEM
   1    1 4.000000e+01 1.000000 4.000000e+01 0.000000e+00
   2    1 5.600000e+02 1.000000 8.062569e-03 2.105751e-02
   2    2 7.000000e+02 1.000000 7.000000e+02 0.000000e+00
   3    1 3.360000e+03 1.000000 9.676386e-08 7.136378e-02
   3    2 1.680000e+04 1.000000 2.419794e-01 2.132256e-02
   3    3 7.000000e+03 1.000000 7.000000e+03 0.000000e+00
   4    1 8.400000e+03 1.000000 6.531588e-14 6.392401e-02
   4    2 1.680000e+05 1.000000 2.186704e-05 5.594138e-02
   4    3 2.100000e+05 1.000000 2.983764e+00 2.144718e-02
   4    4 4.375000e+04 1.000000 4.375000e+04 0.000000e+00
   5    1 6.720000e+03 1.000000 4.165163e-21 9.166576e-02
   5    2 8.400000e+05 1.000000 2.747160e-10 1.427987e-01
   5    3 2.520000e+06 1.000000 3.751551e-04 5.088329e-02
   5    4 1.400000e+06 1.000000 1.961267e+01 2.150949e-02
   5    5 1.750000e+05 1.000000 1.750000e+05 0.000000e+00
   6    2 2.116800e+06 1.000000 1.395584e-15 4.449433e-01
   6    3 1.470000e+07 1.000000 1.690837e-08 1.255598e-01
   6    4 1.680000e+07 1.000000 2.546987e-03 5.048079e-02
   6    5 5.250000e+06 1.000000 7.170698e+01 2.201103e-02
   6    6 4.375000e+05 1.000000 4.375000e+05 0.000000e+00
   7    2 2.419200e+06 1.000000 4.802224e-22 3.152359e-01
   7    3 4.082400e+07 1.000000 1.526971e-13 3.011285e-01
   7    4 8.820000e+07 1.000000 1.286892e-07 1.075256e-01
   7    5 5.250000e+07 1.000000 9.723685e-03 4.684684e-02
   7    6 1.050000e+07 1.000000 1.509473e+02 2.113187e-02
   7    7 6.250000e+05 1.000000 6.250000e+05 0.000000e+00
   8    2 9.072000e+05 1.000000 8.356085e-29 2.403380e-01
   8    3 4.233600e+07 1.000000 4.666661e-19 3.014315e-01
   8    4 1.688400e+08 1.000000 1.827736e-12 2.669190e-01
   8    5 1.732500e+08 1.000000 3.010725e-07 1.046861e-01
   8    6 6.300000e+07 1.000000 1.060702e-02 4.787880e-02
   8    7 8.750000e+06 1.000000 1.212578e+02 2.171092e-02
   8    8 3.906250e+05 1.000000 3.906250e+05 0.000000e+00
