   B    M       Omega0    psiMB          ZMB         ZSEM
   1    1 1.600000e+01 1.000000 1.600000e+01 0.000000e+00
   2    1 5.600000e+01 1.000000 5.550478e-05 1.608146e-02
   2    2 1.120000e+02 1.000000 1.120000e+02 0.000000e+00
   3    2 6.720000e+02 1.000000 6.688051e-04 1.602281e-02
   3    3 4.480000e+02 1.000000 4.480000e+02 0.000000e+00
   4    2 8.400000e+02 1.000000 8.707607e-10 2.822304e-02
   4    3 3.360000e+03 1.000000 3.218808e-03 1.656785e-02
   4    4 1.120000e+03 1.000000 1.120000e+03 0.000000e+00
   5    3 6.720000e+03 1.000000 7.084156e-09 2.792722e-02
   5    4 8.960000e+03 1.000000 8.607943e-03 1.652709e-02
   5    5 1.792000e+03 1.000000 1.792000e+03 0.000000e+00
   6    3 3.360000e+03 1.000000 3.993806e-15 4.213373e-02
   6    4 2.016000e+04 1.000000 2.091900e-08 2.820560e-02
   6    5 1.344000e+04 1.000000 1.267974e-02 1.678716e-02
   6    6 1.792000e+03 1.000000 1.792000e+03 0.000000e+00
   7    4 1.344000e+04 1.000000 1.581740e-14 4.236692e-02
   7    5 2.688000e+04 1.000000 2.883604e-08 2.762205e-02
   7    6 1.075200e+04 1.000000 1.063241e-02 1.611440e-02
   7    7 1.024000e+03 1.000000 1.024000e+03 0.000000e+00
   8    4 1.680000e+03 1.000000 3.891016e-21 4.588015e-02
   8    5 1.344000e+04 1.000000 1.625951e-14 4.172166e-02
   8    6 1.344000e+04 1.000000 1.398763e-08 2.815307e-02
   8    7 3.584000e+03 1.000000 3.421955e-03 1.661580e-02
   8    8 2.560000e+02 1.000000 2.560000e+02 0.000000e+00
