   B    M       Omega0    psiMB          ZMB         ZSEM
   1    1 4.000000e+01 1.000000 4.000000e+01 0.000000e+00
   2    1 5.600000e+02 1.000000 1.578439e-02 1.950756e-02
   2    2 7.000000e+02 1.000000 7.000000e+02 0.000000e+00
   3    1 3.360000e+03 1.000000 6.317169e-07 5.754131e-02
   3    2 1.680000e+04 1.000000 4.718468e-01 1.957016e-02
   3    3 7.000000e+03 1.000000 7.000000e+03 0.000000e+00
   4    1 8.400000e+03 1.000000 2.111598e-12 6.419954e-02
   4    2 1.680000e+05 1.000000 8.809264e-05 4.586147e-02
   4    3 2.100000e+05 1.000000 5.847582e+00 1.951502e-02
   4    4 4.375000e+04 1.000000 4.375000e+04 0.000000e+00
   5    1 6.720000e+03 1.000000 9.051584e-19 9.749497e-02
   5    2 8.400000e+05 1.000000 4.522219e-09 9.869971e-02
   5    3 2.520000e+06 1.000000 1.678401e-03 4.331175e-02
   5    4 1.400000e+06 1.000000 3.880896e+01 1.968707e-02
   5    5 1.750000e+05 1.000000 1.750000e+05 0.000000e+00
   6    2 2.116800e+06 1.000000 3.162057e-14 1.520125e-01
   6    3 1.470000e+07 1.000000 1.602657e-07 9.904583e-02
   6    4 1.680000e+07 1.000000 1.166595e-02 4.178372e-02
   6    5 5.250000e+06 1.000000 1.507537e+02 1.933569e-02
   6    6 4.375000e+05 1.000000 4.375000e+05 0.000000e+00
   7    2 2.419200e+06 1.000000 1.771972e-19 2.410650e-01
   7    3 4.082400e+07 1.000000 3.973059e-12 1.666090e-01
   7    4 8.820000e+07 1.000000 1.414400e-06 8.176893e-02
   7    5 5.250000e+07 1.000000 3.869039e-02 4.037293e-02
   7    6 1.050000e+07 1.000000 2.866226e+02 1.985103e-02
   7    7 6.250000e+05 1.000000 6.250000e+05 0.000000e+00
   8    2 9.072000e+05 1.000000 8.848707e-26 2.351954e-01
   8    3 4.233600e+07 1.000000 2.498019e-17 1.851220e-01
   8    4 1.688400e+08 1.000000 3.070806e-11 2.026261e-01
   8    5 1.732500e+08 1.000000 2.664967e-06 8.536411e-02
   8    6 6.300000e+07 1.000000 4.369406e-02 4.072717e-02
   8    7 8.750000e+06 1.000000 2.428567e+02 1.962087e-02
   8    8 3.906250e+05 1.000000 3.906250e+05 0.000000e+00
