   B    M       Omega0    psiMB          ZMB         ZSEM
   1    1 3.200000e+01 1.000000 3.200000e+01 0.000000e+00
   2    1 3.360000e+02 1.000000 7.317513e-03 2.179051e-02
   2    2 4.480000e+02 1.000000 4.480000e+02 0.000000e+00
   3    1 1.344000e+03 1.000000 6.635209e-08 4.292321e-02
   3    2 8.064000e+03 1.000000 1.758284e-01 2.175824e-02
   3    3 3.584000e+03 1.000000 3.584000e+03 0.000000e+00
   4    1 1.680000e+03 1.000000 5.276157e-14 5.822107e-02
   4    2 5.712000e+04 1.000000 1.640742e-05 5.869036e-02
   4    3 8.064000e+04 1.000000 1.723107e+00 2.204569e-02
   4    4 1.792000e+04 1.000000 1.792000e+04 0.000000e+00
   5    2 1.881600e+05 1.000000 1.880248e-10 8.223848e-02
   5    3 6.988800e+05 1.000000 2.479168e-04 5.248372e-02
   5    4 4.300800e+05 1.000000 9.005552e+00 2.228737e-02
   5    5 5.734400e+04 1.000000 5.734400e+04 0.000000e+00
   6    2 2.822400e+05 1.000000 5.347177e-16 1.405697e-01
   6    3 2.822400e+06 1.000000 1.026280e-08 1.389359e-01
   6    4 3.763200e+06 1.000000 1.310768e-03 5.251597e-02
   6    5 1.290240e+06 1.000000 2.738062e+01 2.218295e-02
   6    6 1.146880e+05 1.000000 1.146880e+05 0.000000e+00
   7    2 1.612800e+05 1.000000 4.689155e-22 1.409080e-01
   7    3 5.160960e+06 1.000000 1.116451e-13 1.620945e-01
   7    4 1.397760e+07 1.000000 7.806169e-08 1.120182e-01
   7    5 9.461760e+06 1.000000 3.899594e-03 4.885491e-02
   7    6 2.064384e+06 1.000000 4.303716e+01 2.224273e-02
   7    7 1.310720e+05 1.000000 1.310720e+05 0.000000e+00
   8    2 2.016000e+04 1.000000 7.742097e-29 1.281040e-01
   8    3 3.306240e+06 1.000000 2.007052e-19 2.168630e-01
   8    4 1.830528e+07 1.000000 1.270343e-12 2.308861e-01
   8    5 2.236416e+07 1.000000 1.795227e-07 1.069162e-01
   8    6 9.117696e+06 1.000000 3.585488e-03 5.008838e-02
   8    7 1.376256e+06 1.000000 2.892324e+01 2.202678e-02
   8    8 6.553600e+04 1.000000 6.553600e+04 0.000000e+00
