   B    M       Omega0    psiMB          ZMB         ZSEM
   1    1 1.600000e+01 1.000000 1.600000e+01 0.000000e+00
   2    1 5.600000e+01 1.000000 2.075708e-02 1.542700e-02
   2    2 1.120000e+02 1.000000 1.120000e+02 0.000000e+00
   3    2 6.720000e+02 1.000000 2.584033e-01 1.494142e-02
   3    3 4.480000e+02 1.000000 4.480000e+02 0.000000e+00
   4    2 8.400000e+02 1.000000 1.285981e-04 2.596090e-02
   4    3 3.360000e+03 1.000000 1.257947e+00 1.529747e-02
   4    4 1.120000e+03 1.000000 1.120000e+03 0.000000e+00
   5    3 6.720000e+03 1.000000 1.041881e-03 2.572231e-02
   5    4 8.960000e+03 1.000000 3.329595e+00 1.540162e-02
   5    5 1.792000e+03 1.000000 1.792000e+03 0.000000e+00
   6    3 3.360000e+03 1.000000 2.304604e-07 3.780482e-02
   6    4 2.016000e+04 1.000000 3.403100e-03 2.445830e-02
   6    5 1.344000e+04 1.000000 4.943421e+00 1.553714e-02
   6    6 1.792000e+03 1.000000 1.792000e+03 0.000000e+00
   7    4 1.344000e+04 1.000000 9.288152e-07 3.768504e-02
   7    5 2.688000e+04 1.000000 4.105857e-03 2.598652e-02
   7    6 1.075200e+04 1.000000 4.047608e+00 1.522803e-02
   7    7 1.024000e+03 1.000000 1.024000e+03 0.000000e+00
   8    4 1.680000e+03 1.000000 7.714499e-11 4.494755e-02
   8    5 1.344000e+04 1.000000 9.596515e-07 3.708634e-02
   8    6 1.344000e+04 1.000000 2.098079e-03 2.562515e-02
   8    7 3.584000e+03 1.000000 1.378318e+00 1.495048e-02
   8    8 2.560000e+02 1.000000 2.560000e+02 0.000000e+00
