   B    M       Omega0    psiMB          ZMB         ZSEM
   1    1 4.000000e+01 1.000000 4.000000e+01 0.000000e+00
   2    1 5.600000e+02 1.000000 2.086353e-02 1.846025e-02
   2    2 7.000000e+02 1.000000 7.000000e+02 0.000000e+00
   3    1 3.360000e+03 1.000000 1.189532e-06 5.146382e-02
   3    2 1.680000e+04 1.000000 6.334333e-01 1.829233e-02
   3    3 7.000000e+03 1.000000 7.000000e+03 0.000000e+00
   4    1 8.400000e+03 1.000000 7.335020e-12 6.293310e-02
   4    2 1.680000e+05 1.000000 1.425883e-04 4.415658e-02
   4    3 2.100000e+05 1.000000 7.635721e+00 1.872114e-02
   4    4 4.375000e+04 1.000000 4.375000e+04 0.000000e+00
   5    1 6.720000e+03 1.000000 7.002711e-18 9.072072e-02
   5    2 8.400000e+05 1.000000 8.751932e-09 9.410274e-02
   5    3 2.520000e+06 1.000000 2.518248e-03 4.083954e-02
   5    4 1.400000e+06 1.000000 5.049689e+01 1.879387e-02
   5    5 1.750000e+05 1.000000 1.750000e+05 0.000000e+00
   6    2 2.116800e+06 1.000000 2.143380e-13 2.240408e-01
   6    3 1.470000e+07 1.000000 3.734748e-07 8.281953e-02
   6    4 1.680000e+07 1.000000 1.915894e-02 3.930484e-02
   6    5 5.250000e+06 1.000000 1.873600e+02 1.886501e-02
   6    6 4.375000e+05 1.000000 4.375000e+05 0.000000e+00
   7    2 2.419200e+06 1.000000 1.080966e-18 2.014604e-01
   7    3 4.082400e+07 1.000000 1.910707e-11 1.505796e-01
   7    4 8.820000e+07 1.000000 2.787242e-06 7.572757e-02
   7    5 5.250000e+07 1.000000 6.749249e-02 3.697597e-02
   7    6 1.050000e+07 1.000000 3.783265e+02 1.881076e-02
   7    7 6.250000e+05 1.000000 6.250000e+05 0.000000e+00
   8    2 9.072000e+05 1.000000 1.324184e-24 2.195663e-01
   8    3 4.233600e+07 1.000000 1.653017e-16 2.284536e-01
   8    4 1.688400e+08 1.000000 1.126451e-10 1.651964e-01
   8    5 1.732500e+08 1.000000 5.461594e-06 7.321851e-02
   8    6 6.300000e+07 1.000000 8.069297e-02 3.732658e-02
   8    7 8.750000e+06 1.000000 3.196448e+02 1.870032e-02
   8    8 3.906250e+05 1.000000 3.906250e+05 0.000000e+00
