   B    M       Omega0    psiMB          ZMB         ZSEM
   1    1 4.000000e+01 1.000000 4.000000e+01 0.000000e+00
   2    1 5.600000e+02 1.000000 1.523082e-02 2.749439e-02
   2    2 7.000000e+02 1.000000 7.000000e+02 0.000000e+00
   3    1 3.360000e+03 1.000000 6.650270e-07 7.309419e-02
   3    2 1.680000e+04 1.000000 4.730809e-01 2.676340e-02
   3    3 7.000000e+03 1.000000 7.000000e+03 0.000000e+00
   4    1 8.400000e+03 1.000000 2.547983e-12 1.006501e-01
   4    2 1.680000e+05 1.000000 8.138092e-05 6.300708e-02
   4    3 2.100000e+05 1.000000 5.650590e+00 2.743174e-02
   4    4 4.375000e+04 1.000000 4.375000e+04 0.000000e+00
   5    1 6.720000e+03 1.000000 1.242574e-18 1.375638e-01
   5    2 8.400000e+05 1.000000 4.402223e-09 1.263694e-01
   5    3 2.520000e+06 1.000000 1.549977e-03 5.862717e-02
   5    4 1.400000e+06 1.000000 4.048131e+01 2.667400e-02
   5    5 1.750000e+05 1.000000 1.750000e+05 0.000000e+00
   6    2 2.116800e+06 1.000000 5.538265e-14 1.787126e-01
   6    3 1.470000e+07 1.000000 1.444411e-07 1.216305e-01
   6    4 1.680000e+07 1.000000 1.116215e-02 5.793838e-02
   6    5 5.250000e+06 1.000000 1.504783e+02 2.662984e-02
   6    6 4.375000e+05 1.000000 4.375000e+05 0.000000e+00
   7    2 2.419200e+06 1.000000 1.590208e-19 2.471037e-01
   7    3 4.082400e+07 1.000000 5.996178e-12 2.194493e-01
   7    4 8.820000e+07 1.000000 1.229997e-06 1.139550e-01
   7    5 5.250000e+07 1.000000 3.929209e-02 5.454848e-02
   7    6 1.050000e+07 1.000000 2.952738e+02 2.703135e-02
   7    7 6.250000e+05 1.000000 6.250000e+05 0.000000e+00
   8    2 9.072000e+05 1.000000 1.354736e-25 3.778500e-01
   8    3 4.233600e+07 1.000000 3.943101e-17 3.115364e-01
   8    4 1.688400e+08 1.000000 4.111318e-11 2.171186e-01
   8    5 1.732500e+08 1.000000 2.600347e-06 1.045822e-01
   8    6 6.300000e+07 1.000000 4.706563e-02 5.380592e-02
   8    7 8.750000e+06 1.000000 2.263361e+02 2.820523e-02
   8    8 3.906250e+05 1.000000 3.906250e+05 0.000000e+00
