   B    M       Omega0    psiMB          ZMB         ZSEM
   1    1 2.400000e+01 1.000000 2.400000e+01 0.000000e+00
   2    1 1.680000e+02 1.000000 2.605210e-02 1.611773e-02
   2    2 2.520000e+02 1.000000 2.520000e+02 0.000000e+00
   3    1 3.360000e+02 1.000000 2.516593e-06 3.323122e-02
   3    2 3.024000e+03 1.000000 4.660788e-01 1.625029e-02
   3    3 1.512000e+03 1.000000 1.512000e+03 0.000000e+00
   4    2 1.260000e+04 1.000000 2.185004e-04 3.289615e-02
   4    3 2.268000e+04 1.000000 3.532412e+00 1.612826e-02
   4    4 5.670000e+03 1.000000 5.670000e+03 0.000000e+00
   5    2 2.016000e+04 1.000000 2.738597e-08 4.973487e-02
   5    3 1.209600e+05 1.000000 2.463051e-03 3.145898e-02
   5    4 9.072000e+04 1.000000 1.369687e+01 1.652554e-02
   5    5 1.360800e+04 1.000000 1.360800e+04 0.000000e+00
   6    2 1.008000e+04 1.000000 8.928977e-13 7.280143e-02
   6    3 2.721600e+05 1.000000 5.782330e-07 5.166820e-02
   6    4 4.989600e+05 1.000000 1.095949e-02 3.124707e-02
   6    5 2.041200e+05 1.000000 3.197871e+01 1.609513e-02
   6    6 2.041200e+04 1.000000 2.041200e+04 0.000000e+00
   7    3 2.419200e+05 1.000000 5.311460e-11 7.526831e-02
   7    4 1.088640e+06 1.000000 2.712392e-06 5.394886e-02
   7    5 9.525600e+05 1.000000 2.161607e-02 3.037889e-02
   7    6 2.449440e+05 1.000000 3.848164e+01 1.594200e-02
   7    7 1.749600e+04 1.000000 1.749600e+04 0.000000e+00
   8    3 6.048000e+04 1.000000 7.443672e-16 1.144565e-01
   8    4 7.711200e+05 1.000000 2.740887e-10 8.268566e-02
   8    5 1.360800e+06 1.000000 4.332262e-06 5.134857e-02
   8    6 6.940080e+05 1.000000 1.641654e-02 2.973752e-02
   8    7 1.224720e+05 1.000000 1.865487e+01 1.636018e-02
   8    8 6.561000e+03 1.000000 6.561000e+03 0.000000e+00
