   B    M       Omega0    psiMB          ZMB         ZSEM
   1    1 4.000000e+01 1.000000 4.000000e+01 0.000000e+00
   2    1 5.600000e+02 1.000000 1.146333e-01 1.331227e-02
   2    2 7.000000e+02 1.000000 7.000000e+02 0.000000e+00
   3    1 3.360000e+03 1.000000 7.373078e-05 2.916258e-02
   3    2 1.680000e+04 1.000000 3.403140e+00 1.351033e-02
   3    3 7.000000e+03 1.000000 7.000000e+03 0.000000e+00
   4    1 8.400000e+03 1.000000 1.181738e-08 5.047983e-02
   4    2 1.680000e+05 1.000000 5.471947e-03 2.580717e-02
   4    3 2.100000e+05 1.000000 4.248583e+01 1.330847e-02
   4    4 4.375000e+04 1.000000 4.375000e+04 0.000000e+00
   5    1 6.720000e+03 1.000000 4.000430e-13 8.814175e-02
   5    2 8.400000e+05 1.000000 3.347761e-06 4.441299e-02
   5    3 2.520000e+06 1.000000 9.221123e-02 2.436285e-02
   5    4 1.400000e+06 1.000000 2.787042e+02 1.363897e-02
   5    5 1.750000e+05 1.000000 1.750000e+05 0.000000e+00
   6    2 2.116800e+06 1.000000 1.033821e-09 7.435560e-02
   6    3 1.470000e+07 1.000000 7.893967e-05 4.189026e-02
   6    4 1.680000e+07 1.000000 6.381860e-01 2.363077e-02
   6    5 5.250000e+06 1.000000 1.074609e+03 1.336167e-02
   6    6 4.375000e+05 1.000000 4.375000e+05 0.000000e+00
   7    2 2.419200e+06 1.000000 1.140551e-13 1.035347e-01
   7    3 4.082400e+07 1.000000 3.378961e-08 6.138882e-02
   7    4 8.820000e+07 1.000000 5.817453e-04 3.933821e-02
   7    5 5.250000e+07 1.000000 1.990310e+00 2.408779e-02
   7    6 1.050000e+07 1.000000 2.104970e+03 1.349189e-02
   7    7 6.250000e+05 1.000000 6.250000e+05 0.000000e+00
   8    2 9.072000e+05 1.000000 3.473412e-18 1.484612e-01
   8    3 4.233600e+07 1.000000 5.042124e-12 9.193069e-02
   8    4 1.688400e+08 1.000000 1.855370e-07 5.788652e-02
   8    5 1.732500e+08 1.000000 1.308629e-03 3.720209e-02
   8    6 6.300000e+07 1.000000 2.424463e+00 2.359738e-02
   8    7 8.750000e+06 1.000000 1.767880e+03 1.338662e-02
   8    8 3.906250e+05 1.000000 3.906250e+05 0.000000e+00
