   B    M       Omega0    psiMB          ZMB         ZSEM
   1    1 4.000000e+01 1.000000 4.000000e+01 0.000000e+00
   2    1 5.600000e+02 1.000000 1.240383e-03 2.721912e-02
   2    2 7.000000e+02 1.000000 7.000000e+02 0.000000e+00
   3    1 3.360000e+03 1.000000 6.692967e-10 1.046491e-01
   3    2 1.680000e+04 1.000000 3.484454e-02 2.782072e-02
   3    3 7.000000e+03 1.000000 7.000000e+03 0.000000e+00
   4    1 8.400000e+03 1.000000 1.324592e-18 7.271467e-02
   4    2 1.680000e+05 1.000000 3.862764e-07 9.018146e-02
   4    3 2.100000e+05 1.000000 4.367326e-01 2.767241e-02
   4    4 4.375000e+04 1.000000 4.375000e+04 0.000000e+00
   5    1 6.720000e+03 1.000000 2.375303e-28 9.218835e-02
   5    2 8.400000e+05 1.000000 3.263692e-13 2.101994e-01
   5    3 2.520000e+06 1.000000 8.953642e-06 8.291409e-02
   5    4 1.400000e+06 1.000000 2.945311e+00 2.850107e-02
   5    5 1.750000e+05 1.000000 1.750000e+05 0.000000e+00
   6    2 2.116800e+06 1.000000 7.920298e-20 8.319862e-01
   6    3 1.470000e+07 1.000000 4.868845e-11 1.917181e-01
   6    4 1.680000e+07 1.000000 6.921749e-05 7.154775e-02
   6    5 5.250000e+06 1.000000 1.111306e+01 2.807554e-02
   6    6 4.375000e+05 1.000000 4.375000e+05 0.000000e+00
   7    2 2.419200e+06 1.000000 1.167733e-28 4.523539e-01
   7    3 4.082400e+07 1.000000 2.164606e-17 7.911476e-01
   7    4 8.820000e+07 1.000000 5.809028e-10 1.915906e-01
   7    5 5.250000e+07 1.000000 1.889524e-04 7.093076e-02
   7    6 1.050000e+07 1.000000 2.339901e+01 2.699216e-02
   7    7 6.250000e+05 1.000000 6.250000e+05 0.000000e+00
   8    2 9.072000e+05 1.000000 5.357997e-38 2.509182e-01
   8    3 4.233600e+07 1.000000 8.035640e-25 3.845990e-01
   8    4 1.688400e+08 1.000000 9.489070e-16 4.312689e-01
   8    5 1.732500e+08 1.000000 8.886050e-10 2.015836e-01
   8    6 6.300000e+07 1.000000 2.354508e-04 7.500508e-02
   8    7 8.750000e+06 1.000000 1.916768e+01 2.733285e-02
   8    8 3.906250e+05 1.000000 3.906250e+05 0.000000e+00
