   B    M       Omega0    psiMB          ZMB         ZSEM
   1    1 1.600000e+01 1.000000 1.600000e+01 0.000000e+00
   2    1 5.600000e+01 1.000000 1.997107e-04 1.623004e-02
   2    2 1.120000e+02 1.000000 1.120000e+02 0.000000e+00
   3    2 6.720000e+02 1.000000 2.396511e-03 1.623025e-02
   3    3 4.480000e+02 1.000000 4.480000e+02 0.000000e+00
   4    2 8.400000e+02 1.000000 1.112083e-08 2.883663e-02
   4    3 3.360000e+03 1.000000 1.168273e-02 1.659211e-02
   4    4 1.120000e+03 1.000000 1.120000e+03 0.000000e+00
   5    3 6.720000e+03 1.000000 9.328598e-08 2.799705e-02
   5    4 8.960000e+03 1.000000 3.180557e-02 1.629635e-02
   5    5 1.792000e+03 1.000000 1.792000e+03 0.000000e+00
   6    3 3.360000e+03 1.000000 1.879263e-13 4.264321e-02
   6    4 2.016000e+04 1.000000 2.790174e-07 2.805073e-02
   6    5 1.344000e+04 1.000000 4.790794e-02 1.623690e-02
   6    6 1.792000e+03 1.000000 1.792000e+03 0.000000e+00
   7    4 1.344000e+04 1.000000 7.395577e-13 4.302938e-02
   7    5 2.688000e+04 1.000000 3.661586e-07 2.832997e-02
   7    6 1.075200e+04 1.000000 3.816679e-02 1.629628e-02
   7    7 1.024000e+03 1.000000 1.024000e+03 0.000000e+00
   8    4 1.680000e+03 1.000000 6.704215e-19 4.629000e-02
   8    5 1.344000e+04 1.000000 8.108712e-13 4.088488e-02
   8    6 1.344000e+04 1.000000 1.895109e-07 2.772367e-02
   8    7 3.584000e+03 1.000000 1.251511e-02 1.653056e-02
   8    8 2.560000e+02 1.000000 2.560000e+02 0.000000e+00
