   B    M       Omega0    psiMB          ZMB         ZSEM
   1    1 2.400000e+01 1.000000 2.400000e+01 0.000000e+00
   2    1 1.680000e+02 1.000000 6.545638e-04 3.035253e-02
   2    2 2.520000e+02 1.000000 2.520000e+02 0.000000e+00
   3    1 3.360000e+02 1.000000 7.107649e-11 3.515911e-02
   3    2 3.024000e+03 1.000000 1.180811e-02 3.034701e-02
   3    3 1.512000e+03 1.000000 1.512000e+03 0.000000e+00
   4    2 1.260000e+04 1.000000 1.393579e-07 9.287331e-02
   4    3 2.268000e+04 1.000000 8.893813e-02 3.031843e-02
   4    4 5.670000e+03 1.000000 5.670000e+03 0.000000e+00
   5    2 2.016000e+04 1.000000 2.081841e-14 7.896960e-02
   5    3 1.209600e+05 1.000000 1.323941e-06 9.072925e-02
   5    4 9.072000e+04 1.000000 3.560612e-01 3.031059e-02
   5    5 1.360800e+04 1.000000 1.360800e+04 0.000000e+00
   6    2 1.008000e+04 1.000000 6.842881e-22 8.122082e-02
   6    3 2.721600e+05 1.000000 5.413640e-12 2.996539e-01
   6    4 4.989600e+05 1.000000 7.413045e-06 8.005683e-02
   6    5 2.041200e+05 1.000000 7.919282e-01 3.040473e-02
   6    6 2.041200e+04 1.000000 2.041200e+04 0.000000e+00
   7    3 2.419200e+05 1.000000 6.588925e-19 2.235336e-01
   7    4 1.088640e+06 1.000000 5.780558e-11 2.082807e-01
   7    5 9.525600e+05 1.000000 1.392619e-05 8.015994e-02
   7    6 2.449440e+05 1.000000 9.199149e-01 3.096804e-02
   7    7 1.749600e+04 1.000000 1.749600e+04 0.000000e+00
   8    3 6.048000e+04 1.000000 1.970578e-26 1.769311e-01
   8    4 7.711200e+05 1.000000 8.664202e-17 6.496928e-01
   8    5 1.360800e+06 1.000000 9.302372e-11 1.881234e-01
   8    6 6.940080e+05 1.000000 1.038860e-05 7.828736e-02
   8    7 1.224720e+05 1.000000 4.805255e-01 3.024879e-02
   8    8 6.561000e+03 1.000000 6.561000e+03 0.000000e+00
