   B    M       Omega0    psiMB          ZMB         ZSEM
   1    1 4.000000e+01 1.000000 4.000000e+01 0.000000e+00
   2    1 5.600000e+02 1.000000 2.962394e-01 1.155497e-02
   2    2 7.000000e+02 1.000000 7.000000e+02 0.000000e+00
   3    1 3.360000e+03 1.000000 7.059441e-04 2.312634e-02
   3    2 1.680000e+04 1.000000 8.825027e+00 1.157663e-02
   3    3 7.000000e+03 1.000000 7.000000e+03 0.000000e+00
   4    1 8.400000e+03 1.000000 5.257650e-07 4.231682e-02
   4    2 1.680000e+05 1.000000 4.147238e-02 2.072805e-02
   4    3 2.100000e+05 1.000000 1.121321e+02 1.138016e-02
   4    4 4.375000e+04 1.000000 4.375000e+04 0.000000e+00
   5    1 6.720000e+03 1.000000 9.511930e-11 7.422809e-02
   5    2 8.400000e+05 1.000000 8.948970e-05 3.259989e-02
   5    3 2.520000e+06 1.000000 6.692467e-01 1.974043e-02
   5    4 1.400000e+06 1.000000 7.372135e+02 1.151875e-02
   5    5 1.750000e+05 1.000000 1.750000e+05 0.000000e+00
   6    2 2.116800e+06 1.000000 9.956860e-08 4.960377e-02
   6    3 1.470000e+07 1.000000 1.820767e-03 3.072207e-02
   6    4 1.680000e+07 1.000000 4.472466e+00 1.972273e-02
   6    5 5.250000e+06 1.000000 2.697570e+03 1.187167e-02
   6    6 4.375000e+05 1.000000 4.375000e+05 0.000000e+00
   7    2 2.419200e+06 1.000000 3.974497e-11 7.712225e-02
   7    3 4.082400e+07 1.000000 2.438899e-06 4.478440e-02
   7    4 8.820000e+07 1.000000 1.222140e-02 2.938683e-02
   7    5 5.250000e+07 1.000000 1.384890e+01 1.956474e-02
   7    6 1.050000e+07 1.000000 5.535755e+03 1.145338e-02
   7    7 6.250000e+05 1.000000 6.250000e+05 0.000000e+00
   8    2 9.072000e+05 1.000000 4.984181e-15 1.232702e-01
   8    3 4.233600e+07 1.000000 1.098132e-09 6.257747e-02
   8    4 1.688400e+08 1.000000 1.205908e-05 4.328889e-02
   8    5 1.732500e+08 1.000000 2.431684e-02 2.888946e-02
   8    6 6.300000e+07 1.000000 1.776772e+01 1.894506e-02
   8    7 8.750000e+06 1.000000 4.660316e+03 1.151142e-02
   8    8 3.906250e+05 1.000000 3.906250e+05 0.000000e+00
