   B    M       Omega0    psiMB          ZMB         ZSEM
   1    1 3.200000e+01 1.000000 3.200000e+01 0.000000e+00
   2    1 3.360000e+02 1.000000 4.723148e-03 3.310073e-02
   2    2 4.480000e+02 1.000000 4.480000e+02 0.000000e+00
   3    1 1.344000e+03 1.000000 2.049530e-08 6.230493e-02
   3    2 8.064000e+03 1.000000 1.127158e-01 3.280211e-02
   3    3 3.584000e+03 1.000000 3.584000e+03 0.000000e+00
   4    1 1.680000e+03 1.000000 5.778380e-15 8.081028e-02
   4    2 5.712000e+04 1.000000 7.639944e-06 9.136367e-02
   4    3 8.064000e+04 1.000000 1.090689e+00 3.355308e-02
   4    4 1.792000e+04 1.000000 1.792000e+04 0.000000e+00
   5    2 1.881600e+05 1.000000 4.445932e-11 1.184033e-01
   5    3 6.988800e+05 1.000000 1.108262e-04 8.103619e-02
   5    4 4.300800e+05 1.000000 5.604254e+00 3.422351e-02
   5    5 5.734400e+04 1.000000 5.734400e+04 0.000000e+00
   6    2 2.822400e+05 1.000000 4.670663e-17 2.201101e-01
   6    3 2.822400e+06 1.000000 1.860076e-09 2.507759e-01
   6    4 3.763200e+06 1.000000 7.162849e-04 7.595713e-02
   6    5 1.290240e+06 1.000000 1.725599e+01 3.414357e-02
   6    6 1.146880e+05 1.000000 1.146880e+05 0.000000e+00
   7    2 1.612800e+05 1.000000 1.401370e-23 2.130796e-01
   7    3 5.160960e+06 1.000000 7.678278e-15 3.423762e-01
   7    4 1.397760e+07 1.000000 2.766451e-08 1.918377e-01
   7    5 9.461760e+06 1.000000 1.637228e-03 7.749786e-02
   7    6 2.064384e+06 1.000000 2.863880e+01 3.362843e-02
   7    7 1.310720e+05 1.000000 1.310720e+05 0.000000e+00
   8    2 2.016000e+04 1.000000 8.037880e-31 1.877786e-01
   8    3 3.306240e+06 1.000000 3.658614e-21 2.030076e-01
   8    4 1.830528e+07 1.000000 2.641038e-13 5.473095e-01
   8    5 2.236416e+07 1.000000 3.759699e-08 1.674860e-01
   8    6 9.117696e+06 1.000000 1.528549e-03 7.719278e-02
   8    7 1.376256e+06 1.000000 1.865969e+01 3.307575e-02
   8    8 6.553600e+04 1.000000 6.553600e+04 0.000000e+00
