   B    M       Omega0    psiMB          ZMB         ZSEM
   1    1 2.400000e+01 1.000000 2.400000e+01 0.000000e+00
   2    1 1.680000e+02 1.000000 7.968866e-02 1.348366e-02
   2    2 2.520000e+02 1.000000 2.520000e+02 0.000000e+00
   3    1 3.360000e+02 1.000000 3.870956e-05 3.010245e-02
   3    2 3.024000e+03 1.000000 1.399936e+00 1.390322e-02
   3    3 1.512000e+03 1.000000 1.512000e+03 0.000000e+00
   4    2 1.260000e+04 1.000000 2.373813e-03 2.546728e-02
   4    3 2.268000e+04 1.000000 1.079970e+01 1.350676e-02
   4    4 5.670000e+03 1.000000 5.670000e+03 0.000000e+00
   5    2 2.016000e+04 1.000000 1.254648e-06 4.137375e-02
   5    3 1.209600e+05 1.000000 2.518660e-02 2.427922e-02
   5    4 9.072000e+04 1.000000 4.226624e+01 1.386573e-02
   5    5 1.360800e+04 1.000000 1.360800e+04 0.000000e+00
   6    2 1.008000e+04 1.000000 1.738797e-10 6.837961e-02
   6    3 2.721600e+05 1.000000 2.203448e-05 3.966763e-02
   6    4 4.989600e+05 1.000000 1.016431e-01 2.445543e-02
   6    5 2.041200e+05 1.000000 9.763199e+01 1.355784e-02
   6    6 2.041200e+04 1.000000 2.041200e+04 0.000000e+00
   7    3 2.419200e+05 1.000000 7.111568e-09 5.938260e-02
   7    4 1.088640e+06 1.000000 9.990077e-05 3.730474e-02
   7    5 9.525600e+05 1.000000 2.070750e-01 2.379579e-02
   7    6 2.449440e+05 1.000000 1.138787e+02 1.381570e-02
   7    7 1.749600e+04 1.000000 1.749600e+04 0.000000e+00
   8    3 6.048000e+04 1.000000 5.597951e-13 8.925701e-02
   8    4 7.711200e+05 1.000000 2.852740e-08 5.847028e-02
   8    5 1.360800e+06 1.000000 1.402681e-04 3.635763e-02
   8    6 6.940080e+05 1.000000 1.523756e-01 2.375614e-02
   8    7 1.224720e+05 1.000000 5.829737e+01 1.358264e-02
   8    8 6.561000e+03 1.000000 6.561000e+03 0.000000e+00
