   B    M       Omega0    psiMB          ZMB         ZSEM
   1    1 4.000000e+01 1.000000 4.000000e+01 0.000000e+00
   2    1 5.600000e+02 1.000000 1.012401e-02 2.074491e-02
   2    2 7.000000e+02 1.000000 7.000000e+02 0.000000e+00
   3    1 3.360000e+03 1.000000 1.858492e-07 6.804173e-02
   3    2 1.680000e+04 1.000000 3.066352e-01 2.072342e-02
   3    3 7.000000e+03 1.000000 7.000000e+03 0.000000e+00
   4    1 8.400000e+03 1.000000 2.055561e-13 7.119392e-02
   4    2 1.680000e+05 1.000000 3.239862e-05 5.421765e-02
   4    3 2.100000e+05 1.000000 3.863261e+00 2.065838e-02
   4    4 4.375000e+04 1.000000 4.375000e+04 0.000000e+00
   5    1 6.720000e+03 1.000000 3.264369e-20 9.680707e-02
   5    2 8.400000e+05 1.000000 9.023663e-10 1.292130e-01
   5    3 2.520000e+06 1.000000 6.061774e-04 5.099235e-02
   5    4 1.400000e+06 1.000000 2.520861e+01 2.106016e-02
   5    5 1.750000e+05 1.000000 1.750000e+05 0.000000e+00
   6    2 2.116800e+06 1.000000 7.192280e-15 4.076570e-01
   6    3 1.470000e+07 1.000000 3.105605e-08 1.120603e-01
   6    4 1.680000e+07 1.000000 4.721907e-03 4.678243e-02
   6    5 5.250000e+06 1.000000 9.408226e+01 2.111916e-02
   6    6 4.375000e+05 1.000000 4.375000e+05 0.000000e+00
   7    2 2.419200e+06 1.000000 5.894317e-21 2.941559e-01
   7    3 4.082400e+07 1.000000 5.192309e-13 2.090604e-01
   7    4 8.820000e+07 1.000000 3.020767e-07 1.001936e-01
   7    5 5.250000e+07 1.000000 1.405959e-02 4.671223e-02
   7    6 1.050000e+07 1.000000 1.882325e+02 2.100468e-02
   7    7 6.250000e+05 1.000000 6.250000e+05 0.000000e+00
   8    2 9.072000e+05 1.000000 1.381232e-27 2.430096e-01
   8    3 4.233600e+07 1.000000 1.187613e-18 2.795965e-01
   8    4 1.688400e+08 1.000000 4.421883e-12 2.537817e-01
   8    5 1.732500e+08 1.000000 6.983949e-07 8.927626e-02
   8    6 6.300000e+07 1.000000 1.876874e-02 4.438402e-02
   8    7 8.750000e+06 1.000000 1.546439e+02 2.127038e-02
   8    8 3.906250e+05 1.000000 3.906250e+05 0.000000e+00
