   B    M       Omega0    psiMB          ZMB         ZSEM
   1    1 2.400000e+01 1.000000 2.400000e+01 0.000000e+00
   2    1 1.680000e+02 1.000000 2.534627e-03 2.528245e-02
   2    2 2.520000e+02 1.000000 2.520000e+02 0.000000e+00
   3    1 3.360000e+02 1.000000 4.555927e-09 3.476950e-02
   3    2 3.024000e+03 1.000000 4.235102e-02 2.605720e-02
   3    3 1.512000e+03 1.000000 1.512000e+03 0.000000e+00
   4    2 1.260000e+04 1.000000 1.728223e-06 7.001003e-02
   4    3 2.268000e+04 1.000000 3.454565e-01 2.527134e-02
   4    4 5.670000e+03 1.000000 5.670000e+03 0.000000e+00
   5    2 2.016000e+04 1.000000 4.737898e-12 7.043563e-02
   5    3 1.209600e+05 1.000000 2.157051e-05 6.443108e-02
   5    4 9.072000e+04 1.000000 1.370735e+00 2.517637e-02
   5    5 1.360800e+04 1.000000 1.360800e+04 0.000000e+00
   6    2 1.008000e+04 1.000000 2.729467e-18 8.090338e-02
   6    3 2.721600e+05 1.000000 4.073447e-10 1.718275e-01
   6    4 4.989600e+05 1.000000 9.927610e-05 6.128450e-02
   6    5 2.041200e+05 1.000000 2.946641e+00 2.585200e-02
   6    6 2.041200e+04 1.000000 2.041200e+04 0.000000e+00
   7    3 2.419200e+05 1.000000 7.976445e-16 1.499937e-01
   7    4 1.088640e+06 1.000000 2.247130e-09 1.516209e-01
   7    5 9.525600e+05 1.000000 1.825265e-04 6.045832e-02
   7    6 2.449440e+05 1.000000 3.716994e+00 2.514533e-02
   7    7 1.749600e+04 1.000000 1.749600e+04 0.000000e+00
   8    3 6.048000e+04 1.000000 2.446737e-22 1.668987e-01
   8    4 7.711200e+05 1.000000 2.942409e-14 3.649943e-01
   8    5 1.360800e+06 1.000000 3.713812e-09 1.490779e-01
   8    6 6.940080e+05 1.000000 1.457643e-04 5.977077e-02
   8    7 1.224720e+05 1.000000 1.844217e+00 2.526452e-02
   8    8 6.561000e+03 1.000000 6.561000e+03 0.000000e+00
