   B    M       Omega0    psiMB          ZMB         ZSEM
   1    1 4.000000e+01 1.000000 4.000000e+01 0.000000e+00
   2    1 5.600000e+02 1.000000 6.169042e-02 1.490531e-02
   2    2 7.000000e+02 1.000000 7.000000e+02 0.000000e+00
   3    1 3.360000e+03 1.000000 1.641318e-05 3.497914e-02
   3    2 1.680000e+04 1.000000 1.754602e+00 1.533201e-02
   3    3 7.000000e+03 1.000000 7.000000e+03 0.000000e+00
   4    1 8.400000e+03 1.000000 8.739502e-10 5.392683e-02
   4    2 1.680000e+05 1.000000 1.385596e-03 3.093493e-02
   4    3 2.100000e+05 1.000000 2.187281e+01 1.537991e-02
   4    4 4.375000e+04 1.000000 4.375000e+04 0.000000e+00
   5    1 6.720000e+03 1.000000 7.889986e-15 9.006683e-02
   5    2 8.400000e+05 1.000000 3.347177e-07 5.615582e-02
   5    3 2.520000e+06 1.000000 2.335175e-02 2.936196e-02
   5    4 1.400000e+06 1.000000 1.495980e+02 1.518459e-02
   5    5 1.750000e+05 1.000000 1.750000e+05 0.000000e+00
   6    2 2.116800e+06 1.000000 3.730744e-11 1.028131e-01
   6    3 1.470000e+07 1.000000 8.924916e-06 5.163956e-02
   6    4 1.680000e+07 1.000000 1.693949e-01 2.871052e-02
   6    5 5.250000e+06 1.000000 5.520764e+02 1.531750e-02
   6    6 4.375000e+05 1.000000 4.375000e+05 0.000000e+00
   7    2 2.419200e+06 1.000000 1.799759e-15 1.412009e-01
   7    3 4.082400e+07 1.000000 1.523367e-09 9.432000e-02
   7    4 8.820000e+07 1.000000 7.446737e-05 4.973928e-02
   7    5 5.250000e+07 1.000000 5.482133e-01 2.860908e-02
   7    6 1.050000e+07 1.000000 1.086535e+03 1.544190e-02
   7    7 6.250000e+05 1.000000 6.250000e+05 0.000000e+00
   8    2 9.072000e+05 1.000000 1.755773e-20 1.673076e-01
   8    3 4.233600e+07 1.000000 9.434518e-14 1.249364e-01
   8    4 1.688400e+08 1.000000 1.165236e-08 8.860464e-02
   8    5 1.732500e+08 1.000000 1.485461e-04 4.995365e-02
   8    6 6.300000e+07 1.000000 6.727629e-01 2.792686e-02
   8    7 8.750000e+06 1.000000 9.291468e+02 1.529862e-02
   8    8 3.906250e+05 1.000000 3.906250e+05 0.000000e+00
