   B    M       Omega0    psiMB          ZMB         ZSEM
   1    1 1.600000e+01 1.000000 1.600000e+01 0.000000e+00
   2    1 5.600000e+01 1.000000 2.152475e-04 1.637486e-02
   2    2 1.120000e+02 1.000000 1.120000e+02 0.000000e+00
   3    2 6.720000e+02 1.000000 2.567233e-03 1.646223e-02
   3    3 4.480000e+02 1.000000 4.480000e+02 0.000000e+00
   4    2 8.400000e+02 1.000000 1.354009e-08 2.836196e-02
   4    3 3.360000e+03 1.000000 1.310856e-02 1.616226e-02
   4    4 1.120000e+03 1.000000 1.120000e+03 0.000000e+00
   5    3 6.720000e+03 1.000000 1.137611e-07 2.750421e-02
   5    4 8.960000e+03 1.000000 3.364984e-02 1.670644e-02
   5    5 1.792000e+03 1.000000 1.792000e+03 0.000000e+00
   6    3 3.360000e+03 1.000000 2.504653e-13 4.189207e-02
   6    4 2.016000e+04 1.000000 3.204000e-07 2.861193e-02
   6    5 1.344000e+04 1.000000 5.151466e-02 1.641482e-02
   6    6 1.792000e+03 1.000000 1.792000e+03 0.000000e+00
   7    4 1.344000e+04 1.000000 1.019486e-12 4.148795e-02
   7    5 2.688000e+04 1.000000 4.459036e-07 2.785756e-02
   7    6 1.075200e+04 1.000000 4.217915e-02 1.608390e-02
   7    7 1.024000e+03 1.000000 1.024000e+03 0.000000e+00
   8    4 1.680000e+03 1.000000 9.467625e-19 4.617184e-02
   8    5 1.344000e+04 1.000000 1.060697e-12 4.057918e-02
   8    6 1.344000e+04 1.000000 1.996502e-07 2.982862e-02
   8    7 3.584000e+03 1.000000 1.402767e-02 1.611620e-02
   8    8 2.560000e+02 1.000000 2.560000e+02 0.000000e+00
